[2024-07-06T20:18:43.618+0000] {local_task_job_runner.py:120} INFO - ::group::Pre task execution logs
[2024-07-06T20:18:43.645+0000] {taskinstance.py:2076} INFO - Dependencies all met for dep_context=non-requeueable deps ti=<TaskInstance: exchange_rate_dag.fetch_and_store_exchange_rates manual__2024-07-06T20:18:10.253243+00:00 [queued]>
[2024-07-06T20:18:43.655+0000] {taskinstance.py:2076} INFO - Dependencies all met for dep_context=requeueable deps ti=<TaskInstance: exchange_rate_dag.fetch_and_store_exchange_rates manual__2024-07-06T20:18:10.253243+00:00 [queued]>
[2024-07-06T20:18:43.656+0000] {taskinstance.py:2306} INFO - Starting attempt 1 of 2
[2024-07-06T20:18:43.672+0000] {taskinstance.py:2330} INFO - Executing <Task(PythonOperator): fetch_and_store_exchange_rates> on 2024-07-06 20:18:10.253243+00:00
[2024-07-06T20:18:43.683+0000] {warnings.py:112} WARNING - /home/***/.local/lib/python3.12/site-packages/***/task/task_runner/standard_task_runner.py:61: DeprecationWarning: This process (pid=279) is multi-threaded, use of fork() may lead to deadlocks in the child.
  pid = os.fork()

[2024-07-06T20:18:43.686+0000] {standard_task_runner.py:63} INFO - Started process 281 to run task
[2024-07-06T20:18:43.687+0000] {standard_task_runner.py:90} INFO - Running: ['***', 'tasks', 'run', 'exchange_rate_dag', 'fetch_and_store_exchange_rates', 'manual__2024-07-06T20:18:10.253243+00:00', '--job-id', '8', '--raw', '--subdir', 'DAGS_FOLDER/my_dag.py', '--cfg-path', '/tmp/tmpi30x8oye']
[2024-07-06T20:18:43.689+0000] {standard_task_runner.py:91} INFO - Job 8: Subtask fetch_and_store_exchange_rates
[2024-07-06T20:18:43.749+0000] {task_command.py:426} INFO - Running <TaskInstance: exchange_rate_dag.fetch_and_store_exchange_rates manual__2024-07-06T20:18:10.253243+00:00 [running]> on host 252704dd37e0
[2024-07-06T20:18:43.885+0000] {taskinstance.py:2648} INFO - Exporting env vars: AIRFLOW_CTX_DAG_OWNER='Rachel' AIRFLOW_CTX_DAG_ID='exchange_rate_dag' AIRFLOW_CTX_TASK_ID='fetch_and_store_exchange_rates' AIRFLOW_CTX_EXECUTION_DATE='2024-07-06T20:18:10.253243+00:00' AIRFLOW_CTX_TRY_NUMBER='1' AIRFLOW_CTX_DAG_RUN_ID='manual__2024-07-06T20:18:10.253243+00:00'
[2024-07-06T20:18:43.888+0000] {taskinstance.py:430} INFO - ::endgroup::
[2024-07-06T20:18:43.895+0000] {warnings.py:112} WARNING - /opt/***/dags/my_dag.py:27: RuntimeWarning: coroutine 'save_to_minio' was never awaited
  save_to_minio(exchange_rate_data)

[2024-07-06T20:18:43.897+0000] {warnings.py:112} WARNING - /home/***/.local/lib/python3.12/site-packages/***/operators/python.py:252: RuntimeWarning: coroutine 'get_exchange_rates' was never awaited
  return self.python_callable(*self.op_args, **self.op_kwargs)

[2024-07-06T20:18:43.898+0000] {python.py:237} INFO - Done. Returned value was: None
[2024-07-06T20:18:43.899+0000] {taskinstance.py:441} INFO - ::group::Post task execution logs
[2024-07-06T20:18:43.917+0000] {taskinstance.py:1206} INFO - Marking task as SUCCESS. dag_id=exchange_rate_dag, task_id=fetch_and_store_exchange_rates, run_id=manual__2024-07-06T20:18:10.253243+00:00, execution_date=20240706T201810, start_date=20240706T201843, end_date=20240706T201843
[2024-07-06T20:18:43.982+0000] {local_task_job_runner.py:240} INFO - Task exited with return code 0
[2024-07-06T20:18:44.019+0000] {taskinstance.py:3503} INFO - 1 downstream tasks scheduled from follow-on schedule check
[2024-07-06T20:18:44.021+0000] {local_task_job_runner.py:222} INFO - ::endgroup::
