[2024-07-06T22:22:21.443+0000] {local_task_job_runner.py:120} INFO - ::group::Pre task execution logs
[2024-07-06T22:22:21.504+0000] {taskinstance.py:2076} INFO - Dependencies all met for dep_context=non-requeueable deps ti=<TaskInstance: exchange_rate_dag.fetch_and_store_exchange_rates manual__2024-07-06T22:21:46.915493+00:00 [queued]>
[2024-07-06T22:22:21.522+0000] {taskinstance.py:2076} INFO - Dependencies all met for dep_context=requeueable deps ti=<TaskInstance: exchange_rate_dag.fetch_and_store_exchange_rates manual__2024-07-06T22:21:46.915493+00:00 [queued]>
[2024-07-06T22:22:21.524+0000] {taskinstance.py:2306} INFO - Starting attempt 1 of 4
[2024-07-06T22:22:21.559+0000] {taskinstance.py:2330} INFO - Executing <Task(PythonOperator): fetch_and_store_exchange_rates> on 2024-07-06 22:21:46.915493+00:00
[2024-07-06T22:22:21.575+0000] {warnings.py:112} WARNING - /home/***/.local/lib/python3.12/site-packages/***/task/task_runner/standard_task_runner.py:61: DeprecationWarning: This process (pid=1127) is multi-threaded, use of fork() may lead to deadlocks in the child.
  pid = os.fork()

[2024-07-06T22:22:21.581+0000] {standard_task_runner.py:63} INFO - Started process 1133 to run task
[2024-07-06T22:22:21.582+0000] {standard_task_runner.py:90} INFO - Running: ['***', 'tasks', 'run', 'exchange_rate_dag', 'fetch_and_store_exchange_rates', 'manual__2024-07-06T22:21:46.915493+00:00', '--job-id', '55', '--raw', '--subdir', 'DAGS_FOLDER/my_dag.py', '--cfg-path', '/tmp/tmpcp94ju7e']
[2024-07-06T22:22:21.585+0000] {standard_task_runner.py:91} INFO - Job 55: Subtask fetch_and_store_exchange_rates
[2024-07-06T22:22:21.835+0000] {task_command.py:426} INFO - Running <TaskInstance: exchange_rate_dag.fetch_and_store_exchange_rates manual__2024-07-06T22:21:46.915493+00:00 [running]> on host f7d3fdbe2e14
[2024-07-06T22:22:22.242+0000] {taskinstance.py:2648} INFO - Exporting env vars: AIRFLOW_CTX_DAG_OWNER='Rachel' AIRFLOW_CTX_DAG_ID='exchange_rate_dag' AIRFLOW_CTX_TASK_ID='fetch_and_store_exchange_rates' AIRFLOW_CTX_EXECUTION_DATE='2024-07-06T22:21:46.915493+00:00' AIRFLOW_CTX_TRY_NUMBER='1' AIRFLOW_CTX_DAG_RUN_ID='manual__2024-07-06T22:21:46.915493+00:00'
[2024-07-06T22:22:22.246+0000] {taskinstance.py:430} INFO - ::endgroup::
[2024-07-06T22:22:22.256+0000] {warnings.py:112} WARNING - /opt/***/dags/my_dag.py:27: RuntimeWarning: coroutine 'save_to_minio' was never awaited
  save_to_minio(exchange_rate_data)

[2024-07-06T22:22:22.258+0000] {warnings.py:112} WARNING - /home/***/.local/lib/python3.12/site-packages/***/operators/python.py:252: RuntimeWarning: coroutine 'get_exchange_rates' was never awaited
  return self.python_callable(*self.op_args, **self.op_kwargs)

[2024-07-06T22:22:22.259+0000] {python.py:237} INFO - Done. Returned value was: None
[2024-07-06T22:22:22.260+0000] {taskinstance.py:441} INFO - ::group::Post task execution logs
[2024-07-06T22:22:22.289+0000] {taskinstance.py:1206} INFO - Marking task as SUCCESS. dag_id=exchange_rate_dag, task_id=fetch_and_store_exchange_rates, run_id=manual__2024-07-06T22:21:46.915493+00:00, execution_date=20240706T222146, start_date=20240706T222221, end_date=20240706T222222
[2024-07-06T22:22:22.380+0000] {local_task_job_runner.py:240} INFO - Task exited with return code 0
[2024-07-06T22:22:22.488+0000] {taskinstance.py:3503} INFO - 1 downstream tasks scheduled from follow-on schedule check
[2024-07-06T22:22:22.510+0000] {local_task_job_runner.py:222} INFO - ::endgroup::
