[2024-07-07T00:00:28.746+0000] {processor.py:161} INFO - Started process (PID=2335) to work on /opt/airflow/dags/my_dag.py
[2024-07-07T00:00:28.751+0000] {processor.py:830} INFO - Processing file /opt/airflow/dags/my_dag.py for tasks to queue
[2024-07-07T00:00:28.758+0000] {logging_mixin.py:188} INFO - [2024-07-07T00:00:28.757+0000] {dagbag.py:545} INFO - Filling up the DagBag from /opt/airflow/dags/my_dag.py
[2024-07-07T00:00:30.642+0000] {processor.py:840} INFO - DAG(s) 'exchange_rate_dag' retrieved from /opt/airflow/dags/my_dag.py
[2024-07-07T00:00:30.960+0000] {logging_mixin.py:188} INFO - [2024-07-07T00:00:30.959+0000] {dag.py:3096} INFO - Sync 1 DAGs
[2024-07-07T00:00:31.312+0000] {logging_mixin.py:188} INFO - [2024-07-07T00:00:31.311+0000] {dag.py:3954} INFO - Setting next_dagrun for exchange_rate_dag to 2024-07-07 00:00:00+00:00, run_after=2024-07-08 00:00:00+00:00
[2024-07-07T00:00:31.364+0000] {processor.py:183} INFO - Processing /opt/airflow/dags/my_dag.py took 2.643 seconds
[2024-07-07T00:01:02.159+0000] {processor.py:161} INFO - Started process (PID=2405) to work on /opt/airflow/dags/my_dag.py
[2024-07-07T00:01:02.163+0000] {processor.py:830} INFO - Processing file /opt/airflow/dags/my_dag.py for tasks to queue
[2024-07-07T00:01:02.173+0000] {logging_mixin.py:188} INFO - [2024-07-07T00:01:02.170+0000] {dagbag.py:545} INFO - Filling up the DagBag from /opt/airflow/dags/my_dag.py
[2024-07-07T00:01:04.436+0000] {processor.py:840} INFO - DAG(s) 'exchange_rate_dag' retrieved from /opt/airflow/dags/my_dag.py
[2024-07-07T00:01:04.826+0000] {logging_mixin.py:188} INFO - [2024-07-07T00:01:04.825+0000] {dag.py:3096} INFO - Sync 1 DAGs
[2024-07-07T00:01:05.415+0000] {logging_mixin.py:188} INFO - [2024-07-07T00:01:05.414+0000] {dag.py:3954} INFO - Setting next_dagrun for exchange_rate_dag to 2024-07-07 00:00:00+00:00, run_after=2024-07-08 00:00:00+00:00
[2024-07-07T00:01:05.474+0000] {processor.py:183} INFO - Processing /opt/airflow/dags/my_dag.py took 3.355 seconds
[2024-07-07T00:01:36.606+0000] {processor.py:161} INFO - Started process (PID=2473) to work on /opt/airflow/dags/my_dag.py
[2024-07-07T00:01:36.609+0000] {processor.py:830} INFO - Processing file /opt/airflow/dags/my_dag.py for tasks to queue
[2024-07-07T00:01:36.615+0000] {logging_mixin.py:188} INFO - [2024-07-07T00:01:36.614+0000] {dagbag.py:545} INFO - Filling up the DagBag from /opt/airflow/dags/my_dag.py
[2024-07-07T00:01:38.240+0000] {processor.py:840} INFO - DAG(s) 'exchange_rate_dag' retrieved from /opt/airflow/dags/my_dag.py
[2024-07-07T00:01:38.414+0000] {logging_mixin.py:188} INFO - [2024-07-07T00:01:38.413+0000] {dag.py:3096} INFO - Sync 1 DAGs
[2024-07-07T00:01:38.674+0000] {logging_mixin.py:188} INFO - [2024-07-07T00:01:38.674+0000] {dag.py:3954} INFO - Setting next_dagrun for exchange_rate_dag to 2024-07-07 00:00:00+00:00, run_after=2024-07-08 00:00:00+00:00
[2024-07-07T00:01:38.727+0000] {processor.py:183} INFO - Processing /opt/airflow/dags/my_dag.py took 2.141 seconds
[2024-07-07T00:02:09.748+0000] {processor.py:161} INFO - Started process (PID=2537) to work on /opt/airflow/dags/my_dag.py
[2024-07-07T00:02:09.751+0000] {processor.py:830} INFO - Processing file /opt/airflow/dags/my_dag.py for tasks to queue
[2024-07-07T00:02:09.757+0000] {logging_mixin.py:188} INFO - [2024-07-07T00:02:09.756+0000] {dagbag.py:545} INFO - Filling up the DagBag from /opt/airflow/dags/my_dag.py
[2024-07-07T00:02:11.402+0000] {processor.py:840} INFO - DAG(s) 'exchange_rate_dag' retrieved from /opt/airflow/dags/my_dag.py
[2024-07-07T00:02:12.155+0000] {logging_mixin.py:188} INFO - [2024-07-07T00:02:12.153+0000] {dag.py:3096} INFO - Sync 1 DAGs
[2024-07-07T00:02:12.216+0000] {logging_mixin.py:188} INFO - [2024-07-07T00:02:12.215+0000] {dag.py:3954} INFO - Setting next_dagrun for exchange_rate_dag to 2024-07-07 00:00:00+00:00, run_after=2024-07-08 00:00:00+00:00
[2024-07-07T00:02:12.303+0000] {processor.py:183} INFO - Processing /opt/airflow/dags/my_dag.py took 2.569 seconds
[2024-07-07T00:02:42.402+0000] {processor.py:161} INFO - Started process (PID=2597) to work on /opt/airflow/dags/my_dag.py
[2024-07-07T00:02:42.404+0000] {processor.py:830} INFO - Processing file /opt/airflow/dags/my_dag.py for tasks to queue
[2024-07-07T00:02:42.409+0000] {logging_mixin.py:188} INFO - [2024-07-07T00:02:42.408+0000] {dagbag.py:545} INFO - Filling up the DagBag from /opt/airflow/dags/my_dag.py
[2024-07-07T00:02:44.146+0000] {processor.py:840} INFO - DAG(s) 'exchange_rate_dag' retrieved from /opt/airflow/dags/my_dag.py
[2024-07-07T00:02:44.809+0000] {logging_mixin.py:188} INFO - [2024-07-07T00:02:44.808+0000] {dag.py:3096} INFO - Sync 1 DAGs
[2024-07-07T00:02:44.870+0000] {logging_mixin.py:188} INFO - [2024-07-07T00:02:44.870+0000] {dag.py:3954} INFO - Setting next_dagrun for exchange_rate_dag to 2024-07-07 00:00:00+00:00, run_after=2024-07-08 00:00:00+00:00
[2024-07-07T00:02:44.917+0000] {processor.py:183} INFO - Processing /opt/airflow/dags/my_dag.py took 2.529 seconds
[2024-07-07T00:03:15.547+0000] {processor.py:161} INFO - Started process (PID=2659) to work on /opt/airflow/dags/my_dag.py
[2024-07-07T00:03:15.549+0000] {processor.py:830} INFO - Processing file /opt/airflow/dags/my_dag.py for tasks to queue
[2024-07-07T00:03:15.554+0000] {logging_mixin.py:188} INFO - [2024-07-07T00:03:15.553+0000] {dagbag.py:545} INFO - Filling up the DagBag from /opt/airflow/dags/my_dag.py
[2024-07-07T00:03:17.679+0000] {processor.py:840} INFO - DAG(s) 'exchange_rate_dag' retrieved from /opt/airflow/dags/my_dag.py
[2024-07-07T00:03:18.251+0000] {logging_mixin.py:188} INFO - [2024-07-07T00:03:18.250+0000] {dag.py:3096} INFO - Sync 1 DAGs
[2024-07-07T00:03:18.283+0000] {logging_mixin.py:188} INFO - [2024-07-07T00:03:18.283+0000] {dag.py:3954} INFO - Setting next_dagrun for exchange_rate_dag to 2024-07-07 00:00:00+00:00, run_after=2024-07-08 00:00:00+00:00
[2024-07-07T00:03:18.314+0000] {processor.py:183} INFO - Processing /opt/airflow/dags/my_dag.py took 2.783 seconds
[2024-07-07T00:03:48.588+0000] {processor.py:161} INFO - Started process (PID=2722) to work on /opt/airflow/dags/my_dag.py
[2024-07-07T00:03:48.592+0000] {processor.py:830} INFO - Processing file /opt/airflow/dags/my_dag.py for tasks to queue
[2024-07-07T00:03:48.600+0000] {logging_mixin.py:188} INFO - [2024-07-07T00:03:48.599+0000] {dagbag.py:545} INFO - Filling up the DagBag from /opt/airflow/dags/my_dag.py
[2024-07-07T00:03:50.916+0000] {processor.py:840} INFO - DAG(s) 'exchange_rate_dag' retrieved from /opt/airflow/dags/my_dag.py
[2024-07-07T00:03:51.504+0000] {logging_mixin.py:188} INFO - [2024-07-07T00:03:51.503+0000] {dag.py:3096} INFO - Sync 1 DAGs
[2024-07-07T00:03:51.553+0000] {logging_mixin.py:188} INFO - [2024-07-07T00:03:51.553+0000] {dag.py:3954} INFO - Setting next_dagrun for exchange_rate_dag to 2024-07-07 00:00:00+00:00, run_after=2024-07-08 00:00:00+00:00
[2024-07-07T00:03:51.603+0000] {processor.py:183} INFO - Processing /opt/airflow/dags/my_dag.py took 3.036 seconds
[2024-07-07T03:03:58.990+0000] {processor.py:161} INFO - Started process (PID=2746) to work on /opt/airflow/dags/my_dag.py
[2024-07-07T03:03:58.995+0000] {processor.py:830} INFO - Processing file /opt/airflow/dags/my_dag.py for tasks to queue
[2024-07-07T03:03:58.999+0000] {logging_mixin.py:188} INFO - [2024-07-07T03:03:58.998+0000] {dagbag.py:545} INFO - Filling up the DagBag from /opt/airflow/dags/my_dag.py
[2024-07-07T07:39:48.066+0000] {processor.py:161} INFO - Started process (PID=2807) to work on /opt/airflow/dags/my_dag.py
[2024-07-07T07:39:48.068+0000] {processor.py:830} INFO - Processing file /opt/airflow/dags/my_dag.py for tasks to queue
[2024-07-07T07:39:48.071+0000] {logging_mixin.py:188} INFO - [2024-07-07T07:39:48.070+0000] {dagbag.py:545} INFO - Filling up the DagBag from /opt/airflow/dags/my_dag.py
[2024-07-07T07:39:49.867+0000] {processor.py:840} INFO - DAG(s) 'exchange_rate_dag' retrieved from /opt/airflow/dags/my_dag.py
[2024-07-07T07:39:50.027+0000] {logging_mixin.py:188} INFO - [2024-07-07T07:39:50.026+0000] {dag.py:3096} INFO - Sync 1 DAGs
[2024-07-07T07:39:50.049+0000] {logging_mixin.py:188} INFO - [2024-07-07T07:39:50.049+0000] {dag.py:3954} INFO - Setting next_dagrun for exchange_rate_dag to 2024-07-07 00:00:00+00:00, run_after=2024-07-08 00:00:00+00:00
[2024-07-07T07:39:50.073+0000] {processor.py:183} INFO - Processing /opt/airflow/dags/my_dag.py took 2.025 seconds
[2024-07-07T07:40:20.167+0000] {processor.py:161} INFO - Started process (PID=2872) to work on /opt/airflow/dags/my_dag.py
[2024-07-07T07:40:20.169+0000] {processor.py:830} INFO - Processing file /opt/airflow/dags/my_dag.py for tasks to queue
[2024-07-07T07:40:20.170+0000] {logging_mixin.py:188} INFO - [2024-07-07T07:40:20.170+0000] {dagbag.py:545} INFO - Filling up the DagBag from /opt/airflow/dags/my_dag.py
[2024-07-07T07:40:21.449+0000] {processor.py:840} INFO - DAG(s) 'exchange_rate_dag' retrieved from /opt/airflow/dags/my_dag.py
[2024-07-07T07:40:21.627+0000] {logging_mixin.py:188} INFO - [2024-07-07T07:40:21.626+0000] {dag.py:3096} INFO - Sync 1 DAGs
[2024-07-07T07:40:21.651+0000] {logging_mixin.py:188} INFO - [2024-07-07T07:40:21.651+0000] {dag.py:3954} INFO - Setting next_dagrun for exchange_rate_dag to 2024-07-07 00:00:00+00:00, run_after=2024-07-08 00:00:00+00:00
[2024-07-07T07:40:21.686+0000] {processor.py:183} INFO - Processing /opt/airflow/dags/my_dag.py took 1.528 seconds
[2024-07-07T07:40:52.148+0000] {processor.py:161} INFO - Started process (PID=2932) to work on /opt/airflow/dags/my_dag.py
[2024-07-07T07:40:52.153+0000] {processor.py:830} INFO - Processing file /opt/airflow/dags/my_dag.py for tasks to queue
[2024-07-07T07:40:52.159+0000] {logging_mixin.py:188} INFO - [2024-07-07T07:40:52.157+0000] {dagbag.py:545} INFO - Filling up the DagBag from /opt/airflow/dags/my_dag.py
[2024-07-07T07:40:54.933+0000] {processor.py:840} INFO - DAG(s) 'exchange_rate_dag' retrieved from /opt/airflow/dags/my_dag.py
[2024-07-07T07:40:55.559+0000] {logging_mixin.py:188} INFO - [2024-07-07T07:40:55.558+0000] {dag.py:3096} INFO - Sync 1 DAGs
[2024-07-07T07:40:55.597+0000] {logging_mixin.py:188} INFO - [2024-07-07T07:40:55.596+0000] {dag.py:3954} INFO - Setting next_dagrun for exchange_rate_dag to 2024-07-07 00:00:00+00:00, run_after=2024-07-08 00:00:00+00:00
[2024-07-07T07:40:55.647+0000] {processor.py:183} INFO - Processing /opt/airflow/dags/my_dag.py took 3.536 seconds
[2024-07-07T07:41:26.162+0000] {processor.py:161} INFO - Started process (PID=2998) to work on /opt/airflow/dags/my_dag.py
[2024-07-07T07:41:26.165+0000] {processor.py:830} INFO - Processing file /opt/airflow/dags/my_dag.py for tasks to queue
[2024-07-07T07:41:26.167+0000] {logging_mixin.py:188} INFO - [2024-07-07T07:41:26.166+0000] {dagbag.py:545} INFO - Filling up the DagBag from /opt/airflow/dags/my_dag.py
[2024-07-07T07:41:28.589+0000] {processor.py:840} INFO - DAG(s) 'exchange_rate_dag' retrieved from /opt/airflow/dags/my_dag.py
[2024-07-07T07:41:28.857+0000] {logging_mixin.py:188} INFO - [2024-07-07T07:41:28.856+0000] {dag.py:3096} INFO - Sync 1 DAGs
[2024-07-07T07:41:28.887+0000] {logging_mixin.py:188} INFO - [2024-07-07T07:41:28.887+0000] {dag.py:3954} INFO - Setting next_dagrun for exchange_rate_dag to 2024-07-07 00:00:00+00:00, run_after=2024-07-08 00:00:00+00:00
[2024-07-07T07:41:28.931+0000] {processor.py:183} INFO - Processing /opt/airflow/dags/my_dag.py took 2.783 seconds
[2024-07-07T07:41:59.203+0000] {processor.py:161} INFO - Started process (PID=3066) to work on /opt/airflow/dags/my_dag.py
[2024-07-07T07:41:59.205+0000] {processor.py:830} INFO - Processing file /opt/airflow/dags/my_dag.py for tasks to queue
[2024-07-07T07:41:59.208+0000] {logging_mixin.py:188} INFO - [2024-07-07T07:41:59.207+0000] {dagbag.py:545} INFO - Filling up the DagBag from /opt/airflow/dags/my_dag.py
[2024-07-07T07:42:01.004+0000] {processor.py:840} INFO - DAG(s) 'exchange_rate_dag' retrieved from /opt/airflow/dags/my_dag.py
[2024-07-07T07:42:01.204+0000] {logging_mixin.py:188} INFO - [2024-07-07T07:42:01.203+0000] {dag.py:3096} INFO - Sync 1 DAGs
[2024-07-07T07:42:01.240+0000] {logging_mixin.py:188} INFO - [2024-07-07T07:42:01.240+0000] {dag.py:3954} INFO - Setting next_dagrun for exchange_rate_dag to 2024-07-07 00:00:00+00:00, run_after=2024-07-08 00:00:00+00:00
[2024-07-07T07:42:01.280+0000] {processor.py:183} INFO - Processing /opt/airflow/dags/my_dag.py took 2.101 seconds
[2024-07-07T07:42:31.544+0000] {processor.py:161} INFO - Started process (PID=3130) to work on /opt/airflow/dags/my_dag.py
[2024-07-07T07:42:31.549+0000] {processor.py:830} INFO - Processing file /opt/airflow/dags/my_dag.py for tasks to queue
[2024-07-07T07:42:31.555+0000] {logging_mixin.py:188} INFO - [2024-07-07T07:42:31.553+0000] {dagbag.py:545} INFO - Filling up the DagBag from /opt/airflow/dags/my_dag.py
[2024-07-07T07:42:34.100+0000] {processor.py:840} INFO - DAG(s) 'exchange_rate_dag' retrieved from /opt/airflow/dags/my_dag.py
[2024-07-07T07:42:34.363+0000] {logging_mixin.py:188} INFO - [2024-07-07T07:42:34.362+0000] {dag.py:3096} INFO - Sync 1 DAGs
[2024-07-07T07:42:34.411+0000] {logging_mixin.py:188} INFO - [2024-07-07T07:42:34.410+0000] {dag.py:3954} INFO - Setting next_dagrun for exchange_rate_dag to 2024-07-07 00:00:00+00:00, run_after=2024-07-08 00:00:00+00:00
[2024-07-07T07:42:34.463+0000] {processor.py:183} INFO - Processing /opt/airflow/dags/my_dag.py took 2.951 seconds
[2024-07-07T07:43:05.045+0000] {processor.py:161} INFO - Started process (PID=3197) to work on /opt/airflow/dags/my_dag.py
[2024-07-07T07:43:05.048+0000] {processor.py:830} INFO - Processing file /opt/airflow/dags/my_dag.py for tasks to queue
[2024-07-07T07:43:05.051+0000] {logging_mixin.py:188} INFO - [2024-07-07T07:43:05.050+0000] {dagbag.py:545} INFO - Filling up the DagBag from /opt/airflow/dags/my_dag.py
[2024-07-07T07:43:07.305+0000] {processor.py:840} INFO - DAG(s) 'exchange_rate_dag' retrieved from /opt/airflow/dags/my_dag.py
[2024-07-07T07:43:07.556+0000] {logging_mixin.py:188} INFO - [2024-07-07T07:43:07.555+0000] {dag.py:3096} INFO - Sync 1 DAGs
[2024-07-07T07:43:07.610+0000] {logging_mixin.py:188} INFO - [2024-07-07T07:43:07.609+0000] {dag.py:3954} INFO - Setting next_dagrun for exchange_rate_dag to 2024-07-07 00:00:00+00:00, run_after=2024-07-08 00:00:00+00:00
[2024-07-07T07:43:07.667+0000] {processor.py:183} INFO - Processing /opt/airflow/dags/my_dag.py took 2.638 seconds
[2024-07-07T07:43:37.951+0000] {processor.py:161} INFO - Started process (PID=3262) to work on /opt/airflow/dags/my_dag.py
[2024-07-07T07:43:37.953+0000] {processor.py:830} INFO - Processing file /opt/airflow/dags/my_dag.py for tasks to queue
[2024-07-07T07:43:37.956+0000] {logging_mixin.py:188} INFO - [2024-07-07T07:43:37.955+0000] {dagbag.py:545} INFO - Filling up the DagBag from /opt/airflow/dags/my_dag.py
[2024-07-07T07:43:40.622+0000] {processor.py:840} INFO - DAG(s) 'exchange_rate_dag' retrieved from /opt/airflow/dags/my_dag.py
[2024-07-07T07:43:40.983+0000] {logging_mixin.py:188} INFO - [2024-07-07T07:43:40.981+0000] {dag.py:3096} INFO - Sync 1 DAGs
[2024-07-07T07:43:41.048+0000] {logging_mixin.py:188} INFO - [2024-07-07T07:43:41.047+0000] {dag.py:3954} INFO - Setting next_dagrun for exchange_rate_dag to 2024-07-07 00:00:00+00:00, run_after=2024-07-08 00:00:00+00:00
[2024-07-07T07:43:41.098+0000] {processor.py:183} INFO - Processing /opt/airflow/dags/my_dag.py took 3.164 seconds
[2024-07-07T07:44:11.867+0000] {processor.py:161} INFO - Started process (PID=3330) to work on /opt/airflow/dags/my_dag.py
[2024-07-07T07:44:11.871+0000] {processor.py:830} INFO - Processing file /opt/airflow/dags/my_dag.py for tasks to queue
[2024-07-07T07:44:11.874+0000] {logging_mixin.py:188} INFO - [2024-07-07T07:44:11.873+0000] {dagbag.py:545} INFO - Filling up the DagBag from /opt/airflow/dags/my_dag.py
[2024-07-07T07:44:14.155+0000] {processor.py:840} INFO - DAG(s) 'exchange_rate_dag' retrieved from /opt/airflow/dags/my_dag.py
[2024-07-07T07:44:14.348+0000] {logging_mixin.py:188} INFO - [2024-07-07T07:44:14.347+0000] {dag.py:3096} INFO - Sync 1 DAGs
[2024-07-07T07:44:14.378+0000] {logging_mixin.py:188} INFO - [2024-07-07T07:44:14.378+0000] {dag.py:3954} INFO - Setting next_dagrun for exchange_rate_dag to 2024-07-07 00:00:00+00:00, run_after=2024-07-08 00:00:00+00:00
[2024-07-07T07:44:14.432+0000] {processor.py:183} INFO - Processing /opt/airflow/dags/my_dag.py took 2.584 seconds
[2024-07-07T07:44:44.600+0000] {processor.py:161} INFO - Started process (PID=3398) to work on /opt/airflow/dags/my_dag.py
[2024-07-07T07:44:44.602+0000] {processor.py:830} INFO - Processing file /opt/airflow/dags/my_dag.py for tasks to queue
[2024-07-07T07:44:44.605+0000] {logging_mixin.py:188} INFO - [2024-07-07T07:44:44.604+0000] {dagbag.py:545} INFO - Filling up the DagBag from /opt/airflow/dags/my_dag.py
[2024-07-07T07:44:47.122+0000] {processor.py:840} INFO - DAG(s) 'exchange_rate_dag' retrieved from /opt/airflow/dags/my_dag.py
[2024-07-07T07:44:47.304+0000] {logging_mixin.py:188} INFO - [2024-07-07T07:44:47.303+0000] {dag.py:3096} INFO - Sync 1 DAGs
[2024-07-07T07:44:47.339+0000] {logging_mixin.py:188} INFO - [2024-07-07T07:44:47.338+0000] {dag.py:3954} INFO - Setting next_dagrun for exchange_rate_dag to 2024-07-07 00:00:00+00:00, run_after=2024-07-08 00:00:00+00:00
[2024-07-07T07:44:47.392+0000] {processor.py:183} INFO - Processing /opt/airflow/dags/my_dag.py took 2.813 seconds
[2024-07-07T07:45:17.760+0000] {processor.py:161} INFO - Started process (PID=3463) to work on /opt/airflow/dags/my_dag.py
[2024-07-07T07:45:17.762+0000] {processor.py:830} INFO - Processing file /opt/airflow/dags/my_dag.py for tasks to queue
[2024-07-07T07:45:17.763+0000] {logging_mixin.py:188} INFO - [2024-07-07T07:45:17.763+0000] {dagbag.py:545} INFO - Filling up the DagBag from /opt/airflow/dags/my_dag.py
[2024-07-07T07:45:19.617+0000] {processor.py:840} INFO - DAG(s) 'exchange_rate_dag' retrieved from /opt/airflow/dags/my_dag.py
[2024-07-07T07:45:19.880+0000] {logging_mixin.py:188} INFO - [2024-07-07T07:45:19.879+0000] {dag.py:3096} INFO - Sync 1 DAGs
[2024-07-07T07:45:19.935+0000] {logging_mixin.py:188} INFO - [2024-07-07T07:45:19.935+0000] {dag.py:3954} INFO - Setting next_dagrun for exchange_rate_dag to 2024-07-07 00:00:00+00:00, run_after=2024-07-08 00:00:00+00:00
[2024-07-07T07:45:19.990+0000] {processor.py:183} INFO - Processing /opt/airflow/dags/my_dag.py took 2.241 seconds
[2024-07-07T07:45:50.474+0000] {processor.py:161} INFO - Started process (PID=3522) to work on /opt/airflow/dags/my_dag.py
[2024-07-07T07:45:50.480+0000] {processor.py:830} INFO - Processing file /opt/airflow/dags/my_dag.py for tasks to queue
[2024-07-07T07:45:50.486+0000] {logging_mixin.py:188} INFO - [2024-07-07T07:45:50.484+0000] {dagbag.py:545} INFO - Filling up the DagBag from /opt/airflow/dags/my_dag.py
[2024-07-07T07:45:52.405+0000] {processor.py:840} INFO - DAG(s) 'exchange_rate_dag' retrieved from /opt/airflow/dags/my_dag.py
[2024-07-07T07:45:52.590+0000] {logging_mixin.py:188} INFO - [2024-07-07T07:45:52.589+0000] {dag.py:3096} INFO - Sync 1 DAGs
[2024-07-07T07:45:52.621+0000] {logging_mixin.py:188} INFO - [2024-07-07T07:45:52.620+0000] {dag.py:3954} INFO - Setting next_dagrun for exchange_rate_dag to 2024-07-07 00:00:00+00:00, run_after=2024-07-08 00:00:00+00:00
[2024-07-07T07:45:52.662+0000] {processor.py:183} INFO - Processing /opt/airflow/dags/my_dag.py took 2.219 seconds
[2024-07-07T07:46:23.070+0000] {processor.py:161} INFO - Started process (PID=3582) to work on /opt/airflow/dags/my_dag.py
[2024-07-07T07:46:23.076+0000] {processor.py:830} INFO - Processing file /opt/airflow/dags/my_dag.py for tasks to queue
[2024-07-07T07:46:23.082+0000] {logging_mixin.py:188} INFO - [2024-07-07T07:46:23.080+0000] {dagbag.py:545} INFO - Filling up the DagBag from /opt/airflow/dags/my_dag.py
[2024-07-07T07:46:25.226+0000] {processor.py:840} INFO - DAG(s) 'exchange_rate_dag' retrieved from /opt/airflow/dags/my_dag.py
[2024-07-07T07:46:25.418+0000] {logging_mixin.py:188} INFO - [2024-07-07T07:46:25.417+0000] {dag.py:3096} INFO - Sync 1 DAGs
[2024-07-07T07:46:25.446+0000] {logging_mixin.py:188} INFO - [2024-07-07T07:46:25.445+0000] {dag.py:3954} INFO - Setting next_dagrun for exchange_rate_dag to 2024-07-07 00:00:00+00:00, run_after=2024-07-08 00:00:00+00:00
[2024-07-07T07:46:25.476+0000] {processor.py:183} INFO - Processing /opt/airflow/dags/my_dag.py took 2.437 seconds
[2024-07-07T07:46:55.906+0000] {processor.py:161} INFO - Started process (PID=3643) to work on /opt/airflow/dags/my_dag.py
[2024-07-07T07:46:55.911+0000] {processor.py:830} INFO - Processing file /opt/airflow/dags/my_dag.py for tasks to queue
[2024-07-07T07:46:55.915+0000] {logging_mixin.py:188} INFO - [2024-07-07T07:46:55.914+0000] {dagbag.py:545} INFO - Filling up the DagBag from /opt/airflow/dags/my_dag.py
[2024-07-07T07:46:57.759+0000] {processor.py:840} INFO - DAG(s) 'exchange_rate_dag' retrieved from /opt/airflow/dags/my_dag.py
[2024-07-07T07:46:57.993+0000] {logging_mixin.py:188} INFO - [2024-07-07T07:46:57.991+0000] {dag.py:3096} INFO - Sync 1 DAGs
[2024-07-07T07:46:58.042+0000] {logging_mixin.py:188} INFO - [2024-07-07T07:46:58.041+0000] {dag.py:3954} INFO - Setting next_dagrun for exchange_rate_dag to 2024-07-07 00:00:00+00:00, run_after=2024-07-08 00:00:00+00:00
[2024-07-07T07:46:58.088+0000] {processor.py:183} INFO - Processing /opt/airflow/dags/my_dag.py took 2.212 seconds
[2024-07-07T07:47:28.645+0000] {processor.py:161} INFO - Started process (PID=3710) to work on /opt/airflow/dags/my_dag.py
[2024-07-07T07:47:28.647+0000] {processor.py:830} INFO - Processing file /opt/airflow/dags/my_dag.py for tasks to queue
[2024-07-07T07:47:28.649+0000] {logging_mixin.py:188} INFO - [2024-07-07T07:47:28.648+0000] {dagbag.py:545} INFO - Filling up the DagBag from /opt/airflow/dags/my_dag.py
[2024-07-07T07:47:30.321+0000] {processor.py:840} INFO - DAG(s) 'exchange_rate_dag' retrieved from /opt/airflow/dags/my_dag.py
[2024-07-07T07:47:30.485+0000] {logging_mixin.py:188} INFO - [2024-07-07T07:47:30.484+0000] {dag.py:3096} INFO - Sync 1 DAGs
[2024-07-07T07:47:30.515+0000] {logging_mixin.py:188} INFO - [2024-07-07T07:47:30.515+0000] {dag.py:3954} INFO - Setting next_dagrun for exchange_rate_dag to 2024-07-07 00:00:00+00:00, run_after=2024-07-08 00:00:00+00:00
[2024-07-07T07:47:30.566+0000] {processor.py:183} INFO - Processing /opt/airflow/dags/my_dag.py took 1.935 seconds
[2024-07-07T07:48:00.856+0000] {processor.py:161} INFO - Started process (PID=3772) to work on /opt/airflow/dags/my_dag.py
[2024-07-07T07:48:00.862+0000] {processor.py:830} INFO - Processing file /opt/airflow/dags/my_dag.py for tasks to queue
[2024-07-07T07:48:00.868+0000] {logging_mixin.py:188} INFO - [2024-07-07T07:48:00.866+0000] {dagbag.py:545} INFO - Filling up the DagBag from /opt/airflow/dags/my_dag.py
[2024-07-07T07:48:02.949+0000] {processor.py:840} INFO - DAG(s) 'exchange_rate_dag' retrieved from /opt/airflow/dags/my_dag.py
[2024-07-07T07:48:03.191+0000] {logging_mixin.py:188} INFO - [2024-07-07T07:48:03.190+0000] {dag.py:3096} INFO - Sync 1 DAGs
[2024-07-07T07:48:03.233+0000] {logging_mixin.py:188} INFO - [2024-07-07T07:48:03.233+0000] {dag.py:3954} INFO - Setting next_dagrun for exchange_rate_dag to 2024-07-07 00:00:00+00:00, run_after=2024-07-08 00:00:00+00:00
[2024-07-07T07:48:03.292+0000] {processor.py:183} INFO - Processing /opt/airflow/dags/my_dag.py took 2.468 seconds
[2024-07-07T07:48:34.031+0000] {processor.py:161} INFO - Started process (PID=3836) to work on /opt/airflow/dags/my_dag.py
[2024-07-07T07:48:34.033+0000] {processor.py:830} INFO - Processing file /opt/airflow/dags/my_dag.py for tasks to queue
[2024-07-07T07:48:34.035+0000] {logging_mixin.py:188} INFO - [2024-07-07T07:48:34.034+0000] {dagbag.py:545} INFO - Filling up the DagBag from /opt/airflow/dags/my_dag.py
[2024-07-07T07:48:36.470+0000] {processor.py:840} INFO - DAG(s) 'exchange_rate_dag' retrieved from /opt/airflow/dags/my_dag.py
[2024-07-07T07:48:36.753+0000] {logging_mixin.py:188} INFO - [2024-07-07T07:48:36.752+0000] {dag.py:3096} INFO - Sync 1 DAGs
[2024-07-07T07:48:36.786+0000] {logging_mixin.py:188} INFO - [2024-07-07T07:48:36.786+0000] {dag.py:3954} INFO - Setting next_dagrun for exchange_rate_dag to 2024-07-07 00:00:00+00:00, run_after=2024-07-08 00:00:00+00:00
[2024-07-07T07:48:36.864+0000] {processor.py:183} INFO - Processing /opt/airflow/dags/my_dag.py took 2.847 seconds
[2024-07-07T07:49:07.749+0000] {processor.py:161} INFO - Started process (PID=3899) to work on /opt/airflow/dags/my_dag.py
[2024-07-07T07:49:07.751+0000] {processor.py:830} INFO - Processing file /opt/airflow/dags/my_dag.py for tasks to queue
[2024-07-07T07:49:07.754+0000] {logging_mixin.py:188} INFO - [2024-07-07T07:49:07.753+0000] {dagbag.py:545} INFO - Filling up the DagBag from /opt/airflow/dags/my_dag.py
[2024-07-07T07:49:09.261+0000] {processor.py:840} INFO - DAG(s) 'exchange_rate_dag' retrieved from /opt/airflow/dags/my_dag.py
[2024-07-07T07:49:09.438+0000] {logging_mixin.py:188} INFO - [2024-07-07T07:49:09.437+0000] {dag.py:3096} INFO - Sync 1 DAGs
[2024-07-07T07:49:09.466+0000] {logging_mixin.py:188} INFO - [2024-07-07T07:49:09.465+0000] {dag.py:3954} INFO - Setting next_dagrun for exchange_rate_dag to 2024-07-07 00:00:00+00:00, run_after=2024-07-08 00:00:00+00:00
[2024-07-07T07:49:09.503+0000] {processor.py:183} INFO - Processing /opt/airflow/dags/my_dag.py took 1.770 seconds
[2024-07-07T07:49:39.725+0000] {processor.py:161} INFO - Started process (PID=3964) to work on /opt/airflow/dags/my_dag.py
[2024-07-07T07:49:39.729+0000] {processor.py:830} INFO - Processing file /opt/airflow/dags/my_dag.py for tasks to queue
[2024-07-07T07:49:39.734+0000] {logging_mixin.py:188} INFO - [2024-07-07T07:49:39.733+0000] {dagbag.py:545} INFO - Filling up the DagBag from /opt/airflow/dags/my_dag.py
[2024-07-07T07:49:41.692+0000] {processor.py:840} INFO - DAG(s) 'exchange_rate_dag' retrieved from /opt/airflow/dags/my_dag.py
[2024-07-07T07:49:41.883+0000] {logging_mixin.py:188} INFO - [2024-07-07T07:49:41.882+0000] {dag.py:3096} INFO - Sync 1 DAGs
[2024-07-07T07:49:41.910+0000] {logging_mixin.py:188} INFO - [2024-07-07T07:49:41.910+0000] {dag.py:3954} INFO - Setting next_dagrun for exchange_rate_dag to 2024-07-07 00:00:00+00:00, run_after=2024-07-08 00:00:00+00:00
[2024-07-07T07:49:41.945+0000] {processor.py:183} INFO - Processing /opt/airflow/dags/my_dag.py took 2.251 seconds
[2024-07-07T07:50:12.733+0000] {processor.py:161} INFO - Started process (PID=4029) to work on /opt/airflow/dags/my_dag.py
[2024-07-07T07:50:12.735+0000] {processor.py:830} INFO - Processing file /opt/airflow/dags/my_dag.py for tasks to queue
[2024-07-07T07:50:12.738+0000] {logging_mixin.py:188} INFO - [2024-07-07T07:50:12.737+0000] {dagbag.py:545} INFO - Filling up the DagBag from /opt/airflow/dags/my_dag.py
[2024-07-07T07:50:14.469+0000] {processor.py:840} INFO - DAG(s) 'exchange_rate_dag' retrieved from /opt/airflow/dags/my_dag.py
[2024-07-07T07:50:14.622+0000] {logging_mixin.py:188} INFO - [2024-07-07T07:50:14.621+0000] {dag.py:3096} INFO - Sync 1 DAGs
[2024-07-07T07:50:14.650+0000] {logging_mixin.py:188} INFO - [2024-07-07T07:50:14.650+0000] {dag.py:3954} INFO - Setting next_dagrun for exchange_rate_dag to 2024-07-07 00:00:00+00:00, run_after=2024-07-08 00:00:00+00:00
[2024-07-07T07:50:14.696+0000] {processor.py:183} INFO - Processing /opt/airflow/dags/my_dag.py took 1.979 seconds
[2024-07-07T07:50:45.543+0000] {processor.py:161} INFO - Started process (PID=4091) to work on /opt/airflow/dags/my_dag.py
[2024-07-07T07:50:45.544+0000] {processor.py:830} INFO - Processing file /opt/airflow/dags/my_dag.py for tasks to queue
[2024-07-07T07:50:45.545+0000] {logging_mixin.py:188} INFO - [2024-07-07T07:50:45.545+0000] {dagbag.py:545} INFO - Filling up the DagBag from /opt/airflow/dags/my_dag.py
[2024-07-07T07:50:46.800+0000] {processor.py:840} INFO - DAG(s) 'exchange_rate_dag' retrieved from /opt/airflow/dags/my_dag.py
[2024-07-07T07:50:46.941+0000] {logging_mixin.py:188} INFO - [2024-07-07T07:50:46.940+0000] {dag.py:3096} INFO - Sync 1 DAGs
[2024-07-07T07:50:46.965+0000] {logging_mixin.py:188} INFO - [2024-07-07T07:50:46.965+0000] {dag.py:3954} INFO - Setting next_dagrun for exchange_rate_dag to 2024-07-07 00:00:00+00:00, run_after=2024-07-08 00:00:00+00:00
[2024-07-07T07:50:47.002+0000] {processor.py:183} INFO - Processing /opt/airflow/dags/my_dag.py took 1.468 seconds
[2024-07-07T07:51:17.159+0000] {processor.py:161} INFO - Started process (PID=4154) to work on /opt/airflow/dags/my_dag.py
[2024-07-07T07:51:17.160+0000] {processor.py:830} INFO - Processing file /opt/airflow/dags/my_dag.py for tasks to queue
[2024-07-07T07:51:17.162+0000] {logging_mixin.py:188} INFO - [2024-07-07T07:51:17.162+0000] {dagbag.py:545} INFO - Filling up the DagBag from /opt/airflow/dags/my_dag.py
[2024-07-07T07:51:18.441+0000] {processor.py:840} INFO - DAG(s) 'exchange_rate_dag' retrieved from /opt/airflow/dags/my_dag.py
[2024-07-07T07:51:18.573+0000] {logging_mixin.py:188} INFO - [2024-07-07T07:51:18.573+0000] {dag.py:3096} INFO - Sync 1 DAGs
[2024-07-07T07:51:18.593+0000] {logging_mixin.py:188} INFO - [2024-07-07T07:51:18.592+0000] {dag.py:3954} INFO - Setting next_dagrun for exchange_rate_dag to 2024-07-07 00:00:00+00:00, run_after=2024-07-08 00:00:00+00:00
[2024-07-07T07:51:18.624+0000] {processor.py:183} INFO - Processing /opt/airflow/dags/my_dag.py took 1.475 seconds
[2024-07-07T07:51:48.854+0000] {processor.py:161} INFO - Started process (PID=4221) to work on /opt/airflow/dags/my_dag.py
[2024-07-07T07:51:48.856+0000] {processor.py:830} INFO - Processing file /opt/airflow/dags/my_dag.py for tasks to queue
[2024-07-07T07:51:48.859+0000] {logging_mixin.py:188} INFO - [2024-07-07T07:51:48.858+0000] {dagbag.py:545} INFO - Filling up the DagBag from /opt/airflow/dags/my_dag.py
[2024-07-07T07:51:49.980+0000] {processor.py:840} INFO - DAG(s) 'exchange_rate_dag' retrieved from /opt/airflow/dags/my_dag.py
[2024-07-07T07:51:50.105+0000] {logging_mixin.py:188} INFO - [2024-07-07T07:51:50.105+0000] {dag.py:3096} INFO - Sync 1 DAGs
[2024-07-07T07:51:50.126+0000] {logging_mixin.py:188} INFO - [2024-07-07T07:51:50.126+0000] {dag.py:3954} INFO - Setting next_dagrun for exchange_rate_dag to 2024-07-07 00:00:00+00:00, run_after=2024-07-08 00:00:00+00:00
[2024-07-07T07:51:50.151+0000] {processor.py:183} INFO - Processing /opt/airflow/dags/my_dag.py took 1.316 seconds
[2024-07-07T07:52:20.473+0000] {processor.py:161} INFO - Started process (PID=4282) to work on /opt/airflow/dags/my_dag.py
[2024-07-07T07:52:20.475+0000] {processor.py:830} INFO - Processing file /opt/airflow/dags/my_dag.py for tasks to queue
[2024-07-07T07:52:20.476+0000] {logging_mixin.py:188} INFO - [2024-07-07T07:52:20.476+0000] {dagbag.py:545} INFO - Filling up the DagBag from /opt/airflow/dags/my_dag.py
[2024-07-07T07:52:21.522+0000] {processor.py:840} INFO - DAG(s) 'exchange_rate_dag' retrieved from /opt/airflow/dags/my_dag.py
[2024-07-07T07:52:21.641+0000] {logging_mixin.py:188} INFO - [2024-07-07T07:52:21.640+0000] {dag.py:3096} INFO - Sync 1 DAGs
[2024-07-07T07:52:21.663+0000] {logging_mixin.py:188} INFO - [2024-07-07T07:52:21.663+0000] {dag.py:3954} INFO - Setting next_dagrun for exchange_rate_dag to 2024-07-07 00:00:00+00:00, run_after=2024-07-08 00:00:00+00:00
[2024-07-07T07:52:21.720+0000] {processor.py:183} INFO - Processing /opt/airflow/dags/my_dag.py took 1.256 seconds
[2024-07-07T07:52:51.898+0000] {processor.py:161} INFO - Started process (PID=4343) to work on /opt/airflow/dags/my_dag.py
[2024-07-07T07:52:51.900+0000] {processor.py:830} INFO - Processing file /opt/airflow/dags/my_dag.py for tasks to queue
[2024-07-07T07:52:51.904+0000] {logging_mixin.py:188} INFO - [2024-07-07T07:52:51.902+0000] {dagbag.py:545} INFO - Filling up the DagBag from /opt/airflow/dags/my_dag.py
[2024-07-07T07:52:52.995+0000] {processor.py:840} INFO - DAG(s) 'exchange_rate_dag' retrieved from /opt/airflow/dags/my_dag.py
[2024-07-07T07:52:53.122+0000] {logging_mixin.py:188} INFO - [2024-07-07T07:52:53.122+0000] {dag.py:3096} INFO - Sync 1 DAGs
[2024-07-07T07:52:53.145+0000] {logging_mixin.py:188} INFO - [2024-07-07T07:52:53.145+0000] {dag.py:3954} INFO - Setting next_dagrun for exchange_rate_dag to 2024-07-07 00:00:00+00:00, run_after=2024-07-08 00:00:00+00:00
[2024-07-07T07:52:53.179+0000] {processor.py:183} INFO - Processing /opt/airflow/dags/my_dag.py took 1.300 seconds
[2024-07-07T07:53:23.870+0000] {processor.py:161} INFO - Started process (PID=4408) to work on /opt/airflow/dags/my_dag.py
[2024-07-07T07:53:23.871+0000] {processor.py:830} INFO - Processing file /opt/airflow/dags/my_dag.py for tasks to queue
[2024-07-07T07:53:23.873+0000] {logging_mixin.py:188} INFO - [2024-07-07T07:53:23.872+0000] {dagbag.py:545} INFO - Filling up the DagBag from /opt/airflow/dags/my_dag.py
[2024-07-07T07:53:25.044+0000] {processor.py:840} INFO - DAG(s) 'exchange_rate_dag' retrieved from /opt/airflow/dags/my_dag.py
[2024-07-07T07:53:25.163+0000] {logging_mixin.py:188} INFO - [2024-07-07T07:53:25.162+0000] {dag.py:3096} INFO - Sync 1 DAGs
[2024-07-07T07:53:25.183+0000] {logging_mixin.py:188} INFO - [2024-07-07T07:53:25.183+0000] {dag.py:3954} INFO - Setting next_dagrun for exchange_rate_dag to 2024-07-07 00:00:00+00:00, run_after=2024-07-08 00:00:00+00:00
[2024-07-07T07:53:25.210+0000] {processor.py:183} INFO - Processing /opt/airflow/dags/my_dag.py took 1.349 seconds
[2024-07-07T07:53:55.311+0000] {processor.py:161} INFO - Started process (PID=4470) to work on /opt/airflow/dags/my_dag.py
[2024-07-07T07:53:55.313+0000] {processor.py:830} INFO - Processing file /opt/airflow/dags/my_dag.py for tasks to queue
[2024-07-07T07:53:55.314+0000] {logging_mixin.py:188} INFO - [2024-07-07T07:53:55.314+0000] {dagbag.py:545} INFO - Filling up the DagBag from /opt/airflow/dags/my_dag.py
[2024-07-07T07:53:56.462+0000] {processor.py:840} INFO - DAG(s) 'exchange_rate_dag' retrieved from /opt/airflow/dags/my_dag.py
[2024-07-07T07:53:56.623+0000] {logging_mixin.py:188} INFO - [2024-07-07T07:53:56.623+0000] {dag.py:3096} INFO - Sync 1 DAGs
[2024-07-07T07:53:56.647+0000] {logging_mixin.py:188} INFO - [2024-07-07T07:53:56.647+0000] {dag.py:3954} INFO - Setting next_dagrun for exchange_rate_dag to 2024-07-07 00:00:00+00:00, run_after=2024-07-08 00:00:00+00:00
[2024-07-07T07:53:56.679+0000] {processor.py:183} INFO - Processing /opt/airflow/dags/my_dag.py took 1.377 seconds
[2024-07-07T07:54:26.835+0000] {processor.py:161} INFO - Started process (PID=4531) to work on /opt/airflow/dags/my_dag.py
[2024-07-07T07:54:26.837+0000] {processor.py:830} INFO - Processing file /opt/airflow/dags/my_dag.py for tasks to queue
[2024-07-07T07:54:26.839+0000] {logging_mixin.py:188} INFO - [2024-07-07T07:54:26.838+0000] {dagbag.py:545} INFO - Filling up the DagBag from /opt/airflow/dags/my_dag.py
[2024-07-07T07:54:28.009+0000] {processor.py:840} INFO - DAG(s) 'exchange_rate_dag' retrieved from /opt/airflow/dags/my_dag.py
[2024-07-07T07:54:28.119+0000] {logging_mixin.py:188} INFO - [2024-07-07T07:54:28.118+0000] {dag.py:3096} INFO - Sync 1 DAGs
[2024-07-07T07:54:28.140+0000] {logging_mixin.py:188} INFO - [2024-07-07T07:54:28.140+0000] {dag.py:3954} INFO - Setting next_dagrun for exchange_rate_dag to 2024-07-07 00:00:00+00:00, run_after=2024-07-08 00:00:00+00:00
[2024-07-07T07:54:28.184+0000] {processor.py:183} INFO - Processing /opt/airflow/dags/my_dag.py took 1.360 seconds
[2024-07-07T07:54:58.350+0000] {processor.py:161} INFO - Started process (PID=4593) to work on /opt/airflow/dags/my_dag.py
[2024-07-07T07:54:58.352+0000] {processor.py:830} INFO - Processing file /opt/airflow/dags/my_dag.py for tasks to queue
[2024-07-07T07:54:58.354+0000] {logging_mixin.py:188} INFO - [2024-07-07T07:54:58.354+0000] {dagbag.py:545} INFO - Filling up the DagBag from /opt/airflow/dags/my_dag.py
[2024-07-07T07:54:59.571+0000] {processor.py:840} INFO - DAG(s) 'exchange_rate_dag' retrieved from /opt/airflow/dags/my_dag.py
[2024-07-07T07:54:59.696+0000] {logging_mixin.py:188} INFO - [2024-07-07T07:54:59.695+0000] {dag.py:3096} INFO - Sync 1 DAGs
[2024-07-07T07:54:59.720+0000] {logging_mixin.py:188} INFO - [2024-07-07T07:54:59.720+0000] {dag.py:3954} INFO - Setting next_dagrun for exchange_rate_dag to 2024-07-07 00:00:00+00:00, run_after=2024-07-08 00:00:00+00:00
[2024-07-07T07:54:59.748+0000] {processor.py:183} INFO - Processing /opt/airflow/dags/my_dag.py took 1.409 seconds
[2024-07-07T07:55:30.256+0000] {processor.py:161} INFO - Started process (PID=4654) to work on /opt/airflow/dags/my_dag.py
[2024-07-07T07:55:30.258+0000] {processor.py:830} INFO - Processing file /opt/airflow/dags/my_dag.py for tasks to queue
[2024-07-07T07:55:30.259+0000] {logging_mixin.py:188} INFO - [2024-07-07T07:55:30.259+0000] {dagbag.py:545} INFO - Filling up the DagBag from /opt/airflow/dags/my_dag.py
[2024-07-07T07:55:31.392+0000] {processor.py:840} INFO - DAG(s) 'exchange_rate_dag' retrieved from /opt/airflow/dags/my_dag.py
[2024-07-07T07:55:31.510+0000] {logging_mixin.py:188} INFO - [2024-07-07T07:55:31.509+0000] {dag.py:3096} INFO - Sync 1 DAGs
[2024-07-07T07:55:31.534+0000] {logging_mixin.py:188} INFO - [2024-07-07T07:55:31.533+0000] {dag.py:3954} INFO - Setting next_dagrun for exchange_rate_dag to 2024-07-07 00:00:00+00:00, run_after=2024-07-08 00:00:00+00:00
[2024-07-07T07:55:31.560+0000] {processor.py:183} INFO - Processing /opt/airflow/dags/my_dag.py took 1.313 seconds
[2024-07-07T07:56:01.728+0000] {processor.py:161} INFO - Started process (PID=4722) to work on /opt/airflow/dags/my_dag.py
[2024-07-07T07:56:01.730+0000] {processor.py:830} INFO - Processing file /opt/airflow/dags/my_dag.py for tasks to queue
[2024-07-07T07:56:01.732+0000] {logging_mixin.py:188} INFO - [2024-07-07T07:56:01.731+0000] {dagbag.py:545} INFO - Filling up the DagBag from /opt/airflow/dags/my_dag.py
[2024-07-07T07:56:02.936+0000] {processor.py:840} INFO - DAG(s) 'exchange_rate_dag' retrieved from /opt/airflow/dags/my_dag.py
[2024-07-07T07:56:03.074+0000] {logging_mixin.py:188} INFO - [2024-07-07T07:56:03.073+0000] {dag.py:3096} INFO - Sync 1 DAGs
[2024-07-07T07:56:03.094+0000] {logging_mixin.py:188} INFO - [2024-07-07T07:56:03.094+0000] {dag.py:3954} INFO - Setting next_dagrun for exchange_rate_dag to 2024-07-07 00:00:00+00:00, run_after=2024-07-08 00:00:00+00:00
[2024-07-07T07:56:03.130+0000] {processor.py:183} INFO - Processing /opt/airflow/dags/my_dag.py took 1.412 seconds
[2024-07-07T07:56:33.867+0000] {processor.py:161} INFO - Started process (PID=4788) to work on /opt/airflow/dags/my_dag.py
[2024-07-07T07:56:33.870+0000] {processor.py:830} INFO - Processing file /opt/airflow/dags/my_dag.py for tasks to queue
[2024-07-07T07:56:33.873+0000] {logging_mixin.py:188} INFO - [2024-07-07T07:56:33.872+0000] {dagbag.py:545} INFO - Filling up the DagBag from /opt/airflow/dags/my_dag.py
[2024-07-07T07:56:35.053+0000] {processor.py:840} INFO - DAG(s) 'exchange_rate_dag' retrieved from /opt/airflow/dags/my_dag.py
[2024-07-07T07:56:35.166+0000] {logging_mixin.py:188} INFO - [2024-07-07T07:56:35.166+0000] {dag.py:3096} INFO - Sync 1 DAGs
[2024-07-07T07:56:35.193+0000] {logging_mixin.py:188} INFO - [2024-07-07T07:56:35.192+0000] {dag.py:3954} INFO - Setting next_dagrun for exchange_rate_dag to 2024-07-07 00:00:00+00:00, run_after=2024-07-08 00:00:00+00:00
[2024-07-07T07:56:35.224+0000] {processor.py:183} INFO - Processing /opt/airflow/dags/my_dag.py took 1.365 seconds
[2024-07-07T07:57:05.688+0000] {processor.py:161} INFO - Started process (PID=4848) to work on /opt/airflow/dags/my_dag.py
[2024-07-07T07:57:05.690+0000] {processor.py:830} INFO - Processing file /opt/airflow/dags/my_dag.py for tasks to queue
[2024-07-07T07:57:05.692+0000] {logging_mixin.py:188} INFO - [2024-07-07T07:57:05.692+0000] {dagbag.py:545} INFO - Filling up the DagBag from /opt/airflow/dags/my_dag.py
[2024-07-07T07:57:06.902+0000] {processor.py:840} INFO - DAG(s) 'exchange_rate_dag' retrieved from /opt/airflow/dags/my_dag.py
[2024-07-07T07:57:07.055+0000] {logging_mixin.py:188} INFO - [2024-07-07T07:57:07.055+0000] {dag.py:3096} INFO - Sync 1 DAGs
[2024-07-07T07:57:07.076+0000] {logging_mixin.py:188} INFO - [2024-07-07T07:57:07.076+0000] {dag.py:3954} INFO - Setting next_dagrun for exchange_rate_dag to 2024-07-07 00:00:00+00:00, run_after=2024-07-08 00:00:00+00:00
[2024-07-07T07:57:07.099+0000] {processor.py:183} INFO - Processing /opt/airflow/dags/my_dag.py took 1.433 seconds
[2024-07-07T07:57:37.375+0000] {processor.py:161} INFO - Started process (PID=4908) to work on /opt/airflow/dags/my_dag.py
[2024-07-07T07:57:37.377+0000] {processor.py:830} INFO - Processing file /opt/airflow/dags/my_dag.py for tasks to queue
[2024-07-07T07:57:37.379+0000] {logging_mixin.py:188} INFO - [2024-07-07T07:57:37.378+0000] {dagbag.py:545} INFO - Filling up the DagBag from /opt/airflow/dags/my_dag.py
[2024-07-07T07:57:38.500+0000] {processor.py:840} INFO - DAG(s) 'exchange_rate_dag' retrieved from /opt/airflow/dags/my_dag.py
[2024-07-07T07:57:38.619+0000] {logging_mixin.py:188} INFO - [2024-07-07T07:57:38.618+0000] {dag.py:3096} INFO - Sync 1 DAGs
[2024-07-07T07:57:38.638+0000] {logging_mixin.py:188} INFO - [2024-07-07T07:57:38.638+0000] {dag.py:3954} INFO - Setting next_dagrun for exchange_rate_dag to 2024-07-07 00:00:00+00:00, run_after=2024-07-08 00:00:00+00:00
[2024-07-07T07:57:38.669+0000] {processor.py:183} INFO - Processing /opt/airflow/dags/my_dag.py took 1.304 seconds
[2024-07-07T07:58:08.888+0000] {processor.py:161} INFO - Started process (PID=4968) to work on /opt/airflow/dags/my_dag.py
[2024-07-07T07:58:08.890+0000] {processor.py:830} INFO - Processing file /opt/airflow/dags/my_dag.py for tasks to queue
[2024-07-07T07:58:08.893+0000] {logging_mixin.py:188} INFO - [2024-07-07T07:58:08.892+0000] {dagbag.py:545} INFO - Filling up the DagBag from /opt/airflow/dags/my_dag.py
[2024-07-07T07:58:09.986+0000] {processor.py:840} INFO - DAG(s) 'exchange_rate_dag' retrieved from /opt/airflow/dags/my_dag.py
[2024-07-07T07:58:10.108+0000] {logging_mixin.py:188} INFO - [2024-07-07T07:58:10.107+0000] {dag.py:3096} INFO - Sync 1 DAGs
[2024-07-07T07:58:10.129+0000] {logging_mixin.py:188} INFO - [2024-07-07T07:58:10.129+0000] {dag.py:3954} INFO - Setting next_dagrun for exchange_rate_dag to 2024-07-07 00:00:00+00:00, run_after=2024-07-08 00:00:00+00:00
[2024-07-07T07:58:10.178+0000] {processor.py:183} INFO - Processing /opt/airflow/dags/my_dag.py took 1.306 seconds
[2024-07-07T07:58:40.415+0000] {processor.py:161} INFO - Started process (PID=5028) to work on /opt/airflow/dags/my_dag.py
[2024-07-07T07:58:40.418+0000] {processor.py:830} INFO - Processing file /opt/airflow/dags/my_dag.py for tasks to queue
[2024-07-07T07:58:40.421+0000] {logging_mixin.py:188} INFO - [2024-07-07T07:58:40.420+0000] {dagbag.py:545} INFO - Filling up the DagBag from /opt/airflow/dags/my_dag.py
[2024-07-07T07:58:41.545+0000] {processor.py:840} INFO - DAG(s) 'exchange_rate_dag' retrieved from /opt/airflow/dags/my_dag.py
[2024-07-07T07:58:41.670+0000] {logging_mixin.py:188} INFO - [2024-07-07T07:58:41.670+0000] {dag.py:3096} INFO - Sync 1 DAGs
[2024-07-07T07:58:41.694+0000] {logging_mixin.py:188} INFO - [2024-07-07T07:58:41.693+0000] {dag.py:3954} INFO - Setting next_dagrun for exchange_rate_dag to 2024-07-07 00:00:00+00:00, run_after=2024-07-08 00:00:00+00:00
[2024-07-07T07:58:41.722+0000] {processor.py:183} INFO - Processing /opt/airflow/dags/my_dag.py took 1.318 seconds
[2024-07-07T07:59:11.884+0000] {processor.py:161} INFO - Started process (PID=5089) to work on /opt/airflow/dags/my_dag.py
[2024-07-07T07:59:11.885+0000] {processor.py:830} INFO - Processing file /opt/airflow/dags/my_dag.py for tasks to queue
[2024-07-07T07:59:11.886+0000] {logging_mixin.py:188} INFO - [2024-07-07T07:59:11.886+0000] {dagbag.py:545} INFO - Filling up the DagBag from /opt/airflow/dags/my_dag.py
[2024-07-07T07:59:12.981+0000] {processor.py:840} INFO - DAG(s) 'exchange_rate_dag' retrieved from /opt/airflow/dags/my_dag.py
[2024-07-07T07:59:13.117+0000] {logging_mixin.py:188} INFO - [2024-07-07T07:59:13.116+0000] {dag.py:3096} INFO - Sync 1 DAGs
[2024-07-07T07:59:13.142+0000] {logging_mixin.py:188} INFO - [2024-07-07T07:59:13.142+0000] {dag.py:3954} INFO - Setting next_dagrun for exchange_rate_dag to 2024-07-07 00:00:00+00:00, run_after=2024-07-08 00:00:00+00:00
[2024-07-07T07:59:13.168+0000] {processor.py:183} INFO - Processing /opt/airflow/dags/my_dag.py took 1.293 seconds
[2024-07-07T07:59:43.309+0000] {processor.py:161} INFO - Started process (PID=5150) to work on /opt/airflow/dags/my_dag.py
[2024-07-07T07:59:43.311+0000] {processor.py:830} INFO - Processing file /opt/airflow/dags/my_dag.py for tasks to queue
[2024-07-07T07:59:43.312+0000] {logging_mixin.py:188} INFO - [2024-07-07T07:59:43.312+0000] {dagbag.py:545} INFO - Filling up the DagBag from /opt/airflow/dags/my_dag.py
[2024-07-07T07:59:44.515+0000] {processor.py:840} INFO - DAG(s) 'exchange_rate_dag' retrieved from /opt/airflow/dags/my_dag.py
[2024-07-07T07:59:44.644+0000] {logging_mixin.py:188} INFO - [2024-07-07T07:59:44.643+0000] {dag.py:3096} INFO - Sync 1 DAGs
[2024-07-07T07:59:44.667+0000] {logging_mixin.py:188} INFO - [2024-07-07T07:59:44.667+0000] {dag.py:3954} INFO - Setting next_dagrun for exchange_rate_dag to 2024-07-07 00:00:00+00:00, run_after=2024-07-08 00:00:00+00:00
[2024-07-07T07:59:44.689+0000] {processor.py:183} INFO - Processing /opt/airflow/dags/my_dag.py took 1.388 seconds
[2024-07-07T08:00:15.386+0000] {processor.py:161} INFO - Started process (PID=5210) to work on /opt/airflow/dags/my_dag.py
[2024-07-07T08:00:15.389+0000] {processor.py:830} INFO - Processing file /opt/airflow/dags/my_dag.py for tasks to queue
[2024-07-07T08:00:15.392+0000] {logging_mixin.py:188} INFO - [2024-07-07T08:00:15.391+0000] {dagbag.py:545} INFO - Filling up the DagBag from /opt/airflow/dags/my_dag.py
[2024-07-07T08:00:16.452+0000] {processor.py:840} INFO - DAG(s) 'exchange_rate_dag' retrieved from /opt/airflow/dags/my_dag.py
[2024-07-07T08:00:16.566+0000] {logging_mixin.py:188} INFO - [2024-07-07T08:00:16.566+0000] {dag.py:3096} INFO - Sync 1 DAGs
[2024-07-07T08:00:16.586+0000] {logging_mixin.py:188} INFO - [2024-07-07T08:00:16.586+0000] {dag.py:3954} INFO - Setting next_dagrun for exchange_rate_dag to 2024-07-07 00:00:00+00:00, run_after=2024-07-08 00:00:00+00:00
[2024-07-07T08:00:16.626+0000] {processor.py:183} INFO - Processing /opt/airflow/dags/my_dag.py took 1.255 seconds
[2024-07-07T08:00:47.371+0000] {processor.py:161} INFO - Started process (PID=5272) to work on /opt/airflow/dags/my_dag.py
[2024-07-07T08:00:47.373+0000] {processor.py:830} INFO - Processing file /opt/airflow/dags/my_dag.py for tasks to queue
[2024-07-07T08:00:47.374+0000] {logging_mixin.py:188} INFO - [2024-07-07T08:00:47.374+0000] {dagbag.py:545} INFO - Filling up the DagBag from /opt/airflow/dags/my_dag.py
[2024-07-07T08:00:48.497+0000] {processor.py:840} INFO - DAG(s) 'exchange_rate_dag' retrieved from /opt/airflow/dags/my_dag.py
[2024-07-07T08:00:48.623+0000] {logging_mixin.py:188} INFO - [2024-07-07T08:00:48.622+0000] {dag.py:3096} INFO - Sync 1 DAGs
[2024-07-07T08:00:48.643+0000] {logging_mixin.py:188} INFO - [2024-07-07T08:00:48.643+0000] {dag.py:3954} INFO - Setting next_dagrun for exchange_rate_dag to 2024-07-07 00:00:00+00:00, run_after=2024-07-08 00:00:00+00:00
[2024-07-07T08:00:48.690+0000] {processor.py:183} INFO - Processing /opt/airflow/dags/my_dag.py took 1.332 seconds
[2024-07-07T08:05:29.779+0000] {processor.py:161} INFO - Started process (PID=5312) to work on /opt/airflow/dags/my_dag.py
[2024-07-07T08:05:29.792+0000] {processor.py:830} INFO - Processing file /opt/airflow/dags/my_dag.py for tasks to queue
[2024-07-07T08:05:29.802+0000] {logging_mixin.py:188} INFO - [2024-07-07T08:05:29.801+0000] {dagbag.py:545} INFO - Filling up the DagBag from /opt/airflow/dags/my_dag.py
[2024-07-07T08:05:33.924+0000] {processor.py:840} INFO - DAG(s) 'exchange_rate_dag' retrieved from /opt/airflow/dags/my_dag.py
[2024-07-07T08:05:34.428+0000] {logging_mixin.py:188} INFO - [2024-07-07T08:05:34.427+0000] {dag.py:3096} INFO - Sync 1 DAGs
[2024-07-07T08:05:34.502+0000] {logging_mixin.py:188} INFO - [2024-07-07T08:05:34.501+0000] {dag.py:3954} INFO - Setting next_dagrun for exchange_rate_dag to 2024-07-07 00:00:00+00:00, run_after=2024-07-08 00:00:00+00:00
[2024-07-07T08:05:34.604+0000] {processor.py:183} INFO - Processing /opt/airflow/dags/my_dag.py took 4.850 seconds
[2024-07-07T08:06:05.525+0000] {processor.py:161} INFO - Started process (PID=5381) to work on /opt/airflow/dags/my_dag.py
[2024-07-07T08:06:05.527+0000] {processor.py:830} INFO - Processing file /opt/airflow/dags/my_dag.py for tasks to queue
[2024-07-07T08:06:05.536+0000] {logging_mixin.py:188} INFO - [2024-07-07T08:06:05.534+0000] {dagbag.py:545} INFO - Filling up the DagBag from /opt/airflow/dags/my_dag.py
[2024-07-07T08:06:07.191+0000] {processor.py:840} INFO - DAG(s) 'exchange_rate_dag' retrieved from /opt/airflow/dags/my_dag.py
[2024-07-07T08:06:07.437+0000] {logging_mixin.py:188} INFO - [2024-07-07T08:06:07.435+0000] {dag.py:3096} INFO - Sync 1 DAGs
[2024-07-07T08:06:07.519+0000] {logging_mixin.py:188} INFO - [2024-07-07T08:06:07.519+0000] {dag.py:3954} INFO - Setting next_dagrun for exchange_rate_dag to 2024-07-07 00:00:00+00:00, run_after=2024-07-08 00:00:00+00:00
[2024-07-07T08:06:07.612+0000] {processor.py:183} INFO - Processing /opt/airflow/dags/my_dag.py took 2.107 seconds
