[2024-07-06T21:01:58.876+0000] {local_task_job_runner.py:120} INFO - ::group::Pre task execution logs
[2024-07-06T21:01:58.909+0000] {taskinstance.py:2076} INFO - Dependencies all met for dep_context=non-requeueable deps ti=<TaskInstance: exchange_rate_dag.create_clickhouse_table manual__2024-07-06T21:01:53.885273+00:00 [queued]>
[2024-07-06T21:01:58.925+0000] {taskinstance.py:2076} INFO - Dependencies all met for dep_context=requeueable deps ti=<TaskInstance: exchange_rate_dag.create_clickhouse_table manual__2024-07-06T21:01:53.885273+00:00 [queued]>
[2024-07-06T21:01:58.933+0000] {taskinstance.py:2306} INFO - Starting attempt 1 of 4
[2024-07-06T21:01:58.957+0000] {taskinstance.py:2330} INFO - Executing <Task(PythonOperator): create_clickhouse_table> on 2024-07-06 21:01:53.885273+00:00
[2024-07-06T21:01:58.966+0000] {warnings.py:112} WARNING - /home/***/.local/lib/python3.12/site-packages/***/task/task_runner/standard_task_runner.py:61: DeprecationWarning: This process (pid=137) is multi-threaded, use of fork() may lead to deadlocks in the child.
  pid = os.fork()

[2024-07-06T21:01:58.971+0000] {standard_task_runner.py:63} INFO - Started process 139 to run task
[2024-07-06T21:01:58.969+0000] {standard_task_runner.py:90} INFO - Running: ['***', 'tasks', 'run', 'exchange_rate_dag', 'create_clickhouse_table', 'manual__2024-07-06T21:01:53.885273+00:00', '--job-id', '24', '--raw', '--subdir', 'DAGS_FOLDER/my_dag.py', '--cfg-path', '/tmp/tmpklu7qn8r']
[2024-07-06T21:01:58.972+0000] {standard_task_runner.py:91} INFO - Job 24: Subtask create_clickhouse_table
[2024-07-06T21:01:59.042+0000] {task_command.py:426} INFO - Running <TaskInstance: exchange_rate_dag.create_clickhouse_table manual__2024-07-06T21:01:53.885273+00:00 [running]> on host f7d3fdbe2e14
[2024-07-06T21:01:59.209+0000] {taskinstance.py:2648} INFO - Exporting env vars: AIRFLOW_CTX_DAG_OWNER='Rachel' AIRFLOW_CTX_DAG_ID='exchange_rate_dag' AIRFLOW_CTX_TASK_ID='create_clickhouse_table' AIRFLOW_CTX_EXECUTION_DATE='2024-07-06T21:01:53.885273+00:00' AIRFLOW_CTX_TRY_NUMBER='1' AIRFLOW_CTX_DAG_RUN_ID='manual__2024-07-06T21:01:53.885273+00:00'
[2024-07-06T21:01:59.211+0000] {taskinstance.py:430} INFO - ::endgroup::
[2024-07-06T21:02:15.983+0000] {logging_mixin.py:188} INFO - Table 'exchange_rates' dropped successfully.
[2024-07-06T21:02:16.216+0000] {logging_mixin.py:188} INFO - Table 'exchange_rates' created successfully.
[2024-07-06T21:02:16.218+0000] {python.py:237} INFO - Done. Returned value was: None
[2024-07-06T21:02:16.219+0000] {taskinstance.py:441} INFO - ::group::Post task execution logs
[2024-07-06T21:02:16.237+0000] {taskinstance.py:1206} INFO - Marking task as SUCCESS. dag_id=exchange_rate_dag, task_id=create_clickhouse_table, run_id=manual__2024-07-06T21:01:53.885273+00:00, execution_date=20240706T210153, start_date=20240706T210158, end_date=20240706T210216
[2024-07-06T21:02:16.279+0000] {local_task_job_runner.py:240} INFO - Task exited with return code 0
[2024-07-06T21:02:16.315+0000] {taskinstance.py:3503} INFO - 1 downstream tasks scheduled from follow-on schedule check
[2024-07-06T21:02:16.317+0000] {local_task_job_runner.py:222} INFO - ::endgroup::
