[2024-07-06T23:44:37.332+0000] {local_task_job_runner.py:120} INFO - ::group::Pre task execution logs
[2024-07-06T23:44:37.406+0000] {taskinstance.py:2076} INFO - Dependencies all met for dep_context=non-requeueable deps ti=<TaskInstance: exchange_rate_dag.fetch_and_store_exchange_rates manual__2024-07-06T23:43:56.222900+00:00 [queued]>
[2024-07-06T23:44:37.433+0000] {taskinstance.py:2076} INFO - Dependencies all met for dep_context=requeueable deps ti=<TaskInstance: exchange_rate_dag.fetch_and_store_exchange_rates manual__2024-07-06T23:43:56.222900+00:00 [queued]>
[2024-07-06T23:44:37.435+0000] {taskinstance.py:2306} INFO - Starting attempt 1 of 4
[2024-07-06T23:44:37.475+0000] {taskinstance.py:2330} INFO - Executing <Task(PythonOperator): fetch_and_store_exchange_rates> on 2024-07-06 23:43:56.222900+00:00
[2024-07-06T23:44:37.492+0000] {warnings.py:112} WARNING - /home/***/.local/lib/python3.12/site-packages/***/task/task_runner/standard_task_runner.py:61: DeprecationWarning: This process (pid=131) is multi-threaded, use of fork() may lead to deadlocks in the child.
  pid = os.fork()

[2024-07-06T23:44:37.498+0000] {standard_task_runner.py:63} INFO - Started process 133 to run task
[2024-07-06T23:44:37.499+0000] {standard_task_runner.py:90} INFO - Running: ['***', 'tasks', 'run', 'exchange_rate_dag', 'fetch_and_store_exchange_rates', 'manual__2024-07-06T23:43:56.222900+00:00', '--job-id', '94', '--raw', '--subdir', 'DAGS_FOLDER/my_dag.py', '--cfg-path', '/tmp/tmpkgry8krj']
[2024-07-06T23:44:37.503+0000] {standard_task_runner.py:91} INFO - Job 94: Subtask fetch_and_store_exchange_rates
[2024-07-06T23:44:37.624+0000] {task_command.py:426} INFO - Running <TaskInstance: exchange_rate_dag.fetch_and_store_exchange_rates manual__2024-07-06T23:43:56.222900+00:00 [running]> on host b3dfbdb6a59d
[2024-07-06T23:44:38.032+0000] {taskinstance.py:2648} INFO - Exporting env vars: AIRFLOW_CTX_DAG_OWNER='Rachel' AIRFLOW_CTX_DAG_ID='exchange_rate_dag' AIRFLOW_CTX_TASK_ID='fetch_and_store_exchange_rates' AIRFLOW_CTX_EXECUTION_DATE='2024-07-06T23:43:56.222900+00:00' AIRFLOW_CTX_TRY_NUMBER='1' AIRFLOW_CTX_DAG_RUN_ID='manual__2024-07-06T23:43:56.222900+00:00'
[2024-07-06T23:44:38.036+0000] {taskinstance.py:430} INFO - ::endgroup::
[2024-07-06T23:44:38.050+0000] {warnings.py:112} WARNING - /opt/***/dags/my_dag.py:27: RuntimeWarning: coroutine 'save_to_minio' was never awaited
  save_to_minio(exchange_rate_data)

[2024-07-06T23:44:38.052+0000] {warnings.py:112} WARNING - /home/***/.local/lib/python3.12/site-packages/***/operators/python.py:252: RuntimeWarning: coroutine 'get_exchange_rates' was never awaited
  return self.python_callable(*self.op_args, **self.op_kwargs)

[2024-07-06T23:44:38.054+0000] {python.py:237} INFO - Done. Returned value was: None
[2024-07-06T23:44:38.055+0000] {taskinstance.py:441} INFO - ::group::Post task execution logs
[2024-07-06T23:44:38.082+0000] {taskinstance.py:1206} INFO - Marking task as SUCCESS. dag_id=exchange_rate_dag, task_id=fetch_and_store_exchange_rates, run_id=manual__2024-07-06T23:43:56.222900+00:00, execution_date=20240706T234356, start_date=20240706T234437, end_date=20240706T234438
[2024-07-06T23:44:38.160+0000] {local_task_job_runner.py:240} INFO - Task exited with return code 0
[2024-07-06T23:44:38.308+0000] {taskinstance.py:3503} INFO - 1 downstream tasks scheduled from follow-on schedule check
[2024-07-06T23:44:38.315+0000] {local_task_job_runner.py:222} INFO - ::endgroup::
