[2024-07-06T20:18:15.615+0000] {local_task_job_runner.py:120} INFO - ::group::Pre task execution logs
[2024-07-06T20:18:15.663+0000] {taskinstance.py:2076} INFO - Dependencies all met for dep_context=non-requeueable deps ti=<TaskInstance: exchange_rate_dag.create_clickhouse_table manual__2024-07-06T20:18:10.253243+00:00 [queued]>
[2024-07-06T20:18:15.673+0000] {taskinstance.py:2076} INFO - Dependencies all met for dep_context=requeueable deps ti=<TaskInstance: exchange_rate_dag.create_clickhouse_table manual__2024-07-06T20:18:10.253243+00:00 [queued]>
[2024-07-06T20:18:15.674+0000] {taskinstance.py:2306} INFO - Starting attempt 1 of 2
[2024-07-06T20:18:15.699+0000] {taskinstance.py:2330} INFO - Executing <Task(PythonOperator): create_clickhouse_table> on 2024-07-06 20:18:10.253243+00:00
[2024-07-06T20:18:15.709+0000] {warnings.py:112} WARNING - /home/***/.local/lib/python3.12/site-packages/***/task/task_runner/standard_task_runner.py:61: DeprecationWarning: This process (pid=269) is multi-threaded, use of fork() may lead to deadlocks in the child.
  pid = os.fork()

[2024-07-06T20:18:15.711+0000] {standard_task_runner.py:63} INFO - Started process 278 to run task
[2024-07-06T20:18:15.734+0000] {standard_task_runner.py:90} INFO - Running: ['***', 'tasks', 'run', 'exchange_rate_dag', 'create_clickhouse_table', 'manual__2024-07-06T20:18:10.253243+00:00', '--job-id', '7', '--raw', '--subdir', 'DAGS_FOLDER/my_dag.py', '--cfg-path', '/tmp/tmpk6r5syxo']
[2024-07-06T20:18:15.736+0000] {standard_task_runner.py:91} INFO - Job 7: Subtask create_clickhouse_table
[2024-07-06T20:18:15.894+0000] {task_command.py:426} INFO - Running <TaskInstance: exchange_rate_dag.create_clickhouse_table manual__2024-07-06T20:18:10.253243+00:00 [running]> on host 252704dd37e0
[2024-07-06T20:18:16.156+0000] {taskinstance.py:2648} INFO - Exporting env vars: AIRFLOW_CTX_DAG_OWNER='Rachel' AIRFLOW_CTX_DAG_ID='exchange_rate_dag' AIRFLOW_CTX_TASK_ID='create_clickhouse_table' AIRFLOW_CTX_EXECUTION_DATE='2024-07-06T20:18:10.253243+00:00' AIRFLOW_CTX_TRY_NUMBER='1' AIRFLOW_CTX_DAG_RUN_ID='manual__2024-07-06T20:18:10.253243+00:00'
[2024-07-06T20:18:16.158+0000] {taskinstance.py:430} INFO - ::endgroup::
[2024-07-06T20:18:40.134+0000] {logging_mixin.py:188} INFO - Table 'exchange_rates' dropped successfully.
[2024-07-06T20:18:40.371+0000] {logging_mixin.py:188} INFO - Table 'exchange_rates' created successfully.
[2024-07-06T20:18:40.372+0000] {python.py:237} INFO - Done. Returned value was: None
[2024-07-06T20:18:40.373+0000] {taskinstance.py:441} INFO - ::group::Post task execution logs
[2024-07-06T20:18:40.386+0000] {taskinstance.py:1206} INFO - Marking task as SUCCESS. dag_id=exchange_rate_dag, task_id=create_clickhouse_table, run_id=manual__2024-07-06T20:18:10.253243+00:00, execution_date=20240706T201810, start_date=20240706T201815, end_date=20240706T201840
[2024-07-06T20:18:40.436+0000] {local_task_job_runner.py:240} INFO - Task exited with return code 0
[2024-07-06T20:18:40.480+0000] {taskinstance.py:3503} INFO - 1 downstream tasks scheduled from follow-on schedule check
[2024-07-06T20:18:40.482+0000] {local_task_job_runner.py:222} INFO - ::endgroup::
