[2024-07-06T21:26:07.802+0000] {local_task_job_runner.py:120} INFO - ::group::Pre task execution logs
[2024-07-06T21:26:07.849+0000] {taskinstance.py:2076} INFO - Dependencies all met for dep_context=non-requeueable deps ti=<TaskInstance: exchange_rate_dag.fetch_and_store_exchange_rates manual__2024-07-06T21:25:55.894142+00:00 [queued]>
[2024-07-06T21:26:07.867+0000] {taskinstance.py:2076} INFO - Dependencies all met for dep_context=requeueable deps ti=<TaskInstance: exchange_rate_dag.fetch_and_store_exchange_rates manual__2024-07-06T21:25:55.894142+00:00 [queued]>
[2024-07-06T21:26:07.875+0000] {taskinstance.py:2306} INFO - Starting attempt 1 of 4
[2024-07-06T21:26:07.903+0000] {taskinstance.py:2330} INFO - Executing <Task(PythonOperator): fetch_and_store_exchange_rates> on 2024-07-06 21:25:55.894142+00:00
[2024-07-06T21:26:07.915+0000] {warnings.py:112} WARNING - /home/***/.local/lib/python3.12/site-packages/***/task/task_runner/standard_task_runner.py:61: DeprecationWarning: This process (pid=455) is multi-threaded, use of fork() may lead to deadlocks in the child.
  pid = os.fork()

[2024-07-06T21:26:07.920+0000] {standard_task_runner.py:63} INFO - Started process 464 to run task
[2024-07-06T21:26:07.920+0000] {standard_task_runner.py:90} INFO - Running: ['***', 'tasks', 'run', 'exchange_rate_dag', 'fetch_and_store_exchange_rates', 'manual__2024-07-06T21:25:55.894142+00:00', '--job-id', '38', '--raw', '--subdir', 'DAGS_FOLDER/my_dag.py', '--cfg-path', '/tmp/tmpkvwwnqij']
[2024-07-06T21:26:07.923+0000] {standard_task_runner.py:91} INFO - Job 38: Subtask fetch_and_store_exchange_rates
[2024-07-06T21:26:08.019+0000] {task_command.py:426} INFO - Running <TaskInstance: exchange_rate_dag.fetch_and_store_exchange_rates manual__2024-07-06T21:25:55.894142+00:00 [running]> on host f7d3fdbe2e14
[2024-07-06T21:26:08.220+0000] {taskinstance.py:2648} INFO - Exporting env vars: AIRFLOW_CTX_DAG_OWNER='Rachel' AIRFLOW_CTX_DAG_ID='exchange_rate_dag' AIRFLOW_CTX_TASK_ID='fetch_and_store_exchange_rates' AIRFLOW_CTX_EXECUTION_DATE='2024-07-06T21:25:55.894142+00:00' AIRFLOW_CTX_TRY_NUMBER='1' AIRFLOW_CTX_DAG_RUN_ID='manual__2024-07-06T21:25:55.894142+00:00'
[2024-07-06T21:26:08.222+0000] {taskinstance.py:430} INFO - ::endgroup::
[2024-07-06T21:26:08.229+0000] {warnings.py:112} WARNING - /opt/***/dags/my_dag.py:27: RuntimeWarning: coroutine 'save_to_minio' was never awaited
  save_to_minio(exchange_rate_data)

[2024-07-06T21:26:08.230+0000] {warnings.py:112} WARNING - /home/***/.local/lib/python3.12/site-packages/***/operators/python.py:252: RuntimeWarning: coroutine 'get_exchange_rates' was never awaited
  return self.python_callable(*self.op_args, **self.op_kwargs)

[2024-07-06T21:26:08.231+0000] {python.py:237} INFO - Done. Returned value was: None
[2024-07-06T21:26:08.232+0000] {taskinstance.py:441} INFO - ::group::Post task execution logs
[2024-07-06T21:26:08.248+0000] {taskinstance.py:1206} INFO - Marking task as SUCCESS. dag_id=exchange_rate_dag, task_id=fetch_and_store_exchange_rates, run_id=manual__2024-07-06T21:25:55.894142+00:00, execution_date=20240706T212555, start_date=20240706T212607, end_date=20240706T212608
[2024-07-06T21:26:08.298+0000] {local_task_job_runner.py:240} INFO - Task exited with return code 0
[2024-07-06T21:26:08.359+0000] {taskinstance.py:3503} INFO - 1 downstream tasks scheduled from follow-on schedule check
[2024-07-06T21:26:08.369+0000] {local_task_job_runner.py:222} INFO - ::endgroup::
