[2024-07-07T00:00:11.684+0000] {processor.py:161} INFO - Started process (PID=2301) to work on /home/airflow/.local/lib/python3.12/site-packages/airflow/example_dags/example_nested_branch_dag.py
[2024-07-07T00:00:11.688+0000] {processor.py:830} INFO - Processing file /home/airflow/.local/lib/python3.12/site-packages/airflow/example_dags/example_nested_branch_dag.py for tasks to queue
[2024-07-07T00:00:11.702+0000] {logging_mixin.py:188} INFO - [2024-07-07T00:00:11.699+0000] {dagbag.py:545} INFO - Filling up the DagBag from /home/airflow/.local/lib/python3.12/site-packages/airflow/example_dags/example_nested_branch_dag.py
[2024-07-07T00:00:11.772+0000] {processor.py:840} INFO - DAG(s) 'example_nested_branch_dag' retrieved from /home/airflow/.local/lib/python3.12/site-packages/airflow/example_dags/example_nested_branch_dag.py
[2024-07-07T00:00:11.897+0000] {logging_mixin.py:188} INFO - [2024-07-07T00:00:11.896+0000] {dag.py:3096} INFO - Sync 1 DAGs
[2024-07-07T00:00:12.018+0000] {logging_mixin.py:188} INFO - [2024-07-07T00:00:12.017+0000] {dag.py:3954} INFO - Setting next_dagrun for example_nested_branch_dag to 2024-07-06 00:00:00+00:00, run_after=2024-07-07 00:00:00+00:00
[2024-07-07T00:00:12.133+0000] {processor.py:183} INFO - Processing /home/airflow/.local/lib/python3.12/site-packages/airflow/example_dags/example_nested_branch_dag.py took 0.478 seconds
[2024-07-07T00:00:42.462+0000] {processor.py:161} INFO - Started process (PID=2360) to work on /home/airflow/.local/lib/python3.12/site-packages/airflow/example_dags/example_nested_branch_dag.py
[2024-07-07T00:00:42.466+0000] {processor.py:830} INFO - Processing file /home/airflow/.local/lib/python3.12/site-packages/airflow/example_dags/example_nested_branch_dag.py for tasks to queue
[2024-07-07T00:00:42.472+0000] {logging_mixin.py:188} INFO - [2024-07-07T00:00:42.471+0000] {dagbag.py:545} INFO - Filling up the DagBag from /home/airflow/.local/lib/python3.12/site-packages/airflow/example_dags/example_nested_branch_dag.py
[2024-07-07T00:00:42.504+0000] {processor.py:840} INFO - DAG(s) 'example_nested_branch_dag' retrieved from /home/airflow/.local/lib/python3.12/site-packages/airflow/example_dags/example_nested_branch_dag.py
[2024-07-07T00:00:42.575+0000] {logging_mixin.py:188} INFO - [2024-07-07T00:00:42.572+0000] {dag.py:3096} INFO - Sync 1 DAGs
[2024-07-07T00:00:42.650+0000] {logging_mixin.py:188} INFO - [2024-07-07T00:00:42.649+0000] {dag.py:3954} INFO - Setting next_dagrun for example_nested_branch_dag to 2024-07-06 00:00:00+00:00, run_after=2024-07-07 00:00:00+00:00
[2024-07-07T00:00:42.711+0000] {processor.py:183} INFO - Processing /home/airflow/.local/lib/python3.12/site-packages/airflow/example_dags/example_nested_branch_dag.py took 0.274 seconds
[2024-07-07T00:01:12.991+0000] {processor.py:161} INFO - Started process (PID=2420) to work on /home/airflow/.local/lib/python3.12/site-packages/airflow/example_dags/example_nested_branch_dag.py
[2024-07-07T00:01:12.997+0000] {processor.py:830} INFO - Processing file /home/airflow/.local/lib/python3.12/site-packages/airflow/example_dags/example_nested_branch_dag.py for tasks to queue
[2024-07-07T00:01:13.009+0000] {logging_mixin.py:188} INFO - [2024-07-07T00:01:13.007+0000] {dagbag.py:545} INFO - Filling up the DagBag from /home/airflow/.local/lib/python3.12/site-packages/airflow/example_dags/example_nested_branch_dag.py
[2024-07-07T00:01:13.088+0000] {processor.py:840} INFO - DAG(s) 'example_nested_branch_dag' retrieved from /home/airflow/.local/lib/python3.12/site-packages/airflow/example_dags/example_nested_branch_dag.py
[2024-07-07T00:01:13.219+0000] {logging_mixin.py:188} INFO - [2024-07-07T00:01:13.218+0000] {dag.py:3096} INFO - Sync 1 DAGs
[2024-07-07T00:01:13.353+0000] {logging_mixin.py:188} INFO - [2024-07-07T00:01:13.352+0000] {dag.py:3954} INFO - Setting next_dagrun for example_nested_branch_dag to 2024-07-06 00:00:00+00:00, run_after=2024-07-07 00:00:00+00:00
[2024-07-07T00:01:13.520+0000] {processor.py:183} INFO - Processing /home/airflow/.local/lib/python3.12/site-packages/airflow/example_dags/example_nested_branch_dag.py took 0.576 seconds
[2024-07-07T00:01:44.043+0000] {processor.py:161} INFO - Started process (PID=2480) to work on /home/airflow/.local/lib/python3.12/site-packages/airflow/example_dags/example_nested_branch_dag.py
[2024-07-07T00:01:44.045+0000] {processor.py:830} INFO - Processing file /home/airflow/.local/lib/python3.12/site-packages/airflow/example_dags/example_nested_branch_dag.py for tasks to queue
[2024-07-07T00:01:44.050+0000] {logging_mixin.py:188} INFO - [2024-07-07T00:01:44.049+0000] {dagbag.py:545} INFO - Filling up the DagBag from /home/airflow/.local/lib/python3.12/site-packages/airflow/example_dags/example_nested_branch_dag.py
[2024-07-07T00:01:44.075+0000] {processor.py:840} INFO - DAG(s) 'example_nested_branch_dag' retrieved from /home/airflow/.local/lib/python3.12/site-packages/airflow/example_dags/example_nested_branch_dag.py
[2024-07-07T00:01:44.118+0000] {logging_mixin.py:188} INFO - [2024-07-07T00:01:44.118+0000] {dag.py:3096} INFO - Sync 1 DAGs
[2024-07-07T00:01:44.189+0000] {logging_mixin.py:188} INFO - [2024-07-07T00:01:44.189+0000] {dag.py:3954} INFO - Setting next_dagrun for example_nested_branch_dag to 2024-07-06 00:00:00+00:00, run_after=2024-07-07 00:00:00+00:00
[2024-07-07T00:01:44.272+0000] {processor.py:183} INFO - Processing /home/airflow/.local/lib/python3.12/site-packages/airflow/example_dags/example_nested_branch_dag.py took 0.261 seconds
[2024-07-07T00:02:14.976+0000] {processor.py:161} INFO - Started process (PID=2540) to work on /home/airflow/.local/lib/python3.12/site-packages/airflow/example_dags/example_nested_branch_dag.py
[2024-07-07T00:02:14.981+0000] {processor.py:830} INFO - Processing file /home/airflow/.local/lib/python3.12/site-packages/airflow/example_dags/example_nested_branch_dag.py for tasks to queue
[2024-07-07T00:02:14.992+0000] {logging_mixin.py:188} INFO - [2024-07-07T00:02:14.991+0000] {dagbag.py:545} INFO - Filling up the DagBag from /home/airflow/.local/lib/python3.12/site-packages/airflow/example_dags/example_nested_branch_dag.py
[2024-07-07T00:02:15.025+0000] {processor.py:840} INFO - DAG(s) 'example_nested_branch_dag' retrieved from /home/airflow/.local/lib/python3.12/site-packages/airflow/example_dags/example_nested_branch_dag.py
[2024-07-07T00:02:15.135+0000] {logging_mixin.py:188} INFO - [2024-07-07T00:02:15.134+0000] {dag.py:3096} INFO - Sync 1 DAGs
[2024-07-07T00:02:15.222+0000] {logging_mixin.py:188} INFO - [2024-07-07T00:02:15.222+0000] {dag.py:3954} INFO - Setting next_dagrun for example_nested_branch_dag to 2024-07-06 00:00:00+00:00, run_after=2024-07-07 00:00:00+00:00
[2024-07-07T00:02:15.277+0000] {processor.py:183} INFO - Processing /home/airflow/.local/lib/python3.12/site-packages/airflow/example_dags/example_nested_branch_dag.py took 0.345 seconds
[2024-07-07T00:02:45.606+0000] {processor.py:161} INFO - Started process (PID=2600) to work on /home/airflow/.local/lib/python3.12/site-packages/airflow/example_dags/example_nested_branch_dag.py
[2024-07-07T00:02:45.609+0000] {processor.py:830} INFO - Processing file /home/airflow/.local/lib/python3.12/site-packages/airflow/example_dags/example_nested_branch_dag.py for tasks to queue
[2024-07-07T00:02:45.620+0000] {logging_mixin.py:188} INFO - [2024-07-07T00:02:45.619+0000] {dagbag.py:545} INFO - Filling up the DagBag from /home/airflow/.local/lib/python3.12/site-packages/airflow/example_dags/example_nested_branch_dag.py
[2024-07-07T00:02:45.661+0000] {processor.py:840} INFO - DAG(s) 'example_nested_branch_dag' retrieved from /home/airflow/.local/lib/python3.12/site-packages/airflow/example_dags/example_nested_branch_dag.py
[2024-07-07T00:02:45.730+0000] {logging_mixin.py:188} INFO - [2024-07-07T00:02:45.730+0000] {dag.py:3096} INFO - Sync 1 DAGs
[2024-07-07T00:02:45.816+0000] {logging_mixin.py:188} INFO - [2024-07-07T00:02:45.815+0000] {dag.py:3954} INFO - Setting next_dagrun for example_nested_branch_dag to 2024-07-06 00:00:00+00:00, run_after=2024-07-07 00:00:00+00:00
[2024-07-07T00:02:45.886+0000] {processor.py:183} INFO - Processing /home/airflow/.local/lib/python3.12/site-packages/airflow/example_dags/example_nested_branch_dag.py took 0.307 seconds
[2024-07-07T00:03:16.595+0000] {processor.py:161} INFO - Started process (PID=2661) to work on /home/airflow/.local/lib/python3.12/site-packages/airflow/example_dags/example_nested_branch_dag.py
[2024-07-07T00:03:16.598+0000] {processor.py:830} INFO - Processing file /home/airflow/.local/lib/python3.12/site-packages/airflow/example_dags/example_nested_branch_dag.py for tasks to queue
[2024-07-07T00:03:16.605+0000] {logging_mixin.py:188} INFO - [2024-07-07T00:03:16.605+0000] {dagbag.py:545} INFO - Filling up the DagBag from /home/airflow/.local/lib/python3.12/site-packages/airflow/example_dags/example_nested_branch_dag.py
[2024-07-07T00:03:16.642+0000] {processor.py:840} INFO - DAG(s) 'example_nested_branch_dag' retrieved from /home/airflow/.local/lib/python3.12/site-packages/airflow/example_dags/example_nested_branch_dag.py
[2024-07-07T00:03:16.718+0000] {logging_mixin.py:188} INFO - [2024-07-07T00:03:16.717+0000] {dag.py:3096} INFO - Sync 1 DAGs
[2024-07-07T00:03:16.804+0000] {logging_mixin.py:188} INFO - [2024-07-07T00:03:16.803+0000] {dag.py:3954} INFO - Setting next_dagrun for example_nested_branch_dag to 2024-07-06 00:00:00+00:00, run_after=2024-07-07 00:00:00+00:00
[2024-07-07T00:03:16.868+0000] {processor.py:183} INFO - Processing /home/airflow/.local/lib/python3.12/site-packages/airflow/example_dags/example_nested_branch_dag.py took 0.294 seconds
[2024-07-07T00:03:47.633+0000] {processor.py:161} INFO - Started process (PID=2719) to work on /home/airflow/.local/lib/python3.12/site-packages/airflow/example_dags/example_nested_branch_dag.py
[2024-07-07T00:03:47.638+0000] {processor.py:830} INFO - Processing file /home/airflow/.local/lib/python3.12/site-packages/airflow/example_dags/example_nested_branch_dag.py for tasks to queue
[2024-07-07T00:03:47.649+0000] {logging_mixin.py:188} INFO - [2024-07-07T00:03:47.647+0000] {dagbag.py:545} INFO - Filling up the DagBag from /home/airflow/.local/lib/python3.12/site-packages/airflow/example_dags/example_nested_branch_dag.py
[2024-07-07T00:03:47.699+0000] {processor.py:840} INFO - DAG(s) 'example_nested_branch_dag' retrieved from /home/airflow/.local/lib/python3.12/site-packages/airflow/example_dags/example_nested_branch_dag.py
[2024-07-07T00:03:47.774+0000] {logging_mixin.py:188} INFO - [2024-07-07T00:03:47.773+0000] {dag.py:3096} INFO - Sync 1 DAGs
[2024-07-07T00:03:47.860+0000] {logging_mixin.py:188} INFO - [2024-07-07T00:03:47.860+0000] {dag.py:3954} INFO - Setting next_dagrun for example_nested_branch_dag to 2024-07-06 00:00:00+00:00, run_after=2024-07-07 00:00:00+00:00
[2024-07-07T00:03:47.927+0000] {processor.py:183} INFO - Processing /home/airflow/.local/lib/python3.12/site-packages/airflow/example_dags/example_nested_branch_dag.py took 0.328 seconds
[2024-07-07T07:39:17.770+0000] {processor.py:161} INFO - Started process (PID=2752) to work on /home/airflow/.local/lib/python3.12/site-packages/airflow/example_dags/example_nested_branch_dag.py
[2024-07-07T07:39:17.773+0000] {processor.py:830} INFO - Processing file /home/airflow/.local/lib/python3.12/site-packages/airflow/example_dags/example_nested_branch_dag.py for tasks to queue
[2024-07-07T07:39:17.775+0000] {logging_mixin.py:188} INFO - [2024-07-07T07:39:17.774+0000] {dagbag.py:545} INFO - Filling up the DagBag from /home/airflow/.local/lib/python3.12/site-packages/airflow/example_dags/example_nested_branch_dag.py
[2024-07-07T07:39:17.885+0000] {processor.py:840} INFO - DAG(s) 'example_nested_branch_dag' retrieved from /home/airflow/.local/lib/python3.12/site-packages/airflow/example_dags/example_nested_branch_dag.py
[2024-07-07T07:39:18.058+0000] {logging_mixin.py:188} INFO - [2024-07-07T07:39:18.057+0000] {dag.py:3096} INFO - Sync 1 DAGs
[2024-07-07T07:39:18.189+0000] {logging_mixin.py:188} INFO - [2024-07-07T07:39:18.188+0000] {dag.py:3954} INFO - Setting next_dagrun for example_nested_branch_dag to 2024-07-06 00:00:00+00:00, run_after=2024-07-07 00:00:00+00:00
[2024-07-07T07:39:18.321+0000] {processor.py:183} INFO - Processing /home/airflow/.local/lib/python3.12/site-packages/airflow/example_dags/example_nested_branch_dag.py took 0.587 seconds
[2024-07-07T07:39:48.600+0000] {processor.py:161} INFO - Started process (PID=2811) to work on /home/airflow/.local/lib/python3.12/site-packages/airflow/example_dags/example_nested_branch_dag.py
[2024-07-07T07:39:48.602+0000] {processor.py:830} INFO - Processing file /home/airflow/.local/lib/python3.12/site-packages/airflow/example_dags/example_nested_branch_dag.py for tasks to queue
[2024-07-07T07:39:48.605+0000] {logging_mixin.py:188} INFO - [2024-07-07T07:39:48.604+0000] {dagbag.py:545} INFO - Filling up the DagBag from /home/airflow/.local/lib/python3.12/site-packages/airflow/example_dags/example_nested_branch_dag.py
[2024-07-07T07:39:48.628+0000] {processor.py:840} INFO - DAG(s) 'example_nested_branch_dag' retrieved from /home/airflow/.local/lib/python3.12/site-packages/airflow/example_dags/example_nested_branch_dag.py
[2024-07-07T07:39:48.678+0000] {logging_mixin.py:188} INFO - [2024-07-07T07:39:48.678+0000] {dag.py:3096} INFO - Sync 1 DAGs
[2024-07-07T07:39:48.722+0000] {logging_mixin.py:188} INFO - [2024-07-07T07:39:48.722+0000] {dag.py:3954} INFO - Setting next_dagrun for example_nested_branch_dag to 2024-07-06 00:00:00+00:00, run_after=2024-07-07 00:00:00+00:00
[2024-07-07T07:39:48.759+0000] {processor.py:183} INFO - Processing /home/airflow/.local/lib/python3.12/site-packages/airflow/example_dags/example_nested_branch_dag.py took 0.173 seconds
[2024-07-07T07:40:19.006+0000] {processor.py:161} INFO - Started process (PID=2869) to work on /home/airflow/.local/lib/python3.12/site-packages/airflow/example_dags/example_nested_branch_dag.py
[2024-07-07T07:40:19.008+0000] {processor.py:830} INFO - Processing file /home/airflow/.local/lib/python3.12/site-packages/airflow/example_dags/example_nested_branch_dag.py for tasks to queue
[2024-07-07T07:40:19.010+0000] {logging_mixin.py:188} INFO - [2024-07-07T07:40:19.009+0000] {dagbag.py:545} INFO - Filling up the DagBag from /home/airflow/.local/lib/python3.12/site-packages/airflow/example_dags/example_nested_branch_dag.py
[2024-07-07T07:40:19.023+0000] {processor.py:840} INFO - DAG(s) 'example_nested_branch_dag' retrieved from /home/airflow/.local/lib/python3.12/site-packages/airflow/example_dags/example_nested_branch_dag.py
[2024-07-07T07:40:19.051+0000] {logging_mixin.py:188} INFO - [2024-07-07T07:40:19.051+0000] {dag.py:3096} INFO - Sync 1 DAGs
[2024-07-07T07:40:19.076+0000] {logging_mixin.py:188} INFO - [2024-07-07T07:40:19.076+0000] {dag.py:3954} INFO - Setting next_dagrun for example_nested_branch_dag to 2024-07-06 00:00:00+00:00, run_after=2024-07-07 00:00:00+00:00
[2024-07-07T07:40:19.104+0000] {processor.py:183} INFO - Processing /home/airflow/.local/lib/python3.12/site-packages/airflow/example_dags/example_nested_branch_dag.py took 0.105 seconds
[2024-07-07T07:40:49.702+0000] {processor.py:161} INFO - Started process (PID=2929) to work on /home/airflow/.local/lib/python3.12/site-packages/airflow/example_dags/example_nested_branch_dag.py
[2024-07-07T07:40:49.705+0000] {processor.py:830} INFO - Processing file /home/airflow/.local/lib/python3.12/site-packages/airflow/example_dags/example_nested_branch_dag.py for tasks to queue
[2024-07-07T07:40:49.708+0000] {logging_mixin.py:188} INFO - [2024-07-07T07:40:49.707+0000] {dagbag.py:545} INFO - Filling up the DagBag from /home/airflow/.local/lib/python3.12/site-packages/airflow/example_dags/example_nested_branch_dag.py
[2024-07-07T07:40:49.739+0000] {processor.py:840} INFO - DAG(s) 'example_nested_branch_dag' retrieved from /home/airflow/.local/lib/python3.12/site-packages/airflow/example_dags/example_nested_branch_dag.py
[2024-07-07T07:40:49.838+0000] {logging_mixin.py:188} INFO - [2024-07-07T07:40:49.837+0000] {dag.py:3096} INFO - Sync 1 DAGs
[2024-07-07T07:40:49.921+0000] {logging_mixin.py:188} INFO - [2024-07-07T07:40:49.921+0000] {dag.py:3954} INFO - Setting next_dagrun for example_nested_branch_dag to 2024-07-06 00:00:00+00:00, run_after=2024-07-07 00:00:00+00:00
[2024-07-07T07:40:49.972+0000] {processor.py:183} INFO - Processing /home/airflow/.local/lib/python3.12/site-packages/airflow/example_dags/example_nested_branch_dag.py took 0.288 seconds
[2024-07-07T07:41:20.069+0000] {processor.py:161} INFO - Started process (PID=2989) to work on /home/airflow/.local/lib/python3.12/site-packages/airflow/example_dags/example_nested_branch_dag.py
[2024-07-07T07:41:20.072+0000] {processor.py:830} INFO - Processing file /home/airflow/.local/lib/python3.12/site-packages/airflow/example_dags/example_nested_branch_dag.py for tasks to queue
[2024-07-07T07:41:20.074+0000] {logging_mixin.py:188} INFO - [2024-07-07T07:41:20.074+0000] {dagbag.py:545} INFO - Filling up the DagBag from /home/airflow/.local/lib/python3.12/site-packages/airflow/example_dags/example_nested_branch_dag.py
[2024-07-07T07:41:20.098+0000] {processor.py:840} INFO - DAG(s) 'example_nested_branch_dag' retrieved from /home/airflow/.local/lib/python3.12/site-packages/airflow/example_dags/example_nested_branch_dag.py
[2024-07-07T07:41:20.148+0000] {logging_mixin.py:188} INFO - [2024-07-07T07:41:20.148+0000] {dag.py:3096} INFO - Sync 1 DAGs
[2024-07-07T07:41:20.199+0000] {logging_mixin.py:188} INFO - [2024-07-07T07:41:20.199+0000] {dag.py:3954} INFO - Setting next_dagrun for example_nested_branch_dag to 2024-07-06 00:00:00+00:00, run_after=2024-07-07 00:00:00+00:00
[2024-07-07T07:41:20.242+0000] {processor.py:183} INFO - Processing /home/airflow/.local/lib/python3.12/site-packages/airflow/example_dags/example_nested_branch_dag.py took 0.188 seconds
[2024-07-07T07:41:51.355+0000] {processor.py:161} INFO - Started process (PID=3049) to work on /home/airflow/.local/lib/python3.12/site-packages/airflow/example_dags/example_nested_branch_dag.py
[2024-07-07T07:41:51.361+0000] {processor.py:830} INFO - Processing file /home/airflow/.local/lib/python3.12/site-packages/airflow/example_dags/example_nested_branch_dag.py for tasks to queue
[2024-07-07T07:41:51.368+0000] {logging_mixin.py:188} INFO - [2024-07-07T07:41:51.366+0000] {dagbag.py:545} INFO - Filling up the DagBag from /home/airflow/.local/lib/python3.12/site-packages/airflow/example_dags/example_nested_branch_dag.py
[2024-07-07T07:41:51.430+0000] {processor.py:840} INFO - DAG(s) 'example_nested_branch_dag' retrieved from /home/airflow/.local/lib/python3.12/site-packages/airflow/example_dags/example_nested_branch_dag.py
[2024-07-07T07:41:51.563+0000] {logging_mixin.py:188} INFO - [2024-07-07T07:41:51.561+0000] {dag.py:3096} INFO - Sync 1 DAGs
[2024-07-07T07:41:51.694+0000] {logging_mixin.py:188} INFO - [2024-07-07T07:41:51.693+0000] {dag.py:3954} INFO - Setting next_dagrun for example_nested_branch_dag to 2024-07-06 00:00:00+00:00, run_after=2024-07-07 00:00:00+00:00
[2024-07-07T07:41:51.810+0000] {processor.py:183} INFO - Processing /home/airflow/.local/lib/python3.12/site-packages/airflow/example_dags/example_nested_branch_dag.py took 0.491 seconds
[2024-07-07T07:42:22.140+0000] {processor.py:161} INFO - Started process (PID=3109) to work on /home/airflow/.local/lib/python3.12/site-packages/airflow/example_dags/example_nested_branch_dag.py
[2024-07-07T07:42:22.146+0000] {processor.py:830} INFO - Processing file /home/airflow/.local/lib/python3.12/site-packages/airflow/example_dags/example_nested_branch_dag.py for tasks to queue
[2024-07-07T07:42:22.152+0000] {logging_mixin.py:188} INFO - [2024-07-07T07:42:22.150+0000] {dagbag.py:545} INFO - Filling up the DagBag from /home/airflow/.local/lib/python3.12/site-packages/airflow/example_dags/example_nested_branch_dag.py
[2024-07-07T07:42:22.211+0000] {processor.py:840} INFO - DAG(s) 'example_nested_branch_dag' retrieved from /home/airflow/.local/lib/python3.12/site-packages/airflow/example_dags/example_nested_branch_dag.py
[2024-07-07T07:42:22.332+0000] {logging_mixin.py:188} INFO - [2024-07-07T07:42:22.331+0000] {dag.py:3096} INFO - Sync 1 DAGs
[2024-07-07T07:42:22.455+0000] {logging_mixin.py:188} INFO - [2024-07-07T07:42:22.454+0000] {dag.py:3954} INFO - Setting next_dagrun for example_nested_branch_dag to 2024-07-06 00:00:00+00:00, run_after=2024-07-07 00:00:00+00:00
[2024-07-07T07:42:22.556+0000] {processor.py:183} INFO - Processing /home/airflow/.local/lib/python3.12/site-packages/airflow/example_dags/example_nested_branch_dag.py took 0.446 seconds
[2024-07-07T07:42:52.732+0000] {processor.py:161} INFO - Started process (PID=3169) to work on /home/airflow/.local/lib/python3.12/site-packages/airflow/example_dags/example_nested_branch_dag.py
[2024-07-07T07:42:52.734+0000] {processor.py:830} INFO - Processing file /home/airflow/.local/lib/python3.12/site-packages/airflow/example_dags/example_nested_branch_dag.py for tasks to queue
[2024-07-07T07:42:52.737+0000] {logging_mixin.py:188} INFO - [2024-07-07T07:42:52.736+0000] {dagbag.py:545} INFO - Filling up the DagBag from /home/airflow/.local/lib/python3.12/site-packages/airflow/example_dags/example_nested_branch_dag.py
[2024-07-07T07:42:52.771+0000] {processor.py:840} INFO - DAG(s) 'example_nested_branch_dag' retrieved from /home/airflow/.local/lib/python3.12/site-packages/airflow/example_dags/example_nested_branch_dag.py
[2024-07-07T07:42:52.844+0000] {logging_mixin.py:188} INFO - [2024-07-07T07:42:52.843+0000] {dag.py:3096} INFO - Sync 1 DAGs
[2024-07-07T07:42:52.883+0000] {logging_mixin.py:188} INFO - [2024-07-07T07:42:52.883+0000] {dag.py:3954} INFO - Setting next_dagrun for example_nested_branch_dag to 2024-07-06 00:00:00+00:00, run_after=2024-07-07 00:00:00+00:00
[2024-07-07T07:42:52.920+0000] {processor.py:183} INFO - Processing /home/airflow/.local/lib/python3.12/site-packages/airflow/example_dags/example_nested_branch_dag.py took 0.202 seconds
[2024-07-07T07:43:23.854+0000] {processor.py:161} INFO - Started process (PID=3229) to work on /home/airflow/.local/lib/python3.12/site-packages/airflow/example_dags/example_nested_branch_dag.py
[2024-07-07T07:43:23.857+0000] {processor.py:830} INFO - Processing file /home/airflow/.local/lib/python3.12/site-packages/airflow/example_dags/example_nested_branch_dag.py for tasks to queue
[2024-07-07T07:43:23.862+0000] {logging_mixin.py:188} INFO - [2024-07-07T07:43:23.861+0000] {dagbag.py:545} INFO - Filling up the DagBag from /home/airflow/.local/lib/python3.12/site-packages/airflow/example_dags/example_nested_branch_dag.py
[2024-07-07T07:43:23.894+0000] {processor.py:840} INFO - DAG(s) 'example_nested_branch_dag' retrieved from /home/airflow/.local/lib/python3.12/site-packages/airflow/example_dags/example_nested_branch_dag.py
[2024-07-07T07:43:23.970+0000] {logging_mixin.py:188} INFO - [2024-07-07T07:43:23.969+0000] {dag.py:3096} INFO - Sync 1 DAGs
[2024-07-07T07:43:24.014+0000] {logging_mixin.py:188} INFO - [2024-07-07T07:43:24.014+0000] {dag.py:3954} INFO - Setting next_dagrun for example_nested_branch_dag to 2024-07-06 00:00:00+00:00, run_after=2024-07-07 00:00:00+00:00
[2024-07-07T07:43:24.050+0000] {processor.py:183} INFO - Processing /home/airflow/.local/lib/python3.12/site-packages/airflow/example_dags/example_nested_branch_dag.py took 0.220 seconds
[2024-07-07T07:43:54.540+0000] {processor.py:161} INFO - Started process (PID=3289) to work on /home/airflow/.local/lib/python3.12/site-packages/airflow/example_dags/example_nested_branch_dag.py
[2024-07-07T07:43:54.543+0000] {processor.py:830} INFO - Processing file /home/airflow/.local/lib/python3.12/site-packages/airflow/example_dags/example_nested_branch_dag.py for tasks to queue
[2024-07-07T07:43:54.546+0000] {logging_mixin.py:188} INFO - [2024-07-07T07:43:54.545+0000] {dagbag.py:545} INFO - Filling up the DagBag from /home/airflow/.local/lib/python3.12/site-packages/airflow/example_dags/example_nested_branch_dag.py
[2024-07-07T07:43:54.581+0000] {processor.py:840} INFO - DAG(s) 'example_nested_branch_dag' retrieved from /home/airflow/.local/lib/python3.12/site-packages/airflow/example_dags/example_nested_branch_dag.py
[2024-07-07T07:43:54.650+0000] {logging_mixin.py:188} INFO - [2024-07-07T07:43:54.649+0000] {dag.py:3096} INFO - Sync 1 DAGs
[2024-07-07T07:43:54.733+0000] {logging_mixin.py:188} INFO - [2024-07-07T07:43:54.733+0000] {dag.py:3954} INFO - Setting next_dagrun for example_nested_branch_dag to 2024-07-06 00:00:00+00:00, run_after=2024-07-07 00:00:00+00:00
[2024-07-07T07:43:54.872+0000] {processor.py:183} INFO - Processing /home/airflow/.local/lib/python3.12/site-packages/airflow/example_dags/example_nested_branch_dag.py took 0.359 seconds
[2024-07-07T07:44:25.056+0000] {processor.py:161} INFO - Started process (PID=3349) to work on /home/airflow/.local/lib/python3.12/site-packages/airflow/example_dags/example_nested_branch_dag.py
[2024-07-07T07:44:25.058+0000] {processor.py:830} INFO - Processing file /home/airflow/.local/lib/python3.12/site-packages/airflow/example_dags/example_nested_branch_dag.py for tasks to queue
[2024-07-07T07:44:25.061+0000] {logging_mixin.py:188} INFO - [2024-07-07T07:44:25.060+0000] {dagbag.py:545} INFO - Filling up the DagBag from /home/airflow/.local/lib/python3.12/site-packages/airflow/example_dags/example_nested_branch_dag.py
[2024-07-07T07:44:25.084+0000] {processor.py:840} INFO - DAG(s) 'example_nested_branch_dag' retrieved from /home/airflow/.local/lib/python3.12/site-packages/airflow/example_dags/example_nested_branch_dag.py
[2024-07-07T07:44:25.129+0000] {logging_mixin.py:188} INFO - [2024-07-07T07:44:25.129+0000] {dag.py:3096} INFO - Sync 1 DAGs
[2024-07-07T07:44:25.191+0000] {logging_mixin.py:188} INFO - [2024-07-07T07:44:25.190+0000] {dag.py:3954} INFO - Setting next_dagrun for example_nested_branch_dag to 2024-07-06 00:00:00+00:00, run_after=2024-07-07 00:00:00+00:00
[2024-07-07T07:44:25.235+0000] {processor.py:183} INFO - Processing /home/airflow/.local/lib/python3.12/site-packages/airflow/example_dags/example_nested_branch_dag.py took 0.194 seconds
[2024-07-07T07:44:55.788+0000] {processor.py:161} INFO - Started process (PID=3409) to work on /home/airflow/.local/lib/python3.12/site-packages/airflow/example_dags/example_nested_branch_dag.py
[2024-07-07T07:44:55.794+0000] {processor.py:830} INFO - Processing file /home/airflow/.local/lib/python3.12/site-packages/airflow/example_dags/example_nested_branch_dag.py for tasks to queue
[2024-07-07T07:44:55.798+0000] {logging_mixin.py:188} INFO - [2024-07-07T07:44:55.797+0000] {dagbag.py:545} INFO - Filling up the DagBag from /home/airflow/.local/lib/python3.12/site-packages/airflow/example_dags/example_nested_branch_dag.py
[2024-07-07T07:44:55.855+0000] {processor.py:840} INFO - DAG(s) 'example_nested_branch_dag' retrieved from /home/airflow/.local/lib/python3.12/site-packages/airflow/example_dags/example_nested_branch_dag.py
[2024-07-07T07:44:55.978+0000] {logging_mixin.py:188} INFO - [2024-07-07T07:44:55.976+0000] {dag.py:3096} INFO - Sync 1 DAGs
[2024-07-07T07:44:56.100+0000] {logging_mixin.py:188} INFO - [2024-07-07T07:44:56.099+0000] {dag.py:3954} INFO - Setting next_dagrun for example_nested_branch_dag to 2024-07-06 00:00:00+00:00, run_after=2024-07-07 00:00:00+00:00
[2024-07-07T07:44:56.212+0000] {processor.py:183} INFO - Processing /home/airflow/.local/lib/python3.12/site-packages/airflow/example_dags/example_nested_branch_dag.py took 0.457 seconds
[2024-07-07T07:45:26.613+0000] {processor.py:161} INFO - Started process (PID=3469) to work on /home/airflow/.local/lib/python3.12/site-packages/airflow/example_dags/example_nested_branch_dag.py
[2024-07-07T07:45:26.616+0000] {processor.py:830} INFO - Processing file /home/airflow/.local/lib/python3.12/site-packages/airflow/example_dags/example_nested_branch_dag.py for tasks to queue
[2024-07-07T07:45:26.620+0000] {logging_mixin.py:188} INFO - [2024-07-07T07:45:26.618+0000] {dagbag.py:545} INFO - Filling up the DagBag from /home/airflow/.local/lib/python3.12/site-packages/airflow/example_dags/example_nested_branch_dag.py
[2024-07-07T07:45:26.647+0000] {processor.py:840} INFO - DAG(s) 'example_nested_branch_dag' retrieved from /home/airflow/.local/lib/python3.12/site-packages/airflow/example_dags/example_nested_branch_dag.py
[2024-07-07T07:45:26.716+0000] {logging_mixin.py:188} INFO - [2024-07-07T07:45:26.716+0000] {dag.py:3096} INFO - Sync 1 DAGs
[2024-07-07T07:45:26.788+0000] {logging_mixin.py:188} INFO - [2024-07-07T07:45:26.787+0000] {dag.py:3954} INFO - Setting next_dagrun for example_nested_branch_dag to 2024-07-06 00:00:00+00:00, run_after=2024-07-07 00:00:00+00:00
[2024-07-07T07:45:26.874+0000] {processor.py:183} INFO - Processing /home/airflow/.local/lib/python3.12/site-packages/airflow/example_dags/example_nested_branch_dag.py took 0.278 seconds
[2024-07-07T07:45:57.708+0000] {processor.py:161} INFO - Started process (PID=3528) to work on /home/airflow/.local/lib/python3.12/site-packages/airflow/example_dags/example_nested_branch_dag.py
[2024-07-07T07:45:57.711+0000] {processor.py:830} INFO - Processing file /home/airflow/.local/lib/python3.12/site-packages/airflow/example_dags/example_nested_branch_dag.py for tasks to queue
[2024-07-07T07:45:57.713+0000] {logging_mixin.py:188} INFO - [2024-07-07T07:45:57.712+0000] {dagbag.py:545} INFO - Filling up the DagBag from /home/airflow/.local/lib/python3.12/site-packages/airflow/example_dags/example_nested_branch_dag.py
[2024-07-07T07:45:57.737+0000] {processor.py:840} INFO - DAG(s) 'example_nested_branch_dag' retrieved from /home/airflow/.local/lib/python3.12/site-packages/airflow/example_dags/example_nested_branch_dag.py
[2024-07-07T07:45:57.790+0000] {logging_mixin.py:188} INFO - [2024-07-07T07:45:57.789+0000] {dag.py:3096} INFO - Sync 1 DAGs
[2024-07-07T07:45:57.912+0000] {logging_mixin.py:188} INFO - [2024-07-07T07:45:57.912+0000] {dag.py:3954} INFO - Setting next_dagrun for example_nested_branch_dag to 2024-07-06 00:00:00+00:00, run_after=2024-07-07 00:00:00+00:00
[2024-07-07T07:45:57.991+0000] {processor.py:183} INFO - Processing /home/airflow/.local/lib/python3.12/site-packages/airflow/example_dags/example_nested_branch_dag.py took 0.308 seconds
[2024-07-07T07:46:28.214+0000] {processor.py:161} INFO - Started process (PID=3595) to work on /home/airflow/.local/lib/python3.12/site-packages/airflow/example_dags/example_nested_branch_dag.py
[2024-07-07T07:46:28.217+0000] {processor.py:830} INFO - Processing file /home/airflow/.local/lib/python3.12/site-packages/airflow/example_dags/example_nested_branch_dag.py for tasks to queue
[2024-07-07T07:46:28.224+0000] {logging_mixin.py:188} INFO - [2024-07-07T07:46:28.223+0000] {dagbag.py:545} INFO - Filling up the DagBag from /home/airflow/.local/lib/python3.12/site-packages/airflow/example_dags/example_nested_branch_dag.py
[2024-07-07T07:46:28.252+0000] {processor.py:840} INFO - DAG(s) 'example_nested_branch_dag' retrieved from /home/airflow/.local/lib/python3.12/site-packages/airflow/example_dags/example_nested_branch_dag.py
[2024-07-07T07:46:28.292+0000] {logging_mixin.py:188} INFO - [2024-07-07T07:46:28.291+0000] {dag.py:3096} INFO - Sync 1 DAGs
[2024-07-07T07:46:28.338+0000] {logging_mixin.py:188} INFO - [2024-07-07T07:46:28.337+0000] {dag.py:3954} INFO - Setting next_dagrun for example_nested_branch_dag to 2024-07-06 00:00:00+00:00, run_after=2024-07-07 00:00:00+00:00
[2024-07-07T07:46:28.373+0000] {processor.py:183} INFO - Processing /home/airflow/.local/lib/python3.12/site-packages/airflow/example_dags/example_nested_branch_dag.py took 0.178 seconds
[2024-07-07T07:46:58.501+0000] {processor.py:161} INFO - Started process (PID=3656) to work on /home/airflow/.local/lib/python3.12/site-packages/airflow/example_dags/example_nested_branch_dag.py
[2024-07-07T07:46:58.504+0000] {processor.py:830} INFO - Processing file /home/airflow/.local/lib/python3.12/site-packages/airflow/example_dags/example_nested_branch_dag.py for tasks to queue
[2024-07-07T07:46:58.508+0000] {logging_mixin.py:188} INFO - [2024-07-07T07:46:58.507+0000] {dagbag.py:545} INFO - Filling up the DagBag from /home/airflow/.local/lib/python3.12/site-packages/airflow/example_dags/example_nested_branch_dag.py
[2024-07-07T07:46:58.544+0000] {processor.py:840} INFO - DAG(s) 'example_nested_branch_dag' retrieved from /home/airflow/.local/lib/python3.12/site-packages/airflow/example_dags/example_nested_branch_dag.py
[2024-07-07T07:46:58.651+0000] {logging_mixin.py:188} INFO - [2024-07-07T07:46:58.650+0000] {dag.py:3096} INFO - Sync 1 DAGs
[2024-07-07T07:46:58.762+0000] {logging_mixin.py:188} INFO - [2024-07-07T07:46:58.761+0000] {dag.py:3954} INFO - Setting next_dagrun for example_nested_branch_dag to 2024-07-06 00:00:00+00:00, run_after=2024-07-07 00:00:00+00:00
[2024-07-07T07:46:58.844+0000] {processor.py:183} INFO - Processing /home/airflow/.local/lib/python3.12/site-packages/airflow/example_dags/example_nested_branch_dag.py took 0.362 seconds
[2024-07-07T07:47:30.246+0000] {processor.py:161} INFO - Started process (PID=3716) to work on /home/airflow/.local/lib/python3.12/site-packages/airflow/example_dags/example_nested_branch_dag.py
[2024-07-07T07:47:30.248+0000] {processor.py:830} INFO - Processing file /home/airflow/.local/lib/python3.12/site-packages/airflow/example_dags/example_nested_branch_dag.py for tasks to queue
[2024-07-07T07:47:30.250+0000] {logging_mixin.py:188} INFO - [2024-07-07T07:47:30.249+0000] {dagbag.py:545} INFO - Filling up the DagBag from /home/airflow/.local/lib/python3.12/site-packages/airflow/example_dags/example_nested_branch_dag.py
[2024-07-07T07:47:30.271+0000] {processor.py:840} INFO - DAG(s) 'example_nested_branch_dag' retrieved from /home/airflow/.local/lib/python3.12/site-packages/airflow/example_dags/example_nested_branch_dag.py
[2024-07-07T07:47:30.315+0000] {logging_mixin.py:188} INFO - [2024-07-07T07:47:30.315+0000] {dag.py:3096} INFO - Sync 1 DAGs
[2024-07-07T07:47:30.352+0000] {logging_mixin.py:188} INFO - [2024-07-07T07:47:30.352+0000] {dag.py:3954} INFO - Setting next_dagrun for example_nested_branch_dag to 2024-07-06 00:00:00+00:00, run_after=2024-07-07 00:00:00+00:00
[2024-07-07T07:47:30.390+0000] {processor.py:183} INFO - Processing /home/airflow/.local/lib/python3.12/site-packages/airflow/example_dags/example_nested_branch_dag.py took 0.159 seconds
[2024-07-07T07:48:00.884+0000] {processor.py:161} INFO - Started process (PID=3773) to work on /home/airflow/.local/lib/python3.12/site-packages/airflow/example_dags/example_nested_branch_dag.py
[2024-07-07T07:48:00.890+0000] {processor.py:830} INFO - Processing file /home/airflow/.local/lib/python3.12/site-packages/airflow/example_dags/example_nested_branch_dag.py for tasks to queue
[2024-07-07T07:48:00.896+0000] {logging_mixin.py:188} INFO - [2024-07-07T07:48:00.894+0000] {dagbag.py:545} INFO - Filling up the DagBag from /home/airflow/.local/lib/python3.12/site-packages/airflow/example_dags/example_nested_branch_dag.py
[2024-07-07T07:48:00.949+0000] {processor.py:840} INFO - DAG(s) 'example_nested_branch_dag' retrieved from /home/airflow/.local/lib/python3.12/site-packages/airflow/example_dags/example_nested_branch_dag.py
[2024-07-07T07:48:01.057+0000] {logging_mixin.py:188} INFO - [2024-07-07T07:48:01.056+0000] {dag.py:3096} INFO - Sync 1 DAGs
[2024-07-07T07:48:01.205+0000] {logging_mixin.py:188} INFO - [2024-07-07T07:48:01.204+0000] {dag.py:3954} INFO - Setting next_dagrun for example_nested_branch_dag to 2024-07-06 00:00:00+00:00, run_after=2024-07-07 00:00:00+00:00
[2024-07-07T07:48:01.299+0000] {processor.py:183} INFO - Processing /home/airflow/.local/lib/python3.12/site-packages/airflow/example_dags/example_nested_branch_dag.py took 0.444 seconds
[2024-07-07T07:48:31.829+0000] {processor.py:161} INFO - Started process (PID=3832) to work on /home/airflow/.local/lib/python3.12/site-packages/airflow/example_dags/example_nested_branch_dag.py
[2024-07-07T07:48:31.832+0000] {processor.py:830} INFO - Processing file /home/airflow/.local/lib/python3.12/site-packages/airflow/example_dags/example_nested_branch_dag.py for tasks to queue
[2024-07-07T07:48:31.834+0000] {logging_mixin.py:188} INFO - [2024-07-07T07:48:31.833+0000] {dagbag.py:545} INFO - Filling up the DagBag from /home/airflow/.local/lib/python3.12/site-packages/airflow/example_dags/example_nested_branch_dag.py
[2024-07-07T07:48:31.857+0000] {processor.py:840} INFO - DAG(s) 'example_nested_branch_dag' retrieved from /home/airflow/.local/lib/python3.12/site-packages/airflow/example_dags/example_nested_branch_dag.py
[2024-07-07T07:48:31.896+0000] {logging_mixin.py:188} INFO - [2024-07-07T07:48:31.896+0000] {dag.py:3096} INFO - Sync 1 DAGs
[2024-07-07T07:48:31.937+0000] {logging_mixin.py:188} INFO - [2024-07-07T07:48:31.936+0000] {dag.py:3954} INFO - Setting next_dagrun for example_nested_branch_dag to 2024-07-06 00:00:00+00:00, run_after=2024-07-07 00:00:00+00:00
[2024-07-07T07:48:31.976+0000] {processor.py:183} INFO - Processing /home/airflow/.local/lib/python3.12/site-packages/airflow/example_dags/example_nested_branch_dag.py took 0.160 seconds
[2024-07-07T07:49:02.337+0000] {processor.py:161} INFO - Started process (PID=3892) to work on /home/airflow/.local/lib/python3.12/site-packages/airflow/example_dags/example_nested_branch_dag.py
[2024-07-07T07:49:02.343+0000] {processor.py:830} INFO - Processing file /home/airflow/.local/lib/python3.12/site-packages/airflow/example_dags/example_nested_branch_dag.py for tasks to queue
[2024-07-07T07:49:02.349+0000] {logging_mixin.py:188} INFO - [2024-07-07T07:49:02.347+0000] {dagbag.py:545} INFO - Filling up the DagBag from /home/airflow/.local/lib/python3.12/site-packages/airflow/example_dags/example_nested_branch_dag.py
[2024-07-07T07:49:02.422+0000] {processor.py:840} INFO - DAG(s) 'example_nested_branch_dag' retrieved from /home/airflow/.local/lib/python3.12/site-packages/airflow/example_dags/example_nested_branch_dag.py
[2024-07-07T07:49:02.503+0000] {logging_mixin.py:188} INFO - [2024-07-07T07:49:02.502+0000] {dag.py:3096} INFO - Sync 1 DAGs
[2024-07-07T07:49:02.575+0000] {logging_mixin.py:188} INFO - [2024-07-07T07:49:02.574+0000] {dag.py:3954} INFO - Setting next_dagrun for example_nested_branch_dag to 2024-07-06 00:00:00+00:00, run_after=2024-07-07 00:00:00+00:00
[2024-07-07T07:49:02.634+0000] {processor.py:183} INFO - Processing /home/airflow/.local/lib/python3.12/site-packages/airflow/example_dags/example_nested_branch_dag.py took 0.331 seconds
[2024-07-07T07:49:32.779+0000] {processor.py:161} INFO - Started process (PID=3952) to work on /home/airflow/.local/lib/python3.12/site-packages/airflow/example_dags/example_nested_branch_dag.py
[2024-07-07T07:49:32.782+0000] {processor.py:830} INFO - Processing file /home/airflow/.local/lib/python3.12/site-packages/airflow/example_dags/example_nested_branch_dag.py for tasks to queue
[2024-07-07T07:49:32.785+0000] {logging_mixin.py:188} INFO - [2024-07-07T07:49:32.784+0000] {dagbag.py:545} INFO - Filling up the DagBag from /home/airflow/.local/lib/python3.12/site-packages/airflow/example_dags/example_nested_branch_dag.py
[2024-07-07T07:49:32.817+0000] {processor.py:840} INFO - DAG(s) 'example_nested_branch_dag' retrieved from /home/airflow/.local/lib/python3.12/site-packages/airflow/example_dags/example_nested_branch_dag.py
[2024-07-07T07:49:32.885+0000] {logging_mixin.py:188} INFO - [2024-07-07T07:49:32.884+0000] {dag.py:3096} INFO - Sync 1 DAGs
[2024-07-07T07:49:32.968+0000] {logging_mixin.py:188} INFO - [2024-07-07T07:49:32.967+0000] {dag.py:3954} INFO - Setting next_dagrun for example_nested_branch_dag to 2024-07-06 00:00:00+00:00, run_after=2024-07-07 00:00:00+00:00
[2024-07-07T07:49:33.026+0000] {processor.py:183} INFO - Processing /home/airflow/.local/lib/python3.12/site-packages/airflow/example_dags/example_nested_branch_dag.py took 0.267 seconds
[2024-07-07T07:50:03.754+0000] {processor.py:161} INFO - Started process (PID=4012) to work on /home/airflow/.local/lib/python3.12/site-packages/airflow/example_dags/example_nested_branch_dag.py
[2024-07-07T07:50:03.759+0000] {processor.py:830} INFO - Processing file /home/airflow/.local/lib/python3.12/site-packages/airflow/example_dags/example_nested_branch_dag.py for tasks to queue
[2024-07-07T07:50:03.763+0000] {logging_mixin.py:188} INFO - [2024-07-07T07:50:03.762+0000] {dagbag.py:545} INFO - Filling up the DagBag from /home/airflow/.local/lib/python3.12/site-packages/airflow/example_dags/example_nested_branch_dag.py
[2024-07-07T07:50:03.804+0000] {processor.py:840} INFO - DAG(s) 'example_nested_branch_dag' retrieved from /home/airflow/.local/lib/python3.12/site-packages/airflow/example_dags/example_nested_branch_dag.py
[2024-07-07T07:50:03.853+0000] {logging_mixin.py:188} INFO - [2024-07-07T07:50:03.852+0000] {dag.py:3096} INFO - Sync 1 DAGs
[2024-07-07T07:50:03.897+0000] {logging_mixin.py:188} INFO - [2024-07-07T07:50:03.896+0000] {dag.py:3954} INFO - Setting next_dagrun for example_nested_branch_dag to 2024-07-06 00:00:00+00:00, run_after=2024-07-07 00:00:00+00:00
[2024-07-07T07:50:03.937+0000] {processor.py:183} INFO - Processing /home/airflow/.local/lib/python3.12/site-packages/airflow/example_dags/example_nested_branch_dag.py took 0.236 seconds
[2024-07-07T07:50:34.491+0000] {processor.py:161} INFO - Started process (PID=4072) to work on /home/airflow/.local/lib/python3.12/site-packages/airflow/example_dags/example_nested_branch_dag.py
[2024-07-07T07:50:34.494+0000] {processor.py:830} INFO - Processing file /home/airflow/.local/lib/python3.12/site-packages/airflow/example_dags/example_nested_branch_dag.py for tasks to queue
[2024-07-07T07:50:34.496+0000] {logging_mixin.py:188} INFO - [2024-07-07T07:50:34.495+0000] {dagbag.py:545} INFO - Filling up the DagBag from /home/airflow/.local/lib/python3.12/site-packages/airflow/example_dags/example_nested_branch_dag.py
[2024-07-07T07:50:34.514+0000] {processor.py:840} INFO - DAG(s) 'example_nested_branch_dag' retrieved from /home/airflow/.local/lib/python3.12/site-packages/airflow/example_dags/example_nested_branch_dag.py
[2024-07-07T07:50:34.555+0000] {logging_mixin.py:188} INFO - [2024-07-07T07:50:34.555+0000] {dag.py:3096} INFO - Sync 1 DAGs
[2024-07-07T07:50:34.590+0000] {logging_mixin.py:188} INFO - [2024-07-07T07:50:34.589+0000] {dag.py:3954} INFO - Setting next_dagrun for example_nested_branch_dag to 2024-07-06 00:00:00+00:00, run_after=2024-07-07 00:00:00+00:00
[2024-07-07T07:50:34.632+0000] {processor.py:183} INFO - Processing /home/airflow/.local/lib/python3.12/site-packages/airflow/example_dags/example_nested_branch_dag.py took 0.154 seconds
[2024-07-07T07:51:05.657+0000] {processor.py:161} INFO - Started process (PID=4132) to work on /home/airflow/.local/lib/python3.12/site-packages/airflow/example_dags/example_nested_branch_dag.py
[2024-07-07T07:51:05.659+0000] {processor.py:830} INFO - Processing file /home/airflow/.local/lib/python3.12/site-packages/airflow/example_dags/example_nested_branch_dag.py for tasks to queue
[2024-07-07T07:51:05.661+0000] {logging_mixin.py:188} INFO - [2024-07-07T07:51:05.661+0000] {dagbag.py:545} INFO - Filling up the DagBag from /home/airflow/.local/lib/python3.12/site-packages/airflow/example_dags/example_nested_branch_dag.py
[2024-07-07T07:51:05.676+0000] {processor.py:840} INFO - DAG(s) 'example_nested_branch_dag' retrieved from /home/airflow/.local/lib/python3.12/site-packages/airflow/example_dags/example_nested_branch_dag.py
[2024-07-07T07:51:05.708+0000] {logging_mixin.py:188} INFO - [2024-07-07T07:51:05.708+0000] {dag.py:3096} INFO - Sync 1 DAGs
[2024-07-07T07:51:05.740+0000] {logging_mixin.py:188} INFO - [2024-07-07T07:51:05.739+0000] {dag.py:3954} INFO - Setting next_dagrun for example_nested_branch_dag to 2024-07-06 00:00:00+00:00, run_after=2024-07-07 00:00:00+00:00
[2024-07-07T07:51:05.775+0000] {processor.py:183} INFO - Processing /home/airflow/.local/lib/python3.12/site-packages/airflow/example_dags/example_nested_branch_dag.py took 0.130 seconds
[2024-07-07T07:51:36.643+0000] {processor.py:161} INFO - Started process (PID=4192) to work on /home/airflow/.local/lib/python3.12/site-packages/airflow/example_dags/example_nested_branch_dag.py
[2024-07-07T07:51:36.645+0000] {processor.py:830} INFO - Processing file /home/airflow/.local/lib/python3.12/site-packages/airflow/example_dags/example_nested_branch_dag.py for tasks to queue
[2024-07-07T07:51:36.646+0000] {logging_mixin.py:188} INFO - [2024-07-07T07:51:36.646+0000] {dagbag.py:545} INFO - Filling up the DagBag from /home/airflow/.local/lib/python3.12/site-packages/airflow/example_dags/example_nested_branch_dag.py
[2024-07-07T07:51:36.664+0000] {processor.py:840} INFO - DAG(s) 'example_nested_branch_dag' retrieved from /home/airflow/.local/lib/python3.12/site-packages/airflow/example_dags/example_nested_branch_dag.py
[2024-07-07T07:51:36.700+0000] {logging_mixin.py:188} INFO - [2024-07-07T07:51:36.700+0000] {dag.py:3096} INFO - Sync 1 DAGs
[2024-07-07T07:51:36.733+0000] {logging_mixin.py:188} INFO - [2024-07-07T07:51:36.733+0000] {dag.py:3954} INFO - Setting next_dagrun for example_nested_branch_dag to 2024-07-06 00:00:00+00:00, run_after=2024-07-07 00:00:00+00:00
[2024-07-07T07:51:36.760+0000] {processor.py:183} INFO - Processing /home/airflow/.local/lib/python3.12/site-packages/airflow/example_dags/example_nested_branch_dag.py took 0.126 seconds
[2024-07-07T07:52:07.272+0000] {processor.py:161} INFO - Started process (PID=4252) to work on /home/airflow/.local/lib/python3.12/site-packages/airflow/example_dags/example_nested_branch_dag.py
[2024-07-07T07:52:07.274+0000] {processor.py:830} INFO - Processing file /home/airflow/.local/lib/python3.12/site-packages/airflow/example_dags/example_nested_branch_dag.py for tasks to queue
[2024-07-07T07:52:07.276+0000] {logging_mixin.py:188} INFO - [2024-07-07T07:52:07.275+0000] {dagbag.py:545} INFO - Filling up the DagBag from /home/airflow/.local/lib/python3.12/site-packages/airflow/example_dags/example_nested_branch_dag.py
[2024-07-07T07:52:07.290+0000] {processor.py:840} INFO - DAG(s) 'example_nested_branch_dag' retrieved from /home/airflow/.local/lib/python3.12/site-packages/airflow/example_dags/example_nested_branch_dag.py
[2024-07-07T07:52:07.322+0000] {logging_mixin.py:188} INFO - [2024-07-07T07:52:07.321+0000] {dag.py:3096} INFO - Sync 1 DAGs
[2024-07-07T07:52:07.351+0000] {logging_mixin.py:188} INFO - [2024-07-07T07:52:07.350+0000] {dag.py:3954} INFO - Setting next_dagrun for example_nested_branch_dag to 2024-07-06 00:00:00+00:00, run_after=2024-07-07 00:00:00+00:00
[2024-07-07T07:52:07.377+0000] {processor.py:183} INFO - Processing /home/airflow/.local/lib/python3.12/site-packages/airflow/example_dags/example_nested_branch_dag.py took 0.114 seconds
[2024-07-07T07:52:37.771+0000] {processor.py:161} INFO - Started process (PID=4312) to work on /home/airflow/.local/lib/python3.12/site-packages/airflow/example_dags/example_nested_branch_dag.py
[2024-07-07T07:52:37.773+0000] {processor.py:830} INFO - Processing file /home/airflow/.local/lib/python3.12/site-packages/airflow/example_dags/example_nested_branch_dag.py for tasks to queue
[2024-07-07T07:52:37.774+0000] {logging_mixin.py:188} INFO - [2024-07-07T07:52:37.774+0000] {dagbag.py:545} INFO - Filling up the DagBag from /home/airflow/.local/lib/python3.12/site-packages/airflow/example_dags/example_nested_branch_dag.py
[2024-07-07T07:52:37.792+0000] {processor.py:840} INFO - DAG(s) 'example_nested_branch_dag' retrieved from /home/airflow/.local/lib/python3.12/site-packages/airflow/example_dags/example_nested_branch_dag.py
[2024-07-07T07:52:37.829+0000] {logging_mixin.py:188} INFO - [2024-07-07T07:52:37.829+0000] {dag.py:3096} INFO - Sync 1 DAGs
[2024-07-07T07:52:37.859+0000] {logging_mixin.py:188} INFO - [2024-07-07T07:52:37.858+0000] {dag.py:3954} INFO - Setting next_dagrun for example_nested_branch_dag to 2024-07-06 00:00:00+00:00, run_after=2024-07-07 00:00:00+00:00
[2024-07-07T07:52:37.884+0000] {processor.py:183} INFO - Processing /home/airflow/.local/lib/python3.12/site-packages/airflow/example_dags/example_nested_branch_dag.py took 0.122 seconds
[2024-07-07T07:53:08.258+0000] {processor.py:161} INFO - Started process (PID=4372) to work on /home/airflow/.local/lib/python3.12/site-packages/airflow/example_dags/example_nested_branch_dag.py
[2024-07-07T07:53:08.260+0000] {processor.py:830} INFO - Processing file /home/airflow/.local/lib/python3.12/site-packages/airflow/example_dags/example_nested_branch_dag.py for tasks to queue
[2024-07-07T07:53:08.261+0000] {logging_mixin.py:188} INFO - [2024-07-07T07:53:08.261+0000] {dagbag.py:545} INFO - Filling up the DagBag from /home/airflow/.local/lib/python3.12/site-packages/airflow/example_dags/example_nested_branch_dag.py
[2024-07-07T07:53:08.276+0000] {processor.py:840} INFO - DAG(s) 'example_nested_branch_dag' retrieved from /home/airflow/.local/lib/python3.12/site-packages/airflow/example_dags/example_nested_branch_dag.py
[2024-07-07T07:53:08.305+0000] {logging_mixin.py:188} INFO - [2024-07-07T07:53:08.305+0000] {dag.py:3096} INFO - Sync 1 DAGs
[2024-07-07T07:53:08.334+0000] {logging_mixin.py:188} INFO - [2024-07-07T07:53:08.334+0000] {dag.py:3954} INFO - Setting next_dagrun for example_nested_branch_dag to 2024-07-06 00:00:00+00:00, run_after=2024-07-07 00:00:00+00:00
[2024-07-07T07:53:08.385+0000] {processor.py:183} INFO - Processing /home/airflow/.local/lib/python3.12/site-packages/airflow/example_dags/example_nested_branch_dag.py took 0.138 seconds
[2024-07-07T07:53:38.668+0000] {processor.py:161} INFO - Started process (PID=4432) to work on /home/airflow/.local/lib/python3.12/site-packages/airflow/example_dags/example_nested_branch_dag.py
[2024-07-07T07:53:38.669+0000] {processor.py:830} INFO - Processing file /home/airflow/.local/lib/python3.12/site-packages/airflow/example_dags/example_nested_branch_dag.py for tasks to queue
[2024-07-07T07:53:38.671+0000] {logging_mixin.py:188} INFO - [2024-07-07T07:53:38.671+0000] {dagbag.py:545} INFO - Filling up the DagBag from /home/airflow/.local/lib/python3.12/site-packages/airflow/example_dags/example_nested_branch_dag.py
[2024-07-07T07:53:38.687+0000] {processor.py:840} INFO - DAG(s) 'example_nested_branch_dag' retrieved from /home/airflow/.local/lib/python3.12/site-packages/airflow/example_dags/example_nested_branch_dag.py
[2024-07-07T07:53:38.719+0000] {logging_mixin.py:188} INFO - [2024-07-07T07:53:38.718+0000] {dag.py:3096} INFO - Sync 1 DAGs
[2024-07-07T07:53:38.748+0000] {logging_mixin.py:188} INFO - [2024-07-07T07:53:38.748+0000] {dag.py:3954} INFO - Setting next_dagrun for example_nested_branch_dag to 2024-07-06 00:00:00+00:00, run_after=2024-07-07 00:00:00+00:00
[2024-07-07T07:53:38.794+0000] {processor.py:183} INFO - Processing /home/airflow/.local/lib/python3.12/site-packages/airflow/example_dags/example_nested_branch_dag.py took 0.136 seconds
[2024-07-07T07:54:09.167+0000] {processor.py:161} INFO - Started process (PID=4492) to work on /home/airflow/.local/lib/python3.12/site-packages/airflow/example_dags/example_nested_branch_dag.py
[2024-07-07T07:54:09.169+0000] {processor.py:830} INFO - Processing file /home/airflow/.local/lib/python3.12/site-packages/airflow/example_dags/example_nested_branch_dag.py for tasks to queue
[2024-07-07T07:54:09.171+0000] {logging_mixin.py:188} INFO - [2024-07-07T07:54:09.170+0000] {dagbag.py:545} INFO - Filling up the DagBag from /home/airflow/.local/lib/python3.12/site-packages/airflow/example_dags/example_nested_branch_dag.py
[2024-07-07T07:54:09.186+0000] {processor.py:840} INFO - DAG(s) 'example_nested_branch_dag' retrieved from /home/airflow/.local/lib/python3.12/site-packages/airflow/example_dags/example_nested_branch_dag.py
[2024-07-07T07:54:09.217+0000] {logging_mixin.py:188} INFO - [2024-07-07T07:54:09.217+0000] {dag.py:3096} INFO - Sync 1 DAGs
[2024-07-07T07:54:09.247+0000] {logging_mixin.py:188} INFO - [2024-07-07T07:54:09.246+0000] {dag.py:3954} INFO - Setting next_dagrun for example_nested_branch_dag to 2024-07-06 00:00:00+00:00, run_after=2024-07-07 00:00:00+00:00
[2024-07-07T07:54:09.271+0000] {processor.py:183} INFO - Processing /home/airflow/.local/lib/python3.12/site-packages/airflow/example_dags/example_nested_branch_dag.py took 0.113 seconds
[2024-07-07T07:54:39.884+0000] {processor.py:161} INFO - Started process (PID=4552) to work on /home/airflow/.local/lib/python3.12/site-packages/airflow/example_dags/example_nested_branch_dag.py
[2024-07-07T07:54:39.885+0000] {processor.py:830} INFO - Processing file /home/airflow/.local/lib/python3.12/site-packages/airflow/example_dags/example_nested_branch_dag.py for tasks to queue
[2024-07-07T07:54:39.887+0000] {logging_mixin.py:188} INFO - [2024-07-07T07:54:39.886+0000] {dagbag.py:545} INFO - Filling up the DagBag from /home/airflow/.local/lib/python3.12/site-packages/airflow/example_dags/example_nested_branch_dag.py
[2024-07-07T07:54:39.899+0000] {processor.py:840} INFO - DAG(s) 'example_nested_branch_dag' retrieved from /home/airflow/.local/lib/python3.12/site-packages/airflow/example_dags/example_nested_branch_dag.py
[2024-07-07T07:54:39.930+0000] {logging_mixin.py:188} INFO - [2024-07-07T07:54:39.930+0000] {dag.py:3096} INFO - Sync 1 DAGs
[2024-07-07T07:54:39.961+0000] {logging_mixin.py:188} INFO - [2024-07-07T07:54:39.961+0000] {dag.py:3954} INFO - Setting next_dagrun for example_nested_branch_dag to 2024-07-06 00:00:00+00:00, run_after=2024-07-07 00:00:00+00:00
[2024-07-07T07:54:39.990+0000] {processor.py:183} INFO - Processing /home/airflow/.local/lib/python3.12/site-packages/airflow/example_dags/example_nested_branch_dag.py took 0.115 seconds
[2024-07-07T07:55:10.436+0000] {processor.py:161} INFO - Started process (PID=4612) to work on /home/airflow/.local/lib/python3.12/site-packages/airflow/example_dags/example_nested_branch_dag.py
[2024-07-07T07:55:10.438+0000] {processor.py:830} INFO - Processing file /home/airflow/.local/lib/python3.12/site-packages/airflow/example_dags/example_nested_branch_dag.py for tasks to queue
[2024-07-07T07:55:10.440+0000] {logging_mixin.py:188} INFO - [2024-07-07T07:55:10.439+0000] {dagbag.py:545} INFO - Filling up the DagBag from /home/airflow/.local/lib/python3.12/site-packages/airflow/example_dags/example_nested_branch_dag.py
[2024-07-07T07:55:10.455+0000] {processor.py:840} INFO - DAG(s) 'example_nested_branch_dag' retrieved from /home/airflow/.local/lib/python3.12/site-packages/airflow/example_dags/example_nested_branch_dag.py
[2024-07-07T07:55:10.486+0000] {logging_mixin.py:188} INFO - [2024-07-07T07:55:10.486+0000] {dag.py:3096} INFO - Sync 1 DAGs
[2024-07-07T07:55:10.515+0000] {logging_mixin.py:188} INFO - [2024-07-07T07:55:10.515+0000] {dag.py:3954} INFO - Setting next_dagrun for example_nested_branch_dag to 2024-07-06 00:00:00+00:00, run_after=2024-07-07 00:00:00+00:00
[2024-07-07T07:55:10.540+0000] {processor.py:183} INFO - Processing /home/airflow/.local/lib/python3.12/site-packages/airflow/example_dags/example_nested_branch_dag.py took 0.114 seconds
[2024-07-07T07:55:41.066+0000] {processor.py:161} INFO - Started process (PID=4672) to work on /home/airflow/.local/lib/python3.12/site-packages/airflow/example_dags/example_nested_branch_dag.py
[2024-07-07T07:55:41.069+0000] {processor.py:830} INFO - Processing file /home/airflow/.local/lib/python3.12/site-packages/airflow/example_dags/example_nested_branch_dag.py for tasks to queue
[2024-07-07T07:55:41.070+0000] {logging_mixin.py:188} INFO - [2024-07-07T07:55:41.070+0000] {dagbag.py:545} INFO - Filling up the DagBag from /home/airflow/.local/lib/python3.12/site-packages/airflow/example_dags/example_nested_branch_dag.py
[2024-07-07T07:55:41.085+0000] {processor.py:840} INFO - DAG(s) 'example_nested_branch_dag' retrieved from /home/airflow/.local/lib/python3.12/site-packages/airflow/example_dags/example_nested_branch_dag.py
[2024-07-07T07:55:41.116+0000] {logging_mixin.py:188} INFO - [2024-07-07T07:55:41.116+0000] {dag.py:3096} INFO - Sync 1 DAGs
[2024-07-07T07:55:41.145+0000] {logging_mixin.py:188} INFO - [2024-07-07T07:55:41.145+0000] {dag.py:3954} INFO - Setting next_dagrun for example_nested_branch_dag to 2024-07-06 00:00:00+00:00, run_after=2024-07-07 00:00:00+00:00
[2024-07-07T07:55:41.178+0000] {processor.py:183} INFO - Processing /home/airflow/.local/lib/python3.12/site-packages/airflow/example_dags/example_nested_branch_dag.py took 0.121 seconds
[2024-07-07T07:56:11.411+0000] {processor.py:161} INFO - Started process (PID=4732) to work on /home/airflow/.local/lib/python3.12/site-packages/airflow/example_dags/example_nested_branch_dag.py
[2024-07-07T07:56:11.412+0000] {processor.py:830} INFO - Processing file /home/airflow/.local/lib/python3.12/site-packages/airflow/example_dags/example_nested_branch_dag.py for tasks to queue
[2024-07-07T07:56:11.414+0000] {logging_mixin.py:188} INFO - [2024-07-07T07:56:11.413+0000] {dagbag.py:545} INFO - Filling up the DagBag from /home/airflow/.local/lib/python3.12/site-packages/airflow/example_dags/example_nested_branch_dag.py
[2024-07-07T07:56:11.428+0000] {processor.py:840} INFO - DAG(s) 'example_nested_branch_dag' retrieved from /home/airflow/.local/lib/python3.12/site-packages/airflow/example_dags/example_nested_branch_dag.py
[2024-07-07T07:56:11.459+0000] {logging_mixin.py:188} INFO - [2024-07-07T07:56:11.458+0000] {dag.py:3096} INFO - Sync 1 DAGs
[2024-07-07T07:56:11.488+0000] {logging_mixin.py:188} INFO - [2024-07-07T07:56:11.488+0000] {dag.py:3954} INFO - Setting next_dagrun for example_nested_branch_dag to 2024-07-06 00:00:00+00:00, run_after=2024-07-07 00:00:00+00:00
[2024-07-07T07:56:11.532+0000] {processor.py:183} INFO - Processing /home/airflow/.local/lib/python3.12/site-packages/airflow/example_dags/example_nested_branch_dag.py took 0.130 seconds
[2024-07-07T07:56:42.058+0000] {processor.py:161} INFO - Started process (PID=4792) to work on /home/airflow/.local/lib/python3.12/site-packages/airflow/example_dags/example_nested_branch_dag.py
[2024-07-07T07:56:42.059+0000] {processor.py:830} INFO - Processing file /home/airflow/.local/lib/python3.12/site-packages/airflow/example_dags/example_nested_branch_dag.py for tasks to queue
[2024-07-07T07:56:42.061+0000] {logging_mixin.py:188} INFO - [2024-07-07T07:56:42.061+0000] {dagbag.py:545} INFO - Filling up the DagBag from /home/airflow/.local/lib/python3.12/site-packages/airflow/example_dags/example_nested_branch_dag.py
[2024-07-07T07:56:42.075+0000] {processor.py:840} INFO - DAG(s) 'example_nested_branch_dag' retrieved from /home/airflow/.local/lib/python3.12/site-packages/airflow/example_dags/example_nested_branch_dag.py
[2024-07-07T07:56:42.106+0000] {logging_mixin.py:188} INFO - [2024-07-07T07:56:42.106+0000] {dag.py:3096} INFO - Sync 1 DAGs
[2024-07-07T07:56:42.135+0000] {logging_mixin.py:188} INFO - [2024-07-07T07:56:42.134+0000] {dag.py:3954} INFO - Setting next_dagrun for example_nested_branch_dag to 2024-07-06 00:00:00+00:00, run_after=2024-07-07 00:00:00+00:00
[2024-07-07T07:56:42.181+0000] {processor.py:183} INFO - Processing /home/airflow/.local/lib/python3.12/site-packages/airflow/example_dags/example_nested_branch_dag.py took 0.135 seconds
[2024-07-07T07:57:12.414+0000] {processor.py:161} INFO - Started process (PID=4852) to work on /home/airflow/.local/lib/python3.12/site-packages/airflow/example_dags/example_nested_branch_dag.py
[2024-07-07T07:57:12.416+0000] {processor.py:830} INFO - Processing file /home/airflow/.local/lib/python3.12/site-packages/airflow/example_dags/example_nested_branch_dag.py for tasks to queue
[2024-07-07T07:57:12.418+0000] {logging_mixin.py:188} INFO - [2024-07-07T07:57:12.418+0000] {dagbag.py:545} INFO - Filling up the DagBag from /home/airflow/.local/lib/python3.12/site-packages/airflow/example_dags/example_nested_branch_dag.py
[2024-07-07T07:57:12.436+0000] {processor.py:840} INFO - DAG(s) 'example_nested_branch_dag' retrieved from /home/airflow/.local/lib/python3.12/site-packages/airflow/example_dags/example_nested_branch_dag.py
[2024-07-07T07:57:12.467+0000] {logging_mixin.py:188} INFO - [2024-07-07T07:57:12.467+0000] {dag.py:3096} INFO - Sync 1 DAGs
[2024-07-07T07:57:12.496+0000] {logging_mixin.py:188} INFO - [2024-07-07T07:57:12.495+0000] {dag.py:3954} INFO - Setting next_dagrun for example_nested_branch_dag to 2024-07-06 00:00:00+00:00, run_after=2024-07-07 00:00:00+00:00
[2024-07-07T07:57:12.536+0000] {processor.py:183} INFO - Processing /home/airflow/.local/lib/python3.12/site-packages/airflow/example_dags/example_nested_branch_dag.py took 0.131 seconds
[2024-07-07T07:57:42.784+0000] {processor.py:161} INFO - Started process (PID=4912) to work on /home/airflow/.local/lib/python3.12/site-packages/airflow/example_dags/example_nested_branch_dag.py
[2024-07-07T07:57:42.786+0000] {processor.py:830} INFO - Processing file /home/airflow/.local/lib/python3.12/site-packages/airflow/example_dags/example_nested_branch_dag.py for tasks to queue
[2024-07-07T07:57:42.787+0000] {logging_mixin.py:188} INFO - [2024-07-07T07:57:42.787+0000] {dagbag.py:545} INFO - Filling up the DagBag from /home/airflow/.local/lib/python3.12/site-packages/airflow/example_dags/example_nested_branch_dag.py
[2024-07-07T07:57:42.807+0000] {processor.py:840} INFO - DAG(s) 'example_nested_branch_dag' retrieved from /home/airflow/.local/lib/python3.12/site-packages/airflow/example_dags/example_nested_branch_dag.py
[2024-07-07T07:57:42.843+0000] {logging_mixin.py:188} INFO - [2024-07-07T07:57:42.843+0000] {dag.py:3096} INFO - Sync 1 DAGs
[2024-07-07T07:57:42.878+0000] {logging_mixin.py:188} INFO - [2024-07-07T07:57:42.878+0000] {dag.py:3954} INFO - Setting next_dagrun for example_nested_branch_dag to 2024-07-06 00:00:00+00:00, run_after=2024-07-07 00:00:00+00:00
[2024-07-07T07:57:42.903+0000] {processor.py:183} INFO - Processing /home/airflow/.local/lib/python3.12/site-packages/airflow/example_dags/example_nested_branch_dag.py took 0.128 seconds
[2024-07-07T07:58:13.015+0000] {processor.py:161} INFO - Started process (PID=4972) to work on /home/airflow/.local/lib/python3.12/site-packages/airflow/example_dags/example_nested_branch_dag.py
[2024-07-07T07:58:13.017+0000] {processor.py:830} INFO - Processing file /home/airflow/.local/lib/python3.12/site-packages/airflow/example_dags/example_nested_branch_dag.py for tasks to queue
[2024-07-07T07:58:13.019+0000] {logging_mixin.py:188} INFO - [2024-07-07T07:58:13.018+0000] {dagbag.py:545} INFO - Filling up the DagBag from /home/airflow/.local/lib/python3.12/site-packages/airflow/example_dags/example_nested_branch_dag.py
[2024-07-07T07:58:13.033+0000] {processor.py:840} INFO - DAG(s) 'example_nested_branch_dag' retrieved from /home/airflow/.local/lib/python3.12/site-packages/airflow/example_dags/example_nested_branch_dag.py
[2024-07-07T07:58:13.064+0000] {logging_mixin.py:188} INFO - [2024-07-07T07:58:13.064+0000] {dag.py:3096} INFO - Sync 1 DAGs
[2024-07-07T07:58:13.093+0000] {logging_mixin.py:188} INFO - [2024-07-07T07:58:13.092+0000] {dag.py:3954} INFO - Setting next_dagrun for example_nested_branch_dag to 2024-07-06 00:00:00+00:00, run_after=2024-07-07 00:00:00+00:00
[2024-07-07T07:58:13.118+0000] {processor.py:183} INFO - Processing /home/airflow/.local/lib/python3.12/site-packages/airflow/example_dags/example_nested_branch_dag.py took 0.112 seconds
[2024-07-07T07:58:43.839+0000] {processor.py:161} INFO - Started process (PID=5032) to work on /home/airflow/.local/lib/python3.12/site-packages/airflow/example_dags/example_nested_branch_dag.py
[2024-07-07T07:58:43.841+0000] {processor.py:830} INFO - Processing file /home/airflow/.local/lib/python3.12/site-packages/airflow/example_dags/example_nested_branch_dag.py for tasks to queue
[2024-07-07T07:58:43.843+0000] {logging_mixin.py:188} INFO - [2024-07-07T07:58:43.842+0000] {dagbag.py:545} INFO - Filling up the DagBag from /home/airflow/.local/lib/python3.12/site-packages/airflow/example_dags/example_nested_branch_dag.py
[2024-07-07T07:58:43.858+0000] {processor.py:840} INFO - DAG(s) 'example_nested_branch_dag' retrieved from /home/airflow/.local/lib/python3.12/site-packages/airflow/example_dags/example_nested_branch_dag.py
[2024-07-07T07:58:43.891+0000] {logging_mixin.py:188} INFO - [2024-07-07T07:58:43.891+0000] {dag.py:3096} INFO - Sync 1 DAGs
[2024-07-07T07:58:43.920+0000] {logging_mixin.py:188} INFO - [2024-07-07T07:58:43.920+0000] {dag.py:3954} INFO - Setting next_dagrun for example_nested_branch_dag to 2024-07-06 00:00:00+00:00, run_after=2024-07-07 00:00:00+00:00
[2024-07-07T07:58:43.970+0000] {processor.py:183} INFO - Processing /home/airflow/.local/lib/python3.12/site-packages/airflow/example_dags/example_nested_branch_dag.py took 0.141 seconds
[2024-07-07T07:59:14.139+0000] {processor.py:161} INFO - Started process (PID=5092) to work on /home/airflow/.local/lib/python3.12/site-packages/airflow/example_dags/example_nested_branch_dag.py
[2024-07-07T07:59:14.140+0000] {processor.py:830} INFO - Processing file /home/airflow/.local/lib/python3.12/site-packages/airflow/example_dags/example_nested_branch_dag.py for tasks to queue
[2024-07-07T07:59:14.142+0000] {logging_mixin.py:188} INFO - [2024-07-07T07:59:14.142+0000] {dagbag.py:545} INFO - Filling up the DagBag from /home/airflow/.local/lib/python3.12/site-packages/airflow/example_dags/example_nested_branch_dag.py
[2024-07-07T07:59:14.159+0000] {processor.py:840} INFO - DAG(s) 'example_nested_branch_dag' retrieved from /home/airflow/.local/lib/python3.12/site-packages/airflow/example_dags/example_nested_branch_dag.py
[2024-07-07T07:59:14.202+0000] {logging_mixin.py:188} INFO - [2024-07-07T07:59:14.202+0000] {dag.py:3096} INFO - Sync 1 DAGs
[2024-07-07T07:59:14.237+0000] {logging_mixin.py:188} INFO - [2024-07-07T07:59:14.237+0000] {dag.py:3954} INFO - Setting next_dagrun for example_nested_branch_dag to 2024-07-06 00:00:00+00:00, run_after=2024-07-07 00:00:00+00:00
[2024-07-07T07:59:14.267+0000] {processor.py:183} INFO - Processing /home/airflow/.local/lib/python3.12/site-packages/airflow/example_dags/example_nested_branch_dag.py took 0.156 seconds
[2024-07-07T07:59:44.326+0000] {processor.py:161} INFO - Started process (PID=5152) to work on /home/airflow/.local/lib/python3.12/site-packages/airflow/example_dags/example_nested_branch_dag.py
[2024-07-07T07:59:44.328+0000] {processor.py:830} INFO - Processing file /home/airflow/.local/lib/python3.12/site-packages/airflow/example_dags/example_nested_branch_dag.py for tasks to queue
[2024-07-07T07:59:44.332+0000] {logging_mixin.py:188} INFO - [2024-07-07T07:59:44.331+0000] {dagbag.py:545} INFO - Filling up the DagBag from /home/airflow/.local/lib/python3.12/site-packages/airflow/example_dags/example_nested_branch_dag.py
[2024-07-07T07:59:44.353+0000] {processor.py:840} INFO - DAG(s) 'example_nested_branch_dag' retrieved from /home/airflow/.local/lib/python3.12/site-packages/airflow/example_dags/example_nested_branch_dag.py
[2024-07-07T07:59:44.406+0000] {logging_mixin.py:188} INFO - [2024-07-07T07:59:44.405+0000] {dag.py:3096} INFO - Sync 1 DAGs
[2024-07-07T07:59:44.457+0000] {logging_mixin.py:188} INFO - [2024-07-07T07:59:44.457+0000] {dag.py:3954} INFO - Setting next_dagrun for example_nested_branch_dag to 2024-07-06 00:00:00+00:00, run_after=2024-07-07 00:00:00+00:00
[2024-07-07T07:59:44.487+0000] {processor.py:183} INFO - Processing /home/airflow/.local/lib/python3.12/site-packages/airflow/example_dags/example_nested_branch_dag.py took 0.174 seconds
[2024-07-07T08:00:15.404+0000] {processor.py:161} INFO - Started process (PID=5211) to work on /home/airflow/.local/lib/python3.12/site-packages/airflow/example_dags/example_nested_branch_dag.py
[2024-07-07T08:00:15.405+0000] {processor.py:830} INFO - Processing file /home/airflow/.local/lib/python3.12/site-packages/airflow/example_dags/example_nested_branch_dag.py for tasks to queue
[2024-07-07T08:00:15.407+0000] {logging_mixin.py:188} INFO - [2024-07-07T08:00:15.407+0000] {dagbag.py:545} INFO - Filling up the DagBag from /home/airflow/.local/lib/python3.12/site-packages/airflow/example_dags/example_nested_branch_dag.py
[2024-07-07T08:00:15.424+0000] {processor.py:840} INFO - DAG(s) 'example_nested_branch_dag' retrieved from /home/airflow/.local/lib/python3.12/site-packages/airflow/example_dags/example_nested_branch_dag.py
[2024-07-07T08:00:15.464+0000] {logging_mixin.py:188} INFO - [2024-07-07T08:00:15.463+0000] {dag.py:3096} INFO - Sync 1 DAGs
[2024-07-07T08:00:15.502+0000] {logging_mixin.py:188} INFO - [2024-07-07T08:00:15.502+0000] {dag.py:3954} INFO - Setting next_dagrun for example_nested_branch_dag to 2024-07-06 00:00:00+00:00, run_after=2024-07-07 00:00:00+00:00
[2024-07-07T08:00:15.536+0000] {processor.py:183} INFO - Processing /home/airflow/.local/lib/python3.12/site-packages/airflow/example_dags/example_nested_branch_dag.py took 0.147 seconds
[2024-07-07T08:00:46.227+0000] {processor.py:161} INFO - Started process (PID=5270) to work on /home/airflow/.local/lib/python3.12/site-packages/airflow/example_dags/example_nested_branch_dag.py
[2024-07-07T08:00:46.229+0000] {processor.py:830} INFO - Processing file /home/airflow/.local/lib/python3.12/site-packages/airflow/example_dags/example_nested_branch_dag.py for tasks to queue
[2024-07-07T08:00:46.230+0000] {logging_mixin.py:188} INFO - [2024-07-07T08:00:46.230+0000] {dagbag.py:545} INFO - Filling up the DagBag from /home/airflow/.local/lib/python3.12/site-packages/airflow/example_dags/example_nested_branch_dag.py
[2024-07-07T08:00:46.245+0000] {processor.py:840} INFO - DAG(s) 'example_nested_branch_dag' retrieved from /home/airflow/.local/lib/python3.12/site-packages/airflow/example_dags/example_nested_branch_dag.py
[2024-07-07T08:00:46.277+0000] {logging_mixin.py:188} INFO - [2024-07-07T08:00:46.277+0000] {dag.py:3096} INFO - Sync 1 DAGs
[2024-07-07T08:00:46.307+0000] {logging_mixin.py:188} INFO - [2024-07-07T08:00:46.307+0000] {dag.py:3954} INFO - Setting next_dagrun for example_nested_branch_dag to 2024-07-06 00:00:00+00:00, run_after=2024-07-07 00:00:00+00:00
[2024-07-07T08:00:46.344+0000] {processor.py:183} INFO - Processing /home/airflow/.local/lib/python3.12/site-packages/airflow/example_dags/example_nested_branch_dag.py took 0.130 seconds
[2024-07-07T08:05:31.864+0000] {processor.py:161} INFO - Started process (PID=5317) to work on /home/airflow/.local/lib/python3.12/site-packages/airflow/example_dags/example_nested_branch_dag.py
[2024-07-07T08:05:31.867+0000] {processor.py:830} INFO - Processing file /home/airflow/.local/lib/python3.12/site-packages/airflow/example_dags/example_nested_branch_dag.py for tasks to queue
[2024-07-07T08:05:31.877+0000] {logging_mixin.py:188} INFO - [2024-07-07T08:05:31.874+0000] {dagbag.py:545} INFO - Filling up the DagBag from /home/airflow/.local/lib/python3.12/site-packages/airflow/example_dags/example_nested_branch_dag.py
[2024-07-07T08:05:31.935+0000] {processor.py:840} INFO - DAG(s) 'example_nested_branch_dag' retrieved from /home/airflow/.local/lib/python3.12/site-packages/airflow/example_dags/example_nested_branch_dag.py
[2024-07-07T08:05:32.074+0000] {logging_mixin.py:188} INFO - [2024-07-07T08:05:32.073+0000] {dag.py:3096} INFO - Sync 1 DAGs
[2024-07-07T08:05:32.196+0000] {logging_mixin.py:188} INFO - [2024-07-07T08:05:32.196+0000] {dag.py:3954} INFO - Setting next_dagrun for example_nested_branch_dag to 2024-07-06 00:00:00+00:00, run_after=2024-07-07 00:00:00+00:00
[2024-07-07T08:05:32.272+0000] {processor.py:183} INFO - Processing /home/airflow/.local/lib/python3.12/site-packages/airflow/example_dags/example_nested_branch_dag.py took 0.430 seconds
[2024-07-07T08:06:02.584+0000] {processor.py:161} INFO - Started process (PID=5376) to work on /home/airflow/.local/lib/python3.12/site-packages/airflow/example_dags/example_nested_branch_dag.py
[2024-07-07T08:06:02.586+0000] {processor.py:830} INFO - Processing file /home/airflow/.local/lib/python3.12/site-packages/airflow/example_dags/example_nested_branch_dag.py for tasks to queue
[2024-07-07T08:06:02.588+0000] {logging_mixin.py:188} INFO - [2024-07-07T08:06:02.587+0000] {dagbag.py:545} INFO - Filling up the DagBag from /home/airflow/.local/lib/python3.12/site-packages/airflow/example_dags/example_nested_branch_dag.py
[2024-07-07T08:06:02.612+0000] {processor.py:840} INFO - DAG(s) 'example_nested_branch_dag' retrieved from /home/airflow/.local/lib/python3.12/site-packages/airflow/example_dags/example_nested_branch_dag.py
[2024-07-07T08:06:02.667+0000] {logging_mixin.py:188} INFO - [2024-07-07T08:06:02.666+0000] {dag.py:3096} INFO - Sync 1 DAGs
[2024-07-07T08:06:02.719+0000] {logging_mixin.py:188} INFO - [2024-07-07T08:06:02.719+0000] {dag.py:3954} INFO - Setting next_dagrun for example_nested_branch_dag to 2024-07-06 00:00:00+00:00, run_after=2024-07-07 00:00:00+00:00
[2024-07-07T08:06:02.796+0000] {processor.py:183} INFO - Processing /home/airflow/.local/lib/python3.12/site-packages/airflow/example_dags/example_nested_branch_dag.py took 0.227 seconds
