[2024-07-07T00:00:13.799+0000] {processor.py:161} INFO - Started process (PID=2305) to work on /home/airflow/.local/lib/python3.12/site-packages/airflow/example_dags/example_sensors.py
[2024-07-07T00:00:13.802+0000] {processor.py:830} INFO - Processing file /home/airflow/.local/lib/python3.12/site-packages/airflow/example_dags/example_sensors.py for tasks to queue
[2024-07-07T00:00:13.811+0000] {logging_mixin.py:188} INFO - [2024-07-07T00:00:13.809+0000] {dagbag.py:545} INFO - Filling up the DagBag from /home/airflow/.local/lib/python3.12/site-packages/airflow/example_dags/example_sensors.py
[2024-07-07T00:00:13.860+0000] {processor.py:840} INFO - DAG(s) 'example_sensors' retrieved from /home/airflow/.local/lib/python3.12/site-packages/airflow/example_dags/example_sensors.py
[2024-07-07T00:00:13.993+0000] {logging_mixin.py:188} INFO - [2024-07-07T00:00:13.992+0000] {dag.py:3096} INFO - Sync 1 DAGs
[2024-07-07T00:00:14.105+0000] {logging_mixin.py:188} INFO - [2024-07-07T00:00:14.104+0000] {dag.py:3954} INFO - Setting next_dagrun for example_sensors to None, run_after=None
[2024-07-07T00:00:14.230+0000] {processor.py:183} INFO - Processing /home/airflow/.local/lib/python3.12/site-packages/airflow/example_dags/example_sensors.py took 0.457 seconds
[2024-07-07T00:00:44.381+0000] {processor.py:161} INFO - Started process (PID=2364) to work on /home/airflow/.local/lib/python3.12/site-packages/airflow/example_dags/example_sensors.py
[2024-07-07T00:00:44.384+0000] {processor.py:830} INFO - Processing file /home/airflow/.local/lib/python3.12/site-packages/airflow/example_dags/example_sensors.py for tasks to queue
[2024-07-07T00:00:44.389+0000] {logging_mixin.py:188} INFO - [2024-07-07T00:00:44.388+0000] {dagbag.py:545} INFO - Filling up the DagBag from /home/airflow/.local/lib/python3.12/site-packages/airflow/example_dags/example_sensors.py
[2024-07-07T00:00:44.419+0000] {processor.py:840} INFO - DAG(s) 'example_sensors' retrieved from /home/airflow/.local/lib/python3.12/site-packages/airflow/example_dags/example_sensors.py
[2024-07-07T00:00:44.504+0000] {logging_mixin.py:188} INFO - [2024-07-07T00:00:44.503+0000] {dag.py:3096} INFO - Sync 1 DAGs
[2024-07-07T00:00:44.546+0000] {logging_mixin.py:188} INFO - [2024-07-07T00:00:44.545+0000] {dag.py:3954} INFO - Setting next_dagrun for example_sensors to None, run_after=None
[2024-07-07T00:00:44.605+0000] {processor.py:183} INFO - Processing /home/airflow/.local/lib/python3.12/site-packages/airflow/example_dags/example_sensors.py took 0.244 seconds
[2024-07-07T00:01:14.986+0000] {processor.py:161} INFO - Started process (PID=2424) to work on /home/airflow/.local/lib/python3.12/site-packages/airflow/example_dags/example_sensors.py
[2024-07-07T00:01:14.991+0000] {processor.py:830} INFO - Processing file /home/airflow/.local/lib/python3.12/site-packages/airflow/example_dags/example_sensors.py for tasks to queue
[2024-07-07T00:01:14.999+0000] {logging_mixin.py:188} INFO - [2024-07-07T00:01:14.998+0000] {dagbag.py:545} INFO - Filling up the DagBag from /home/airflow/.local/lib/python3.12/site-packages/airflow/example_dags/example_sensors.py
[2024-07-07T00:01:15.038+0000] {processor.py:840} INFO - DAG(s) 'example_sensors' retrieved from /home/airflow/.local/lib/python3.12/site-packages/airflow/example_dags/example_sensors.py
[2024-07-07T00:01:15.189+0000] {logging_mixin.py:188} INFO - [2024-07-07T00:01:15.187+0000] {dag.py:3096} INFO - Sync 1 DAGs
[2024-07-07T00:01:15.268+0000] {logging_mixin.py:188} INFO - [2024-07-07T00:01:15.267+0000] {dag.py:3954} INFO - Setting next_dagrun for example_sensors to None, run_after=None
[2024-07-07T00:01:15.349+0000] {processor.py:183} INFO - Processing /home/airflow/.local/lib/python3.12/site-packages/airflow/example_dags/example_sensors.py took 0.392 seconds
[2024-07-07T00:01:45.481+0000] {processor.py:161} INFO - Started process (PID=2484) to work on /home/airflow/.local/lib/python3.12/site-packages/airflow/example_dags/example_sensors.py
[2024-07-07T00:01:45.483+0000] {processor.py:830} INFO - Processing file /home/airflow/.local/lib/python3.12/site-packages/airflow/example_dags/example_sensors.py for tasks to queue
[2024-07-07T00:01:45.489+0000] {logging_mixin.py:188} INFO - [2024-07-07T00:01:45.488+0000] {dagbag.py:545} INFO - Filling up the DagBag from /home/airflow/.local/lib/python3.12/site-packages/airflow/example_dags/example_sensors.py
[2024-07-07T00:01:45.520+0000] {processor.py:840} INFO - DAG(s) 'example_sensors' retrieved from /home/airflow/.local/lib/python3.12/site-packages/airflow/example_dags/example_sensors.py
[2024-07-07T00:01:45.595+0000] {logging_mixin.py:188} INFO - [2024-07-07T00:01:45.594+0000] {dag.py:3096} INFO - Sync 1 DAGs
[2024-07-07T00:01:45.628+0000] {logging_mixin.py:188} INFO - [2024-07-07T00:01:45.628+0000] {dag.py:3954} INFO - Setting next_dagrun for example_sensors to None, run_after=None
[2024-07-07T00:01:45.681+0000] {processor.py:183} INFO - Processing /home/airflow/.local/lib/python3.12/site-packages/airflow/example_dags/example_sensors.py took 0.215 seconds
[2024-07-07T00:02:16.144+0000] {processor.py:161} INFO - Started process (PID=2543) to work on /home/airflow/.local/lib/python3.12/site-packages/airflow/example_dags/example_sensors.py
[2024-07-07T00:02:16.146+0000] {processor.py:830} INFO - Processing file /home/airflow/.local/lib/python3.12/site-packages/airflow/example_dags/example_sensors.py for tasks to queue
[2024-07-07T00:02:16.152+0000] {logging_mixin.py:188} INFO - [2024-07-07T00:02:16.151+0000] {dagbag.py:545} INFO - Filling up the DagBag from /home/airflow/.local/lib/python3.12/site-packages/airflow/example_dags/example_sensors.py
[2024-07-07T00:02:16.181+0000] {processor.py:840} INFO - DAG(s) 'example_sensors' retrieved from /home/airflow/.local/lib/python3.12/site-packages/airflow/example_dags/example_sensors.py
[2024-07-07T00:02:16.251+0000] {logging_mixin.py:188} INFO - [2024-07-07T00:02:16.250+0000] {dag.py:3096} INFO - Sync 1 DAGs
[2024-07-07T00:02:16.288+0000] {logging_mixin.py:188} INFO - [2024-07-07T00:02:16.288+0000] {dag.py:3954} INFO - Setting next_dagrun for example_sensors to None, run_after=None
[2024-07-07T00:02:16.343+0000] {processor.py:183} INFO - Processing /home/airflow/.local/lib/python3.12/site-packages/airflow/example_dags/example_sensors.py took 0.214 seconds
[2024-07-07T00:02:46.742+0000] {processor.py:161} INFO - Started process (PID=2603) to work on /home/airflow/.local/lib/python3.12/site-packages/airflow/example_dags/example_sensors.py
[2024-07-07T00:02:46.744+0000] {processor.py:830} INFO - Processing file /home/airflow/.local/lib/python3.12/site-packages/airflow/example_dags/example_sensors.py for tasks to queue
[2024-07-07T00:02:46.749+0000] {logging_mixin.py:188} INFO - [2024-07-07T00:02:46.748+0000] {dagbag.py:545} INFO - Filling up the DagBag from /home/airflow/.local/lib/python3.12/site-packages/airflow/example_dags/example_sensors.py
[2024-07-07T00:02:46.774+0000] {processor.py:840} INFO - DAG(s) 'example_sensors' retrieved from /home/airflow/.local/lib/python3.12/site-packages/airflow/example_dags/example_sensors.py
[2024-07-07T00:02:46.873+0000] {logging_mixin.py:188} INFO - [2024-07-07T00:02:46.872+0000] {dag.py:3096} INFO - Sync 1 DAGs
[2024-07-07T00:02:46.931+0000] {logging_mixin.py:188} INFO - [2024-07-07T00:02:46.930+0000] {dag.py:3954} INFO - Setting next_dagrun for example_sensors to None, run_after=None
[2024-07-07T00:02:47.077+0000] {processor.py:183} INFO - Processing /home/airflow/.local/lib/python3.12/site-packages/airflow/example_dags/example_sensors.py took 0.356 seconds
[2024-07-07T00:03:17.577+0000] {processor.py:161} INFO - Started process (PID=2664) to work on /home/airflow/.local/lib/python3.12/site-packages/airflow/example_dags/example_sensors.py
[2024-07-07T00:03:17.580+0000] {processor.py:830} INFO - Processing file /home/airflow/.local/lib/python3.12/site-packages/airflow/example_dags/example_sensors.py for tasks to queue
[2024-07-07T00:03:17.585+0000] {logging_mixin.py:188} INFO - [2024-07-07T00:03:17.584+0000] {dagbag.py:545} INFO - Filling up the DagBag from /home/airflow/.local/lib/python3.12/site-packages/airflow/example_dags/example_sensors.py
[2024-07-07T00:03:17.611+0000] {processor.py:840} INFO - DAG(s) 'example_sensors' retrieved from /home/airflow/.local/lib/python3.12/site-packages/airflow/example_dags/example_sensors.py
[2024-07-07T00:03:17.694+0000] {logging_mixin.py:188} INFO - [2024-07-07T00:03:17.693+0000] {dag.py:3096} INFO - Sync 1 DAGs
[2024-07-07T00:03:17.736+0000] {logging_mixin.py:188} INFO - [2024-07-07T00:03:17.735+0000] {dag.py:3954} INFO - Setting next_dagrun for example_sensors to None, run_after=None
[2024-07-07T00:03:17.796+0000] {processor.py:183} INFO - Processing /home/airflow/.local/lib/python3.12/site-packages/airflow/example_dags/example_sensors.py took 0.237 seconds
[2024-07-07T00:03:48.618+0000] {processor.py:161} INFO - Started process (PID=2723) to work on /home/airflow/.local/lib/python3.12/site-packages/airflow/example_dags/example_sensors.py
[2024-07-07T00:03:48.621+0000] {processor.py:830} INFO - Processing file /home/airflow/.local/lib/python3.12/site-packages/airflow/example_dags/example_sensors.py for tasks to queue
[2024-07-07T00:03:48.630+0000] {logging_mixin.py:188} INFO - [2024-07-07T00:03:48.628+0000] {dagbag.py:545} INFO - Filling up the DagBag from /home/airflow/.local/lib/python3.12/site-packages/airflow/example_dags/example_sensors.py
[2024-07-07T00:03:48.667+0000] {processor.py:840} INFO - DAG(s) 'example_sensors' retrieved from /home/airflow/.local/lib/python3.12/site-packages/airflow/example_dags/example_sensors.py
[2024-07-07T00:03:48.771+0000] {logging_mixin.py:188} INFO - [2024-07-07T00:03:48.770+0000] {dag.py:3096} INFO - Sync 1 DAGs
[2024-07-07T00:03:48.820+0000] {logging_mixin.py:188} INFO - [2024-07-07T00:03:48.819+0000] {dag.py:3954} INFO - Setting next_dagrun for example_sensors to None, run_after=None
[2024-07-07T00:03:48.894+0000] {processor.py:183} INFO - Processing /home/airflow/.local/lib/python3.12/site-packages/airflow/example_dags/example_sensors.py took 0.302 seconds
[2024-07-07T07:39:19.596+0000] {processor.py:161} INFO - Started process (PID=2756) to work on /home/airflow/.local/lib/python3.12/site-packages/airflow/example_dags/example_sensors.py
[2024-07-07T07:39:19.607+0000] {processor.py:830} INFO - Processing file /home/airflow/.local/lib/python3.12/site-packages/airflow/example_dags/example_sensors.py for tasks to queue
[2024-07-07T07:39:19.610+0000] {logging_mixin.py:188} INFO - [2024-07-07T07:39:19.609+0000] {dagbag.py:545} INFO - Filling up the DagBag from /home/airflow/.local/lib/python3.12/site-packages/airflow/example_dags/example_sensors.py
[2024-07-07T07:39:19.673+0000] {processor.py:840} INFO - DAG(s) 'example_sensors' retrieved from /home/airflow/.local/lib/python3.12/site-packages/airflow/example_dags/example_sensors.py
[2024-07-07T07:39:19.910+0000] {logging_mixin.py:188} INFO - [2024-07-07T07:39:19.899+0000] {dag.py:3096} INFO - Sync 1 DAGs
[2024-07-07T07:39:19.978+0000] {logging_mixin.py:188} INFO - [2024-07-07T07:39:19.978+0000] {dag.py:3954} INFO - Setting next_dagrun for example_sensors to None, run_after=None
[2024-07-07T07:39:20.070+0000] {processor.py:183} INFO - Processing /home/airflow/.local/lib/python3.12/site-packages/airflow/example_dags/example_sensors.py took 0.509 seconds
[2024-07-07T07:39:50.399+0000] {processor.py:161} INFO - Started process (PID=2815) to work on /home/airflow/.local/lib/python3.12/site-packages/airflow/example_dags/example_sensors.py
[2024-07-07T07:39:50.401+0000] {processor.py:830} INFO - Processing file /home/airflow/.local/lib/python3.12/site-packages/airflow/example_dags/example_sensors.py for tasks to queue
[2024-07-07T07:39:50.402+0000] {logging_mixin.py:188} INFO - [2024-07-07T07:39:50.402+0000] {dagbag.py:545} INFO - Filling up the DagBag from /home/airflow/.local/lib/python3.12/site-packages/airflow/example_dags/example_sensors.py
[2024-07-07T07:39:50.414+0000] {processor.py:840} INFO - DAG(s) 'example_sensors' retrieved from /home/airflow/.local/lib/python3.12/site-packages/airflow/example_dags/example_sensors.py
[2024-07-07T07:39:50.449+0000] {logging_mixin.py:188} INFO - [2024-07-07T07:39:50.448+0000] {dag.py:3096} INFO - Sync 1 DAGs
[2024-07-07T07:39:50.464+0000] {logging_mixin.py:188} INFO - [2024-07-07T07:39:50.463+0000] {dag.py:3954} INFO - Setting next_dagrun for example_sensors to None, run_after=None
[2024-07-07T07:39:50.488+0000] {processor.py:183} INFO - Processing /home/airflow/.local/lib/python3.12/site-packages/airflow/example_dags/example_sensors.py took 0.097 seconds
[2024-07-07T07:40:21.585+0000] {processor.py:161} INFO - Started process (PID=2875) to work on /home/airflow/.local/lib/python3.12/site-packages/airflow/example_dags/example_sensors.py
[2024-07-07T07:40:21.586+0000] {processor.py:830} INFO - Processing file /home/airflow/.local/lib/python3.12/site-packages/airflow/example_dags/example_sensors.py for tasks to queue
[2024-07-07T07:40:21.588+0000] {logging_mixin.py:188} INFO - [2024-07-07T07:40:21.587+0000] {dagbag.py:545} INFO - Filling up the DagBag from /home/airflow/.local/lib/python3.12/site-packages/airflow/example_dags/example_sensors.py
[2024-07-07T07:40:21.607+0000] {processor.py:840} INFO - DAG(s) 'example_sensors' retrieved from /home/airflow/.local/lib/python3.12/site-packages/airflow/example_dags/example_sensors.py
[2024-07-07T07:40:21.655+0000] {logging_mixin.py:188} INFO - [2024-07-07T07:40:21.654+0000] {dag.py:3096} INFO - Sync 1 DAGs
[2024-07-07T07:40:21.676+0000] {logging_mixin.py:188} INFO - [2024-07-07T07:40:21.675+0000] {dag.py:3954} INFO - Setting next_dagrun for example_sensors to None, run_after=None
[2024-07-07T07:40:21.704+0000] {processor.py:183} INFO - Processing /home/airflow/.local/lib/python3.12/site-packages/airflow/example_dags/example_sensors.py took 0.129 seconds
[2024-07-07T07:40:52.951+0000] {processor.py:161} INFO - Started process (PID=2935) to work on /home/airflow/.local/lib/python3.12/site-packages/airflow/example_dags/example_sensors.py
[2024-07-07T07:40:52.955+0000] {processor.py:830} INFO - Processing file /home/airflow/.local/lib/python3.12/site-packages/airflow/example_dags/example_sensors.py for tasks to queue
[2024-07-07T07:40:52.958+0000] {logging_mixin.py:188} INFO - [2024-07-07T07:40:52.957+0000] {dagbag.py:545} INFO - Filling up the DagBag from /home/airflow/.local/lib/python3.12/site-packages/airflow/example_dags/example_sensors.py
[2024-07-07T07:40:52.991+0000] {processor.py:840} INFO - DAG(s) 'example_sensors' retrieved from /home/airflow/.local/lib/python3.12/site-packages/airflow/example_dags/example_sensors.py
[2024-07-07T07:40:53.069+0000] {logging_mixin.py:188} INFO - [2024-07-07T07:40:53.069+0000] {dag.py:3096} INFO - Sync 1 DAGs
[2024-07-07T07:40:53.112+0000] {logging_mixin.py:188} INFO - [2024-07-07T07:40:53.111+0000] {dag.py:3954} INFO - Setting next_dagrun for example_sensors to None, run_after=None
[2024-07-07T07:40:53.163+0000] {processor.py:183} INFO - Processing /home/airflow/.local/lib/python3.12/site-packages/airflow/example_dags/example_sensors.py took 0.234 seconds
[2024-07-07T07:41:23.811+0000] {processor.py:161} INFO - Started process (PID=2993) to work on /home/airflow/.local/lib/python3.12/site-packages/airflow/example_dags/example_sensors.py
[2024-07-07T07:41:23.817+0000] {processor.py:830} INFO - Processing file /home/airflow/.local/lib/python3.12/site-packages/airflow/example_dags/example_sensors.py for tasks to queue
[2024-07-07T07:41:23.826+0000] {logging_mixin.py:188} INFO - [2024-07-07T07:41:23.823+0000] {dagbag.py:545} INFO - Filling up the DagBag from /home/airflow/.local/lib/python3.12/site-packages/airflow/example_dags/example_sensors.py
[2024-07-07T07:41:23.869+0000] {processor.py:840} INFO - DAG(s) 'example_sensors' retrieved from /home/airflow/.local/lib/python3.12/site-packages/airflow/example_dags/example_sensors.py
[2024-07-07T07:41:23.958+0000] {logging_mixin.py:188} INFO - [2024-07-07T07:41:23.958+0000] {dag.py:3096} INFO - Sync 1 DAGs
[2024-07-07T07:41:24.004+0000] {logging_mixin.py:188} INFO - [2024-07-07T07:41:24.003+0000] {dag.py:3954} INFO - Setting next_dagrun for example_sensors to None, run_after=None
[2024-07-07T07:41:24.052+0000] {processor.py:183} INFO - Processing /home/airflow/.local/lib/python3.12/site-packages/airflow/example_dags/example_sensors.py took 0.291 seconds
[2024-07-07T07:41:54.509+0000] {processor.py:161} INFO - Started process (PID=3053) to work on /home/airflow/.local/lib/python3.12/site-packages/airflow/example_dags/example_sensors.py
[2024-07-07T07:41:54.515+0000] {processor.py:830} INFO - Processing file /home/airflow/.local/lib/python3.12/site-packages/airflow/example_dags/example_sensors.py for tasks to queue
[2024-07-07T07:41:54.521+0000] {logging_mixin.py:188} INFO - [2024-07-07T07:41:54.519+0000] {dagbag.py:545} INFO - Filling up the DagBag from /home/airflow/.local/lib/python3.12/site-packages/airflow/example_dags/example_sensors.py
[2024-07-07T07:41:54.601+0000] {processor.py:840} INFO - DAG(s) 'example_sensors' retrieved from /home/airflow/.local/lib/python3.12/site-packages/airflow/example_dags/example_sensors.py
[2024-07-07T07:41:54.832+0000] {logging_mixin.py:188} INFO - [2024-07-07T07:41:54.830+0000] {dag.py:3096} INFO - Sync 1 DAGs
[2024-07-07T07:41:54.907+0000] {logging_mixin.py:188} INFO - [2024-07-07T07:41:54.906+0000] {dag.py:3954} INFO - Setting next_dagrun for example_sensors to None, run_after=None
[2024-07-07T07:41:54.956+0000] {processor.py:183} INFO - Processing /home/airflow/.local/lib/python3.12/site-packages/airflow/example_dags/example_sensors.py took 0.503 seconds
[2024-07-07T07:42:25.161+0000] {processor.py:161} INFO - Started process (PID=3112) to work on /home/airflow/.local/lib/python3.12/site-packages/airflow/example_dags/example_sensors.py
[2024-07-07T07:42:25.164+0000] {processor.py:830} INFO - Processing file /home/airflow/.local/lib/python3.12/site-packages/airflow/example_dags/example_sensors.py for tasks to queue
[2024-07-07T07:42:25.167+0000] {logging_mixin.py:188} INFO - [2024-07-07T07:42:25.166+0000] {dagbag.py:545} INFO - Filling up the DagBag from /home/airflow/.local/lib/python3.12/site-packages/airflow/example_dags/example_sensors.py
[2024-07-07T07:42:25.220+0000] {processor.py:840} INFO - DAG(s) 'example_sensors' retrieved from /home/airflow/.local/lib/python3.12/site-packages/airflow/example_dags/example_sensors.py
[2024-07-07T07:42:25.362+0000] {logging_mixin.py:188} INFO - [2024-07-07T07:42:25.361+0000] {dag.py:3096} INFO - Sync 1 DAGs
[2024-07-07T07:42:25.428+0000] {logging_mixin.py:188} INFO - [2024-07-07T07:42:25.427+0000] {dag.py:3954} INFO - Setting next_dagrun for example_sensors to None, run_after=None
[2024-07-07T07:42:25.526+0000] {processor.py:183} INFO - Processing /home/airflow/.local/lib/python3.12/site-packages/airflow/example_dags/example_sensors.py took 0.382 seconds
[2024-07-07T07:42:56.221+0000] {processor.py:161} INFO - Started process (PID=3172) to work on /home/airflow/.local/lib/python3.12/site-packages/airflow/example_dags/example_sensors.py
[2024-07-07T07:42:56.226+0000] {processor.py:830} INFO - Processing file /home/airflow/.local/lib/python3.12/site-packages/airflow/example_dags/example_sensors.py for tasks to queue
[2024-07-07T07:42:56.231+0000] {logging_mixin.py:188} INFO - [2024-07-07T07:42:56.230+0000] {dagbag.py:545} INFO - Filling up the DagBag from /home/airflow/.local/lib/python3.12/site-packages/airflow/example_dags/example_sensors.py
[2024-07-07T07:42:56.291+0000] {processor.py:840} INFO - DAG(s) 'example_sensors' retrieved from /home/airflow/.local/lib/python3.12/site-packages/airflow/example_dags/example_sensors.py
[2024-07-07T07:42:56.481+0000] {logging_mixin.py:188} INFO - [2024-07-07T07:42:56.480+0000] {dag.py:3096} INFO - Sync 1 DAGs
[2024-07-07T07:42:56.567+0000] {logging_mixin.py:188} INFO - [2024-07-07T07:42:56.566+0000] {dag.py:3954} INFO - Setting next_dagrun for example_sensors to None, run_after=None
[2024-07-07T07:42:56.639+0000] {processor.py:183} INFO - Processing /home/airflow/.local/lib/python3.12/site-packages/airflow/example_dags/example_sensors.py took 0.455 seconds
[2024-07-07T07:43:27.363+0000] {processor.py:161} INFO - Started process (PID=3238) to work on /home/airflow/.local/lib/python3.12/site-packages/airflow/example_dags/example_sensors.py
[2024-07-07T07:43:27.366+0000] {processor.py:830} INFO - Processing file /home/airflow/.local/lib/python3.12/site-packages/airflow/example_dags/example_sensors.py for tasks to queue
[2024-07-07T07:43:27.369+0000] {logging_mixin.py:188} INFO - [2024-07-07T07:43:27.368+0000] {dagbag.py:545} INFO - Filling up the DagBag from /home/airflow/.local/lib/python3.12/site-packages/airflow/example_dags/example_sensors.py
[2024-07-07T07:43:27.410+0000] {processor.py:840} INFO - DAG(s) 'example_sensors' retrieved from /home/airflow/.local/lib/python3.12/site-packages/airflow/example_dags/example_sensors.py
[2024-07-07T07:43:27.493+0000] {logging_mixin.py:188} INFO - [2024-07-07T07:43:27.493+0000] {dag.py:3096} INFO - Sync 1 DAGs
[2024-07-07T07:43:27.527+0000] {logging_mixin.py:188} INFO - [2024-07-07T07:43:27.526+0000] {dag.py:3954} INFO - Setting next_dagrun for example_sensors to None, run_after=None
[2024-07-07T07:43:27.577+0000] {processor.py:183} INFO - Processing /home/airflow/.local/lib/python3.12/site-packages/airflow/example_dags/example_sensors.py took 0.247 seconds
[2024-07-07T07:43:58.208+0000] {processor.py:161} INFO - Started process (PID=3299) to work on /home/airflow/.local/lib/python3.12/site-packages/airflow/example_dags/example_sensors.py
[2024-07-07T07:43:58.214+0000] {processor.py:830} INFO - Processing file /home/airflow/.local/lib/python3.12/site-packages/airflow/example_dags/example_sensors.py for tasks to queue
[2024-07-07T07:43:58.220+0000] {logging_mixin.py:188} INFO - [2024-07-07T07:43:58.218+0000] {dagbag.py:545} INFO - Filling up the DagBag from /home/airflow/.local/lib/python3.12/site-packages/airflow/example_dags/example_sensors.py
[2024-07-07T07:43:58.285+0000] {processor.py:840} INFO - DAG(s) 'example_sensors' retrieved from /home/airflow/.local/lib/python3.12/site-packages/airflow/example_dags/example_sensors.py
[2024-07-07T07:43:58.477+0000] {logging_mixin.py:188} INFO - [2024-07-07T07:43:58.476+0000] {dag.py:3096} INFO - Sync 1 DAGs
[2024-07-07T07:43:58.564+0000] {logging_mixin.py:188} INFO - [2024-07-07T07:43:58.563+0000] {dag.py:3954} INFO - Setting next_dagrun for example_sensors to None, run_after=None
[2024-07-07T07:43:58.669+0000] {processor.py:183} INFO - Processing /home/airflow/.local/lib/python3.12/site-packages/airflow/example_dags/example_sensors.py took 0.498 seconds
[2024-07-07T07:44:28.998+0000] {processor.py:161} INFO - Started process (PID=3358) to work on /home/airflow/.local/lib/python3.12/site-packages/airflow/example_dags/example_sensors.py
[2024-07-07T07:44:29.002+0000] {processor.py:830} INFO - Processing file /home/airflow/.local/lib/python3.12/site-packages/airflow/example_dags/example_sensors.py for tasks to queue
[2024-07-07T07:44:29.006+0000] {logging_mixin.py:188} INFO - [2024-07-07T07:44:29.005+0000] {dagbag.py:545} INFO - Filling up the DagBag from /home/airflow/.local/lib/python3.12/site-packages/airflow/example_dags/example_sensors.py
[2024-07-07T07:44:29.042+0000] {processor.py:840} INFO - DAG(s) 'example_sensors' retrieved from /home/airflow/.local/lib/python3.12/site-packages/airflow/example_dags/example_sensors.py
[2024-07-07T07:44:29.134+0000] {logging_mixin.py:188} INFO - [2024-07-07T07:44:29.133+0000] {dag.py:3096} INFO - Sync 1 DAGs
[2024-07-07T07:44:29.178+0000] {logging_mixin.py:188} INFO - [2024-07-07T07:44:29.177+0000] {dag.py:3954} INFO - Setting next_dagrun for example_sensors to None, run_after=None
[2024-07-07T07:44:29.243+0000] {processor.py:183} INFO - Processing /home/airflow/.local/lib/python3.12/site-packages/airflow/example_dags/example_sensors.py took 0.267 seconds
[2024-07-07T07:44:59.879+0000] {processor.py:161} INFO - Started process (PID=3418) to work on /home/airflow/.local/lib/python3.12/site-packages/airflow/example_dags/example_sensors.py
[2024-07-07T07:44:59.888+0000] {processor.py:830} INFO - Processing file /home/airflow/.local/lib/python3.12/site-packages/airflow/example_dags/example_sensors.py for tasks to queue
[2024-07-07T07:44:59.898+0000] {logging_mixin.py:188} INFO - [2024-07-07T07:44:59.895+0000] {dagbag.py:545} INFO - Filling up the DagBag from /home/airflow/.local/lib/python3.12/site-packages/airflow/example_dags/example_sensors.py
[2024-07-07T07:44:59.939+0000] {processor.py:840} INFO - DAG(s) 'example_sensors' retrieved from /home/airflow/.local/lib/python3.12/site-packages/airflow/example_dags/example_sensors.py
[2024-07-07T07:44:59.997+0000] {logging_mixin.py:188} INFO - [2024-07-07T07:44:59.997+0000] {dag.py:3096} INFO - Sync 1 DAGs
[2024-07-07T07:45:00.037+0000] {logging_mixin.py:188} INFO - [2024-07-07T07:45:00.036+0000] {dag.py:3954} INFO - Setting next_dagrun for example_sensors to None, run_after=None
[2024-07-07T07:45:00.092+0000] {processor.py:183} INFO - Processing /home/airflow/.local/lib/python3.12/site-packages/airflow/example_dags/example_sensors.py took 0.261 seconds
[2024-07-07T07:45:30.383+0000] {processor.py:161} INFO - Started process (PID=3477) to work on /home/airflow/.local/lib/python3.12/site-packages/airflow/example_dags/example_sensors.py
[2024-07-07T07:45:30.386+0000] {processor.py:830} INFO - Processing file /home/airflow/.local/lib/python3.12/site-packages/airflow/example_dags/example_sensors.py for tasks to queue
[2024-07-07T07:45:30.388+0000] {logging_mixin.py:188} INFO - [2024-07-07T07:45:30.387+0000] {dagbag.py:545} INFO - Filling up the DagBag from /home/airflow/.local/lib/python3.12/site-packages/airflow/example_dags/example_sensors.py
[2024-07-07T07:45:30.427+0000] {processor.py:840} INFO - DAG(s) 'example_sensors' retrieved from /home/airflow/.local/lib/python3.12/site-packages/airflow/example_dags/example_sensors.py
[2024-07-07T07:45:30.505+0000] {logging_mixin.py:188} INFO - [2024-07-07T07:45:30.504+0000] {dag.py:3096} INFO - Sync 1 DAGs
[2024-07-07T07:45:30.541+0000] {logging_mixin.py:188} INFO - [2024-07-07T07:45:30.540+0000] {dag.py:3954} INFO - Setting next_dagrun for example_sensors to None, run_after=None
[2024-07-07T07:45:30.595+0000] {processor.py:183} INFO - Processing /home/airflow/.local/lib/python3.12/site-packages/airflow/example_dags/example_sensors.py took 0.235 seconds
[2024-07-07T07:46:01.109+0000] {processor.py:161} INFO - Started process (PID=3537) to work on /home/airflow/.local/lib/python3.12/site-packages/airflow/example_dags/example_sensors.py
[2024-07-07T07:46:01.111+0000] {processor.py:830} INFO - Processing file /home/airflow/.local/lib/python3.12/site-packages/airflow/example_dags/example_sensors.py for tasks to queue
[2024-07-07T07:46:01.113+0000] {logging_mixin.py:188} INFO - [2024-07-07T07:46:01.113+0000] {dagbag.py:545} INFO - Filling up the DagBag from /home/airflow/.local/lib/python3.12/site-packages/airflow/example_dags/example_sensors.py
[2024-07-07T07:46:01.135+0000] {processor.py:840} INFO - DAG(s) 'example_sensors' retrieved from /home/airflow/.local/lib/python3.12/site-packages/airflow/example_dags/example_sensors.py
[2024-07-07T07:46:01.197+0000] {logging_mixin.py:188} INFO - [2024-07-07T07:46:01.197+0000] {dag.py:3096} INFO - Sync 1 DAGs
[2024-07-07T07:46:01.223+0000] {logging_mixin.py:188} INFO - [2024-07-07T07:46:01.223+0000] {dag.py:3954} INFO - Setting next_dagrun for example_sensors to None, run_after=None
[2024-07-07T07:46:01.265+0000] {processor.py:183} INFO - Processing /home/airflow/.local/lib/python3.12/site-packages/airflow/example_dags/example_sensors.py took 0.172 seconds
[2024-07-07T07:46:31.485+0000] {processor.py:161} INFO - Started process (PID=3598) to work on /home/airflow/.local/lib/python3.12/site-packages/airflow/example_dags/example_sensors.py
[2024-07-07T07:46:31.487+0000] {processor.py:830} INFO - Processing file /home/airflow/.local/lib/python3.12/site-packages/airflow/example_dags/example_sensors.py for tasks to queue
[2024-07-07T07:46:31.489+0000] {logging_mixin.py:188} INFO - [2024-07-07T07:46:31.488+0000] {dagbag.py:545} INFO - Filling up the DagBag from /home/airflow/.local/lib/python3.12/site-packages/airflow/example_dags/example_sensors.py
[2024-07-07T07:46:31.513+0000] {processor.py:840} INFO - DAG(s) 'example_sensors' retrieved from /home/airflow/.local/lib/python3.12/site-packages/airflow/example_dags/example_sensors.py
[2024-07-07T07:46:31.560+0000] {logging_mixin.py:188} INFO - [2024-07-07T07:46:31.559+0000] {dag.py:3096} INFO - Sync 1 DAGs
[2024-07-07T07:46:31.581+0000] {logging_mixin.py:188} INFO - [2024-07-07T07:46:31.581+0000] {dag.py:3954} INFO - Setting next_dagrun for example_sensors to None, run_after=None
[2024-07-07T07:46:31.613+0000] {processor.py:183} INFO - Processing /home/airflow/.local/lib/python3.12/site-packages/airflow/example_dags/example_sensors.py took 0.138 seconds
[2024-07-07T07:47:02.139+0000] {processor.py:161} INFO - Started process (PID=3659) to work on /home/airflow/.local/lib/python3.12/site-packages/airflow/example_dags/example_sensors.py
[2024-07-07T07:47:02.145+0000] {processor.py:830} INFO - Processing file /home/airflow/.local/lib/python3.12/site-packages/airflow/example_dags/example_sensors.py for tasks to queue
[2024-07-07T07:47:02.151+0000] {logging_mixin.py:188} INFO - [2024-07-07T07:47:02.149+0000] {dagbag.py:545} INFO - Filling up the DagBag from /home/airflow/.local/lib/python3.12/site-packages/airflow/example_dags/example_sensors.py
[2024-07-07T07:47:02.209+0000] {processor.py:840} INFO - DAG(s) 'example_sensors' retrieved from /home/airflow/.local/lib/python3.12/site-packages/airflow/example_dags/example_sensors.py
[2024-07-07T07:47:02.286+0000] {logging_mixin.py:188} INFO - [2024-07-07T07:47:02.285+0000] {dag.py:3096} INFO - Sync 1 DAGs
[2024-07-07T07:47:02.322+0000] {logging_mixin.py:188} INFO - [2024-07-07T07:47:02.322+0000] {dag.py:3954} INFO - Setting next_dagrun for example_sensors to None, run_after=None
[2024-07-07T07:47:02.373+0000] {processor.py:183} INFO - Processing /home/airflow/.local/lib/python3.12/site-packages/airflow/example_dags/example_sensors.py took 0.279 seconds
[2024-07-07T07:47:32.858+0000] {processor.py:161} INFO - Started process (PID=3719) to work on /home/airflow/.local/lib/python3.12/site-packages/airflow/example_dags/example_sensors.py
[2024-07-07T07:47:32.864+0000] {processor.py:830} INFO - Processing file /home/airflow/.local/lib/python3.12/site-packages/airflow/example_dags/example_sensors.py for tasks to queue
[2024-07-07T07:47:32.869+0000] {logging_mixin.py:188} INFO - [2024-07-07T07:47:32.867+0000] {dagbag.py:545} INFO - Filling up the DagBag from /home/airflow/.local/lib/python3.12/site-packages/airflow/example_dags/example_sensors.py
[2024-07-07T07:47:32.921+0000] {processor.py:840} INFO - DAG(s) 'example_sensors' retrieved from /home/airflow/.local/lib/python3.12/site-packages/airflow/example_dags/example_sensors.py
[2024-07-07T07:47:33.086+0000] {logging_mixin.py:188} INFO - [2024-07-07T07:47:33.085+0000] {dag.py:3096} INFO - Sync 1 DAGs
[2024-07-07T07:47:33.178+0000] {logging_mixin.py:188} INFO - [2024-07-07T07:47:33.177+0000] {dag.py:3954} INFO - Setting next_dagrun for example_sensors to None, run_after=None
[2024-07-07T07:47:33.281+0000] {processor.py:183} INFO - Processing /home/airflow/.local/lib/python3.12/site-packages/airflow/example_dags/example_sensors.py took 0.454 seconds
[2024-07-07T07:48:03.424+0000] {processor.py:161} INFO - Started process (PID=3779) to work on /home/airflow/.local/lib/python3.12/site-packages/airflow/example_dags/example_sensors.py
[2024-07-07T07:48:03.427+0000] {processor.py:830} INFO - Processing file /home/airflow/.local/lib/python3.12/site-packages/airflow/example_dags/example_sensors.py for tasks to queue
[2024-07-07T07:48:03.431+0000] {logging_mixin.py:188} INFO - [2024-07-07T07:48:03.430+0000] {dagbag.py:545} INFO - Filling up the DagBag from /home/airflow/.local/lib/python3.12/site-packages/airflow/example_dags/example_sensors.py
[2024-07-07T07:48:03.460+0000] {processor.py:840} INFO - DAG(s) 'example_sensors' retrieved from /home/airflow/.local/lib/python3.12/site-packages/airflow/example_dags/example_sensors.py
[2024-07-07T07:48:03.548+0000] {logging_mixin.py:188} INFO - [2024-07-07T07:48:03.547+0000] {dag.py:3096} INFO - Sync 1 DAGs
[2024-07-07T07:48:03.588+0000] {logging_mixin.py:188} INFO - [2024-07-07T07:48:03.587+0000] {dag.py:3954} INFO - Setting next_dagrun for example_sensors to None, run_after=None
[2024-07-07T07:48:03.643+0000] {processor.py:183} INFO - Processing /home/airflow/.local/lib/python3.12/site-packages/airflow/example_dags/example_sensors.py took 0.237 seconds
[2024-07-07T07:48:34.748+0000] {processor.py:161} INFO - Started process (PID=3839) to work on /home/airflow/.local/lib/python3.12/site-packages/airflow/example_dags/example_sensors.py
[2024-07-07T07:48:34.752+0000] {processor.py:830} INFO - Processing file /home/airflow/.local/lib/python3.12/site-packages/airflow/example_dags/example_sensors.py for tasks to queue
[2024-07-07T07:48:34.756+0000] {logging_mixin.py:188} INFO - [2024-07-07T07:48:34.755+0000] {dagbag.py:545} INFO - Filling up the DagBag from /home/airflow/.local/lib/python3.12/site-packages/airflow/example_dags/example_sensors.py
[2024-07-07T07:48:34.782+0000] {processor.py:840} INFO - DAG(s) 'example_sensors' retrieved from /home/airflow/.local/lib/python3.12/site-packages/airflow/example_dags/example_sensors.py
[2024-07-07T07:48:34.878+0000] {logging_mixin.py:188} INFO - [2024-07-07T07:48:34.877+0000] {dag.py:3096} INFO - Sync 1 DAGs
[2024-07-07T07:48:34.929+0000] {logging_mixin.py:188} INFO - [2024-07-07T07:48:34.929+0000] {dag.py:3954} INFO - Setting next_dagrun for example_sensors to None, run_after=None
[2024-07-07T07:48:34.985+0000] {processor.py:183} INFO - Processing /home/airflow/.local/lib/python3.12/site-packages/airflow/example_dags/example_sensors.py took 0.267 seconds
[2024-07-07T07:49:05.505+0000] {processor.py:161} INFO - Started process (PID=3897) to work on /home/airflow/.local/lib/python3.12/site-packages/airflow/example_dags/example_sensors.py
[2024-07-07T07:49:05.509+0000] {processor.py:830} INFO - Processing file /home/airflow/.local/lib/python3.12/site-packages/airflow/example_dags/example_sensors.py for tasks to queue
[2024-07-07T07:49:05.512+0000] {logging_mixin.py:188} INFO - [2024-07-07T07:49:05.511+0000] {dagbag.py:545} INFO - Filling up the DagBag from /home/airflow/.local/lib/python3.12/site-packages/airflow/example_dags/example_sensors.py
[2024-07-07T07:49:05.541+0000] {processor.py:840} INFO - DAG(s) 'example_sensors' retrieved from /home/airflow/.local/lib/python3.12/site-packages/airflow/example_dags/example_sensors.py
[2024-07-07T07:49:05.601+0000] {logging_mixin.py:188} INFO - [2024-07-07T07:49:05.601+0000] {dag.py:3096} INFO - Sync 1 DAGs
[2024-07-07T07:49:05.623+0000] {logging_mixin.py:188} INFO - [2024-07-07T07:49:05.623+0000] {dag.py:3954} INFO - Setting next_dagrun for example_sensors to None, run_after=None
[2024-07-07T07:49:05.660+0000] {processor.py:183} INFO - Processing /home/airflow/.local/lib/python3.12/site-packages/airflow/example_dags/example_sensors.py took 0.181 seconds
[2024-07-07T07:49:36.163+0000] {processor.py:161} INFO - Started process (PID=3955) to work on /home/airflow/.local/lib/python3.12/site-packages/airflow/example_dags/example_sensors.py
[2024-07-07T07:49:36.165+0000] {processor.py:830} INFO - Processing file /home/airflow/.local/lib/python3.12/site-packages/airflow/example_dags/example_sensors.py for tasks to queue
[2024-07-07T07:49:36.168+0000] {logging_mixin.py:188} INFO - [2024-07-07T07:49:36.167+0000] {dagbag.py:545} INFO - Filling up the DagBag from /home/airflow/.local/lib/python3.12/site-packages/airflow/example_dags/example_sensors.py
[2024-07-07T07:49:36.191+0000] {processor.py:840} INFO - DAG(s) 'example_sensors' retrieved from /home/airflow/.local/lib/python3.12/site-packages/airflow/example_dags/example_sensors.py
[2024-07-07T07:49:36.255+0000] {logging_mixin.py:188} INFO - [2024-07-07T07:49:36.254+0000] {dag.py:3096} INFO - Sync 1 DAGs
[2024-07-07T07:49:36.286+0000] {logging_mixin.py:188} INFO - [2024-07-07T07:49:36.285+0000] {dag.py:3954} INFO - Setting next_dagrun for example_sensors to None, run_after=None
[2024-07-07T07:49:36.331+0000] {processor.py:183} INFO - Processing /home/airflow/.local/lib/python3.12/site-packages/airflow/example_dags/example_sensors.py took 0.182 seconds
[2024-07-07T07:50:07.066+0000] {processor.py:161} INFO - Started process (PID=4015) to work on /home/airflow/.local/lib/python3.12/site-packages/airflow/example_dags/example_sensors.py
[2024-07-07T07:50:07.068+0000] {processor.py:830} INFO - Processing file /home/airflow/.local/lib/python3.12/site-packages/airflow/example_dags/example_sensors.py for tasks to queue
[2024-07-07T07:50:07.071+0000] {logging_mixin.py:188} INFO - [2024-07-07T07:50:07.070+0000] {dagbag.py:545} INFO - Filling up the DagBag from /home/airflow/.local/lib/python3.12/site-packages/airflow/example_dags/example_sensors.py
[2024-07-07T07:50:07.092+0000] {processor.py:840} INFO - DAG(s) 'example_sensors' retrieved from /home/airflow/.local/lib/python3.12/site-packages/airflow/example_dags/example_sensors.py
[2024-07-07T07:50:07.182+0000] {logging_mixin.py:188} INFO - [2024-07-07T07:50:07.179+0000] {dag.py:3096} INFO - Sync 1 DAGs
[2024-07-07T07:50:07.209+0000] {logging_mixin.py:188} INFO - [2024-07-07T07:50:07.208+0000] {dag.py:3954} INFO - Setting next_dagrun for example_sensors to None, run_after=None
[2024-07-07T07:50:07.247+0000] {processor.py:183} INFO - Processing /home/airflow/.local/lib/python3.12/site-packages/airflow/example_dags/example_sensors.py took 0.192 seconds
[2024-07-07T07:50:37.778+0000] {processor.py:161} INFO - Started process (PID=4075) to work on /home/airflow/.local/lib/python3.12/site-packages/airflow/example_dags/example_sensors.py
[2024-07-07T07:50:37.780+0000] {processor.py:830} INFO - Processing file /home/airflow/.local/lib/python3.12/site-packages/airflow/example_dags/example_sensors.py for tasks to queue
[2024-07-07T07:50:37.782+0000] {logging_mixin.py:188} INFO - [2024-07-07T07:50:37.781+0000] {dagbag.py:545} INFO - Filling up the DagBag from /home/airflow/.local/lib/python3.12/site-packages/airflow/example_dags/example_sensors.py
[2024-07-07T07:50:37.799+0000] {processor.py:840} INFO - DAG(s) 'example_sensors' retrieved from /home/airflow/.local/lib/python3.12/site-packages/airflow/example_dags/example_sensors.py
[2024-07-07T07:50:37.850+0000] {logging_mixin.py:188} INFO - [2024-07-07T07:50:37.850+0000] {dag.py:3096} INFO - Sync 1 DAGs
[2024-07-07T07:50:37.873+0000] {logging_mixin.py:188} INFO - [2024-07-07T07:50:37.873+0000] {dag.py:3954} INFO - Setting next_dagrun for example_sensors to None, run_after=None
[2024-07-07T07:50:37.905+0000] {processor.py:183} INFO - Processing /home/airflow/.local/lib/python3.12/site-packages/airflow/example_dags/example_sensors.py took 0.142 seconds
[2024-07-07T07:51:08.875+0000] {processor.py:161} INFO - Started process (PID=4135) to work on /home/airflow/.local/lib/python3.12/site-packages/airflow/example_dags/example_sensors.py
[2024-07-07T07:51:08.876+0000] {processor.py:830} INFO - Processing file /home/airflow/.local/lib/python3.12/site-packages/airflow/example_dags/example_sensors.py for tasks to queue
[2024-07-07T07:51:08.878+0000] {logging_mixin.py:188} INFO - [2024-07-07T07:51:08.877+0000] {dagbag.py:545} INFO - Filling up the DagBag from /home/airflow/.local/lib/python3.12/site-packages/airflow/example_dags/example_sensors.py
[2024-07-07T07:51:08.892+0000] {processor.py:840} INFO - DAG(s) 'example_sensors' retrieved from /home/airflow/.local/lib/python3.12/site-packages/airflow/example_dags/example_sensors.py
[2024-07-07T07:51:08.929+0000] {logging_mixin.py:188} INFO - [2024-07-07T07:51:08.928+0000] {dag.py:3096} INFO - Sync 1 DAGs
[2024-07-07T07:51:08.946+0000] {logging_mixin.py:188} INFO - [2024-07-07T07:51:08.946+0000] {dag.py:3954} INFO - Setting next_dagrun for example_sensors to None, run_after=None
[2024-07-07T07:51:08.971+0000] {processor.py:183} INFO - Processing /home/airflow/.local/lib/python3.12/site-packages/airflow/example_dags/example_sensors.py took 0.106 seconds
[2024-07-07T07:51:39.900+0000] {processor.py:161} INFO - Started process (PID=4195) to work on /home/airflow/.local/lib/python3.12/site-packages/airflow/example_dags/example_sensors.py
[2024-07-07T07:51:39.902+0000] {processor.py:830} INFO - Processing file /home/airflow/.local/lib/python3.12/site-packages/airflow/example_dags/example_sensors.py for tasks to queue
[2024-07-07T07:51:39.904+0000] {logging_mixin.py:188} INFO - [2024-07-07T07:51:39.903+0000] {dagbag.py:545} INFO - Filling up the DagBag from /home/airflow/.local/lib/python3.12/site-packages/airflow/example_dags/example_sensors.py
[2024-07-07T07:51:39.919+0000] {processor.py:840} INFO - DAG(s) 'example_sensors' retrieved from /home/airflow/.local/lib/python3.12/site-packages/airflow/example_dags/example_sensors.py
[2024-07-07T07:51:39.959+0000] {logging_mixin.py:188} INFO - [2024-07-07T07:51:39.959+0000] {dag.py:3096} INFO - Sync 1 DAGs
[2024-07-07T07:51:39.976+0000] {logging_mixin.py:188} INFO - [2024-07-07T07:51:39.976+0000] {dag.py:3954} INFO - Setting next_dagrun for example_sensors to None, run_after=None
[2024-07-07T07:51:40.004+0000] {processor.py:183} INFO - Processing /home/airflow/.local/lib/python3.12/site-packages/airflow/example_dags/example_sensors.py took 0.117 seconds
[2024-07-07T07:52:10.526+0000] {processor.py:161} INFO - Started process (PID=4255) to work on /home/airflow/.local/lib/python3.12/site-packages/airflow/example_dags/example_sensors.py
[2024-07-07T07:52:10.529+0000] {processor.py:830} INFO - Processing file /home/airflow/.local/lib/python3.12/site-packages/airflow/example_dags/example_sensors.py for tasks to queue
[2024-07-07T07:52:10.531+0000] {logging_mixin.py:188} INFO - [2024-07-07T07:52:10.530+0000] {dagbag.py:545} INFO - Filling up the DagBag from /home/airflow/.local/lib/python3.12/site-packages/airflow/example_dags/example_sensors.py
[2024-07-07T07:52:10.548+0000] {processor.py:840} INFO - DAG(s) 'example_sensors' retrieved from /home/airflow/.local/lib/python3.12/site-packages/airflow/example_dags/example_sensors.py
[2024-07-07T07:52:10.586+0000] {logging_mixin.py:188} INFO - [2024-07-07T07:52:10.586+0000] {dag.py:3096} INFO - Sync 1 DAGs
[2024-07-07T07:52:10.604+0000] {logging_mixin.py:188} INFO - [2024-07-07T07:52:10.603+0000] {dag.py:3954} INFO - Setting next_dagrun for example_sensors to None, run_after=None
[2024-07-07T07:52:10.629+0000] {processor.py:183} INFO - Processing /home/airflow/.local/lib/python3.12/site-packages/airflow/example_dags/example_sensors.py took 0.116 seconds
[2024-07-07T07:52:41.011+0000] {processor.py:161} INFO - Started process (PID=4315) to work on /home/airflow/.local/lib/python3.12/site-packages/airflow/example_dags/example_sensors.py
[2024-07-07T07:52:41.013+0000] {processor.py:830} INFO - Processing file /home/airflow/.local/lib/python3.12/site-packages/airflow/example_dags/example_sensors.py for tasks to queue
[2024-07-07T07:52:41.015+0000] {logging_mixin.py:188} INFO - [2024-07-07T07:52:41.014+0000] {dagbag.py:545} INFO - Filling up the DagBag from /home/airflow/.local/lib/python3.12/site-packages/airflow/example_dags/example_sensors.py
[2024-07-07T07:52:41.029+0000] {processor.py:840} INFO - DAG(s) 'example_sensors' retrieved from /home/airflow/.local/lib/python3.12/site-packages/airflow/example_dags/example_sensors.py
[2024-07-07T07:52:41.070+0000] {logging_mixin.py:188} INFO - [2024-07-07T07:52:41.070+0000] {dag.py:3096} INFO - Sync 1 DAGs
[2024-07-07T07:52:41.087+0000] {logging_mixin.py:188} INFO - [2024-07-07T07:52:41.087+0000] {dag.py:3954} INFO - Setting next_dagrun for example_sensors to None, run_after=None
[2024-07-07T07:52:41.113+0000] {processor.py:183} INFO - Processing /home/airflow/.local/lib/python3.12/site-packages/airflow/example_dags/example_sensors.py took 0.111 seconds
[2024-07-07T07:53:11.357+0000] {processor.py:161} INFO - Started process (PID=4375) to work on /home/airflow/.local/lib/python3.12/site-packages/airflow/example_dags/example_sensors.py
[2024-07-07T07:53:11.359+0000] {processor.py:830} INFO - Processing file /home/airflow/.local/lib/python3.12/site-packages/airflow/example_dags/example_sensors.py for tasks to queue
[2024-07-07T07:53:11.361+0000] {logging_mixin.py:188} INFO - [2024-07-07T07:53:11.360+0000] {dagbag.py:545} INFO - Filling up the DagBag from /home/airflow/.local/lib/python3.12/site-packages/airflow/example_dags/example_sensors.py
[2024-07-07T07:53:11.375+0000] {processor.py:840} INFO - DAG(s) 'example_sensors' retrieved from /home/airflow/.local/lib/python3.12/site-packages/airflow/example_dags/example_sensors.py
[2024-07-07T07:53:11.413+0000] {logging_mixin.py:188} INFO - [2024-07-07T07:53:11.413+0000] {dag.py:3096} INFO - Sync 1 DAGs
[2024-07-07T07:53:11.430+0000] {logging_mixin.py:188} INFO - [2024-07-07T07:53:11.429+0000] {dag.py:3954} INFO - Setting next_dagrun for example_sensors to None, run_after=None
[2024-07-07T07:53:11.459+0000] {processor.py:183} INFO - Processing /home/airflow/.local/lib/python3.12/site-packages/airflow/example_dags/example_sensors.py took 0.110 seconds
[2024-07-07T07:53:41.902+0000] {processor.py:161} INFO - Started process (PID=4435) to work on /home/airflow/.local/lib/python3.12/site-packages/airflow/example_dags/example_sensors.py
[2024-07-07T07:53:41.904+0000] {processor.py:830} INFO - Processing file /home/airflow/.local/lib/python3.12/site-packages/airflow/example_dags/example_sensors.py for tasks to queue
[2024-07-07T07:53:41.906+0000] {logging_mixin.py:188} INFO - [2024-07-07T07:53:41.906+0000] {dagbag.py:545} INFO - Filling up the DagBag from /home/airflow/.local/lib/python3.12/site-packages/airflow/example_dags/example_sensors.py
[2024-07-07T07:53:41.921+0000] {processor.py:840} INFO - DAG(s) 'example_sensors' retrieved from /home/airflow/.local/lib/python3.12/site-packages/airflow/example_dags/example_sensors.py
[2024-07-07T07:53:41.958+0000] {logging_mixin.py:188} INFO - [2024-07-07T07:53:41.958+0000] {dag.py:3096} INFO - Sync 1 DAGs
[2024-07-07T07:53:41.976+0000] {logging_mixin.py:188} INFO - [2024-07-07T07:53:41.976+0000] {dag.py:3954} INFO - Setting next_dagrun for example_sensors to None, run_after=None
[2024-07-07T07:53:42.002+0000] {processor.py:183} INFO - Processing /home/airflow/.local/lib/python3.12/site-packages/airflow/example_dags/example_sensors.py took 0.111 seconds
[2024-07-07T07:54:12.407+0000] {processor.py:161} INFO - Started process (PID=4495) to work on /home/airflow/.local/lib/python3.12/site-packages/airflow/example_dags/example_sensors.py
[2024-07-07T07:54:12.409+0000] {processor.py:830} INFO - Processing file /home/airflow/.local/lib/python3.12/site-packages/airflow/example_dags/example_sensors.py for tasks to queue
[2024-07-07T07:54:12.411+0000] {logging_mixin.py:188} INFO - [2024-07-07T07:54:12.410+0000] {dagbag.py:545} INFO - Filling up the DagBag from /home/airflow/.local/lib/python3.12/site-packages/airflow/example_dags/example_sensors.py
[2024-07-07T07:54:12.426+0000] {processor.py:840} INFO - DAG(s) 'example_sensors' retrieved from /home/airflow/.local/lib/python3.12/site-packages/airflow/example_dags/example_sensors.py
[2024-07-07T07:54:12.465+0000] {logging_mixin.py:188} INFO - [2024-07-07T07:54:12.465+0000] {dag.py:3096} INFO - Sync 1 DAGs
[2024-07-07T07:54:12.482+0000] {logging_mixin.py:188} INFO - [2024-07-07T07:54:12.482+0000] {dag.py:3954} INFO - Setting next_dagrun for example_sensors to None, run_after=None
[2024-07-07T07:54:12.509+0000] {processor.py:183} INFO - Processing /home/airflow/.local/lib/python3.12/site-packages/airflow/example_dags/example_sensors.py took 0.114 seconds
[2024-07-07T07:54:43.082+0000] {processor.py:161} INFO - Started process (PID=4555) to work on /home/airflow/.local/lib/python3.12/site-packages/airflow/example_dags/example_sensors.py
[2024-07-07T07:54:43.084+0000] {processor.py:830} INFO - Processing file /home/airflow/.local/lib/python3.12/site-packages/airflow/example_dags/example_sensors.py for tasks to queue
[2024-07-07T07:54:43.086+0000] {logging_mixin.py:188} INFO - [2024-07-07T07:54:43.085+0000] {dagbag.py:545} INFO - Filling up the DagBag from /home/airflow/.local/lib/python3.12/site-packages/airflow/example_dags/example_sensors.py
[2024-07-07T07:54:43.103+0000] {processor.py:840} INFO - DAG(s) 'example_sensors' retrieved from /home/airflow/.local/lib/python3.12/site-packages/airflow/example_dags/example_sensors.py
[2024-07-07T07:54:43.159+0000] {logging_mixin.py:188} INFO - [2024-07-07T07:54:43.159+0000] {dag.py:3096} INFO - Sync 1 DAGs
[2024-07-07T07:54:43.181+0000] {logging_mixin.py:188} INFO - [2024-07-07T07:54:43.180+0000] {dag.py:3954} INFO - Setting next_dagrun for example_sensors to None, run_after=None
[2024-07-07T07:54:43.215+0000] {processor.py:183} INFO - Processing /home/airflow/.local/lib/python3.12/site-packages/airflow/example_dags/example_sensors.py took 0.145 seconds
[2024-07-07T07:55:13.627+0000] {processor.py:161} INFO - Started process (PID=4615) to work on /home/airflow/.local/lib/python3.12/site-packages/airflow/example_dags/example_sensors.py
[2024-07-07T07:55:13.629+0000] {processor.py:830} INFO - Processing file /home/airflow/.local/lib/python3.12/site-packages/airflow/example_dags/example_sensors.py for tasks to queue
[2024-07-07T07:55:13.631+0000] {logging_mixin.py:188} INFO - [2024-07-07T07:55:13.630+0000] {dagbag.py:545} INFO - Filling up the DagBag from /home/airflow/.local/lib/python3.12/site-packages/airflow/example_dags/example_sensors.py
[2024-07-07T07:55:13.645+0000] {processor.py:840} INFO - DAG(s) 'example_sensors' retrieved from /home/airflow/.local/lib/python3.12/site-packages/airflow/example_dags/example_sensors.py
[2024-07-07T07:55:13.686+0000] {logging_mixin.py:188} INFO - [2024-07-07T07:55:13.686+0000] {dag.py:3096} INFO - Sync 1 DAGs
[2024-07-07T07:55:13.705+0000] {logging_mixin.py:188} INFO - [2024-07-07T07:55:13.705+0000] {dag.py:3954} INFO - Setting next_dagrun for example_sensors to None, run_after=None
[2024-07-07T07:55:13.734+0000] {processor.py:183} INFO - Processing /home/airflow/.local/lib/python3.12/site-packages/airflow/example_dags/example_sensors.py took 0.117 seconds
[2024-07-07T07:55:44.336+0000] {processor.py:161} INFO - Started process (PID=4675) to work on /home/airflow/.local/lib/python3.12/site-packages/airflow/example_dags/example_sensors.py
[2024-07-07T07:55:44.338+0000] {processor.py:830} INFO - Processing file /home/airflow/.local/lib/python3.12/site-packages/airflow/example_dags/example_sensors.py for tasks to queue
[2024-07-07T07:55:44.340+0000] {logging_mixin.py:188} INFO - [2024-07-07T07:55:44.340+0000] {dagbag.py:545} INFO - Filling up the DagBag from /home/airflow/.local/lib/python3.12/site-packages/airflow/example_dags/example_sensors.py
[2024-07-07T07:55:44.354+0000] {processor.py:840} INFO - DAG(s) 'example_sensors' retrieved from /home/airflow/.local/lib/python3.12/site-packages/airflow/example_dags/example_sensors.py
[2024-07-07T07:55:44.392+0000] {logging_mixin.py:188} INFO - [2024-07-07T07:55:44.391+0000] {dag.py:3096} INFO - Sync 1 DAGs
[2024-07-07T07:55:44.409+0000] {logging_mixin.py:188} INFO - [2024-07-07T07:55:44.408+0000] {dag.py:3954} INFO - Setting next_dagrun for example_sensors to None, run_after=None
[2024-07-07T07:55:44.437+0000] {processor.py:183} INFO - Processing /home/airflow/.local/lib/python3.12/site-packages/airflow/example_dags/example_sensors.py took 0.110 seconds
[2024-07-07T07:56:14.679+0000] {processor.py:161} INFO - Started process (PID=4735) to work on /home/airflow/.local/lib/python3.12/site-packages/airflow/example_dags/example_sensors.py
[2024-07-07T07:56:14.681+0000] {processor.py:830} INFO - Processing file /home/airflow/.local/lib/python3.12/site-packages/airflow/example_dags/example_sensors.py for tasks to queue
[2024-07-07T07:56:14.683+0000] {logging_mixin.py:188} INFO - [2024-07-07T07:56:14.683+0000] {dagbag.py:545} INFO - Filling up the DagBag from /home/airflow/.local/lib/python3.12/site-packages/airflow/example_dags/example_sensors.py
[2024-07-07T07:56:14.698+0000] {processor.py:840} INFO - DAG(s) 'example_sensors' retrieved from /home/airflow/.local/lib/python3.12/site-packages/airflow/example_dags/example_sensors.py
[2024-07-07T07:56:14.737+0000] {logging_mixin.py:188} INFO - [2024-07-07T07:56:14.737+0000] {dag.py:3096} INFO - Sync 1 DAGs
[2024-07-07T07:56:14.757+0000] {logging_mixin.py:188} INFO - [2024-07-07T07:56:14.757+0000] {dag.py:3954} INFO - Setting next_dagrun for example_sensors to None, run_after=None
[2024-07-07T07:56:14.783+0000] {processor.py:183} INFO - Processing /home/airflow/.local/lib/python3.12/site-packages/airflow/example_dags/example_sensors.py took 0.120 seconds
[2024-07-07T07:56:45.296+0000] {processor.py:161} INFO - Started process (PID=4795) to work on /home/airflow/.local/lib/python3.12/site-packages/airflow/example_dags/example_sensors.py
[2024-07-07T07:56:45.298+0000] {processor.py:830} INFO - Processing file /home/airflow/.local/lib/python3.12/site-packages/airflow/example_dags/example_sensors.py for tasks to queue
[2024-07-07T07:56:45.299+0000] {logging_mixin.py:188} INFO - [2024-07-07T07:56:45.299+0000] {dagbag.py:545} INFO - Filling up the DagBag from /home/airflow/.local/lib/python3.12/site-packages/airflow/example_dags/example_sensors.py
[2024-07-07T07:56:45.312+0000] {processor.py:840} INFO - DAG(s) 'example_sensors' retrieved from /home/airflow/.local/lib/python3.12/site-packages/airflow/example_dags/example_sensors.py
[2024-07-07T07:56:45.350+0000] {logging_mixin.py:188} INFO - [2024-07-07T07:56:45.349+0000] {dag.py:3096} INFO - Sync 1 DAGs
[2024-07-07T07:56:45.366+0000] {logging_mixin.py:188} INFO - [2024-07-07T07:56:45.366+0000] {dag.py:3954} INFO - Setting next_dagrun for example_sensors to None, run_after=None
[2024-07-07T07:56:45.393+0000] {processor.py:183} INFO - Processing /home/airflow/.local/lib/python3.12/site-packages/airflow/example_dags/example_sensors.py took 0.105 seconds
[2024-07-07T07:57:15.687+0000] {processor.py:161} INFO - Started process (PID=4855) to work on /home/airflow/.local/lib/python3.12/site-packages/airflow/example_dags/example_sensors.py
[2024-07-07T07:57:15.689+0000] {processor.py:830} INFO - Processing file /home/airflow/.local/lib/python3.12/site-packages/airflow/example_dags/example_sensors.py for tasks to queue
[2024-07-07T07:57:15.691+0000] {logging_mixin.py:188} INFO - [2024-07-07T07:57:15.690+0000] {dagbag.py:545} INFO - Filling up the DagBag from /home/airflow/.local/lib/python3.12/site-packages/airflow/example_dags/example_sensors.py
[2024-07-07T07:57:15.707+0000] {processor.py:840} INFO - DAG(s) 'example_sensors' retrieved from /home/airflow/.local/lib/python3.12/site-packages/airflow/example_dags/example_sensors.py
[2024-07-07T07:57:15.744+0000] {logging_mixin.py:188} INFO - [2024-07-07T07:57:15.743+0000] {dag.py:3096} INFO - Sync 1 DAGs
[2024-07-07T07:57:15.761+0000] {logging_mixin.py:188} INFO - [2024-07-07T07:57:15.761+0000] {dag.py:3954} INFO - Setting next_dagrun for example_sensors to None, run_after=None
[2024-07-07T07:57:15.790+0000] {processor.py:183} INFO - Processing /home/airflow/.local/lib/python3.12/site-packages/airflow/example_dags/example_sensors.py took 0.118 seconds
[2024-07-07T07:57:46.016+0000] {processor.py:161} INFO - Started process (PID=4915) to work on /home/airflow/.local/lib/python3.12/site-packages/airflow/example_dags/example_sensors.py
[2024-07-07T07:57:46.017+0000] {processor.py:830} INFO - Processing file /home/airflow/.local/lib/python3.12/site-packages/airflow/example_dags/example_sensors.py for tasks to queue
[2024-07-07T07:57:46.019+0000] {logging_mixin.py:188} INFO - [2024-07-07T07:57:46.019+0000] {dagbag.py:545} INFO - Filling up the DagBag from /home/airflow/.local/lib/python3.12/site-packages/airflow/example_dags/example_sensors.py
[2024-07-07T07:57:46.035+0000] {processor.py:840} INFO - DAG(s) 'example_sensors' retrieved from /home/airflow/.local/lib/python3.12/site-packages/airflow/example_dags/example_sensors.py
[2024-07-07T07:57:46.073+0000] {logging_mixin.py:188} INFO - [2024-07-07T07:57:46.073+0000] {dag.py:3096} INFO - Sync 1 DAGs
[2024-07-07T07:57:46.090+0000] {logging_mixin.py:188} INFO - [2024-07-07T07:57:46.090+0000] {dag.py:3954} INFO - Setting next_dagrun for example_sensors to None, run_after=None
[2024-07-07T07:57:46.118+0000] {processor.py:183} INFO - Processing /home/airflow/.local/lib/python3.12/site-packages/airflow/example_dags/example_sensors.py took 0.111 seconds
[2024-07-07T07:58:16.201+0000] {processor.py:161} INFO - Started process (PID=4975) to work on /home/airflow/.local/lib/python3.12/site-packages/airflow/example_dags/example_sensors.py
[2024-07-07T07:58:16.203+0000] {processor.py:830} INFO - Processing file /home/airflow/.local/lib/python3.12/site-packages/airflow/example_dags/example_sensors.py for tasks to queue
[2024-07-07T07:58:16.204+0000] {logging_mixin.py:188} INFO - [2024-07-07T07:58:16.204+0000] {dagbag.py:545} INFO - Filling up the DagBag from /home/airflow/.local/lib/python3.12/site-packages/airflow/example_dags/example_sensors.py
[2024-07-07T07:58:16.218+0000] {processor.py:840} INFO - DAG(s) 'example_sensors' retrieved from /home/airflow/.local/lib/python3.12/site-packages/airflow/example_dags/example_sensors.py
[2024-07-07T07:58:16.255+0000] {logging_mixin.py:188} INFO - [2024-07-07T07:58:16.255+0000] {dag.py:3096} INFO - Sync 1 DAGs
[2024-07-07T07:58:16.272+0000] {logging_mixin.py:188} INFO - [2024-07-07T07:58:16.272+0000] {dag.py:3954} INFO - Setting next_dagrun for example_sensors to None, run_after=None
[2024-07-07T07:58:16.310+0000] {processor.py:183} INFO - Processing /home/airflow/.local/lib/python3.12/site-packages/airflow/example_dags/example_sensors.py took 0.117 seconds
[2024-07-07T07:58:47.193+0000] {processor.py:161} INFO - Started process (PID=5035) to work on /home/airflow/.local/lib/python3.12/site-packages/airflow/example_dags/example_sensors.py
[2024-07-07T07:58:47.196+0000] {processor.py:830} INFO - Processing file /home/airflow/.local/lib/python3.12/site-packages/airflow/example_dags/example_sensors.py for tasks to queue
[2024-07-07T07:58:47.199+0000] {logging_mixin.py:188} INFO - [2024-07-07T07:58:47.198+0000] {dagbag.py:545} INFO - Filling up the DagBag from /home/airflow/.local/lib/python3.12/site-packages/airflow/example_dags/example_sensors.py
[2024-07-07T07:58:47.219+0000] {processor.py:840} INFO - DAG(s) 'example_sensors' retrieved from /home/airflow/.local/lib/python3.12/site-packages/airflow/example_dags/example_sensors.py
[2024-07-07T07:58:47.266+0000] {logging_mixin.py:188} INFO - [2024-07-07T07:58:47.266+0000] {dag.py:3096} INFO - Sync 1 DAGs
[2024-07-07T07:58:47.289+0000] {logging_mixin.py:188} INFO - [2024-07-07T07:58:47.289+0000] {dag.py:3954} INFO - Setting next_dagrun for example_sensors to None, run_after=None
[2024-07-07T07:58:47.322+0000] {processor.py:183} INFO - Processing /home/airflow/.local/lib/python3.12/site-packages/airflow/example_dags/example_sensors.py took 0.170 seconds
[2024-07-07T07:59:17.597+0000] {processor.py:161} INFO - Started process (PID=5095) to work on /home/airflow/.local/lib/python3.12/site-packages/airflow/example_dags/example_sensors.py
[2024-07-07T07:59:17.599+0000] {processor.py:830} INFO - Processing file /home/airflow/.local/lib/python3.12/site-packages/airflow/example_dags/example_sensors.py for tasks to queue
[2024-07-07T07:59:17.601+0000] {logging_mixin.py:188} INFO - [2024-07-07T07:59:17.600+0000] {dagbag.py:545} INFO - Filling up the DagBag from /home/airflow/.local/lib/python3.12/site-packages/airflow/example_dags/example_sensors.py
[2024-07-07T07:59:17.616+0000] {processor.py:840} INFO - DAG(s) 'example_sensors' retrieved from /home/airflow/.local/lib/python3.12/site-packages/airflow/example_dags/example_sensors.py
[2024-07-07T07:59:17.654+0000] {logging_mixin.py:188} INFO - [2024-07-07T07:59:17.654+0000] {dag.py:3096} INFO - Sync 1 DAGs
[2024-07-07T07:59:17.673+0000] {logging_mixin.py:188} INFO - [2024-07-07T07:59:17.673+0000] {dag.py:3954} INFO - Setting next_dagrun for example_sensors to None, run_after=None
[2024-07-07T07:59:17.704+0000] {processor.py:183} INFO - Processing /home/airflow/.local/lib/python3.12/site-packages/airflow/example_dags/example_sensors.py took 0.116 seconds
[2024-07-07T07:59:47.822+0000] {processor.py:161} INFO - Started process (PID=5155) to work on /home/airflow/.local/lib/python3.12/site-packages/airflow/example_dags/example_sensors.py
[2024-07-07T07:59:47.824+0000] {processor.py:830} INFO - Processing file /home/airflow/.local/lib/python3.12/site-packages/airflow/example_dags/example_sensors.py for tasks to queue
[2024-07-07T07:59:47.826+0000] {logging_mixin.py:188} INFO - [2024-07-07T07:59:47.825+0000] {dagbag.py:545} INFO - Filling up the DagBag from /home/airflow/.local/lib/python3.12/site-packages/airflow/example_dags/example_sensors.py
[2024-07-07T07:59:47.840+0000] {processor.py:840} INFO - DAG(s) 'example_sensors' retrieved from /home/airflow/.local/lib/python3.12/site-packages/airflow/example_dags/example_sensors.py
[2024-07-07T07:59:47.881+0000] {logging_mixin.py:188} INFO - [2024-07-07T07:59:47.881+0000] {dag.py:3096} INFO - Sync 1 DAGs
[2024-07-07T07:59:47.899+0000] {logging_mixin.py:188} INFO - [2024-07-07T07:59:47.898+0000] {dag.py:3954} INFO - Setting next_dagrun for example_sensors to None, run_after=None
[2024-07-07T07:59:47.924+0000] {processor.py:183} INFO - Processing /home/airflow/.local/lib/python3.12/site-packages/airflow/example_dags/example_sensors.py took 0.115 seconds
[2024-07-07T08:00:18.734+0000] {processor.py:161} INFO - Started process (PID=5215) to work on /home/airflow/.local/lib/python3.12/site-packages/airflow/example_dags/example_sensors.py
[2024-07-07T08:00:18.736+0000] {processor.py:830} INFO - Processing file /home/airflow/.local/lib/python3.12/site-packages/airflow/example_dags/example_sensors.py for tasks to queue
[2024-07-07T08:00:18.737+0000] {logging_mixin.py:188} INFO - [2024-07-07T08:00:18.737+0000] {dagbag.py:545} INFO - Filling up the DagBag from /home/airflow/.local/lib/python3.12/site-packages/airflow/example_dags/example_sensors.py
[2024-07-07T08:00:18.750+0000] {processor.py:840} INFO - DAG(s) 'example_sensors' retrieved from /home/airflow/.local/lib/python3.12/site-packages/airflow/example_dags/example_sensors.py
[2024-07-07T08:00:18.788+0000] {logging_mixin.py:188} INFO - [2024-07-07T08:00:18.787+0000] {dag.py:3096} INFO - Sync 1 DAGs
[2024-07-07T08:00:18.805+0000] {logging_mixin.py:188} INFO - [2024-07-07T08:00:18.804+0000] {dag.py:3954} INFO - Setting next_dagrun for example_sensors to None, run_after=None
[2024-07-07T08:00:18.833+0000] {processor.py:183} INFO - Processing /home/airflow/.local/lib/python3.12/site-packages/airflow/example_dags/example_sensors.py took 0.107 seconds
[2024-07-07T08:00:49.528+0000] {processor.py:161} INFO - Started process (PID=5275) to work on /home/airflow/.local/lib/python3.12/site-packages/airflow/example_dags/example_sensors.py
[2024-07-07T08:00:49.530+0000] {processor.py:830} INFO - Processing file /home/airflow/.local/lib/python3.12/site-packages/airflow/example_dags/example_sensors.py for tasks to queue
[2024-07-07T08:00:49.533+0000] {logging_mixin.py:188} INFO - [2024-07-07T08:00:49.532+0000] {dagbag.py:545} INFO - Filling up the DagBag from /home/airflow/.local/lib/python3.12/site-packages/airflow/example_dags/example_sensors.py
[2024-07-07T08:00:49.556+0000] {processor.py:840} INFO - DAG(s) 'example_sensors' retrieved from /home/airflow/.local/lib/python3.12/site-packages/airflow/example_dags/example_sensors.py
[2024-07-07T08:00:49.605+0000] {logging_mixin.py:188} INFO - [2024-07-07T08:00:49.605+0000] {dag.py:3096} INFO - Sync 1 DAGs
[2024-07-07T08:00:49.625+0000] {logging_mixin.py:188} INFO - [2024-07-07T08:00:49.624+0000] {dag.py:3954} INFO - Setting next_dagrun for example_sensors to None, run_after=None
[2024-07-07T08:00:49.649+0000] {processor.py:183} INFO - Processing /home/airflow/.local/lib/python3.12/site-packages/airflow/example_dags/example_sensors.py took 0.133 seconds
[2024-07-07T08:05:33.245+0000] {processor.py:161} INFO - Started process (PID=5320) to work on /home/airflow/.local/lib/python3.12/site-packages/airflow/example_dags/example_sensors.py
[2024-07-07T08:05:33.252+0000] {processor.py:830} INFO - Processing file /home/airflow/.local/lib/python3.12/site-packages/airflow/example_dags/example_sensors.py for tasks to queue
[2024-07-07T08:05:33.255+0000] {logging_mixin.py:188} INFO - [2024-07-07T08:05:33.254+0000] {dagbag.py:545} INFO - Filling up the DagBag from /home/airflow/.local/lib/python3.12/site-packages/airflow/example_dags/example_sensors.py
[2024-07-07T08:05:33.299+0000] {processor.py:840} INFO - DAG(s) 'example_sensors' retrieved from /home/airflow/.local/lib/python3.12/site-packages/airflow/example_dags/example_sensors.py
[2024-07-07T08:05:33.417+0000] {logging_mixin.py:188} INFO - [2024-07-07T08:05:33.416+0000] {dag.py:3096} INFO - Sync 1 DAGs
[2024-07-07T08:05:33.466+0000] {logging_mixin.py:188} INFO - [2024-07-07T08:05:33.465+0000] {dag.py:3954} INFO - Setting next_dagrun for example_sensors to None, run_after=None
[2024-07-07T08:05:33.516+0000] {processor.py:183} INFO - Processing /home/airflow/.local/lib/python3.12/site-packages/airflow/example_dags/example_sensors.py took 0.293 seconds
[2024-07-07T08:06:04.212+0000] {processor.py:161} INFO - Started process (PID=5379) to work on /home/airflow/.local/lib/python3.12/site-packages/airflow/example_dags/example_sensors.py
[2024-07-07T08:06:04.213+0000] {processor.py:830} INFO - Processing file /home/airflow/.local/lib/python3.12/site-packages/airflow/example_dags/example_sensors.py for tasks to queue
[2024-07-07T08:06:04.216+0000] {logging_mixin.py:188} INFO - [2024-07-07T08:06:04.215+0000] {dagbag.py:545} INFO - Filling up the DagBag from /home/airflow/.local/lib/python3.12/site-packages/airflow/example_dags/example_sensors.py
[2024-07-07T08:06:04.243+0000] {processor.py:840} INFO - DAG(s) 'example_sensors' retrieved from /home/airflow/.local/lib/python3.12/site-packages/airflow/example_dags/example_sensors.py
[2024-07-07T08:06:04.357+0000] {logging_mixin.py:188} INFO - [2024-07-07T08:06:04.354+0000] {dag.py:3096} INFO - Sync 1 DAGs
[2024-07-07T08:06:04.407+0000] {logging_mixin.py:188} INFO - [2024-07-07T08:06:04.407+0000] {dag.py:3954} INFO - Setting next_dagrun for example_sensors to None, run_after=None
[2024-07-07T08:06:04.461+0000] {processor.py:183} INFO - Processing /home/airflow/.local/lib/python3.12/site-packages/airflow/example_dags/example_sensors.py took 0.266 seconds
