[2024-07-07T00:00:23.730+0000] {processor.py:161} INFO - Started process (PID=2325) to work on /home/airflow/.local/lib/python3.12/site-packages/airflow/example_dags/example_latest_only.py
[2024-07-07T00:00:23.740+0000] {processor.py:830} INFO - Processing file /home/airflow/.local/lib/python3.12/site-packages/airflow/example_dags/example_latest_only.py for tasks to queue
[2024-07-07T00:00:23.747+0000] {logging_mixin.py:188} INFO - [2024-07-07T00:00:23.746+0000] {dagbag.py:545} INFO - Filling up the DagBag from /home/airflow/.local/lib/python3.12/site-packages/airflow/example_dags/example_latest_only.py
[2024-07-07T00:00:23.773+0000] {processor.py:840} INFO - DAG(s) 'latest_only' retrieved from /home/airflow/.local/lib/python3.12/site-packages/airflow/example_dags/example_latest_only.py
[2024-07-07T00:00:23.901+0000] {logging_mixin.py:188} INFO - [2024-07-07T00:00:23.899+0000] {dag.py:3096} INFO - Sync 1 DAGs
[2024-07-07T00:00:24.017+0000] {logging_mixin.py:188} INFO - [2024-07-07T00:00:24.016+0000] {dag.py:3954} INFO - Setting next_dagrun for latest_only to 2024-07-06 20:00:00+00:00, run_after=2024-07-07 00:00:00+00:00
[2024-07-07T00:00:24.098+0000] {processor.py:183} INFO - Processing /home/airflow/.local/lib/python3.12/site-packages/airflow/example_dags/example_latest_only.py took 0.398 seconds
[2024-07-07T00:00:54.456+0000] {processor.py:161} INFO - Started process (PID=2384) to work on /home/airflow/.local/lib/python3.12/site-packages/airflow/example_dags/example_latest_only.py
[2024-07-07T00:00:54.458+0000] {processor.py:830} INFO - Processing file /home/airflow/.local/lib/python3.12/site-packages/airflow/example_dags/example_latest_only.py for tasks to queue
[2024-07-07T00:00:54.462+0000] {logging_mixin.py:188} INFO - [2024-07-07T00:00:54.461+0000] {dagbag.py:545} INFO - Filling up the DagBag from /home/airflow/.local/lib/python3.12/site-packages/airflow/example_dags/example_latest_only.py
[2024-07-07T00:00:54.476+0000] {processor.py:840} INFO - DAG(s) 'latest_only' retrieved from /home/airflow/.local/lib/python3.12/site-packages/airflow/example_dags/example_latest_only.py
[2024-07-07T00:00:54.525+0000] {logging_mixin.py:188} INFO - [2024-07-07T00:00:54.524+0000] {dag.py:3096} INFO - Sync 1 DAGs
[2024-07-07T00:00:54.588+0000] {logging_mixin.py:188} INFO - [2024-07-07T00:00:54.588+0000] {dag.py:3954} INFO - Setting next_dagrun for latest_only to 2024-07-06 20:00:00+00:00, run_after=2024-07-07 00:00:00+00:00
[2024-07-07T00:00:54.629+0000] {processor.py:183} INFO - Processing /home/airflow/.local/lib/python3.12/site-packages/airflow/example_dags/example_latest_only.py took 0.191 seconds
[2024-07-07T00:01:25.066+0000] {processor.py:161} INFO - Started process (PID=2444) to work on /home/airflow/.local/lib/python3.12/site-packages/airflow/example_dags/example_latest_only.py
[2024-07-07T00:01:25.073+0000] {processor.py:830} INFO - Processing file /home/airflow/.local/lib/python3.12/site-packages/airflow/example_dags/example_latest_only.py for tasks to queue
[2024-07-07T00:01:25.085+0000] {logging_mixin.py:188} INFO - [2024-07-07T00:01:25.084+0000] {dagbag.py:545} INFO - Filling up the DagBag from /home/airflow/.local/lib/python3.12/site-packages/airflow/example_dags/example_latest_only.py
[2024-07-07T00:01:25.104+0000] {processor.py:840} INFO - DAG(s) 'latest_only' retrieved from /home/airflow/.local/lib/python3.12/site-packages/airflow/example_dags/example_latest_only.py
[2024-07-07T00:01:25.156+0000] {logging_mixin.py:188} INFO - [2024-07-07T00:01:25.156+0000] {dag.py:3096} INFO - Sync 1 DAGs
[2024-07-07T00:01:25.215+0000] {logging_mixin.py:188} INFO - [2024-07-07T00:01:25.214+0000] {dag.py:3954} INFO - Setting next_dagrun for latest_only to 2024-07-06 20:00:00+00:00, run_after=2024-07-07 00:00:00+00:00
[2024-07-07T00:01:25.257+0000] {processor.py:183} INFO - Processing /home/airflow/.local/lib/python3.12/site-packages/airflow/example_dags/example_latest_only.py took 0.239 seconds
[2024-07-07T00:01:55.638+0000] {processor.py:161} INFO - Started process (PID=2504) to work on /home/airflow/.local/lib/python3.12/site-packages/airflow/example_dags/example_latest_only.py
[2024-07-07T00:01:55.641+0000] {processor.py:830} INFO - Processing file /home/airflow/.local/lib/python3.12/site-packages/airflow/example_dags/example_latest_only.py for tasks to queue
[2024-07-07T00:01:55.646+0000] {logging_mixin.py:188} INFO - [2024-07-07T00:01:55.645+0000] {dagbag.py:545} INFO - Filling up the DagBag from /home/airflow/.local/lib/python3.12/site-packages/airflow/example_dags/example_latest_only.py
[2024-07-07T00:01:55.663+0000] {processor.py:840} INFO - DAG(s) 'latest_only' retrieved from /home/airflow/.local/lib/python3.12/site-packages/airflow/example_dags/example_latest_only.py
[2024-07-07T00:01:55.731+0000] {logging_mixin.py:188} INFO - [2024-07-07T00:01:55.731+0000] {dag.py:3096} INFO - Sync 1 DAGs
[2024-07-07T00:01:55.799+0000] {logging_mixin.py:188} INFO - [2024-07-07T00:01:55.798+0000] {dag.py:3954} INFO - Setting next_dagrun for latest_only to 2024-07-06 20:00:00+00:00, run_after=2024-07-07 00:00:00+00:00
[2024-07-07T00:01:55.859+0000] {processor.py:183} INFO - Processing /home/airflow/.local/lib/python3.12/site-packages/airflow/example_dags/example_latest_only.py took 0.242 seconds
[2024-07-07T00:02:26.390+0000] {processor.py:161} INFO - Started process (PID=2564) to work on /home/airflow/.local/lib/python3.12/site-packages/airflow/example_dags/example_latest_only.py
[2024-07-07T00:02:26.393+0000] {processor.py:830} INFO - Processing file /home/airflow/.local/lib/python3.12/site-packages/airflow/example_dags/example_latest_only.py for tasks to queue
[2024-07-07T00:02:26.399+0000] {logging_mixin.py:188} INFO - [2024-07-07T00:02:26.398+0000] {dagbag.py:545} INFO - Filling up the DagBag from /home/airflow/.local/lib/python3.12/site-packages/airflow/example_dags/example_latest_only.py
[2024-07-07T00:02:26.411+0000] {processor.py:840} INFO - DAG(s) 'latest_only' retrieved from /home/airflow/.local/lib/python3.12/site-packages/airflow/example_dags/example_latest_only.py
[2024-07-07T00:02:26.466+0000] {logging_mixin.py:188} INFO - [2024-07-07T00:02:26.465+0000] {dag.py:3096} INFO - Sync 1 DAGs
[2024-07-07T00:02:26.529+0000] {logging_mixin.py:188} INFO - [2024-07-07T00:02:26.528+0000] {dag.py:3954} INFO - Setting next_dagrun for latest_only to 2024-07-06 20:00:00+00:00, run_after=2024-07-07 00:00:00+00:00
[2024-07-07T00:02:26.580+0000] {processor.py:183} INFO - Processing /home/airflow/.local/lib/python3.12/site-packages/airflow/example_dags/example_latest_only.py took 0.212 seconds
[2024-07-07T00:02:57.742+0000] {processor.py:161} INFO - Started process (PID=2624) to work on /home/airflow/.local/lib/python3.12/site-packages/airflow/example_dags/example_latest_only.py
[2024-07-07T00:02:57.745+0000] {processor.py:830} INFO - Processing file /home/airflow/.local/lib/python3.12/site-packages/airflow/example_dags/example_latest_only.py for tasks to queue
[2024-07-07T00:02:57.752+0000] {logging_mixin.py:188} INFO - [2024-07-07T00:02:57.751+0000] {dagbag.py:545} INFO - Filling up the DagBag from /home/airflow/.local/lib/python3.12/site-packages/airflow/example_dags/example_latest_only.py
[2024-07-07T00:02:57.771+0000] {processor.py:840} INFO - DAG(s) 'latest_only' retrieved from /home/airflow/.local/lib/python3.12/site-packages/airflow/example_dags/example_latest_only.py
[2024-07-07T00:02:57.840+0000] {logging_mixin.py:188} INFO - [2024-07-07T00:02:57.839+0000] {dag.py:3096} INFO - Sync 1 DAGs
[2024-07-07T00:02:57.928+0000] {logging_mixin.py:188} INFO - [2024-07-07T00:02:57.928+0000] {dag.py:3954} INFO - Setting next_dagrun for latest_only to 2024-07-06 20:00:00+00:00, run_after=2024-07-07 00:00:00+00:00
[2024-07-07T00:02:57.986+0000] {processor.py:183} INFO - Processing /home/airflow/.local/lib/python3.12/site-packages/airflow/example_dags/example_latest_only.py took 0.265 seconds
[2024-07-07T00:03:28.209+0000] {processor.py:161} INFO - Started process (PID=2685) to work on /home/airflow/.local/lib/python3.12/site-packages/airflow/example_dags/example_latest_only.py
[2024-07-07T00:03:28.211+0000] {processor.py:830} INFO - Processing file /home/airflow/.local/lib/python3.12/site-packages/airflow/example_dags/example_latest_only.py for tasks to queue
[2024-07-07T00:03:28.216+0000] {logging_mixin.py:188} INFO - [2024-07-07T00:03:28.215+0000] {dagbag.py:545} INFO - Filling up the DagBag from /home/airflow/.local/lib/python3.12/site-packages/airflow/example_dags/example_latest_only.py
[2024-07-07T00:03:28.228+0000] {processor.py:840} INFO - DAG(s) 'latest_only' retrieved from /home/airflow/.local/lib/python3.12/site-packages/airflow/example_dags/example_latest_only.py
[2024-07-07T00:03:28.280+0000] {logging_mixin.py:188} INFO - [2024-07-07T00:03:28.279+0000] {dag.py:3096} INFO - Sync 1 DAGs
[2024-07-07T00:03:28.341+0000] {logging_mixin.py:188} INFO - [2024-07-07T00:03:28.340+0000] {dag.py:3954} INFO - Setting next_dagrun for latest_only to 2024-07-06 20:00:00+00:00, run_after=2024-07-07 00:00:00+00:00
[2024-07-07T00:03:28.397+0000] {processor.py:183} INFO - Processing /home/airflow/.local/lib/python3.12/site-packages/airflow/example_dags/example_latest_only.py took 0.205 seconds
[2024-07-07T07:39:28.442+0000] {processor.py:161} INFO - Started process (PID=2782) to work on /home/airflow/.local/lib/python3.12/site-packages/airflow/example_dags/example_latest_only.py
[2024-07-07T07:39:28.458+0000] {processor.py:830} INFO - Processing file /home/airflow/.local/lib/python3.12/site-packages/airflow/example_dags/example_latest_only.py for tasks to queue
[2024-07-07T07:39:28.461+0000] {logging_mixin.py:188} INFO - [2024-07-07T07:39:28.460+0000] {dagbag.py:545} INFO - Filling up the DagBag from /home/airflow/.local/lib/python3.12/site-packages/airflow/example_dags/example_latest_only.py
[2024-07-07T07:39:28.490+0000] {processor.py:840} INFO - DAG(s) 'latest_only' retrieved from /home/airflow/.local/lib/python3.12/site-packages/airflow/example_dags/example_latest_only.py
[2024-07-07T07:39:28.683+0000] {logging_mixin.py:188} INFO - [2024-07-07T07:39:28.682+0000] {dag.py:3096} INFO - Sync 1 DAGs
[2024-07-07T07:39:28.775+0000] {logging_mixin.py:188} INFO - [2024-07-07T07:39:28.775+0000] {dag.py:3954} INFO - Setting next_dagrun for latest_only to 2024-07-07 00:00:00+00:00, run_after=2024-07-07 04:00:00+00:00
[2024-07-07T07:39:28.910+0000] {processor.py:183} INFO - Processing /home/airflow/.local/lib/python3.12/site-packages/airflow/example_dags/example_latest_only.py took 0.505 seconds
[2024-07-07T07:39:59.266+0000] {processor.py:161} INFO - Started process (PID=2842) to work on /home/airflow/.local/lib/python3.12/site-packages/airflow/example_dags/example_latest_only.py
[2024-07-07T07:39:59.268+0000] {processor.py:830} INFO - Processing file /home/airflow/.local/lib/python3.12/site-packages/airflow/example_dags/example_latest_only.py for tasks to queue
[2024-07-07T07:39:59.269+0000] {logging_mixin.py:188} INFO - [2024-07-07T07:39:59.269+0000] {dagbag.py:545} INFO - Filling up the DagBag from /home/airflow/.local/lib/python3.12/site-packages/airflow/example_dags/example_latest_only.py
[2024-07-07T07:39:59.276+0000] {processor.py:840} INFO - DAG(s) 'latest_only' retrieved from /home/airflow/.local/lib/python3.12/site-packages/airflow/example_dags/example_latest_only.py
[2024-07-07T07:39:59.301+0000] {logging_mixin.py:188} INFO - [2024-07-07T07:39:59.301+0000] {dag.py:3096} INFO - Sync 1 DAGs
[2024-07-07T07:39:59.328+0000] {logging_mixin.py:188} INFO - [2024-07-07T07:39:59.328+0000] {dag.py:3954} INFO - Setting next_dagrun for latest_only to 2024-07-07 00:00:00+00:00, run_after=2024-07-07 04:00:00+00:00
[2024-07-07T07:39:59.357+0000] {processor.py:183} INFO - Processing /home/airflow/.local/lib/python3.12/site-packages/airflow/example_dags/example_latest_only.py took 0.099 seconds
[2024-07-07T07:40:29.534+0000] {processor.py:161} INFO - Started process (PID=2902) to work on /home/airflow/.local/lib/python3.12/site-packages/airflow/example_dags/example_latest_only.py
[2024-07-07T07:40:29.535+0000] {processor.py:830} INFO - Processing file /home/airflow/.local/lib/python3.12/site-packages/airflow/example_dags/example_latest_only.py for tasks to queue
[2024-07-07T07:40:29.536+0000] {logging_mixin.py:188} INFO - [2024-07-07T07:40:29.536+0000] {dagbag.py:545} INFO - Filling up the DagBag from /home/airflow/.local/lib/python3.12/site-packages/airflow/example_dags/example_latest_only.py
[2024-07-07T07:40:29.544+0000] {processor.py:840} INFO - DAG(s) 'latest_only' retrieved from /home/airflow/.local/lib/python3.12/site-packages/airflow/example_dags/example_latest_only.py
[2024-07-07T07:40:29.571+0000] {logging_mixin.py:188} INFO - [2024-07-07T07:40:29.570+0000] {dag.py:3096} INFO - Sync 1 DAGs
[2024-07-07T07:40:29.594+0000] {logging_mixin.py:188} INFO - [2024-07-07T07:40:29.594+0000] {dag.py:3954} INFO - Setting next_dagrun for latest_only to 2024-07-07 00:00:00+00:00, run_after=2024-07-07 04:00:00+00:00
[2024-07-07T07:40:29.616+0000] {processor.py:183} INFO - Processing /home/airflow/.local/lib/python3.12/site-packages/airflow/example_dags/example_latest_only.py took 0.089 seconds
[2024-07-07T07:41:00.010+0000] {processor.py:161} INFO - Started process (PID=2962) to work on /home/airflow/.local/lib/python3.12/site-packages/airflow/example_dags/example_latest_only.py
[2024-07-07T07:41:00.012+0000] {processor.py:830} INFO - Processing file /home/airflow/.local/lib/python3.12/site-packages/airflow/example_dags/example_latest_only.py for tasks to queue
[2024-07-07T07:41:00.023+0000] {logging_mixin.py:188} INFO - [2024-07-07T07:41:00.019+0000] {dagbag.py:545} INFO - Filling up the DagBag from /home/airflow/.local/lib/python3.12/site-packages/airflow/example_dags/example_latest_only.py
[2024-07-07T07:41:00.047+0000] {processor.py:840} INFO - DAG(s) 'latest_only' retrieved from /home/airflow/.local/lib/python3.12/site-packages/airflow/example_dags/example_latest_only.py
[2024-07-07T07:41:00.104+0000] {logging_mixin.py:188} INFO - [2024-07-07T07:41:00.103+0000] {dag.py:3096} INFO - Sync 1 DAGs
[2024-07-07T07:41:00.211+0000] {logging_mixin.py:188} INFO - [2024-07-07T07:41:00.210+0000] {dag.py:3954} INFO - Setting next_dagrun for latest_only to 2024-07-07 00:00:00+00:00, run_after=2024-07-07 04:00:00+00:00
[2024-07-07T07:41:00.332+0000] {processor.py:183} INFO - Processing /home/airflow/.local/lib/python3.12/site-packages/airflow/example_dags/example_latest_only.py took 0.344 seconds
[2024-07-07T07:41:30.837+0000] {processor.py:161} INFO - Started process (PID=3022) to work on /home/airflow/.local/lib/python3.12/site-packages/airflow/example_dags/example_latest_only.py
[2024-07-07T07:41:30.839+0000] {processor.py:830} INFO - Processing file /home/airflow/.local/lib/python3.12/site-packages/airflow/example_dags/example_latest_only.py for tasks to queue
[2024-07-07T07:41:30.841+0000] {logging_mixin.py:188} INFO - [2024-07-07T07:41:30.841+0000] {dagbag.py:545} INFO - Filling up the DagBag from /home/airflow/.local/lib/python3.12/site-packages/airflow/example_dags/example_latest_only.py
[2024-07-07T07:41:30.853+0000] {processor.py:840} INFO - DAG(s) 'latest_only' retrieved from /home/airflow/.local/lib/python3.12/site-packages/airflow/example_dags/example_latest_only.py
[2024-07-07T07:41:30.897+0000] {logging_mixin.py:188} INFO - [2024-07-07T07:41:30.897+0000] {dag.py:3096} INFO - Sync 1 DAGs
[2024-07-07T07:41:30.945+0000] {logging_mixin.py:188} INFO - [2024-07-07T07:41:30.945+0000] {dag.py:3954} INFO - Setting next_dagrun for latest_only to 2024-07-07 00:00:00+00:00, run_after=2024-07-07 04:00:00+00:00
[2024-07-07T07:41:30.986+0000] {processor.py:183} INFO - Processing /home/airflow/.local/lib/python3.12/site-packages/airflow/example_dags/example_latest_only.py took 0.163 seconds
[2024-07-07T07:42:02.381+0000] {processor.py:161} INFO - Started process (PID=3082) to work on /home/airflow/.local/lib/python3.12/site-packages/airflow/example_dags/example_latest_only.py
[2024-07-07T07:42:02.384+0000] {processor.py:830} INFO - Processing file /home/airflow/.local/lib/python3.12/site-packages/airflow/example_dags/example_latest_only.py for tasks to queue
[2024-07-07T07:42:02.386+0000] {logging_mixin.py:188} INFO - [2024-07-07T07:42:02.385+0000] {dagbag.py:545} INFO - Filling up the DagBag from /home/airflow/.local/lib/python3.12/site-packages/airflow/example_dags/example_latest_only.py
[2024-07-07T07:42:02.398+0000] {processor.py:840} INFO - DAG(s) 'latest_only' retrieved from /home/airflow/.local/lib/python3.12/site-packages/airflow/example_dags/example_latest_only.py
[2024-07-07T07:42:02.456+0000] {logging_mixin.py:188} INFO - [2024-07-07T07:42:02.456+0000] {dag.py:3096} INFO - Sync 1 DAGs
[2024-07-07T07:42:02.518+0000] {logging_mixin.py:188} INFO - [2024-07-07T07:42:02.517+0000] {dag.py:3954} INFO - Setting next_dagrun for latest_only to 2024-07-07 00:00:00+00:00, run_after=2024-07-07 04:00:00+00:00
[2024-07-07T07:42:02.563+0000] {processor.py:183} INFO - Processing /home/airflow/.local/lib/python3.12/site-packages/airflow/example_dags/example_latest_only.py took 0.195 seconds
[2024-07-07T07:42:34.945+0000] {processor.py:161} INFO - Started process (PID=3142) to work on /home/airflow/.local/lib/python3.12/site-packages/airflow/example_dags/example_latest_only.py
[2024-07-07T07:42:34.947+0000] {processor.py:830} INFO - Processing file /home/airflow/.local/lib/python3.12/site-packages/airflow/example_dags/example_latest_only.py for tasks to queue
[2024-07-07T07:42:34.951+0000] {logging_mixin.py:188} INFO - [2024-07-07T07:42:34.950+0000] {dagbag.py:545} INFO - Filling up the DagBag from /home/airflow/.local/lib/python3.12/site-packages/airflow/example_dags/example_latest_only.py
[2024-07-07T07:42:34.965+0000] {processor.py:840} INFO - DAG(s) 'latest_only' retrieved from /home/airflow/.local/lib/python3.12/site-packages/airflow/example_dags/example_latest_only.py
[2024-07-07T07:42:35.022+0000] {logging_mixin.py:188} INFO - [2024-07-07T07:42:35.021+0000] {dag.py:3096} INFO - Sync 1 DAGs
[2024-07-07T07:42:35.074+0000] {logging_mixin.py:188} INFO - [2024-07-07T07:42:35.074+0000] {dag.py:3954} INFO - Setting next_dagrun for latest_only to 2024-07-07 00:00:00+00:00, run_after=2024-07-07 04:00:00+00:00
[2024-07-07T07:42:35.120+0000] {processor.py:183} INFO - Processing /home/airflow/.local/lib/python3.12/site-packages/airflow/example_dags/example_latest_only.py took 0.202 seconds
[2024-07-07T07:43:06.109+0000] {processor.py:161} INFO - Started process (PID=3202) to work on /home/airflow/.local/lib/python3.12/site-packages/airflow/example_dags/example_latest_only.py
[2024-07-07T07:43:06.111+0000] {processor.py:830} INFO - Processing file /home/airflow/.local/lib/python3.12/site-packages/airflow/example_dags/example_latest_only.py for tasks to queue
[2024-07-07T07:43:06.113+0000] {logging_mixin.py:188} INFO - [2024-07-07T07:43:06.112+0000] {dagbag.py:545} INFO - Filling up the DagBag from /home/airflow/.local/lib/python3.12/site-packages/airflow/example_dags/example_latest_only.py
[2024-07-07T07:43:06.124+0000] {processor.py:840} INFO - DAG(s) 'latest_only' retrieved from /home/airflow/.local/lib/python3.12/site-packages/airflow/example_dags/example_latest_only.py
[2024-07-07T07:43:06.163+0000] {logging_mixin.py:188} INFO - [2024-07-07T07:43:06.163+0000] {dag.py:3096} INFO - Sync 1 DAGs
[2024-07-07T07:43:06.210+0000] {logging_mixin.py:188} INFO - [2024-07-07T07:43:06.210+0000] {dag.py:3954} INFO - Setting next_dagrun for latest_only to 2024-07-07 00:00:00+00:00, run_after=2024-07-07 04:00:00+00:00
[2024-07-07T07:43:06.247+0000] {processor.py:183} INFO - Processing /home/airflow/.local/lib/python3.12/site-packages/airflow/example_dags/example_latest_only.py took 0.151 seconds
[2024-07-07T07:43:36.588+0000] {processor.py:161} INFO - Started process (PID=3260) to work on /home/airflow/.local/lib/python3.12/site-packages/airflow/example_dags/example_latest_only.py
[2024-07-07T07:43:36.591+0000] {processor.py:830} INFO - Processing file /home/airflow/.local/lib/python3.12/site-packages/airflow/example_dags/example_latest_only.py for tasks to queue
[2024-07-07T07:43:36.593+0000] {logging_mixin.py:188} INFO - [2024-07-07T07:43:36.592+0000] {dagbag.py:545} INFO - Filling up the DagBag from /home/airflow/.local/lib/python3.12/site-packages/airflow/example_dags/example_latest_only.py
[2024-07-07T07:43:36.608+0000] {processor.py:840} INFO - DAG(s) 'latest_only' retrieved from /home/airflow/.local/lib/python3.12/site-packages/airflow/example_dags/example_latest_only.py
[2024-07-07T07:43:36.655+0000] {logging_mixin.py:188} INFO - [2024-07-07T07:43:36.654+0000] {dag.py:3096} INFO - Sync 1 DAGs
[2024-07-07T07:43:36.707+0000] {logging_mixin.py:188} INFO - [2024-07-07T07:43:36.706+0000] {dag.py:3954} INFO - Setting next_dagrun for latest_only to 2024-07-07 00:00:00+00:00, run_after=2024-07-07 04:00:00+00:00
[2024-07-07T07:43:36.787+0000] {processor.py:183} INFO - Processing /home/airflow/.local/lib/python3.12/site-packages/airflow/example_dags/example_latest_only.py took 0.214 seconds
[2024-07-07T07:44:07.204+0000] {processor.py:161} INFO - Started process (PID=3320) to work on /home/airflow/.local/lib/python3.12/site-packages/airflow/example_dags/example_latest_only.py
[2024-07-07T07:44:07.206+0000] {processor.py:830} INFO - Processing file /home/airflow/.local/lib/python3.12/site-packages/airflow/example_dags/example_latest_only.py for tasks to queue
[2024-07-07T07:44:07.209+0000] {logging_mixin.py:188} INFO - [2024-07-07T07:44:07.208+0000] {dagbag.py:545} INFO - Filling up the DagBag from /home/airflow/.local/lib/python3.12/site-packages/airflow/example_dags/example_latest_only.py
[2024-07-07T07:44:07.222+0000] {processor.py:840} INFO - DAG(s) 'latest_only' retrieved from /home/airflow/.local/lib/python3.12/site-packages/airflow/example_dags/example_latest_only.py
[2024-07-07T07:44:07.274+0000] {logging_mixin.py:188} INFO - [2024-07-07T07:44:07.273+0000] {dag.py:3096} INFO - Sync 1 DAGs
[2024-07-07T07:44:07.325+0000] {logging_mixin.py:188} INFO - [2024-07-07T07:44:07.324+0000] {dag.py:3954} INFO - Setting next_dagrun for latest_only to 2024-07-07 00:00:00+00:00, run_after=2024-07-07 04:00:00+00:00
[2024-07-07T07:44:07.371+0000] {processor.py:183} INFO - Processing /home/airflow/.local/lib/python3.12/site-packages/airflow/example_dags/example_latest_only.py took 0.184 seconds
[2024-07-07T07:44:38.075+0000] {processor.py:161} INFO - Started process (PID=3380) to work on /home/airflow/.local/lib/python3.12/site-packages/airflow/example_dags/example_latest_only.py
[2024-07-07T07:44:38.078+0000] {processor.py:830} INFO - Processing file /home/airflow/.local/lib/python3.12/site-packages/airflow/example_dags/example_latest_only.py for tasks to queue
[2024-07-07T07:44:38.080+0000] {logging_mixin.py:188} INFO - [2024-07-07T07:44:38.079+0000] {dagbag.py:545} INFO - Filling up the DagBag from /home/airflow/.local/lib/python3.12/site-packages/airflow/example_dags/example_latest_only.py
[2024-07-07T07:44:38.092+0000] {processor.py:840} INFO - DAG(s) 'latest_only' retrieved from /home/airflow/.local/lib/python3.12/site-packages/airflow/example_dags/example_latest_only.py
[2024-07-07T07:44:38.133+0000] {logging_mixin.py:188} INFO - [2024-07-07T07:44:38.133+0000] {dag.py:3096} INFO - Sync 1 DAGs
[2024-07-07T07:44:38.179+0000] {logging_mixin.py:188} INFO - [2024-07-07T07:44:38.179+0000] {dag.py:3954} INFO - Setting next_dagrun for latest_only to 2024-07-07 00:00:00+00:00, run_after=2024-07-07 04:00:00+00:00
[2024-07-07T07:44:38.229+0000] {processor.py:183} INFO - Processing /home/airflow/.local/lib/python3.12/site-packages/airflow/example_dags/example_latest_only.py took 0.174 seconds
[2024-07-07T07:45:08.403+0000] {processor.py:161} INFO - Started process (PID=3440) to work on /home/airflow/.local/lib/python3.12/site-packages/airflow/example_dags/example_latest_only.py
[2024-07-07T07:45:08.406+0000] {processor.py:830} INFO - Processing file /home/airflow/.local/lib/python3.12/site-packages/airflow/example_dags/example_latest_only.py for tasks to queue
[2024-07-07T07:45:08.409+0000] {logging_mixin.py:188} INFO - [2024-07-07T07:45:08.408+0000] {dagbag.py:545} INFO - Filling up the DagBag from /home/airflow/.local/lib/python3.12/site-packages/airflow/example_dags/example_latest_only.py
[2024-07-07T07:45:08.424+0000] {processor.py:840} INFO - DAG(s) 'latest_only' retrieved from /home/airflow/.local/lib/python3.12/site-packages/airflow/example_dags/example_latest_only.py
[2024-07-07T07:45:08.476+0000] {logging_mixin.py:188} INFO - [2024-07-07T07:45:08.475+0000] {dag.py:3096} INFO - Sync 1 DAGs
[2024-07-07T07:45:08.531+0000] {logging_mixin.py:188} INFO - [2024-07-07T07:45:08.531+0000] {dag.py:3954} INFO - Setting next_dagrun for latest_only to 2024-07-07 00:00:00+00:00, run_after=2024-07-07 04:00:00+00:00
[2024-07-07T07:45:08.589+0000] {processor.py:183} INFO - Processing /home/airflow/.local/lib/python3.12/site-packages/airflow/example_dags/example_latest_only.py took 0.212 seconds
[2024-07-07T07:45:40.198+0000] {processor.py:161} INFO - Started process (PID=3499) to work on /home/airflow/.local/lib/python3.12/site-packages/airflow/example_dags/example_latest_only.py
[2024-07-07T07:45:40.201+0000] {processor.py:830} INFO - Processing file /home/airflow/.local/lib/python3.12/site-packages/airflow/example_dags/example_latest_only.py for tasks to queue
[2024-07-07T07:45:40.204+0000] {logging_mixin.py:188} INFO - [2024-07-07T07:45:40.203+0000] {dagbag.py:545} INFO - Filling up the DagBag from /home/airflow/.local/lib/python3.12/site-packages/airflow/example_dags/example_latest_only.py
[2024-07-07T07:45:40.216+0000] {processor.py:840} INFO - DAG(s) 'latest_only' retrieved from /home/airflow/.local/lib/python3.12/site-packages/airflow/example_dags/example_latest_only.py
[2024-07-07T07:45:40.255+0000] {logging_mixin.py:188} INFO - [2024-07-07T07:45:40.254+0000] {dag.py:3096} INFO - Sync 1 DAGs
[2024-07-07T07:45:40.290+0000] {logging_mixin.py:188} INFO - [2024-07-07T07:45:40.290+0000] {dag.py:3954} INFO - Setting next_dagrun for latest_only to 2024-07-07 00:00:00+00:00, run_after=2024-07-07 04:00:00+00:00
[2024-07-07T07:45:40.348+0000] {processor.py:183} INFO - Processing /home/airflow/.local/lib/python3.12/site-packages/airflow/example_dags/example_latest_only.py took 0.166 seconds
[2024-07-07T07:46:10.581+0000] {processor.py:161} INFO - Started process (PID=3559) to work on /home/airflow/.local/lib/python3.12/site-packages/airflow/example_dags/example_latest_only.py
[2024-07-07T07:46:10.584+0000] {processor.py:830} INFO - Processing file /home/airflow/.local/lib/python3.12/site-packages/airflow/example_dags/example_latest_only.py for tasks to queue
[2024-07-07T07:46:10.586+0000] {logging_mixin.py:188} INFO - [2024-07-07T07:46:10.585+0000] {dagbag.py:545} INFO - Filling up the DagBag from /home/airflow/.local/lib/python3.12/site-packages/airflow/example_dags/example_latest_only.py
[2024-07-07T07:46:10.597+0000] {processor.py:840} INFO - DAG(s) 'latest_only' retrieved from /home/airflow/.local/lib/python3.12/site-packages/airflow/example_dags/example_latest_only.py
[2024-07-07T07:46:10.636+0000] {logging_mixin.py:188} INFO - [2024-07-07T07:46:10.636+0000] {dag.py:3096} INFO - Sync 1 DAGs
[2024-07-07T07:46:10.691+0000] {logging_mixin.py:188} INFO - [2024-07-07T07:46:10.690+0000] {dag.py:3954} INFO - Setting next_dagrun for latest_only to 2024-07-07 00:00:00+00:00, run_after=2024-07-07 04:00:00+00:00
[2024-07-07T07:46:10.739+0000] {processor.py:183} INFO - Processing /home/airflow/.local/lib/python3.12/site-packages/airflow/example_dags/example_latest_only.py took 0.174 seconds
[2024-07-07T07:46:40.962+0000] {processor.py:161} INFO - Started process (PID=3620) to work on /home/airflow/.local/lib/python3.12/site-packages/airflow/example_dags/example_latest_only.py
[2024-07-07T07:46:40.965+0000] {processor.py:830} INFO - Processing file /home/airflow/.local/lib/python3.12/site-packages/airflow/example_dags/example_latest_only.py for tasks to queue
[2024-07-07T07:46:40.968+0000] {logging_mixin.py:188} INFO - [2024-07-07T07:46:40.967+0000] {dagbag.py:545} INFO - Filling up the DagBag from /home/airflow/.local/lib/python3.12/site-packages/airflow/example_dags/example_latest_only.py
[2024-07-07T07:46:40.980+0000] {processor.py:840} INFO - DAG(s) 'latest_only' retrieved from /home/airflow/.local/lib/python3.12/site-packages/airflow/example_dags/example_latest_only.py
[2024-07-07T07:46:41.027+0000] {logging_mixin.py:188} INFO - [2024-07-07T07:46:41.027+0000] {dag.py:3096} INFO - Sync 1 DAGs
[2024-07-07T07:46:41.065+0000] {logging_mixin.py:188} INFO - [2024-07-07T07:46:41.065+0000] {dag.py:3954} INFO - Setting next_dagrun for latest_only to 2024-07-07 00:00:00+00:00, run_after=2024-07-07 04:00:00+00:00
[2024-07-07T07:46:41.102+0000] {processor.py:183} INFO - Processing /home/airflow/.local/lib/python3.12/site-packages/airflow/example_dags/example_latest_only.py took 0.160 seconds
[2024-07-07T07:47:12.332+0000] {processor.py:161} INFO - Started process (PID=3681) to work on /home/airflow/.local/lib/python3.12/site-packages/airflow/example_dags/example_latest_only.py
[2024-07-07T07:47:12.335+0000] {processor.py:830} INFO - Processing file /home/airflow/.local/lib/python3.12/site-packages/airflow/example_dags/example_latest_only.py for tasks to queue
[2024-07-07T07:47:12.338+0000] {logging_mixin.py:188} INFO - [2024-07-07T07:47:12.337+0000] {dagbag.py:545} INFO - Filling up the DagBag from /home/airflow/.local/lib/python3.12/site-packages/airflow/example_dags/example_latest_only.py
[2024-07-07T07:47:12.353+0000] {processor.py:840} INFO - DAG(s) 'latest_only' retrieved from /home/airflow/.local/lib/python3.12/site-packages/airflow/example_dags/example_latest_only.py
[2024-07-07T07:47:12.418+0000] {logging_mixin.py:188} INFO - [2024-07-07T07:47:12.418+0000] {dag.py:3096} INFO - Sync 1 DAGs
[2024-07-07T07:47:12.477+0000] {logging_mixin.py:188} INFO - [2024-07-07T07:47:12.476+0000] {dag.py:3954} INFO - Setting next_dagrun for latest_only to 2024-07-07 00:00:00+00:00, run_after=2024-07-07 04:00:00+00:00
[2024-07-07T07:47:12.537+0000] {processor.py:183} INFO - Processing /home/airflow/.local/lib/python3.12/site-packages/airflow/example_dags/example_latest_only.py took 0.223 seconds
[2024-07-07T07:47:42.805+0000] {processor.py:161} INFO - Started process (PID=3741) to work on /home/airflow/.local/lib/python3.12/site-packages/airflow/example_dags/example_latest_only.py
[2024-07-07T07:47:42.807+0000] {processor.py:830} INFO - Processing file /home/airflow/.local/lib/python3.12/site-packages/airflow/example_dags/example_latest_only.py for tasks to queue
[2024-07-07T07:47:42.809+0000] {logging_mixin.py:188} INFO - [2024-07-07T07:47:42.808+0000] {dagbag.py:545} INFO - Filling up the DagBag from /home/airflow/.local/lib/python3.12/site-packages/airflow/example_dags/example_latest_only.py
[2024-07-07T07:47:42.817+0000] {processor.py:840} INFO - DAG(s) 'latest_only' retrieved from /home/airflow/.local/lib/python3.12/site-packages/airflow/example_dags/example_latest_only.py
[2024-07-07T07:47:42.852+0000] {logging_mixin.py:188} INFO - [2024-07-07T07:47:42.852+0000] {dag.py:3096} INFO - Sync 1 DAGs
[2024-07-07T07:47:42.890+0000] {logging_mixin.py:188} INFO - [2024-07-07T07:47:42.889+0000] {dag.py:3954} INFO - Setting next_dagrun for latest_only to 2024-07-07 00:00:00+00:00, run_after=2024-07-07 04:00:00+00:00
[2024-07-07T07:47:42.920+0000] {processor.py:183} INFO - Processing /home/airflow/.local/lib/python3.12/site-packages/airflow/example_dags/example_latest_only.py took 0.126 seconds
[2024-07-07T07:48:13.601+0000] {processor.py:161} INFO - Started process (PID=3801) to work on /home/airflow/.local/lib/python3.12/site-packages/airflow/example_dags/example_latest_only.py
[2024-07-07T07:48:13.604+0000] {processor.py:830} INFO - Processing file /home/airflow/.local/lib/python3.12/site-packages/airflow/example_dags/example_latest_only.py for tasks to queue
[2024-07-07T07:48:13.607+0000] {logging_mixin.py:188} INFO - [2024-07-07T07:48:13.606+0000] {dagbag.py:545} INFO - Filling up the DagBag from /home/airflow/.local/lib/python3.12/site-packages/airflow/example_dags/example_latest_only.py
[2024-07-07T07:48:13.619+0000] {processor.py:840} INFO - DAG(s) 'latest_only' retrieved from /home/airflow/.local/lib/python3.12/site-packages/airflow/example_dags/example_latest_only.py
[2024-07-07T07:48:13.668+0000] {logging_mixin.py:188} INFO - [2024-07-07T07:48:13.667+0000] {dag.py:3096} INFO - Sync 1 DAGs
[2024-07-07T07:48:13.725+0000] {logging_mixin.py:188} INFO - [2024-07-07T07:48:13.724+0000] {dag.py:3954} INFO - Setting next_dagrun for latest_only to 2024-07-07 00:00:00+00:00, run_after=2024-07-07 04:00:00+00:00
[2024-07-07T07:48:13.773+0000] {processor.py:183} INFO - Processing /home/airflow/.local/lib/python3.12/site-packages/airflow/example_dags/example_latest_only.py took 0.196 seconds
[2024-07-07T07:48:44.054+0000] {processor.py:161} INFO - Started process (PID=3861) to work on /home/airflow/.local/lib/python3.12/site-packages/airflow/example_dags/example_latest_only.py
[2024-07-07T07:48:44.058+0000] {processor.py:830} INFO - Processing file /home/airflow/.local/lib/python3.12/site-packages/airflow/example_dags/example_latest_only.py for tasks to queue
[2024-07-07T07:48:44.062+0000] {logging_mixin.py:188} INFO - [2024-07-07T07:48:44.061+0000] {dagbag.py:545} INFO - Filling up the DagBag from /home/airflow/.local/lib/python3.12/site-packages/airflow/example_dags/example_latest_only.py
[2024-07-07T07:48:44.082+0000] {processor.py:840} INFO - DAG(s) 'latest_only' retrieved from /home/airflow/.local/lib/python3.12/site-packages/airflow/example_dags/example_latest_only.py
[2024-07-07T07:48:44.138+0000] {logging_mixin.py:188} INFO - [2024-07-07T07:48:44.137+0000] {dag.py:3096} INFO - Sync 1 DAGs
[2024-07-07T07:48:44.192+0000] {logging_mixin.py:188} INFO - [2024-07-07T07:48:44.191+0000] {dag.py:3954} INFO - Setting next_dagrun for latest_only to 2024-07-07 00:00:00+00:00, run_after=2024-07-07 04:00:00+00:00
[2024-07-07T07:48:44.246+0000] {processor.py:183} INFO - Processing /home/airflow/.local/lib/python3.12/site-packages/airflow/example_dags/example_latest_only.py took 0.211 seconds
[2024-07-07T07:49:14.402+0000] {processor.py:161} INFO - Started process (PID=3920) to work on /home/airflow/.local/lib/python3.12/site-packages/airflow/example_dags/example_latest_only.py
[2024-07-07T07:49:14.405+0000] {processor.py:830} INFO - Processing file /home/airflow/.local/lib/python3.12/site-packages/airflow/example_dags/example_latest_only.py for tasks to queue
[2024-07-07T07:49:14.408+0000] {logging_mixin.py:188} INFO - [2024-07-07T07:49:14.407+0000] {dagbag.py:545} INFO - Filling up the DagBag from /home/airflow/.local/lib/python3.12/site-packages/airflow/example_dags/example_latest_only.py
[2024-07-07T07:49:14.424+0000] {processor.py:840} INFO - DAG(s) 'latest_only' retrieved from /home/airflow/.local/lib/python3.12/site-packages/airflow/example_dags/example_latest_only.py
[2024-07-07T07:49:14.486+0000] {logging_mixin.py:188} INFO - [2024-07-07T07:49:14.485+0000] {dag.py:3096} INFO - Sync 1 DAGs
[2024-07-07T07:49:14.576+0000] {logging_mixin.py:188} INFO - [2024-07-07T07:49:14.575+0000] {dag.py:3954} INFO - Setting next_dagrun for latest_only to 2024-07-07 00:00:00+00:00, run_after=2024-07-07 04:00:00+00:00
[2024-07-07T07:49:14.661+0000] {processor.py:183} INFO - Processing /home/airflow/.local/lib/python3.12/site-packages/airflow/example_dags/example_latest_only.py took 0.278 seconds
[2024-07-07T07:49:45.297+0000] {processor.py:161} INFO - Started process (PID=3980) to work on /home/airflow/.local/lib/python3.12/site-packages/airflow/example_dags/example_latest_only.py
[2024-07-07T07:49:45.299+0000] {processor.py:830} INFO - Processing file /home/airflow/.local/lib/python3.12/site-packages/airflow/example_dags/example_latest_only.py for tasks to queue
[2024-07-07T07:49:45.301+0000] {logging_mixin.py:188} INFO - [2024-07-07T07:49:45.300+0000] {dagbag.py:545} INFO - Filling up the DagBag from /home/airflow/.local/lib/python3.12/site-packages/airflow/example_dags/example_latest_only.py
[2024-07-07T07:49:45.314+0000] {processor.py:840} INFO - DAG(s) 'latest_only' retrieved from /home/airflow/.local/lib/python3.12/site-packages/airflow/example_dags/example_latest_only.py
[2024-07-07T07:49:45.351+0000] {logging_mixin.py:188} INFO - [2024-07-07T07:49:45.350+0000] {dag.py:3096} INFO - Sync 1 DAGs
[2024-07-07T07:49:45.392+0000] {logging_mixin.py:188} INFO - [2024-07-07T07:49:45.391+0000] {dag.py:3954} INFO - Setting next_dagrun for latest_only to 2024-07-07 00:00:00+00:00, run_after=2024-07-07 04:00:00+00:00
[2024-07-07T07:49:45.432+0000] {processor.py:183} INFO - Processing /home/airflow/.local/lib/python3.12/site-packages/airflow/example_dags/example_latest_only.py took 0.148 seconds
[2024-07-07T07:50:16.579+0000] {processor.py:161} INFO - Started process (PID=4040) to work on /home/airflow/.local/lib/python3.12/site-packages/airflow/example_dags/example_latest_only.py
[2024-07-07T07:50:16.584+0000] {processor.py:830} INFO - Processing file /home/airflow/.local/lib/python3.12/site-packages/airflow/example_dags/example_latest_only.py for tasks to queue
[2024-07-07T07:50:16.589+0000] {logging_mixin.py:188} INFO - [2024-07-07T07:50:16.587+0000] {dagbag.py:545} INFO - Filling up the DagBag from /home/airflow/.local/lib/python3.12/site-packages/airflow/example_dags/example_latest_only.py
[2024-07-07T07:50:16.614+0000] {processor.py:840} INFO - DAG(s) 'latest_only' retrieved from /home/airflow/.local/lib/python3.12/site-packages/airflow/example_dags/example_latest_only.py
[2024-07-07T07:50:16.677+0000] {logging_mixin.py:188} INFO - [2024-07-07T07:50:16.676+0000] {dag.py:3096} INFO - Sync 1 DAGs
[2024-07-07T07:50:16.719+0000] {logging_mixin.py:188} INFO - [2024-07-07T07:50:16.718+0000] {dag.py:3954} INFO - Setting next_dagrun for latest_only to 2024-07-07 00:00:00+00:00, run_after=2024-07-07 04:00:00+00:00
[2024-07-07T07:50:16.758+0000] {processor.py:183} INFO - Processing /home/airflow/.local/lib/python3.12/site-packages/airflow/example_dags/example_latest_only.py took 0.211 seconds
[2024-07-07T07:50:47.499+0000] {processor.py:161} INFO - Started process (PID=4100) to work on /home/airflow/.local/lib/python3.12/site-packages/airflow/example_dags/example_latest_only.py
[2024-07-07T07:50:47.500+0000] {processor.py:830} INFO - Processing file /home/airflow/.local/lib/python3.12/site-packages/airflow/example_dags/example_latest_only.py for tasks to queue
[2024-07-07T07:50:47.502+0000] {logging_mixin.py:188} INFO - [2024-07-07T07:50:47.501+0000] {dagbag.py:545} INFO - Filling up the DagBag from /home/airflow/.local/lib/python3.12/site-packages/airflow/example_dags/example_latest_only.py
[2024-07-07T07:50:47.509+0000] {processor.py:840} INFO - DAG(s) 'latest_only' retrieved from /home/airflow/.local/lib/python3.12/site-packages/airflow/example_dags/example_latest_only.py
[2024-07-07T07:50:47.538+0000] {logging_mixin.py:188} INFO - [2024-07-07T07:50:47.538+0000] {dag.py:3096} INFO - Sync 1 DAGs
[2024-07-07T07:50:47.568+0000] {logging_mixin.py:188} INFO - [2024-07-07T07:50:47.568+0000] {dag.py:3954} INFO - Setting next_dagrun for latest_only to 2024-07-07 00:00:00+00:00, run_after=2024-07-07 04:00:00+00:00
[2024-07-07T07:50:47.600+0000] {processor.py:183} INFO - Processing /home/airflow/.local/lib/python3.12/site-packages/airflow/example_dags/example_latest_only.py took 0.112 seconds
[2024-07-07T07:51:18.140+0000] {processor.py:161} INFO - Started process (PID=4161) to work on /home/airflow/.local/lib/python3.12/site-packages/airflow/example_dags/example_latest_only.py
[2024-07-07T07:51:18.142+0000] {processor.py:830} INFO - Processing file /home/airflow/.local/lib/python3.12/site-packages/airflow/example_dags/example_latest_only.py for tasks to queue
[2024-07-07T07:51:18.143+0000] {logging_mixin.py:188} INFO - [2024-07-07T07:51:18.143+0000] {dagbag.py:545} INFO - Filling up the DagBag from /home/airflow/.local/lib/python3.12/site-packages/airflow/example_dags/example_latest_only.py
[2024-07-07T07:51:18.150+0000] {processor.py:840} INFO - DAG(s) 'latest_only' retrieved from /home/airflow/.local/lib/python3.12/site-packages/airflow/example_dags/example_latest_only.py
[2024-07-07T07:51:18.177+0000] {logging_mixin.py:188} INFO - [2024-07-07T07:51:18.176+0000] {dag.py:3096} INFO - Sync 1 DAGs
[2024-07-07T07:51:18.210+0000] {logging_mixin.py:188} INFO - [2024-07-07T07:51:18.209+0000] {dag.py:3954} INFO - Setting next_dagrun for latest_only to 2024-07-07 00:00:00+00:00, run_after=2024-07-07 04:00:00+00:00
[2024-07-07T07:51:18.240+0000] {processor.py:183} INFO - Processing /home/airflow/.local/lib/python3.12/site-packages/airflow/example_dags/example_latest_only.py took 0.108 seconds
[2024-07-07T07:51:48.397+0000] {processor.py:161} INFO - Started process (PID=4219) to work on /home/airflow/.local/lib/python3.12/site-packages/airflow/example_dags/example_latest_only.py
[2024-07-07T07:51:48.399+0000] {processor.py:830} INFO - Processing file /home/airflow/.local/lib/python3.12/site-packages/airflow/example_dags/example_latest_only.py for tasks to queue
[2024-07-07T07:51:48.401+0000] {logging_mixin.py:188} INFO - [2024-07-07T07:51:48.401+0000] {dagbag.py:545} INFO - Filling up the DagBag from /home/airflow/.local/lib/python3.12/site-packages/airflow/example_dags/example_latest_only.py
[2024-07-07T07:51:48.409+0000] {processor.py:840} INFO - DAG(s) 'latest_only' retrieved from /home/airflow/.local/lib/python3.12/site-packages/airflow/example_dags/example_latest_only.py
[2024-07-07T07:51:48.436+0000] {logging_mixin.py:188} INFO - [2024-07-07T07:51:48.436+0000] {dag.py:3096} INFO - Sync 1 DAGs
[2024-07-07T07:51:48.461+0000] {logging_mixin.py:188} INFO - [2024-07-07T07:51:48.461+0000] {dag.py:3954} INFO - Setting next_dagrun for latest_only to 2024-07-07 00:00:00+00:00, run_after=2024-07-07 04:00:00+00:00
[2024-07-07T07:51:48.494+0000] {processor.py:183} INFO - Processing /home/airflow/.local/lib/python3.12/site-packages/airflow/example_dags/example_latest_only.py took 0.107 seconds
[2024-07-07T07:52:18.648+0000] {processor.py:161} INFO - Started process (PID=4279) to work on /home/airflow/.local/lib/python3.12/site-packages/airflow/example_dags/example_latest_only.py
[2024-07-07T07:52:18.650+0000] {processor.py:830} INFO - Processing file /home/airflow/.local/lib/python3.12/site-packages/airflow/example_dags/example_latest_only.py for tasks to queue
[2024-07-07T07:52:18.653+0000] {logging_mixin.py:188} INFO - [2024-07-07T07:52:18.652+0000] {dagbag.py:545} INFO - Filling up the DagBag from /home/airflow/.local/lib/python3.12/site-packages/airflow/example_dags/example_latest_only.py
[2024-07-07T07:52:18.662+0000] {processor.py:840} INFO - DAG(s) 'latest_only' retrieved from /home/airflow/.local/lib/python3.12/site-packages/airflow/example_dags/example_latest_only.py
[2024-07-07T07:52:18.690+0000] {logging_mixin.py:188} INFO - [2024-07-07T07:52:18.690+0000] {dag.py:3096} INFO - Sync 1 DAGs
[2024-07-07T07:52:18.716+0000] {logging_mixin.py:188} INFO - [2024-07-07T07:52:18.716+0000] {dag.py:3954} INFO - Setting next_dagrun for latest_only to 2024-07-07 00:00:00+00:00, run_after=2024-07-07 04:00:00+00:00
[2024-07-07T07:52:18.740+0000] {processor.py:183} INFO - Processing /home/airflow/.local/lib/python3.12/site-packages/airflow/example_dags/example_latest_only.py took 0.108 seconds
[2024-07-07T07:52:49.443+0000] {processor.py:161} INFO - Started process (PID=4339) to work on /home/airflow/.local/lib/python3.12/site-packages/airflow/example_dags/example_latest_only.py
[2024-07-07T07:52:49.445+0000] {processor.py:830} INFO - Processing file /home/airflow/.local/lib/python3.12/site-packages/airflow/example_dags/example_latest_only.py for tasks to queue
[2024-07-07T07:52:49.446+0000] {logging_mixin.py:188} INFO - [2024-07-07T07:52:49.446+0000] {dagbag.py:545} INFO - Filling up the DagBag from /home/airflow/.local/lib/python3.12/site-packages/airflow/example_dags/example_latest_only.py
[2024-07-07T07:52:49.455+0000] {processor.py:840} INFO - DAG(s) 'latest_only' retrieved from /home/airflow/.local/lib/python3.12/site-packages/airflow/example_dags/example_latest_only.py
[2024-07-07T07:52:49.484+0000] {logging_mixin.py:188} INFO - [2024-07-07T07:52:49.484+0000] {dag.py:3096} INFO - Sync 1 DAGs
[2024-07-07T07:52:49.511+0000] {logging_mixin.py:188} INFO - [2024-07-07T07:52:49.511+0000] {dag.py:3954} INFO - Setting next_dagrun for latest_only to 2024-07-07 00:00:00+00:00, run_after=2024-07-07 04:00:00+00:00
[2024-07-07T07:52:49.554+0000] {processor.py:183} INFO - Processing /home/airflow/.local/lib/python3.12/site-packages/airflow/example_dags/example_latest_only.py took 0.121 seconds
[2024-07-07T07:53:19.917+0000] {processor.py:161} INFO - Started process (PID=4399) to work on /home/airflow/.local/lib/python3.12/site-packages/airflow/example_dags/example_latest_only.py
[2024-07-07T07:53:19.918+0000] {processor.py:830} INFO - Processing file /home/airflow/.local/lib/python3.12/site-packages/airflow/example_dags/example_latest_only.py for tasks to queue
[2024-07-07T07:53:19.920+0000] {logging_mixin.py:188} INFO - [2024-07-07T07:53:19.919+0000] {dagbag.py:545} INFO - Filling up the DagBag from /home/airflow/.local/lib/python3.12/site-packages/airflow/example_dags/example_latest_only.py
[2024-07-07T07:53:19.928+0000] {processor.py:840} INFO - DAG(s) 'latest_only' retrieved from /home/airflow/.local/lib/python3.12/site-packages/airflow/example_dags/example_latest_only.py
[2024-07-07T07:53:19.958+0000] {logging_mixin.py:188} INFO - [2024-07-07T07:53:19.957+0000] {dag.py:3096} INFO - Sync 1 DAGs
[2024-07-07T07:53:19.988+0000] {logging_mixin.py:188} INFO - [2024-07-07T07:53:19.987+0000] {dag.py:3954} INFO - Setting next_dagrun for latest_only to 2024-07-07 00:00:00+00:00, run_after=2024-07-07 04:00:00+00:00
[2024-07-07T07:53:20.023+0000] {processor.py:183} INFO - Processing /home/airflow/.local/lib/python3.12/site-packages/airflow/example_dags/example_latest_only.py took 0.116 seconds
[2024-07-07T07:53:50.649+0000] {processor.py:161} INFO - Started process (PID=4457) to work on /home/airflow/.local/lib/python3.12/site-packages/airflow/example_dags/example_latest_only.py
[2024-07-07T07:53:50.650+0000] {processor.py:830} INFO - Processing file /home/airflow/.local/lib/python3.12/site-packages/airflow/example_dags/example_latest_only.py for tasks to queue
[2024-07-07T07:53:50.652+0000] {logging_mixin.py:188} INFO - [2024-07-07T07:53:50.652+0000] {dagbag.py:545} INFO - Filling up the DagBag from /home/airflow/.local/lib/python3.12/site-packages/airflow/example_dags/example_latest_only.py
[2024-07-07T07:53:50.661+0000] {processor.py:840} INFO - DAG(s) 'latest_only' retrieved from /home/airflow/.local/lib/python3.12/site-packages/airflow/example_dags/example_latest_only.py
[2024-07-07T07:53:50.693+0000] {logging_mixin.py:188} INFO - [2024-07-07T07:53:50.693+0000] {dag.py:3096} INFO - Sync 1 DAGs
[2024-07-07T07:53:50.722+0000] {logging_mixin.py:188} INFO - [2024-07-07T07:53:50.721+0000] {dag.py:3954} INFO - Setting next_dagrun for latest_only to 2024-07-07 00:00:00+00:00, run_after=2024-07-07 04:00:00+00:00
[2024-07-07T07:53:50.764+0000] {processor.py:183} INFO - Processing /home/airflow/.local/lib/python3.12/site-packages/airflow/example_dags/example_latest_only.py took 0.126 seconds
[2024-07-07T07:54:21.418+0000] {processor.py:161} INFO - Started process (PID=4517) to work on /home/airflow/.local/lib/python3.12/site-packages/airflow/example_dags/example_latest_only.py
[2024-07-07T07:54:21.419+0000] {processor.py:830} INFO - Processing file /home/airflow/.local/lib/python3.12/site-packages/airflow/example_dags/example_latest_only.py for tasks to queue
[2024-07-07T07:54:21.421+0000] {logging_mixin.py:188} INFO - [2024-07-07T07:54:21.421+0000] {dagbag.py:545} INFO - Filling up the DagBag from /home/airflow/.local/lib/python3.12/site-packages/airflow/example_dags/example_latest_only.py
[2024-07-07T07:54:21.436+0000] {processor.py:840} INFO - DAG(s) 'latest_only' retrieved from /home/airflow/.local/lib/python3.12/site-packages/airflow/example_dags/example_latest_only.py
[2024-07-07T07:54:21.471+0000] {logging_mixin.py:188} INFO - [2024-07-07T07:54:21.470+0000] {dag.py:3096} INFO - Sync 1 DAGs
[2024-07-07T07:54:21.504+0000] {logging_mixin.py:188} INFO - [2024-07-07T07:54:21.504+0000] {dag.py:3954} INFO - Setting next_dagrun for latest_only to 2024-07-07 00:00:00+00:00, run_after=2024-07-07 04:00:00+00:00
[2024-07-07T07:54:21.542+0000] {processor.py:183} INFO - Processing /home/airflow/.local/lib/python3.12/site-packages/airflow/example_dags/example_latest_only.py took 0.136 seconds
[2024-07-07T07:54:52.045+0000] {processor.py:161} INFO - Started process (PID=4577) to work on /home/airflow/.local/lib/python3.12/site-packages/airflow/example_dags/example_latest_only.py
[2024-07-07T07:54:52.047+0000] {processor.py:830} INFO - Processing file /home/airflow/.local/lib/python3.12/site-packages/airflow/example_dags/example_latest_only.py for tasks to queue
[2024-07-07T07:54:52.048+0000] {logging_mixin.py:188} INFO - [2024-07-07T07:54:52.048+0000] {dagbag.py:545} INFO - Filling up the DagBag from /home/airflow/.local/lib/python3.12/site-packages/airflow/example_dags/example_latest_only.py
[2024-07-07T07:54:52.057+0000] {processor.py:840} INFO - DAG(s) 'latest_only' retrieved from /home/airflow/.local/lib/python3.12/site-packages/airflow/example_dags/example_latest_only.py
[2024-07-07T07:54:52.092+0000] {logging_mixin.py:188} INFO - [2024-07-07T07:54:52.092+0000] {dag.py:3096} INFO - Sync 1 DAGs
[2024-07-07T07:54:52.130+0000] {logging_mixin.py:188} INFO - [2024-07-07T07:54:52.130+0000] {dag.py:3954} INFO - Setting next_dagrun for latest_only to 2024-07-07 00:00:00+00:00, run_after=2024-07-07 04:00:00+00:00
[2024-07-07T07:54:52.162+0000] {processor.py:183} INFO - Processing /home/airflow/.local/lib/python3.12/site-packages/airflow/example_dags/example_latest_only.py took 0.127 seconds
[2024-07-07T07:55:22.444+0000] {processor.py:161} INFO - Started process (PID=4637) to work on /home/airflow/.local/lib/python3.12/site-packages/airflow/example_dags/example_latest_only.py
[2024-07-07T07:55:22.446+0000] {processor.py:830} INFO - Processing file /home/airflow/.local/lib/python3.12/site-packages/airflow/example_dags/example_latest_only.py for tasks to queue
[2024-07-07T07:55:22.448+0000] {logging_mixin.py:188} INFO - [2024-07-07T07:55:22.447+0000] {dagbag.py:545} INFO - Filling up the DagBag from /home/airflow/.local/lib/python3.12/site-packages/airflow/example_dags/example_latest_only.py
[2024-07-07T07:55:22.456+0000] {processor.py:840} INFO - DAG(s) 'latest_only' retrieved from /home/airflow/.local/lib/python3.12/site-packages/airflow/example_dags/example_latest_only.py
[2024-07-07T07:55:22.485+0000] {logging_mixin.py:188} INFO - [2024-07-07T07:55:22.484+0000] {dag.py:3096} INFO - Sync 1 DAGs
[2024-07-07T07:55:22.513+0000] {logging_mixin.py:188} INFO - [2024-07-07T07:55:22.513+0000] {dag.py:3954} INFO - Setting next_dagrun for latest_only to 2024-07-07 00:00:00+00:00, run_after=2024-07-07 04:00:00+00:00
[2024-07-07T07:55:22.539+0000] {processor.py:183} INFO - Processing /home/airflow/.local/lib/python3.12/site-packages/airflow/example_dags/example_latest_only.py took 0.104 seconds
[2024-07-07T07:55:53.178+0000] {processor.py:161} INFO - Started process (PID=4697) to work on /home/airflow/.local/lib/python3.12/site-packages/airflow/example_dags/example_latest_only.py
[2024-07-07T07:55:53.180+0000] {processor.py:830} INFO - Processing file /home/airflow/.local/lib/python3.12/site-packages/airflow/example_dags/example_latest_only.py for tasks to queue
[2024-07-07T07:55:53.182+0000] {logging_mixin.py:188} INFO - [2024-07-07T07:55:53.181+0000] {dagbag.py:545} INFO - Filling up the DagBag from /home/airflow/.local/lib/python3.12/site-packages/airflow/example_dags/example_latest_only.py
[2024-07-07T07:55:53.190+0000] {processor.py:840} INFO - DAG(s) 'latest_only' retrieved from /home/airflow/.local/lib/python3.12/site-packages/airflow/example_dags/example_latest_only.py
[2024-07-07T07:55:53.221+0000] {logging_mixin.py:188} INFO - [2024-07-07T07:55:53.221+0000] {dag.py:3096} INFO - Sync 1 DAGs
[2024-07-07T07:55:53.253+0000] {logging_mixin.py:188} INFO - [2024-07-07T07:55:53.253+0000] {dag.py:3954} INFO - Setting next_dagrun for latest_only to 2024-07-07 00:00:00+00:00, run_after=2024-07-07 04:00:00+00:00
[2024-07-07T07:55:53.298+0000] {processor.py:183} INFO - Processing /home/airflow/.local/lib/python3.12/site-packages/airflow/example_dags/example_latest_only.py took 0.130 seconds
[2024-07-07T07:56:23.638+0000] {processor.py:161} INFO - Started process (PID=4757) to work on /home/airflow/.local/lib/python3.12/site-packages/airflow/example_dags/example_latest_only.py
[2024-07-07T07:56:23.639+0000] {processor.py:830} INFO - Processing file /home/airflow/.local/lib/python3.12/site-packages/airflow/example_dags/example_latest_only.py for tasks to queue
[2024-07-07T07:56:23.641+0000] {logging_mixin.py:188} INFO - [2024-07-07T07:56:23.640+0000] {dagbag.py:545} INFO - Filling up the DagBag from /home/airflow/.local/lib/python3.12/site-packages/airflow/example_dags/example_latest_only.py
[2024-07-07T07:56:23.648+0000] {processor.py:840} INFO - DAG(s) 'latest_only' retrieved from /home/airflow/.local/lib/python3.12/site-packages/airflow/example_dags/example_latest_only.py
[2024-07-07T07:56:23.674+0000] {logging_mixin.py:188} INFO - [2024-07-07T07:56:23.674+0000] {dag.py:3096} INFO - Sync 1 DAGs
[2024-07-07T07:56:23.699+0000] {logging_mixin.py:188} INFO - [2024-07-07T07:56:23.699+0000] {dag.py:3954} INFO - Setting next_dagrun for latest_only to 2024-07-07 00:00:00+00:00, run_after=2024-07-07 04:00:00+00:00
[2024-07-07T07:56:23.732+0000] {processor.py:183} INFO - Processing /home/airflow/.local/lib/python3.12/site-packages/airflow/example_dags/example_latest_only.py took 0.104 seconds
[2024-07-07T07:56:54.064+0000] {processor.py:161} INFO - Started process (PID=4817) to work on /home/airflow/.local/lib/python3.12/site-packages/airflow/example_dags/example_latest_only.py
[2024-07-07T07:56:54.066+0000] {processor.py:830} INFO - Processing file /home/airflow/.local/lib/python3.12/site-packages/airflow/example_dags/example_latest_only.py for tasks to queue
[2024-07-07T07:56:54.068+0000] {logging_mixin.py:188} INFO - [2024-07-07T07:56:54.067+0000] {dagbag.py:545} INFO - Filling up the DagBag from /home/airflow/.local/lib/python3.12/site-packages/airflow/example_dags/example_latest_only.py
[2024-07-07T07:56:54.078+0000] {processor.py:840} INFO - DAG(s) 'latest_only' retrieved from /home/airflow/.local/lib/python3.12/site-packages/airflow/example_dags/example_latest_only.py
[2024-07-07T07:56:54.116+0000] {logging_mixin.py:188} INFO - [2024-07-07T07:56:54.115+0000] {dag.py:3096} INFO - Sync 1 DAGs
[2024-07-07T07:56:54.159+0000] {logging_mixin.py:188} INFO - [2024-07-07T07:56:54.159+0000] {dag.py:3954} INFO - Setting next_dagrun for latest_only to 2024-07-07 00:00:00+00:00, run_after=2024-07-07 04:00:00+00:00
[2024-07-07T07:56:54.189+0000] {processor.py:183} INFO - Processing /home/airflow/.local/lib/python3.12/site-packages/airflow/example_dags/example_latest_only.py took 0.136 seconds
[2024-07-07T07:57:24.770+0000] {processor.py:161} INFO - Started process (PID=4877) to work on /home/airflow/.local/lib/python3.12/site-packages/airflow/example_dags/example_latest_only.py
[2024-07-07T07:57:24.772+0000] {processor.py:830} INFO - Processing file /home/airflow/.local/lib/python3.12/site-packages/airflow/example_dags/example_latest_only.py for tasks to queue
[2024-07-07T07:57:24.773+0000] {logging_mixin.py:188} INFO - [2024-07-07T07:57:24.773+0000] {dagbag.py:545} INFO - Filling up the DagBag from /home/airflow/.local/lib/python3.12/site-packages/airflow/example_dags/example_latest_only.py
[2024-07-07T07:57:24.782+0000] {processor.py:840} INFO - DAG(s) 'latest_only' retrieved from /home/airflow/.local/lib/python3.12/site-packages/airflow/example_dags/example_latest_only.py
[2024-07-07T07:57:24.812+0000] {logging_mixin.py:188} INFO - [2024-07-07T07:57:24.812+0000] {dag.py:3096} INFO - Sync 1 DAGs
[2024-07-07T07:57:24.841+0000] {logging_mixin.py:188} INFO - [2024-07-07T07:57:24.841+0000] {dag.py:3954} INFO - Setting next_dagrun for latest_only to 2024-07-07 00:00:00+00:00, run_after=2024-07-07 04:00:00+00:00
[2024-07-07T07:57:24.962+0000] {processor.py:183} INFO - Processing /home/airflow/.local/lib/python3.12/site-packages/airflow/example_dags/example_latest_only.py took 0.194 seconds
[2024-07-07T07:57:55.106+0000] {processor.py:161} INFO - Started process (PID=4937) to work on /home/airflow/.local/lib/python3.12/site-packages/airflow/example_dags/example_latest_only.py
[2024-07-07T07:57:55.108+0000] {processor.py:830} INFO - Processing file /home/airflow/.local/lib/python3.12/site-packages/airflow/example_dags/example_latest_only.py for tasks to queue
[2024-07-07T07:57:55.109+0000] {logging_mixin.py:188} INFO - [2024-07-07T07:57:55.109+0000] {dagbag.py:545} INFO - Filling up the DagBag from /home/airflow/.local/lib/python3.12/site-packages/airflow/example_dags/example_latest_only.py
[2024-07-07T07:57:55.117+0000] {processor.py:840} INFO - DAG(s) 'latest_only' retrieved from /home/airflow/.local/lib/python3.12/site-packages/airflow/example_dags/example_latest_only.py
[2024-07-07T07:57:55.146+0000] {logging_mixin.py:188} INFO - [2024-07-07T07:57:55.145+0000] {dag.py:3096} INFO - Sync 1 DAGs
[2024-07-07T07:57:55.174+0000] {logging_mixin.py:188} INFO - [2024-07-07T07:57:55.174+0000] {dag.py:3954} INFO - Setting next_dagrun for latest_only to 2024-07-07 00:00:00+00:00, run_after=2024-07-07 04:00:00+00:00
[2024-07-07T07:57:55.220+0000] {processor.py:183} INFO - Processing /home/airflow/.local/lib/python3.12/site-packages/airflow/example_dags/example_latest_only.py took 0.123 seconds
[2024-07-07T07:58:25.394+0000] {processor.py:161} INFO - Started process (PID=4997) to work on /home/airflow/.local/lib/python3.12/site-packages/airflow/example_dags/example_latest_only.py
[2024-07-07T07:58:25.396+0000] {processor.py:830} INFO - Processing file /home/airflow/.local/lib/python3.12/site-packages/airflow/example_dags/example_latest_only.py for tasks to queue
[2024-07-07T07:58:25.397+0000] {logging_mixin.py:188} INFO - [2024-07-07T07:58:25.397+0000] {dagbag.py:545} INFO - Filling up the DagBag from /home/airflow/.local/lib/python3.12/site-packages/airflow/example_dags/example_latest_only.py
[2024-07-07T07:58:25.405+0000] {processor.py:840} INFO - DAG(s) 'latest_only' retrieved from /home/airflow/.local/lib/python3.12/site-packages/airflow/example_dags/example_latest_only.py
[2024-07-07T07:58:25.437+0000] {logging_mixin.py:188} INFO - [2024-07-07T07:58:25.436+0000] {dag.py:3096} INFO - Sync 1 DAGs
[2024-07-07T07:58:25.469+0000] {logging_mixin.py:188} INFO - [2024-07-07T07:58:25.469+0000] {dag.py:3954} INFO - Setting next_dagrun for latest_only to 2024-07-07 00:00:00+00:00, run_after=2024-07-07 04:00:00+00:00
[2024-07-07T07:58:25.495+0000] {processor.py:183} INFO - Processing /home/airflow/.local/lib/python3.12/site-packages/airflow/example_dags/example_latest_only.py took 0.111 seconds
[2024-07-07T07:58:56.173+0000] {processor.py:161} INFO - Started process (PID=5057) to work on /home/airflow/.local/lib/python3.12/site-packages/airflow/example_dags/example_latest_only.py
[2024-07-07T07:58:56.175+0000] {processor.py:830} INFO - Processing file /home/airflow/.local/lib/python3.12/site-packages/airflow/example_dags/example_latest_only.py for tasks to queue
[2024-07-07T07:58:56.176+0000] {logging_mixin.py:188} INFO - [2024-07-07T07:58:56.176+0000] {dagbag.py:545} INFO - Filling up the DagBag from /home/airflow/.local/lib/python3.12/site-packages/airflow/example_dags/example_latest_only.py
[2024-07-07T07:58:56.184+0000] {processor.py:840} INFO - DAG(s) 'latest_only' retrieved from /home/airflow/.local/lib/python3.12/site-packages/airflow/example_dags/example_latest_only.py
[2024-07-07T07:58:56.227+0000] {logging_mixin.py:188} INFO - [2024-07-07T07:58:56.227+0000] {dag.py:3096} INFO - Sync 1 DAGs
[2024-07-07T07:58:56.256+0000] {logging_mixin.py:188} INFO - [2024-07-07T07:58:56.256+0000] {dag.py:3954} INFO - Setting next_dagrun for latest_only to 2024-07-07 00:00:00+00:00, run_after=2024-07-07 04:00:00+00:00
[2024-07-07T07:58:56.282+0000] {processor.py:183} INFO - Processing /home/airflow/.local/lib/python3.12/site-packages/airflow/example_dags/example_latest_only.py took 0.118 seconds
[2024-07-07T07:59:26.933+0000] {processor.py:161} INFO - Started process (PID=5117) to work on /home/airflow/.local/lib/python3.12/site-packages/airflow/example_dags/example_latest_only.py
[2024-07-07T07:59:26.935+0000] {processor.py:830} INFO - Processing file /home/airflow/.local/lib/python3.12/site-packages/airflow/example_dags/example_latest_only.py for tasks to queue
[2024-07-07T07:59:26.937+0000] {logging_mixin.py:188} INFO - [2024-07-07T07:59:26.936+0000] {dagbag.py:545} INFO - Filling up the DagBag from /home/airflow/.local/lib/python3.12/site-packages/airflow/example_dags/example_latest_only.py
[2024-07-07T07:59:26.946+0000] {processor.py:840} INFO - DAG(s) 'latest_only' retrieved from /home/airflow/.local/lib/python3.12/site-packages/airflow/example_dags/example_latest_only.py
[2024-07-07T07:59:27.001+0000] {logging_mixin.py:188} INFO - [2024-07-07T07:59:27.001+0000] {dag.py:3096} INFO - Sync 1 DAGs
[2024-07-07T07:59:27.053+0000] {logging_mixin.py:188} INFO - [2024-07-07T07:59:27.052+0000] {dag.py:3954} INFO - Setting next_dagrun for latest_only to 2024-07-07 00:00:00+00:00, run_after=2024-07-07 04:00:00+00:00
[2024-07-07T07:59:27.086+0000] {processor.py:183} INFO - Processing /home/airflow/.local/lib/python3.12/site-packages/airflow/example_dags/example_latest_only.py took 0.174 seconds
[2024-07-07T07:59:57.834+0000] {processor.py:161} INFO - Started process (PID=5177) to work on /home/airflow/.local/lib/python3.12/site-packages/airflow/example_dags/example_latest_only.py
[2024-07-07T07:59:57.835+0000] {processor.py:830} INFO - Processing file /home/airflow/.local/lib/python3.12/site-packages/airflow/example_dags/example_latest_only.py for tasks to queue
[2024-07-07T07:59:57.837+0000] {logging_mixin.py:188} INFO - [2024-07-07T07:59:57.836+0000] {dagbag.py:545} INFO - Filling up the DagBag from /home/airflow/.local/lib/python3.12/site-packages/airflow/example_dags/example_latest_only.py
[2024-07-07T07:59:57.845+0000] {processor.py:840} INFO - DAG(s) 'latest_only' retrieved from /home/airflow/.local/lib/python3.12/site-packages/airflow/example_dags/example_latest_only.py
[2024-07-07T07:59:57.874+0000] {logging_mixin.py:188} INFO - [2024-07-07T07:59:57.874+0000] {dag.py:3096} INFO - Sync 1 DAGs
[2024-07-07T07:59:57.909+0000] {logging_mixin.py:188} INFO - [2024-07-07T07:59:57.909+0000] {dag.py:3954} INFO - Setting next_dagrun for latest_only to 2024-07-07 00:00:00+00:00, run_after=2024-07-07 04:00:00+00:00
[2024-07-07T07:59:57.952+0000] {processor.py:183} INFO - Processing /home/airflow/.local/lib/python3.12/site-packages/airflow/example_dags/example_latest_only.py took 0.128 seconds
[2024-07-07T08:00:28.380+0000] {processor.py:161} INFO - Started process (PID=5237) to work on /home/airflow/.local/lib/python3.12/site-packages/airflow/example_dags/example_latest_only.py
[2024-07-07T08:00:28.383+0000] {processor.py:830} INFO - Processing file /home/airflow/.local/lib/python3.12/site-packages/airflow/example_dags/example_latest_only.py for tasks to queue
[2024-07-07T08:00:28.387+0000] {logging_mixin.py:188} INFO - [2024-07-07T08:00:28.386+0000] {dagbag.py:545} INFO - Filling up the DagBag from /home/airflow/.local/lib/python3.12/site-packages/airflow/example_dags/example_latest_only.py
[2024-07-07T08:00:28.404+0000] {processor.py:840} INFO - DAG(s) 'latest_only' retrieved from /home/airflow/.local/lib/python3.12/site-packages/airflow/example_dags/example_latest_only.py
[2024-07-07T08:00:28.441+0000] {logging_mixin.py:188} INFO - [2024-07-07T08:00:28.441+0000] {dag.py:3096} INFO - Sync 1 DAGs
[2024-07-07T08:00:28.472+0000] {logging_mixin.py:188} INFO - [2024-07-07T08:00:28.472+0000] {dag.py:3954} INFO - Setting next_dagrun for latest_only to 2024-07-07 04:00:00+00:00, run_after=2024-07-07 08:00:00+00:00
[2024-07-07T08:00:28.519+0000] {processor.py:183} INFO - Processing /home/airflow/.local/lib/python3.12/site-packages/airflow/example_dags/example_latest_only.py took 0.160 seconds
[2024-07-07T08:05:26.092+0000] {processor.py:161} INFO - Started process (PID=5302) to work on /home/airflow/.local/lib/python3.12/site-packages/airflow/example_dags/example_latest_only.py
[2024-07-07T08:05:26.094+0000] {processor.py:830} INFO - Processing file /home/airflow/.local/lib/python3.12/site-packages/airflow/example_dags/example_latest_only.py for tasks to queue
[2024-07-07T08:05:26.097+0000] {logging_mixin.py:188} INFO - [2024-07-07T08:05:26.096+0000] {dagbag.py:545} INFO - Filling up the DagBag from /home/airflow/.local/lib/python3.12/site-packages/airflow/example_dags/example_latest_only.py
[2024-07-07T08:05:26.129+0000] {processor.py:840} INFO - DAG(s) 'latest_only' retrieved from /home/airflow/.local/lib/python3.12/site-packages/airflow/example_dags/example_latest_only.py
[2024-07-07T08:05:26.211+0000] {logging_mixin.py:188} INFO - [2024-07-07T08:05:26.210+0000] {dag.py:3096} INFO - Sync 1 DAGs
[2024-07-07T08:05:26.284+0000] {logging_mixin.py:188} INFO - [2024-07-07T08:05:26.284+0000] {dag.py:3954} INFO - Setting next_dagrun for latest_only to 2024-07-07 04:00:00+00:00, run_after=2024-07-07 08:00:00+00:00
[2024-07-07T08:05:26.361+0000] {processor.py:183} INFO - Processing /home/airflow/.local/lib/python3.12/site-packages/airflow/example_dags/example_latest_only.py took 0.283 seconds
[2024-07-07T08:05:57.403+0000] {processor.py:161} INFO - Started process (PID=5363) to work on /home/airflow/.local/lib/python3.12/site-packages/airflow/example_dags/example_latest_only.py
[2024-07-07T08:05:57.425+0000] {processor.py:830} INFO - Processing file /home/airflow/.local/lib/python3.12/site-packages/airflow/example_dags/example_latest_only.py for tasks to queue
[2024-07-07T08:05:57.442+0000] {logging_mixin.py:188} INFO - [2024-07-07T08:05:57.441+0000] {dagbag.py:545} INFO - Filling up the DagBag from /home/airflow/.local/lib/python3.12/site-packages/airflow/example_dags/example_latest_only.py
[2024-07-07T08:05:57.478+0000] {processor.py:840} INFO - DAG(s) 'latest_only' retrieved from /home/airflow/.local/lib/python3.12/site-packages/airflow/example_dags/example_latest_only.py
[2024-07-07T08:05:57.547+0000] {logging_mixin.py:188} INFO - [2024-07-07T08:05:57.547+0000] {dag.py:3096} INFO - Sync 1 DAGs
[2024-07-07T08:05:57.636+0000] {logging_mixin.py:188} INFO - [2024-07-07T08:05:57.625+0000] {dag.py:3954} INFO - Setting next_dagrun for latest_only to 2024-07-07 04:00:00+00:00, run_after=2024-07-07 08:00:00+00:00
[2024-07-07T08:05:57.731+0000] {processor.py:183} INFO - Processing /home/airflow/.local/lib/python3.12/site-packages/airflow/example_dags/example_latest_only.py took 0.359 seconds
