[2024-07-07T00:00:17.857+0000] {processor.py:161} INFO - Started process (PID=2310) to work on /home/airflow/.local/lib/python3.12/site-packages/airflow/example_dags/example_task_group_decorator.py
[2024-07-07T00:00:17.867+0000] {processor.py:830} INFO - Processing file /home/airflow/.local/lib/python3.12/site-packages/airflow/example_dags/example_task_group_decorator.py for tasks to queue
[2024-07-07T00:00:17.875+0000] {logging_mixin.py:188} INFO - [2024-07-07T00:00:17.874+0000] {dagbag.py:545} INFO - Filling up the DagBag from /home/airflow/.local/lib/python3.12/site-packages/airflow/example_dags/example_task_group_decorator.py
[2024-07-07T00:00:18.001+0000] {processor.py:840} INFO - DAG(s) 'example_task_group_decorator' retrieved from /home/airflow/.local/lib/python3.12/site-packages/airflow/example_dags/example_task_group_decorator.py
[2024-07-07T00:00:18.165+0000] {logging_mixin.py:188} INFO - [2024-07-07T00:00:18.163+0000] {dag.py:3096} INFO - Sync 1 DAGs
[2024-07-07T00:00:18.310+0000] {logging_mixin.py:188} INFO - [2024-07-07T00:00:18.309+0000] {dag.py:3954} INFO - Setting next_dagrun for example_task_group_decorator to 2024-07-06 00:00:00+00:00, run_after=2024-07-07 00:00:00+00:00
[2024-07-07T00:00:18.393+0000] {processor.py:183} INFO - Processing /home/airflow/.local/lib/python3.12/site-packages/airflow/example_dags/example_task_group_decorator.py took 0.564 seconds
[2024-07-07T00:00:48.607+0000] {processor.py:161} INFO - Started process (PID=2369) to work on /home/airflow/.local/lib/python3.12/site-packages/airflow/example_dags/example_task_group_decorator.py
[2024-07-07T00:00:48.610+0000] {processor.py:830} INFO - Processing file /home/airflow/.local/lib/python3.12/site-packages/airflow/example_dags/example_task_group_decorator.py for tasks to queue
[2024-07-07T00:00:48.615+0000] {logging_mixin.py:188} INFO - [2024-07-07T00:00:48.614+0000] {dagbag.py:545} INFO - Filling up the DagBag from /home/airflow/.local/lib/python3.12/site-packages/airflow/example_dags/example_task_group_decorator.py
[2024-07-07T00:00:48.670+0000] {processor.py:840} INFO - DAG(s) 'example_task_group_decorator' retrieved from /home/airflow/.local/lib/python3.12/site-packages/airflow/example_dags/example_task_group_decorator.py
[2024-07-07T00:00:48.764+0000] {logging_mixin.py:188} INFO - [2024-07-07T00:00:48.763+0000] {dag.py:3096} INFO - Sync 1 DAGs
[2024-07-07T00:00:48.834+0000] {logging_mixin.py:188} INFO - [2024-07-07T00:00:48.833+0000] {dag.py:3954} INFO - Setting next_dagrun for example_task_group_decorator to 2024-07-06 00:00:00+00:00, run_after=2024-07-07 00:00:00+00:00
[2024-07-07T00:00:48.896+0000] {processor.py:183} INFO - Processing /home/airflow/.local/lib/python3.12/site-packages/airflow/example_dags/example_task_group_decorator.py took 0.307 seconds
[2024-07-07T00:01:19.008+0000] {processor.py:161} INFO - Started process (PID=2429) to work on /home/airflow/.local/lib/python3.12/site-packages/airflow/example_dags/example_task_group_decorator.py
[2024-07-07T00:01:19.012+0000] {processor.py:830} INFO - Processing file /home/airflow/.local/lib/python3.12/site-packages/airflow/example_dags/example_task_group_decorator.py for tasks to queue
[2024-07-07T00:01:19.018+0000] {logging_mixin.py:188} INFO - [2024-07-07T00:01:19.017+0000] {dagbag.py:545} INFO - Filling up the DagBag from /home/airflow/.local/lib/python3.12/site-packages/airflow/example_dags/example_task_group_decorator.py
[2024-07-07T00:01:19.078+0000] {processor.py:840} INFO - DAG(s) 'example_task_group_decorator' retrieved from /home/airflow/.local/lib/python3.12/site-packages/airflow/example_dags/example_task_group_decorator.py
[2024-07-07T00:01:19.152+0000] {logging_mixin.py:188} INFO - [2024-07-07T00:01:19.152+0000] {dag.py:3096} INFO - Sync 1 DAGs
[2024-07-07T00:01:19.227+0000] {logging_mixin.py:188} INFO - [2024-07-07T00:01:19.227+0000] {dag.py:3954} INFO - Setting next_dagrun for example_task_group_decorator to 2024-07-06 00:00:00+00:00, run_after=2024-07-07 00:00:00+00:00
[2024-07-07T00:01:19.341+0000] {processor.py:183} INFO - Processing /home/airflow/.local/lib/python3.12/site-packages/airflow/example_dags/example_task_group_decorator.py took 0.356 seconds
[2024-07-07T00:01:49.836+0000] {processor.py:161} INFO - Started process (PID=2489) to work on /home/airflow/.local/lib/python3.12/site-packages/airflow/example_dags/example_task_group_decorator.py
[2024-07-07T00:01:49.839+0000] {processor.py:830} INFO - Processing file /home/airflow/.local/lib/python3.12/site-packages/airflow/example_dags/example_task_group_decorator.py for tasks to queue
[2024-07-07T00:01:49.844+0000] {logging_mixin.py:188} INFO - [2024-07-07T00:01:49.843+0000] {dagbag.py:545} INFO - Filling up the DagBag from /home/airflow/.local/lib/python3.12/site-packages/airflow/example_dags/example_task_group_decorator.py
[2024-07-07T00:01:49.892+0000] {processor.py:840} INFO - DAG(s) 'example_task_group_decorator' retrieved from /home/airflow/.local/lib/python3.12/site-packages/airflow/example_dags/example_task_group_decorator.py
[2024-07-07T00:01:49.979+0000] {logging_mixin.py:188} INFO - [2024-07-07T00:01:49.978+0000] {dag.py:3096} INFO - Sync 1 DAGs
[2024-07-07T00:01:50.053+0000] {logging_mixin.py:188} INFO - [2024-07-07T00:01:50.052+0000] {dag.py:3954} INFO - Setting next_dagrun for example_task_group_decorator to 2024-07-06 00:00:00+00:00, run_after=2024-07-07 00:00:00+00:00
[2024-07-07T00:01:50.114+0000] {processor.py:183} INFO - Processing /home/airflow/.local/lib/python3.12/site-packages/airflow/example_dags/example_task_group_decorator.py took 0.300 seconds
[2024-07-07T00:02:20.602+0000] {processor.py:161} INFO - Started process (PID=2549) to work on /home/airflow/.local/lib/python3.12/site-packages/airflow/example_dags/example_task_group_decorator.py
[2024-07-07T00:02:20.605+0000] {processor.py:830} INFO - Processing file /home/airflow/.local/lib/python3.12/site-packages/airflow/example_dags/example_task_group_decorator.py for tasks to queue
[2024-07-07T00:02:20.611+0000] {logging_mixin.py:188} INFO - [2024-07-07T00:02:20.610+0000] {dagbag.py:545} INFO - Filling up the DagBag from /home/airflow/.local/lib/python3.12/site-packages/airflow/example_dags/example_task_group_decorator.py
[2024-07-07T00:02:20.659+0000] {processor.py:840} INFO - DAG(s) 'example_task_group_decorator' retrieved from /home/airflow/.local/lib/python3.12/site-packages/airflow/example_dags/example_task_group_decorator.py
[2024-07-07T00:02:20.752+0000] {logging_mixin.py:188} INFO - [2024-07-07T00:02:20.752+0000] {dag.py:3096} INFO - Sync 1 DAGs
[2024-07-07T00:02:20.841+0000] {logging_mixin.py:188} INFO - [2024-07-07T00:02:20.840+0000] {dag.py:3954} INFO - Setting next_dagrun for example_task_group_decorator to 2024-07-06 00:00:00+00:00, run_after=2024-07-07 00:00:00+00:00
[2024-07-07T00:02:20.891+0000] {processor.py:183} INFO - Processing /home/airflow/.local/lib/python3.12/site-packages/airflow/example_dags/example_task_group_decorator.py took 0.313 seconds
[2024-07-07T00:02:51.197+0000] {processor.py:161} INFO - Started process (PID=2609) to work on /home/airflow/.local/lib/python3.12/site-packages/airflow/example_dags/example_task_group_decorator.py
[2024-07-07T00:02:51.200+0000] {processor.py:830} INFO - Processing file /home/airflow/.local/lib/python3.12/site-packages/airflow/example_dags/example_task_group_decorator.py for tasks to queue
[2024-07-07T00:02:51.207+0000] {logging_mixin.py:188} INFO - [2024-07-07T00:02:51.206+0000] {dagbag.py:545} INFO - Filling up the DagBag from /home/airflow/.local/lib/python3.12/site-packages/airflow/example_dags/example_task_group_decorator.py
[2024-07-07T00:02:51.295+0000] {processor.py:840} INFO - DAG(s) 'example_task_group_decorator' retrieved from /home/airflow/.local/lib/python3.12/site-packages/airflow/example_dags/example_task_group_decorator.py
[2024-07-07T00:02:51.394+0000] {logging_mixin.py:188} INFO - [2024-07-07T00:02:51.393+0000] {dag.py:3096} INFO - Sync 1 DAGs
[2024-07-07T00:02:51.475+0000] {logging_mixin.py:188} INFO - [2024-07-07T00:02:51.474+0000] {dag.py:3954} INFO - Setting next_dagrun for example_task_group_decorator to 2024-07-06 00:00:00+00:00, run_after=2024-07-07 00:00:00+00:00
[2024-07-07T00:02:51.538+0000] {processor.py:183} INFO - Processing /home/airflow/.local/lib/python3.12/site-packages/airflow/example_dags/example_task_group_decorator.py took 0.361 seconds
[2024-07-07T00:03:21.997+0000] {processor.py:161} INFO - Started process (PID=2670) to work on /home/airflow/.local/lib/python3.12/site-packages/airflow/example_dags/example_task_group_decorator.py
[2024-07-07T00:03:21.999+0000] {processor.py:830} INFO - Processing file /home/airflow/.local/lib/python3.12/site-packages/airflow/example_dags/example_task_group_decorator.py for tasks to queue
[2024-07-07T00:03:22.003+0000] {logging_mixin.py:188} INFO - [2024-07-07T00:03:22.003+0000] {dagbag.py:545} INFO - Filling up the DagBag from /home/airflow/.local/lib/python3.12/site-packages/airflow/example_dags/example_task_group_decorator.py
[2024-07-07T00:03:22.059+0000] {processor.py:840} INFO - DAG(s) 'example_task_group_decorator' retrieved from /home/airflow/.local/lib/python3.12/site-packages/airflow/example_dags/example_task_group_decorator.py
[2024-07-07T00:03:22.138+0000] {logging_mixin.py:188} INFO - [2024-07-07T00:03:22.137+0000] {dag.py:3096} INFO - Sync 1 DAGs
[2024-07-07T00:03:22.204+0000] {logging_mixin.py:188} INFO - [2024-07-07T00:03:22.203+0000] {dag.py:3954} INFO - Setting next_dagrun for example_task_group_decorator to 2024-07-06 00:00:00+00:00, run_after=2024-07-07 00:00:00+00:00
[2024-07-07T00:03:22.257+0000] {processor.py:183} INFO - Processing /home/airflow/.local/lib/python3.12/site-packages/airflow/example_dags/example_task_group_decorator.py took 0.274 seconds
[2024-07-07T00:03:53.199+0000] {processor.py:161} INFO - Started process (PID=2730) to work on /home/airflow/.local/lib/python3.12/site-packages/airflow/example_dags/example_task_group_decorator.py
[2024-07-07T00:03:53.202+0000] {processor.py:830} INFO - Processing file /home/airflow/.local/lib/python3.12/site-packages/airflow/example_dags/example_task_group_decorator.py for tasks to queue
[2024-07-07T00:03:53.207+0000] {logging_mixin.py:188} INFO - [2024-07-07T00:03:53.207+0000] {dagbag.py:545} INFO - Filling up the DagBag from /home/airflow/.local/lib/python3.12/site-packages/airflow/example_dags/example_task_group_decorator.py
[2024-07-07T00:03:53.248+0000] {processor.py:840} INFO - DAG(s) 'example_task_group_decorator' retrieved from /home/airflow/.local/lib/python3.12/site-packages/airflow/example_dags/example_task_group_decorator.py
[2024-07-07T00:03:53.299+0000] {logging_mixin.py:188} INFO - [2024-07-07T00:03:53.298+0000] {dag.py:3096} INFO - Sync 1 DAGs
[2024-07-07T00:03:53.374+0000] {logging_mixin.py:188} INFO - [2024-07-07T00:03:53.373+0000] {dag.py:3954} INFO - Setting next_dagrun for example_task_group_decorator to 2024-07-06 00:00:00+00:00, run_after=2024-07-07 00:00:00+00:00
[2024-07-07T00:03:53.505+0000] {processor.py:183} INFO - Processing /home/airflow/.local/lib/python3.12/site-packages/airflow/example_dags/example_task_group_decorator.py took 0.326 seconds
[2024-07-07T07:39:22.625+0000] {processor.py:161} INFO - Started process (PID=2763) to work on /home/airflow/.local/lib/python3.12/site-packages/airflow/example_dags/example_task_group_decorator.py
[2024-07-07T07:39:22.628+0000] {processor.py:830} INFO - Processing file /home/airflow/.local/lib/python3.12/site-packages/airflow/example_dags/example_task_group_decorator.py for tasks to queue
[2024-07-07T07:39:22.640+0000] {logging_mixin.py:188} INFO - [2024-07-07T07:39:22.639+0000] {dagbag.py:545} INFO - Filling up the DagBag from /home/airflow/.local/lib/python3.12/site-packages/airflow/example_dags/example_task_group_decorator.py
[2024-07-07T07:39:22.712+0000] {processor.py:840} INFO - DAG(s) 'example_task_group_decorator' retrieved from /home/airflow/.local/lib/python3.12/site-packages/airflow/example_dags/example_task_group_decorator.py
[2024-07-07T07:39:22.931+0000] {logging_mixin.py:188} INFO - [2024-07-07T07:39:22.930+0000] {dag.py:3096} INFO - Sync 1 DAGs
[2024-07-07T07:39:23.057+0000] {logging_mixin.py:188} INFO - [2024-07-07T07:39:23.056+0000] {dag.py:3954} INFO - Setting next_dagrun for example_task_group_decorator to 2024-07-06 00:00:00+00:00, run_after=2024-07-07 00:00:00+00:00
[2024-07-07T07:39:23.141+0000] {processor.py:183} INFO - Processing /home/airflow/.local/lib/python3.12/site-packages/airflow/example_dags/example_task_group_decorator.py took 0.538 seconds
[2024-07-07T07:39:53.829+0000] {processor.py:161} INFO - Started process (PID=2822) to work on /home/airflow/.local/lib/python3.12/site-packages/airflow/example_dags/example_task_group_decorator.py
[2024-07-07T07:39:53.831+0000] {processor.py:830} INFO - Processing file /home/airflow/.local/lib/python3.12/site-packages/airflow/example_dags/example_task_group_decorator.py for tasks to queue
[2024-07-07T07:39:53.832+0000] {logging_mixin.py:188} INFO - [2024-07-07T07:39:53.832+0000] {dagbag.py:545} INFO - Filling up the DagBag from /home/airflow/.local/lib/python3.12/site-packages/airflow/example_dags/example_task_group_decorator.py
[2024-07-07T07:39:53.866+0000] {processor.py:840} INFO - DAG(s) 'example_task_group_decorator' retrieved from /home/airflow/.local/lib/python3.12/site-packages/airflow/example_dags/example_task_group_decorator.py
[2024-07-07T07:39:53.918+0000] {logging_mixin.py:188} INFO - [2024-07-07T07:39:53.917+0000] {dag.py:3096} INFO - Sync 1 DAGs
[2024-07-07T07:39:53.964+0000] {logging_mixin.py:188} INFO - [2024-07-07T07:39:53.962+0000] {dag.py:3954} INFO - Setting next_dagrun for example_task_group_decorator to 2024-07-06 00:00:00+00:00, run_after=2024-07-07 00:00:00+00:00
[2024-07-07T07:39:53.991+0000] {processor.py:183} INFO - Processing /home/airflow/.local/lib/python3.12/site-packages/airflow/example_dags/example_task_group_decorator.py took 0.173 seconds
[2024-07-07T07:40:24.321+0000] {processor.py:161} INFO - Started process (PID=2881) to work on /home/airflow/.local/lib/python3.12/site-packages/airflow/example_dags/example_task_group_decorator.py
[2024-07-07T07:40:24.323+0000] {processor.py:830} INFO - Processing file /home/airflow/.local/lib/python3.12/site-packages/airflow/example_dags/example_task_group_decorator.py for tasks to queue
[2024-07-07T07:40:24.325+0000] {logging_mixin.py:188} INFO - [2024-07-07T07:40:24.324+0000] {dagbag.py:545} INFO - Filling up the DagBag from /home/airflow/.local/lib/python3.12/site-packages/airflow/example_dags/example_task_group_decorator.py
[2024-07-07T07:40:24.352+0000] {processor.py:840} INFO - DAG(s) 'example_task_group_decorator' retrieved from /home/airflow/.local/lib/python3.12/site-packages/airflow/example_dags/example_task_group_decorator.py
[2024-07-07T07:40:24.389+0000] {logging_mixin.py:188} INFO - [2024-07-07T07:40:24.389+0000] {dag.py:3096} INFO - Sync 1 DAGs
[2024-07-07T07:40:24.427+0000] {logging_mixin.py:188} INFO - [2024-07-07T07:40:24.427+0000] {dag.py:3954} INFO - Setting next_dagrun for example_task_group_decorator to 2024-07-06 00:00:00+00:00, run_after=2024-07-07 00:00:00+00:00
[2024-07-07T07:40:24.455+0000] {processor.py:183} INFO - Processing /home/airflow/.local/lib/python3.12/site-packages/airflow/example_dags/example_task_group_decorator.py took 0.142 seconds
[2024-07-07T07:40:55.797+0000] {processor.py:161} INFO - Started process (PID=2942) to work on /home/airflow/.local/lib/python3.12/site-packages/airflow/example_dags/example_task_group_decorator.py
[2024-07-07T07:40:55.799+0000] {processor.py:830} INFO - Processing file /home/airflow/.local/lib/python3.12/site-packages/airflow/example_dags/example_task_group_decorator.py for tasks to queue
[2024-07-07T07:40:55.802+0000] {logging_mixin.py:188} INFO - [2024-07-07T07:40:55.801+0000] {dagbag.py:545} INFO - Filling up the DagBag from /home/airflow/.local/lib/python3.12/site-packages/airflow/example_dags/example_task_group_decorator.py
[2024-07-07T07:40:55.876+0000] {processor.py:840} INFO - DAG(s) 'example_task_group_decorator' retrieved from /home/airflow/.local/lib/python3.12/site-packages/airflow/example_dags/example_task_group_decorator.py
[2024-07-07T07:40:56.018+0000] {logging_mixin.py:188} INFO - [2024-07-07T07:40:56.013+0000] {dag.py:3096} INFO - Sync 1 DAGs
[2024-07-07T07:40:56.214+0000] {logging_mixin.py:188} INFO - [2024-07-07T07:40:56.214+0000] {dag.py:3954} INFO - Setting next_dagrun for example_task_group_decorator to 2024-07-06 00:00:00+00:00, run_after=2024-07-07 00:00:00+00:00
[2024-07-07T07:40:56.365+0000] {processor.py:183} INFO - Processing /home/airflow/.local/lib/python3.12/site-packages/airflow/example_dags/example_task_group_decorator.py took 0.601 seconds
[2024-07-07T07:41:26.484+0000] {processor.py:161} INFO - Started process (PID=3007) to work on /home/airflow/.local/lib/python3.12/site-packages/airflow/example_dags/example_task_group_decorator.py
[2024-07-07T07:41:26.486+0000] {processor.py:830} INFO - Processing file /home/airflow/.local/lib/python3.12/site-packages/airflow/example_dags/example_task_group_decorator.py for tasks to queue
[2024-07-07T07:41:26.488+0000] {logging_mixin.py:188} INFO - [2024-07-07T07:41:26.488+0000] {dagbag.py:545} INFO - Filling up the DagBag from /home/airflow/.local/lib/python3.12/site-packages/airflow/example_dags/example_task_group_decorator.py
[2024-07-07T07:41:26.529+0000] {processor.py:840} INFO - DAG(s) 'example_task_group_decorator' retrieved from /home/airflow/.local/lib/python3.12/site-packages/airflow/example_dags/example_task_group_decorator.py
[2024-07-07T07:41:26.587+0000] {logging_mixin.py:188} INFO - [2024-07-07T07:41:26.587+0000] {dag.py:3096} INFO - Sync 1 DAGs
[2024-07-07T07:41:26.677+0000] {logging_mixin.py:188} INFO - [2024-07-07T07:41:26.676+0000] {dag.py:3954} INFO - Setting next_dagrun for example_task_group_decorator to 2024-07-06 00:00:00+00:00, run_after=2024-07-07 00:00:00+00:00
[2024-07-07T07:41:26.741+0000] {processor.py:183} INFO - Processing /home/airflow/.local/lib/python3.12/site-packages/airflow/example_dags/example_task_group_decorator.py took 0.273 seconds
[2024-07-07T07:41:57.079+0000] {processor.py:161} INFO - Started process (PID=3065) to work on /home/airflow/.local/lib/python3.12/site-packages/airflow/example_dags/example_task_group_decorator.py
[2024-07-07T07:41:57.081+0000] {processor.py:830} INFO - Processing file /home/airflow/.local/lib/python3.12/site-packages/airflow/example_dags/example_task_group_decorator.py for tasks to queue
[2024-07-07T07:41:57.084+0000] {logging_mixin.py:188} INFO - [2024-07-07T07:41:57.083+0000] {dagbag.py:545} INFO - Filling up the DagBag from /home/airflow/.local/lib/python3.12/site-packages/airflow/example_dags/example_task_group_decorator.py
[2024-07-07T07:41:57.126+0000] {processor.py:840} INFO - DAG(s) 'example_task_group_decorator' retrieved from /home/airflow/.local/lib/python3.12/site-packages/airflow/example_dags/example_task_group_decorator.py
[2024-07-07T07:41:57.185+0000] {logging_mixin.py:188} INFO - [2024-07-07T07:41:57.185+0000] {dag.py:3096} INFO - Sync 1 DAGs
[2024-07-07T07:41:57.245+0000] {logging_mixin.py:188} INFO - [2024-07-07T07:41:57.244+0000] {dag.py:3954} INFO - Setting next_dagrun for example_task_group_decorator to 2024-07-06 00:00:00+00:00, run_after=2024-07-07 00:00:00+00:00
[2024-07-07T07:41:57.330+0000] {processor.py:183} INFO - Processing /home/airflow/.local/lib/python3.12/site-packages/airflow/example_dags/example_task_group_decorator.py took 0.290 seconds
[2024-07-07T07:42:27.648+0000] {processor.py:161} INFO - Started process (PID=3125) to work on /home/airflow/.local/lib/python3.12/site-packages/airflow/example_dags/example_task_group_decorator.py
[2024-07-07T07:42:27.655+0000] {processor.py:830} INFO - Processing file /home/airflow/.local/lib/python3.12/site-packages/airflow/example_dags/example_task_group_decorator.py for tasks to queue
[2024-07-07T07:42:27.664+0000] {logging_mixin.py:188} INFO - [2024-07-07T07:42:27.661+0000] {dagbag.py:545} INFO - Filling up the DagBag from /home/airflow/.local/lib/python3.12/site-packages/airflow/example_dags/example_task_group_decorator.py
[2024-07-07T07:42:27.752+0000] {processor.py:840} INFO - DAG(s) 'example_task_group_decorator' retrieved from /home/airflow/.local/lib/python3.12/site-packages/airflow/example_dags/example_task_group_decorator.py
[2024-07-07T07:42:27.884+0000] {logging_mixin.py:188} INFO - [2024-07-07T07:42:27.883+0000] {dag.py:3096} INFO - Sync 1 DAGs
[2024-07-07T07:42:27.957+0000] {logging_mixin.py:188} INFO - [2024-07-07T07:42:27.956+0000] {dag.py:3954} INFO - Setting next_dagrun for example_task_group_decorator to 2024-07-06 00:00:00+00:00, run_after=2024-07-07 00:00:00+00:00
[2024-07-07T07:42:28.048+0000] {processor.py:183} INFO - Processing /home/airflow/.local/lib/python3.12/site-packages/airflow/example_dags/example_task_group_decorator.py took 0.435 seconds
[2024-07-07T07:42:58.975+0000] {processor.py:161} INFO - Started process (PID=3185) to work on /home/airflow/.local/lib/python3.12/site-packages/airflow/example_dags/example_task_group_decorator.py
[2024-07-07T07:42:58.978+0000] {processor.py:830} INFO - Processing file /home/airflow/.local/lib/python3.12/site-packages/airflow/example_dags/example_task_group_decorator.py for tasks to queue
[2024-07-07T07:42:58.980+0000] {logging_mixin.py:188} INFO - [2024-07-07T07:42:58.979+0000] {dagbag.py:545} INFO - Filling up the DagBag from /home/airflow/.local/lib/python3.12/site-packages/airflow/example_dags/example_task_group_decorator.py
[2024-07-07T07:42:59.013+0000] {processor.py:840} INFO - DAG(s) 'example_task_group_decorator' retrieved from /home/airflow/.local/lib/python3.12/site-packages/airflow/example_dags/example_task_group_decorator.py
[2024-07-07T07:42:59.066+0000] {logging_mixin.py:188} INFO - [2024-07-07T07:42:59.066+0000] {dag.py:3096} INFO - Sync 1 DAGs
[2024-07-07T07:42:59.122+0000] {logging_mixin.py:188} INFO - [2024-07-07T07:42:59.121+0000] {dag.py:3954} INFO - Setting next_dagrun for example_task_group_decorator to 2024-07-06 00:00:00+00:00, run_after=2024-07-07 00:00:00+00:00
[2024-07-07T07:42:59.199+0000] {processor.py:183} INFO - Processing /home/airflow/.local/lib/python3.12/site-packages/airflow/example_dags/example_task_group_decorator.py took 0.243 seconds
[2024-07-07T07:43:29.470+0000] {processor.py:161} INFO - Started process (PID=3245) to work on /home/airflow/.local/lib/python3.12/site-packages/airflow/example_dags/example_task_group_decorator.py
[2024-07-07T07:43:29.472+0000] {processor.py:830} INFO - Processing file /home/airflow/.local/lib/python3.12/site-packages/airflow/example_dags/example_task_group_decorator.py for tasks to queue
[2024-07-07T07:43:29.475+0000] {logging_mixin.py:188} INFO - [2024-07-07T07:43:29.474+0000] {dagbag.py:545} INFO - Filling up the DagBag from /home/airflow/.local/lib/python3.12/site-packages/airflow/example_dags/example_task_group_decorator.py
[2024-07-07T07:43:29.515+0000] {processor.py:840} INFO - DAG(s) 'example_task_group_decorator' retrieved from /home/airflow/.local/lib/python3.12/site-packages/airflow/example_dags/example_task_group_decorator.py
[2024-07-07T07:43:29.600+0000] {logging_mixin.py:188} INFO - [2024-07-07T07:43:29.599+0000] {dag.py:3096} INFO - Sync 1 DAGs
[2024-07-07T07:43:29.659+0000] {logging_mixin.py:188} INFO - [2024-07-07T07:43:29.658+0000] {dag.py:3954} INFO - Setting next_dagrun for example_task_group_decorator to 2024-07-06 00:00:00+00:00, run_after=2024-07-07 00:00:00+00:00
[2024-07-07T07:43:29.711+0000] {processor.py:183} INFO - Processing /home/airflow/.local/lib/python3.12/site-packages/airflow/example_dags/example_task_group_decorator.py took 0.263 seconds
[2024-07-07T07:44:00.252+0000] {processor.py:161} INFO - Started process (PID=3305) to work on /home/airflow/.local/lib/python3.12/site-packages/airflow/example_dags/example_task_group_decorator.py
[2024-07-07T07:44:00.254+0000] {processor.py:830} INFO - Processing file /home/airflow/.local/lib/python3.12/site-packages/airflow/example_dags/example_task_group_decorator.py for tasks to queue
[2024-07-07T07:44:00.258+0000] {logging_mixin.py:188} INFO - [2024-07-07T07:44:00.257+0000] {dagbag.py:545} INFO - Filling up the DagBag from /home/airflow/.local/lib/python3.12/site-packages/airflow/example_dags/example_task_group_decorator.py
[2024-07-07T07:44:00.325+0000] {processor.py:840} INFO - DAG(s) 'example_task_group_decorator' retrieved from /home/airflow/.local/lib/python3.12/site-packages/airflow/example_dags/example_task_group_decorator.py
[2024-07-07T07:44:00.469+0000] {logging_mixin.py:188} INFO - [2024-07-07T07:44:00.468+0000] {dag.py:3096} INFO - Sync 1 DAGs
[2024-07-07T07:44:00.524+0000] {logging_mixin.py:188} INFO - [2024-07-07T07:44:00.524+0000] {dag.py:3954} INFO - Setting next_dagrun for example_task_group_decorator to 2024-07-06 00:00:00+00:00, run_after=2024-07-07 00:00:00+00:00
[2024-07-07T07:44:00.563+0000] {processor.py:183} INFO - Processing /home/airflow/.local/lib/python3.12/site-packages/airflow/example_dags/example_task_group_decorator.py took 0.337 seconds
[2024-07-07T07:44:30.764+0000] {processor.py:161} INFO - Started process (PID=3365) to work on /home/airflow/.local/lib/python3.12/site-packages/airflow/example_dags/example_task_group_decorator.py
[2024-07-07T07:44:30.767+0000] {processor.py:830} INFO - Processing file /home/airflow/.local/lib/python3.12/site-packages/airflow/example_dags/example_task_group_decorator.py for tasks to queue
[2024-07-07T07:44:30.770+0000] {logging_mixin.py:188} INFO - [2024-07-07T07:44:30.769+0000] {dagbag.py:545} INFO - Filling up the DagBag from /home/airflow/.local/lib/python3.12/site-packages/airflow/example_dags/example_task_group_decorator.py
[2024-07-07T07:44:30.836+0000] {processor.py:840} INFO - DAG(s) 'example_task_group_decorator' retrieved from /home/airflow/.local/lib/python3.12/site-packages/airflow/example_dags/example_task_group_decorator.py
[2024-07-07T07:44:30.939+0000] {logging_mixin.py:188} INFO - [2024-07-07T07:44:30.939+0000] {dag.py:3096} INFO - Sync 1 DAGs
[2024-07-07T07:44:30.993+0000] {logging_mixin.py:188} INFO - [2024-07-07T07:44:30.992+0000] {dag.py:3954} INFO - Setting next_dagrun for example_task_group_decorator to 2024-07-06 00:00:00+00:00, run_after=2024-07-07 00:00:00+00:00
[2024-07-07T07:44:31.053+0000] {processor.py:183} INFO - Processing /home/airflow/.local/lib/python3.12/site-packages/airflow/example_dags/example_task_group_decorator.py took 0.307 seconds
[2024-07-07T07:45:01.640+0000] {processor.py:161} INFO - Started process (PID=3425) to work on /home/airflow/.local/lib/python3.12/site-packages/airflow/example_dags/example_task_group_decorator.py
[2024-07-07T07:45:01.644+0000] {processor.py:830} INFO - Processing file /home/airflow/.local/lib/python3.12/site-packages/airflow/example_dags/example_task_group_decorator.py for tasks to queue
[2024-07-07T07:45:01.650+0000] {logging_mixin.py:188} INFO - [2024-07-07T07:45:01.648+0000] {dagbag.py:545} INFO - Filling up the DagBag from /home/airflow/.local/lib/python3.12/site-packages/airflow/example_dags/example_task_group_decorator.py
[2024-07-07T07:45:01.714+0000] {processor.py:840} INFO - DAG(s) 'example_task_group_decorator' retrieved from /home/airflow/.local/lib/python3.12/site-packages/airflow/example_dags/example_task_group_decorator.py
[2024-07-07T07:45:01.867+0000] {logging_mixin.py:188} INFO - [2024-07-07T07:45:01.866+0000] {dag.py:3096} INFO - Sync 1 DAGs
[2024-07-07T07:45:01.967+0000] {logging_mixin.py:188} INFO - [2024-07-07T07:45:01.966+0000] {dag.py:3954} INFO - Setting next_dagrun for example_task_group_decorator to 2024-07-06 00:00:00+00:00, run_after=2024-07-07 00:00:00+00:00
[2024-07-07T07:45:02.016+0000] {processor.py:183} INFO - Processing /home/airflow/.local/lib/python3.12/site-packages/airflow/example_dags/example_task_group_decorator.py took 0.405 seconds
[2024-07-07T07:45:32.849+0000] {processor.py:161} INFO - Started process (PID=3484) to work on /home/airflow/.local/lib/python3.12/site-packages/airflow/example_dags/example_task_group_decorator.py
[2024-07-07T07:45:32.852+0000] {processor.py:830} INFO - Processing file /home/airflow/.local/lib/python3.12/site-packages/airflow/example_dags/example_task_group_decorator.py for tasks to queue
[2024-07-07T07:45:32.857+0000] {logging_mixin.py:188} INFO - [2024-07-07T07:45:32.855+0000] {dagbag.py:545} INFO - Filling up the DagBag from /home/airflow/.local/lib/python3.12/site-packages/airflow/example_dags/example_task_group_decorator.py
[2024-07-07T07:45:32.901+0000] {processor.py:840} INFO - DAG(s) 'example_task_group_decorator' retrieved from /home/airflow/.local/lib/python3.12/site-packages/airflow/example_dags/example_task_group_decorator.py
[2024-07-07T07:45:33.010+0000] {logging_mixin.py:188} INFO - [2024-07-07T07:45:33.009+0000] {dag.py:3096} INFO - Sync 1 DAGs
[2024-07-07T07:45:33.077+0000] {logging_mixin.py:188} INFO - [2024-07-07T07:45:33.076+0000] {dag.py:3954} INFO - Setting next_dagrun for example_task_group_decorator to 2024-07-06 00:00:00+00:00, run_after=2024-07-07 00:00:00+00:00
[2024-07-07T07:45:33.120+0000] {processor.py:183} INFO - Processing /home/airflow/.local/lib/python3.12/site-packages/airflow/example_dags/example_task_group_decorator.py took 0.289 seconds
[2024-07-07T07:46:03.252+0000] {processor.py:161} INFO - Started process (PID=3544) to work on /home/airflow/.local/lib/python3.12/site-packages/airflow/example_dags/example_task_group_decorator.py
[2024-07-07T07:46:03.254+0000] {processor.py:830} INFO - Processing file /home/airflow/.local/lib/python3.12/site-packages/airflow/example_dags/example_task_group_decorator.py for tasks to queue
[2024-07-07T07:46:03.256+0000] {logging_mixin.py:188} INFO - [2024-07-07T07:46:03.255+0000] {dagbag.py:545} INFO - Filling up the DagBag from /home/airflow/.local/lib/python3.12/site-packages/airflow/example_dags/example_task_group_decorator.py
[2024-07-07T07:46:03.284+0000] {processor.py:840} INFO - DAG(s) 'example_task_group_decorator' retrieved from /home/airflow/.local/lib/python3.12/site-packages/airflow/example_dags/example_task_group_decorator.py
[2024-07-07T07:46:03.334+0000] {logging_mixin.py:188} INFO - [2024-07-07T07:46:03.334+0000] {dag.py:3096} INFO - Sync 1 DAGs
[2024-07-07T07:46:03.377+0000] {logging_mixin.py:188} INFO - [2024-07-07T07:46:03.376+0000] {dag.py:3954} INFO - Setting next_dagrun for example_task_group_decorator to 2024-07-06 00:00:00+00:00, run_after=2024-07-07 00:00:00+00:00
[2024-07-07T07:46:03.420+0000] {processor.py:183} INFO - Processing /home/airflow/.local/lib/python3.12/site-packages/airflow/example_dags/example_task_group_decorator.py took 0.180 seconds
[2024-07-07T07:46:33.856+0000] {processor.py:161} INFO - Started process (PID=3605) to work on /home/airflow/.local/lib/python3.12/site-packages/airflow/example_dags/example_task_group_decorator.py
[2024-07-07T07:46:33.859+0000] {processor.py:830} INFO - Processing file /home/airflow/.local/lib/python3.12/site-packages/airflow/example_dags/example_task_group_decorator.py for tasks to queue
[2024-07-07T07:46:33.861+0000] {logging_mixin.py:188} INFO - [2024-07-07T07:46:33.860+0000] {dagbag.py:545} INFO - Filling up the DagBag from /home/airflow/.local/lib/python3.12/site-packages/airflow/example_dags/example_task_group_decorator.py
[2024-07-07T07:46:33.908+0000] {processor.py:840} INFO - DAG(s) 'example_task_group_decorator' retrieved from /home/airflow/.local/lib/python3.12/site-packages/airflow/example_dags/example_task_group_decorator.py
[2024-07-07T07:46:33.958+0000] {logging_mixin.py:188} INFO - [2024-07-07T07:46:33.958+0000] {dag.py:3096} INFO - Sync 1 DAGs
[2024-07-07T07:46:33.995+0000] {logging_mixin.py:188} INFO - [2024-07-07T07:46:33.994+0000] {dag.py:3954} INFO - Setting next_dagrun for example_task_group_decorator to 2024-07-06 00:00:00+00:00, run_after=2024-07-07 00:00:00+00:00
[2024-07-07T07:46:34.037+0000] {processor.py:183} INFO - Processing /home/airflow/.local/lib/python3.12/site-packages/airflow/example_dags/example_task_group_decorator.py took 0.209 seconds
[2024-07-07T07:47:04.277+0000] {processor.py:161} INFO - Started process (PID=3666) to work on /home/airflow/.local/lib/python3.12/site-packages/airflow/example_dags/example_task_group_decorator.py
[2024-07-07T07:47:04.279+0000] {processor.py:830} INFO - Processing file /home/airflow/.local/lib/python3.12/site-packages/airflow/example_dags/example_task_group_decorator.py for tasks to queue
[2024-07-07T07:47:04.281+0000] {logging_mixin.py:188} INFO - [2024-07-07T07:47:04.280+0000] {dagbag.py:545} INFO - Filling up the DagBag from /home/airflow/.local/lib/python3.12/site-packages/airflow/example_dags/example_task_group_decorator.py
[2024-07-07T07:47:04.306+0000] {processor.py:840} INFO - DAG(s) 'example_task_group_decorator' retrieved from /home/airflow/.local/lib/python3.12/site-packages/airflow/example_dags/example_task_group_decorator.py
[2024-07-07T07:47:04.353+0000] {logging_mixin.py:188} INFO - [2024-07-07T07:47:04.352+0000] {dag.py:3096} INFO - Sync 1 DAGs
[2024-07-07T07:47:04.391+0000] {logging_mixin.py:188} INFO - [2024-07-07T07:47:04.390+0000] {dag.py:3954} INFO - Setting next_dagrun for example_task_group_decorator to 2024-07-06 00:00:00+00:00, run_after=2024-07-07 00:00:00+00:00
[2024-07-07T07:47:04.457+0000] {processor.py:183} INFO - Processing /home/airflow/.local/lib/python3.12/site-packages/airflow/example_dags/example_task_group_decorator.py took 0.191 seconds
[2024-07-07T07:47:35.229+0000] {processor.py:161} INFO - Started process (PID=3726) to work on /home/airflow/.local/lib/python3.12/site-packages/airflow/example_dags/example_task_group_decorator.py
[2024-07-07T07:47:35.232+0000] {processor.py:830} INFO - Processing file /home/airflow/.local/lib/python3.12/site-packages/airflow/example_dags/example_task_group_decorator.py for tasks to queue
[2024-07-07T07:47:35.235+0000] {logging_mixin.py:188} INFO - [2024-07-07T07:47:35.234+0000] {dagbag.py:545} INFO - Filling up the DagBag from /home/airflow/.local/lib/python3.12/site-packages/airflow/example_dags/example_task_group_decorator.py
[2024-07-07T07:47:35.276+0000] {processor.py:840} INFO - DAG(s) 'example_task_group_decorator' retrieved from /home/airflow/.local/lib/python3.12/site-packages/airflow/example_dags/example_task_group_decorator.py
[2024-07-07T07:47:35.353+0000] {logging_mixin.py:188} INFO - [2024-07-07T07:47:35.352+0000] {dag.py:3096} INFO - Sync 1 DAGs
[2024-07-07T07:47:35.408+0000] {logging_mixin.py:188} INFO - [2024-07-07T07:47:35.407+0000] {dag.py:3954} INFO - Setting next_dagrun for example_task_group_decorator to 2024-07-06 00:00:00+00:00, run_after=2024-07-07 00:00:00+00:00
[2024-07-07T07:47:35.452+0000] {processor.py:183} INFO - Processing /home/airflow/.local/lib/python3.12/site-packages/airflow/example_dags/example_task_group_decorator.py took 0.241 seconds
[2024-07-07T07:48:07.174+0000] {processor.py:161} INFO - Started process (PID=3786) to work on /home/airflow/.local/lib/python3.12/site-packages/airflow/example_dags/example_task_group_decorator.py
[2024-07-07T07:48:07.180+0000] {processor.py:830} INFO - Processing file /home/airflow/.local/lib/python3.12/site-packages/airflow/example_dags/example_task_group_decorator.py for tasks to queue
[2024-07-07T07:48:07.182+0000] {logging_mixin.py:188} INFO - [2024-07-07T07:48:07.181+0000] {dagbag.py:545} INFO - Filling up the DagBag from /home/airflow/.local/lib/python3.12/site-packages/airflow/example_dags/example_task_group_decorator.py
[2024-07-07T07:48:07.210+0000] {processor.py:840} INFO - DAG(s) 'example_task_group_decorator' retrieved from /home/airflow/.local/lib/python3.12/site-packages/airflow/example_dags/example_task_group_decorator.py
[2024-07-07T07:48:07.256+0000] {logging_mixin.py:188} INFO - [2024-07-07T07:48:07.255+0000] {dag.py:3096} INFO - Sync 1 DAGs
[2024-07-07T07:48:07.292+0000] {logging_mixin.py:188} INFO - [2024-07-07T07:48:07.292+0000] {dag.py:3954} INFO - Setting next_dagrun for example_task_group_decorator to 2024-07-06 00:00:00+00:00, run_after=2024-07-07 00:00:00+00:00
[2024-07-07T07:48:07.341+0000] {processor.py:183} INFO - Processing /home/airflow/.local/lib/python3.12/site-packages/airflow/example_dags/example_task_group_decorator.py took 0.194 seconds
[2024-07-07T07:48:38.354+0000] {processor.py:161} INFO - Started process (PID=3846) to work on /home/airflow/.local/lib/python3.12/site-packages/airflow/example_dags/example_task_group_decorator.py
[2024-07-07T07:48:38.359+0000] {processor.py:830} INFO - Processing file /home/airflow/.local/lib/python3.12/site-packages/airflow/example_dags/example_task_group_decorator.py for tasks to queue
[2024-07-07T07:48:38.364+0000] {logging_mixin.py:188} INFO - [2024-07-07T07:48:38.362+0000] {dagbag.py:545} INFO - Filling up the DagBag from /home/airflow/.local/lib/python3.12/site-packages/airflow/example_dags/example_task_group_decorator.py
[2024-07-07T07:48:38.444+0000] {processor.py:840} INFO - DAG(s) 'example_task_group_decorator' retrieved from /home/airflow/.local/lib/python3.12/site-packages/airflow/example_dags/example_task_group_decorator.py
[2024-07-07T07:48:38.574+0000] {logging_mixin.py:188} INFO - [2024-07-07T07:48:38.572+0000] {dag.py:3096} INFO - Sync 1 DAGs
[2024-07-07T07:48:38.655+0000] {logging_mixin.py:188} INFO - [2024-07-07T07:48:38.654+0000] {dag.py:3954} INFO - Setting next_dagrun for example_task_group_decorator to 2024-07-06 00:00:00+00:00, run_after=2024-07-07 00:00:00+00:00
[2024-07-07T07:48:38.730+0000] {processor.py:183} INFO - Processing /home/airflow/.local/lib/python3.12/site-packages/airflow/example_dags/example_task_group_decorator.py took 0.410 seconds
[2024-07-07T07:49:09.059+0000] {processor.py:161} INFO - Started process (PID=3906) to work on /home/airflow/.local/lib/python3.12/site-packages/airflow/example_dags/example_task_group_decorator.py
[2024-07-07T07:49:09.062+0000] {processor.py:830} INFO - Processing file /home/airflow/.local/lib/python3.12/site-packages/airflow/example_dags/example_task_group_decorator.py for tasks to queue
[2024-07-07T07:49:09.064+0000] {logging_mixin.py:188} INFO - [2024-07-07T07:49:09.064+0000] {dagbag.py:545} INFO - Filling up the DagBag from /home/airflow/.local/lib/python3.12/site-packages/airflow/example_dags/example_task_group_decorator.py
[2024-07-07T07:49:09.092+0000] {processor.py:840} INFO - DAG(s) 'example_task_group_decorator' retrieved from /home/airflow/.local/lib/python3.12/site-packages/airflow/example_dags/example_task_group_decorator.py
[2024-07-07T07:49:09.138+0000] {logging_mixin.py:188} INFO - [2024-07-07T07:49:09.138+0000] {dag.py:3096} INFO - Sync 1 DAGs
[2024-07-07T07:49:09.176+0000] {logging_mixin.py:188} INFO - [2024-07-07T07:49:09.175+0000] {dag.py:3954} INFO - Setting next_dagrun for example_task_group_decorator to 2024-07-06 00:00:00+00:00, run_after=2024-07-07 00:00:00+00:00
[2024-07-07T07:49:09.215+0000] {processor.py:183} INFO - Processing /home/airflow/.local/lib/python3.12/site-packages/airflow/example_dags/example_task_group_decorator.py took 0.174 seconds
[2024-07-07T07:49:40.320+0000] {processor.py:161} INFO - Started process (PID=3966) to work on /home/airflow/.local/lib/python3.12/site-packages/airflow/example_dags/example_task_group_decorator.py
[2024-07-07T07:49:40.322+0000] {processor.py:830} INFO - Processing file /home/airflow/.local/lib/python3.12/site-packages/airflow/example_dags/example_task_group_decorator.py for tasks to queue
[2024-07-07T07:49:40.324+0000] {logging_mixin.py:188} INFO - [2024-07-07T07:49:40.324+0000] {dagbag.py:545} INFO - Filling up the DagBag from /home/airflow/.local/lib/python3.12/site-packages/airflow/example_dags/example_task_group_decorator.py
[2024-07-07T07:49:40.349+0000] {processor.py:840} INFO - DAG(s) 'example_task_group_decorator' retrieved from /home/airflow/.local/lib/python3.12/site-packages/airflow/example_dags/example_task_group_decorator.py
[2024-07-07T07:49:40.398+0000] {logging_mixin.py:188} INFO - [2024-07-07T07:49:40.397+0000] {dag.py:3096} INFO - Sync 1 DAGs
[2024-07-07T07:49:40.440+0000] {logging_mixin.py:188} INFO - [2024-07-07T07:49:40.439+0000] {dag.py:3954} INFO - Setting next_dagrun for example_task_group_decorator to 2024-07-06 00:00:00+00:00, run_after=2024-07-07 00:00:00+00:00
[2024-07-07T07:49:40.474+0000] {processor.py:183} INFO - Processing /home/airflow/.local/lib/python3.12/site-packages/airflow/example_dags/example_task_group_decorator.py took 0.166 seconds
[2024-07-07T07:50:10.958+0000] {processor.py:161} INFO - Started process (PID=4024) to work on /home/airflow/.local/lib/python3.12/site-packages/airflow/example_dags/example_task_group_decorator.py
[2024-07-07T07:50:10.961+0000] {processor.py:830} INFO - Processing file /home/airflow/.local/lib/python3.12/site-packages/airflow/example_dags/example_task_group_decorator.py for tasks to queue
[2024-07-07T07:50:10.963+0000] {logging_mixin.py:188} INFO - [2024-07-07T07:50:10.962+0000] {dagbag.py:545} INFO - Filling up the DagBag from /home/airflow/.local/lib/python3.12/site-packages/airflow/example_dags/example_task_group_decorator.py
[2024-07-07T07:50:10.991+0000] {processor.py:840} INFO - DAG(s) 'example_task_group_decorator' retrieved from /home/airflow/.local/lib/python3.12/site-packages/airflow/example_dags/example_task_group_decorator.py
[2024-07-07T07:50:11.048+0000] {logging_mixin.py:188} INFO - [2024-07-07T07:50:11.048+0000] {dag.py:3096} INFO - Sync 1 DAGs
[2024-07-07T07:50:11.085+0000] {logging_mixin.py:188} INFO - [2024-07-07T07:50:11.085+0000] {dag.py:3954} INFO - Setting next_dagrun for example_task_group_decorator to 2024-07-06 00:00:00+00:00, run_after=2024-07-07 00:00:00+00:00
[2024-07-07T07:50:11.118+0000] {processor.py:183} INFO - Processing /home/airflow/.local/lib/python3.12/site-packages/airflow/example_dags/example_task_group_decorator.py took 0.177 seconds
[2024-07-07T07:50:41.758+0000] {processor.py:161} INFO - Started process (PID=4084) to work on /home/airflow/.local/lib/python3.12/site-packages/airflow/example_dags/example_task_group_decorator.py
[2024-07-07T07:50:41.761+0000] {processor.py:830} INFO - Processing file /home/airflow/.local/lib/python3.12/site-packages/airflow/example_dags/example_task_group_decorator.py for tasks to queue
[2024-07-07T07:50:41.764+0000] {logging_mixin.py:188} INFO - [2024-07-07T07:50:41.763+0000] {dagbag.py:545} INFO - Filling up the DagBag from /home/airflow/.local/lib/python3.12/site-packages/airflow/example_dags/example_task_group_decorator.py
[2024-07-07T07:50:41.807+0000] {processor.py:840} INFO - DAG(s) 'example_task_group_decorator' retrieved from /home/airflow/.local/lib/python3.12/site-packages/airflow/example_dags/example_task_group_decorator.py
[2024-07-07T07:50:41.857+0000] {logging_mixin.py:188} INFO - [2024-07-07T07:50:41.857+0000] {dag.py:3096} INFO - Sync 1 DAGs
[2024-07-07T07:50:41.892+0000] {logging_mixin.py:188} INFO - [2024-07-07T07:50:41.892+0000] {dag.py:3954} INFO - Setting next_dagrun for example_task_group_decorator to 2024-07-06 00:00:00+00:00, run_after=2024-07-07 00:00:00+00:00
[2024-07-07T07:50:41.920+0000] {processor.py:183} INFO - Processing /home/airflow/.local/lib/python3.12/site-packages/airflow/example_dags/example_task_group_decorator.py took 0.180 seconds
[2024-07-07T07:51:12.599+0000] {processor.py:161} INFO - Started process (PID=4142) to work on /home/airflow/.local/lib/python3.12/site-packages/airflow/example_dags/example_task_group_decorator.py
[2024-07-07T07:51:12.601+0000] {processor.py:830} INFO - Processing file /home/airflow/.local/lib/python3.12/site-packages/airflow/example_dags/example_task_group_decorator.py for tasks to queue
[2024-07-07T07:51:12.603+0000] {logging_mixin.py:188} INFO - [2024-07-07T07:51:12.603+0000] {dagbag.py:545} INFO - Filling up the DagBag from /home/airflow/.local/lib/python3.12/site-packages/airflow/example_dags/example_task_group_decorator.py
[2024-07-07T07:51:12.630+0000] {processor.py:840} INFO - DAG(s) 'example_task_group_decorator' retrieved from /home/airflow/.local/lib/python3.12/site-packages/airflow/example_dags/example_task_group_decorator.py
[2024-07-07T07:51:12.667+0000] {logging_mixin.py:188} INFO - [2024-07-07T07:51:12.667+0000] {dag.py:3096} INFO - Sync 1 DAGs
[2024-07-07T07:51:12.696+0000] {logging_mixin.py:188} INFO - [2024-07-07T07:51:12.696+0000] {dag.py:3954} INFO - Setting next_dagrun for example_task_group_decorator to 2024-07-06 00:00:00+00:00, run_after=2024-07-07 00:00:00+00:00
[2024-07-07T07:51:12.724+0000] {processor.py:183} INFO - Processing /home/airflow/.local/lib/python3.12/site-packages/airflow/example_dags/example_task_group_decorator.py took 0.137 seconds
[2024-07-07T07:51:43.596+0000] {processor.py:161} INFO - Started process (PID=4202) to work on /home/airflow/.local/lib/python3.12/site-packages/airflow/example_dags/example_task_group_decorator.py
[2024-07-07T07:51:43.598+0000] {processor.py:830} INFO - Processing file /home/airflow/.local/lib/python3.12/site-packages/airflow/example_dags/example_task_group_decorator.py for tasks to queue
[2024-07-07T07:51:43.599+0000] {logging_mixin.py:188} INFO - [2024-07-07T07:51:43.599+0000] {dagbag.py:545} INFO - Filling up the DagBag from /home/airflow/.local/lib/python3.12/site-packages/airflow/example_dags/example_task_group_decorator.py
[2024-07-07T07:51:43.622+0000] {processor.py:840} INFO - DAG(s) 'example_task_group_decorator' retrieved from /home/airflow/.local/lib/python3.12/site-packages/airflow/example_dags/example_task_group_decorator.py
[2024-07-07T07:51:43.675+0000] {logging_mixin.py:188} INFO - [2024-07-07T07:51:43.675+0000] {dag.py:3096} INFO - Sync 1 DAGs
[2024-07-07T07:51:43.721+0000] {logging_mixin.py:188} INFO - [2024-07-07T07:51:43.721+0000] {dag.py:3954} INFO - Setting next_dagrun for example_task_group_decorator to 2024-07-06 00:00:00+00:00, run_after=2024-07-07 00:00:00+00:00
[2024-07-07T07:51:43.751+0000] {processor.py:183} INFO - Processing /home/airflow/.local/lib/python3.12/site-packages/airflow/example_dags/example_task_group_decorator.py took 0.165 seconds
[2024-07-07T07:52:14.088+0000] {processor.py:161} INFO - Started process (PID=4262) to work on /home/airflow/.local/lib/python3.12/site-packages/airflow/example_dags/example_task_group_decorator.py
[2024-07-07T07:52:14.090+0000] {processor.py:830} INFO - Processing file /home/airflow/.local/lib/python3.12/site-packages/airflow/example_dags/example_task_group_decorator.py for tasks to queue
[2024-07-07T07:52:14.092+0000] {logging_mixin.py:188} INFO - [2024-07-07T07:52:14.092+0000] {dagbag.py:545} INFO - Filling up the DagBag from /home/airflow/.local/lib/python3.12/site-packages/airflow/example_dags/example_task_group_decorator.py
[2024-07-07T07:52:14.119+0000] {processor.py:840} INFO - DAG(s) 'example_task_group_decorator' retrieved from /home/airflow/.local/lib/python3.12/site-packages/airflow/example_dags/example_task_group_decorator.py
[2024-07-07T07:52:14.162+0000] {logging_mixin.py:188} INFO - [2024-07-07T07:52:14.162+0000] {dag.py:3096} INFO - Sync 1 DAGs
[2024-07-07T07:52:14.192+0000] {logging_mixin.py:188} INFO - [2024-07-07T07:52:14.191+0000] {dag.py:3954} INFO - Setting next_dagrun for example_task_group_decorator to 2024-07-06 00:00:00+00:00, run_after=2024-07-07 00:00:00+00:00
[2024-07-07T07:52:14.219+0000] {processor.py:183} INFO - Processing /home/airflow/.local/lib/python3.12/site-packages/airflow/example_dags/example_task_group_decorator.py took 0.143 seconds
[2024-07-07T07:52:44.578+0000] {processor.py:161} INFO - Started process (PID=4322) to work on /home/airflow/.local/lib/python3.12/site-packages/airflow/example_dags/example_task_group_decorator.py
[2024-07-07T07:52:44.580+0000] {processor.py:830} INFO - Processing file /home/airflow/.local/lib/python3.12/site-packages/airflow/example_dags/example_task_group_decorator.py for tasks to queue
[2024-07-07T07:52:44.581+0000] {logging_mixin.py:188} INFO - [2024-07-07T07:52:44.581+0000] {dagbag.py:545} INFO - Filling up the DagBag from /home/airflow/.local/lib/python3.12/site-packages/airflow/example_dags/example_task_group_decorator.py
[2024-07-07T07:52:44.602+0000] {processor.py:840} INFO - DAG(s) 'example_task_group_decorator' retrieved from /home/airflow/.local/lib/python3.12/site-packages/airflow/example_dags/example_task_group_decorator.py
[2024-07-07T07:52:44.639+0000] {logging_mixin.py:188} INFO - [2024-07-07T07:52:44.638+0000] {dag.py:3096} INFO - Sync 1 DAGs
[2024-07-07T07:52:44.667+0000] {logging_mixin.py:188} INFO - [2024-07-07T07:52:44.667+0000] {dag.py:3954} INFO - Setting next_dagrun for example_task_group_decorator to 2024-07-06 00:00:00+00:00, run_after=2024-07-07 00:00:00+00:00
[2024-07-07T07:52:44.694+0000] {processor.py:183} INFO - Processing /home/airflow/.local/lib/python3.12/site-packages/airflow/example_dags/example_task_group_decorator.py took 0.124 seconds
[2024-07-07T07:53:15.052+0000] {processor.py:161} INFO - Started process (PID=4382) to work on /home/airflow/.local/lib/python3.12/site-packages/airflow/example_dags/example_task_group_decorator.py
[2024-07-07T07:53:15.053+0000] {processor.py:830} INFO - Processing file /home/airflow/.local/lib/python3.12/site-packages/airflow/example_dags/example_task_group_decorator.py for tasks to queue
[2024-07-07T07:53:15.055+0000] {logging_mixin.py:188} INFO - [2024-07-07T07:53:15.055+0000] {dagbag.py:545} INFO - Filling up the DagBag from /home/airflow/.local/lib/python3.12/site-packages/airflow/example_dags/example_task_group_decorator.py
[2024-07-07T07:53:15.077+0000] {processor.py:840} INFO - DAG(s) 'example_task_group_decorator' retrieved from /home/airflow/.local/lib/python3.12/site-packages/airflow/example_dags/example_task_group_decorator.py
[2024-07-07T07:53:15.115+0000] {logging_mixin.py:188} INFO - [2024-07-07T07:53:15.114+0000] {dag.py:3096} INFO - Sync 1 DAGs
[2024-07-07T07:53:15.144+0000] {logging_mixin.py:188} INFO - [2024-07-07T07:53:15.144+0000] {dag.py:3954} INFO - Setting next_dagrun for example_task_group_decorator to 2024-07-06 00:00:00+00:00, run_after=2024-07-07 00:00:00+00:00
[2024-07-07T07:53:15.173+0000] {processor.py:183} INFO - Processing /home/airflow/.local/lib/python3.12/site-packages/airflow/example_dags/example_task_group_decorator.py took 0.136 seconds
[2024-07-07T07:53:45.480+0000] {processor.py:161} INFO - Started process (PID=4442) to work on /home/airflow/.local/lib/python3.12/site-packages/airflow/example_dags/example_task_group_decorator.py
[2024-07-07T07:53:45.482+0000] {processor.py:830} INFO - Processing file /home/airflow/.local/lib/python3.12/site-packages/airflow/example_dags/example_task_group_decorator.py for tasks to queue
[2024-07-07T07:53:45.484+0000] {logging_mixin.py:188} INFO - [2024-07-07T07:53:45.483+0000] {dagbag.py:545} INFO - Filling up the DagBag from /home/airflow/.local/lib/python3.12/site-packages/airflow/example_dags/example_task_group_decorator.py
[2024-07-07T07:53:45.508+0000] {processor.py:840} INFO - DAG(s) 'example_task_group_decorator' retrieved from /home/airflow/.local/lib/python3.12/site-packages/airflow/example_dags/example_task_group_decorator.py
[2024-07-07T07:53:45.547+0000] {logging_mixin.py:188} INFO - [2024-07-07T07:53:45.547+0000] {dag.py:3096} INFO - Sync 1 DAGs
[2024-07-07T07:53:45.576+0000] {logging_mixin.py:188} INFO - [2024-07-07T07:53:45.575+0000] {dag.py:3954} INFO - Setting next_dagrun for example_task_group_decorator to 2024-07-06 00:00:00+00:00, run_after=2024-07-07 00:00:00+00:00
[2024-07-07T07:53:45.603+0000] {processor.py:183} INFO - Processing /home/airflow/.local/lib/python3.12/site-packages/airflow/example_dags/example_task_group_decorator.py took 0.133 seconds
[2024-07-07T07:54:16.237+0000] {processor.py:161} INFO - Started process (PID=4502) to work on /home/airflow/.local/lib/python3.12/site-packages/airflow/example_dags/example_task_group_decorator.py
[2024-07-07T07:54:16.239+0000] {processor.py:830} INFO - Processing file /home/airflow/.local/lib/python3.12/site-packages/airflow/example_dags/example_task_group_decorator.py for tasks to queue
[2024-07-07T07:54:16.241+0000] {logging_mixin.py:188} INFO - [2024-07-07T07:54:16.241+0000] {dagbag.py:545} INFO - Filling up the DagBag from /home/airflow/.local/lib/python3.12/site-packages/airflow/example_dags/example_task_group_decorator.py
[2024-07-07T07:54:16.265+0000] {processor.py:840} INFO - DAG(s) 'example_task_group_decorator' retrieved from /home/airflow/.local/lib/python3.12/site-packages/airflow/example_dags/example_task_group_decorator.py
[2024-07-07T07:54:16.302+0000] {logging_mixin.py:188} INFO - [2024-07-07T07:54:16.302+0000] {dag.py:3096} INFO - Sync 1 DAGs
[2024-07-07T07:54:16.330+0000] {logging_mixin.py:188} INFO - [2024-07-07T07:54:16.329+0000] {dag.py:3954} INFO - Setting next_dagrun for example_task_group_decorator to 2024-07-06 00:00:00+00:00, run_after=2024-07-07 00:00:00+00:00
[2024-07-07T07:54:16.356+0000] {processor.py:183} INFO - Processing /home/airflow/.local/lib/python3.12/site-packages/airflow/example_dags/example_task_group_decorator.py took 0.129 seconds
[2024-07-07T07:54:46.817+0000] {processor.py:161} INFO - Started process (PID=4562) to work on /home/airflow/.local/lib/python3.12/site-packages/airflow/example_dags/example_task_group_decorator.py
[2024-07-07T07:54:46.819+0000] {processor.py:830} INFO - Processing file /home/airflow/.local/lib/python3.12/site-packages/airflow/example_dags/example_task_group_decorator.py for tasks to queue
[2024-07-07T07:54:46.821+0000] {logging_mixin.py:188} INFO - [2024-07-07T07:54:46.820+0000] {dagbag.py:545} INFO - Filling up the DagBag from /home/airflow/.local/lib/python3.12/site-packages/airflow/example_dags/example_task_group_decorator.py
[2024-07-07T07:54:46.851+0000] {processor.py:840} INFO - DAG(s) 'example_task_group_decorator' retrieved from /home/airflow/.local/lib/python3.12/site-packages/airflow/example_dags/example_task_group_decorator.py
[2024-07-07T07:54:46.898+0000] {logging_mixin.py:188} INFO - [2024-07-07T07:54:46.898+0000] {dag.py:3096} INFO - Sync 1 DAGs
[2024-07-07T07:54:46.933+0000] {logging_mixin.py:188} INFO - [2024-07-07T07:54:46.933+0000] {dag.py:3954} INFO - Setting next_dagrun for example_task_group_decorator to 2024-07-06 00:00:00+00:00, run_after=2024-07-07 00:00:00+00:00
[2024-07-07T07:54:46.987+0000] {processor.py:183} INFO - Processing /home/airflow/.local/lib/python3.12/site-packages/airflow/example_dags/example_task_group_decorator.py took 0.181 seconds
[2024-07-07T07:55:17.334+0000] {processor.py:161} INFO - Started process (PID=4622) to work on /home/airflow/.local/lib/python3.12/site-packages/airflow/example_dags/example_task_group_decorator.py
[2024-07-07T07:55:17.336+0000] {processor.py:830} INFO - Processing file /home/airflow/.local/lib/python3.12/site-packages/airflow/example_dags/example_task_group_decorator.py for tasks to queue
[2024-07-07T07:55:17.338+0000] {logging_mixin.py:188} INFO - [2024-07-07T07:55:17.337+0000] {dagbag.py:545} INFO - Filling up the DagBag from /home/airflow/.local/lib/python3.12/site-packages/airflow/example_dags/example_task_group_decorator.py
[2024-07-07T07:55:17.364+0000] {processor.py:840} INFO - DAG(s) 'example_task_group_decorator' retrieved from /home/airflow/.local/lib/python3.12/site-packages/airflow/example_dags/example_task_group_decorator.py
[2024-07-07T07:55:17.423+0000] {logging_mixin.py:188} INFO - [2024-07-07T07:55:17.423+0000] {dag.py:3096} INFO - Sync 1 DAGs
[2024-07-07T07:55:17.455+0000] {logging_mixin.py:188} INFO - [2024-07-07T07:55:17.454+0000] {dag.py:3954} INFO - Setting next_dagrun for example_task_group_decorator to 2024-07-06 00:00:00+00:00, run_after=2024-07-07 00:00:00+00:00
[2024-07-07T07:55:17.483+0000] {processor.py:183} INFO - Processing /home/airflow/.local/lib/python3.12/site-packages/airflow/example_dags/example_task_group_decorator.py took 0.160 seconds
[2024-07-07T07:55:48.081+0000] {processor.py:161} INFO - Started process (PID=4682) to work on /home/airflow/.local/lib/python3.12/site-packages/airflow/example_dags/example_task_group_decorator.py
[2024-07-07T07:55:48.082+0000] {processor.py:830} INFO - Processing file /home/airflow/.local/lib/python3.12/site-packages/airflow/example_dags/example_task_group_decorator.py for tasks to queue
[2024-07-07T07:55:48.084+0000] {logging_mixin.py:188} INFO - [2024-07-07T07:55:48.083+0000] {dagbag.py:545} INFO - Filling up the DagBag from /home/airflow/.local/lib/python3.12/site-packages/airflow/example_dags/example_task_group_decorator.py
[2024-07-07T07:55:48.104+0000] {processor.py:840} INFO - DAG(s) 'example_task_group_decorator' retrieved from /home/airflow/.local/lib/python3.12/site-packages/airflow/example_dags/example_task_group_decorator.py
[2024-07-07T07:55:48.142+0000] {logging_mixin.py:188} INFO - [2024-07-07T07:55:48.141+0000] {dag.py:3096} INFO - Sync 1 DAGs
[2024-07-07T07:55:48.167+0000] {logging_mixin.py:188} INFO - [2024-07-07T07:55:48.166+0000] {dag.py:3954} INFO - Setting next_dagrun for example_task_group_decorator to 2024-07-06 00:00:00+00:00, run_after=2024-07-07 00:00:00+00:00
[2024-07-07T07:55:48.194+0000] {processor.py:183} INFO - Processing /home/airflow/.local/lib/python3.12/site-packages/airflow/example_dags/example_task_group_decorator.py took 0.121 seconds
[2024-07-07T07:56:18.321+0000] {processor.py:161} INFO - Started process (PID=4742) to work on /home/airflow/.local/lib/python3.12/site-packages/airflow/example_dags/example_task_group_decorator.py
[2024-07-07T07:56:18.323+0000] {processor.py:830} INFO - Processing file /home/airflow/.local/lib/python3.12/site-packages/airflow/example_dags/example_task_group_decorator.py for tasks to queue
[2024-07-07T07:56:18.325+0000] {logging_mixin.py:188} INFO - [2024-07-07T07:56:18.325+0000] {dagbag.py:545} INFO - Filling up the DagBag from /home/airflow/.local/lib/python3.12/site-packages/airflow/example_dags/example_task_group_decorator.py
[2024-07-07T07:56:18.347+0000] {processor.py:840} INFO - DAG(s) 'example_task_group_decorator' retrieved from /home/airflow/.local/lib/python3.12/site-packages/airflow/example_dags/example_task_group_decorator.py
[2024-07-07T07:56:18.385+0000] {logging_mixin.py:188} INFO - [2024-07-07T07:56:18.384+0000] {dag.py:3096} INFO - Sync 1 DAGs
[2024-07-07T07:56:18.412+0000] {logging_mixin.py:188} INFO - [2024-07-07T07:56:18.412+0000] {dag.py:3954} INFO - Setting next_dagrun for example_task_group_decorator to 2024-07-06 00:00:00+00:00, run_after=2024-07-07 00:00:00+00:00
[2024-07-07T07:56:18.438+0000] {processor.py:183} INFO - Processing /home/airflow/.local/lib/python3.12/site-packages/airflow/example_dags/example_task_group_decorator.py took 0.133 seconds
[2024-07-07T07:56:48.842+0000] {processor.py:161} INFO - Started process (PID=4802) to work on /home/airflow/.local/lib/python3.12/site-packages/airflow/example_dags/example_task_group_decorator.py
[2024-07-07T07:56:48.843+0000] {processor.py:830} INFO - Processing file /home/airflow/.local/lib/python3.12/site-packages/airflow/example_dags/example_task_group_decorator.py for tasks to queue
[2024-07-07T07:56:48.845+0000] {logging_mixin.py:188} INFO - [2024-07-07T07:56:48.844+0000] {dagbag.py:545} INFO - Filling up the DagBag from /home/airflow/.local/lib/python3.12/site-packages/airflow/example_dags/example_task_group_decorator.py
[2024-07-07T07:56:48.865+0000] {processor.py:840} INFO - DAG(s) 'example_task_group_decorator' retrieved from /home/airflow/.local/lib/python3.12/site-packages/airflow/example_dags/example_task_group_decorator.py
[2024-07-07T07:56:48.900+0000] {logging_mixin.py:188} INFO - [2024-07-07T07:56:48.900+0000] {dag.py:3096} INFO - Sync 1 DAGs
[2024-07-07T07:56:48.927+0000] {logging_mixin.py:188} INFO - [2024-07-07T07:56:48.927+0000] {dag.py:3954} INFO - Setting next_dagrun for example_task_group_decorator to 2024-07-06 00:00:00+00:00, run_after=2024-07-07 00:00:00+00:00
[2024-07-07T07:56:48.953+0000] {processor.py:183} INFO - Processing /home/airflow/.local/lib/python3.12/site-packages/airflow/example_dags/example_task_group_decorator.py took 0.120 seconds
[2024-07-07T07:57:19.458+0000] {processor.py:161} INFO - Started process (PID=4862) to work on /home/airflow/.local/lib/python3.12/site-packages/airflow/example_dags/example_task_group_decorator.py
[2024-07-07T07:57:19.460+0000] {processor.py:830} INFO - Processing file /home/airflow/.local/lib/python3.12/site-packages/airflow/example_dags/example_task_group_decorator.py for tasks to queue
[2024-07-07T07:57:19.463+0000] {logging_mixin.py:188} INFO - [2024-07-07T07:57:19.462+0000] {dagbag.py:545} INFO - Filling up the DagBag from /home/airflow/.local/lib/python3.12/site-packages/airflow/example_dags/example_task_group_decorator.py
[2024-07-07T07:57:19.488+0000] {processor.py:840} INFO - DAG(s) 'example_task_group_decorator' retrieved from /home/airflow/.local/lib/python3.12/site-packages/airflow/example_dags/example_task_group_decorator.py
[2024-07-07T07:57:19.530+0000] {logging_mixin.py:188} INFO - [2024-07-07T07:57:19.530+0000] {dag.py:3096} INFO - Sync 1 DAGs
[2024-07-07T07:57:19.559+0000] {logging_mixin.py:188} INFO - [2024-07-07T07:57:19.558+0000] {dag.py:3954} INFO - Setting next_dagrun for example_task_group_decorator to 2024-07-06 00:00:00+00:00, run_after=2024-07-07 00:00:00+00:00
[2024-07-07T07:57:19.585+0000] {processor.py:183} INFO - Processing /home/airflow/.local/lib/python3.12/site-packages/airflow/example_dags/example_task_group_decorator.py took 0.137 seconds
[2024-07-07T07:57:49.760+0000] {processor.py:161} INFO - Started process (PID=4922) to work on /home/airflow/.local/lib/python3.12/site-packages/airflow/example_dags/example_task_group_decorator.py
[2024-07-07T07:57:49.762+0000] {processor.py:830} INFO - Processing file /home/airflow/.local/lib/python3.12/site-packages/airflow/example_dags/example_task_group_decorator.py for tasks to queue
[2024-07-07T07:57:49.764+0000] {logging_mixin.py:188} INFO - [2024-07-07T07:57:49.764+0000] {dagbag.py:545} INFO - Filling up the DagBag from /home/airflow/.local/lib/python3.12/site-packages/airflow/example_dags/example_task_group_decorator.py
[2024-07-07T07:57:49.788+0000] {processor.py:840} INFO - DAG(s) 'example_task_group_decorator' retrieved from /home/airflow/.local/lib/python3.12/site-packages/airflow/example_dags/example_task_group_decorator.py
[2024-07-07T07:57:49.827+0000] {logging_mixin.py:188} INFO - [2024-07-07T07:57:49.826+0000] {dag.py:3096} INFO - Sync 1 DAGs
[2024-07-07T07:57:49.854+0000] {logging_mixin.py:188} INFO - [2024-07-07T07:57:49.853+0000] {dag.py:3954} INFO - Setting next_dagrun for example_task_group_decorator to 2024-07-06 00:00:00+00:00, run_after=2024-07-07 00:00:00+00:00
[2024-07-07T07:57:49.880+0000] {processor.py:183} INFO - Processing /home/airflow/.local/lib/python3.12/site-packages/airflow/example_dags/example_task_group_decorator.py took 0.129 seconds
[2024-07-07T07:58:19.975+0000] {processor.py:161} INFO - Started process (PID=4982) to work on /home/airflow/.local/lib/python3.12/site-packages/airflow/example_dags/example_task_group_decorator.py
[2024-07-07T07:58:19.978+0000] {processor.py:830} INFO - Processing file /home/airflow/.local/lib/python3.12/site-packages/airflow/example_dags/example_task_group_decorator.py for tasks to queue
[2024-07-07T07:58:19.981+0000] {logging_mixin.py:188} INFO - [2024-07-07T07:58:19.980+0000] {dagbag.py:545} INFO - Filling up the DagBag from /home/airflow/.local/lib/python3.12/site-packages/airflow/example_dags/example_task_group_decorator.py
[2024-07-07T07:58:20.025+0000] {processor.py:840} INFO - DAG(s) 'example_task_group_decorator' retrieved from /home/airflow/.local/lib/python3.12/site-packages/airflow/example_dags/example_task_group_decorator.py
[2024-07-07T07:58:20.099+0000] {logging_mixin.py:188} INFO - [2024-07-07T07:58:20.099+0000] {dag.py:3096} INFO - Sync 1 DAGs
[2024-07-07T07:58:20.128+0000] {logging_mixin.py:188} INFO - [2024-07-07T07:58:20.128+0000] {dag.py:3954} INFO - Setting next_dagrun for example_task_group_decorator to 2024-07-06 00:00:00+00:00, run_after=2024-07-07 00:00:00+00:00
[2024-07-07T07:58:20.155+0000] {processor.py:183} INFO - Processing /home/airflow/.local/lib/python3.12/site-packages/airflow/example_dags/example_task_group_decorator.py took 0.198 seconds
[2024-07-07T07:58:50.856+0000] {processor.py:161} INFO - Started process (PID=5042) to work on /home/airflow/.local/lib/python3.12/site-packages/airflow/example_dags/example_task_group_decorator.py
[2024-07-07T07:58:50.858+0000] {processor.py:830} INFO - Processing file /home/airflow/.local/lib/python3.12/site-packages/airflow/example_dags/example_task_group_decorator.py for tasks to queue
[2024-07-07T07:58:50.859+0000] {logging_mixin.py:188} INFO - [2024-07-07T07:58:50.859+0000] {dagbag.py:545} INFO - Filling up the DagBag from /home/airflow/.local/lib/python3.12/site-packages/airflow/example_dags/example_task_group_decorator.py
[2024-07-07T07:58:50.884+0000] {processor.py:840} INFO - DAG(s) 'example_task_group_decorator' retrieved from /home/airflow/.local/lib/python3.12/site-packages/airflow/example_dags/example_task_group_decorator.py
[2024-07-07T07:58:50.924+0000] {logging_mixin.py:188} INFO - [2024-07-07T07:58:50.924+0000] {dag.py:3096} INFO - Sync 1 DAGs
[2024-07-07T07:58:50.951+0000] {logging_mixin.py:188} INFO - [2024-07-07T07:58:50.951+0000] {dag.py:3954} INFO - Setting next_dagrun for example_task_group_decorator to 2024-07-06 00:00:00+00:00, run_after=2024-07-07 00:00:00+00:00
[2024-07-07T07:58:50.982+0000] {processor.py:183} INFO - Processing /home/airflow/.local/lib/python3.12/site-packages/airflow/example_dags/example_task_group_decorator.py took 0.139 seconds
[2024-07-07T07:59:21.577+0000] {processor.py:161} INFO - Started process (PID=5102) to work on /home/airflow/.local/lib/python3.12/site-packages/airflow/example_dags/example_task_group_decorator.py
[2024-07-07T07:59:21.579+0000] {processor.py:830} INFO - Processing file /home/airflow/.local/lib/python3.12/site-packages/airflow/example_dags/example_task_group_decorator.py for tasks to queue
[2024-07-07T07:59:21.581+0000] {logging_mixin.py:188} INFO - [2024-07-07T07:59:21.580+0000] {dagbag.py:545} INFO - Filling up the DagBag from /home/airflow/.local/lib/python3.12/site-packages/airflow/example_dags/example_task_group_decorator.py
[2024-07-07T07:59:21.608+0000] {processor.py:840} INFO - DAG(s) 'example_task_group_decorator' retrieved from /home/airflow/.local/lib/python3.12/site-packages/airflow/example_dags/example_task_group_decorator.py
[2024-07-07T07:59:21.661+0000] {logging_mixin.py:188} INFO - [2024-07-07T07:59:21.660+0000] {dag.py:3096} INFO - Sync 1 DAGs
[2024-07-07T07:59:21.699+0000] {logging_mixin.py:188} INFO - [2024-07-07T07:59:21.699+0000] {dag.py:3954} INFO - Setting next_dagrun for example_task_group_decorator to 2024-07-06 00:00:00+00:00, run_after=2024-07-07 00:00:00+00:00
[2024-07-07T07:59:21.941+0000] {processor.py:183} INFO - Processing /home/airflow/.local/lib/python3.12/site-packages/airflow/example_dags/example_task_group_decorator.py took 0.375 seconds
[2024-07-07T07:59:52.631+0000] {processor.py:161} INFO - Started process (PID=5162) to work on /home/airflow/.local/lib/python3.12/site-packages/airflow/example_dags/example_task_group_decorator.py
[2024-07-07T07:59:52.632+0000] {processor.py:830} INFO - Processing file /home/airflow/.local/lib/python3.12/site-packages/airflow/example_dags/example_task_group_decorator.py for tasks to queue
[2024-07-07T07:59:52.634+0000] {logging_mixin.py:188} INFO - [2024-07-07T07:59:52.634+0000] {dagbag.py:545} INFO - Filling up the DagBag from /home/airflow/.local/lib/python3.12/site-packages/airflow/example_dags/example_task_group_decorator.py
[2024-07-07T07:59:52.656+0000] {processor.py:840} INFO - DAG(s) 'example_task_group_decorator' retrieved from /home/airflow/.local/lib/python3.12/site-packages/airflow/example_dags/example_task_group_decorator.py
[2024-07-07T07:59:52.697+0000] {logging_mixin.py:188} INFO - [2024-07-07T07:59:52.697+0000] {dag.py:3096} INFO - Sync 1 DAGs
[2024-07-07T07:59:52.727+0000] {logging_mixin.py:188} INFO - [2024-07-07T07:59:52.727+0000] {dag.py:3954} INFO - Setting next_dagrun for example_task_group_decorator to 2024-07-06 00:00:00+00:00, run_after=2024-07-07 00:00:00+00:00
[2024-07-07T07:59:52.753+0000] {processor.py:183} INFO - Processing /home/airflow/.local/lib/python3.12/site-packages/airflow/example_dags/example_task_group_decorator.py took 0.132 seconds
[2024-07-07T08:00:23.470+0000] {processor.py:161} INFO - Started process (PID=5222) to work on /home/airflow/.local/lib/python3.12/site-packages/airflow/example_dags/example_task_group_decorator.py
[2024-07-07T08:00:23.473+0000] {processor.py:830} INFO - Processing file /home/airflow/.local/lib/python3.12/site-packages/airflow/example_dags/example_task_group_decorator.py for tasks to queue
[2024-07-07T08:00:23.476+0000] {logging_mixin.py:188} INFO - [2024-07-07T08:00:23.475+0000] {dagbag.py:545} INFO - Filling up the DagBag from /home/airflow/.local/lib/python3.12/site-packages/airflow/example_dags/example_task_group_decorator.py
[2024-07-07T08:00:23.510+0000] {processor.py:840} INFO - DAG(s) 'example_task_group_decorator' retrieved from /home/airflow/.local/lib/python3.12/site-packages/airflow/example_dags/example_task_group_decorator.py
[2024-07-07T08:00:23.553+0000] {logging_mixin.py:188} INFO - [2024-07-07T08:00:23.552+0000] {dag.py:3096} INFO - Sync 1 DAGs
[2024-07-07T08:00:23.578+0000] {logging_mixin.py:188} INFO - [2024-07-07T08:00:23.578+0000] {dag.py:3954} INFO - Setting next_dagrun for example_task_group_decorator to 2024-07-06 00:00:00+00:00, run_after=2024-07-07 00:00:00+00:00
[2024-07-07T08:00:23.622+0000] {processor.py:183} INFO - Processing /home/airflow/.local/lib/python3.12/site-packages/airflow/example_dags/example_task_group_decorator.py took 0.169 seconds
[2024-07-07T08:05:22.522+0000] {processor.py:161} INFO - Started process (PID=5288) to work on /home/airflow/.local/lib/python3.12/site-packages/airflow/example_dags/example_task_group_decorator.py
[2024-07-07T08:05:22.524+0000] {processor.py:830} INFO - Processing file /home/airflow/.local/lib/python3.12/site-packages/airflow/example_dags/example_task_group_decorator.py for tasks to queue
[2024-07-07T08:05:22.527+0000] {logging_mixin.py:188} INFO - [2024-07-07T08:05:22.526+0000] {dagbag.py:545} INFO - Filling up the DagBag from /home/airflow/.local/lib/python3.12/site-packages/airflow/example_dags/example_task_group_decorator.py
[2024-07-07T08:05:22.650+0000] {processor.py:840} INFO - DAG(s) 'example_task_group_decorator' retrieved from /home/airflow/.local/lib/python3.12/site-packages/airflow/example_dags/example_task_group_decorator.py
[2024-07-07T08:05:22.770+0000] {logging_mixin.py:188} INFO - [2024-07-07T08:05:22.770+0000] {dag.py:3096} INFO - Sync 1 DAGs
[2024-07-07T08:05:22.858+0000] {logging_mixin.py:188} INFO - [2024-07-07T08:05:22.857+0000] {dag.py:3954} INFO - Setting next_dagrun for example_task_group_decorator to 2024-07-06 00:00:00+00:00, run_after=2024-07-07 00:00:00+00:00
[2024-07-07T08:05:22.927+0000] {processor.py:183} INFO - Processing /home/airflow/.local/lib/python3.12/site-packages/airflow/example_dags/example_task_group_decorator.py took 0.434 seconds
[2024-07-07T08:05:53.884+0000] {processor.py:161} INFO - Started process (PID=5349) to work on /home/airflow/.local/lib/python3.12/site-packages/airflow/example_dags/example_task_group_decorator.py
[2024-07-07T08:05:53.886+0000] {processor.py:830} INFO - Processing file /home/airflow/.local/lib/python3.12/site-packages/airflow/example_dags/example_task_group_decorator.py for tasks to queue
[2024-07-07T08:05:53.888+0000] {logging_mixin.py:188} INFO - [2024-07-07T08:05:53.887+0000] {dagbag.py:545} INFO - Filling up the DagBag from /home/airflow/.local/lib/python3.12/site-packages/airflow/example_dags/example_task_group_decorator.py
[2024-07-07T08:05:53.911+0000] {processor.py:840} INFO - DAG(s) 'example_task_group_decorator' retrieved from /home/airflow/.local/lib/python3.12/site-packages/airflow/example_dags/example_task_group_decorator.py
[2024-07-07T08:05:53.956+0000] {logging_mixin.py:188} INFO - [2024-07-07T08:05:53.956+0000] {dag.py:3096} INFO - Sync 1 DAGs
[2024-07-07T08:05:53.993+0000] {logging_mixin.py:188} INFO - [2024-07-07T08:05:53.992+0000] {dag.py:3954} INFO - Setting next_dagrun for example_task_group_decorator to 2024-07-06 00:00:00+00:00, run_after=2024-07-07 00:00:00+00:00
[2024-07-07T08:05:54.022+0000] {processor.py:183} INFO - Processing /home/airflow/.local/lib/python3.12/site-packages/airflow/example_dags/example_task_group_decorator.py took 0.146 seconds
