[2024-07-07T00:00:22.346+0000] {processor.py:161} INFO - Started process (PID=2321) to work on /home/airflow/.local/lib/python3.12/site-packages/airflow/example_dags/example_branch_operator.py
[2024-07-07T00:00:22.348+0000] {processor.py:830} INFO - Processing file /home/airflow/.local/lib/python3.12/site-packages/airflow/example_dags/example_branch_operator.py for tasks to queue
[2024-07-07T00:00:22.352+0000] {logging_mixin.py:188} INFO - [2024-07-07T00:00:22.351+0000] {dagbag.py:545} INFO - Filling up the DagBag from /home/airflow/.local/lib/python3.12/site-packages/airflow/example_dags/example_branch_operator.py
[2024-07-07T00:00:22.404+0000] {processor.py:840} INFO - DAG(s) 'example_branch_operator' retrieved from /home/airflow/.local/lib/python3.12/site-packages/airflow/example_dags/example_branch_operator.py
[2024-07-07T00:00:22.489+0000] {logging_mixin.py:188} INFO - [2024-07-07T00:00:22.489+0000] {dag.py:3096} INFO - Sync 1 DAGs
[2024-07-07T00:00:22.550+0000] {logging_mixin.py:188} INFO - [2024-07-07T00:00:22.549+0000] {dag.py:3954} INFO - Setting next_dagrun for example_branch_operator to 2024-07-06 00:00:00+00:00, run_after=2024-07-07 00:00:00+00:00
[2024-07-07T00:00:22.585+0000] {processor.py:183} INFO - Processing /home/airflow/.local/lib/python3.12/site-packages/airflow/example_dags/example_branch_operator.py took 0.260 seconds
[2024-07-07T00:00:52.708+0000] {processor.py:161} INFO - Started process (PID=2380) to work on /home/airflow/.local/lib/python3.12/site-packages/airflow/example_dags/example_branch_operator.py
[2024-07-07T00:00:52.711+0000] {processor.py:830} INFO - Processing file /home/airflow/.local/lib/python3.12/site-packages/airflow/example_dags/example_branch_operator.py for tasks to queue
[2024-07-07T00:00:52.715+0000] {logging_mixin.py:188} INFO - [2024-07-07T00:00:52.714+0000] {dagbag.py:545} INFO - Filling up the DagBag from /home/airflow/.local/lib/python3.12/site-packages/airflow/example_dags/example_branch_operator.py
[2024-07-07T00:00:52.768+0000] {processor.py:840} INFO - DAG(s) 'example_branch_operator' retrieved from /home/airflow/.local/lib/python3.12/site-packages/airflow/example_dags/example_branch_operator.py
[2024-07-07T00:00:52.874+0000] {logging_mixin.py:188} INFO - [2024-07-07T00:00:52.873+0000] {dag.py:3096} INFO - Sync 1 DAGs
[2024-07-07T00:00:52.983+0000] {logging_mixin.py:188} INFO - [2024-07-07T00:00:52.982+0000] {dag.py:3954} INFO - Setting next_dagrun for example_branch_operator to 2024-07-06 00:00:00+00:00, run_after=2024-07-07 00:00:00+00:00
[2024-07-07T00:00:53.040+0000] {processor.py:183} INFO - Processing /home/airflow/.local/lib/python3.12/site-packages/airflow/example_dags/example_branch_operator.py took 0.349 seconds
[2024-07-07T00:01:23.522+0000] {processor.py:161} INFO - Started process (PID=2440) to work on /home/airflow/.local/lib/python3.12/site-packages/airflow/example_dags/example_branch_operator.py
[2024-07-07T00:01:23.525+0000] {processor.py:830} INFO - Processing file /home/airflow/.local/lib/python3.12/site-packages/airflow/example_dags/example_branch_operator.py for tasks to queue
[2024-07-07T00:01:23.529+0000] {logging_mixin.py:188} INFO - [2024-07-07T00:01:23.529+0000] {dagbag.py:545} INFO - Filling up the DagBag from /home/airflow/.local/lib/python3.12/site-packages/airflow/example_dags/example_branch_operator.py
[2024-07-07T00:01:23.595+0000] {processor.py:840} INFO - DAG(s) 'example_branch_operator' retrieved from /home/airflow/.local/lib/python3.12/site-packages/airflow/example_dags/example_branch_operator.py
[2024-07-07T00:01:23.716+0000] {logging_mixin.py:188} INFO - [2024-07-07T00:01:23.715+0000] {dag.py:3096} INFO - Sync 1 DAGs
[2024-07-07T00:01:23.790+0000] {logging_mixin.py:188} INFO - [2024-07-07T00:01:23.789+0000] {dag.py:3954} INFO - Setting next_dagrun for example_branch_operator to 2024-07-06 00:00:00+00:00, run_after=2024-07-07 00:00:00+00:00
[2024-07-07T00:01:23.841+0000] {processor.py:183} INFO - Processing /home/airflow/.local/lib/python3.12/site-packages/airflow/example_dags/example_branch_operator.py took 0.334 seconds
[2024-07-07T00:01:54.160+0000] {processor.py:161} INFO - Started process (PID=2500) to work on /home/airflow/.local/lib/python3.12/site-packages/airflow/example_dags/example_branch_operator.py
[2024-07-07T00:01:54.164+0000] {processor.py:830} INFO - Processing file /home/airflow/.local/lib/python3.12/site-packages/airflow/example_dags/example_branch_operator.py for tasks to queue
[2024-07-07T00:01:54.172+0000] {logging_mixin.py:188} INFO - [2024-07-07T00:01:54.171+0000] {dagbag.py:545} INFO - Filling up the DagBag from /home/airflow/.local/lib/python3.12/site-packages/airflow/example_dags/example_branch_operator.py
[2024-07-07T00:01:54.221+0000] {processor.py:840} INFO - DAG(s) 'example_branch_operator' retrieved from /home/airflow/.local/lib/python3.12/site-packages/airflow/example_dags/example_branch_operator.py
[2024-07-07T00:01:54.307+0000] {logging_mixin.py:188} INFO - [2024-07-07T00:01:54.307+0000] {dag.py:3096} INFO - Sync 1 DAGs
[2024-07-07T00:01:54.363+0000] {logging_mixin.py:188} INFO - [2024-07-07T00:01:54.363+0000] {dag.py:3954} INFO - Setting next_dagrun for example_branch_operator to 2024-07-06 00:00:00+00:00, run_after=2024-07-07 00:00:00+00:00
[2024-07-07T00:01:54.418+0000] {processor.py:183} INFO - Processing /home/airflow/.local/lib/python3.12/site-packages/airflow/example_dags/example_branch_operator.py took 0.276 seconds
[2024-07-07T00:02:24.689+0000] {processor.py:161} INFO - Started process (PID=2560) to work on /home/airflow/.local/lib/python3.12/site-packages/airflow/example_dags/example_branch_operator.py
[2024-07-07T00:02:24.691+0000] {processor.py:830} INFO - Processing file /home/airflow/.local/lib/python3.12/site-packages/airflow/example_dags/example_branch_operator.py for tasks to queue
[2024-07-07T00:02:24.697+0000] {logging_mixin.py:188} INFO - [2024-07-07T00:02:24.696+0000] {dagbag.py:545} INFO - Filling up the DagBag from /home/airflow/.local/lib/python3.12/site-packages/airflow/example_dags/example_branch_operator.py
[2024-07-07T00:02:24.754+0000] {processor.py:840} INFO - DAG(s) 'example_branch_operator' retrieved from /home/airflow/.local/lib/python3.12/site-packages/airflow/example_dags/example_branch_operator.py
[2024-07-07T00:02:24.837+0000] {logging_mixin.py:188} INFO - [2024-07-07T00:02:24.837+0000] {dag.py:3096} INFO - Sync 1 DAGs
[2024-07-07T00:02:24.899+0000] {logging_mixin.py:188} INFO - [2024-07-07T00:02:24.899+0000] {dag.py:3954} INFO - Setting next_dagrun for example_branch_operator to 2024-07-06 00:00:00+00:00, run_after=2024-07-07 00:00:00+00:00
[2024-07-07T00:02:24.969+0000] {processor.py:183} INFO - Processing /home/airflow/.local/lib/python3.12/site-packages/airflow/example_dags/example_branch_operator.py took 0.297 seconds
[2024-07-07T00:02:55.780+0000] {processor.py:161} INFO - Started process (PID=2620) to work on /home/airflow/.local/lib/python3.12/site-packages/airflow/example_dags/example_branch_operator.py
[2024-07-07T00:02:55.784+0000] {processor.py:830} INFO - Processing file /home/airflow/.local/lib/python3.12/site-packages/airflow/example_dags/example_branch_operator.py for tasks to queue
[2024-07-07T00:02:55.791+0000] {logging_mixin.py:188} INFO - [2024-07-07T00:02:55.789+0000] {dagbag.py:545} INFO - Filling up the DagBag from /home/airflow/.local/lib/python3.12/site-packages/airflow/example_dags/example_branch_operator.py
[2024-07-07T00:02:55.862+0000] {processor.py:840} INFO - DAG(s) 'example_branch_operator' retrieved from /home/airflow/.local/lib/python3.12/site-packages/airflow/example_dags/example_branch_operator.py
[2024-07-07T00:02:55.974+0000] {logging_mixin.py:188} INFO - [2024-07-07T00:02:55.974+0000] {dag.py:3096} INFO - Sync 1 DAGs
[2024-07-07T00:02:56.068+0000] {logging_mixin.py:188} INFO - [2024-07-07T00:02:56.067+0000] {dag.py:3954} INFO - Setting next_dagrun for example_branch_operator to 2024-07-06 00:00:00+00:00, run_after=2024-07-07 00:00:00+00:00
[2024-07-07T00:02:56.167+0000] {processor.py:183} INFO - Processing /home/airflow/.local/lib/python3.12/site-packages/airflow/example_dags/example_branch_operator.py took 0.414 seconds
[2024-07-07T00:03:26.676+0000] {processor.py:161} INFO - Started process (PID=2681) to work on /home/airflow/.local/lib/python3.12/site-packages/airflow/example_dags/example_branch_operator.py
[2024-07-07T00:03:26.679+0000] {processor.py:830} INFO - Processing file /home/airflow/.local/lib/python3.12/site-packages/airflow/example_dags/example_branch_operator.py for tasks to queue
[2024-07-07T00:03:26.683+0000] {logging_mixin.py:188} INFO - [2024-07-07T00:03:26.682+0000] {dagbag.py:545} INFO - Filling up the DagBag from /home/airflow/.local/lib/python3.12/site-packages/airflow/example_dags/example_branch_operator.py
[2024-07-07T00:03:26.733+0000] {processor.py:840} INFO - DAG(s) 'example_branch_operator' retrieved from /home/airflow/.local/lib/python3.12/site-packages/airflow/example_dags/example_branch_operator.py
[2024-07-07T00:03:26.814+0000] {logging_mixin.py:188} INFO - [2024-07-07T00:03:26.813+0000] {dag.py:3096} INFO - Sync 1 DAGs
[2024-07-07T00:03:26.856+0000] {logging_mixin.py:188} INFO - [2024-07-07T00:03:26.856+0000] {dag.py:3954} INFO - Setting next_dagrun for example_branch_operator to 2024-07-06 00:00:00+00:00, run_after=2024-07-07 00:00:00+00:00
[2024-07-07T00:03:26.889+0000] {processor.py:183} INFO - Processing /home/airflow/.local/lib/python3.12/site-packages/airflow/example_dags/example_branch_operator.py took 0.227 seconds
[2024-07-07T07:39:26.860+0000] {processor.py:161} INFO - Started process (PID=2778) to work on /home/airflow/.local/lib/python3.12/site-packages/airflow/example_dags/example_branch_operator.py
[2024-07-07T07:39:26.868+0000] {processor.py:830} INFO - Processing file /home/airflow/.local/lib/python3.12/site-packages/airflow/example_dags/example_branch_operator.py for tasks to queue
[2024-07-07T07:39:26.881+0000] {logging_mixin.py:188} INFO - [2024-07-07T07:39:26.881+0000] {dagbag.py:545} INFO - Filling up the DagBag from /home/airflow/.local/lib/python3.12/site-packages/airflow/example_dags/example_branch_operator.py
[2024-07-07T07:39:27.022+0000] {processor.py:840} INFO - DAG(s) 'example_branch_operator' retrieved from /home/airflow/.local/lib/python3.12/site-packages/airflow/example_dags/example_branch_operator.py
[2024-07-07T07:39:27.361+0000] {logging_mixin.py:188} INFO - [2024-07-07T07:39:27.361+0000] {dag.py:3096} INFO - Sync 1 DAGs
[2024-07-07T07:39:27.553+0000] {logging_mixin.py:188} INFO - [2024-07-07T07:39:27.552+0000] {dag.py:3954} INFO - Setting next_dagrun for example_branch_operator to 2024-07-06 00:00:00+00:00, run_after=2024-07-07 00:00:00+00:00
[2024-07-07T07:39:27.698+0000] {processor.py:183} INFO - Processing /home/airflow/.local/lib/python3.12/site-packages/airflow/example_dags/example_branch_operator.py took 0.866 seconds
[2024-07-07T07:39:57.941+0000] {processor.py:161} INFO - Started process (PID=2838) to work on /home/airflow/.local/lib/python3.12/site-packages/airflow/example_dags/example_branch_operator.py
[2024-07-07T07:39:57.943+0000] {processor.py:830} INFO - Processing file /home/airflow/.local/lib/python3.12/site-packages/airflow/example_dags/example_branch_operator.py for tasks to queue
[2024-07-07T07:39:57.944+0000] {logging_mixin.py:188} INFO - [2024-07-07T07:39:57.944+0000] {dagbag.py:545} INFO - Filling up the DagBag from /home/airflow/.local/lib/python3.12/site-packages/airflow/example_dags/example_branch_operator.py
[2024-07-07T07:39:57.972+0000] {processor.py:840} INFO - DAG(s) 'example_branch_operator' retrieved from /home/airflow/.local/lib/python3.12/site-packages/airflow/example_dags/example_branch_operator.py
[2024-07-07T07:39:58.017+0000] {logging_mixin.py:188} INFO - [2024-07-07T07:39:58.016+0000] {dag.py:3096} INFO - Sync 1 DAGs
[2024-07-07T07:39:58.050+0000] {logging_mixin.py:188} INFO - [2024-07-07T07:39:58.050+0000] {dag.py:3954} INFO - Setting next_dagrun for example_branch_operator to 2024-07-06 00:00:00+00:00, run_after=2024-07-07 00:00:00+00:00
[2024-07-07T07:39:58.077+0000] {processor.py:183} INFO - Processing /home/airflow/.local/lib/python3.12/site-packages/airflow/example_dags/example_branch_operator.py took 0.146 seconds
[2024-07-07T07:40:28.200+0000] {processor.py:161} INFO - Started process (PID=2898) to work on /home/airflow/.local/lib/python3.12/site-packages/airflow/example_dags/example_branch_operator.py
[2024-07-07T07:40:28.201+0000] {processor.py:830} INFO - Processing file /home/airflow/.local/lib/python3.12/site-packages/airflow/example_dags/example_branch_operator.py for tasks to queue
[2024-07-07T07:40:28.203+0000] {logging_mixin.py:188} INFO - [2024-07-07T07:40:28.203+0000] {dagbag.py:545} INFO - Filling up the DagBag from /home/airflow/.local/lib/python3.12/site-packages/airflow/example_dags/example_branch_operator.py
[2024-07-07T07:40:28.228+0000] {processor.py:840} INFO - DAG(s) 'example_branch_operator' retrieved from /home/airflow/.local/lib/python3.12/site-packages/airflow/example_dags/example_branch_operator.py
[2024-07-07T07:40:28.274+0000] {logging_mixin.py:188} INFO - [2024-07-07T07:40:28.273+0000] {dag.py:3096} INFO - Sync 1 DAGs
[2024-07-07T07:40:28.306+0000] {logging_mixin.py:188} INFO - [2024-07-07T07:40:28.305+0000] {dag.py:3954} INFO - Setting next_dagrun for example_branch_operator to 2024-07-06 00:00:00+00:00, run_after=2024-07-07 00:00:00+00:00
[2024-07-07T07:40:28.329+0000] {processor.py:183} INFO - Processing /home/airflow/.local/lib/python3.12/site-packages/airflow/example_dags/example_branch_operator.py took 0.137 seconds
[2024-07-07T07:40:59.174+0000] {processor.py:161} INFO - Started process (PID=2958) to work on /home/airflow/.local/lib/python3.12/site-packages/airflow/example_dags/example_branch_operator.py
[2024-07-07T07:40:59.176+0000] {processor.py:830} INFO - Processing file /home/airflow/.local/lib/python3.12/site-packages/airflow/example_dags/example_branch_operator.py for tasks to queue
[2024-07-07T07:40:59.179+0000] {logging_mixin.py:188} INFO - [2024-07-07T07:40:59.178+0000] {dagbag.py:545} INFO - Filling up the DagBag from /home/airflow/.local/lib/python3.12/site-packages/airflow/example_dags/example_branch_operator.py
[2024-07-07T07:40:59.211+0000] {processor.py:840} INFO - DAG(s) 'example_branch_operator' retrieved from /home/airflow/.local/lib/python3.12/site-packages/airflow/example_dags/example_branch_operator.py
[2024-07-07T07:40:59.279+0000] {logging_mixin.py:188} INFO - [2024-07-07T07:40:59.279+0000] {dag.py:3096} INFO - Sync 1 DAGs
[2024-07-07T07:40:59.323+0000] {logging_mixin.py:188} INFO - [2024-07-07T07:40:59.322+0000] {dag.py:3954} INFO - Setting next_dagrun for example_branch_operator to 2024-07-06 00:00:00+00:00, run_after=2024-07-07 00:00:00+00:00
[2024-07-07T07:40:59.362+0000] {processor.py:183} INFO - Processing /home/airflow/.local/lib/python3.12/site-packages/airflow/example_dags/example_branch_operator.py took 0.198 seconds
[2024-07-07T07:41:30.261+0000] {processor.py:161} INFO - Started process (PID=3018) to work on /home/airflow/.local/lib/python3.12/site-packages/airflow/example_dags/example_branch_operator.py
[2024-07-07T07:41:30.264+0000] {processor.py:830} INFO - Processing file /home/airflow/.local/lib/python3.12/site-packages/airflow/example_dags/example_branch_operator.py for tasks to queue
[2024-07-07T07:41:30.269+0000] {logging_mixin.py:188} INFO - [2024-07-07T07:41:30.267+0000] {dagbag.py:545} INFO - Filling up the DagBag from /home/airflow/.local/lib/python3.12/site-packages/airflow/example_dags/example_branch_operator.py
[2024-07-07T07:41:30.331+0000] {processor.py:840} INFO - DAG(s) 'example_branch_operator' retrieved from /home/airflow/.local/lib/python3.12/site-packages/airflow/example_dags/example_branch_operator.py
[2024-07-07T07:41:30.430+0000] {logging_mixin.py:188} INFO - [2024-07-07T07:41:30.429+0000] {dag.py:3096} INFO - Sync 1 DAGs
[2024-07-07T07:41:30.485+0000] {logging_mixin.py:188} INFO - [2024-07-07T07:41:30.484+0000] {dag.py:3954} INFO - Setting next_dagrun for example_branch_operator to 2024-07-06 00:00:00+00:00, run_after=2024-07-07 00:00:00+00:00
[2024-07-07T07:41:30.530+0000] {processor.py:183} INFO - Processing /home/airflow/.local/lib/python3.12/site-packages/airflow/example_dags/example_branch_operator.py took 0.292 seconds
[2024-07-07T07:42:01.931+0000] {processor.py:161} INFO - Started process (PID=3078) to work on /home/airflow/.local/lib/python3.12/site-packages/airflow/example_dags/example_branch_operator.py
[2024-07-07T07:42:01.934+0000] {processor.py:830} INFO - Processing file /home/airflow/.local/lib/python3.12/site-packages/airflow/example_dags/example_branch_operator.py for tasks to queue
[2024-07-07T07:42:01.937+0000] {logging_mixin.py:188} INFO - [2024-07-07T07:42:01.936+0000] {dagbag.py:545} INFO - Filling up the DagBag from /home/airflow/.local/lib/python3.12/site-packages/airflow/example_dags/example_branch_operator.py
[2024-07-07T07:42:01.982+0000] {processor.py:840} INFO - DAG(s) 'example_branch_operator' retrieved from /home/airflow/.local/lib/python3.12/site-packages/airflow/example_dags/example_branch_operator.py
[2024-07-07T07:42:02.048+0000] {logging_mixin.py:188} INFO - [2024-07-07T07:42:02.047+0000] {dag.py:3096} INFO - Sync 1 DAGs
[2024-07-07T07:42:02.101+0000] {logging_mixin.py:188} INFO - [2024-07-07T07:42:02.100+0000] {dag.py:3954} INFO - Setting next_dagrun for example_branch_operator to 2024-07-06 00:00:00+00:00, run_after=2024-07-07 00:00:00+00:00
[2024-07-07T07:42:02.141+0000] {processor.py:183} INFO - Processing /home/airflow/.local/lib/python3.12/site-packages/airflow/example_dags/example_branch_operator.py took 0.226 seconds
[2024-07-07T07:42:34.144+0000] {processor.py:161} INFO - Started process (PID=3138) to work on /home/airflow/.local/lib/python3.12/site-packages/airflow/example_dags/example_branch_operator.py
[2024-07-07T07:42:34.147+0000] {processor.py:830} INFO - Processing file /home/airflow/.local/lib/python3.12/site-packages/airflow/example_dags/example_branch_operator.py for tasks to queue
[2024-07-07T07:42:34.150+0000] {logging_mixin.py:188} INFO - [2024-07-07T07:42:34.149+0000] {dagbag.py:545} INFO - Filling up the DagBag from /home/airflow/.local/lib/python3.12/site-packages/airflow/example_dags/example_branch_operator.py
[2024-07-07T07:42:34.207+0000] {processor.py:840} INFO - DAG(s) 'example_branch_operator' retrieved from /home/airflow/.local/lib/python3.12/site-packages/airflow/example_dags/example_branch_operator.py
[2024-07-07T07:42:34.295+0000] {logging_mixin.py:188} INFO - [2024-07-07T07:42:34.295+0000] {dag.py:3096} INFO - Sync 1 DAGs
[2024-07-07T07:42:34.354+0000] {logging_mixin.py:188} INFO - [2024-07-07T07:42:34.353+0000] {dag.py:3954} INFO - Setting next_dagrun for example_branch_operator to 2024-07-06 00:00:00+00:00, run_after=2024-07-07 00:00:00+00:00
[2024-07-07T07:42:34.413+0000] {processor.py:183} INFO - Processing /home/airflow/.local/lib/python3.12/site-packages/airflow/example_dags/example_branch_operator.py took 0.285 seconds
[2024-07-07T07:43:04.505+0000] {processor.py:161} INFO - Started process (PID=3196) to work on /home/airflow/.local/lib/python3.12/site-packages/airflow/example_dags/example_branch_operator.py
[2024-07-07T07:43:04.507+0000] {processor.py:830} INFO - Processing file /home/airflow/.local/lib/python3.12/site-packages/airflow/example_dags/example_branch_operator.py for tasks to queue
[2024-07-07T07:43:04.510+0000] {logging_mixin.py:188} INFO - [2024-07-07T07:43:04.509+0000] {dagbag.py:545} INFO - Filling up the DagBag from /home/airflow/.local/lib/python3.12/site-packages/airflow/example_dags/example_branch_operator.py
[2024-07-07T07:43:04.565+0000] {processor.py:840} INFO - DAG(s) 'example_branch_operator' retrieved from /home/airflow/.local/lib/python3.12/site-packages/airflow/example_dags/example_branch_operator.py
[2024-07-07T07:43:04.677+0000] {logging_mixin.py:188} INFO - [2024-07-07T07:43:04.676+0000] {dag.py:3096} INFO - Sync 1 DAGs
[2024-07-07T07:43:04.792+0000] {logging_mixin.py:188} INFO - [2024-07-07T07:43:04.791+0000] {dag.py:3954} INFO - Setting next_dagrun for example_branch_operator to 2024-07-06 00:00:00+00:00, run_after=2024-07-07 00:00:00+00:00
[2024-07-07T07:43:04.941+0000] {processor.py:183} INFO - Processing /home/airflow/.local/lib/python3.12/site-packages/airflow/example_dags/example_branch_operator.py took 0.450 seconds
[2024-07-07T07:43:36.012+0000] {processor.py:161} INFO - Started process (PID=3256) to work on /home/airflow/.local/lib/python3.12/site-packages/airflow/example_dags/example_branch_operator.py
[2024-07-07T07:43:36.015+0000] {processor.py:830} INFO - Processing file /home/airflow/.local/lib/python3.12/site-packages/airflow/example_dags/example_branch_operator.py for tasks to queue
[2024-07-07T07:43:36.018+0000] {logging_mixin.py:188} INFO - [2024-07-07T07:43:36.017+0000] {dagbag.py:545} INFO - Filling up the DagBag from /home/airflow/.local/lib/python3.12/site-packages/airflow/example_dags/example_branch_operator.py
[2024-07-07T07:43:36.080+0000] {processor.py:840} INFO - DAG(s) 'example_branch_operator' retrieved from /home/airflow/.local/lib/python3.12/site-packages/airflow/example_dags/example_branch_operator.py
[2024-07-07T07:43:36.172+0000] {logging_mixin.py:188} INFO - [2024-07-07T07:43:36.171+0000] {dag.py:3096} INFO - Sync 1 DAGs
[2024-07-07T07:43:36.236+0000] {logging_mixin.py:188} INFO - [2024-07-07T07:43:36.234+0000] {dag.py:3954} INFO - Setting next_dagrun for example_branch_operator to 2024-07-06 00:00:00+00:00, run_after=2024-07-07 00:00:00+00:00
[2024-07-07T07:43:36.291+0000] {processor.py:183} INFO - Processing /home/airflow/.local/lib/python3.12/site-packages/airflow/example_dags/example_branch_operator.py took 0.301 seconds
[2024-07-07T07:44:06.570+0000] {processor.py:161} INFO - Started process (PID=3316) to work on /home/airflow/.local/lib/python3.12/site-packages/airflow/example_dags/example_branch_operator.py
[2024-07-07T07:44:06.573+0000] {processor.py:830} INFO - Processing file /home/airflow/.local/lib/python3.12/site-packages/airflow/example_dags/example_branch_operator.py for tasks to queue
[2024-07-07T07:44:06.576+0000] {logging_mixin.py:188} INFO - [2024-07-07T07:44:06.575+0000] {dagbag.py:545} INFO - Filling up the DagBag from /home/airflow/.local/lib/python3.12/site-packages/airflow/example_dags/example_branch_operator.py
[2024-07-07T07:44:06.645+0000] {processor.py:840} INFO - DAG(s) 'example_branch_operator' retrieved from /home/airflow/.local/lib/python3.12/site-packages/airflow/example_dags/example_branch_operator.py
[2024-07-07T07:44:06.761+0000] {logging_mixin.py:188} INFO - [2024-07-07T07:44:06.760+0000] {dag.py:3096} INFO - Sync 1 DAGs
[2024-07-07T07:44:06.878+0000] {logging_mixin.py:188} INFO - [2024-07-07T07:44:06.877+0000] {dag.py:3954} INFO - Setting next_dagrun for example_branch_operator to 2024-07-06 00:00:00+00:00, run_after=2024-07-07 00:00:00+00:00
[2024-07-07T07:44:06.941+0000] {processor.py:183} INFO - Processing /home/airflow/.local/lib/python3.12/site-packages/airflow/example_dags/example_branch_operator.py took 0.394 seconds
[2024-07-07T07:44:37.255+0000] {processor.py:161} INFO - Started process (PID=3376) to work on /home/airflow/.local/lib/python3.12/site-packages/airflow/example_dags/example_branch_operator.py
[2024-07-07T07:44:37.257+0000] {processor.py:830} INFO - Processing file /home/airflow/.local/lib/python3.12/site-packages/airflow/example_dags/example_branch_operator.py for tasks to queue
[2024-07-07T07:44:37.260+0000] {logging_mixin.py:188} INFO - [2024-07-07T07:44:37.259+0000] {dagbag.py:545} INFO - Filling up the DagBag from /home/airflow/.local/lib/python3.12/site-packages/airflow/example_dags/example_branch_operator.py
[2024-07-07T07:44:37.315+0000] {processor.py:840} INFO - DAG(s) 'example_branch_operator' retrieved from /home/airflow/.local/lib/python3.12/site-packages/airflow/example_dags/example_branch_operator.py
[2024-07-07T07:44:37.394+0000] {logging_mixin.py:188} INFO - [2024-07-07T07:44:37.393+0000] {dag.py:3096} INFO - Sync 1 DAGs
[2024-07-07T07:44:37.437+0000] {logging_mixin.py:188} INFO - [2024-07-07T07:44:37.437+0000] {dag.py:3954} INFO - Setting next_dagrun for example_branch_operator to 2024-07-06 00:00:00+00:00, run_after=2024-07-07 00:00:00+00:00
[2024-07-07T07:44:37.536+0000] {processor.py:183} INFO - Processing /home/airflow/.local/lib/python3.12/site-packages/airflow/example_dags/example_branch_operator.py took 0.299 seconds
[2024-07-07T07:45:07.691+0000] {processor.py:161} INFO - Started process (PID=3436) to work on /home/airflow/.local/lib/python3.12/site-packages/airflow/example_dags/example_branch_operator.py
[2024-07-07T07:45:07.695+0000] {processor.py:830} INFO - Processing file /home/airflow/.local/lib/python3.12/site-packages/airflow/example_dags/example_branch_operator.py for tasks to queue
[2024-07-07T07:45:07.700+0000] {logging_mixin.py:188} INFO - [2024-07-07T07:45:07.698+0000] {dagbag.py:545} INFO - Filling up the DagBag from /home/airflow/.local/lib/python3.12/site-packages/airflow/example_dags/example_branch_operator.py
[2024-07-07T07:45:07.803+0000] {processor.py:840} INFO - DAG(s) 'example_branch_operator' retrieved from /home/airflow/.local/lib/python3.12/site-packages/airflow/example_dags/example_branch_operator.py
[2024-07-07T07:45:07.981+0000] {logging_mixin.py:188} INFO - [2024-07-07T07:45:07.980+0000] {dag.py:3096} INFO - Sync 1 DAGs
[2024-07-07T07:45:08.039+0000] {logging_mixin.py:188} INFO - [2024-07-07T07:45:08.038+0000] {dag.py:3954} INFO - Setting next_dagrun for example_branch_operator to 2024-07-06 00:00:00+00:00, run_after=2024-07-07 00:00:00+00:00
[2024-07-07T07:45:08.079+0000] {processor.py:183} INFO - Processing /home/airflow/.local/lib/python3.12/site-packages/airflow/example_dags/example_branch_operator.py took 0.426 seconds
[2024-07-07T07:45:38.937+0000] {processor.py:161} INFO - Started process (PID=3495) to work on /home/airflow/.local/lib/python3.12/site-packages/airflow/example_dags/example_branch_operator.py
[2024-07-07T07:45:38.941+0000] {processor.py:830} INFO - Processing file /home/airflow/.local/lib/python3.12/site-packages/airflow/example_dags/example_branch_operator.py for tasks to queue
[2024-07-07T07:45:38.944+0000] {logging_mixin.py:188} INFO - [2024-07-07T07:45:38.943+0000] {dagbag.py:545} INFO - Filling up the DagBag from /home/airflow/.local/lib/python3.12/site-packages/airflow/example_dags/example_branch_operator.py
[2024-07-07T07:45:39.002+0000] {processor.py:840} INFO - DAG(s) 'example_branch_operator' retrieved from /home/airflow/.local/lib/python3.12/site-packages/airflow/example_dags/example_branch_operator.py
[2024-07-07T07:45:39.099+0000] {logging_mixin.py:188} INFO - [2024-07-07T07:45:39.099+0000] {dag.py:3096} INFO - Sync 1 DAGs
[2024-07-07T07:45:39.167+0000] {logging_mixin.py:188} INFO - [2024-07-07T07:45:39.167+0000] {dag.py:3954} INFO - Setting next_dagrun for example_branch_operator to 2024-07-06 00:00:00+00:00, run_after=2024-07-07 00:00:00+00:00
[2024-07-07T07:45:39.234+0000] {processor.py:183} INFO - Processing /home/airflow/.local/lib/python3.12/site-packages/airflow/example_dags/example_branch_operator.py took 0.318 seconds
[2024-07-07T07:46:09.838+0000] {processor.py:161} INFO - Started process (PID=3555) to work on /home/airflow/.local/lib/python3.12/site-packages/airflow/example_dags/example_branch_operator.py
[2024-07-07T07:46:09.840+0000] {processor.py:830} INFO - Processing file /home/airflow/.local/lib/python3.12/site-packages/airflow/example_dags/example_branch_operator.py for tasks to queue
[2024-07-07T07:46:09.842+0000] {logging_mixin.py:188} INFO - [2024-07-07T07:46:09.841+0000] {dagbag.py:545} INFO - Filling up the DagBag from /home/airflow/.local/lib/python3.12/site-packages/airflow/example_dags/example_branch_operator.py
[2024-07-07T07:46:09.876+0000] {processor.py:840} INFO - DAG(s) 'example_branch_operator' retrieved from /home/airflow/.local/lib/python3.12/site-packages/airflow/example_dags/example_branch_operator.py
[2024-07-07T07:46:09.955+0000] {logging_mixin.py:188} INFO - [2024-07-07T07:46:09.955+0000] {dag.py:3096} INFO - Sync 1 DAGs
[2024-07-07T07:46:10.006+0000] {logging_mixin.py:188} INFO - [2024-07-07T07:46:10.006+0000] {dag.py:3954} INFO - Setting next_dagrun for example_branch_operator to 2024-07-06 00:00:00+00:00, run_after=2024-07-07 00:00:00+00:00
[2024-07-07T07:46:10.045+0000] {processor.py:183} INFO - Processing /home/airflow/.local/lib/python3.12/site-packages/airflow/example_dags/example_branch_operator.py took 0.218 seconds
[2024-07-07T07:46:40.171+0000] {processor.py:161} INFO - Started process (PID=3616) to work on /home/airflow/.local/lib/python3.12/site-packages/airflow/example_dags/example_branch_operator.py
[2024-07-07T07:46:40.173+0000] {processor.py:830} INFO - Processing file /home/airflow/.local/lib/python3.12/site-packages/airflow/example_dags/example_branch_operator.py for tasks to queue
[2024-07-07T07:46:40.175+0000] {logging_mixin.py:188} INFO - [2024-07-07T07:46:40.174+0000] {dagbag.py:545} INFO - Filling up the DagBag from /home/airflow/.local/lib/python3.12/site-packages/airflow/example_dags/example_branch_operator.py
[2024-07-07T07:46:40.241+0000] {processor.py:840} INFO - DAG(s) 'example_branch_operator' retrieved from /home/airflow/.local/lib/python3.12/site-packages/airflow/example_dags/example_branch_operator.py
[2024-07-07T07:46:40.314+0000] {logging_mixin.py:188} INFO - [2024-07-07T07:46:40.314+0000] {dag.py:3096} INFO - Sync 1 DAGs
[2024-07-07T07:46:40.348+0000] {logging_mixin.py:188} INFO - [2024-07-07T07:46:40.348+0000] {dag.py:3954} INFO - Setting next_dagrun for example_branch_operator to 2024-07-06 00:00:00+00:00, run_after=2024-07-07 00:00:00+00:00
[2024-07-07T07:46:40.386+0000] {processor.py:183} INFO - Processing /home/airflow/.local/lib/python3.12/site-packages/airflow/example_dags/example_branch_operator.py took 0.226 seconds
[2024-07-07T07:47:11.282+0000] {processor.py:161} INFO - Started process (PID=3677) to work on /home/airflow/.local/lib/python3.12/site-packages/airflow/example_dags/example_branch_operator.py
[2024-07-07T07:47:11.284+0000] {processor.py:830} INFO - Processing file /home/airflow/.local/lib/python3.12/site-packages/airflow/example_dags/example_branch_operator.py for tasks to queue
[2024-07-07T07:47:11.286+0000] {logging_mixin.py:188} INFO - [2024-07-07T07:47:11.285+0000] {dagbag.py:545} INFO - Filling up the DagBag from /home/airflow/.local/lib/python3.12/site-packages/airflow/example_dags/example_branch_operator.py
[2024-07-07T07:47:11.315+0000] {processor.py:840} INFO - DAG(s) 'example_branch_operator' retrieved from /home/airflow/.local/lib/python3.12/site-packages/airflow/example_dags/example_branch_operator.py
[2024-07-07T07:47:11.369+0000] {logging_mixin.py:188} INFO - [2024-07-07T07:47:11.368+0000] {dag.py:3096} INFO - Sync 1 DAGs
[2024-07-07T07:47:11.405+0000] {logging_mixin.py:188} INFO - [2024-07-07T07:47:11.405+0000] {dag.py:3954} INFO - Setting next_dagrun for example_branch_operator to 2024-07-06 00:00:00+00:00, run_after=2024-07-07 00:00:00+00:00
[2024-07-07T07:47:11.443+0000] {processor.py:183} INFO - Processing /home/airflow/.local/lib/python3.12/site-packages/airflow/example_dags/example_branch_operator.py took 0.172 seconds
[2024-07-07T07:47:42.065+0000] {processor.py:161} INFO - Started process (PID=3736) to work on /home/airflow/.local/lib/python3.12/site-packages/airflow/example_dags/example_branch_operator.py
[2024-07-07T07:47:42.071+0000] {processor.py:830} INFO - Processing file /home/airflow/.local/lib/python3.12/site-packages/airflow/example_dags/example_branch_operator.py for tasks to queue
[2024-07-07T07:47:42.077+0000] {logging_mixin.py:188} INFO - [2024-07-07T07:47:42.075+0000] {dagbag.py:545} INFO - Filling up the DagBag from /home/airflow/.local/lib/python3.12/site-packages/airflow/example_dags/example_branch_operator.py
[2024-07-07T07:47:42.207+0000] {processor.py:840} INFO - DAG(s) 'example_branch_operator' retrieved from /home/airflow/.local/lib/python3.12/site-packages/airflow/example_dags/example_branch_operator.py
[2024-07-07T07:47:42.271+0000] {logging_mixin.py:188} INFO - [2024-07-07T07:47:42.271+0000] {dag.py:3096} INFO - Sync 1 DAGs
[2024-07-07T07:47:42.309+0000] {logging_mixin.py:188} INFO - [2024-07-07T07:47:42.309+0000] {dag.py:3954} INFO - Setting next_dagrun for example_branch_operator to 2024-07-06 00:00:00+00:00, run_after=2024-07-07 00:00:00+00:00
[2024-07-07T07:47:42.341+0000] {processor.py:183} INFO - Processing /home/airflow/.local/lib/python3.12/site-packages/airflow/example_dags/example_branch_operator.py took 0.317 seconds
[2024-07-07T07:48:12.801+0000] {processor.py:161} INFO - Started process (PID=3796) to work on /home/airflow/.local/lib/python3.12/site-packages/airflow/example_dags/example_branch_operator.py
[2024-07-07T07:48:12.806+0000] {processor.py:830} INFO - Processing file /home/airflow/.local/lib/python3.12/site-packages/airflow/example_dags/example_branch_operator.py for tasks to queue
[2024-07-07T07:48:12.811+0000] {logging_mixin.py:188} INFO - [2024-07-07T07:48:12.810+0000] {dagbag.py:545} INFO - Filling up the DagBag from /home/airflow/.local/lib/python3.12/site-packages/airflow/example_dags/example_branch_operator.py
[2024-07-07T07:48:12.872+0000] {processor.py:840} INFO - DAG(s) 'example_branch_operator' retrieved from /home/airflow/.local/lib/python3.12/site-packages/airflow/example_dags/example_branch_operator.py
[2024-07-07T07:48:12.929+0000] {logging_mixin.py:188} INFO - [2024-07-07T07:48:12.929+0000] {dag.py:3096} INFO - Sync 1 DAGs
[2024-07-07T07:48:12.968+0000] {logging_mixin.py:188} INFO - [2024-07-07T07:48:12.968+0000] {dag.py:3954} INFO - Setting next_dagrun for example_branch_operator to 2024-07-06 00:00:00+00:00, run_after=2024-07-07 00:00:00+00:00
[2024-07-07T07:48:13.003+0000] {processor.py:183} INFO - Processing /home/airflow/.local/lib/python3.12/site-packages/airflow/example_dags/example_branch_operator.py took 0.241 seconds
[2024-07-07T07:48:43.164+0000] {processor.py:161} INFO - Started process (PID=3856) to work on /home/airflow/.local/lib/python3.12/site-packages/airflow/example_dags/example_branch_operator.py
[2024-07-07T07:48:43.167+0000] {processor.py:830} INFO - Processing file /home/airflow/.local/lib/python3.12/site-packages/airflow/example_dags/example_branch_operator.py for tasks to queue
[2024-07-07T07:48:43.170+0000] {logging_mixin.py:188} INFO - [2024-07-07T07:48:43.169+0000] {dagbag.py:545} INFO - Filling up the DagBag from /home/airflow/.local/lib/python3.12/site-packages/airflow/example_dags/example_branch_operator.py
[2024-07-07T07:48:43.224+0000] {processor.py:840} INFO - DAG(s) 'example_branch_operator' retrieved from /home/airflow/.local/lib/python3.12/site-packages/airflow/example_dags/example_branch_operator.py
[2024-07-07T07:48:43.311+0000] {logging_mixin.py:188} INFO - [2024-07-07T07:48:43.310+0000] {dag.py:3096} INFO - Sync 1 DAGs
[2024-07-07T07:48:43.351+0000] {logging_mixin.py:188} INFO - [2024-07-07T07:48:43.350+0000] {dag.py:3954} INFO - Setting next_dagrun for example_branch_operator to 2024-07-06 00:00:00+00:00, run_after=2024-07-07 00:00:00+00:00
[2024-07-07T07:48:43.388+0000] {processor.py:183} INFO - Processing /home/airflow/.local/lib/python3.12/site-packages/airflow/example_dags/example_branch_operator.py took 0.241 seconds
[2024-07-07T07:49:13.793+0000] {processor.py:161} INFO - Started process (PID=3916) to work on /home/airflow/.local/lib/python3.12/site-packages/airflow/example_dags/example_branch_operator.py
[2024-07-07T07:49:13.795+0000] {processor.py:830} INFO - Processing file /home/airflow/.local/lib/python3.12/site-packages/airflow/example_dags/example_branch_operator.py for tasks to queue
[2024-07-07T07:49:13.798+0000] {logging_mixin.py:188} INFO - [2024-07-07T07:49:13.797+0000] {dagbag.py:545} INFO - Filling up the DagBag from /home/airflow/.local/lib/python3.12/site-packages/airflow/example_dags/example_branch_operator.py
[2024-07-07T07:49:13.844+0000] {processor.py:840} INFO - DAG(s) 'example_branch_operator' retrieved from /home/airflow/.local/lib/python3.12/site-packages/airflow/example_dags/example_branch_operator.py
[2024-07-07T07:49:13.950+0000] {logging_mixin.py:188} INFO - [2024-07-07T07:49:13.949+0000] {dag.py:3096} INFO - Sync 1 DAGs
[2024-07-07T07:49:14.038+0000] {logging_mixin.py:188} INFO - [2024-07-07T07:49:14.037+0000] {dag.py:3954} INFO - Setting next_dagrun for example_branch_operator to 2024-07-06 00:00:00+00:00, run_after=2024-07-07 00:00:00+00:00
[2024-07-07T07:49:14.100+0000] {processor.py:183} INFO - Processing /home/airflow/.local/lib/python3.12/site-packages/airflow/example_dags/example_branch_operator.py took 0.324 seconds
[2024-07-07T07:49:44.795+0000] {processor.py:161} INFO - Started process (PID=3976) to work on /home/airflow/.local/lib/python3.12/site-packages/airflow/example_dags/example_branch_operator.py
[2024-07-07T07:49:44.800+0000] {processor.py:830} INFO - Processing file /home/airflow/.local/lib/python3.12/site-packages/airflow/example_dags/example_branch_operator.py for tasks to queue
[2024-07-07T07:49:44.808+0000] {logging_mixin.py:188} INFO - [2024-07-07T07:49:44.805+0000] {dagbag.py:545} INFO - Filling up the DagBag from /home/airflow/.local/lib/python3.12/site-packages/airflow/example_dags/example_branch_operator.py
[2024-07-07T07:49:44.897+0000] {processor.py:840} INFO - DAG(s) 'example_branch_operator' retrieved from /home/airflow/.local/lib/python3.12/site-packages/airflow/example_dags/example_branch_operator.py
[2024-07-07T07:49:44.974+0000] {logging_mixin.py:188} INFO - [2024-07-07T07:49:44.973+0000] {dag.py:3096} INFO - Sync 1 DAGs
[2024-07-07T07:49:45.022+0000] {logging_mixin.py:188} INFO - [2024-07-07T07:49:45.022+0000] {dag.py:3954} INFO - Setting next_dagrun for example_branch_operator to 2024-07-06 00:00:00+00:00, run_after=2024-07-07 00:00:00+00:00
[2024-07-07T07:49:45.058+0000] {processor.py:183} INFO - Processing /home/airflow/.local/lib/python3.12/site-packages/airflow/example_dags/example_branch_operator.py took 0.299 seconds
[2024-07-07T07:50:15.705+0000] {processor.py:161} INFO - Started process (PID=4036) to work on /home/airflow/.local/lib/python3.12/site-packages/airflow/example_dags/example_branch_operator.py
[2024-07-07T07:50:15.711+0000] {processor.py:830} INFO - Processing file /home/airflow/.local/lib/python3.12/site-packages/airflow/example_dags/example_branch_operator.py for tasks to queue
[2024-07-07T07:50:15.716+0000] {logging_mixin.py:188} INFO - [2024-07-07T07:50:15.714+0000] {dagbag.py:545} INFO - Filling up the DagBag from /home/airflow/.local/lib/python3.12/site-packages/airflow/example_dags/example_branch_operator.py
[2024-07-07T07:50:15.815+0000] {processor.py:840} INFO - DAG(s) 'example_branch_operator' retrieved from /home/airflow/.local/lib/python3.12/site-packages/airflow/example_dags/example_branch_operator.py
[2024-07-07T07:50:15.964+0000] {logging_mixin.py:188} INFO - [2024-07-07T07:50:15.963+0000] {dag.py:3096} INFO - Sync 1 DAGs
[2024-07-07T07:50:16.124+0000] {logging_mixin.py:188} INFO - [2024-07-07T07:50:16.123+0000] {dag.py:3954} INFO - Setting next_dagrun for example_branch_operator to 2024-07-06 00:00:00+00:00, run_after=2024-07-07 00:00:00+00:00
[2024-07-07T07:50:16.157+0000] {processor.py:183} INFO - Processing /home/airflow/.local/lib/python3.12/site-packages/airflow/example_dags/example_branch_operator.py took 0.490 seconds
[2024-07-07T07:50:46.872+0000] {processor.py:161} INFO - Started process (PID=4096) to work on /home/airflow/.local/lib/python3.12/site-packages/airflow/example_dags/example_branch_operator.py
[2024-07-07T07:50:46.874+0000] {processor.py:830} INFO - Processing file /home/airflow/.local/lib/python3.12/site-packages/airflow/example_dags/example_branch_operator.py for tasks to queue
[2024-07-07T07:50:46.876+0000] {logging_mixin.py:188} INFO - [2024-07-07T07:50:46.875+0000] {dagbag.py:545} INFO - Filling up the DagBag from /home/airflow/.local/lib/python3.12/site-packages/airflow/example_dags/example_branch_operator.py
[2024-07-07T07:50:46.909+0000] {processor.py:840} INFO - DAG(s) 'example_branch_operator' retrieved from /home/airflow/.local/lib/python3.12/site-packages/airflow/example_dags/example_branch_operator.py
[2024-07-07T07:50:46.959+0000] {logging_mixin.py:188} INFO - [2024-07-07T07:50:46.958+0000] {dag.py:3096} INFO - Sync 1 DAGs
[2024-07-07T07:50:46.994+0000] {logging_mixin.py:188} INFO - [2024-07-07T07:50:46.993+0000] {dag.py:3954} INFO - Setting next_dagrun for example_branch_operator to 2024-07-06 00:00:00+00:00, run_after=2024-07-07 00:00:00+00:00
[2024-07-07T07:50:47.026+0000] {processor.py:183} INFO - Processing /home/airflow/.local/lib/python3.12/site-packages/airflow/example_dags/example_branch_operator.py took 0.164 seconds
[2024-07-07T07:51:17.172+0000] {processor.py:161} INFO - Started process (PID=4155) to work on /home/airflow/.local/lib/python3.12/site-packages/airflow/example_dags/example_branch_operator.py
[2024-07-07T07:51:17.174+0000] {processor.py:830} INFO - Processing file /home/airflow/.local/lib/python3.12/site-packages/airflow/example_dags/example_branch_operator.py for tasks to queue
[2024-07-07T07:51:17.183+0000] {logging_mixin.py:188} INFO - [2024-07-07T07:51:17.183+0000] {dagbag.py:545} INFO - Filling up the DagBag from /home/airflow/.local/lib/python3.12/site-packages/airflow/example_dags/example_branch_operator.py
[2024-07-07T07:51:17.206+0000] {processor.py:840} INFO - DAG(s) 'example_branch_operator' retrieved from /home/airflow/.local/lib/python3.12/site-packages/airflow/example_dags/example_branch_operator.py
[2024-07-07T07:51:17.263+0000] {logging_mixin.py:188} INFO - [2024-07-07T07:51:17.262+0000] {dag.py:3096} INFO - Sync 1 DAGs
[2024-07-07T07:51:17.293+0000] {logging_mixin.py:188} INFO - [2024-07-07T07:51:17.293+0000] {dag.py:3954} INFO - Setting next_dagrun for example_branch_operator to 2024-07-06 00:00:00+00:00, run_after=2024-07-07 00:00:00+00:00
[2024-07-07T07:51:17.326+0000] {processor.py:183} INFO - Processing /home/airflow/.local/lib/python3.12/site-packages/airflow/example_dags/example_branch_operator.py took 0.165 seconds
[2024-07-07T07:51:47.853+0000] {processor.py:161} INFO - Started process (PID=4214) to work on /home/airflow/.local/lib/python3.12/site-packages/airflow/example_dags/example_branch_operator.py
[2024-07-07T07:51:47.855+0000] {processor.py:830} INFO - Processing file /home/airflow/.local/lib/python3.12/site-packages/airflow/example_dags/example_branch_operator.py for tasks to queue
[2024-07-07T07:51:47.857+0000] {logging_mixin.py:188} INFO - [2024-07-07T07:51:47.856+0000] {dagbag.py:545} INFO - Filling up the DagBag from /home/airflow/.local/lib/python3.12/site-packages/airflow/example_dags/example_branch_operator.py
[2024-07-07T07:51:47.881+0000] {processor.py:840} INFO - DAG(s) 'example_branch_operator' retrieved from /home/airflow/.local/lib/python3.12/site-packages/airflow/example_dags/example_branch_operator.py
[2024-07-07T07:51:47.924+0000] {logging_mixin.py:188} INFO - [2024-07-07T07:51:47.924+0000] {dag.py:3096} INFO - Sync 1 DAGs
[2024-07-07T07:51:47.956+0000] {logging_mixin.py:188} INFO - [2024-07-07T07:51:47.955+0000] {dag.py:3954} INFO - Setting next_dagrun for example_branch_operator to 2024-07-06 00:00:00+00:00, run_after=2024-07-07 00:00:00+00:00
[2024-07-07T07:51:47.982+0000] {processor.py:183} INFO - Processing /home/airflow/.local/lib/python3.12/site-packages/airflow/example_dags/example_branch_operator.py took 0.137 seconds
[2024-07-07T07:52:18.122+0000] {processor.py:161} INFO - Started process (PID=4274) to work on /home/airflow/.local/lib/python3.12/site-packages/airflow/example_dags/example_branch_operator.py
[2024-07-07T07:52:18.124+0000] {processor.py:830} INFO - Processing file /home/airflow/.local/lib/python3.12/site-packages/airflow/example_dags/example_branch_operator.py for tasks to queue
[2024-07-07T07:52:18.125+0000] {logging_mixin.py:188} INFO - [2024-07-07T07:52:18.125+0000] {dagbag.py:545} INFO - Filling up the DagBag from /home/airflow/.local/lib/python3.12/site-packages/airflow/example_dags/example_branch_operator.py
[2024-07-07T07:52:18.150+0000] {processor.py:840} INFO - DAG(s) 'example_branch_operator' retrieved from /home/airflow/.local/lib/python3.12/site-packages/airflow/example_dags/example_branch_operator.py
[2024-07-07T07:52:18.194+0000] {logging_mixin.py:188} INFO - [2024-07-07T07:52:18.193+0000] {dag.py:3096} INFO - Sync 1 DAGs
[2024-07-07T07:52:18.222+0000] {logging_mixin.py:188} INFO - [2024-07-07T07:52:18.222+0000] {dag.py:3954} INFO - Setting next_dagrun for example_branch_operator to 2024-07-06 00:00:00+00:00, run_after=2024-07-07 00:00:00+00:00
[2024-07-07T07:52:18.247+0000] {processor.py:183} INFO - Processing /home/airflow/.local/lib/python3.12/site-packages/airflow/example_dags/example_branch_operator.py took 0.135 seconds
[2024-07-07T07:52:49.110+0000] {processor.py:161} INFO - Started process (PID=4335) to work on /home/airflow/.local/lib/python3.12/site-packages/airflow/example_dags/example_branch_operator.py
[2024-07-07T07:52:49.112+0000] {processor.py:830} INFO - Processing file /home/airflow/.local/lib/python3.12/site-packages/airflow/example_dags/example_branch_operator.py for tasks to queue
[2024-07-07T07:52:49.114+0000] {logging_mixin.py:188} INFO - [2024-07-07T07:52:49.113+0000] {dagbag.py:545} INFO - Filling up the DagBag from /home/airflow/.local/lib/python3.12/site-packages/airflow/example_dags/example_branch_operator.py
[2024-07-07T07:52:49.139+0000] {processor.py:840} INFO - DAG(s) 'example_branch_operator' retrieved from /home/airflow/.local/lib/python3.12/site-packages/airflow/example_dags/example_branch_operator.py
[2024-07-07T07:52:49.184+0000] {logging_mixin.py:188} INFO - [2024-07-07T07:52:49.183+0000] {dag.py:3096} INFO - Sync 1 DAGs
[2024-07-07T07:52:49.215+0000] {logging_mixin.py:188} INFO - [2024-07-07T07:52:49.214+0000] {dag.py:3954} INFO - Setting next_dagrun for example_branch_operator to 2024-07-06 00:00:00+00:00, run_after=2024-07-07 00:00:00+00:00
[2024-07-07T07:52:49.242+0000] {processor.py:183} INFO - Processing /home/airflow/.local/lib/python3.12/site-packages/airflow/example_dags/example_branch_operator.py took 0.142 seconds
[2024-07-07T07:53:19.584+0000] {processor.py:161} INFO - Started process (PID=4395) to work on /home/airflow/.local/lib/python3.12/site-packages/airflow/example_dags/example_branch_operator.py
[2024-07-07T07:53:19.587+0000] {processor.py:830} INFO - Processing file /home/airflow/.local/lib/python3.12/site-packages/airflow/example_dags/example_branch_operator.py for tasks to queue
[2024-07-07T07:53:19.589+0000] {logging_mixin.py:188} INFO - [2024-07-07T07:53:19.589+0000] {dagbag.py:545} INFO - Filling up the DagBag from /home/airflow/.local/lib/python3.12/site-packages/airflow/example_dags/example_branch_operator.py
[2024-07-07T07:53:19.616+0000] {processor.py:840} INFO - DAG(s) 'example_branch_operator' retrieved from /home/airflow/.local/lib/python3.12/site-packages/airflow/example_dags/example_branch_operator.py
[2024-07-07T07:53:19.658+0000] {logging_mixin.py:188} INFO - [2024-07-07T07:53:19.658+0000] {dag.py:3096} INFO - Sync 1 DAGs
[2024-07-07T07:53:19.688+0000] {logging_mixin.py:188} INFO - [2024-07-07T07:53:19.687+0000] {dag.py:3954} INFO - Setting next_dagrun for example_branch_operator to 2024-07-06 00:00:00+00:00, run_after=2024-07-07 00:00:00+00:00
[2024-07-07T07:53:19.715+0000] {processor.py:183} INFO - Processing /home/airflow/.local/lib/python3.12/site-packages/airflow/example_dags/example_branch_operator.py took 0.147 seconds
[2024-07-07T07:53:50.310+0000] {processor.py:161} INFO - Started process (PID=4453) to work on /home/airflow/.local/lib/python3.12/site-packages/airflow/example_dags/example_branch_operator.py
[2024-07-07T07:53:50.312+0000] {processor.py:830} INFO - Processing file /home/airflow/.local/lib/python3.12/site-packages/airflow/example_dags/example_branch_operator.py for tasks to queue
[2024-07-07T07:53:50.313+0000] {logging_mixin.py:188} INFO - [2024-07-07T07:53:50.313+0000] {dagbag.py:545} INFO - Filling up the DagBag from /home/airflow/.local/lib/python3.12/site-packages/airflow/example_dags/example_branch_operator.py
[2024-07-07T07:53:50.339+0000] {processor.py:840} INFO - DAG(s) 'example_branch_operator' retrieved from /home/airflow/.local/lib/python3.12/site-packages/airflow/example_dags/example_branch_operator.py
[2024-07-07T07:53:50.381+0000] {logging_mixin.py:188} INFO - [2024-07-07T07:53:50.381+0000] {dag.py:3096} INFO - Sync 1 DAGs
[2024-07-07T07:53:50.412+0000] {logging_mixin.py:188} INFO - [2024-07-07T07:53:50.412+0000] {dag.py:3954} INFO - Setting next_dagrun for example_branch_operator to 2024-07-06 00:00:00+00:00, run_after=2024-07-07 00:00:00+00:00
[2024-07-07T07:53:50.441+0000] {processor.py:183} INFO - Processing /home/airflow/.local/lib/python3.12/site-packages/airflow/example_dags/example_branch_operator.py took 0.141 seconds
[2024-07-07T07:54:21.009+0000] {processor.py:161} INFO - Started process (PID=4513) to work on /home/airflow/.local/lib/python3.12/site-packages/airflow/example_dags/example_branch_operator.py
[2024-07-07T07:54:21.011+0000] {processor.py:830} INFO - Processing file /home/airflow/.local/lib/python3.12/site-packages/airflow/example_dags/example_branch_operator.py for tasks to queue
[2024-07-07T07:54:21.013+0000] {logging_mixin.py:188} INFO - [2024-07-07T07:54:21.012+0000] {dagbag.py:545} INFO - Filling up the DagBag from /home/airflow/.local/lib/python3.12/site-packages/airflow/example_dags/example_branch_operator.py
[2024-07-07T07:54:21.042+0000] {processor.py:840} INFO - DAG(s) 'example_branch_operator' retrieved from /home/airflow/.local/lib/python3.12/site-packages/airflow/example_dags/example_branch_operator.py
[2024-07-07T07:54:21.101+0000] {logging_mixin.py:188} INFO - [2024-07-07T07:54:21.100+0000] {dag.py:3096} INFO - Sync 1 DAGs
[2024-07-07T07:54:21.139+0000] {logging_mixin.py:188} INFO - [2024-07-07T07:54:21.138+0000] {dag.py:3954} INFO - Setting next_dagrun for example_branch_operator to 2024-07-06 00:00:00+00:00, run_after=2024-07-07 00:00:00+00:00
[2024-07-07T07:54:21.169+0000] {processor.py:183} INFO - Processing /home/airflow/.local/lib/python3.12/site-packages/airflow/example_dags/example_branch_operator.py took 0.170 seconds
[2024-07-07T07:54:51.614+0000] {processor.py:161} INFO - Started process (PID=4573) to work on /home/airflow/.local/lib/python3.12/site-packages/airflow/example_dags/example_branch_operator.py
[2024-07-07T07:54:51.616+0000] {processor.py:830} INFO - Processing file /home/airflow/.local/lib/python3.12/site-packages/airflow/example_dags/example_branch_operator.py for tasks to queue
[2024-07-07T07:54:51.617+0000] {logging_mixin.py:188} INFO - [2024-07-07T07:54:51.617+0000] {dagbag.py:545} INFO - Filling up the DagBag from /home/airflow/.local/lib/python3.12/site-packages/airflow/example_dags/example_branch_operator.py
[2024-07-07T07:54:51.663+0000] {processor.py:840} INFO - DAG(s) 'example_branch_operator' retrieved from /home/airflow/.local/lib/python3.12/site-packages/airflow/example_dags/example_branch_operator.py
[2024-07-07T07:54:51.728+0000] {logging_mixin.py:188} INFO - [2024-07-07T07:54:51.728+0000] {dag.py:3096} INFO - Sync 1 DAGs
[2024-07-07T07:54:51.777+0000] {logging_mixin.py:188} INFO - [2024-07-07T07:54:51.777+0000] {dag.py:3954} INFO - Setting next_dagrun for example_branch_operator to 2024-07-06 00:00:00+00:00, run_after=2024-07-07 00:00:00+00:00
[2024-07-07T07:54:51.808+0000] {processor.py:183} INFO - Processing /home/airflow/.local/lib/python3.12/site-packages/airflow/example_dags/example_branch_operator.py took 0.204 seconds
[2024-07-07T07:55:22.116+0000] {processor.py:161} INFO - Started process (PID=4633) to work on /home/airflow/.local/lib/python3.12/site-packages/airflow/example_dags/example_branch_operator.py
[2024-07-07T07:55:22.118+0000] {processor.py:830} INFO - Processing file /home/airflow/.local/lib/python3.12/site-packages/airflow/example_dags/example_branch_operator.py for tasks to queue
[2024-07-07T07:55:22.120+0000] {logging_mixin.py:188} INFO - [2024-07-07T07:55:22.119+0000] {dagbag.py:545} INFO - Filling up the DagBag from /home/airflow/.local/lib/python3.12/site-packages/airflow/example_dags/example_branch_operator.py
[2024-07-07T07:55:22.143+0000] {processor.py:840} INFO - DAG(s) 'example_branch_operator' retrieved from /home/airflow/.local/lib/python3.12/site-packages/airflow/example_dags/example_branch_operator.py
[2024-07-07T07:55:22.184+0000] {logging_mixin.py:188} INFO - [2024-07-07T07:55:22.184+0000] {dag.py:3096} INFO - Sync 1 DAGs
[2024-07-07T07:55:22.214+0000] {logging_mixin.py:188} INFO - [2024-07-07T07:55:22.213+0000] {dag.py:3954} INFO - Setting next_dagrun for example_branch_operator to 2024-07-06 00:00:00+00:00, run_after=2024-07-07 00:00:00+00:00
[2024-07-07T07:55:22.242+0000] {processor.py:183} INFO - Processing /home/airflow/.local/lib/python3.12/site-packages/airflow/example_dags/example_branch_operator.py took 0.134 seconds
[2024-07-07T07:55:52.826+0000] {processor.py:161} INFO - Started process (PID=4693) to work on /home/airflow/.local/lib/python3.12/site-packages/airflow/example_dags/example_branch_operator.py
[2024-07-07T07:55:52.828+0000] {processor.py:830} INFO - Processing file /home/airflow/.local/lib/python3.12/site-packages/airflow/example_dags/example_branch_operator.py for tasks to queue
[2024-07-07T07:55:52.830+0000] {logging_mixin.py:188} INFO - [2024-07-07T07:55:52.830+0000] {dagbag.py:545} INFO - Filling up the DagBag from /home/airflow/.local/lib/python3.12/site-packages/airflow/example_dags/example_branch_operator.py
[2024-07-07T07:55:52.857+0000] {processor.py:840} INFO - DAG(s) 'example_branch_operator' retrieved from /home/airflow/.local/lib/python3.12/site-packages/airflow/example_dags/example_branch_operator.py
[2024-07-07T07:55:52.901+0000] {logging_mixin.py:188} INFO - [2024-07-07T07:55:52.901+0000] {dag.py:3096} INFO - Sync 1 DAGs
[2024-07-07T07:55:52.935+0000] {logging_mixin.py:188} INFO - [2024-07-07T07:55:52.934+0000] {dag.py:3954} INFO - Setting next_dagrun for example_branch_operator to 2024-07-06 00:00:00+00:00, run_after=2024-07-07 00:00:00+00:00
[2024-07-07T07:55:52.962+0000] {processor.py:183} INFO - Processing /home/airflow/.local/lib/python3.12/site-packages/airflow/example_dags/example_branch_operator.py took 0.147 seconds
[2024-07-07T07:56:23.067+0000] {processor.py:161} INFO - Started process (PID=4753) to work on /home/airflow/.local/lib/python3.12/site-packages/airflow/example_dags/example_branch_operator.py
[2024-07-07T07:56:23.069+0000] {processor.py:830} INFO - Processing file /home/airflow/.local/lib/python3.12/site-packages/airflow/example_dags/example_branch_operator.py for tasks to queue
[2024-07-07T07:56:23.070+0000] {logging_mixin.py:188} INFO - [2024-07-07T07:56:23.070+0000] {dagbag.py:545} INFO - Filling up the DagBag from /home/airflow/.local/lib/python3.12/site-packages/airflow/example_dags/example_branch_operator.py
[2024-07-07T07:56:23.096+0000] {processor.py:840} INFO - DAG(s) 'example_branch_operator' retrieved from /home/airflow/.local/lib/python3.12/site-packages/airflow/example_dags/example_branch_operator.py
[2024-07-07T07:56:23.145+0000] {logging_mixin.py:188} INFO - [2024-07-07T07:56:23.144+0000] {dag.py:3096} INFO - Sync 1 DAGs
[2024-07-07T07:56:23.176+0000] {logging_mixin.py:188} INFO - [2024-07-07T07:56:23.175+0000] {dag.py:3954} INFO - Setting next_dagrun for example_branch_operator to 2024-07-06 00:00:00+00:00, run_after=2024-07-07 00:00:00+00:00
[2024-07-07T07:56:23.202+0000] {processor.py:183} INFO - Processing /home/airflow/.local/lib/python3.12/site-packages/airflow/example_dags/example_branch_operator.py took 0.144 seconds
[2024-07-07T07:56:53.695+0000] {processor.py:161} INFO - Started process (PID=4813) to work on /home/airflow/.local/lib/python3.12/site-packages/airflow/example_dags/example_branch_operator.py
[2024-07-07T07:56:53.697+0000] {processor.py:830} INFO - Processing file /home/airflow/.local/lib/python3.12/site-packages/airflow/example_dags/example_branch_operator.py for tasks to queue
[2024-07-07T07:56:53.699+0000] {logging_mixin.py:188} INFO - [2024-07-07T07:56:53.699+0000] {dagbag.py:545} INFO - Filling up the DagBag from /home/airflow/.local/lib/python3.12/site-packages/airflow/example_dags/example_branch_operator.py
[2024-07-07T07:56:53.730+0000] {processor.py:840} INFO - DAG(s) 'example_branch_operator' retrieved from /home/airflow/.local/lib/python3.12/site-packages/airflow/example_dags/example_branch_operator.py
[2024-07-07T07:56:53.776+0000] {logging_mixin.py:188} INFO - [2024-07-07T07:56:53.775+0000] {dag.py:3096} INFO - Sync 1 DAGs
[2024-07-07T07:56:53.813+0000] {logging_mixin.py:188} INFO - [2024-07-07T07:56:53.813+0000] {dag.py:3954} INFO - Setting next_dagrun for example_branch_operator to 2024-07-06 00:00:00+00:00, run_after=2024-07-07 00:00:00+00:00
[2024-07-07T07:56:53.842+0000] {processor.py:183} INFO - Processing /home/airflow/.local/lib/python3.12/site-packages/airflow/example_dags/example_branch_operator.py took 0.162 seconds
[2024-07-07T07:57:24.431+0000] {processor.py:161} INFO - Started process (PID=4873) to work on /home/airflow/.local/lib/python3.12/site-packages/airflow/example_dags/example_branch_operator.py
[2024-07-07T07:57:24.433+0000] {processor.py:830} INFO - Processing file /home/airflow/.local/lib/python3.12/site-packages/airflow/example_dags/example_branch_operator.py for tasks to queue
[2024-07-07T07:57:24.436+0000] {logging_mixin.py:188} INFO - [2024-07-07T07:57:24.435+0000] {dagbag.py:545} INFO - Filling up the DagBag from /home/airflow/.local/lib/python3.12/site-packages/airflow/example_dags/example_branch_operator.py
[2024-07-07T07:57:24.463+0000] {processor.py:840} INFO - DAG(s) 'example_branch_operator' retrieved from /home/airflow/.local/lib/python3.12/site-packages/airflow/example_dags/example_branch_operator.py
[2024-07-07T07:57:24.508+0000] {logging_mixin.py:188} INFO - [2024-07-07T07:57:24.507+0000] {dag.py:3096} INFO - Sync 1 DAGs
[2024-07-07T07:57:24.539+0000] {logging_mixin.py:188} INFO - [2024-07-07T07:57:24.538+0000] {dag.py:3954} INFO - Setting next_dagrun for example_branch_operator to 2024-07-06 00:00:00+00:00, run_after=2024-07-07 00:00:00+00:00
[2024-07-07T07:57:24.566+0000] {processor.py:183} INFO - Processing /home/airflow/.local/lib/python3.12/site-packages/airflow/example_dags/example_branch_operator.py took 0.148 seconds
[2024-07-07T07:57:54.762+0000] {processor.py:161} INFO - Started process (PID=4933) to work on /home/airflow/.local/lib/python3.12/site-packages/airflow/example_dags/example_branch_operator.py
[2024-07-07T07:57:54.764+0000] {processor.py:830} INFO - Processing file /home/airflow/.local/lib/python3.12/site-packages/airflow/example_dags/example_branch_operator.py for tasks to queue
[2024-07-07T07:57:54.766+0000] {logging_mixin.py:188} INFO - [2024-07-07T07:57:54.765+0000] {dagbag.py:545} INFO - Filling up the DagBag from /home/airflow/.local/lib/python3.12/site-packages/airflow/example_dags/example_branch_operator.py
[2024-07-07T07:57:54.791+0000] {processor.py:840} INFO - DAG(s) 'example_branch_operator' retrieved from /home/airflow/.local/lib/python3.12/site-packages/airflow/example_dags/example_branch_operator.py
[2024-07-07T07:57:54.837+0000] {logging_mixin.py:188} INFO - [2024-07-07T07:57:54.837+0000] {dag.py:3096} INFO - Sync 1 DAGs
[2024-07-07T07:57:54.868+0000] {logging_mixin.py:188} INFO - [2024-07-07T07:57:54.868+0000] {dag.py:3954} INFO - Setting next_dagrun for example_branch_operator to 2024-07-06 00:00:00+00:00, run_after=2024-07-07 00:00:00+00:00
[2024-07-07T07:57:54.896+0000] {processor.py:183} INFO - Processing /home/airflow/.local/lib/python3.12/site-packages/airflow/example_dags/example_branch_operator.py took 0.146 seconds
[2024-07-07T07:58:25.057+0000] {processor.py:161} INFO - Started process (PID=4993) to work on /home/airflow/.local/lib/python3.12/site-packages/airflow/example_dags/example_branch_operator.py
[2024-07-07T07:58:25.059+0000] {processor.py:830} INFO - Processing file /home/airflow/.local/lib/python3.12/site-packages/airflow/example_dags/example_branch_operator.py for tasks to queue
[2024-07-07T07:58:25.061+0000] {logging_mixin.py:188} INFO - [2024-07-07T07:58:25.060+0000] {dagbag.py:545} INFO - Filling up the DagBag from /home/airflow/.local/lib/python3.12/site-packages/airflow/example_dags/example_branch_operator.py
[2024-07-07T07:58:25.084+0000] {processor.py:840} INFO - DAG(s) 'example_branch_operator' retrieved from /home/airflow/.local/lib/python3.12/site-packages/airflow/example_dags/example_branch_operator.py
[2024-07-07T07:58:25.128+0000] {logging_mixin.py:188} INFO - [2024-07-07T07:58:25.128+0000] {dag.py:3096} INFO - Sync 1 DAGs
[2024-07-07T07:58:25.158+0000] {logging_mixin.py:188} INFO - [2024-07-07T07:58:25.157+0000] {dag.py:3954} INFO - Setting next_dagrun for example_branch_operator to 2024-07-06 00:00:00+00:00, run_after=2024-07-07 00:00:00+00:00
[2024-07-07T07:58:25.184+0000] {processor.py:183} INFO - Processing /home/airflow/.local/lib/python3.12/site-packages/airflow/example_dags/example_branch_operator.py took 0.140 seconds
[2024-07-07T07:58:55.834+0000] {processor.py:161} INFO - Started process (PID=5053) to work on /home/airflow/.local/lib/python3.12/site-packages/airflow/example_dags/example_branch_operator.py
[2024-07-07T07:58:55.836+0000] {processor.py:830} INFO - Processing file /home/airflow/.local/lib/python3.12/site-packages/airflow/example_dags/example_branch_operator.py for tasks to queue
[2024-07-07T07:58:55.838+0000] {logging_mixin.py:188} INFO - [2024-07-07T07:58:55.837+0000] {dagbag.py:545} INFO - Filling up the DagBag from /home/airflow/.local/lib/python3.12/site-packages/airflow/example_dags/example_branch_operator.py
[2024-07-07T07:58:55.864+0000] {processor.py:840} INFO - DAG(s) 'example_branch_operator' retrieved from /home/airflow/.local/lib/python3.12/site-packages/airflow/example_dags/example_branch_operator.py
[2024-07-07T07:58:55.907+0000] {logging_mixin.py:188} INFO - [2024-07-07T07:58:55.907+0000] {dag.py:3096} INFO - Sync 1 DAGs
[2024-07-07T07:58:55.938+0000] {logging_mixin.py:188} INFO - [2024-07-07T07:58:55.937+0000] {dag.py:3954} INFO - Setting next_dagrun for example_branch_operator to 2024-07-06 00:00:00+00:00, run_after=2024-07-07 00:00:00+00:00
[2024-07-07T07:58:55.966+0000] {processor.py:183} INFO - Processing /home/airflow/.local/lib/python3.12/site-packages/airflow/example_dags/example_branch_operator.py took 0.145 seconds
[2024-07-07T07:59:26.546+0000] {processor.py:161} INFO - Started process (PID=5113) to work on /home/airflow/.local/lib/python3.12/site-packages/airflow/example_dags/example_branch_operator.py
[2024-07-07T07:59:26.548+0000] {processor.py:830} INFO - Processing file /home/airflow/.local/lib/python3.12/site-packages/airflow/example_dags/example_branch_operator.py for tasks to queue
[2024-07-07T07:59:26.549+0000] {logging_mixin.py:188} INFO - [2024-07-07T07:59:26.549+0000] {dagbag.py:545} INFO - Filling up the DagBag from /home/airflow/.local/lib/python3.12/site-packages/airflow/example_dags/example_branch_operator.py
[2024-07-07T07:59:26.573+0000] {processor.py:840} INFO - DAG(s) 'example_branch_operator' retrieved from /home/airflow/.local/lib/python3.12/site-packages/airflow/example_dags/example_branch_operator.py
[2024-07-07T07:59:26.616+0000] {logging_mixin.py:188} INFO - [2024-07-07T07:59:26.616+0000] {dag.py:3096} INFO - Sync 1 DAGs
[2024-07-07T07:59:26.646+0000] {logging_mixin.py:188} INFO - [2024-07-07T07:59:26.646+0000] {dag.py:3954} INFO - Setting next_dagrun for example_branch_operator to 2024-07-06 00:00:00+00:00, run_after=2024-07-07 00:00:00+00:00
[2024-07-07T07:59:26.674+0000] {processor.py:183} INFO - Processing /home/airflow/.local/lib/python3.12/site-packages/airflow/example_dags/example_branch_operator.py took 0.136 seconds
[2024-07-07T07:59:57.359+0000] {processor.py:161} INFO - Started process (PID=5173) to work on /home/airflow/.local/lib/python3.12/site-packages/airflow/example_dags/example_branch_operator.py
[2024-07-07T07:59:57.361+0000] {processor.py:830} INFO - Processing file /home/airflow/.local/lib/python3.12/site-packages/airflow/example_dags/example_branch_operator.py for tasks to queue
[2024-07-07T07:59:57.363+0000] {logging_mixin.py:188} INFO - [2024-07-07T07:59:57.362+0000] {dagbag.py:545} INFO - Filling up the DagBag from /home/airflow/.local/lib/python3.12/site-packages/airflow/example_dags/example_branch_operator.py
[2024-07-07T07:59:57.392+0000] {processor.py:840} INFO - DAG(s) 'example_branch_operator' retrieved from /home/airflow/.local/lib/python3.12/site-packages/airflow/example_dags/example_branch_operator.py
[2024-07-07T07:59:57.439+0000] {logging_mixin.py:188} INFO - [2024-07-07T07:59:57.438+0000] {dag.py:3096} INFO - Sync 1 DAGs
[2024-07-07T07:59:57.471+0000] {logging_mixin.py:188} INFO - [2024-07-07T07:59:57.471+0000] {dag.py:3954} INFO - Setting next_dagrun for example_branch_operator to 2024-07-06 00:00:00+00:00, run_after=2024-07-07 00:00:00+00:00
[2024-07-07T07:59:57.694+0000] {processor.py:183} INFO - Processing /home/airflow/.local/lib/python3.12/site-packages/airflow/example_dags/example_branch_operator.py took 0.345 seconds
[2024-07-07T08:00:27.868+0000] {processor.py:161} INFO - Started process (PID=5234) to work on /home/airflow/.local/lib/python3.12/site-packages/airflow/example_dags/example_branch_operator.py
[2024-07-07T08:00:27.870+0000] {processor.py:830} INFO - Processing file /home/airflow/.local/lib/python3.12/site-packages/airflow/example_dags/example_branch_operator.py for tasks to queue
[2024-07-07T08:00:27.872+0000] {logging_mixin.py:188} INFO - [2024-07-07T08:00:27.871+0000] {dagbag.py:545} INFO - Filling up the DagBag from /home/airflow/.local/lib/python3.12/site-packages/airflow/example_dags/example_branch_operator.py
[2024-07-07T08:00:27.908+0000] {processor.py:840} INFO - DAG(s) 'example_branch_operator' retrieved from /home/airflow/.local/lib/python3.12/site-packages/airflow/example_dags/example_branch_operator.py
[2024-07-07T08:00:27.965+0000] {logging_mixin.py:188} INFO - [2024-07-07T08:00:27.965+0000] {dag.py:3096} INFO - Sync 1 DAGs
[2024-07-07T08:00:27.996+0000] {logging_mixin.py:188} INFO - [2024-07-07T08:00:27.996+0000] {dag.py:3954} INFO - Setting next_dagrun for example_branch_operator to 2024-07-06 00:00:00+00:00, run_after=2024-07-07 00:00:00+00:00
[2024-07-07T08:00:28.029+0000] {processor.py:183} INFO - Processing /home/airflow/.local/lib/python3.12/site-packages/airflow/example_dags/example_branch_operator.py took 0.171 seconds
[2024-07-07T08:05:24.910+0000] {processor.py:161} INFO - Started process (PID=5298) to work on /home/airflow/.local/lib/python3.12/site-packages/airflow/example_dags/example_branch_operator.py
[2024-07-07T08:05:24.913+0000] {processor.py:830} INFO - Processing file /home/airflow/.local/lib/python3.12/site-packages/airflow/example_dags/example_branch_operator.py for tasks to queue
[2024-07-07T08:05:24.915+0000] {logging_mixin.py:188} INFO - [2024-07-07T08:05:24.915+0000] {dagbag.py:545} INFO - Filling up the DagBag from /home/airflow/.local/lib/python3.12/site-packages/airflow/example_dags/example_branch_operator.py
[2024-07-07T08:05:24.977+0000] {processor.py:840} INFO - DAG(s) 'example_branch_operator' retrieved from /home/airflow/.local/lib/python3.12/site-packages/airflow/example_dags/example_branch_operator.py
[2024-07-07T08:05:25.157+0000] {logging_mixin.py:188} INFO - [2024-07-07T08:05:25.156+0000] {dag.py:3096} INFO - Sync 1 DAGs
[2024-07-07T08:05:25.300+0000] {logging_mixin.py:188} INFO - [2024-07-07T08:05:25.300+0000] {dag.py:3954} INFO - Setting next_dagrun for example_branch_operator to 2024-07-06 00:00:00+00:00, run_after=2024-07-07 00:00:00+00:00
[2024-07-07T08:05:25.420+0000] {processor.py:183} INFO - Processing /home/airflow/.local/lib/python3.12/site-packages/airflow/example_dags/example_branch_operator.py took 0.520 seconds
[2024-07-07T08:05:56.226+0000] {processor.py:161} INFO - Started process (PID=5359) to work on /home/airflow/.local/lib/python3.12/site-packages/airflow/example_dags/example_branch_operator.py
[2024-07-07T08:05:56.237+0000] {processor.py:830} INFO - Processing file /home/airflow/.local/lib/python3.12/site-packages/airflow/example_dags/example_branch_operator.py for tasks to queue
[2024-07-07T08:05:56.240+0000] {logging_mixin.py:188} INFO - [2024-07-07T08:05:56.239+0000] {dagbag.py:545} INFO - Filling up the DagBag from /home/airflow/.local/lib/python3.12/site-packages/airflow/example_dags/example_branch_operator.py
[2024-07-07T08:05:56.351+0000] {processor.py:840} INFO - DAG(s) 'example_branch_operator' retrieved from /home/airflow/.local/lib/python3.12/site-packages/airflow/example_dags/example_branch_operator.py
[2024-07-07T08:05:56.540+0000] {logging_mixin.py:188} INFO - [2024-07-07T08:05:56.540+0000] {dag.py:3096} INFO - Sync 1 DAGs
[2024-07-07T08:05:56.670+0000] {logging_mixin.py:188} INFO - [2024-07-07T08:05:56.670+0000] {dag.py:3954} INFO - Setting next_dagrun for example_branch_operator to 2024-07-06 00:00:00+00:00, run_after=2024-07-07 00:00:00+00:00
[2024-07-07T08:05:56.763+0000] {processor.py:183} INFO - Processing /home/airflow/.local/lib/python3.12/site-packages/airflow/example_dags/example_branch_operator.py took 0.574 seconds
