[2024-07-07T00:00:18.814+0000] {processor.py:161} INFO - Started process (PID=2313) to work on /home/airflow/.local/lib/python3.12/site-packages/airflow/example_dags/example_complex.py
[2024-07-07T00:00:18.816+0000] {processor.py:830} INFO - Processing file /home/airflow/.local/lib/python3.12/site-packages/airflow/example_dags/example_complex.py for tasks to queue
[2024-07-07T00:00:18.822+0000] {logging_mixin.py:188} INFO - [2024-07-07T00:00:18.821+0000] {dagbag.py:545} INFO - Filling up the DagBag from /home/airflow/.local/lib/python3.12/site-packages/airflow/example_dags/example_complex.py
[2024-07-07T00:00:18.860+0000] {processor.py:840} INFO - DAG(s) 'example_complex' retrieved from /home/airflow/.local/lib/python3.12/site-packages/airflow/example_dags/example_complex.py
[2024-07-07T00:00:19.004+0000] {logging_mixin.py:188} INFO - [2024-07-07T00:00:19.003+0000] {dag.py:3096} INFO - Sync 1 DAGs
[2024-07-07T00:00:19.066+0000] {logging_mixin.py:188} INFO - [2024-07-07T00:00:19.065+0000] {dag.py:3954} INFO - Setting next_dagrun for example_complex to None, run_after=None
[2024-07-07T00:00:19.140+0000] {processor.py:183} INFO - Processing /home/airflow/.local/lib/python3.12/site-packages/airflow/example_dags/example_complex.py took 0.342 seconds
[2024-07-07T00:00:49.340+0000] {processor.py:161} INFO - Started process (PID=2372) to work on /home/airflow/.local/lib/python3.12/site-packages/airflow/example_dags/example_complex.py
[2024-07-07T00:00:49.341+0000] {processor.py:830} INFO - Processing file /home/airflow/.local/lib/python3.12/site-packages/airflow/example_dags/example_complex.py for tasks to queue
[2024-07-07T00:00:49.345+0000] {logging_mixin.py:188} INFO - [2024-07-07T00:00:49.344+0000] {dagbag.py:545} INFO - Filling up the DagBag from /home/airflow/.local/lib/python3.12/site-packages/airflow/example_dags/example_complex.py
[2024-07-07T00:00:49.367+0000] {processor.py:840} INFO - DAG(s) 'example_complex' retrieved from /home/airflow/.local/lib/python3.12/site-packages/airflow/example_dags/example_complex.py
[2024-07-07T00:00:49.436+0000] {logging_mixin.py:188} INFO - [2024-07-07T00:00:49.436+0000] {dag.py:3096} INFO - Sync 1 DAGs
[2024-07-07T00:00:49.467+0000] {logging_mixin.py:188} INFO - [2024-07-07T00:00:49.467+0000] {dag.py:3954} INFO - Setting next_dagrun for example_complex to None, run_after=None
[2024-07-07T00:00:49.509+0000] {processor.py:183} INFO - Processing /home/airflow/.local/lib/python3.12/site-packages/airflow/example_dags/example_complex.py took 0.185 seconds
[2024-07-07T00:01:20.065+0000] {processor.py:161} INFO - Started process (PID=2432) to work on /home/airflow/.local/lib/python3.12/site-packages/airflow/example_dags/example_complex.py
[2024-07-07T00:01:20.069+0000] {processor.py:830} INFO - Processing file /home/airflow/.local/lib/python3.12/site-packages/airflow/example_dags/example_complex.py for tasks to queue
[2024-07-07T00:01:20.077+0000] {logging_mixin.py:188} INFO - [2024-07-07T00:01:20.075+0000] {dagbag.py:545} INFO - Filling up the DagBag from /home/airflow/.local/lib/python3.12/site-packages/airflow/example_dags/example_complex.py
[2024-07-07T00:01:20.107+0000] {processor.py:840} INFO - DAG(s) 'example_complex' retrieved from /home/airflow/.local/lib/python3.12/site-packages/airflow/example_dags/example_complex.py
[2024-07-07T00:01:20.191+0000] {logging_mixin.py:188} INFO - [2024-07-07T00:01:20.191+0000] {dag.py:3096} INFO - Sync 1 DAGs
[2024-07-07T00:01:20.222+0000] {logging_mixin.py:188} INFO - [2024-07-07T00:01:20.221+0000] {dag.py:3954} INFO - Setting next_dagrun for example_complex to None, run_after=None
[2024-07-07T00:01:20.264+0000] {processor.py:183} INFO - Processing /home/airflow/.local/lib/python3.12/site-packages/airflow/example_dags/example_complex.py took 0.255 seconds
[2024-07-07T00:01:51.076+0000] {processor.py:161} INFO - Started process (PID=2492) to work on /home/airflow/.local/lib/python3.12/site-packages/airflow/example_dags/example_complex.py
[2024-07-07T00:01:51.078+0000] {processor.py:830} INFO - Processing file /home/airflow/.local/lib/python3.12/site-packages/airflow/example_dags/example_complex.py for tasks to queue
[2024-07-07T00:01:51.084+0000] {logging_mixin.py:188} INFO - [2024-07-07T00:01:51.083+0000] {dagbag.py:545} INFO - Filling up the DagBag from /home/airflow/.local/lib/python3.12/site-packages/airflow/example_dags/example_complex.py
[2024-07-07T00:01:51.114+0000] {processor.py:840} INFO - DAG(s) 'example_complex' retrieved from /home/airflow/.local/lib/python3.12/site-packages/airflow/example_dags/example_complex.py
[2024-07-07T00:01:51.218+0000] {logging_mixin.py:188} INFO - [2024-07-07T00:01:51.217+0000] {dag.py:3096} INFO - Sync 1 DAGs
[2024-07-07T00:01:51.258+0000] {logging_mixin.py:188} INFO - [2024-07-07T00:01:51.258+0000] {dag.py:3954} INFO - Setting next_dagrun for example_complex to None, run_after=None
[2024-07-07T00:01:51.317+0000] {processor.py:183} INFO - Processing /home/airflow/.local/lib/python3.12/site-packages/airflow/example_dags/example_complex.py took 0.260 seconds
[2024-07-07T00:02:21.859+0000] {processor.py:161} INFO - Started process (PID=2552) to work on /home/airflow/.local/lib/python3.12/site-packages/airflow/example_dags/example_complex.py
[2024-07-07T00:02:21.862+0000] {processor.py:830} INFO - Processing file /home/airflow/.local/lib/python3.12/site-packages/airflow/example_dags/example_complex.py for tasks to queue
[2024-07-07T00:02:21.870+0000] {logging_mixin.py:188} INFO - [2024-07-07T00:02:21.869+0000] {dagbag.py:545} INFO - Filling up the DagBag from /home/airflow/.local/lib/python3.12/site-packages/airflow/example_dags/example_complex.py
[2024-07-07T00:02:21.928+0000] {processor.py:840} INFO - DAG(s) 'example_complex' retrieved from /home/airflow/.local/lib/python3.12/site-packages/airflow/example_dags/example_complex.py
[2024-07-07T00:02:22.044+0000] {logging_mixin.py:188} INFO - [2024-07-07T00:02:22.043+0000] {dag.py:3096} INFO - Sync 1 DAGs
[2024-07-07T00:02:22.089+0000] {logging_mixin.py:188} INFO - [2024-07-07T00:02:22.088+0000] {dag.py:3954} INFO - Setting next_dagrun for example_complex to None, run_after=None
[2024-07-07T00:02:22.140+0000] {processor.py:183} INFO - Processing /home/airflow/.local/lib/python3.12/site-packages/airflow/example_dags/example_complex.py took 0.303 seconds
[2024-07-07T00:02:52.675+0000] {processor.py:161} INFO - Started process (PID=2612) to work on /home/airflow/.local/lib/python3.12/site-packages/airflow/example_dags/example_complex.py
[2024-07-07T00:02:52.677+0000] {processor.py:830} INFO - Processing file /home/airflow/.local/lib/python3.12/site-packages/airflow/example_dags/example_complex.py for tasks to queue
[2024-07-07T00:02:52.684+0000] {logging_mixin.py:188} INFO - [2024-07-07T00:02:52.682+0000] {dagbag.py:545} INFO - Filling up the DagBag from /home/airflow/.local/lib/python3.12/site-packages/airflow/example_dags/example_complex.py
[2024-07-07T00:02:52.718+0000] {processor.py:840} INFO - DAG(s) 'example_complex' retrieved from /home/airflow/.local/lib/python3.12/site-packages/airflow/example_dags/example_complex.py
[2024-07-07T00:02:52.820+0000] {logging_mixin.py:188} INFO - [2024-07-07T00:02:52.820+0000] {dag.py:3096} INFO - Sync 1 DAGs
[2024-07-07T00:02:52.858+0000] {logging_mixin.py:188} INFO - [2024-07-07T00:02:52.858+0000] {dag.py:3954} INFO - Setting next_dagrun for example_complex to None, run_after=None
[2024-07-07T00:02:52.920+0000] {processor.py:183} INFO - Processing /home/airflow/.local/lib/python3.12/site-packages/airflow/example_dags/example_complex.py took 0.264 seconds
[2024-07-07T00:03:23.466+0000] {processor.py:161} INFO - Started process (PID=2672) to work on /home/airflow/.local/lib/python3.12/site-packages/airflow/example_dags/example_complex.py
[2024-07-07T00:03:23.468+0000] {processor.py:830} INFO - Processing file /home/airflow/.local/lib/python3.12/site-packages/airflow/example_dags/example_complex.py for tasks to queue
[2024-07-07T00:03:23.473+0000] {logging_mixin.py:188} INFO - [2024-07-07T00:03:23.472+0000] {dagbag.py:545} INFO - Filling up the DagBag from /home/airflow/.local/lib/python3.12/site-packages/airflow/example_dags/example_complex.py
[2024-07-07T00:03:23.509+0000] {processor.py:840} INFO - DAG(s) 'example_complex' retrieved from /home/airflow/.local/lib/python3.12/site-packages/airflow/example_dags/example_complex.py
[2024-07-07T00:03:23.584+0000] {logging_mixin.py:188} INFO - [2024-07-07T00:03:23.584+0000] {dag.py:3096} INFO - Sync 1 DAGs
[2024-07-07T00:03:23.612+0000] {logging_mixin.py:188} INFO - [2024-07-07T00:03:23.612+0000] {dag.py:3954} INFO - Setting next_dagrun for example_complex to None, run_after=None
[2024-07-07T00:03:23.652+0000] {processor.py:183} INFO - Processing /home/airflow/.local/lib/python3.12/site-packages/airflow/example_dags/example_complex.py took 0.203 seconds
[2024-07-07T00:03:54.816+0000] {processor.py:161} INFO - Started process (PID=2733) to work on /home/airflow/.local/lib/python3.12/site-packages/airflow/example_dags/example_complex.py
[2024-07-07T00:03:54.821+0000] {processor.py:830} INFO - Processing file /home/airflow/.local/lib/python3.12/site-packages/airflow/example_dags/example_complex.py for tasks to queue
[2024-07-07T00:03:54.830+0000] {logging_mixin.py:188} INFO - [2024-07-07T00:03:54.829+0000] {dagbag.py:545} INFO - Filling up the DagBag from /home/airflow/.local/lib/python3.12/site-packages/airflow/example_dags/example_complex.py
[2024-07-07T00:03:54.897+0000] {processor.py:840} INFO - DAG(s) 'example_complex' retrieved from /home/airflow/.local/lib/python3.12/site-packages/airflow/example_dags/example_complex.py
[2024-07-07T00:03:55.032+0000] {logging_mixin.py:188} INFO - [2024-07-07T00:03:55.032+0000] {dag.py:3096} INFO - Sync 1 DAGs
[2024-07-07T00:03:55.063+0000] {logging_mixin.py:188} INFO - [2024-07-07T00:03:55.062+0000] {dag.py:3954} INFO - Setting next_dagrun for example_complex to None, run_after=None
[2024-07-07T00:03:55.121+0000] {processor.py:183} INFO - Processing /home/airflow/.local/lib/python3.12/site-packages/airflow/example_dags/example_complex.py took 0.342 seconds
[2024-07-07T07:39:23.385+0000] {processor.py:161} INFO - Started process (PID=2765) to work on /home/airflow/.local/lib/python3.12/site-packages/airflow/example_dags/example_complex.py
[2024-07-07T07:39:23.399+0000] {processor.py:830} INFO - Processing file /home/airflow/.local/lib/python3.12/site-packages/airflow/example_dags/example_complex.py for tasks to queue
[2024-07-07T07:39:23.416+0000] {logging_mixin.py:188} INFO - [2024-07-07T07:39:23.415+0000] {dagbag.py:545} INFO - Filling up the DagBag from /home/airflow/.local/lib/python3.12/site-packages/airflow/example_dags/example_complex.py
[2024-07-07T07:39:23.513+0000] {processor.py:840} INFO - DAG(s) 'example_complex' retrieved from /home/airflow/.local/lib/python3.12/site-packages/airflow/example_dags/example_complex.py
[2024-07-07T07:39:23.825+0000] {logging_mixin.py:188} INFO - [2024-07-07T07:39:23.825+0000] {dag.py:3096} INFO - Sync 1 DAGs
[2024-07-07T07:39:23.924+0000] {logging_mixin.py:188} INFO - [2024-07-07T07:39:23.924+0000] {dag.py:3954} INFO - Setting next_dagrun for example_complex to None, run_after=None
[2024-07-07T07:39:24.084+0000] {processor.py:183} INFO - Processing /home/airflow/.local/lib/python3.12/site-packages/airflow/example_dags/example_complex.py took 0.738 seconds
[2024-07-07T07:39:54.220+0000] {processor.py:161} INFO - Started process (PID=2824) to work on /home/airflow/.local/lib/python3.12/site-packages/airflow/example_dags/example_complex.py
[2024-07-07T07:39:54.222+0000] {processor.py:830} INFO - Processing file /home/airflow/.local/lib/python3.12/site-packages/airflow/example_dags/example_complex.py for tasks to queue
[2024-07-07T07:39:54.224+0000] {logging_mixin.py:188} INFO - [2024-07-07T07:39:54.223+0000] {dagbag.py:545} INFO - Filling up the DagBag from /home/airflow/.local/lib/python3.12/site-packages/airflow/example_dags/example_complex.py
[2024-07-07T07:39:54.253+0000] {processor.py:840} INFO - DAG(s) 'example_complex' retrieved from /home/airflow/.local/lib/python3.12/site-packages/airflow/example_dags/example_complex.py
[2024-07-07T07:39:54.323+0000] {logging_mixin.py:188} INFO - [2024-07-07T07:39:54.323+0000] {dag.py:3096} INFO - Sync 1 DAGs
[2024-07-07T07:39:54.368+0000] {logging_mixin.py:188} INFO - [2024-07-07T07:39:54.367+0000] {dag.py:3954} INFO - Setting next_dagrun for example_complex to None, run_after=None
[2024-07-07T07:39:54.440+0000] {processor.py:183} INFO - Processing /home/airflow/.local/lib/python3.12/site-packages/airflow/example_dags/example_complex.py took 0.232 seconds
[2024-07-07T07:40:24.514+0000] {processor.py:161} INFO - Started process (PID=2884) to work on /home/airflow/.local/lib/python3.12/site-packages/airflow/example_dags/example_complex.py
[2024-07-07T07:40:24.515+0000] {processor.py:830} INFO - Processing file /home/airflow/.local/lib/python3.12/site-packages/airflow/example_dags/example_complex.py for tasks to queue
[2024-07-07T07:40:24.516+0000] {logging_mixin.py:188} INFO - [2024-07-07T07:40:24.516+0000] {dagbag.py:545} INFO - Filling up the DagBag from /home/airflow/.local/lib/python3.12/site-packages/airflow/example_dags/example_complex.py
[2024-07-07T07:40:24.531+0000] {processor.py:840} INFO - DAG(s) 'example_complex' retrieved from /home/airflow/.local/lib/python3.12/site-packages/airflow/example_dags/example_complex.py
[2024-07-07T07:40:24.581+0000] {logging_mixin.py:188} INFO - [2024-07-07T07:40:24.581+0000] {dag.py:3096} INFO - Sync 1 DAGs
[2024-07-07T07:40:24.598+0000] {logging_mixin.py:188} INFO - [2024-07-07T07:40:24.598+0000] {dag.py:3954} INFO - Setting next_dagrun for example_complex to None, run_after=None
[2024-07-07T07:40:24.644+0000] {processor.py:183} INFO - Processing /home/airflow/.local/lib/python3.12/site-packages/airflow/example_dags/example_complex.py took 0.141 seconds
[2024-07-07T07:40:56.864+0000] {processor.py:161} INFO - Started process (PID=2950) to work on /home/airflow/.local/lib/python3.12/site-packages/airflow/example_dags/example_complex.py
[2024-07-07T07:40:56.866+0000] {processor.py:830} INFO - Processing file /home/airflow/.local/lib/python3.12/site-packages/airflow/example_dags/example_complex.py for tasks to queue
[2024-07-07T07:40:56.869+0000] {logging_mixin.py:188} INFO - [2024-07-07T07:40:56.868+0000] {dagbag.py:545} INFO - Filling up the DagBag from /home/airflow/.local/lib/python3.12/site-packages/airflow/example_dags/example_complex.py
[2024-07-07T07:40:56.908+0000] {processor.py:840} INFO - DAG(s) 'example_complex' retrieved from /home/airflow/.local/lib/python3.12/site-packages/airflow/example_dags/example_complex.py
[2024-07-07T07:40:57.087+0000] {logging_mixin.py:188} INFO - [2024-07-07T07:40:57.086+0000] {dag.py:3096} INFO - Sync 1 DAGs
[2024-07-07T07:40:57.132+0000] {logging_mixin.py:188} INFO - [2024-07-07T07:40:57.132+0000] {dag.py:3954} INFO - Setting next_dagrun for example_complex to None, run_after=None
[2024-07-07T07:40:57.189+0000] {processor.py:183} INFO - Processing /home/airflow/.local/lib/python3.12/site-packages/airflow/example_dags/example_complex.py took 0.339 seconds
[2024-07-07T07:41:28.827+0000] {processor.py:161} INFO - Started process (PID=3010) to work on /home/airflow/.local/lib/python3.12/site-packages/airflow/example_dags/example_complex.py
[2024-07-07T07:41:28.829+0000] {processor.py:830} INFO - Processing file /home/airflow/.local/lib/python3.12/site-packages/airflow/example_dags/example_complex.py for tasks to queue
[2024-07-07T07:41:28.831+0000] {logging_mixin.py:188} INFO - [2024-07-07T07:41:28.830+0000] {dagbag.py:545} INFO - Filling up the DagBag from /home/airflow/.local/lib/python3.12/site-packages/airflow/example_dags/example_complex.py
[2024-07-07T07:41:28.857+0000] {processor.py:840} INFO - DAG(s) 'example_complex' retrieved from /home/airflow/.local/lib/python3.12/site-packages/airflow/example_dags/example_complex.py
[2024-07-07T07:41:28.934+0000] {logging_mixin.py:188} INFO - [2024-07-07T07:41:28.933+0000] {dag.py:3096} INFO - Sync 1 DAGs
[2024-07-07T07:41:28.978+0000] {logging_mixin.py:188} INFO - [2024-07-07T07:41:28.977+0000] {dag.py:3954} INFO - Setting next_dagrun for example_complex to None, run_after=None
[2024-07-07T07:41:29.071+0000] {processor.py:183} INFO - Processing /home/airflow/.local/lib/python3.12/site-packages/airflow/example_dags/example_complex.py took 0.262 seconds
[2024-07-07T07:42:00.140+0000] {processor.py:161} INFO - Started process (PID=3070) to work on /home/airflow/.local/lib/python3.12/site-packages/airflow/example_dags/example_complex.py
[2024-07-07T07:42:00.142+0000] {processor.py:830} INFO - Processing file /home/airflow/.local/lib/python3.12/site-packages/airflow/example_dags/example_complex.py for tasks to queue
[2024-07-07T07:42:00.145+0000] {logging_mixin.py:188} INFO - [2024-07-07T07:42:00.144+0000] {dagbag.py:545} INFO - Filling up the DagBag from /home/airflow/.local/lib/python3.12/site-packages/airflow/example_dags/example_complex.py
[2024-07-07T07:42:00.183+0000] {processor.py:840} INFO - DAG(s) 'example_complex' retrieved from /home/airflow/.local/lib/python3.12/site-packages/airflow/example_dags/example_complex.py
[2024-07-07T07:42:00.292+0000] {logging_mixin.py:188} INFO - [2024-07-07T07:42:00.291+0000] {dag.py:3096} INFO - Sync 1 DAGs
[2024-07-07T07:42:00.320+0000] {logging_mixin.py:188} INFO - [2024-07-07T07:42:00.319+0000] {dag.py:3954} INFO - Setting next_dagrun for example_complex to None, run_after=None
[2024-07-07T07:42:00.363+0000] {processor.py:183} INFO - Processing /home/airflow/.local/lib/python3.12/site-packages/airflow/example_dags/example_complex.py took 0.238 seconds
[2024-07-07T07:42:30.730+0000] {processor.py:161} INFO - Started process (PID=3128) to work on /home/airflow/.local/lib/python3.12/site-packages/airflow/example_dags/example_complex.py
[2024-07-07T07:42:30.736+0000] {processor.py:830} INFO - Processing file /home/airflow/.local/lib/python3.12/site-packages/airflow/example_dags/example_complex.py for tasks to queue
[2024-07-07T07:42:30.742+0000] {logging_mixin.py:188} INFO - [2024-07-07T07:42:30.740+0000] {dagbag.py:545} INFO - Filling up the DagBag from /home/airflow/.local/lib/python3.12/site-packages/airflow/example_dags/example_complex.py
[2024-07-07T07:42:30.818+0000] {processor.py:840} INFO - DAG(s) 'example_complex' retrieved from /home/airflow/.local/lib/python3.12/site-packages/airflow/example_dags/example_complex.py
[2024-07-07T07:42:30.984+0000] {logging_mixin.py:188} INFO - [2024-07-07T07:42:30.983+0000] {dag.py:3096} INFO - Sync 1 DAGs
[2024-07-07T07:42:31.015+0000] {logging_mixin.py:188} INFO - [2024-07-07T07:42:31.014+0000] {dag.py:3954} INFO - Setting next_dagrun for example_complex to None, run_after=None
[2024-07-07T07:42:31.061+0000] {processor.py:183} INFO - Processing /home/airflow/.local/lib/python3.12/site-packages/airflow/example_dags/example_complex.py took 0.364 seconds
[2024-07-07T07:43:01.305+0000] {processor.py:161} INFO - Started process (PID=3187) to work on /home/airflow/.local/lib/python3.12/site-packages/airflow/example_dags/example_complex.py
[2024-07-07T07:43:01.311+0000] {processor.py:830} INFO - Processing file /home/airflow/.local/lib/python3.12/site-packages/airflow/example_dags/example_complex.py for tasks to queue
[2024-07-07T07:43:01.317+0000] {logging_mixin.py:188} INFO - [2024-07-07T07:43:01.315+0000] {dagbag.py:545} INFO - Filling up the DagBag from /home/airflow/.local/lib/python3.12/site-packages/airflow/example_dags/example_complex.py
[2024-07-07T07:43:01.391+0000] {processor.py:840} INFO - DAG(s) 'example_complex' retrieved from /home/airflow/.local/lib/python3.12/site-packages/airflow/example_dags/example_complex.py
[2024-07-07T07:43:01.596+0000] {logging_mixin.py:188} INFO - [2024-07-07T07:43:01.595+0000] {dag.py:3096} INFO - Sync 1 DAGs
[2024-07-07T07:43:01.673+0000] {logging_mixin.py:188} INFO - [2024-07-07T07:43:01.671+0000] {dag.py:3954} INFO - Setting next_dagrun for example_complex to None, run_after=None
[2024-07-07T07:43:01.784+0000] {processor.py:183} INFO - Processing /home/airflow/.local/lib/python3.12/site-packages/airflow/example_dags/example_complex.py took 0.523 seconds
[2024-07-07T07:43:32.017+0000] {processor.py:161} INFO - Started process (PID=3247) to work on /home/airflow/.local/lib/python3.12/site-packages/airflow/example_dags/example_complex.py
[2024-07-07T07:43:32.019+0000] {processor.py:830} INFO - Processing file /home/airflow/.local/lib/python3.12/site-packages/airflow/example_dags/example_complex.py for tasks to queue
[2024-07-07T07:43:32.021+0000] {logging_mixin.py:188} INFO - [2024-07-07T07:43:32.020+0000] {dagbag.py:545} INFO - Filling up the DagBag from /home/airflow/.local/lib/python3.12/site-packages/airflow/example_dags/example_complex.py
[2024-07-07T07:43:32.043+0000] {processor.py:840} INFO - DAG(s) 'example_complex' retrieved from /home/airflow/.local/lib/python3.12/site-packages/airflow/example_dags/example_complex.py
[2024-07-07T07:43:32.111+0000] {logging_mixin.py:188} INFO - [2024-07-07T07:43:32.110+0000] {dag.py:3096} INFO - Sync 1 DAGs
[2024-07-07T07:43:32.137+0000] {logging_mixin.py:188} INFO - [2024-07-07T07:43:32.137+0000] {dag.py:3954} INFO - Setting next_dagrun for example_complex to None, run_after=None
[2024-07-07T07:43:32.182+0000] {processor.py:183} INFO - Processing /home/airflow/.local/lib/python3.12/site-packages/airflow/example_dags/example_complex.py took 0.179 seconds
[2024-07-07T07:44:02.623+0000] {processor.py:161} INFO - Started process (PID=3307) to work on /home/airflow/.local/lib/python3.12/site-packages/airflow/example_dags/example_complex.py
[2024-07-07T07:44:02.626+0000] {processor.py:830} INFO - Processing file /home/airflow/.local/lib/python3.12/site-packages/airflow/example_dags/example_complex.py for tasks to queue
[2024-07-07T07:44:02.631+0000] {logging_mixin.py:188} INFO - [2024-07-07T07:44:02.629+0000] {dagbag.py:545} INFO - Filling up the DagBag from /home/airflow/.local/lib/python3.12/site-packages/airflow/example_dags/example_complex.py
[2024-07-07T07:44:02.673+0000] {processor.py:840} INFO - DAG(s) 'example_complex' retrieved from /home/airflow/.local/lib/python3.12/site-packages/airflow/example_dags/example_complex.py
[2024-07-07T07:44:02.819+0000] {logging_mixin.py:188} INFO - [2024-07-07T07:44:02.818+0000] {dag.py:3096} INFO - Sync 1 DAGs
[2024-07-07T07:44:02.861+0000] {logging_mixin.py:188} INFO - [2024-07-07T07:44:02.860+0000] {dag.py:3954} INFO - Setting next_dagrun for example_complex to None, run_after=None
[2024-07-07T07:44:02.911+0000] {processor.py:183} INFO - Processing /home/airflow/.local/lib/python3.12/site-packages/airflow/example_dags/example_complex.py took 0.316 seconds
[2024-07-07T07:44:33.066+0000] {processor.py:161} INFO - Started process (PID=3367) to work on /home/airflow/.local/lib/python3.12/site-packages/airflow/example_dags/example_complex.py
[2024-07-07T07:44:33.070+0000] {processor.py:830} INFO - Processing file /home/airflow/.local/lib/python3.12/site-packages/airflow/example_dags/example_complex.py for tasks to queue
[2024-07-07T07:44:33.073+0000] {logging_mixin.py:188} INFO - [2024-07-07T07:44:33.072+0000] {dagbag.py:545} INFO - Filling up the DagBag from /home/airflow/.local/lib/python3.12/site-packages/airflow/example_dags/example_complex.py
[2024-07-07T07:44:33.108+0000] {processor.py:840} INFO - DAG(s) 'example_complex' retrieved from /home/airflow/.local/lib/python3.12/site-packages/airflow/example_dags/example_complex.py
[2024-07-07T07:44:33.189+0000] {logging_mixin.py:188} INFO - [2024-07-07T07:44:33.189+0000] {dag.py:3096} INFO - Sync 1 DAGs
[2024-07-07T07:44:33.225+0000] {logging_mixin.py:188} INFO - [2024-07-07T07:44:33.224+0000] {dag.py:3954} INFO - Setting next_dagrun for example_complex to None, run_after=None
[2024-07-07T07:44:33.274+0000] {processor.py:183} INFO - Processing /home/airflow/.local/lib/python3.12/site-packages/airflow/example_dags/example_complex.py took 0.229 seconds
[2024-07-07T07:45:03.655+0000] {processor.py:161} INFO - Started process (PID=3427) to work on /home/airflow/.local/lib/python3.12/site-packages/airflow/example_dags/example_complex.py
[2024-07-07T07:45:03.658+0000] {processor.py:830} INFO - Processing file /home/airflow/.local/lib/python3.12/site-packages/airflow/example_dags/example_complex.py for tasks to queue
[2024-07-07T07:45:03.661+0000] {logging_mixin.py:188} INFO - [2024-07-07T07:45:03.660+0000] {dagbag.py:545} INFO - Filling up the DagBag from /home/airflow/.local/lib/python3.12/site-packages/airflow/example_dags/example_complex.py
[2024-07-07T07:45:03.695+0000] {processor.py:840} INFO - DAG(s) 'example_complex' retrieved from /home/airflow/.local/lib/python3.12/site-packages/airflow/example_dags/example_complex.py
[2024-07-07T07:45:03.796+0000] {logging_mixin.py:188} INFO - [2024-07-07T07:45:03.795+0000] {dag.py:3096} INFO - Sync 1 DAGs
[2024-07-07T07:45:03.855+0000] {logging_mixin.py:188} INFO - [2024-07-07T07:45:03.854+0000] {dag.py:3954} INFO - Setting next_dagrun for example_complex to None, run_after=None
[2024-07-07T07:45:03.912+0000] {processor.py:183} INFO - Processing /home/airflow/.local/lib/python3.12/site-packages/airflow/example_dags/example_complex.py took 0.277 seconds
[2024-07-07T07:45:34.374+0000] {processor.py:161} INFO - Started process (PID=3486) to work on /home/airflow/.local/lib/python3.12/site-packages/airflow/example_dags/example_complex.py
[2024-07-07T07:45:34.381+0000] {processor.py:830} INFO - Processing file /home/airflow/.local/lib/python3.12/site-packages/airflow/example_dags/example_complex.py for tasks to queue
[2024-07-07T07:45:34.386+0000] {logging_mixin.py:188} INFO - [2024-07-07T07:45:34.384+0000] {dagbag.py:545} INFO - Filling up the DagBag from /home/airflow/.local/lib/python3.12/site-packages/airflow/example_dags/example_complex.py
[2024-07-07T07:45:34.464+0000] {processor.py:840} INFO - DAG(s) 'example_complex' retrieved from /home/airflow/.local/lib/python3.12/site-packages/airflow/example_dags/example_complex.py
[2024-07-07T07:45:34.691+0000] {logging_mixin.py:188} INFO - [2024-07-07T07:45:34.689+0000] {dag.py:3096} INFO - Sync 1 DAGs
[2024-07-07T07:45:34.765+0000] {logging_mixin.py:188} INFO - [2024-07-07T07:45:34.763+0000] {dag.py:3954} INFO - Setting next_dagrun for example_complex to None, run_after=None
[2024-07-07T07:45:34.914+0000] {processor.py:183} INFO - Processing /home/airflow/.local/lib/python3.12/site-packages/airflow/example_dags/example_complex.py took 0.595 seconds
[2024-07-07T07:46:05.321+0000] {processor.py:161} INFO - Started process (PID=3546) to work on /home/airflow/.local/lib/python3.12/site-packages/airflow/example_dags/example_complex.py
[2024-07-07T07:46:05.324+0000] {processor.py:830} INFO - Processing file /home/airflow/.local/lib/python3.12/site-packages/airflow/example_dags/example_complex.py for tasks to queue
[2024-07-07T07:46:05.327+0000] {logging_mixin.py:188} INFO - [2024-07-07T07:46:05.326+0000] {dagbag.py:545} INFO - Filling up the DagBag from /home/airflow/.local/lib/python3.12/site-packages/airflow/example_dags/example_complex.py
[2024-07-07T07:46:05.373+0000] {processor.py:840} INFO - DAG(s) 'example_complex' retrieved from /home/airflow/.local/lib/python3.12/site-packages/airflow/example_dags/example_complex.py
[2024-07-07T07:46:05.498+0000] {logging_mixin.py:188} INFO - [2024-07-07T07:46:05.497+0000] {dag.py:3096} INFO - Sync 1 DAGs
[2024-07-07T07:46:05.528+0000] {logging_mixin.py:188} INFO - [2024-07-07T07:46:05.527+0000] {dag.py:3954} INFO - Setting next_dagrun for example_complex to None, run_after=None
[2024-07-07T07:46:05.574+0000] {processor.py:183} INFO - Processing /home/airflow/.local/lib/python3.12/site-packages/airflow/example_dags/example_complex.py took 0.273 seconds
[2024-07-07T07:46:35.948+0000] {processor.py:161} INFO - Started process (PID=3607) to work on /home/airflow/.local/lib/python3.12/site-packages/airflow/example_dags/example_complex.py
[2024-07-07T07:46:35.950+0000] {processor.py:830} INFO - Processing file /home/airflow/.local/lib/python3.12/site-packages/airflow/example_dags/example_complex.py for tasks to queue
[2024-07-07T07:46:35.952+0000] {logging_mixin.py:188} INFO - [2024-07-07T07:46:35.951+0000] {dagbag.py:545} INFO - Filling up the DagBag from /home/airflow/.local/lib/python3.12/site-packages/airflow/example_dags/example_complex.py
[2024-07-07T07:46:35.986+0000] {processor.py:840} INFO - DAG(s) 'example_complex' retrieved from /home/airflow/.local/lib/python3.12/site-packages/airflow/example_dags/example_complex.py
[2024-07-07T07:46:36.048+0000] {logging_mixin.py:188} INFO - [2024-07-07T07:46:36.047+0000] {dag.py:3096} INFO - Sync 1 DAGs
[2024-07-07T07:46:36.071+0000] {logging_mixin.py:188} INFO - [2024-07-07T07:46:36.070+0000] {dag.py:3954} INFO - Setting next_dagrun for example_complex to None, run_after=None
[2024-07-07T07:46:36.103+0000] {processor.py:183} INFO - Processing /home/airflow/.local/lib/python3.12/site-packages/airflow/example_dags/example_complex.py took 0.169 seconds
[2024-07-07T07:47:06.450+0000] {processor.py:161} INFO - Started process (PID=3668) to work on /home/airflow/.local/lib/python3.12/site-packages/airflow/example_dags/example_complex.py
[2024-07-07T07:47:06.452+0000] {processor.py:830} INFO - Processing file /home/airflow/.local/lib/python3.12/site-packages/airflow/example_dags/example_complex.py for tasks to queue
[2024-07-07T07:47:06.454+0000] {logging_mixin.py:188} INFO - [2024-07-07T07:47:06.453+0000] {dagbag.py:545} INFO - Filling up the DagBag from /home/airflow/.local/lib/python3.12/site-packages/airflow/example_dags/example_complex.py
[2024-07-07T07:47:06.474+0000] {processor.py:840} INFO - DAG(s) 'example_complex' retrieved from /home/airflow/.local/lib/python3.12/site-packages/airflow/example_dags/example_complex.py
[2024-07-07T07:47:06.537+0000] {logging_mixin.py:188} INFO - [2024-07-07T07:47:06.536+0000] {dag.py:3096} INFO - Sync 1 DAGs
[2024-07-07T07:47:06.558+0000] {logging_mixin.py:188} INFO - [2024-07-07T07:47:06.558+0000] {dag.py:3954} INFO - Setting next_dagrun for example_complex to None, run_after=None
[2024-07-07T07:47:06.593+0000] {processor.py:183} INFO - Processing /home/airflow/.local/lib/python3.12/site-packages/airflow/example_dags/example_complex.py took 0.153 seconds
[2024-07-07T07:47:37.533+0000] {processor.py:161} INFO - Started process (PID=3728) to work on /home/airflow/.local/lib/python3.12/site-packages/airflow/example_dags/example_complex.py
[2024-07-07T07:47:37.539+0000] {processor.py:830} INFO - Processing file /home/airflow/.local/lib/python3.12/site-packages/airflow/example_dags/example_complex.py for tasks to queue
[2024-07-07T07:47:37.545+0000] {logging_mixin.py:188} INFO - [2024-07-07T07:47:37.543+0000] {dagbag.py:545} INFO - Filling up the DagBag from /home/airflow/.local/lib/python3.12/site-packages/airflow/example_dags/example_complex.py
[2024-07-07T07:47:37.600+0000] {processor.py:840} INFO - DAG(s) 'example_complex' retrieved from /home/airflow/.local/lib/python3.12/site-packages/airflow/example_dags/example_complex.py
[2024-07-07T07:47:37.775+0000] {logging_mixin.py:188} INFO - [2024-07-07T07:47:37.774+0000] {dag.py:3096} INFO - Sync 1 DAGs
[2024-07-07T07:47:37.834+0000] {logging_mixin.py:188} INFO - [2024-07-07T07:47:37.832+0000] {dag.py:3954} INFO - Setting next_dagrun for example_complex to None, run_after=None
[2024-07-07T07:47:37.928+0000] {processor.py:183} INFO - Processing /home/airflow/.local/lib/python3.12/site-packages/airflow/example_dags/example_complex.py took 0.423 seconds
[2024-07-07T07:48:08.338+0000] {processor.py:161} INFO - Started process (PID=3788) to work on /home/airflow/.local/lib/python3.12/site-packages/airflow/example_dags/example_complex.py
[2024-07-07T07:48:08.343+0000] {processor.py:830} INFO - Processing file /home/airflow/.local/lib/python3.12/site-packages/airflow/example_dags/example_complex.py for tasks to queue
[2024-07-07T07:48:08.349+0000] {logging_mixin.py:188} INFO - [2024-07-07T07:48:08.347+0000] {dagbag.py:545} INFO - Filling up the DagBag from /home/airflow/.local/lib/python3.12/site-packages/airflow/example_dags/example_complex.py
[2024-07-07T07:48:08.439+0000] {processor.py:840} INFO - DAG(s) 'example_complex' retrieved from /home/airflow/.local/lib/python3.12/site-packages/airflow/example_dags/example_complex.py
[2024-07-07T07:48:08.609+0000] {logging_mixin.py:188} INFO - [2024-07-07T07:48:08.608+0000] {dag.py:3096} INFO - Sync 1 DAGs
[2024-07-07T07:48:08.635+0000] {logging_mixin.py:188} INFO - [2024-07-07T07:48:08.634+0000] {dag.py:3954} INFO - Setting next_dagrun for example_complex to None, run_after=None
[2024-07-07T07:48:08.671+0000] {processor.py:183} INFO - Processing /home/airflow/.local/lib/python3.12/site-packages/airflow/example_dags/example_complex.py took 0.370 seconds
[2024-07-07T07:48:38.888+0000] {processor.py:161} INFO - Started process (PID=3848) to work on /home/airflow/.local/lib/python3.12/site-packages/airflow/example_dags/example_complex.py
[2024-07-07T07:48:38.892+0000] {processor.py:830} INFO - Processing file /home/airflow/.local/lib/python3.12/site-packages/airflow/example_dags/example_complex.py for tasks to queue
[2024-07-07T07:48:38.898+0000] {logging_mixin.py:188} INFO - [2024-07-07T07:48:38.896+0000] {dagbag.py:545} INFO - Filling up the DagBag from /home/airflow/.local/lib/python3.12/site-packages/airflow/example_dags/example_complex.py
[2024-07-07T07:48:38.945+0000] {processor.py:840} INFO - DAG(s) 'example_complex' retrieved from /home/airflow/.local/lib/python3.12/site-packages/airflow/example_dags/example_complex.py
[2024-07-07T07:48:39.108+0000] {logging_mixin.py:188} INFO - [2024-07-07T07:48:39.107+0000] {dag.py:3096} INFO - Sync 1 DAGs
[2024-07-07T07:48:39.172+0000] {logging_mixin.py:188} INFO - [2024-07-07T07:48:39.171+0000] {dag.py:3954} INFO - Setting next_dagrun for example_complex to None, run_after=None
[2024-07-07T07:48:39.256+0000] {processor.py:183} INFO - Processing /home/airflow/.local/lib/python3.12/site-packages/airflow/example_dags/example_complex.py took 0.393 seconds
[2024-07-07T07:49:09.462+0000] {processor.py:161} INFO - Started process (PID=3908) to work on /home/airflow/.local/lib/python3.12/site-packages/airflow/example_dags/example_complex.py
[2024-07-07T07:49:09.464+0000] {processor.py:830} INFO - Processing file /home/airflow/.local/lib/python3.12/site-packages/airflow/example_dags/example_complex.py for tasks to queue
[2024-07-07T07:49:09.466+0000] {logging_mixin.py:188} INFO - [2024-07-07T07:49:09.465+0000] {dagbag.py:545} INFO - Filling up the DagBag from /home/airflow/.local/lib/python3.12/site-packages/airflow/example_dags/example_complex.py
[2024-07-07T07:49:09.487+0000] {processor.py:840} INFO - DAG(s) 'example_complex' retrieved from /home/airflow/.local/lib/python3.12/site-packages/airflow/example_dags/example_complex.py
[2024-07-07T07:49:09.563+0000] {logging_mixin.py:188} INFO - [2024-07-07T07:49:09.563+0000] {dag.py:3096} INFO - Sync 1 DAGs
[2024-07-07T07:49:09.585+0000] {logging_mixin.py:188} INFO - [2024-07-07T07:49:09.584+0000] {dag.py:3954} INFO - Setting next_dagrun for example_complex to None, run_after=None
[2024-07-07T07:49:09.614+0000] {processor.py:183} INFO - Processing /home/airflow/.local/lib/python3.12/site-packages/airflow/example_dags/example_complex.py took 0.162 seconds
[2024-07-07T07:49:40.772+0000] {processor.py:161} INFO - Started process (PID=3968) to work on /home/airflow/.local/lib/python3.12/site-packages/airflow/example_dags/example_complex.py
[2024-07-07T07:49:40.774+0000] {processor.py:830} INFO - Processing file /home/airflow/.local/lib/python3.12/site-packages/airflow/example_dags/example_complex.py for tasks to queue
[2024-07-07T07:49:40.777+0000] {logging_mixin.py:188} INFO - [2024-07-07T07:49:40.776+0000] {dagbag.py:545} INFO - Filling up the DagBag from /home/airflow/.local/lib/python3.12/site-packages/airflow/example_dags/example_complex.py
[2024-07-07T07:49:40.806+0000] {processor.py:840} INFO - DAG(s) 'example_complex' retrieved from /home/airflow/.local/lib/python3.12/site-packages/airflow/example_dags/example_complex.py
[2024-07-07T07:49:40.893+0000] {logging_mixin.py:188} INFO - [2024-07-07T07:49:40.892+0000] {dag.py:3096} INFO - Sync 1 DAGs
[2024-07-07T07:49:40.920+0000] {logging_mixin.py:188} INFO - [2024-07-07T07:49:40.919+0000] {dag.py:3954} INFO - Setting next_dagrun for example_complex to None, run_after=None
[2024-07-07T07:49:40.953+0000] {processor.py:183} INFO - Processing /home/airflow/.local/lib/python3.12/site-packages/airflow/example_dags/example_complex.py took 0.196 seconds
[2024-07-07T07:50:11.132+0000] {processor.py:161} INFO - Started process (PID=4026) to work on /home/airflow/.local/lib/python3.12/site-packages/airflow/example_dags/example_complex.py
[2024-07-07T07:50:11.134+0000] {processor.py:830} INFO - Processing file /home/airflow/.local/lib/python3.12/site-packages/airflow/example_dags/example_complex.py for tasks to queue
[2024-07-07T07:50:11.135+0000] {logging_mixin.py:188} INFO - [2024-07-07T07:50:11.135+0000] {dagbag.py:545} INFO - Filling up the DagBag from /home/airflow/.local/lib/python3.12/site-packages/airflow/example_dags/example_complex.py
[2024-07-07T07:50:11.156+0000] {processor.py:840} INFO - DAG(s) 'example_complex' retrieved from /home/airflow/.local/lib/python3.12/site-packages/airflow/example_dags/example_complex.py
[2024-07-07T07:50:11.231+0000] {logging_mixin.py:188} INFO - [2024-07-07T07:50:11.230+0000] {dag.py:3096} INFO - Sync 1 DAGs
[2024-07-07T07:50:11.257+0000] {logging_mixin.py:188} INFO - [2024-07-07T07:50:11.257+0000] {dag.py:3954} INFO - Setting next_dagrun for example_complex to None, run_after=None
[2024-07-07T07:50:11.301+0000] {processor.py:183} INFO - Processing /home/airflow/.local/lib/python3.12/site-packages/airflow/example_dags/example_complex.py took 0.181 seconds
[2024-07-07T07:50:41.979+0000] {processor.py:161} INFO - Started process (PID=4086) to work on /home/airflow/.local/lib/python3.12/site-packages/airflow/example_dags/example_complex.py
[2024-07-07T07:50:41.980+0000] {processor.py:830} INFO - Processing file /home/airflow/.local/lib/python3.12/site-packages/airflow/example_dags/example_complex.py for tasks to queue
[2024-07-07T07:50:41.982+0000] {logging_mixin.py:188} INFO - [2024-07-07T07:50:41.981+0000] {dagbag.py:545} INFO - Filling up the DagBag from /home/airflow/.local/lib/python3.12/site-packages/airflow/example_dags/example_complex.py
[2024-07-07T07:50:41.999+0000] {processor.py:840} INFO - DAG(s) 'example_complex' retrieved from /home/airflow/.local/lib/python3.12/site-packages/airflow/example_dags/example_complex.py
[2024-07-07T07:50:42.060+0000] {logging_mixin.py:188} INFO - [2024-07-07T07:50:42.060+0000] {dag.py:3096} INFO - Sync 1 DAGs
[2024-07-07T07:50:42.081+0000] {logging_mixin.py:188} INFO - [2024-07-07T07:50:42.081+0000] {dag.py:3954} INFO - Setting next_dagrun for example_complex to None, run_after=None
[2024-07-07T07:50:42.127+0000] {processor.py:183} INFO - Processing /home/airflow/.local/lib/python3.12/site-packages/airflow/example_dags/example_complex.py took 0.158 seconds
[2024-07-07T07:51:12.744+0000] {processor.py:161} INFO - Started process (PID=4144) to work on /home/airflow/.local/lib/python3.12/site-packages/airflow/example_dags/example_complex.py
[2024-07-07T07:51:12.745+0000] {processor.py:830} INFO - Processing file /home/airflow/.local/lib/python3.12/site-packages/airflow/example_dags/example_complex.py for tasks to queue
[2024-07-07T07:51:12.747+0000] {logging_mixin.py:188} INFO - [2024-07-07T07:51:12.746+0000] {dagbag.py:545} INFO - Filling up the DagBag from /home/airflow/.local/lib/python3.12/site-packages/airflow/example_dags/example_complex.py
[2024-07-07T07:51:12.764+0000] {processor.py:840} INFO - DAG(s) 'example_complex' retrieved from /home/airflow/.local/lib/python3.12/site-packages/airflow/example_dags/example_complex.py
[2024-07-07T07:51:12.816+0000] {logging_mixin.py:188} INFO - [2024-07-07T07:51:12.815+0000] {dag.py:3096} INFO - Sync 1 DAGs
[2024-07-07T07:51:12.833+0000] {logging_mixin.py:188} INFO - [2024-07-07T07:51:12.833+0000] {dag.py:3954} INFO - Setting next_dagrun for example_complex to None, run_after=None
[2024-07-07T07:51:12.867+0000] {processor.py:183} INFO - Processing /home/airflow/.local/lib/python3.12/site-packages/airflow/example_dags/example_complex.py took 0.134 seconds
[2024-07-07T07:51:43.761+0000] {processor.py:161} INFO - Started process (PID=4204) to work on /home/airflow/.local/lib/python3.12/site-packages/airflow/example_dags/example_complex.py
[2024-07-07T07:51:43.763+0000] {processor.py:830} INFO - Processing file /home/airflow/.local/lib/python3.12/site-packages/airflow/example_dags/example_complex.py for tasks to queue
[2024-07-07T07:51:43.765+0000] {logging_mixin.py:188} INFO - [2024-07-07T07:51:43.764+0000] {dagbag.py:545} INFO - Filling up the DagBag from /home/airflow/.local/lib/python3.12/site-packages/airflow/example_dags/example_complex.py
[2024-07-07T07:51:43.788+0000] {processor.py:840} INFO - DAG(s) 'example_complex' retrieved from /home/airflow/.local/lib/python3.12/site-packages/airflow/example_dags/example_complex.py
[2024-07-07T07:51:43.848+0000] {logging_mixin.py:188} INFO - [2024-07-07T07:51:43.847+0000] {dag.py:3096} INFO - Sync 1 DAGs
[2024-07-07T07:51:43.868+0000] {logging_mixin.py:188} INFO - [2024-07-07T07:51:43.868+0000] {dag.py:3954} INFO - Setting next_dagrun for example_complex to None, run_after=None
[2024-07-07T07:51:43.909+0000] {processor.py:183} INFO - Processing /home/airflow/.local/lib/python3.12/site-packages/airflow/example_dags/example_complex.py took 0.160 seconds
[2024-07-07T07:52:14.234+0000] {processor.py:161} INFO - Started process (PID=4264) to work on /home/airflow/.local/lib/python3.12/site-packages/airflow/example_dags/example_complex.py
[2024-07-07T07:52:14.236+0000] {processor.py:830} INFO - Processing file /home/airflow/.local/lib/python3.12/site-packages/airflow/example_dags/example_complex.py for tasks to queue
[2024-07-07T07:52:14.238+0000] {logging_mixin.py:188} INFO - [2024-07-07T07:52:14.238+0000] {dagbag.py:545} INFO - Filling up the DagBag from /home/airflow/.local/lib/python3.12/site-packages/airflow/example_dags/example_complex.py
[2024-07-07T07:52:14.255+0000] {processor.py:840} INFO - DAG(s) 'example_complex' retrieved from /home/airflow/.local/lib/python3.12/site-packages/airflow/example_dags/example_complex.py
[2024-07-07T07:52:14.311+0000] {logging_mixin.py:188} INFO - [2024-07-07T07:52:14.311+0000] {dag.py:3096} INFO - Sync 1 DAGs
[2024-07-07T07:52:14.329+0000] {logging_mixin.py:188} INFO - [2024-07-07T07:52:14.328+0000] {dag.py:3954} INFO - Setting next_dagrun for example_complex to None, run_after=None
[2024-07-07T07:52:14.363+0000] {processor.py:183} INFO - Processing /home/airflow/.local/lib/python3.12/site-packages/airflow/example_dags/example_complex.py took 0.138 seconds
[2024-07-07T07:52:44.703+0000] {processor.py:161} INFO - Started process (PID=4324) to work on /home/airflow/.local/lib/python3.12/site-packages/airflow/example_dags/example_complex.py
[2024-07-07T07:52:44.705+0000] {processor.py:830} INFO - Processing file /home/airflow/.local/lib/python3.12/site-packages/airflow/example_dags/example_complex.py for tasks to queue
[2024-07-07T07:52:44.706+0000] {logging_mixin.py:188} INFO - [2024-07-07T07:52:44.706+0000] {dagbag.py:545} INFO - Filling up the DagBag from /home/airflow/.local/lib/python3.12/site-packages/airflow/example_dags/example_complex.py
[2024-07-07T07:52:44.723+0000] {processor.py:840} INFO - DAG(s) 'example_complex' retrieved from /home/airflow/.local/lib/python3.12/site-packages/airflow/example_dags/example_complex.py
[2024-07-07T07:52:44.774+0000] {logging_mixin.py:188} INFO - [2024-07-07T07:52:44.774+0000] {dag.py:3096} INFO - Sync 1 DAGs
[2024-07-07T07:52:44.793+0000] {logging_mixin.py:188} INFO - [2024-07-07T07:52:44.792+0000] {dag.py:3954} INFO - Setting next_dagrun for example_complex to None, run_after=None
[2024-07-07T07:52:44.824+0000] {processor.py:183} INFO - Processing /home/airflow/.local/lib/python3.12/site-packages/airflow/example_dags/example_complex.py took 0.131 seconds
[2024-07-07T07:53:15.175+0000] {processor.py:161} INFO - Started process (PID=4384) to work on /home/airflow/.local/lib/python3.12/site-packages/airflow/example_dags/example_complex.py
[2024-07-07T07:53:15.177+0000] {processor.py:830} INFO - Processing file /home/airflow/.local/lib/python3.12/site-packages/airflow/example_dags/example_complex.py for tasks to queue
[2024-07-07T07:53:15.179+0000] {logging_mixin.py:188} INFO - [2024-07-07T07:53:15.178+0000] {dagbag.py:545} INFO - Filling up the DagBag from /home/airflow/.local/lib/python3.12/site-packages/airflow/example_dags/example_complex.py
[2024-07-07T07:53:15.205+0000] {processor.py:840} INFO - DAG(s) 'example_complex' retrieved from /home/airflow/.local/lib/python3.12/site-packages/airflow/example_dags/example_complex.py
[2024-07-07T07:53:15.274+0000] {logging_mixin.py:188} INFO - [2024-07-07T07:53:15.274+0000] {dag.py:3096} INFO - Sync 1 DAGs
[2024-07-07T07:53:15.296+0000] {logging_mixin.py:188} INFO - [2024-07-07T07:53:15.296+0000] {dag.py:3954} INFO - Setting next_dagrun for example_complex to None, run_after=None
[2024-07-07T07:53:15.330+0000] {processor.py:183} INFO - Processing /home/airflow/.local/lib/python3.12/site-packages/airflow/example_dags/example_complex.py took 0.167 seconds
[2024-07-07T07:53:45.619+0000] {processor.py:161} INFO - Started process (PID=4444) to work on /home/airflow/.local/lib/python3.12/site-packages/airflow/example_dags/example_complex.py
[2024-07-07T07:53:45.621+0000] {processor.py:830} INFO - Processing file /home/airflow/.local/lib/python3.12/site-packages/airflow/example_dags/example_complex.py for tasks to queue
[2024-07-07T07:53:45.623+0000] {logging_mixin.py:188} INFO - [2024-07-07T07:53:45.622+0000] {dagbag.py:545} INFO - Filling up the DagBag from /home/airflow/.local/lib/python3.12/site-packages/airflow/example_dags/example_complex.py
[2024-07-07T07:53:45.642+0000] {processor.py:840} INFO - DAG(s) 'example_complex' retrieved from /home/airflow/.local/lib/python3.12/site-packages/airflow/example_dags/example_complex.py
[2024-07-07T07:53:45.697+0000] {logging_mixin.py:188} INFO - [2024-07-07T07:53:45.696+0000] {dag.py:3096} INFO - Sync 1 DAGs
[2024-07-07T07:53:45.717+0000] {logging_mixin.py:188} INFO - [2024-07-07T07:53:45.717+0000] {dag.py:3954} INFO - Setting next_dagrun for example_complex to None, run_after=None
[2024-07-07T07:53:45.749+0000] {processor.py:183} INFO - Processing /home/airflow/.local/lib/python3.12/site-packages/airflow/example_dags/example_complex.py took 0.142 seconds
[2024-07-07T07:54:16.374+0000] {processor.py:161} INFO - Started process (PID=4504) to work on /home/airflow/.local/lib/python3.12/site-packages/airflow/example_dags/example_complex.py
[2024-07-07T07:54:16.375+0000] {processor.py:830} INFO - Processing file /home/airflow/.local/lib/python3.12/site-packages/airflow/example_dags/example_complex.py for tasks to queue
[2024-07-07T07:54:16.377+0000] {logging_mixin.py:188} INFO - [2024-07-07T07:54:16.376+0000] {dagbag.py:545} INFO - Filling up the DagBag from /home/airflow/.local/lib/python3.12/site-packages/airflow/example_dags/example_complex.py
[2024-07-07T07:54:16.394+0000] {processor.py:840} INFO - DAG(s) 'example_complex' retrieved from /home/airflow/.local/lib/python3.12/site-packages/airflow/example_dags/example_complex.py
[2024-07-07T07:54:16.444+0000] {logging_mixin.py:188} INFO - [2024-07-07T07:54:16.443+0000] {dag.py:3096} INFO - Sync 1 DAGs
[2024-07-07T07:54:16.462+0000] {logging_mixin.py:188} INFO - [2024-07-07T07:54:16.462+0000] {dag.py:3954} INFO - Setting next_dagrun for example_complex to None, run_after=None
[2024-07-07T07:54:16.499+0000] {processor.py:183} INFO - Processing /home/airflow/.local/lib/python3.12/site-packages/airflow/example_dags/example_complex.py took 0.134 seconds
[2024-07-07T07:54:46.984+0000] {processor.py:161} INFO - Started process (PID=4564) to work on /home/airflow/.local/lib/python3.12/site-packages/airflow/example_dags/example_complex.py
[2024-07-07T07:54:46.985+0000] {processor.py:830} INFO - Processing file /home/airflow/.local/lib/python3.12/site-packages/airflow/example_dags/example_complex.py for tasks to queue
[2024-07-07T07:54:46.987+0000] {logging_mixin.py:188} INFO - [2024-07-07T07:54:46.987+0000] {dagbag.py:545} INFO - Filling up the DagBag from /home/airflow/.local/lib/python3.12/site-packages/airflow/example_dags/example_complex.py
[2024-07-07T07:54:47.021+0000] {processor.py:840} INFO - DAG(s) 'example_complex' retrieved from /home/airflow/.local/lib/python3.12/site-packages/airflow/example_dags/example_complex.py
[2024-07-07T07:54:47.086+0000] {logging_mixin.py:188} INFO - [2024-07-07T07:54:47.085+0000] {dag.py:3096} INFO - Sync 1 DAGs
[2024-07-07T07:54:47.112+0000] {logging_mixin.py:188} INFO - [2024-07-07T07:54:47.111+0000] {dag.py:3954} INFO - Setting next_dagrun for example_complex to None, run_after=None
[2024-07-07T07:54:47.149+0000] {processor.py:183} INFO - Processing /home/airflow/.local/lib/python3.12/site-packages/airflow/example_dags/example_complex.py took 0.193 seconds
[2024-07-07T07:55:17.487+0000] {processor.py:161} INFO - Started process (PID=4624) to work on /home/airflow/.local/lib/python3.12/site-packages/airflow/example_dags/example_complex.py
[2024-07-07T07:55:17.489+0000] {processor.py:830} INFO - Processing file /home/airflow/.local/lib/python3.12/site-packages/airflow/example_dags/example_complex.py for tasks to queue
[2024-07-07T07:55:17.490+0000] {logging_mixin.py:188} INFO - [2024-07-07T07:55:17.490+0000] {dagbag.py:545} INFO - Filling up the DagBag from /home/airflow/.local/lib/python3.12/site-packages/airflow/example_dags/example_complex.py
[2024-07-07T07:55:17.508+0000] {processor.py:840} INFO - DAG(s) 'example_complex' retrieved from /home/airflow/.local/lib/python3.12/site-packages/airflow/example_dags/example_complex.py
[2024-07-07T07:55:17.565+0000] {logging_mixin.py:188} INFO - [2024-07-07T07:55:17.565+0000] {dag.py:3096} INFO - Sync 1 DAGs
[2024-07-07T07:55:17.584+0000] {logging_mixin.py:188} INFO - [2024-07-07T07:55:17.584+0000] {dag.py:3954} INFO - Setting next_dagrun for example_complex to None, run_after=None
[2024-07-07T07:55:17.612+0000] {processor.py:183} INFO - Processing /home/airflow/.local/lib/python3.12/site-packages/airflow/example_dags/example_complex.py took 0.135 seconds
[2024-07-07T07:55:48.210+0000] {processor.py:161} INFO - Started process (PID=4684) to work on /home/airflow/.local/lib/python3.12/site-packages/airflow/example_dags/example_complex.py
[2024-07-07T07:55:48.211+0000] {processor.py:830} INFO - Processing file /home/airflow/.local/lib/python3.12/site-packages/airflow/example_dags/example_complex.py for tasks to queue
[2024-07-07T07:55:48.213+0000] {logging_mixin.py:188} INFO - [2024-07-07T07:55:48.212+0000] {dagbag.py:545} INFO - Filling up the DagBag from /home/airflow/.local/lib/python3.12/site-packages/airflow/example_dags/example_complex.py
[2024-07-07T07:55:48.230+0000] {processor.py:840} INFO - DAG(s) 'example_complex' retrieved from /home/airflow/.local/lib/python3.12/site-packages/airflow/example_dags/example_complex.py
[2024-07-07T07:55:48.283+0000] {logging_mixin.py:188} INFO - [2024-07-07T07:55:48.282+0000] {dag.py:3096} INFO - Sync 1 DAGs
[2024-07-07T07:55:48.300+0000] {logging_mixin.py:188} INFO - [2024-07-07T07:55:48.299+0000] {dag.py:3954} INFO - Setting next_dagrun for example_complex to None, run_after=None
[2024-07-07T07:55:48.333+0000] {processor.py:183} INFO - Processing /home/airflow/.local/lib/python3.12/site-packages/airflow/example_dags/example_complex.py took 0.132 seconds
[2024-07-07T07:56:18.455+0000] {processor.py:161} INFO - Started process (PID=4744) to work on /home/airflow/.local/lib/python3.12/site-packages/airflow/example_dags/example_complex.py
[2024-07-07T07:56:18.457+0000] {processor.py:830} INFO - Processing file /home/airflow/.local/lib/python3.12/site-packages/airflow/example_dags/example_complex.py for tasks to queue
[2024-07-07T07:56:18.459+0000] {logging_mixin.py:188} INFO - [2024-07-07T07:56:18.458+0000] {dagbag.py:545} INFO - Filling up the DagBag from /home/airflow/.local/lib/python3.12/site-packages/airflow/example_dags/example_complex.py
[2024-07-07T07:56:18.477+0000] {processor.py:840} INFO - DAG(s) 'example_complex' retrieved from /home/airflow/.local/lib/python3.12/site-packages/airflow/example_dags/example_complex.py
[2024-07-07T07:56:18.527+0000] {logging_mixin.py:188} INFO - [2024-07-07T07:56:18.527+0000] {dag.py:3096} INFO - Sync 1 DAGs
[2024-07-07T07:56:18.544+0000] {logging_mixin.py:188} INFO - [2024-07-07T07:56:18.543+0000] {dag.py:3954} INFO - Setting next_dagrun for example_complex to None, run_after=None
[2024-07-07T07:56:18.574+0000] {processor.py:183} INFO - Processing /home/airflow/.local/lib/python3.12/site-packages/airflow/example_dags/example_complex.py took 0.129 seconds
[2024-07-07T07:56:49.017+0000] {processor.py:161} INFO - Started process (PID=4804) to work on /home/airflow/.local/lib/python3.12/site-packages/airflow/example_dags/example_complex.py
[2024-07-07T07:56:49.019+0000] {processor.py:830} INFO - Processing file /home/airflow/.local/lib/python3.12/site-packages/airflow/example_dags/example_complex.py for tasks to queue
[2024-07-07T07:56:49.021+0000] {logging_mixin.py:188} INFO - [2024-07-07T07:56:49.020+0000] {dagbag.py:545} INFO - Filling up the DagBag from /home/airflow/.local/lib/python3.12/site-packages/airflow/example_dags/example_complex.py
[2024-07-07T07:56:49.038+0000] {processor.py:840} INFO - DAG(s) 'example_complex' retrieved from /home/airflow/.local/lib/python3.12/site-packages/airflow/example_dags/example_complex.py
[2024-07-07T07:56:49.086+0000] {logging_mixin.py:188} INFO - [2024-07-07T07:56:49.086+0000] {dag.py:3096} INFO - Sync 1 DAGs
[2024-07-07T07:56:49.105+0000] {logging_mixin.py:188} INFO - [2024-07-07T07:56:49.104+0000] {dag.py:3954} INFO - Setting next_dagrun for example_complex to None, run_after=None
[2024-07-07T07:56:49.132+0000] {processor.py:183} INFO - Processing /home/airflow/.local/lib/python3.12/site-packages/airflow/example_dags/example_complex.py took 0.125 seconds
[2024-07-07T07:57:19.607+0000] {processor.py:161} INFO - Started process (PID=4864) to work on /home/airflow/.local/lib/python3.12/site-packages/airflow/example_dags/example_complex.py
[2024-07-07T07:57:19.608+0000] {processor.py:830} INFO - Processing file /home/airflow/.local/lib/python3.12/site-packages/airflow/example_dags/example_complex.py for tasks to queue
[2024-07-07T07:57:19.610+0000] {logging_mixin.py:188} INFO - [2024-07-07T07:57:19.609+0000] {dagbag.py:545} INFO - Filling up the DagBag from /home/airflow/.local/lib/python3.12/site-packages/airflow/example_dags/example_complex.py
[2024-07-07T07:57:19.626+0000] {processor.py:840} INFO - DAG(s) 'example_complex' retrieved from /home/airflow/.local/lib/python3.12/site-packages/airflow/example_dags/example_complex.py
[2024-07-07T07:57:19.675+0000] {logging_mixin.py:188} INFO - [2024-07-07T07:57:19.675+0000] {dag.py:3096} INFO - Sync 1 DAGs
[2024-07-07T07:57:19.692+0000] {logging_mixin.py:188} INFO - [2024-07-07T07:57:19.692+0000] {dag.py:3954} INFO - Setting next_dagrun for example_complex to None, run_after=None
[2024-07-07T07:57:19.725+0000] {processor.py:183} INFO - Processing /home/airflow/.local/lib/python3.12/site-packages/airflow/example_dags/example_complex.py took 0.127 seconds
[2024-07-07T07:57:49.900+0000] {processor.py:161} INFO - Started process (PID=4924) to work on /home/airflow/.local/lib/python3.12/site-packages/airflow/example_dags/example_complex.py
[2024-07-07T07:57:49.901+0000] {processor.py:830} INFO - Processing file /home/airflow/.local/lib/python3.12/site-packages/airflow/example_dags/example_complex.py for tasks to queue
[2024-07-07T07:57:49.903+0000] {logging_mixin.py:188} INFO - [2024-07-07T07:57:49.902+0000] {dagbag.py:545} INFO - Filling up the DagBag from /home/airflow/.local/lib/python3.12/site-packages/airflow/example_dags/example_complex.py
[2024-07-07T07:57:49.919+0000] {processor.py:840} INFO - DAG(s) 'example_complex' retrieved from /home/airflow/.local/lib/python3.12/site-packages/airflow/example_dags/example_complex.py
[2024-07-07T07:57:49.969+0000] {logging_mixin.py:188} INFO - [2024-07-07T07:57:49.969+0000] {dag.py:3096} INFO - Sync 1 DAGs
[2024-07-07T07:57:49.986+0000] {logging_mixin.py:188} INFO - [2024-07-07T07:57:49.986+0000] {dag.py:3954} INFO - Setting next_dagrun for example_complex to None, run_after=None
[2024-07-07T07:57:50.019+0000] {processor.py:183} INFO - Processing /home/airflow/.local/lib/python3.12/site-packages/airflow/example_dags/example_complex.py took 0.128 seconds
[2024-07-07T07:58:20.175+0000] {processor.py:161} INFO - Started process (PID=4984) to work on /home/airflow/.local/lib/python3.12/site-packages/airflow/example_dags/example_complex.py
[2024-07-07T07:58:20.177+0000] {processor.py:830} INFO - Processing file /home/airflow/.local/lib/python3.12/site-packages/airflow/example_dags/example_complex.py for tasks to queue
[2024-07-07T07:58:20.178+0000] {logging_mixin.py:188} INFO - [2024-07-07T07:58:20.178+0000] {dagbag.py:545} INFO - Filling up the DagBag from /home/airflow/.local/lib/python3.12/site-packages/airflow/example_dags/example_complex.py
[2024-07-07T07:58:20.195+0000] {processor.py:840} INFO - DAG(s) 'example_complex' retrieved from /home/airflow/.local/lib/python3.12/site-packages/airflow/example_dags/example_complex.py
[2024-07-07T07:58:20.249+0000] {logging_mixin.py:188} INFO - [2024-07-07T07:58:20.248+0000] {dag.py:3096} INFO - Sync 1 DAGs
[2024-07-07T07:58:20.268+0000] {logging_mixin.py:188} INFO - [2024-07-07T07:58:20.267+0000] {dag.py:3954} INFO - Setting next_dagrun for example_complex to None, run_after=None
[2024-07-07T07:58:20.300+0000] {processor.py:183} INFO - Processing /home/airflow/.local/lib/python3.12/site-packages/airflow/example_dags/example_complex.py took 0.135 seconds
[2024-07-07T07:58:51.037+0000] {processor.py:161} INFO - Started process (PID=5044) to work on /home/airflow/.local/lib/python3.12/site-packages/airflow/example_dags/example_complex.py
[2024-07-07T07:58:51.039+0000] {processor.py:830} INFO - Processing file /home/airflow/.local/lib/python3.12/site-packages/airflow/example_dags/example_complex.py for tasks to queue
[2024-07-07T07:58:51.040+0000] {logging_mixin.py:188} INFO - [2024-07-07T07:58:51.040+0000] {dagbag.py:545} INFO - Filling up the DagBag from /home/airflow/.local/lib/python3.12/site-packages/airflow/example_dags/example_complex.py
[2024-07-07T07:58:51.054+0000] {processor.py:840} INFO - DAG(s) 'example_complex' retrieved from /home/airflow/.local/lib/python3.12/site-packages/airflow/example_dags/example_complex.py
[2024-07-07T07:58:51.112+0000] {logging_mixin.py:188} INFO - [2024-07-07T07:58:51.112+0000] {dag.py:3096} INFO - Sync 1 DAGs
[2024-07-07T07:58:51.135+0000] {logging_mixin.py:188} INFO - [2024-07-07T07:58:51.135+0000] {dag.py:3954} INFO - Setting next_dagrun for example_complex to None, run_after=None
[2024-07-07T07:58:51.163+0000] {processor.py:183} INFO - Processing /home/airflow/.local/lib/python3.12/site-packages/airflow/example_dags/example_complex.py took 0.134 seconds
[2024-07-07T07:59:21.877+0000] {processor.py:161} INFO - Started process (PID=5104) to work on /home/airflow/.local/lib/python3.12/site-packages/airflow/example_dags/example_complex.py
[2024-07-07T07:59:21.879+0000] {processor.py:830} INFO - Processing file /home/airflow/.local/lib/python3.12/site-packages/airflow/example_dags/example_complex.py for tasks to queue
[2024-07-07T07:59:21.880+0000] {logging_mixin.py:188} INFO - [2024-07-07T07:59:21.880+0000] {dagbag.py:545} INFO - Filling up the DagBag from /home/airflow/.local/lib/python3.12/site-packages/airflow/example_dags/example_complex.py
[2024-07-07T07:59:21.900+0000] {processor.py:840} INFO - DAG(s) 'example_complex' retrieved from /home/airflow/.local/lib/python3.12/site-packages/airflow/example_dags/example_complex.py
[2024-07-07T07:59:21.960+0000] {logging_mixin.py:188} INFO - [2024-07-07T07:59:21.960+0000] {dag.py:3096} INFO - Sync 1 DAGs
[2024-07-07T07:59:21.981+0000] {logging_mixin.py:188} INFO - [2024-07-07T07:59:21.980+0000] {dag.py:3954} INFO - Setting next_dagrun for example_complex to None, run_after=None
[2024-07-07T07:59:22.017+0000] {processor.py:183} INFO - Processing /home/airflow/.local/lib/python3.12/site-packages/airflow/example_dags/example_complex.py took 0.151 seconds
[2024-07-07T07:59:52.806+0000] {processor.py:161} INFO - Started process (PID=5164) to work on /home/airflow/.local/lib/python3.12/site-packages/airflow/example_dags/example_complex.py
[2024-07-07T07:59:52.808+0000] {processor.py:830} INFO - Processing file /home/airflow/.local/lib/python3.12/site-packages/airflow/example_dags/example_complex.py for tasks to queue
[2024-07-07T07:59:52.810+0000] {logging_mixin.py:188} INFO - [2024-07-07T07:59:52.809+0000] {dagbag.py:545} INFO - Filling up the DagBag from /home/airflow/.local/lib/python3.12/site-packages/airflow/example_dags/example_complex.py
[2024-07-07T07:59:52.831+0000] {processor.py:840} INFO - DAG(s) 'example_complex' retrieved from /home/airflow/.local/lib/python3.12/site-packages/airflow/example_dags/example_complex.py
[2024-07-07T07:59:52.884+0000] {logging_mixin.py:188} INFO - [2024-07-07T07:59:52.884+0000] {dag.py:3096} INFO - Sync 1 DAGs
[2024-07-07T07:59:52.901+0000] {logging_mixin.py:188} INFO - [2024-07-07T07:59:52.900+0000] {dag.py:3954} INFO - Setting next_dagrun for example_complex to None, run_after=None
[2024-07-07T07:59:52.933+0000] {processor.py:183} INFO - Processing /home/airflow/.local/lib/python3.12/site-packages/airflow/example_dags/example_complex.py took 0.138 seconds
[2024-07-07T08:00:23.878+0000] {processor.py:161} INFO - Started process (PID=5224) to work on /home/airflow/.local/lib/python3.12/site-packages/airflow/example_dags/example_complex.py
[2024-07-07T08:00:23.880+0000] {processor.py:830} INFO - Processing file /home/airflow/.local/lib/python3.12/site-packages/airflow/example_dags/example_complex.py for tasks to queue
[2024-07-07T08:00:23.881+0000] {logging_mixin.py:188} INFO - [2024-07-07T08:00:23.881+0000] {dagbag.py:545} INFO - Filling up the DagBag from /home/airflow/.local/lib/python3.12/site-packages/airflow/example_dags/example_complex.py
[2024-07-07T08:00:23.896+0000] {processor.py:840} INFO - DAG(s) 'example_complex' retrieved from /home/airflow/.local/lib/python3.12/site-packages/airflow/example_dags/example_complex.py
[2024-07-07T08:00:23.942+0000] {logging_mixin.py:188} INFO - [2024-07-07T08:00:23.941+0000] {dag.py:3096} INFO - Sync 1 DAGs
[2024-07-07T08:00:23.959+0000] {logging_mixin.py:188} INFO - [2024-07-07T08:00:23.958+0000] {dag.py:3954} INFO - Setting next_dagrun for example_complex to None, run_after=None
[2024-07-07T08:00:23.985+0000] {processor.py:183} INFO - Processing /home/airflow/.local/lib/python3.12/site-packages/airflow/example_dags/example_complex.py took 0.116 seconds
[2024-07-07T08:05:22.982+0000] {processor.py:161} INFO - Started process (PID=5290) to work on /home/airflow/.local/lib/python3.12/site-packages/airflow/example_dags/example_complex.py
[2024-07-07T08:05:22.985+0000] {processor.py:830} INFO - Processing file /home/airflow/.local/lib/python3.12/site-packages/airflow/example_dags/example_complex.py for tasks to queue
[2024-07-07T08:05:22.996+0000] {logging_mixin.py:188} INFO - [2024-07-07T08:05:22.987+0000] {dagbag.py:545} INFO - Filling up the DagBag from /home/airflow/.local/lib/python3.12/site-packages/airflow/example_dags/example_complex.py
[2024-07-07T08:05:23.080+0000] {processor.py:840} INFO - DAG(s) 'example_complex' retrieved from /home/airflow/.local/lib/python3.12/site-packages/airflow/example_dags/example_complex.py
[2024-07-07T08:05:23.348+0000] {logging_mixin.py:188} INFO - [2024-07-07T08:05:23.347+0000] {dag.py:3096} INFO - Sync 1 DAGs
[2024-07-07T08:05:23.450+0000] {logging_mixin.py:188} INFO - [2024-07-07T08:05:23.441+0000] {dag.py:3954} INFO - Setting next_dagrun for example_complex to None, run_after=None
[2024-07-07T08:05:23.550+0000] {processor.py:183} INFO - Processing /home/airflow/.local/lib/python3.12/site-packages/airflow/example_dags/example_complex.py took 0.607 seconds
[2024-07-07T08:05:54.022+0000] {processor.py:161} INFO - Started process (PID=5351) to work on /home/airflow/.local/lib/python3.12/site-packages/airflow/example_dags/example_complex.py
[2024-07-07T08:05:54.024+0000] {processor.py:830} INFO - Processing file /home/airflow/.local/lib/python3.12/site-packages/airflow/example_dags/example_complex.py for tasks to queue
[2024-07-07T08:05:54.026+0000] {logging_mixin.py:188} INFO - [2024-07-07T08:05:54.025+0000] {dagbag.py:545} INFO - Filling up the DagBag from /home/airflow/.local/lib/python3.12/site-packages/airflow/example_dags/example_complex.py
[2024-07-07T08:05:54.048+0000] {processor.py:840} INFO - DAG(s) 'example_complex' retrieved from /home/airflow/.local/lib/python3.12/site-packages/airflow/example_dags/example_complex.py
[2024-07-07T08:05:54.113+0000] {logging_mixin.py:188} INFO - [2024-07-07T08:05:54.113+0000] {dag.py:3096} INFO - Sync 1 DAGs
[2024-07-07T08:05:54.140+0000] {logging_mixin.py:188} INFO - [2024-07-07T08:05:54.140+0000] {dag.py:3954} INFO - Setting next_dagrun for example_complex to None, run_after=None
[2024-07-07T08:05:54.171+0000] {processor.py:183} INFO - Processing /home/airflow/.local/lib/python3.12/site-packages/airflow/example_dags/example_complex.py took 0.158 seconds
