[2024-07-07T00:00:04.094+0000] {processor.py:161} INFO - Started process (PID=2296) to work on /home/airflow/.local/lib/python3.12/site-packages/airflow/example_dags/example_trigger_target_dag.py
[2024-07-07T00:00:04.098+0000] {processor.py:830} INFO - Processing file /home/airflow/.local/lib/python3.12/site-packages/airflow/example_dags/example_trigger_target_dag.py for tasks to queue
[2024-07-07T00:00:04.106+0000] {logging_mixin.py:188} INFO - [2024-07-07T00:00:04.104+0000] {dagbag.py:545} INFO - Filling up the DagBag from /home/airflow/.local/lib/python3.12/site-packages/airflow/example_dags/example_trigger_target_dag.py
[2024-07-07T00:00:04.131+0000] {processor.py:840} INFO - DAG(s) 'example_trigger_target_dag' retrieved from /home/airflow/.local/lib/python3.12/site-packages/airflow/example_dags/example_trigger_target_dag.py
[2024-07-07T00:00:04.208+0000] {logging_mixin.py:188} INFO - [2024-07-07T00:00:04.207+0000] {dag.py:3096} INFO - Sync 1 DAGs
[2024-07-07T00:00:04.269+0000] {logging_mixin.py:188} INFO - [2024-07-07T00:00:04.269+0000] {dag.py:3954} INFO - Setting next_dagrun for example_trigger_target_dag to None, run_after=None
[2024-07-07T00:00:04.347+0000] {processor.py:183} INFO - Processing /home/airflow/.local/lib/python3.12/site-packages/airflow/example_dags/example_trigger_target_dag.py took 0.281 seconds
[2024-07-07T00:00:34.511+0000] {processor.py:161} INFO - Started process (PID=2355) to work on /home/airflow/.local/lib/python3.12/site-packages/airflow/example_dags/example_trigger_target_dag.py
[2024-07-07T00:00:34.514+0000] {processor.py:830} INFO - Processing file /home/airflow/.local/lib/python3.12/site-packages/airflow/example_dags/example_trigger_target_dag.py for tasks to queue
[2024-07-07T00:00:34.520+0000] {logging_mixin.py:188} INFO - [2024-07-07T00:00:34.519+0000] {dagbag.py:545} INFO - Filling up the DagBag from /home/airflow/.local/lib/python3.12/site-packages/airflow/example_dags/example_trigger_target_dag.py
[2024-07-07T00:00:34.533+0000] {processor.py:840} INFO - DAG(s) 'example_trigger_target_dag' retrieved from /home/airflow/.local/lib/python3.12/site-packages/airflow/example_dags/example_trigger_target_dag.py
[2024-07-07T00:00:34.578+0000] {logging_mixin.py:188} INFO - [2024-07-07T00:00:34.577+0000] {dag.py:3096} INFO - Sync 1 DAGs
[2024-07-07T00:00:34.607+0000] {logging_mixin.py:188} INFO - [2024-07-07T00:00:34.606+0000] {dag.py:3954} INFO - Setting next_dagrun for example_trigger_target_dag to None, run_after=None
[2024-07-07T00:00:34.646+0000] {processor.py:183} INFO - Processing /home/airflow/.local/lib/python3.12/site-packages/airflow/example_dags/example_trigger_target_dag.py took 0.159 seconds
[2024-07-07T00:01:05.252+0000] {processor.py:161} INFO - Started process (PID=2415) to work on /home/airflow/.local/lib/python3.12/site-packages/airflow/example_dags/example_trigger_target_dag.py
[2024-07-07T00:01:05.256+0000] {processor.py:830} INFO - Processing file /home/airflow/.local/lib/python3.12/site-packages/airflow/example_dags/example_trigger_target_dag.py for tasks to queue
[2024-07-07T00:01:05.264+0000] {logging_mixin.py:188} INFO - [2024-07-07T00:01:05.263+0000] {dagbag.py:545} INFO - Filling up the DagBag from /home/airflow/.local/lib/python3.12/site-packages/airflow/example_dags/example_trigger_target_dag.py
[2024-07-07T00:01:05.289+0000] {processor.py:840} INFO - DAG(s) 'example_trigger_target_dag' retrieved from /home/airflow/.local/lib/python3.12/site-packages/airflow/example_dags/example_trigger_target_dag.py
[2024-07-07T00:01:05.379+0000] {logging_mixin.py:188} INFO - [2024-07-07T00:01:05.378+0000] {dag.py:3096} INFO - Sync 1 DAGs
[2024-07-07T00:01:05.431+0000] {logging_mixin.py:188} INFO - [2024-07-07T00:01:05.431+0000] {dag.py:3954} INFO - Setting next_dagrun for example_trigger_target_dag to None, run_after=None
[2024-07-07T00:01:05.495+0000] {processor.py:183} INFO - Processing /home/airflow/.local/lib/python3.12/site-packages/airflow/example_dags/example_trigger_target_dag.py took 0.273 seconds
[2024-07-07T00:01:36.622+0000] {processor.py:161} INFO - Started process (PID=2474) to work on /home/airflow/.local/lib/python3.12/site-packages/airflow/example_dags/example_trigger_target_dag.py
[2024-07-07T00:01:36.625+0000] {processor.py:830} INFO - Processing file /home/airflow/.local/lib/python3.12/site-packages/airflow/example_dags/example_trigger_target_dag.py for tasks to queue
[2024-07-07T00:01:36.631+0000] {logging_mixin.py:188} INFO - [2024-07-07T00:01:36.630+0000] {dagbag.py:545} INFO - Filling up the DagBag from /home/airflow/.local/lib/python3.12/site-packages/airflow/example_dags/example_trigger_target_dag.py
[2024-07-07T00:01:36.652+0000] {processor.py:840} INFO - DAG(s) 'example_trigger_target_dag' retrieved from /home/airflow/.local/lib/python3.12/site-packages/airflow/example_dags/example_trigger_target_dag.py
[2024-07-07T00:01:36.723+0000] {logging_mixin.py:188} INFO - [2024-07-07T00:01:36.723+0000] {dag.py:3096} INFO - Sync 1 DAGs
[2024-07-07T00:01:36.760+0000] {logging_mixin.py:188} INFO - [2024-07-07T00:01:36.760+0000] {dag.py:3954} INFO - Setting next_dagrun for example_trigger_target_dag to None, run_after=None
[2024-07-07T00:01:36.815+0000] {processor.py:183} INFO - Processing /home/airflow/.local/lib/python3.12/site-packages/airflow/example_dags/example_trigger_target_dag.py took 0.211 seconds
[2024-07-07T00:02:07.051+0000] {processor.py:161} INFO - Started process (PID=2533) to work on /home/airflow/.local/lib/python3.12/site-packages/airflow/example_dags/example_trigger_target_dag.py
[2024-07-07T00:02:07.054+0000] {processor.py:830} INFO - Processing file /home/airflow/.local/lib/python3.12/site-packages/airflow/example_dags/example_trigger_target_dag.py for tasks to queue
[2024-07-07T00:02:07.060+0000] {logging_mixin.py:188} INFO - [2024-07-07T00:02:07.059+0000] {dagbag.py:545} INFO - Filling up the DagBag from /home/airflow/.local/lib/python3.12/site-packages/airflow/example_dags/example_trigger_target_dag.py
[2024-07-07T00:02:07.079+0000] {processor.py:840} INFO - DAG(s) 'example_trigger_target_dag' retrieved from /home/airflow/.local/lib/python3.12/site-packages/airflow/example_dags/example_trigger_target_dag.py
[2024-07-07T00:02:07.136+0000] {logging_mixin.py:188} INFO - [2024-07-07T00:02:07.135+0000] {dag.py:3096} INFO - Sync 1 DAGs
[2024-07-07T00:02:07.192+0000] {logging_mixin.py:188} INFO - [2024-07-07T00:02:07.191+0000] {dag.py:3954} INFO - Setting next_dagrun for example_trigger_target_dag to None, run_after=None
[2024-07-07T00:02:07.279+0000] {processor.py:183} INFO - Processing /home/airflow/.local/lib/python3.12/site-packages/airflow/example_dags/example_trigger_target_dag.py took 0.249 seconds
[2024-07-07T00:02:37.555+0000] {processor.py:161} INFO - Started process (PID=2593) to work on /home/airflow/.local/lib/python3.12/site-packages/airflow/example_dags/example_trigger_target_dag.py
[2024-07-07T00:02:37.559+0000] {processor.py:830} INFO - Processing file /home/airflow/.local/lib/python3.12/site-packages/airflow/example_dags/example_trigger_target_dag.py for tasks to queue
[2024-07-07T00:02:37.567+0000] {logging_mixin.py:188} INFO - [2024-07-07T00:02:37.566+0000] {dagbag.py:545} INFO - Filling up the DagBag from /home/airflow/.local/lib/python3.12/site-packages/airflow/example_dags/example_trigger_target_dag.py
[2024-07-07T00:02:37.589+0000] {processor.py:840} INFO - DAG(s) 'example_trigger_target_dag' retrieved from /home/airflow/.local/lib/python3.12/site-packages/airflow/example_dags/example_trigger_target_dag.py
[2024-07-07T00:02:37.643+0000] {logging_mixin.py:188} INFO - [2024-07-07T00:02:37.642+0000] {dag.py:3096} INFO - Sync 1 DAGs
[2024-07-07T00:02:37.681+0000] {logging_mixin.py:188} INFO - [2024-07-07T00:02:37.681+0000] {dag.py:3954} INFO - Setting next_dagrun for example_trigger_target_dag to None, run_after=None
[2024-07-07T00:02:37.729+0000] {processor.py:183} INFO - Processing /home/airflow/.local/lib/python3.12/site-packages/airflow/example_dags/example_trigger_target_dag.py took 0.193 seconds
[2024-07-07T00:03:08.019+0000] {processor.py:161} INFO - Started process (PID=2654) to work on /home/airflow/.local/lib/python3.12/site-packages/airflow/example_dags/example_trigger_target_dag.py
[2024-07-07T00:03:08.023+0000] {processor.py:830} INFO - Processing file /home/airflow/.local/lib/python3.12/site-packages/airflow/example_dags/example_trigger_target_dag.py for tasks to queue
[2024-07-07T00:03:08.029+0000] {logging_mixin.py:188} INFO - [2024-07-07T00:03:08.029+0000] {dagbag.py:545} INFO - Filling up the DagBag from /home/airflow/.local/lib/python3.12/site-packages/airflow/example_dags/example_trigger_target_dag.py
[2024-07-07T00:03:08.051+0000] {processor.py:840} INFO - DAG(s) 'example_trigger_target_dag' retrieved from /home/airflow/.local/lib/python3.12/site-packages/airflow/example_dags/example_trigger_target_dag.py
[2024-07-07T00:03:08.127+0000] {logging_mixin.py:188} INFO - [2024-07-07T00:03:08.126+0000] {dag.py:3096} INFO - Sync 1 DAGs
[2024-07-07T00:03:08.176+0000] {logging_mixin.py:188} INFO - [2024-07-07T00:03:08.176+0000] {dag.py:3954} INFO - Setting next_dagrun for example_trigger_target_dag to None, run_after=None
[2024-07-07T00:03:08.235+0000] {processor.py:183} INFO - Processing /home/airflow/.local/lib/python3.12/site-packages/airflow/example_dags/example_trigger_target_dag.py took 0.247 seconds
[2024-07-07T00:03:38.341+0000] {processor.py:161} INFO - Started process (PID=2714) to work on /home/airflow/.local/lib/python3.12/site-packages/airflow/example_dags/example_trigger_target_dag.py
[2024-07-07T00:03:38.344+0000] {processor.py:830} INFO - Processing file /home/airflow/.local/lib/python3.12/site-packages/airflow/example_dags/example_trigger_target_dag.py for tasks to queue
[2024-07-07T00:03:38.354+0000] {logging_mixin.py:188} INFO - [2024-07-07T00:03:38.353+0000] {dagbag.py:545} INFO - Filling up the DagBag from /home/airflow/.local/lib/python3.12/site-packages/airflow/example_dags/example_trigger_target_dag.py
[2024-07-07T00:03:38.375+0000] {processor.py:840} INFO - DAG(s) 'example_trigger_target_dag' retrieved from /home/airflow/.local/lib/python3.12/site-packages/airflow/example_dags/example_trigger_target_dag.py
[2024-07-07T00:03:38.458+0000] {logging_mixin.py:188} INFO - [2024-07-07T00:03:38.457+0000] {dag.py:3096} INFO - Sync 1 DAGs
[2024-07-07T00:03:38.509+0000] {logging_mixin.py:188} INFO - [2024-07-07T00:03:38.509+0000] {dag.py:3954} INFO - Setting next_dagrun for example_trigger_target_dag to None, run_after=None
[2024-07-07T00:03:38.585+0000] {processor.py:183} INFO - Processing /home/airflow/.local/lib/python3.12/site-packages/airflow/example_dags/example_trigger_target_dag.py took 0.272 seconds
[2024-07-07T03:03:59.091+0000] {processor.py:161} INFO - Started process (PID=2747) to work on /home/airflow/.local/lib/python3.12/site-packages/airflow/example_dags/example_trigger_target_dag.py
[2024-07-07T03:03:59.093+0000] {processor.py:830} INFO - Processing file /home/airflow/.local/lib/python3.12/site-packages/airflow/example_dags/example_trigger_target_dag.py for tasks to queue
[2024-07-07T03:03:59.095+0000] {logging_mixin.py:188} INFO - [2024-07-07T03:03:59.094+0000] {dagbag.py:545} INFO - Filling up the DagBag from /home/airflow/.local/lib/python3.12/site-packages/airflow/example_dags/example_trigger_target_dag.py
[2024-07-07T03:03:59.111+0000] {processor.py:840} INFO - DAG(s) 'example_trigger_target_dag' retrieved from /home/airflow/.local/lib/python3.12/site-packages/airflow/example_dags/example_trigger_target_dag.py
[2024-07-07T03:03:59.195+0000] {logging_mixin.py:188} INFO - [2024-07-07T03:03:59.194+0000] {dag.py:3096} INFO - Sync 1 DAGs
[2024-07-07T03:03:59.222+0000] {logging_mixin.py:188} INFO - [2024-07-07T03:03:59.221+0000] {dag.py:3954} INFO - Setting next_dagrun for example_trigger_target_dag to None, run_after=None
[2024-07-07T03:03:59.254+0000] {processor.py:183} INFO - Processing /home/airflow/.local/lib/python3.12/site-packages/airflow/example_dags/example_trigger_target_dag.py took 0.180 seconds
[2024-07-07T07:39:34.639+0000] {processor.py:161} INFO - Started process (PID=2805) to work on /home/airflow/.local/lib/python3.12/site-packages/airflow/example_dags/example_trigger_target_dag.py
[2024-07-07T07:39:34.642+0000] {processor.py:830} INFO - Processing file /home/airflow/.local/lib/python3.12/site-packages/airflow/example_dags/example_trigger_target_dag.py for tasks to queue
[2024-07-07T07:39:34.645+0000] {logging_mixin.py:188} INFO - [2024-07-07T07:39:34.644+0000] {dagbag.py:545} INFO - Filling up the DagBag from /home/airflow/.local/lib/python3.12/site-packages/airflow/example_dags/example_trigger_target_dag.py
[2024-07-07T07:39:34.662+0000] {processor.py:840} INFO - DAG(s) 'example_trigger_target_dag' retrieved from /home/airflow/.local/lib/python3.12/site-packages/airflow/example_dags/example_trigger_target_dag.py
[2024-07-07T07:39:34.730+0000] {logging_mixin.py:188} INFO - [2024-07-07T07:39:34.729+0000] {dag.py:3096} INFO - Sync 1 DAGs
[2024-07-07T07:39:34.790+0000] {logging_mixin.py:188} INFO - [2024-07-07T07:39:34.789+0000] {dag.py:3954} INFO - Setting next_dagrun for example_trigger_target_dag to None, run_after=None
[2024-07-07T07:39:34.848+0000] {processor.py:183} INFO - Processing /home/airflow/.local/lib/python3.12/site-packages/airflow/example_dags/example_trigger_target_dag.py took 0.229 seconds
[2024-07-07T07:40:05.143+0000] {processor.py:161} INFO - Started process (PID=2861) to work on /home/airflow/.local/lib/python3.12/site-packages/airflow/example_dags/example_trigger_target_dag.py
[2024-07-07T07:40:05.145+0000] {processor.py:830} INFO - Processing file /home/airflow/.local/lib/python3.12/site-packages/airflow/example_dags/example_trigger_target_dag.py for tasks to queue
[2024-07-07T07:40:05.147+0000] {logging_mixin.py:188} INFO - [2024-07-07T07:40:05.146+0000] {dagbag.py:545} INFO - Filling up the DagBag from /home/airflow/.local/lib/python3.12/site-packages/airflow/example_dags/example_trigger_target_dag.py
[2024-07-07T07:40:05.156+0000] {processor.py:840} INFO - DAG(s) 'example_trigger_target_dag' retrieved from /home/airflow/.local/lib/python3.12/site-packages/airflow/example_dags/example_trigger_target_dag.py
[2024-07-07T07:40:05.189+0000] {logging_mixin.py:188} INFO - [2024-07-07T07:40:05.189+0000] {dag.py:3096} INFO - Sync 1 DAGs
[2024-07-07T07:40:05.219+0000] {logging_mixin.py:188} INFO - [2024-07-07T07:40:05.219+0000] {dag.py:3954} INFO - Setting next_dagrun for example_trigger_target_dag to None, run_after=None
[2024-07-07T07:40:05.247+0000] {processor.py:183} INFO - Processing /home/airflow/.local/lib/python3.12/site-packages/airflow/example_dags/example_trigger_target_dag.py took 0.114 seconds
[2024-07-07T07:40:35.351+0000] {processor.py:161} INFO - Started process (PID=2921) to work on /home/airflow/.local/lib/python3.12/site-packages/airflow/example_dags/example_trigger_target_dag.py
[2024-07-07T07:40:35.352+0000] {processor.py:830} INFO - Processing file /home/airflow/.local/lib/python3.12/site-packages/airflow/example_dags/example_trigger_target_dag.py for tasks to queue
[2024-07-07T07:40:35.354+0000] {logging_mixin.py:188} INFO - [2024-07-07T07:40:35.354+0000] {dagbag.py:545} INFO - Filling up the DagBag from /home/airflow/.local/lib/python3.12/site-packages/airflow/example_dags/example_trigger_target_dag.py
[2024-07-07T07:40:35.362+0000] {processor.py:840} INFO - DAG(s) 'example_trigger_target_dag' retrieved from /home/airflow/.local/lib/python3.12/site-packages/airflow/example_dags/example_trigger_target_dag.py
[2024-07-07T07:40:35.394+0000] {logging_mixin.py:188} INFO - [2024-07-07T07:40:35.394+0000] {dag.py:3096} INFO - Sync 1 DAGs
[2024-07-07T07:40:35.416+0000] {logging_mixin.py:188} INFO - [2024-07-07T07:40:35.416+0000] {dag.py:3954} INFO - Setting next_dagrun for example_trigger_target_dag to None, run_after=None
[2024-07-07T07:40:35.446+0000] {processor.py:183} INFO - Processing /home/airflow/.local/lib/python3.12/site-packages/airflow/example_dags/example_trigger_target_dag.py took 0.102 seconds
[2024-07-07T07:41:05.772+0000] {processor.py:161} INFO - Started process (PID=2981) to work on /home/airflow/.local/lib/python3.12/site-packages/airflow/example_dags/example_trigger_target_dag.py
[2024-07-07T07:41:05.775+0000] {processor.py:830} INFO - Processing file /home/airflow/.local/lib/python3.12/site-packages/airflow/example_dags/example_trigger_target_dag.py for tasks to queue
[2024-07-07T07:41:05.778+0000] {logging_mixin.py:188} INFO - [2024-07-07T07:41:05.777+0000] {dagbag.py:545} INFO - Filling up the DagBag from /home/airflow/.local/lib/python3.12/site-packages/airflow/example_dags/example_trigger_target_dag.py
[2024-07-07T07:41:05.803+0000] {processor.py:840} INFO - DAG(s) 'example_trigger_target_dag' retrieved from /home/airflow/.local/lib/python3.12/site-packages/airflow/example_dags/example_trigger_target_dag.py
[2024-07-07T07:41:05.888+0000] {logging_mixin.py:188} INFO - [2024-07-07T07:41:05.887+0000] {dag.py:3096} INFO - Sync 1 DAGs
[2024-07-07T07:41:05.924+0000] {logging_mixin.py:188} INFO - [2024-07-07T07:41:05.924+0000] {dag.py:3954} INFO - Setting next_dagrun for example_trigger_target_dag to None, run_after=None
[2024-07-07T07:41:05.989+0000] {processor.py:183} INFO - Processing /home/airflow/.local/lib/python3.12/site-packages/airflow/example_dags/example_trigger_target_dag.py took 0.236 seconds
[2024-07-07T07:41:36.166+0000] {processor.py:161} INFO - Started process (PID=3041) to work on /home/airflow/.local/lib/python3.12/site-packages/airflow/example_dags/example_trigger_target_dag.py
[2024-07-07T07:41:36.168+0000] {processor.py:830} INFO - Processing file /home/airflow/.local/lib/python3.12/site-packages/airflow/example_dags/example_trigger_target_dag.py for tasks to queue
[2024-07-07T07:41:36.171+0000] {logging_mixin.py:188} INFO - [2024-07-07T07:41:36.170+0000] {dagbag.py:545} INFO - Filling up the DagBag from /home/airflow/.local/lib/python3.12/site-packages/airflow/example_dags/example_trigger_target_dag.py
[2024-07-07T07:41:36.186+0000] {processor.py:840} INFO - DAG(s) 'example_trigger_target_dag' retrieved from /home/airflow/.local/lib/python3.12/site-packages/airflow/example_dags/example_trigger_target_dag.py
[2024-07-07T07:41:36.234+0000] {logging_mixin.py:188} INFO - [2024-07-07T07:41:36.234+0000] {dag.py:3096} INFO - Sync 1 DAGs
[2024-07-07T07:41:36.265+0000] {logging_mixin.py:188} INFO - [2024-07-07T07:41:36.265+0000] {dag.py:3954} INFO - Setting next_dagrun for example_trigger_target_dag to None, run_after=None
[2024-07-07T07:41:36.316+0000] {processor.py:183} INFO - Processing /home/airflow/.local/lib/python3.12/site-packages/airflow/example_dags/example_trigger_target_dag.py took 0.168 seconds
[2024-07-07T07:42:07.185+0000] {processor.py:161} INFO - Started process (PID=3101) to work on /home/airflow/.local/lib/python3.12/site-packages/airflow/example_dags/example_trigger_target_dag.py
[2024-07-07T07:42:07.188+0000] {processor.py:830} INFO - Processing file /home/airflow/.local/lib/python3.12/site-packages/airflow/example_dags/example_trigger_target_dag.py for tasks to queue
[2024-07-07T07:42:07.191+0000] {logging_mixin.py:188} INFO - [2024-07-07T07:42:07.190+0000] {dagbag.py:545} INFO - Filling up the DagBag from /home/airflow/.local/lib/python3.12/site-packages/airflow/example_dags/example_trigger_target_dag.py
[2024-07-07T07:42:07.207+0000] {processor.py:840} INFO - DAG(s) 'example_trigger_target_dag' retrieved from /home/airflow/.local/lib/python3.12/site-packages/airflow/example_dags/example_trigger_target_dag.py
[2024-07-07T07:42:07.288+0000] {logging_mixin.py:188} INFO - [2024-07-07T07:42:07.288+0000] {dag.py:3096} INFO - Sync 1 DAGs
[2024-07-07T07:42:07.337+0000] {logging_mixin.py:188} INFO - [2024-07-07T07:42:07.336+0000] {dag.py:3954} INFO - Setting next_dagrun for example_trigger_target_dag to None, run_after=None
[2024-07-07T07:42:07.388+0000] {processor.py:183} INFO - Processing /home/airflow/.local/lib/python3.12/site-packages/airflow/example_dags/example_trigger_target_dag.py took 0.223 seconds
[2024-07-07T07:42:37.585+0000] {processor.py:161} INFO - Started process (PID=3157) to work on /home/airflow/.local/lib/python3.12/site-packages/airflow/example_dags/example_trigger_target_dag.py
[2024-07-07T07:42:37.591+0000] {processor.py:830} INFO - Processing file /home/airflow/.local/lib/python3.12/site-packages/airflow/example_dags/example_trigger_target_dag.py for tasks to queue
[2024-07-07T07:42:37.599+0000] {logging_mixin.py:188} INFO - [2024-07-07T07:42:37.596+0000] {dagbag.py:545} INFO - Filling up the DagBag from /home/airflow/.local/lib/python3.12/site-packages/airflow/example_dags/example_trigger_target_dag.py
[2024-07-07T07:42:37.630+0000] {processor.py:840} INFO - DAG(s) 'example_trigger_target_dag' retrieved from /home/airflow/.local/lib/python3.12/site-packages/airflow/example_dags/example_trigger_target_dag.py
[2024-07-07T07:42:37.759+0000] {logging_mixin.py:188} INFO - [2024-07-07T07:42:37.758+0000] {dag.py:3096} INFO - Sync 1 DAGs
[2024-07-07T07:42:37.844+0000] {logging_mixin.py:188} INFO - [2024-07-07T07:42:37.842+0000] {dag.py:3954} INFO - Setting next_dagrun for example_trigger_target_dag to None, run_after=None
[2024-07-07T07:42:37.966+0000] {processor.py:183} INFO - Processing /home/airflow/.local/lib/python3.12/site-packages/airflow/example_dags/example_trigger_target_dag.py took 0.411 seconds
[2024-07-07T07:43:08.884+0000] {processor.py:161} INFO - Started process (PID=3212) to work on /home/airflow/.local/lib/python3.12/site-packages/airflow/example_dags/example_trigger_target_dag.py
[2024-07-07T07:43:08.890+0000] {processor.py:830} INFO - Processing file /home/airflow/.local/lib/python3.12/site-packages/airflow/example_dags/example_trigger_target_dag.py for tasks to queue
[2024-07-07T07:43:08.898+0000] {logging_mixin.py:188} INFO - [2024-07-07T07:43:08.896+0000] {dagbag.py:545} INFO - Filling up the DagBag from /home/airflow/.local/lib/python3.12/site-packages/airflow/example_dags/example_trigger_target_dag.py
[2024-07-07T07:43:08.931+0000] {processor.py:840} INFO - DAG(s) 'example_trigger_target_dag' retrieved from /home/airflow/.local/lib/python3.12/site-packages/airflow/example_dags/example_trigger_target_dag.py
[2024-07-07T07:43:09.096+0000] {logging_mixin.py:188} INFO - [2024-07-07T07:43:09.095+0000] {dag.py:3096} INFO - Sync 1 DAGs
[2024-07-07T07:43:09.135+0000] {logging_mixin.py:188} INFO - [2024-07-07T07:43:09.134+0000] {dag.py:3954} INFO - Setting next_dagrun for example_trigger_target_dag to None, run_after=None
[2024-07-07T07:43:09.179+0000] {processor.py:183} INFO - Processing /home/airflow/.local/lib/python3.12/site-packages/airflow/example_dags/example_trigger_target_dag.py took 0.331 seconds
[2024-07-07T07:43:39.666+0000] {processor.py:161} INFO - Started process (PID=3268) to work on /home/airflow/.local/lib/python3.12/site-packages/airflow/example_dags/example_trigger_target_dag.py
[2024-07-07T07:43:39.669+0000] {processor.py:830} INFO - Processing file /home/airflow/.local/lib/python3.12/site-packages/airflow/example_dags/example_trigger_target_dag.py for tasks to queue
[2024-07-07T07:43:39.672+0000] {logging_mixin.py:188} INFO - [2024-07-07T07:43:39.671+0000] {dagbag.py:545} INFO - Filling up the DagBag from /home/airflow/.local/lib/python3.12/site-packages/airflow/example_dags/example_trigger_target_dag.py
[2024-07-07T07:43:39.689+0000] {processor.py:840} INFO - DAG(s) 'example_trigger_target_dag' retrieved from /home/airflow/.local/lib/python3.12/site-packages/airflow/example_dags/example_trigger_target_dag.py
[2024-07-07T07:43:39.748+0000] {logging_mixin.py:188} INFO - [2024-07-07T07:43:39.747+0000] {dag.py:3096} INFO - Sync 1 DAGs
[2024-07-07T07:43:39.821+0000] {logging_mixin.py:188} INFO - [2024-07-07T07:43:39.820+0000] {dag.py:3954} INFO - Setting next_dagrun for example_trigger_target_dag to None, run_after=None
[2024-07-07T07:43:39.861+0000] {processor.py:183} INFO - Processing /home/airflow/.local/lib/python3.12/site-packages/airflow/example_dags/example_trigger_target_dag.py took 0.216 seconds
[2024-07-07T07:44:10.255+0000] {processor.py:161} INFO - Started process (PID=3326) to work on /home/airflow/.local/lib/python3.12/site-packages/airflow/example_dags/example_trigger_target_dag.py
[2024-07-07T07:44:10.257+0000] {processor.py:830} INFO - Processing file /home/airflow/.local/lib/python3.12/site-packages/airflow/example_dags/example_trigger_target_dag.py for tasks to queue
[2024-07-07T07:44:10.262+0000] {logging_mixin.py:188} INFO - [2024-07-07T07:44:10.260+0000] {dagbag.py:545} INFO - Filling up the DagBag from /home/airflow/.local/lib/python3.12/site-packages/airflow/example_dags/example_trigger_target_dag.py
[2024-07-07T07:44:10.284+0000] {processor.py:840} INFO - DAG(s) 'example_trigger_target_dag' retrieved from /home/airflow/.local/lib/python3.12/site-packages/airflow/example_dags/example_trigger_target_dag.py
[2024-07-07T07:44:10.337+0000] {logging_mixin.py:188} INFO - [2024-07-07T07:44:10.336+0000] {dag.py:3096} INFO - Sync 1 DAGs
[2024-07-07T07:44:10.372+0000] {logging_mixin.py:188} INFO - [2024-07-07T07:44:10.371+0000] {dag.py:3954} INFO - Setting next_dagrun for example_trigger_target_dag to None, run_after=None
[2024-07-07T07:44:10.409+0000] {processor.py:183} INFO - Processing /home/airflow/.local/lib/python3.12/site-packages/airflow/example_dags/example_trigger_target_dag.py took 0.171 seconds
[2024-07-07T07:44:40.743+0000] {processor.py:161} INFO - Started process (PID=3386) to work on /home/airflow/.local/lib/python3.12/site-packages/airflow/example_dags/example_trigger_target_dag.py
[2024-07-07T07:44:40.745+0000] {processor.py:830} INFO - Processing file /home/airflow/.local/lib/python3.12/site-packages/airflow/example_dags/example_trigger_target_dag.py for tasks to queue
[2024-07-07T07:44:40.748+0000] {logging_mixin.py:188} INFO - [2024-07-07T07:44:40.747+0000] {dagbag.py:545} INFO - Filling up the DagBag from /home/airflow/.local/lib/python3.12/site-packages/airflow/example_dags/example_trigger_target_dag.py
[2024-07-07T07:44:40.762+0000] {processor.py:840} INFO - DAG(s) 'example_trigger_target_dag' retrieved from /home/airflow/.local/lib/python3.12/site-packages/airflow/example_dags/example_trigger_target_dag.py
[2024-07-07T07:44:40.808+0000] {logging_mixin.py:188} INFO - [2024-07-07T07:44:40.808+0000] {dag.py:3096} INFO - Sync 1 DAGs
[2024-07-07T07:44:40.844+0000] {logging_mixin.py:188} INFO - [2024-07-07T07:44:40.844+0000] {dag.py:3954} INFO - Setting next_dagrun for example_trigger_target_dag to None, run_after=None
[2024-07-07T07:44:40.898+0000] {processor.py:183} INFO - Processing /home/airflow/.local/lib/python3.12/site-packages/airflow/example_dags/example_trigger_target_dag.py took 0.171 seconds
[2024-07-07T07:45:11.131+0000] {processor.py:161} INFO - Started process (PID=3444) to work on /home/airflow/.local/lib/python3.12/site-packages/airflow/example_dags/example_trigger_target_dag.py
[2024-07-07T07:45:11.136+0000] {processor.py:830} INFO - Processing file /home/airflow/.local/lib/python3.12/site-packages/airflow/example_dags/example_trigger_target_dag.py for tasks to queue
[2024-07-07T07:45:11.142+0000] {logging_mixin.py:188} INFO - [2024-07-07T07:45:11.140+0000] {dagbag.py:545} INFO - Filling up the DagBag from /home/airflow/.local/lib/python3.12/site-packages/airflow/example_dags/example_trigger_target_dag.py
[2024-07-07T07:45:11.175+0000] {processor.py:840} INFO - DAG(s) 'example_trigger_target_dag' retrieved from /home/airflow/.local/lib/python3.12/site-packages/airflow/example_dags/example_trigger_target_dag.py
[2024-07-07T07:45:11.274+0000] {logging_mixin.py:188} INFO - [2024-07-07T07:45:11.273+0000] {dag.py:3096} INFO - Sync 1 DAGs
[2024-07-07T07:45:11.345+0000] {logging_mixin.py:188} INFO - [2024-07-07T07:45:11.343+0000] {dag.py:3954} INFO - Setting next_dagrun for example_trigger_target_dag to None, run_after=None
[2024-07-07T07:45:11.458+0000] {processor.py:183} INFO - Processing /home/airflow/.local/lib/python3.12/site-packages/airflow/example_dags/example_trigger_target_dag.py took 0.360 seconds
[2024-07-07T07:45:41.973+0000] {processor.py:161} INFO - Started process (PID=3503) to work on /home/airflow/.local/lib/python3.12/site-packages/airflow/example_dags/example_trigger_target_dag.py
[2024-07-07T07:45:41.976+0000] {processor.py:830} INFO - Processing file /home/airflow/.local/lib/python3.12/site-packages/airflow/example_dags/example_trigger_target_dag.py for tasks to queue
[2024-07-07T07:45:41.979+0000] {logging_mixin.py:188} INFO - [2024-07-07T07:45:41.978+0000] {dagbag.py:545} INFO - Filling up the DagBag from /home/airflow/.local/lib/python3.12/site-packages/airflow/example_dags/example_trigger_target_dag.py
[2024-07-07T07:45:41.997+0000] {processor.py:840} INFO - DAG(s) 'example_trigger_target_dag' retrieved from /home/airflow/.local/lib/python3.12/site-packages/airflow/example_dags/example_trigger_target_dag.py
[2024-07-07T07:45:42.075+0000] {logging_mixin.py:188} INFO - [2024-07-07T07:45:42.074+0000] {dag.py:3096} INFO - Sync 1 DAGs
[2024-07-07T07:45:42.101+0000] {logging_mixin.py:188} INFO - [2024-07-07T07:45:42.100+0000] {dag.py:3954} INFO - Setting next_dagrun for example_trigger_target_dag to None, run_after=None
[2024-07-07T07:45:42.134+0000] {processor.py:183} INFO - Processing /home/airflow/.local/lib/python3.12/site-packages/airflow/example_dags/example_trigger_target_dag.py took 0.195 seconds
[2024-07-07T07:46:12.443+0000] {processor.py:161} INFO - Started process (PID=3563) to work on /home/airflow/.local/lib/python3.12/site-packages/airflow/example_dags/example_trigger_target_dag.py
[2024-07-07T07:46:12.448+0000] {processor.py:830} INFO - Processing file /home/airflow/.local/lib/python3.12/site-packages/airflow/example_dags/example_trigger_target_dag.py for tasks to queue
[2024-07-07T07:46:12.453+0000] {logging_mixin.py:188} INFO - [2024-07-07T07:46:12.452+0000] {dagbag.py:545} INFO - Filling up the DagBag from /home/airflow/.local/lib/python3.12/site-packages/airflow/example_dags/example_trigger_target_dag.py
[2024-07-07T07:46:12.479+0000] {processor.py:840} INFO - DAG(s) 'example_trigger_target_dag' retrieved from /home/airflow/.local/lib/python3.12/site-packages/airflow/example_dags/example_trigger_target_dag.py
[2024-07-07T07:46:12.572+0000] {logging_mixin.py:188} INFO - [2024-07-07T07:46:12.571+0000] {dag.py:3096} INFO - Sync 1 DAGs
[2024-07-07T07:46:12.632+0000] {logging_mixin.py:188} INFO - [2024-07-07T07:46:12.631+0000] {dag.py:3954} INFO - Setting next_dagrun for example_trigger_target_dag to None, run_after=None
[2024-07-07T07:46:12.715+0000] {processor.py:183} INFO - Processing /home/airflow/.local/lib/python3.12/site-packages/airflow/example_dags/example_trigger_target_dag.py took 0.303 seconds
[2024-07-07T07:46:43.413+0000] {processor.py:161} INFO - Started process (PID=3624) to work on /home/airflow/.local/lib/python3.12/site-packages/airflow/example_dags/example_trigger_target_dag.py
[2024-07-07T07:46:43.416+0000] {processor.py:830} INFO - Processing file /home/airflow/.local/lib/python3.12/site-packages/airflow/example_dags/example_trigger_target_dag.py for tasks to queue
[2024-07-07T07:46:43.418+0000] {logging_mixin.py:188} INFO - [2024-07-07T07:46:43.417+0000] {dagbag.py:545} INFO - Filling up the DagBag from /home/airflow/.local/lib/python3.12/site-packages/airflow/example_dags/example_trigger_target_dag.py
[2024-07-07T07:46:43.438+0000] {processor.py:840} INFO - DAG(s) 'example_trigger_target_dag' retrieved from /home/airflow/.local/lib/python3.12/site-packages/airflow/example_dags/example_trigger_target_dag.py
[2024-07-07T07:46:43.478+0000] {logging_mixin.py:188} INFO - [2024-07-07T07:46:43.477+0000] {dag.py:3096} INFO - Sync 1 DAGs
[2024-07-07T07:46:43.506+0000] {logging_mixin.py:188} INFO - [2024-07-07T07:46:43.506+0000] {dag.py:3954} INFO - Setting next_dagrun for example_trigger_target_dag to None, run_after=None
[2024-07-07T07:46:43.567+0000] {processor.py:183} INFO - Processing /home/airflow/.local/lib/python3.12/site-packages/airflow/example_dags/example_trigger_target_dag.py took 0.170 seconds
[2024-07-07T07:47:14.020+0000] {processor.py:161} INFO - Started process (PID=3685) to work on /home/airflow/.local/lib/python3.12/site-packages/airflow/example_dags/example_trigger_target_dag.py
[2024-07-07T07:47:14.022+0000] {processor.py:830} INFO - Processing file /home/airflow/.local/lib/python3.12/site-packages/airflow/example_dags/example_trigger_target_dag.py for tasks to queue
[2024-07-07T07:47:14.024+0000] {logging_mixin.py:188} INFO - [2024-07-07T07:47:14.024+0000] {dagbag.py:545} INFO - Filling up the DagBag from /home/airflow/.local/lib/python3.12/site-packages/airflow/example_dags/example_trigger_target_dag.py
[2024-07-07T07:47:14.034+0000] {processor.py:840} INFO - DAG(s) 'example_trigger_target_dag' retrieved from /home/airflow/.local/lib/python3.12/site-packages/airflow/example_dags/example_trigger_target_dag.py
[2024-07-07T07:47:14.072+0000] {logging_mixin.py:188} INFO - [2024-07-07T07:47:14.072+0000] {dag.py:3096} INFO - Sync 1 DAGs
[2024-07-07T07:47:14.100+0000] {logging_mixin.py:188} INFO - [2024-07-07T07:47:14.099+0000] {dag.py:3954} INFO - Setting next_dagrun for example_trigger_target_dag to None, run_after=None
[2024-07-07T07:47:14.137+0000] {processor.py:183} INFO - Processing /home/airflow/.local/lib/python3.12/site-packages/airflow/example_dags/example_trigger_target_dag.py took 0.135 seconds
[2024-07-07T07:47:44.294+0000] {processor.py:161} INFO - Started process (PID=3745) to work on /home/airflow/.local/lib/python3.12/site-packages/airflow/example_dags/example_trigger_target_dag.py
[2024-07-07T07:47:44.297+0000] {processor.py:830} INFO - Processing file /home/airflow/.local/lib/python3.12/site-packages/airflow/example_dags/example_trigger_target_dag.py for tasks to queue
[2024-07-07T07:47:44.298+0000] {logging_mixin.py:188} INFO - [2024-07-07T07:47:44.298+0000] {dagbag.py:545} INFO - Filling up the DagBag from /home/airflow/.local/lib/python3.12/site-packages/airflow/example_dags/example_trigger_target_dag.py
[2024-07-07T07:47:44.310+0000] {processor.py:840} INFO - DAG(s) 'example_trigger_target_dag' retrieved from /home/airflow/.local/lib/python3.12/site-packages/airflow/example_dags/example_trigger_target_dag.py
[2024-07-07T07:47:44.350+0000] {logging_mixin.py:188} INFO - [2024-07-07T07:47:44.349+0000] {dag.py:3096} INFO - Sync 1 DAGs
[2024-07-07T07:47:44.376+0000] {logging_mixin.py:188} INFO - [2024-07-07T07:47:44.375+0000] {dag.py:3954} INFO - Setting next_dagrun for example_trigger_target_dag to None, run_after=None
[2024-07-07T07:47:44.415+0000] {processor.py:183} INFO - Processing /home/airflow/.local/lib/python3.12/site-packages/airflow/example_dags/example_trigger_target_dag.py took 0.138 seconds
[2024-07-07T07:48:14.722+0000] {processor.py:161} INFO - Started process (PID=3805) to work on /home/airflow/.local/lib/python3.12/site-packages/airflow/example_dags/example_trigger_target_dag.py
[2024-07-07T07:48:14.727+0000] {processor.py:830} INFO - Processing file /home/airflow/.local/lib/python3.12/site-packages/airflow/example_dags/example_trigger_target_dag.py for tasks to queue
[2024-07-07T07:48:14.731+0000] {logging_mixin.py:188} INFO - [2024-07-07T07:48:14.730+0000] {dagbag.py:545} INFO - Filling up the DagBag from /home/airflow/.local/lib/python3.12/site-packages/airflow/example_dags/example_trigger_target_dag.py
[2024-07-07T07:48:14.761+0000] {processor.py:840} INFO - DAG(s) 'example_trigger_target_dag' retrieved from /home/airflow/.local/lib/python3.12/site-packages/airflow/example_dags/example_trigger_target_dag.py
[2024-07-07T07:48:14.861+0000] {logging_mixin.py:188} INFO - [2024-07-07T07:48:14.860+0000] {dag.py:3096} INFO - Sync 1 DAGs
[2024-07-07T07:48:14.933+0000] {logging_mixin.py:188} INFO - [2024-07-07T07:48:14.932+0000] {dag.py:3954} INFO - Setting next_dagrun for example_trigger_target_dag to None, run_after=None
[2024-07-07T07:48:15.048+0000] {processor.py:183} INFO - Processing /home/airflow/.local/lib/python3.12/site-packages/airflow/example_dags/example_trigger_target_dag.py took 0.354 seconds
[2024-07-07T07:48:45.548+0000] {processor.py:161} INFO - Started process (PID=3865) to work on /home/airflow/.local/lib/python3.12/site-packages/airflow/example_dags/example_trigger_target_dag.py
[2024-07-07T07:48:45.552+0000] {processor.py:830} INFO - Processing file /home/airflow/.local/lib/python3.12/site-packages/airflow/example_dags/example_trigger_target_dag.py for tasks to queue
[2024-07-07T07:48:45.558+0000] {logging_mixin.py:188} INFO - [2024-07-07T07:48:45.556+0000] {dagbag.py:545} INFO - Filling up the DagBag from /home/airflow/.local/lib/python3.12/site-packages/airflow/example_dags/example_trigger_target_dag.py
[2024-07-07T07:48:45.584+0000] {processor.py:840} INFO - DAG(s) 'example_trigger_target_dag' retrieved from /home/airflow/.local/lib/python3.12/site-packages/airflow/example_dags/example_trigger_target_dag.py
[2024-07-07T07:48:45.672+0000] {logging_mixin.py:188} INFO - [2024-07-07T07:48:45.671+0000] {dag.py:3096} INFO - Sync 1 DAGs
[2024-07-07T07:48:45.729+0000] {logging_mixin.py:188} INFO - [2024-07-07T07:48:45.728+0000] {dag.py:3954} INFO - Setting next_dagrun for example_trigger_target_dag to None, run_after=None
[2024-07-07T07:48:45.811+0000] {processor.py:183} INFO - Processing /home/airflow/.local/lib/python3.12/site-packages/airflow/example_dags/example_trigger_target_dag.py took 0.295 seconds
[2024-07-07T07:49:16.033+0000] {processor.py:161} INFO - Started process (PID=3922) to work on /home/airflow/.local/lib/python3.12/site-packages/airflow/example_dags/example_trigger_target_dag.py
[2024-07-07T07:49:16.039+0000] {processor.py:830} INFO - Processing file /home/airflow/.local/lib/python3.12/site-packages/airflow/example_dags/example_trigger_target_dag.py for tasks to queue
[2024-07-07T07:49:16.044+0000] {logging_mixin.py:188} INFO - [2024-07-07T07:49:16.043+0000] {dagbag.py:545} INFO - Filling up the DagBag from /home/airflow/.local/lib/python3.12/site-packages/airflow/example_dags/example_trigger_target_dag.py
[2024-07-07T07:49:16.095+0000] {processor.py:840} INFO - DAG(s) 'example_trigger_target_dag' retrieved from /home/airflow/.local/lib/python3.12/site-packages/airflow/example_dags/example_trigger_target_dag.py
[2024-07-07T07:49:16.188+0000] {logging_mixin.py:188} INFO - [2024-07-07T07:49:16.188+0000] {dag.py:3096} INFO - Sync 1 DAGs
[2024-07-07T07:49:16.225+0000] {logging_mixin.py:188} INFO - [2024-07-07T07:49:16.225+0000] {dag.py:3954} INFO - Setting next_dagrun for example_trigger_target_dag to None, run_after=None
[2024-07-07T07:49:16.283+0000] {processor.py:183} INFO - Processing /home/airflow/.local/lib/python3.12/site-packages/airflow/example_dags/example_trigger_target_dag.py took 0.286 seconds
[2024-07-07T07:49:46.528+0000] {processor.py:161} INFO - Started process (PID=3982) to work on /home/airflow/.local/lib/python3.12/site-packages/airflow/example_dags/example_trigger_target_dag.py
[2024-07-07T07:49:46.530+0000] {processor.py:830} INFO - Processing file /home/airflow/.local/lib/python3.12/site-packages/airflow/example_dags/example_trigger_target_dag.py for tasks to queue
[2024-07-07T07:49:46.532+0000] {logging_mixin.py:188} INFO - [2024-07-07T07:49:46.531+0000] {dagbag.py:545} INFO - Filling up the DagBag from /home/airflow/.local/lib/python3.12/site-packages/airflow/example_dags/example_trigger_target_dag.py
[2024-07-07T07:49:46.543+0000] {processor.py:840} INFO - DAG(s) 'example_trigger_target_dag' retrieved from /home/airflow/.local/lib/python3.12/site-packages/airflow/example_dags/example_trigger_target_dag.py
[2024-07-07T07:49:46.583+0000] {logging_mixin.py:188} INFO - [2024-07-07T07:49:46.582+0000] {dag.py:3096} INFO - Sync 1 DAGs
[2024-07-07T07:49:46.612+0000] {logging_mixin.py:188} INFO - [2024-07-07T07:49:46.612+0000] {dag.py:3954} INFO - Setting next_dagrun for example_trigger_target_dag to None, run_after=None
[2024-07-07T07:49:46.670+0000] {processor.py:183} INFO - Processing /home/airflow/.local/lib/python3.12/site-packages/airflow/example_dags/example_trigger_target_dag.py took 0.158 seconds
[2024-07-07T07:50:16.817+0000] {processor.py:161} INFO - Started process (PID=4042) to work on /home/airflow/.local/lib/python3.12/site-packages/airflow/example_dags/example_trigger_target_dag.py
[2024-07-07T07:50:16.819+0000] {processor.py:830} INFO - Processing file /home/airflow/.local/lib/python3.12/site-packages/airflow/example_dags/example_trigger_target_dag.py for tasks to queue
[2024-07-07T07:50:16.821+0000] {logging_mixin.py:188} INFO - [2024-07-07T07:50:16.821+0000] {dagbag.py:545} INFO - Filling up the DagBag from /home/airflow/.local/lib/python3.12/site-packages/airflow/example_dags/example_trigger_target_dag.py
[2024-07-07T07:50:16.832+0000] {processor.py:840} INFO - DAG(s) 'example_trigger_target_dag' retrieved from /home/airflow/.local/lib/python3.12/site-packages/airflow/example_dags/example_trigger_target_dag.py
[2024-07-07T07:50:16.869+0000] {logging_mixin.py:188} INFO - [2024-07-07T07:50:16.869+0000] {dag.py:3096} INFO - Sync 1 DAGs
[2024-07-07T07:50:16.912+0000] {logging_mixin.py:188} INFO - [2024-07-07T07:50:16.911+0000] {dag.py:3954} INFO - Setting next_dagrun for example_trigger_target_dag to None, run_after=None
[2024-07-07T07:50:16.974+0000] {processor.py:183} INFO - Processing /home/airflow/.local/lib/python3.12/site-packages/airflow/example_dags/example_trigger_target_dag.py took 0.169 seconds
[2024-07-07T07:50:47.533+0000] {processor.py:161} INFO - Started process (PID=4101) to work on /home/airflow/.local/lib/python3.12/site-packages/airflow/example_dags/example_trigger_target_dag.py
[2024-07-07T07:50:47.535+0000] {processor.py:830} INFO - Processing file /home/airflow/.local/lib/python3.12/site-packages/airflow/example_dags/example_trigger_target_dag.py for tasks to queue
[2024-07-07T07:50:47.537+0000] {logging_mixin.py:188} INFO - [2024-07-07T07:50:47.536+0000] {dagbag.py:545} INFO - Filling up the DagBag from /home/airflow/.local/lib/python3.12/site-packages/airflow/example_dags/example_trigger_target_dag.py
[2024-07-07T07:50:47.545+0000] {processor.py:840} INFO - DAG(s) 'example_trigger_target_dag' retrieved from /home/airflow/.local/lib/python3.12/site-packages/airflow/example_dags/example_trigger_target_dag.py
[2024-07-07T07:50:47.574+0000] {logging_mixin.py:188} INFO - [2024-07-07T07:50:47.574+0000] {dag.py:3096} INFO - Sync 1 DAGs
[2024-07-07T07:50:47.592+0000] {logging_mixin.py:188} INFO - [2024-07-07T07:50:47.592+0000] {dag.py:3954} INFO - Setting next_dagrun for example_trigger_target_dag to None, run_after=None
[2024-07-07T07:50:47.617+0000] {processor.py:183} INFO - Processing /home/airflow/.local/lib/python3.12/site-packages/airflow/example_dags/example_trigger_target_dag.py took 0.093 seconds
[2024-07-07T07:51:17.987+0000] {processor.py:161} INFO - Started process (PID=4160) to work on /home/airflow/.local/lib/python3.12/site-packages/airflow/example_dags/example_trigger_target_dag.py
[2024-07-07T07:51:17.989+0000] {processor.py:830} INFO - Processing file /home/airflow/.local/lib/python3.12/site-packages/airflow/example_dags/example_trigger_target_dag.py for tasks to queue
[2024-07-07T07:51:17.992+0000] {logging_mixin.py:188} INFO - [2024-07-07T07:51:17.991+0000] {dagbag.py:545} INFO - Filling up the DagBag from /home/airflow/.local/lib/python3.12/site-packages/airflow/example_dags/example_trigger_target_dag.py
[2024-07-07T07:51:18.003+0000] {processor.py:840} INFO - DAG(s) 'example_trigger_target_dag' retrieved from /home/airflow/.local/lib/python3.12/site-packages/airflow/example_dags/example_trigger_target_dag.py
[2024-07-07T07:51:18.044+0000] {logging_mixin.py:188} INFO - [2024-07-07T07:51:18.043+0000] {dag.py:3096} INFO - Sync 1 DAGs
[2024-07-07T07:51:18.064+0000] {logging_mixin.py:188} INFO - [2024-07-07T07:51:18.064+0000] {dag.py:3954} INFO - Setting next_dagrun for example_trigger_target_dag to None, run_after=None
[2024-07-07T07:51:18.098+0000] {processor.py:183} INFO - Processing /home/airflow/.local/lib/python3.12/site-packages/airflow/example_dags/example_trigger_target_dag.py took 0.123 seconds
[2024-07-07T07:51:48.184+0000] {processor.py:161} INFO - Started process (PID=4218) to work on /home/airflow/.local/lib/python3.12/site-packages/airflow/example_dags/example_trigger_target_dag.py
[2024-07-07T07:51:48.186+0000] {processor.py:830} INFO - Processing file /home/airflow/.local/lib/python3.12/site-packages/airflow/example_dags/example_trigger_target_dag.py for tasks to queue
[2024-07-07T07:51:48.188+0000] {logging_mixin.py:188} INFO - [2024-07-07T07:51:48.187+0000] {dagbag.py:545} INFO - Filling up the DagBag from /home/airflow/.local/lib/python3.12/site-packages/airflow/example_dags/example_trigger_target_dag.py
[2024-07-07T07:51:48.197+0000] {processor.py:840} INFO - DAG(s) 'example_trigger_target_dag' retrieved from /home/airflow/.local/lib/python3.12/site-packages/airflow/example_dags/example_trigger_target_dag.py
[2024-07-07T07:51:48.227+0000] {logging_mixin.py:188} INFO - [2024-07-07T07:51:48.227+0000] {dag.py:3096} INFO - Sync 1 DAGs
[2024-07-07T07:51:48.248+0000] {logging_mixin.py:188} INFO - [2024-07-07T07:51:48.247+0000] {dag.py:3954} INFO - Setting next_dagrun for example_trigger_target_dag to None, run_after=None
[2024-07-07T07:51:48.292+0000] {processor.py:183} INFO - Processing /home/airflow/.local/lib/python3.12/site-packages/airflow/example_dags/example_trigger_target_dag.py took 0.119 seconds
[2024-07-07T07:52:18.445+0000] {processor.py:161} INFO - Started process (PID=4278) to work on /home/airflow/.local/lib/python3.12/site-packages/airflow/example_dags/example_trigger_target_dag.py
[2024-07-07T07:52:18.447+0000] {processor.py:830} INFO - Processing file /home/airflow/.local/lib/python3.12/site-packages/airflow/example_dags/example_trigger_target_dag.py for tasks to queue
[2024-07-07T07:52:18.448+0000] {logging_mixin.py:188} INFO - [2024-07-07T07:52:18.448+0000] {dagbag.py:545} INFO - Filling up the DagBag from /home/airflow/.local/lib/python3.12/site-packages/airflow/example_dags/example_trigger_target_dag.py
[2024-07-07T07:52:18.456+0000] {processor.py:840} INFO - DAG(s) 'example_trigger_target_dag' retrieved from /home/airflow/.local/lib/python3.12/site-packages/airflow/example_dags/example_trigger_target_dag.py
[2024-07-07T07:52:18.485+0000] {logging_mixin.py:188} INFO - [2024-07-07T07:52:18.485+0000] {dag.py:3096} INFO - Sync 1 DAGs
[2024-07-07T07:52:18.504+0000] {logging_mixin.py:188} INFO - [2024-07-07T07:52:18.504+0000] {dag.py:3954} INFO - Setting next_dagrun for example_trigger_target_dag to None, run_after=None
[2024-07-07T07:52:18.545+0000] {processor.py:183} INFO - Processing /home/airflow/.local/lib/python3.12/site-packages/airflow/example_dags/example_trigger_target_dag.py took 0.109 seconds
[2024-07-07T07:52:49.109+0000] {processor.py:161} INFO - Started process (PID=4334) to work on /home/airflow/.local/lib/python3.12/site-packages/airflow/example_dags/example_trigger_target_dag.py
[2024-07-07T07:52:49.111+0000] {processor.py:830} INFO - Processing file /home/airflow/.local/lib/python3.12/site-packages/airflow/example_dags/example_trigger_target_dag.py for tasks to queue
[2024-07-07T07:52:49.113+0000] {logging_mixin.py:188} INFO - [2024-07-07T07:52:49.112+0000] {dagbag.py:545} INFO - Filling up the DagBag from /home/airflow/.local/lib/python3.12/site-packages/airflow/example_dags/example_trigger_target_dag.py
[2024-07-07T07:52:49.121+0000] {processor.py:840} INFO - DAG(s) 'example_trigger_target_dag' retrieved from /home/airflow/.local/lib/python3.12/site-packages/airflow/example_dags/example_trigger_target_dag.py
[2024-07-07T07:52:49.150+0000] {logging_mixin.py:188} INFO - [2024-07-07T07:52:49.149+0000] {dag.py:3096} INFO - Sync 1 DAGs
[2024-07-07T07:52:49.167+0000] {logging_mixin.py:188} INFO - [2024-07-07T07:52:49.167+0000] {dag.py:3954} INFO - Setting next_dagrun for example_trigger_target_dag to None, run_after=None
[2024-07-07T07:52:49.199+0000] {processor.py:183} INFO - Processing /home/airflow/.local/lib/python3.12/site-packages/airflow/example_dags/example_trigger_target_dag.py took 0.100 seconds
[2024-07-07T07:53:19.584+0000] {processor.py:161} INFO - Started process (PID=4394) to work on /home/airflow/.local/lib/python3.12/site-packages/airflow/example_dags/example_trigger_target_dag.py
[2024-07-07T07:53:19.586+0000] {processor.py:830} INFO - Processing file /home/airflow/.local/lib/python3.12/site-packages/airflow/example_dags/example_trigger_target_dag.py for tasks to queue
[2024-07-07T07:53:19.589+0000] {logging_mixin.py:188} INFO - [2024-07-07T07:53:19.588+0000] {dagbag.py:545} INFO - Filling up the DagBag from /home/airflow/.local/lib/python3.12/site-packages/airflow/example_dags/example_trigger_target_dag.py
[2024-07-07T07:53:19.599+0000] {processor.py:840} INFO - DAG(s) 'example_trigger_target_dag' retrieved from /home/airflow/.local/lib/python3.12/site-packages/airflow/example_dags/example_trigger_target_dag.py
[2024-07-07T07:53:19.627+0000] {logging_mixin.py:188} INFO - [2024-07-07T07:53:19.626+0000] {dag.py:3096} INFO - Sync 1 DAGs
[2024-07-07T07:53:19.644+0000] {logging_mixin.py:188} INFO - [2024-07-07T07:53:19.644+0000] {dag.py:3954} INFO - Setting next_dagrun for example_trigger_target_dag to None, run_after=None
[2024-07-07T07:53:19.676+0000] {processor.py:183} INFO - Processing /home/airflow/.local/lib/python3.12/site-packages/airflow/example_dags/example_trigger_target_dag.py took 0.108 seconds
[2024-07-07T07:53:50.310+0000] {processor.py:161} INFO - Started process (PID=4452) to work on /home/airflow/.local/lib/python3.12/site-packages/airflow/example_dags/example_trigger_target_dag.py
[2024-07-07T07:53:50.312+0000] {processor.py:830} INFO - Processing file /home/airflow/.local/lib/python3.12/site-packages/airflow/example_dags/example_trigger_target_dag.py for tasks to queue
[2024-07-07T07:53:50.313+0000] {logging_mixin.py:188} INFO - [2024-07-07T07:53:50.313+0000] {dagbag.py:545} INFO - Filling up the DagBag from /home/airflow/.local/lib/python3.12/site-packages/airflow/example_dags/example_trigger_target_dag.py
[2024-07-07T07:53:50.322+0000] {processor.py:840} INFO - DAG(s) 'example_trigger_target_dag' retrieved from /home/airflow/.local/lib/python3.12/site-packages/airflow/example_dags/example_trigger_target_dag.py
[2024-07-07T07:53:50.349+0000] {logging_mixin.py:188} INFO - [2024-07-07T07:53:50.349+0000] {dag.py:3096} INFO - Sync 1 DAGs
[2024-07-07T07:53:50.366+0000] {logging_mixin.py:188} INFO - [2024-07-07T07:53:50.366+0000] {dag.py:3954} INFO - Setting next_dagrun for example_trigger_target_dag to None, run_after=None
[2024-07-07T07:53:50.398+0000] {processor.py:183} INFO - Processing /home/airflow/.local/lib/python3.12/site-packages/airflow/example_dags/example_trigger_target_dag.py took 0.098 seconds
[2024-07-07T07:54:21.010+0000] {processor.py:161} INFO - Started process (PID=4512) to work on /home/airflow/.local/lib/python3.12/site-packages/airflow/example_dags/example_trigger_target_dag.py
[2024-07-07T07:54:21.012+0000] {processor.py:830} INFO - Processing file /home/airflow/.local/lib/python3.12/site-packages/airflow/example_dags/example_trigger_target_dag.py for tasks to queue
[2024-07-07T07:54:21.014+0000] {logging_mixin.py:188} INFO - [2024-07-07T07:54:21.013+0000] {dagbag.py:545} INFO - Filling up the DagBag from /home/airflow/.local/lib/python3.12/site-packages/airflow/example_dags/example_trigger_target_dag.py
[2024-07-07T07:54:21.023+0000] {processor.py:840} INFO - DAG(s) 'example_trigger_target_dag' retrieved from /home/airflow/.local/lib/python3.12/site-packages/airflow/example_dags/example_trigger_target_dag.py
[2024-07-07T07:54:21.059+0000] {logging_mixin.py:188} INFO - [2024-07-07T07:54:21.058+0000] {dag.py:3096} INFO - Sync 1 DAGs
[2024-07-07T07:54:21.082+0000] {logging_mixin.py:188} INFO - [2024-07-07T07:54:21.082+0000] {dag.py:3954} INFO - Setting next_dagrun for example_trigger_target_dag to None, run_after=None
[2024-07-07T07:54:21.113+0000] {processor.py:183} INFO - Processing /home/airflow/.local/lib/python3.12/site-packages/airflow/example_dags/example_trigger_target_dag.py took 0.114 seconds
[2024-07-07T07:54:51.610+0000] {processor.py:161} INFO - Started process (PID=4572) to work on /home/airflow/.local/lib/python3.12/site-packages/airflow/example_dags/example_trigger_target_dag.py
[2024-07-07T07:54:51.612+0000] {processor.py:830} INFO - Processing file /home/airflow/.local/lib/python3.12/site-packages/airflow/example_dags/example_trigger_target_dag.py for tasks to queue
[2024-07-07T07:54:51.613+0000] {logging_mixin.py:188} INFO - [2024-07-07T07:54:51.613+0000] {dagbag.py:545} INFO - Filling up the DagBag from /home/airflow/.local/lib/python3.12/site-packages/airflow/example_dags/example_trigger_target_dag.py
[2024-07-07T07:54:51.622+0000] {processor.py:840} INFO - DAG(s) 'example_trigger_target_dag' retrieved from /home/airflow/.local/lib/python3.12/site-packages/airflow/example_dags/example_trigger_target_dag.py
[2024-07-07T07:54:51.667+0000] {logging_mixin.py:188} INFO - [2024-07-07T07:54:51.667+0000] {dag.py:3096} INFO - Sync 1 DAGs
[2024-07-07T07:54:51.697+0000] {logging_mixin.py:188} INFO - [2024-07-07T07:54:51.697+0000] {dag.py:3954} INFO - Setting next_dagrun for example_trigger_target_dag to None, run_after=None
[2024-07-07T07:54:51.729+0000] {processor.py:183} INFO - Processing /home/airflow/.local/lib/python3.12/site-packages/airflow/example_dags/example_trigger_target_dag.py took 0.128 seconds
[2024-07-07T07:55:22.116+0000] {processor.py:161} INFO - Started process (PID=4632) to work on /home/airflow/.local/lib/python3.12/site-packages/airflow/example_dags/example_trigger_target_dag.py
[2024-07-07T07:55:22.118+0000] {processor.py:830} INFO - Processing file /home/airflow/.local/lib/python3.12/site-packages/airflow/example_dags/example_trigger_target_dag.py for tasks to queue
[2024-07-07T07:55:22.120+0000] {logging_mixin.py:188} INFO - [2024-07-07T07:55:22.119+0000] {dagbag.py:545} INFO - Filling up the DagBag from /home/airflow/.local/lib/python3.12/site-packages/airflow/example_dags/example_trigger_target_dag.py
[2024-07-07T07:55:22.129+0000] {processor.py:840} INFO - DAG(s) 'example_trigger_target_dag' retrieved from /home/airflow/.local/lib/python3.12/site-packages/airflow/example_dags/example_trigger_target_dag.py
[2024-07-07T07:55:22.157+0000] {logging_mixin.py:188} INFO - [2024-07-07T07:55:22.157+0000] {dag.py:3096} INFO - Sync 1 DAGs
[2024-07-07T07:55:22.174+0000] {logging_mixin.py:188} INFO - [2024-07-07T07:55:22.173+0000] {dag.py:3954} INFO - Setting next_dagrun for example_trigger_target_dag to None, run_after=None
[2024-07-07T07:55:22.205+0000] {processor.py:183} INFO - Processing /home/airflow/.local/lib/python3.12/site-packages/airflow/example_dags/example_trigger_target_dag.py took 0.097 seconds
[2024-07-07T07:55:52.824+0000] {processor.py:161} INFO - Started process (PID=4692) to work on /home/airflow/.local/lib/python3.12/site-packages/airflow/example_dags/example_trigger_target_dag.py
[2024-07-07T07:55:52.826+0000] {processor.py:830} INFO - Processing file /home/airflow/.local/lib/python3.12/site-packages/airflow/example_dags/example_trigger_target_dag.py for tasks to queue
[2024-07-07T07:55:52.828+0000] {logging_mixin.py:188} INFO - [2024-07-07T07:55:52.827+0000] {dagbag.py:545} INFO - Filling up the DagBag from /home/airflow/.local/lib/python3.12/site-packages/airflow/example_dags/example_trigger_target_dag.py
[2024-07-07T07:55:52.837+0000] {processor.py:840} INFO - DAG(s) 'example_trigger_target_dag' retrieved from /home/airflow/.local/lib/python3.12/site-packages/airflow/example_dags/example_trigger_target_dag.py
[2024-07-07T07:55:52.867+0000] {logging_mixin.py:188} INFO - [2024-07-07T07:55:52.866+0000] {dag.py:3096} INFO - Sync 1 DAGs
[2024-07-07T07:55:52.884+0000] {logging_mixin.py:188} INFO - [2024-07-07T07:55:52.884+0000] {dag.py:3954} INFO - Setting next_dagrun for example_trigger_target_dag to None, run_after=None
[2024-07-07T07:55:52.917+0000] {processor.py:183} INFO - Processing /home/airflow/.local/lib/python3.12/site-packages/airflow/example_dags/example_trigger_target_dag.py took 0.106 seconds
[2024-07-07T07:56:23.064+0000] {processor.py:161} INFO - Started process (PID=4752) to work on /home/airflow/.local/lib/python3.12/site-packages/airflow/example_dags/example_trigger_target_dag.py
[2024-07-07T07:56:23.065+0000] {processor.py:830} INFO - Processing file /home/airflow/.local/lib/python3.12/site-packages/airflow/example_dags/example_trigger_target_dag.py for tasks to queue
[2024-07-07T07:56:23.067+0000] {logging_mixin.py:188} INFO - [2024-07-07T07:56:23.066+0000] {dagbag.py:545} INFO - Filling up the DagBag from /home/airflow/.local/lib/python3.12/site-packages/airflow/example_dags/example_trigger_target_dag.py
[2024-07-07T07:56:23.075+0000] {processor.py:840} INFO - DAG(s) 'example_trigger_target_dag' retrieved from /home/airflow/.local/lib/python3.12/site-packages/airflow/example_dags/example_trigger_target_dag.py
[2024-07-07T07:56:23.102+0000] {logging_mixin.py:188} INFO - [2024-07-07T07:56:23.102+0000] {dag.py:3096} INFO - Sync 1 DAGs
[2024-07-07T07:56:23.120+0000] {logging_mixin.py:188} INFO - [2024-07-07T07:56:23.119+0000] {dag.py:3954} INFO - Setting next_dagrun for example_trigger_target_dag to None, run_after=None
[2024-07-07T07:56:23.152+0000] {processor.py:183} INFO - Processing /home/airflow/.local/lib/python3.12/site-packages/airflow/example_dags/example_trigger_target_dag.py took 0.096 seconds
[2024-07-07T07:56:53.695+0000] {processor.py:161} INFO - Started process (PID=4812) to work on /home/airflow/.local/lib/python3.12/site-packages/airflow/example_dags/example_trigger_target_dag.py
[2024-07-07T07:56:53.697+0000] {processor.py:830} INFO - Processing file /home/airflow/.local/lib/python3.12/site-packages/airflow/example_dags/example_trigger_target_dag.py for tasks to queue
[2024-07-07T07:56:53.699+0000] {logging_mixin.py:188} INFO - [2024-07-07T07:56:53.699+0000] {dagbag.py:545} INFO - Filling up the DagBag from /home/airflow/.local/lib/python3.12/site-packages/airflow/example_dags/example_trigger_target_dag.py
[2024-07-07T07:56:53.713+0000] {processor.py:840} INFO - DAG(s) 'example_trigger_target_dag' retrieved from /home/airflow/.local/lib/python3.12/site-packages/airflow/example_dags/example_trigger_target_dag.py
[2024-07-07T07:56:53.741+0000] {logging_mixin.py:188} INFO - [2024-07-07T07:56:53.740+0000] {dag.py:3096} INFO - Sync 1 DAGs
[2024-07-07T07:56:53.758+0000] {logging_mixin.py:188} INFO - [2024-07-07T07:56:53.758+0000] {dag.py:3954} INFO - Setting next_dagrun for example_trigger_target_dag to None, run_after=None
[2024-07-07T07:56:53.796+0000] {processor.py:183} INFO - Processing /home/airflow/.local/lib/python3.12/site-packages/airflow/example_dags/example_trigger_target_dag.py took 0.115 seconds
[2024-07-07T07:57:24.431+0000] {processor.py:161} INFO - Started process (PID=4872) to work on /home/airflow/.local/lib/python3.12/site-packages/airflow/example_dags/example_trigger_target_dag.py
[2024-07-07T07:57:24.433+0000] {processor.py:830} INFO - Processing file /home/airflow/.local/lib/python3.12/site-packages/airflow/example_dags/example_trigger_target_dag.py for tasks to queue
[2024-07-07T07:57:24.436+0000] {logging_mixin.py:188} INFO - [2024-07-07T07:57:24.435+0000] {dagbag.py:545} INFO - Filling up the DagBag from /home/airflow/.local/lib/python3.12/site-packages/airflow/example_dags/example_trigger_target_dag.py
[2024-07-07T07:57:24.446+0000] {processor.py:840} INFO - DAG(s) 'example_trigger_target_dag' retrieved from /home/airflow/.local/lib/python3.12/site-packages/airflow/example_dags/example_trigger_target_dag.py
[2024-07-07T07:57:24.475+0000] {logging_mixin.py:188} INFO - [2024-07-07T07:57:24.474+0000] {dag.py:3096} INFO - Sync 1 DAGs
[2024-07-07T07:57:24.493+0000] {logging_mixin.py:188} INFO - [2024-07-07T07:57:24.493+0000] {dag.py:3954} INFO - Setting next_dagrun for example_trigger_target_dag to None, run_after=None
[2024-07-07T07:57:24.520+0000] {processor.py:183} INFO - Processing /home/airflow/.local/lib/python3.12/site-packages/airflow/example_dags/example_trigger_target_dag.py took 0.102 seconds
[2024-07-07T07:57:54.762+0000] {processor.py:161} INFO - Started process (PID=4932) to work on /home/airflow/.local/lib/python3.12/site-packages/airflow/example_dags/example_trigger_target_dag.py
[2024-07-07T07:57:54.764+0000] {processor.py:830} INFO - Processing file /home/airflow/.local/lib/python3.12/site-packages/airflow/example_dags/example_trigger_target_dag.py for tasks to queue
[2024-07-07T07:57:54.765+0000] {logging_mixin.py:188} INFO - [2024-07-07T07:57:54.765+0000] {dagbag.py:545} INFO - Filling up the DagBag from /home/airflow/.local/lib/python3.12/site-packages/airflow/example_dags/example_trigger_target_dag.py
[2024-07-07T07:57:54.774+0000] {processor.py:840} INFO - DAG(s) 'example_trigger_target_dag' retrieved from /home/airflow/.local/lib/python3.12/site-packages/airflow/example_dags/example_trigger_target_dag.py
[2024-07-07T07:57:54.802+0000] {logging_mixin.py:188} INFO - [2024-07-07T07:57:54.802+0000] {dag.py:3096} INFO - Sync 1 DAGs
[2024-07-07T07:57:54.822+0000] {logging_mixin.py:188} INFO - [2024-07-07T07:57:54.822+0000] {dag.py:3954} INFO - Setting next_dagrun for example_trigger_target_dag to None, run_after=None
[2024-07-07T07:57:54.854+0000] {processor.py:183} INFO - Processing /home/airflow/.local/lib/python3.12/site-packages/airflow/example_dags/example_trigger_target_dag.py took 0.105 seconds
[2024-07-07T07:58:25.057+0000] {processor.py:161} INFO - Started process (PID=4992) to work on /home/airflow/.local/lib/python3.12/site-packages/airflow/example_dags/example_trigger_target_dag.py
[2024-07-07T07:58:25.059+0000] {processor.py:830} INFO - Processing file /home/airflow/.local/lib/python3.12/site-packages/airflow/example_dags/example_trigger_target_dag.py for tasks to queue
[2024-07-07T07:58:25.061+0000] {logging_mixin.py:188} INFO - [2024-07-07T07:58:25.060+0000] {dagbag.py:545} INFO - Filling up the DagBag from /home/airflow/.local/lib/python3.12/site-packages/airflow/example_dags/example_trigger_target_dag.py
[2024-07-07T07:58:25.069+0000] {processor.py:840} INFO - DAG(s) 'example_trigger_target_dag' retrieved from /home/airflow/.local/lib/python3.12/site-packages/airflow/example_dags/example_trigger_target_dag.py
[2024-07-07T07:58:25.095+0000] {logging_mixin.py:188} INFO - [2024-07-07T07:58:25.094+0000] {dag.py:3096} INFO - Sync 1 DAGs
[2024-07-07T07:58:25.111+0000] {logging_mixin.py:188} INFO - [2024-07-07T07:58:25.111+0000] {dag.py:3954} INFO - Setting next_dagrun for example_trigger_target_dag to None, run_after=None
[2024-07-07T07:58:25.144+0000] {processor.py:183} INFO - Processing /home/airflow/.local/lib/python3.12/site-packages/airflow/example_dags/example_trigger_target_dag.py took 0.099 seconds
[2024-07-07T07:58:55.835+0000] {processor.py:161} INFO - Started process (PID=5052) to work on /home/airflow/.local/lib/python3.12/site-packages/airflow/example_dags/example_trigger_target_dag.py
[2024-07-07T07:58:55.837+0000] {processor.py:830} INFO - Processing file /home/airflow/.local/lib/python3.12/site-packages/airflow/example_dags/example_trigger_target_dag.py for tasks to queue
[2024-07-07T07:58:55.839+0000] {logging_mixin.py:188} INFO - [2024-07-07T07:58:55.839+0000] {dagbag.py:545} INFO - Filling up the DagBag from /home/airflow/.local/lib/python3.12/site-packages/airflow/example_dags/example_trigger_target_dag.py
[2024-07-07T07:58:55.849+0000] {processor.py:840} INFO - DAG(s) 'example_trigger_target_dag' retrieved from /home/airflow/.local/lib/python3.12/site-packages/airflow/example_dags/example_trigger_target_dag.py
[2024-07-07T07:58:55.878+0000] {logging_mixin.py:188} INFO - [2024-07-07T07:58:55.878+0000] {dag.py:3096} INFO - Sync 1 DAGs
[2024-07-07T07:58:55.896+0000] {logging_mixin.py:188} INFO - [2024-07-07T07:58:55.895+0000] {dag.py:3954} INFO - Setting next_dagrun for example_trigger_target_dag to None, run_after=None
[2024-07-07T07:58:55.928+0000] {processor.py:183} INFO - Processing /home/airflow/.local/lib/python3.12/site-packages/airflow/example_dags/example_trigger_target_dag.py took 0.107 seconds
[2024-07-07T07:59:26.544+0000] {processor.py:161} INFO - Started process (PID=5112) to work on /home/airflow/.local/lib/python3.12/site-packages/airflow/example_dags/example_trigger_target_dag.py
[2024-07-07T07:59:26.545+0000] {processor.py:830} INFO - Processing file /home/airflow/.local/lib/python3.12/site-packages/airflow/example_dags/example_trigger_target_dag.py for tasks to queue
[2024-07-07T07:59:26.547+0000] {logging_mixin.py:188} INFO - [2024-07-07T07:59:26.547+0000] {dagbag.py:545} INFO - Filling up the DagBag from /home/airflow/.local/lib/python3.12/site-packages/airflow/example_dags/example_trigger_target_dag.py
[2024-07-07T07:59:26.555+0000] {processor.py:840} INFO - DAG(s) 'example_trigger_target_dag' retrieved from /home/airflow/.local/lib/python3.12/site-packages/airflow/example_dags/example_trigger_target_dag.py
[2024-07-07T07:59:26.582+0000] {logging_mixin.py:188} INFO - [2024-07-07T07:59:26.581+0000] {dag.py:3096} INFO - Sync 1 DAGs
[2024-07-07T07:59:26.599+0000] {logging_mixin.py:188} INFO - [2024-07-07T07:59:26.599+0000] {dag.py:3954} INFO - Setting next_dagrun for example_trigger_target_dag to None, run_after=None
[2024-07-07T07:59:26.632+0000] {processor.py:183} INFO - Processing /home/airflow/.local/lib/python3.12/site-packages/airflow/example_dags/example_trigger_target_dag.py took 0.096 seconds
[2024-07-07T07:59:57.353+0000] {processor.py:161} INFO - Started process (PID=5172) to work on /home/airflow/.local/lib/python3.12/site-packages/airflow/example_dags/example_trigger_target_dag.py
[2024-07-07T07:59:57.354+0000] {processor.py:830} INFO - Processing file /home/airflow/.local/lib/python3.12/site-packages/airflow/example_dags/example_trigger_target_dag.py for tasks to queue
[2024-07-07T07:59:57.356+0000] {logging_mixin.py:188} INFO - [2024-07-07T07:59:57.355+0000] {dagbag.py:545} INFO - Filling up the DagBag from /home/airflow/.local/lib/python3.12/site-packages/airflow/example_dags/example_trigger_target_dag.py
[2024-07-07T07:59:57.365+0000] {processor.py:840} INFO - DAG(s) 'example_trigger_target_dag' retrieved from /home/airflow/.local/lib/python3.12/site-packages/airflow/example_dags/example_trigger_target_dag.py
[2024-07-07T07:59:57.396+0000] {logging_mixin.py:188} INFO - [2024-07-07T07:59:57.395+0000] {dag.py:3096} INFO - Sync 1 DAGs
[2024-07-07T07:59:57.415+0000] {logging_mixin.py:188} INFO - [2024-07-07T07:59:57.415+0000] {dag.py:3954} INFO - Setting next_dagrun for example_trigger_target_dag to None, run_after=None
[2024-07-07T07:59:57.447+0000] {processor.py:183} INFO - Processing /home/airflow/.local/lib/python3.12/site-packages/airflow/example_dags/example_trigger_target_dag.py took 0.105 seconds
[2024-07-07T08:00:27.711+0000] {processor.py:161} INFO - Started process (PID=5232) to work on /home/airflow/.local/lib/python3.12/site-packages/airflow/example_dags/example_trigger_target_dag.py
[2024-07-07T08:00:27.713+0000] {processor.py:830} INFO - Processing file /home/airflow/.local/lib/python3.12/site-packages/airflow/example_dags/example_trigger_target_dag.py for tasks to queue
[2024-07-07T08:00:27.715+0000] {logging_mixin.py:188} INFO - [2024-07-07T08:00:27.714+0000] {dagbag.py:545} INFO - Filling up the DagBag from /home/airflow/.local/lib/python3.12/site-packages/airflow/example_dags/example_trigger_target_dag.py
[2024-07-07T08:00:27.723+0000] {processor.py:840} INFO - DAG(s) 'example_trigger_target_dag' retrieved from /home/airflow/.local/lib/python3.12/site-packages/airflow/example_dags/example_trigger_target_dag.py
[2024-07-07T08:00:27.754+0000] {logging_mixin.py:188} INFO - [2024-07-07T08:00:27.754+0000] {dag.py:3096} INFO - Sync 1 DAGs
[2024-07-07T08:00:27.778+0000] {logging_mixin.py:188} INFO - [2024-07-07T08:00:27.778+0000] {dag.py:3954} INFO - Setting next_dagrun for example_trigger_target_dag to None, run_after=None
[2024-07-07T08:00:27.813+0000] {processor.py:183} INFO - Processing /home/airflow/.local/lib/python3.12/site-packages/airflow/example_dags/example_trigger_target_dag.py took 0.112 seconds
[2024-07-07T08:05:18.795+0000] {processor.py:161} INFO - Started process (PID=5282) to work on /home/airflow/.local/lib/python3.12/site-packages/airflow/example_dags/example_trigger_target_dag.py
[2024-07-07T08:05:18.800+0000] {processor.py:830} INFO - Processing file /home/airflow/.local/lib/python3.12/site-packages/airflow/example_dags/example_trigger_target_dag.py for tasks to queue
[2024-07-07T08:05:18.809+0000] {logging_mixin.py:188} INFO - [2024-07-07T08:05:18.808+0000] {dagbag.py:545} INFO - Filling up the DagBag from /home/airflow/.local/lib/python3.12/site-packages/airflow/example_dags/example_trigger_target_dag.py
[2024-07-07T08:05:18.851+0000] {processor.py:840} INFO - DAG(s) 'example_trigger_target_dag' retrieved from /home/airflow/.local/lib/python3.12/site-packages/airflow/example_dags/example_trigger_target_dag.py
[2024-07-07T08:05:19.276+0000] {logging_mixin.py:188} INFO - [2024-07-07T08:05:19.276+0000] {dag.py:3096} INFO - Sync 1 DAGs
[2024-07-07T08:05:19.370+0000] {logging_mixin.py:188} INFO - [2024-07-07T08:05:19.369+0000] {dag.py:3954} INFO - Setting next_dagrun for example_trigger_target_dag to None, run_after=None
[2024-07-07T08:05:19.518+0000] {processor.py:183} INFO - Processing /home/airflow/.local/lib/python3.12/site-packages/airflow/example_dags/example_trigger_target_dag.py took 0.798 seconds
[2024-07-07T08:05:51.137+0000] {processor.py:161} INFO - Started process (PID=5343) to work on /home/airflow/.local/lib/python3.12/site-packages/airflow/example_dags/example_trigger_target_dag.py
[2024-07-07T08:05:51.139+0000] {processor.py:830} INFO - Processing file /home/airflow/.local/lib/python3.12/site-packages/airflow/example_dags/example_trigger_target_dag.py for tasks to queue
[2024-07-07T08:05:51.141+0000] {logging_mixin.py:188} INFO - [2024-07-07T08:05:51.140+0000] {dagbag.py:545} INFO - Filling up the DagBag from /home/airflow/.local/lib/python3.12/site-packages/airflow/example_dags/example_trigger_target_dag.py
[2024-07-07T08:05:51.150+0000] {processor.py:840} INFO - DAG(s) 'example_trigger_target_dag' retrieved from /home/airflow/.local/lib/python3.12/site-packages/airflow/example_dags/example_trigger_target_dag.py
[2024-07-07T08:05:51.183+0000] {logging_mixin.py:188} INFO - [2024-07-07T08:05:51.183+0000] {dag.py:3096} INFO - Sync 1 DAGs
[2024-07-07T08:05:51.431+0000] {logging_mixin.py:188} INFO - [2024-07-07T08:05:51.431+0000] {dag.py:3954} INFO - Setting next_dagrun for example_trigger_target_dag to None, run_after=None
[2024-07-07T08:05:51.458+0000] {processor.py:183} INFO - Processing /home/airflow/.local/lib/python3.12/site-packages/airflow/example_dags/example_trigger_target_dag.py took 0.332 seconds
