[2024-07-07T00:00:24.198+0000] {processor.py:161} INFO - Started process (PID=2326) to work on /home/airflow/.local/lib/python3.12/site-packages/airflow/example_dags/example_bash_decorator.py
[2024-07-07T00:00:24.204+0000] {processor.py:830} INFO - Processing file /home/airflow/.local/lib/python3.12/site-packages/airflow/example_dags/example_bash_decorator.py for tasks to queue
[2024-07-07T00:00:24.223+0000] {logging_mixin.py:188} INFO - [2024-07-07T00:00:24.221+0000] {dagbag.py:545} INFO - Filling up the DagBag from /home/airflow/.local/lib/python3.12/site-packages/airflow/example_dags/example_bash_decorator.py
[2024-07-07T00:00:24.281+0000] {processor.py:840} INFO - DAG(s) 'example_bash_decorator' retrieved from /home/airflow/.local/lib/python3.12/site-packages/airflow/example_dags/example_bash_decorator.py
[2024-07-07T00:00:24.346+0000] {logging_mixin.py:188} INFO - [2024-07-07T00:00:24.344+0000] {dag.py:3096} INFO - Sync 1 DAGs
[2024-07-07T00:00:24.381+0000] {logging_mixin.py:188} INFO - [2024-07-07T00:00:24.381+0000] {dag.py:3954} INFO - Setting next_dagrun for example_bash_decorator to None, run_after=None
[2024-07-07T00:00:24.435+0000] {processor.py:183} INFO - Processing /home/airflow/.local/lib/python3.12/site-packages/airflow/example_dags/example_bash_decorator.py took 0.261 seconds
[2024-07-07T00:00:54.721+0000] {processor.py:161} INFO - Started process (PID=2385) to work on /home/airflow/.local/lib/python3.12/site-packages/airflow/example_dags/example_bash_decorator.py
[2024-07-07T00:00:54.724+0000] {processor.py:830} INFO - Processing file /home/airflow/.local/lib/python3.12/site-packages/airflow/example_dags/example_bash_decorator.py for tasks to queue
[2024-07-07T00:00:54.730+0000] {logging_mixin.py:188} INFO - [2024-07-07T00:00:54.729+0000] {dagbag.py:545} INFO - Filling up the DagBag from /home/airflow/.local/lib/python3.12/site-packages/airflow/example_dags/example_bash_decorator.py
[2024-07-07T00:00:54.768+0000] {processor.py:840} INFO - DAG(s) 'example_bash_decorator' retrieved from /home/airflow/.local/lib/python3.12/site-packages/airflow/example_dags/example_bash_decorator.py
[2024-07-07T00:00:54.813+0000] {logging_mixin.py:188} INFO - [2024-07-07T00:00:54.813+0000] {dag.py:3096} INFO - Sync 1 DAGs
[2024-07-07T00:00:54.850+0000] {logging_mixin.py:188} INFO - [2024-07-07T00:00:54.849+0000] {dag.py:3954} INFO - Setting next_dagrun for example_bash_decorator to None, run_after=None
[2024-07-07T00:00:54.902+0000] {processor.py:183} INFO - Processing /home/airflow/.local/lib/python3.12/site-packages/airflow/example_dags/example_bash_decorator.py took 0.216 seconds
[2024-07-07T00:01:25.337+0000] {processor.py:161} INFO - Started process (PID=2445) to work on /home/airflow/.local/lib/python3.12/site-packages/airflow/example_dags/example_bash_decorator.py
[2024-07-07T00:01:25.341+0000] {processor.py:830} INFO - Processing file /home/airflow/.local/lib/python3.12/site-packages/airflow/example_dags/example_bash_decorator.py for tasks to queue
[2024-07-07T00:01:25.350+0000] {logging_mixin.py:188} INFO - [2024-07-07T00:01:25.349+0000] {dagbag.py:545} INFO - Filling up the DagBag from /home/airflow/.local/lib/python3.12/site-packages/airflow/example_dags/example_bash_decorator.py
[2024-07-07T00:01:25.395+0000] {processor.py:840} INFO - DAG(s) 'example_bash_decorator' retrieved from /home/airflow/.local/lib/python3.12/site-packages/airflow/example_dags/example_bash_decorator.py
[2024-07-07T00:01:25.453+0000] {logging_mixin.py:188} INFO - [2024-07-07T00:01:25.452+0000] {dag.py:3096} INFO - Sync 1 DAGs
[2024-07-07T00:01:25.486+0000] {logging_mixin.py:188} INFO - [2024-07-07T00:01:25.486+0000] {dag.py:3954} INFO - Setting next_dagrun for example_bash_decorator to None, run_after=None
[2024-07-07T00:01:25.527+0000] {processor.py:183} INFO - Processing /home/airflow/.local/lib/python3.12/site-packages/airflow/example_dags/example_bash_decorator.py took 0.216 seconds
[2024-07-07T00:01:55.906+0000] {processor.py:161} INFO - Started process (PID=2505) to work on /home/airflow/.local/lib/python3.12/site-packages/airflow/example_dags/example_bash_decorator.py
[2024-07-07T00:01:55.909+0000] {processor.py:830} INFO - Processing file /home/airflow/.local/lib/python3.12/site-packages/airflow/example_dags/example_bash_decorator.py for tasks to queue
[2024-07-07T00:01:55.914+0000] {logging_mixin.py:188} INFO - [2024-07-07T00:01:55.914+0000] {dagbag.py:545} INFO - Filling up the DagBag from /home/airflow/.local/lib/python3.12/site-packages/airflow/example_dags/example_bash_decorator.py
[2024-07-07T00:01:55.955+0000] {processor.py:840} INFO - DAG(s) 'example_bash_decorator' retrieved from /home/airflow/.local/lib/python3.12/site-packages/airflow/example_dags/example_bash_decorator.py
[2024-07-07T00:01:56.024+0000] {logging_mixin.py:188} INFO - [2024-07-07T00:01:56.024+0000] {dag.py:3096} INFO - Sync 1 DAGs
[2024-07-07T00:01:56.062+0000] {logging_mixin.py:188} INFO - [2024-07-07T00:01:56.062+0000] {dag.py:3954} INFO - Setting next_dagrun for example_bash_decorator to None, run_after=None
[2024-07-07T00:01:56.112+0000] {processor.py:183} INFO - Processing /home/airflow/.local/lib/python3.12/site-packages/airflow/example_dags/example_bash_decorator.py took 0.223 seconds
[2024-07-07T00:02:26.597+0000] {processor.py:161} INFO - Started process (PID=2565) to work on /home/airflow/.local/lib/python3.12/site-packages/airflow/example_dags/example_bash_decorator.py
[2024-07-07T00:02:26.599+0000] {processor.py:830} INFO - Processing file /home/airflow/.local/lib/python3.12/site-packages/airflow/example_dags/example_bash_decorator.py for tasks to queue
[2024-07-07T00:02:26.604+0000] {logging_mixin.py:188} INFO - [2024-07-07T00:02:26.603+0000] {dagbag.py:545} INFO - Filling up the DagBag from /home/airflow/.local/lib/python3.12/site-packages/airflow/example_dags/example_bash_decorator.py
[2024-07-07T00:02:26.647+0000] {processor.py:840} INFO - DAG(s) 'example_bash_decorator' retrieved from /home/airflow/.local/lib/python3.12/site-packages/airflow/example_dags/example_bash_decorator.py
[2024-07-07T00:02:26.719+0000] {logging_mixin.py:188} INFO - [2024-07-07T00:02:26.718+0000] {dag.py:3096} INFO - Sync 1 DAGs
[2024-07-07T00:02:26.758+0000] {logging_mixin.py:188} INFO - [2024-07-07T00:02:26.758+0000] {dag.py:3954} INFO - Setting next_dagrun for example_bash_decorator to None, run_after=None
[2024-07-07T00:02:26.819+0000] {processor.py:183} INFO - Processing /home/airflow/.local/lib/python3.12/site-packages/airflow/example_dags/example_bash_decorator.py took 0.239 seconds
[2024-07-07T00:02:57.797+0000] {processor.py:161} INFO - Started process (PID=2625) to work on /home/airflow/.local/lib/python3.12/site-packages/airflow/example_dags/example_bash_decorator.py
[2024-07-07T00:02:57.800+0000] {processor.py:830} INFO - Processing file /home/airflow/.local/lib/python3.12/site-packages/airflow/example_dags/example_bash_decorator.py for tasks to queue
[2024-07-07T00:02:57.806+0000] {logging_mixin.py:188} INFO - [2024-07-07T00:02:57.805+0000] {dagbag.py:545} INFO - Filling up the DagBag from /home/airflow/.local/lib/python3.12/site-packages/airflow/example_dags/example_bash_decorator.py
[2024-07-07T00:02:57.856+0000] {processor.py:840} INFO - DAG(s) 'example_bash_decorator' retrieved from /home/airflow/.local/lib/python3.12/site-packages/airflow/example_dags/example_bash_decorator.py
[2024-07-07T00:02:57.948+0000] {logging_mixin.py:188} INFO - [2024-07-07T00:02:57.947+0000] {dag.py:3096} INFO - Sync 1 DAGs
[2024-07-07T00:02:57.997+0000] {logging_mixin.py:188} INFO - [2024-07-07T00:02:57.996+0000] {dag.py:3954} INFO - Setting next_dagrun for example_bash_decorator to None, run_after=None
[2024-07-07T00:02:58.073+0000] {processor.py:183} INFO - Processing /home/airflow/.local/lib/python3.12/site-packages/airflow/example_dags/example_bash_decorator.py took 0.298 seconds
[2024-07-07T00:03:28.267+0000] {processor.py:161} INFO - Started process (PID=2686) to work on /home/airflow/.local/lib/python3.12/site-packages/airflow/example_dags/example_bash_decorator.py
[2024-07-07T00:03:28.270+0000] {processor.py:830} INFO - Processing file /home/airflow/.local/lib/python3.12/site-packages/airflow/example_dags/example_bash_decorator.py for tasks to queue
[2024-07-07T00:03:28.276+0000] {logging_mixin.py:188} INFO - [2024-07-07T00:03:28.275+0000] {dagbag.py:545} INFO - Filling up the DagBag from /home/airflow/.local/lib/python3.12/site-packages/airflow/example_dags/example_bash_decorator.py
[2024-07-07T00:03:28.313+0000] {processor.py:840} INFO - DAG(s) 'example_bash_decorator' retrieved from /home/airflow/.local/lib/python3.12/site-packages/airflow/example_dags/example_bash_decorator.py
[2024-07-07T00:03:28.384+0000] {logging_mixin.py:188} INFO - [2024-07-07T00:03:28.383+0000] {dag.py:3096} INFO - Sync 1 DAGs
[2024-07-07T00:03:28.419+0000] {logging_mixin.py:188} INFO - [2024-07-07T00:03:28.418+0000] {dag.py:3954} INFO - Setting next_dagrun for example_bash_decorator to None, run_after=None
[2024-07-07T00:03:28.469+0000] {processor.py:183} INFO - Processing /home/airflow/.local/lib/python3.12/site-packages/airflow/example_dags/example_bash_decorator.py took 0.217 seconds
[2024-07-07T07:39:28.861+0000] {processor.py:161} INFO - Started process (PID=2783) to work on /home/airflow/.local/lib/python3.12/site-packages/airflow/example_dags/example_bash_decorator.py
[2024-07-07T07:39:28.864+0000] {processor.py:830} INFO - Processing file /home/airflow/.local/lib/python3.12/site-packages/airflow/example_dags/example_bash_decorator.py for tasks to queue
[2024-07-07T07:39:28.867+0000] {logging_mixin.py:188} INFO - [2024-07-07T07:39:28.866+0000] {dagbag.py:545} INFO - Filling up the DagBag from /home/airflow/.local/lib/python3.12/site-packages/airflow/example_dags/example_bash_decorator.py
[2024-07-07T07:39:28.969+0000] {processor.py:840} INFO - DAG(s) 'example_bash_decorator' retrieved from /home/airflow/.local/lib/python3.12/site-packages/airflow/example_dags/example_bash_decorator.py
[2024-07-07T07:39:29.115+0000] {logging_mixin.py:188} INFO - [2024-07-07T07:39:29.113+0000] {dag.py:3096} INFO - Sync 1 DAGs
[2024-07-07T07:39:29.180+0000] {logging_mixin.py:188} INFO - [2024-07-07T07:39:29.176+0000] {dag.py:3954} INFO - Setting next_dagrun for example_bash_decorator to None, run_after=None
[2024-07-07T07:39:29.273+0000] {processor.py:183} INFO - Processing /home/airflow/.local/lib/python3.12/site-packages/airflow/example_dags/example_bash_decorator.py took 0.449 seconds
[2024-07-07T07:39:59.411+0000] {processor.py:161} INFO - Started process (PID=2843) to work on /home/airflow/.local/lib/python3.12/site-packages/airflow/example_dags/example_bash_decorator.py
[2024-07-07T07:39:59.413+0000] {processor.py:830} INFO - Processing file /home/airflow/.local/lib/python3.12/site-packages/airflow/example_dags/example_bash_decorator.py for tasks to queue
[2024-07-07T07:39:59.414+0000] {logging_mixin.py:188} INFO - [2024-07-07T07:39:59.414+0000] {dagbag.py:545} INFO - Filling up the DagBag from /home/airflow/.local/lib/python3.12/site-packages/airflow/example_dags/example_bash_decorator.py
[2024-07-07T07:39:59.432+0000] {processor.py:840} INFO - DAG(s) 'example_bash_decorator' retrieved from /home/airflow/.local/lib/python3.12/site-packages/airflow/example_dags/example_bash_decorator.py
[2024-07-07T07:39:59.464+0000] {logging_mixin.py:188} INFO - [2024-07-07T07:39:59.463+0000] {dag.py:3096} INFO - Sync 1 DAGs
[2024-07-07T07:39:59.479+0000] {logging_mixin.py:188} INFO - [2024-07-07T07:39:59.479+0000] {dag.py:3954} INFO - Setting next_dagrun for example_bash_decorator to None, run_after=None
[2024-07-07T07:39:59.507+0000] {processor.py:183} INFO - Processing /home/airflow/.local/lib/python3.12/site-packages/airflow/example_dags/example_bash_decorator.py took 0.103 seconds
[2024-07-07T07:40:29.668+0000] {processor.py:161} INFO - Started process (PID=2903) to work on /home/airflow/.local/lib/python3.12/site-packages/airflow/example_dags/example_bash_decorator.py
[2024-07-07T07:40:29.670+0000] {processor.py:830} INFO - Processing file /home/airflow/.local/lib/python3.12/site-packages/airflow/example_dags/example_bash_decorator.py for tasks to queue
[2024-07-07T07:40:29.671+0000] {logging_mixin.py:188} INFO - [2024-07-07T07:40:29.671+0000] {dagbag.py:545} INFO - Filling up the DagBag from /home/airflow/.local/lib/python3.12/site-packages/airflow/example_dags/example_bash_decorator.py
[2024-07-07T07:40:29.687+0000] {processor.py:840} INFO - DAG(s) 'example_bash_decorator' retrieved from /home/airflow/.local/lib/python3.12/site-packages/airflow/example_dags/example_bash_decorator.py
[2024-07-07T07:40:29.718+0000] {logging_mixin.py:188} INFO - [2024-07-07T07:40:29.718+0000] {dag.py:3096} INFO - Sync 1 DAGs
[2024-07-07T07:40:29.733+0000] {logging_mixin.py:188} INFO - [2024-07-07T07:40:29.732+0000] {dag.py:3954} INFO - Setting next_dagrun for example_bash_decorator to None, run_after=None
[2024-07-07T07:40:29.754+0000] {processor.py:183} INFO - Processing /home/airflow/.local/lib/python3.12/site-packages/airflow/example_dags/example_bash_decorator.py took 0.094 seconds
[2024-07-07T07:41:00.088+0000] {processor.py:161} INFO - Started process (PID=2963) to work on /home/airflow/.local/lib/python3.12/site-packages/airflow/example_dags/example_bash_decorator.py
[2024-07-07T07:41:00.092+0000] {processor.py:830} INFO - Processing file /home/airflow/.local/lib/python3.12/site-packages/airflow/example_dags/example_bash_decorator.py for tasks to queue
[2024-07-07T07:41:00.095+0000] {logging_mixin.py:188} INFO - [2024-07-07T07:41:00.094+0000] {dagbag.py:545} INFO - Filling up the DagBag from /home/airflow/.local/lib/python3.12/site-packages/airflow/example_dags/example_bash_decorator.py
[2024-07-07T07:41:00.126+0000] {processor.py:840} INFO - DAG(s) 'example_bash_decorator' retrieved from /home/airflow/.local/lib/python3.12/site-packages/airflow/example_dags/example_bash_decorator.py
[2024-07-07T07:41:00.299+0000] {logging_mixin.py:188} INFO - [2024-07-07T07:41:00.298+0000] {dag.py:3096} INFO - Sync 1 DAGs
[2024-07-07T07:41:00.370+0000] {logging_mixin.py:188} INFO - [2024-07-07T07:41:00.369+0000] {dag.py:3954} INFO - Setting next_dagrun for example_bash_decorator to None, run_after=None
[2024-07-07T07:41:00.472+0000] {processor.py:183} INFO - Processing /home/airflow/.local/lib/python3.12/site-packages/airflow/example_dags/example_bash_decorator.py took 0.407 seconds
[2024-07-07T07:41:31.108+0000] {processor.py:161} INFO - Started process (PID=3023) to work on /home/airflow/.local/lib/python3.12/site-packages/airflow/example_dags/example_bash_decorator.py
[2024-07-07T07:41:31.114+0000] {processor.py:830} INFO - Processing file /home/airflow/.local/lib/python3.12/site-packages/airflow/example_dags/example_bash_decorator.py for tasks to queue
[2024-07-07T07:41:31.122+0000] {logging_mixin.py:188} INFO - [2024-07-07T07:41:31.119+0000] {dagbag.py:545} INFO - Filling up the DagBag from /home/airflow/.local/lib/python3.12/site-packages/airflow/example_dags/example_bash_decorator.py
[2024-07-07T07:41:31.238+0000] {processor.py:840} INFO - DAG(s) 'example_bash_decorator' retrieved from /home/airflow/.local/lib/python3.12/site-packages/airflow/example_dags/example_bash_decorator.py
[2024-07-07T07:41:31.312+0000] {logging_mixin.py:188} INFO - [2024-07-07T07:41:31.312+0000] {dag.py:3096} INFO - Sync 1 DAGs
[2024-07-07T07:41:31.347+0000] {logging_mixin.py:188} INFO - [2024-07-07T07:41:31.346+0000] {dag.py:3954} INFO - Setting next_dagrun for example_bash_decorator to None, run_after=None
[2024-07-07T07:41:31.393+0000] {processor.py:183} INFO - Processing /home/airflow/.local/lib/python3.12/site-packages/airflow/example_dags/example_bash_decorator.py took 0.319 seconds
[2024-07-07T07:42:02.474+0000] {processor.py:161} INFO - Started process (PID=3083) to work on /home/airflow/.local/lib/python3.12/site-packages/airflow/example_dags/example_bash_decorator.py
[2024-07-07T07:42:02.476+0000] {processor.py:830} INFO - Processing file /home/airflow/.local/lib/python3.12/site-packages/airflow/example_dags/example_bash_decorator.py for tasks to queue
[2024-07-07T07:42:02.479+0000] {logging_mixin.py:188} INFO - [2024-07-07T07:42:02.478+0000] {dagbag.py:545} INFO - Filling up the DagBag from /home/airflow/.local/lib/python3.12/site-packages/airflow/example_dags/example_bash_decorator.py
[2024-07-07T07:42:02.514+0000] {processor.py:840} INFO - DAG(s) 'example_bash_decorator' retrieved from /home/airflow/.local/lib/python3.12/site-packages/airflow/example_dags/example_bash_decorator.py
[2024-07-07T07:42:02.579+0000] {logging_mixin.py:188} INFO - [2024-07-07T07:42:02.579+0000] {dag.py:3096} INFO - Sync 1 DAGs
[2024-07-07T07:42:02.614+0000] {logging_mixin.py:188} INFO - [2024-07-07T07:42:02.614+0000] {dag.py:3954} INFO - Setting next_dagrun for example_bash_decorator to None, run_after=None
[2024-07-07T07:42:02.659+0000] {processor.py:183} INFO - Processing /home/airflow/.local/lib/python3.12/site-packages/airflow/example_dags/example_bash_decorator.py took 0.204 seconds
[2024-07-07T07:42:35.185+0000] {processor.py:161} INFO - Started process (PID=3143) to work on /home/airflow/.local/lib/python3.12/site-packages/airflow/example_dags/example_bash_decorator.py
[2024-07-07T07:42:35.187+0000] {processor.py:830} INFO - Processing file /home/airflow/.local/lib/python3.12/site-packages/airflow/example_dags/example_bash_decorator.py for tasks to queue
[2024-07-07T07:42:35.190+0000] {logging_mixin.py:188} INFO - [2024-07-07T07:42:35.189+0000] {dagbag.py:545} INFO - Filling up the DagBag from /home/airflow/.local/lib/python3.12/site-packages/airflow/example_dags/example_bash_decorator.py
[2024-07-07T07:42:35.226+0000] {processor.py:840} INFO - DAG(s) 'example_bash_decorator' retrieved from /home/airflow/.local/lib/python3.12/site-packages/airflow/example_dags/example_bash_decorator.py
[2024-07-07T07:42:35.278+0000] {logging_mixin.py:188} INFO - [2024-07-07T07:42:35.277+0000] {dag.py:3096} INFO - Sync 1 DAGs
[2024-07-07T07:42:35.314+0000] {logging_mixin.py:188} INFO - [2024-07-07T07:42:35.313+0000] {dag.py:3954} INFO - Setting next_dagrun for example_bash_decorator to None, run_after=None
[2024-07-07T07:42:35.361+0000] {processor.py:183} INFO - Processing /home/airflow/.local/lib/python3.12/site-packages/airflow/example_dags/example_bash_decorator.py took 0.191 seconds
[2024-07-07T07:43:06.330+0000] {processor.py:161} INFO - Started process (PID=3203) to work on /home/airflow/.local/lib/python3.12/site-packages/airflow/example_dags/example_bash_decorator.py
[2024-07-07T07:43:06.333+0000] {processor.py:830} INFO - Processing file /home/airflow/.local/lib/python3.12/site-packages/airflow/example_dags/example_bash_decorator.py for tasks to queue
[2024-07-07T07:43:06.335+0000] {logging_mixin.py:188} INFO - [2024-07-07T07:43:06.334+0000] {dagbag.py:545} INFO - Filling up the DagBag from /home/airflow/.local/lib/python3.12/site-packages/airflow/example_dags/example_bash_decorator.py
[2024-07-07T07:43:06.372+0000] {processor.py:840} INFO - DAG(s) 'example_bash_decorator' retrieved from /home/airflow/.local/lib/python3.12/site-packages/airflow/example_dags/example_bash_decorator.py
[2024-07-07T07:43:06.443+0000] {logging_mixin.py:188} INFO - [2024-07-07T07:43:06.442+0000] {dag.py:3096} INFO - Sync 1 DAGs
[2024-07-07T07:43:06.478+0000] {logging_mixin.py:188} INFO - [2024-07-07T07:43:06.477+0000] {dag.py:3954} INFO - Setting next_dagrun for example_bash_decorator to None, run_after=None
[2024-07-07T07:43:06.550+0000] {processor.py:183} INFO - Processing /home/airflow/.local/lib/python3.12/site-packages/airflow/example_dags/example_bash_decorator.py took 0.235 seconds
[2024-07-07T07:43:36.710+0000] {processor.py:161} INFO - Started process (PID=3261) to work on /home/airflow/.local/lib/python3.12/site-packages/airflow/example_dags/example_bash_decorator.py
[2024-07-07T07:43:36.713+0000] {processor.py:830} INFO - Processing file /home/airflow/.local/lib/python3.12/site-packages/airflow/example_dags/example_bash_decorator.py for tasks to queue
[2024-07-07T07:43:36.715+0000] {logging_mixin.py:188} INFO - [2024-07-07T07:43:36.714+0000] {dagbag.py:545} INFO - Filling up the DagBag from /home/airflow/.local/lib/python3.12/site-packages/airflow/example_dags/example_bash_decorator.py
[2024-07-07T07:43:36.783+0000] {processor.py:840} INFO - DAG(s) 'example_bash_decorator' retrieved from /home/airflow/.local/lib/python3.12/site-packages/airflow/example_dags/example_bash_decorator.py
[2024-07-07T07:43:36.848+0000] {logging_mixin.py:188} INFO - [2024-07-07T07:43:36.847+0000] {dag.py:3096} INFO - Sync 1 DAGs
[2024-07-07T07:43:36.876+0000] {logging_mixin.py:188} INFO - [2024-07-07T07:43:36.875+0000] {dag.py:3954} INFO - Setting next_dagrun for example_bash_decorator to None, run_after=None
[2024-07-07T07:43:36.916+0000] {processor.py:183} INFO - Processing /home/airflow/.local/lib/python3.12/site-packages/airflow/example_dags/example_bash_decorator.py took 0.223 seconds
[2024-07-07T07:44:07.303+0000] {processor.py:161} INFO - Started process (PID=3321) to work on /home/airflow/.local/lib/python3.12/site-packages/airflow/example_dags/example_bash_decorator.py
[2024-07-07T07:44:07.306+0000] {processor.py:830} INFO - Processing file /home/airflow/.local/lib/python3.12/site-packages/airflow/example_dags/example_bash_decorator.py for tasks to queue
[2024-07-07T07:44:07.309+0000] {logging_mixin.py:188} INFO - [2024-07-07T07:44:07.308+0000] {dagbag.py:545} INFO - Filling up the DagBag from /home/airflow/.local/lib/python3.12/site-packages/airflow/example_dags/example_bash_decorator.py
[2024-07-07T07:44:07.339+0000] {processor.py:840} INFO - DAG(s) 'example_bash_decorator' retrieved from /home/airflow/.local/lib/python3.12/site-packages/airflow/example_dags/example_bash_decorator.py
[2024-07-07T07:44:07.399+0000] {logging_mixin.py:188} INFO - [2024-07-07T07:44:07.398+0000] {dag.py:3096} INFO - Sync 1 DAGs
[2024-07-07T07:44:07.431+0000] {logging_mixin.py:188} INFO - [2024-07-07T07:44:07.430+0000] {dag.py:3954} INFO - Setting next_dagrun for example_bash_decorator to None, run_after=None
[2024-07-07T07:44:07.473+0000] {processor.py:183} INFO - Processing /home/airflow/.local/lib/python3.12/site-packages/airflow/example_dags/example_bash_decorator.py took 0.183 seconds
[2024-07-07T07:44:38.161+0000] {processor.py:161} INFO - Started process (PID=3381) to work on /home/airflow/.local/lib/python3.12/site-packages/airflow/example_dags/example_bash_decorator.py
[2024-07-07T07:44:38.163+0000] {processor.py:830} INFO - Processing file /home/airflow/.local/lib/python3.12/site-packages/airflow/example_dags/example_bash_decorator.py for tasks to queue
[2024-07-07T07:44:38.165+0000] {logging_mixin.py:188} INFO - [2024-07-07T07:44:38.164+0000] {dagbag.py:545} INFO - Filling up the DagBag from /home/airflow/.local/lib/python3.12/site-packages/airflow/example_dags/example_bash_decorator.py
[2024-07-07T07:44:38.202+0000] {processor.py:840} INFO - DAG(s) 'example_bash_decorator' retrieved from /home/airflow/.local/lib/python3.12/site-packages/airflow/example_dags/example_bash_decorator.py
[2024-07-07T07:44:38.278+0000] {logging_mixin.py:188} INFO - [2024-07-07T07:44:38.277+0000] {dag.py:3096} INFO - Sync 1 DAGs
[2024-07-07T07:44:38.354+0000] {logging_mixin.py:188} INFO - [2024-07-07T07:44:38.353+0000] {dag.py:3954} INFO - Setting next_dagrun for example_bash_decorator to None, run_after=None
[2024-07-07T07:44:38.451+0000] {processor.py:183} INFO - Processing /home/airflow/.local/lib/python3.12/site-packages/airflow/example_dags/example_bash_decorator.py took 0.304 seconds
[2024-07-07T07:45:08.547+0000] {processor.py:161} INFO - Started process (PID=3441) to work on /home/airflow/.local/lib/python3.12/site-packages/airflow/example_dags/example_bash_decorator.py
[2024-07-07T07:45:08.550+0000] {processor.py:830} INFO - Processing file /home/airflow/.local/lib/python3.12/site-packages/airflow/example_dags/example_bash_decorator.py for tasks to queue
[2024-07-07T07:45:08.553+0000] {logging_mixin.py:188} INFO - [2024-07-07T07:45:08.552+0000] {dagbag.py:545} INFO - Filling up the DagBag from /home/airflow/.local/lib/python3.12/site-packages/airflow/example_dags/example_bash_decorator.py
[2024-07-07T07:45:08.595+0000] {processor.py:840} INFO - DAG(s) 'example_bash_decorator' retrieved from /home/airflow/.local/lib/python3.12/site-packages/airflow/example_dags/example_bash_decorator.py
[2024-07-07T07:45:08.689+0000] {logging_mixin.py:188} INFO - [2024-07-07T07:45:08.687+0000] {dag.py:3096} INFO - Sync 1 DAGs
[2024-07-07T07:45:08.762+0000] {logging_mixin.py:188} INFO - [2024-07-07T07:45:08.761+0000] {dag.py:3954} INFO - Setting next_dagrun for example_bash_decorator to None, run_after=None
[2024-07-07T07:45:08.886+0000] {processor.py:183} INFO - Processing /home/airflow/.local/lib/python3.12/site-packages/airflow/example_dags/example_bash_decorator.py took 0.358 seconds
[2024-07-07T07:45:40.198+0000] {processor.py:161} INFO - Started process (PID=3500) to work on /home/airflow/.local/lib/python3.12/site-packages/airflow/example_dags/example_bash_decorator.py
[2024-07-07T07:45:40.201+0000] {processor.py:830} INFO - Processing file /home/airflow/.local/lib/python3.12/site-packages/airflow/example_dags/example_bash_decorator.py for tasks to queue
[2024-07-07T07:45:40.203+0000] {logging_mixin.py:188} INFO - [2024-07-07T07:45:40.203+0000] {dagbag.py:545} INFO - Filling up the DagBag from /home/airflow/.local/lib/python3.12/site-packages/airflow/example_dags/example_bash_decorator.py
[2024-07-07T07:45:40.232+0000] {processor.py:840} INFO - DAG(s) 'example_bash_decorator' retrieved from /home/airflow/.local/lib/python3.12/site-packages/airflow/example_dags/example_bash_decorator.py
[2024-07-07T07:45:40.278+0000] {logging_mixin.py:188} INFO - [2024-07-07T07:45:40.277+0000] {dag.py:3096} INFO - Sync 1 DAGs
[2024-07-07T07:45:40.300+0000] {logging_mixin.py:188} INFO - [2024-07-07T07:45:40.299+0000] {dag.py:3954} INFO - Setting next_dagrun for example_bash_decorator to None, run_after=None
[2024-07-07T07:45:40.358+0000] {processor.py:183} INFO - Processing /home/airflow/.local/lib/python3.12/site-packages/airflow/example_dags/example_bash_decorator.py took 0.176 seconds
[2024-07-07T07:46:10.614+0000] {processor.py:161} INFO - Started process (PID=3560) to work on /home/airflow/.local/lib/python3.12/site-packages/airflow/example_dags/example_bash_decorator.py
[2024-07-07T07:46:10.616+0000] {processor.py:830} INFO - Processing file /home/airflow/.local/lib/python3.12/site-packages/airflow/example_dags/example_bash_decorator.py for tasks to queue
[2024-07-07T07:46:10.618+0000] {logging_mixin.py:188} INFO - [2024-07-07T07:46:10.617+0000] {dagbag.py:545} INFO - Filling up the DagBag from /home/airflow/.local/lib/python3.12/site-packages/airflow/example_dags/example_bash_decorator.py
[2024-07-07T07:46:10.646+0000] {processor.py:840} INFO - DAG(s) 'example_bash_decorator' retrieved from /home/airflow/.local/lib/python3.12/site-packages/airflow/example_dags/example_bash_decorator.py
[2024-07-07T07:46:10.699+0000] {logging_mixin.py:188} INFO - [2024-07-07T07:46:10.698+0000] {dag.py:3096} INFO - Sync 1 DAGs
[2024-07-07T07:46:10.726+0000] {logging_mixin.py:188} INFO - [2024-07-07T07:46:10.725+0000] {dag.py:3954} INFO - Setting next_dagrun for example_bash_decorator to None, run_after=None
[2024-07-07T07:46:10.765+0000] {processor.py:183} INFO - Processing /home/airflow/.local/lib/python3.12/site-packages/airflow/example_dags/example_bash_decorator.py took 0.164 seconds
[2024-07-07T07:46:41.062+0000] {processor.py:161} INFO - Started process (PID=3621) to work on /home/airflow/.local/lib/python3.12/site-packages/airflow/example_dags/example_bash_decorator.py
[2024-07-07T07:46:41.064+0000] {processor.py:830} INFO - Processing file /home/airflow/.local/lib/python3.12/site-packages/airflow/example_dags/example_bash_decorator.py for tasks to queue
[2024-07-07T07:46:41.066+0000] {logging_mixin.py:188} INFO - [2024-07-07T07:46:41.065+0000] {dagbag.py:545} INFO - Filling up the DagBag from /home/airflow/.local/lib/python3.12/site-packages/airflow/example_dags/example_bash_decorator.py
[2024-07-07T07:46:41.089+0000] {processor.py:840} INFO - DAG(s) 'example_bash_decorator' retrieved from /home/airflow/.local/lib/python3.12/site-packages/airflow/example_dags/example_bash_decorator.py
[2024-07-07T07:46:41.133+0000] {logging_mixin.py:188} INFO - [2024-07-07T07:46:41.132+0000] {dag.py:3096} INFO - Sync 1 DAGs
[2024-07-07T07:46:41.153+0000] {logging_mixin.py:188} INFO - [2024-07-07T07:46:41.153+0000] {dag.py:3954} INFO - Setting next_dagrun for example_bash_decorator to None, run_after=None
[2024-07-07T07:46:41.187+0000] {processor.py:183} INFO - Processing /home/airflow/.local/lib/python3.12/site-packages/airflow/example_dags/example_bash_decorator.py took 0.136 seconds
[2024-07-07T07:47:12.332+0000] {processor.py:161} INFO - Started process (PID=3682) to work on /home/airflow/.local/lib/python3.12/site-packages/airflow/example_dags/example_bash_decorator.py
[2024-07-07T07:47:12.335+0000] {processor.py:830} INFO - Processing file /home/airflow/.local/lib/python3.12/site-packages/airflow/example_dags/example_bash_decorator.py for tasks to queue
[2024-07-07T07:47:12.338+0000] {logging_mixin.py:188} INFO - [2024-07-07T07:47:12.337+0000] {dagbag.py:545} INFO - Filling up the DagBag from /home/airflow/.local/lib/python3.12/site-packages/airflow/example_dags/example_bash_decorator.py
[2024-07-07T07:47:12.386+0000] {processor.py:840} INFO - DAG(s) 'example_bash_decorator' retrieved from /home/airflow/.local/lib/python3.12/site-packages/airflow/example_dags/example_bash_decorator.py
[2024-07-07T07:47:12.459+0000] {logging_mixin.py:188} INFO - [2024-07-07T07:47:12.459+0000] {dag.py:3096} INFO - Sync 1 DAGs
[2024-07-07T07:47:12.498+0000] {logging_mixin.py:188} INFO - [2024-07-07T07:47:12.497+0000] {dag.py:3954} INFO - Setting next_dagrun for example_bash_decorator to None, run_after=None
[2024-07-07T07:47:12.551+0000] {processor.py:183} INFO - Processing /home/airflow/.local/lib/python3.12/site-packages/airflow/example_dags/example_bash_decorator.py took 0.237 seconds
[2024-07-07T07:47:43.001+0000] {processor.py:161} INFO - Started process (PID=3742) to work on /home/airflow/.local/lib/python3.12/site-packages/airflow/example_dags/example_bash_decorator.py
[2024-07-07T07:47:43.004+0000] {processor.py:830} INFO - Processing file /home/airflow/.local/lib/python3.12/site-packages/airflow/example_dags/example_bash_decorator.py for tasks to queue
[2024-07-07T07:47:43.007+0000] {logging_mixin.py:188} INFO - [2024-07-07T07:47:43.006+0000] {dagbag.py:545} INFO - Filling up the DagBag from /home/airflow/.local/lib/python3.12/site-packages/airflow/example_dags/example_bash_decorator.py
[2024-07-07T07:47:43.046+0000] {processor.py:840} INFO - DAG(s) 'example_bash_decorator' retrieved from /home/airflow/.local/lib/python3.12/site-packages/airflow/example_dags/example_bash_decorator.py
[2024-07-07T07:47:43.112+0000] {logging_mixin.py:188} INFO - [2024-07-07T07:47:43.111+0000] {dag.py:3096} INFO - Sync 1 DAGs
[2024-07-07T07:47:43.134+0000] {logging_mixin.py:188} INFO - [2024-07-07T07:47:43.134+0000] {dag.py:3954} INFO - Setting next_dagrun for example_bash_decorator to None, run_after=None
[2024-07-07T07:47:43.172+0000] {processor.py:183} INFO - Processing /home/airflow/.local/lib/python3.12/site-packages/airflow/example_dags/example_bash_decorator.py took 0.190 seconds
[2024-07-07T07:48:13.861+0000] {processor.py:161} INFO - Started process (PID=3802) to work on /home/airflow/.local/lib/python3.12/site-packages/airflow/example_dags/example_bash_decorator.py
[2024-07-07T07:48:13.863+0000] {processor.py:830} INFO - Processing file /home/airflow/.local/lib/python3.12/site-packages/airflow/example_dags/example_bash_decorator.py for tasks to queue
[2024-07-07T07:48:13.866+0000] {logging_mixin.py:188} INFO - [2024-07-07T07:48:13.865+0000] {dagbag.py:545} INFO - Filling up the DagBag from /home/airflow/.local/lib/python3.12/site-packages/airflow/example_dags/example_bash_decorator.py
[2024-07-07T07:48:13.902+0000] {processor.py:840} INFO - DAG(s) 'example_bash_decorator' retrieved from /home/airflow/.local/lib/python3.12/site-packages/airflow/example_dags/example_bash_decorator.py
[2024-07-07T07:48:13.980+0000] {logging_mixin.py:188} INFO - [2024-07-07T07:48:13.980+0000] {dag.py:3096} INFO - Sync 1 DAGs
[2024-07-07T07:48:14.015+0000] {logging_mixin.py:188} INFO - [2024-07-07T07:48:14.015+0000] {dag.py:3954} INFO - Setting next_dagrun for example_bash_decorator to None, run_after=None
[2024-07-07T07:48:14.046+0000] {processor.py:183} INFO - Processing /home/airflow/.local/lib/python3.12/site-packages/airflow/example_dags/example_bash_decorator.py took 0.201 seconds
[2024-07-07T07:48:44.357+0000] {processor.py:161} INFO - Started process (PID=3862) to work on /home/airflow/.local/lib/python3.12/site-packages/airflow/example_dags/example_bash_decorator.py
[2024-07-07T07:48:44.361+0000] {processor.py:830} INFO - Processing file /home/airflow/.local/lib/python3.12/site-packages/airflow/example_dags/example_bash_decorator.py for tasks to queue
[2024-07-07T07:48:44.365+0000] {logging_mixin.py:188} INFO - [2024-07-07T07:48:44.363+0000] {dagbag.py:545} INFO - Filling up the DagBag from /home/airflow/.local/lib/python3.12/site-packages/airflow/example_dags/example_bash_decorator.py
[2024-07-07T07:48:44.418+0000] {processor.py:840} INFO - DAG(s) 'example_bash_decorator' retrieved from /home/airflow/.local/lib/python3.12/site-packages/airflow/example_dags/example_bash_decorator.py
[2024-07-07T07:48:44.516+0000] {logging_mixin.py:188} INFO - [2024-07-07T07:48:44.515+0000] {dag.py:3096} INFO - Sync 1 DAGs
[2024-07-07T07:48:44.571+0000] {logging_mixin.py:188} INFO - [2024-07-07T07:48:44.570+0000] {dag.py:3954} INFO - Setting next_dagrun for example_bash_decorator to None, run_after=None
[2024-07-07T07:48:44.652+0000] {processor.py:183} INFO - Processing /home/airflow/.local/lib/python3.12/site-packages/airflow/example_dags/example_bash_decorator.py took 0.319 seconds
[2024-07-07T07:49:14.834+0000] {processor.py:161} INFO - Started process (PID=3921) to work on /home/airflow/.local/lib/python3.12/site-packages/airflow/example_dags/example_bash_decorator.py
[2024-07-07T07:49:14.838+0000] {processor.py:830} INFO - Processing file /home/airflow/.local/lib/python3.12/site-packages/airflow/example_dags/example_bash_decorator.py for tasks to queue
[2024-07-07T07:49:14.843+0000] {logging_mixin.py:188} INFO - [2024-07-07T07:49:14.841+0000] {dagbag.py:545} INFO - Filling up the DagBag from /home/airflow/.local/lib/python3.12/site-packages/airflow/example_dags/example_bash_decorator.py
[2024-07-07T07:49:14.907+0000] {processor.py:840} INFO - DAG(s) 'example_bash_decorator' retrieved from /home/airflow/.local/lib/python3.12/site-packages/airflow/example_dags/example_bash_decorator.py
[2024-07-07T07:49:15.093+0000] {logging_mixin.py:188} INFO - [2024-07-07T07:49:15.092+0000] {dag.py:3096} INFO - Sync 1 DAGs
[2024-07-07T07:49:15.153+0000] {logging_mixin.py:188} INFO - [2024-07-07T07:49:15.151+0000] {dag.py:3954} INFO - Setting next_dagrun for example_bash_decorator to None, run_after=None
[2024-07-07T07:49:15.247+0000] {processor.py:183} INFO - Processing /home/airflow/.local/lib/python3.12/site-packages/airflow/example_dags/example_bash_decorator.py took 0.443 seconds
[2024-07-07T07:49:45.365+0000] {processor.py:161} INFO - Started process (PID=3981) to work on /home/airflow/.local/lib/python3.12/site-packages/airflow/example_dags/example_bash_decorator.py
[2024-07-07T07:49:45.367+0000] {processor.py:830} INFO - Processing file /home/airflow/.local/lib/python3.12/site-packages/airflow/example_dags/example_bash_decorator.py for tasks to queue
[2024-07-07T07:49:45.369+0000] {logging_mixin.py:188} INFO - [2024-07-07T07:49:45.368+0000] {dagbag.py:545} INFO - Filling up the DagBag from /home/airflow/.local/lib/python3.12/site-packages/airflow/example_dags/example_bash_decorator.py
[2024-07-07T07:49:45.396+0000] {processor.py:840} INFO - DAG(s) 'example_bash_decorator' retrieved from /home/airflow/.local/lib/python3.12/site-packages/airflow/example_dags/example_bash_decorator.py
[2024-07-07T07:49:45.442+0000] {logging_mixin.py:188} INFO - [2024-07-07T07:49:45.442+0000] {dag.py:3096} INFO - Sync 1 DAGs
[2024-07-07T07:49:45.466+0000] {logging_mixin.py:188} INFO - [2024-07-07T07:49:45.465+0000] {dag.py:3954} INFO - Setting next_dagrun for example_bash_decorator to None, run_after=None
[2024-07-07T07:49:45.495+0000] {processor.py:183} INFO - Processing /home/airflow/.local/lib/python3.12/site-packages/airflow/example_dags/example_bash_decorator.py took 0.142 seconds
[2024-07-07T07:50:16.691+0000] {processor.py:161} INFO - Started process (PID=4041) to work on /home/airflow/.local/lib/python3.12/site-packages/airflow/example_dags/example_bash_decorator.py
[2024-07-07T07:50:16.693+0000] {processor.py:830} INFO - Processing file /home/airflow/.local/lib/python3.12/site-packages/airflow/example_dags/example_bash_decorator.py for tasks to queue
[2024-07-07T07:50:16.695+0000] {logging_mixin.py:188} INFO - [2024-07-07T07:50:16.694+0000] {dagbag.py:545} INFO - Filling up the DagBag from /home/airflow/.local/lib/python3.12/site-packages/airflow/example_dags/example_bash_decorator.py
[2024-07-07T07:50:16.720+0000] {processor.py:840} INFO - DAG(s) 'example_bash_decorator' retrieved from /home/airflow/.local/lib/python3.12/site-packages/airflow/example_dags/example_bash_decorator.py
[2024-07-07T07:50:16.770+0000] {logging_mixin.py:188} INFO - [2024-07-07T07:50:16.770+0000] {dag.py:3096} INFO - Sync 1 DAGs
[2024-07-07T07:50:16.796+0000] {logging_mixin.py:188} INFO - [2024-07-07T07:50:16.796+0000] {dag.py:3954} INFO - Setting next_dagrun for example_bash_decorator to None, run_after=None
[2024-07-07T07:50:16.828+0000] {processor.py:183} INFO - Processing /home/airflow/.local/lib/python3.12/site-packages/airflow/example_dags/example_bash_decorator.py took 0.149 seconds
[2024-07-07T07:50:47.649+0000] {processor.py:161} INFO - Started process (PID=4102) to work on /home/airflow/.local/lib/python3.12/site-packages/airflow/example_dags/example_bash_decorator.py
[2024-07-07T07:50:47.650+0000] {processor.py:830} INFO - Processing file /home/airflow/.local/lib/python3.12/site-packages/airflow/example_dags/example_bash_decorator.py for tasks to queue
[2024-07-07T07:50:47.652+0000] {logging_mixin.py:188} INFO - [2024-07-07T07:50:47.652+0000] {dagbag.py:545} INFO - Filling up the DagBag from /home/airflow/.local/lib/python3.12/site-packages/airflow/example_dags/example_bash_decorator.py
[2024-07-07T07:50:47.670+0000] {processor.py:840} INFO - DAG(s) 'example_bash_decorator' retrieved from /home/airflow/.local/lib/python3.12/site-packages/airflow/example_dags/example_bash_decorator.py
[2024-07-07T07:50:47.705+0000] {logging_mixin.py:188} INFO - [2024-07-07T07:50:47.705+0000] {dag.py:3096} INFO - Sync 1 DAGs
[2024-07-07T07:50:47.723+0000] {logging_mixin.py:188} INFO - [2024-07-07T07:50:47.723+0000] {dag.py:3954} INFO - Setting next_dagrun for example_bash_decorator to None, run_after=None
[2024-07-07T07:50:47.751+0000] {processor.py:183} INFO - Processing /home/airflow/.local/lib/python3.12/site-packages/airflow/example_dags/example_bash_decorator.py took 0.111 seconds
[2024-07-07T07:51:18.287+0000] {processor.py:161} INFO - Started process (PID=4162) to work on /home/airflow/.local/lib/python3.12/site-packages/airflow/example_dags/example_bash_decorator.py
[2024-07-07T07:51:18.288+0000] {processor.py:830} INFO - Processing file /home/airflow/.local/lib/python3.12/site-packages/airflow/example_dags/example_bash_decorator.py for tasks to queue
[2024-07-07T07:51:18.290+0000] {logging_mixin.py:188} INFO - [2024-07-07T07:51:18.289+0000] {dagbag.py:545} INFO - Filling up the DagBag from /home/airflow/.local/lib/python3.12/site-packages/airflow/example_dags/example_bash_decorator.py
[2024-07-07T07:51:18.316+0000] {processor.py:840} INFO - DAG(s) 'example_bash_decorator' retrieved from /home/airflow/.local/lib/python3.12/site-packages/airflow/example_dags/example_bash_decorator.py
[2024-07-07T07:51:18.352+0000] {logging_mixin.py:188} INFO - [2024-07-07T07:51:18.352+0000] {dag.py:3096} INFO - Sync 1 DAGs
[2024-07-07T07:51:18.372+0000] {logging_mixin.py:188} INFO - [2024-07-07T07:51:18.371+0000] {dag.py:3954} INFO - Setting next_dagrun for example_bash_decorator to None, run_after=None
[2024-07-07T07:51:18.409+0000] {processor.py:183} INFO - Processing /home/airflow/.local/lib/python3.12/site-packages/airflow/example_dags/example_bash_decorator.py took 0.130 seconds
[2024-07-07T07:51:48.556+0000] {processor.py:161} INFO - Started process (PID=4220) to work on /home/airflow/.local/lib/python3.12/site-packages/airflow/example_dags/example_bash_decorator.py
[2024-07-07T07:51:48.558+0000] {processor.py:830} INFO - Processing file /home/airflow/.local/lib/python3.12/site-packages/airflow/example_dags/example_bash_decorator.py for tasks to queue
[2024-07-07T07:51:48.561+0000] {logging_mixin.py:188} INFO - [2024-07-07T07:51:48.560+0000] {dagbag.py:545} INFO - Filling up the DagBag from /home/airflow/.local/lib/python3.12/site-packages/airflow/example_dags/example_bash_decorator.py
[2024-07-07T07:51:48.595+0000] {processor.py:840} INFO - DAG(s) 'example_bash_decorator' retrieved from /home/airflow/.local/lib/python3.12/site-packages/airflow/example_dags/example_bash_decorator.py
[2024-07-07T07:51:48.655+0000] {logging_mixin.py:188} INFO - [2024-07-07T07:51:48.654+0000] {dag.py:3096} INFO - Sync 1 DAGs
[2024-07-07T07:51:48.681+0000] {logging_mixin.py:188} INFO - [2024-07-07T07:51:48.680+0000] {dag.py:3954} INFO - Setting next_dagrun for example_bash_decorator to None, run_after=None
[2024-07-07T07:51:48.734+0000] {processor.py:183} INFO - Processing /home/airflow/.local/lib/python3.12/site-packages/airflow/example_dags/example_bash_decorator.py took 0.187 seconds
[2024-07-07T07:52:18.826+0000] {processor.py:161} INFO - Started process (PID=4280) to work on /home/airflow/.local/lib/python3.12/site-packages/airflow/example_dags/example_bash_decorator.py
[2024-07-07T07:52:18.828+0000] {processor.py:830} INFO - Processing file /home/airflow/.local/lib/python3.12/site-packages/airflow/example_dags/example_bash_decorator.py for tasks to queue
[2024-07-07T07:52:18.829+0000] {logging_mixin.py:188} INFO - [2024-07-07T07:52:18.829+0000] {dagbag.py:545} INFO - Filling up the DagBag from /home/airflow/.local/lib/python3.12/site-packages/airflow/example_dags/example_bash_decorator.py
[2024-07-07T07:52:18.849+0000] {processor.py:840} INFO - DAG(s) 'example_bash_decorator' retrieved from /home/airflow/.local/lib/python3.12/site-packages/airflow/example_dags/example_bash_decorator.py
[2024-07-07T07:52:18.909+0000] {logging_mixin.py:188} INFO - [2024-07-07T07:52:18.909+0000] {dag.py:3096} INFO - Sync 1 DAGs
[2024-07-07T07:52:18.937+0000] {logging_mixin.py:188} INFO - [2024-07-07T07:52:18.937+0000] {dag.py:3954} INFO - Setting next_dagrun for example_bash_decorator to None, run_after=None
[2024-07-07T07:52:18.988+0000] {processor.py:183} INFO - Processing /home/airflow/.local/lib/python3.12/site-packages/airflow/example_dags/example_bash_decorator.py took 0.172 seconds
[2024-07-07T07:52:49.637+0000] {processor.py:161} INFO - Started process (PID=4340) to work on /home/airflow/.local/lib/python3.12/site-packages/airflow/example_dags/example_bash_decorator.py
[2024-07-07T07:52:49.639+0000] {processor.py:830} INFO - Processing file /home/airflow/.local/lib/python3.12/site-packages/airflow/example_dags/example_bash_decorator.py for tasks to queue
[2024-07-07T07:52:49.641+0000] {logging_mixin.py:188} INFO - [2024-07-07T07:52:49.640+0000] {dagbag.py:545} INFO - Filling up the DagBag from /home/airflow/.local/lib/python3.12/site-packages/airflow/example_dags/example_bash_decorator.py
[2024-07-07T07:52:49.678+0000] {processor.py:840} INFO - DAG(s) 'example_bash_decorator' retrieved from /home/airflow/.local/lib/python3.12/site-packages/airflow/example_dags/example_bash_decorator.py
[2024-07-07T07:52:49.718+0000] {logging_mixin.py:188} INFO - [2024-07-07T07:52:49.718+0000] {dag.py:3096} INFO - Sync 1 DAGs
[2024-07-07T07:52:49.736+0000] {logging_mixin.py:188} INFO - [2024-07-07T07:52:49.736+0000] {dag.py:3954} INFO - Setting next_dagrun for example_bash_decorator to None, run_after=None
[2024-07-07T07:52:49.761+0000] {processor.py:183} INFO - Processing /home/airflow/.local/lib/python3.12/site-packages/airflow/example_dags/example_bash_decorator.py took 0.135 seconds
[2024-07-07T07:53:20.091+0000] {processor.py:161} INFO - Started process (PID=4400) to work on /home/airflow/.local/lib/python3.12/site-packages/airflow/example_dags/example_bash_decorator.py
[2024-07-07T07:53:20.093+0000] {processor.py:830} INFO - Processing file /home/airflow/.local/lib/python3.12/site-packages/airflow/example_dags/example_bash_decorator.py for tasks to queue
[2024-07-07T07:53:20.095+0000] {logging_mixin.py:188} INFO - [2024-07-07T07:53:20.094+0000] {dagbag.py:545} INFO - Filling up the DagBag from /home/airflow/.local/lib/python3.12/site-packages/airflow/example_dags/example_bash_decorator.py
[2024-07-07T07:53:20.115+0000] {processor.py:840} INFO - DAG(s) 'example_bash_decorator' retrieved from /home/airflow/.local/lib/python3.12/site-packages/airflow/example_dags/example_bash_decorator.py
[2024-07-07T07:53:20.148+0000] {logging_mixin.py:188} INFO - [2024-07-07T07:53:20.148+0000] {dag.py:3096} INFO - Sync 1 DAGs
[2024-07-07T07:53:20.164+0000] {logging_mixin.py:188} INFO - [2024-07-07T07:53:20.164+0000] {dag.py:3954} INFO - Setting next_dagrun for example_bash_decorator to None, run_after=None
[2024-07-07T07:53:20.203+0000] {processor.py:183} INFO - Processing /home/airflow/.local/lib/python3.12/site-packages/airflow/example_dags/example_bash_decorator.py took 0.124 seconds
[2024-07-07T07:53:50.832+0000] {processor.py:161} INFO - Started process (PID=4458) to work on /home/airflow/.local/lib/python3.12/site-packages/airflow/example_dags/example_bash_decorator.py
[2024-07-07T07:53:50.834+0000] {processor.py:830} INFO - Processing file /home/airflow/.local/lib/python3.12/site-packages/airflow/example_dags/example_bash_decorator.py for tasks to queue
[2024-07-07T07:53:50.835+0000] {logging_mixin.py:188} INFO - [2024-07-07T07:53:50.835+0000] {dagbag.py:545} INFO - Filling up the DagBag from /home/airflow/.local/lib/python3.12/site-packages/airflow/example_dags/example_bash_decorator.py
[2024-07-07T07:53:50.860+0000] {processor.py:840} INFO - DAG(s) 'example_bash_decorator' retrieved from /home/airflow/.local/lib/python3.12/site-packages/airflow/example_dags/example_bash_decorator.py
[2024-07-07T07:53:50.894+0000] {logging_mixin.py:188} INFO - [2024-07-07T07:53:50.894+0000] {dag.py:3096} INFO - Sync 1 DAGs
[2024-07-07T07:53:50.912+0000] {logging_mixin.py:188} INFO - [2024-07-07T07:53:50.911+0000] {dag.py:3954} INFO - Setting next_dagrun for example_bash_decorator to None, run_after=None
[2024-07-07T07:53:50.942+0000] {processor.py:183} INFO - Processing /home/airflow/.local/lib/python3.12/site-packages/airflow/example_dags/example_bash_decorator.py took 0.119 seconds
[2024-07-07T07:54:21.592+0000] {processor.py:161} INFO - Started process (PID=4518) to work on /home/airflow/.local/lib/python3.12/site-packages/airflow/example_dags/example_bash_decorator.py
[2024-07-07T07:54:21.593+0000] {processor.py:830} INFO - Processing file /home/airflow/.local/lib/python3.12/site-packages/airflow/example_dags/example_bash_decorator.py for tasks to queue
[2024-07-07T07:54:21.595+0000] {logging_mixin.py:188} INFO - [2024-07-07T07:54:21.594+0000] {dagbag.py:545} INFO - Filling up the DagBag from /home/airflow/.local/lib/python3.12/site-packages/airflow/example_dags/example_bash_decorator.py
[2024-07-07T07:54:21.615+0000] {processor.py:840} INFO - DAG(s) 'example_bash_decorator' retrieved from /home/airflow/.local/lib/python3.12/site-packages/airflow/example_dags/example_bash_decorator.py
[2024-07-07T07:54:21.651+0000] {logging_mixin.py:188} INFO - [2024-07-07T07:54:21.651+0000] {dag.py:3096} INFO - Sync 1 DAGs
[2024-07-07T07:54:21.667+0000] {logging_mixin.py:188} INFO - [2024-07-07T07:54:21.667+0000] {dag.py:3954} INFO - Setting next_dagrun for example_bash_decorator to None, run_after=None
[2024-07-07T07:54:21.714+0000] {processor.py:183} INFO - Processing /home/airflow/.local/lib/python3.12/site-packages/airflow/example_dags/example_bash_decorator.py took 0.131 seconds
[2024-07-07T07:54:52.180+0000] {processor.py:161} INFO - Started process (PID=4578) to work on /home/airflow/.local/lib/python3.12/site-packages/airflow/example_dags/example_bash_decorator.py
[2024-07-07T07:54:52.182+0000] {processor.py:830} INFO - Processing file /home/airflow/.local/lib/python3.12/site-packages/airflow/example_dags/example_bash_decorator.py for tasks to queue
[2024-07-07T07:54:52.183+0000] {logging_mixin.py:188} INFO - [2024-07-07T07:54:52.183+0000] {dagbag.py:545} INFO - Filling up the DagBag from /home/airflow/.local/lib/python3.12/site-packages/airflow/example_dags/example_bash_decorator.py
[2024-07-07T07:54:52.206+0000] {processor.py:840} INFO - DAG(s) 'example_bash_decorator' retrieved from /home/airflow/.local/lib/python3.12/site-packages/airflow/example_dags/example_bash_decorator.py
[2024-07-07T07:54:52.254+0000] {logging_mixin.py:188} INFO - [2024-07-07T07:54:52.254+0000] {dag.py:3096} INFO - Sync 1 DAGs
[2024-07-07T07:54:52.273+0000] {logging_mixin.py:188} INFO - [2024-07-07T07:54:52.273+0000] {dag.py:3954} INFO - Setting next_dagrun for example_bash_decorator to None, run_after=None
[2024-07-07T07:54:52.296+0000] {processor.py:183} INFO - Processing /home/airflow/.local/lib/python3.12/site-packages/airflow/example_dags/example_bash_decorator.py took 0.129 seconds
[2024-07-07T07:55:22.614+0000] {processor.py:161} INFO - Started process (PID=4638) to work on /home/airflow/.local/lib/python3.12/site-packages/airflow/example_dags/example_bash_decorator.py
[2024-07-07T07:55:22.616+0000] {processor.py:830} INFO - Processing file /home/airflow/.local/lib/python3.12/site-packages/airflow/example_dags/example_bash_decorator.py for tasks to queue
[2024-07-07T07:55:22.619+0000] {logging_mixin.py:188} INFO - [2024-07-07T07:55:22.619+0000] {dagbag.py:545} INFO - Filling up the DagBag from /home/airflow/.local/lib/python3.12/site-packages/airflow/example_dags/example_bash_decorator.py
[2024-07-07T07:55:22.640+0000] {processor.py:840} INFO - DAG(s) 'example_bash_decorator' retrieved from /home/airflow/.local/lib/python3.12/site-packages/airflow/example_dags/example_bash_decorator.py
[2024-07-07T07:55:22.684+0000] {logging_mixin.py:188} INFO - [2024-07-07T07:55:22.683+0000] {dag.py:3096} INFO - Sync 1 DAGs
[2024-07-07T07:55:22.701+0000] {logging_mixin.py:188} INFO - [2024-07-07T07:55:22.701+0000] {dag.py:3954} INFO - Setting next_dagrun for example_bash_decorator to None, run_after=None
[2024-07-07T07:55:22.744+0000] {processor.py:183} INFO - Processing /home/airflow/.local/lib/python3.12/site-packages/airflow/example_dags/example_bash_decorator.py took 0.147 seconds
[2024-07-07T07:55:53.397+0000] {processor.py:161} INFO - Started process (PID=4698) to work on /home/airflow/.local/lib/python3.12/site-packages/airflow/example_dags/example_bash_decorator.py
[2024-07-07T07:55:53.400+0000] {processor.py:830} INFO - Processing file /home/airflow/.local/lib/python3.12/site-packages/airflow/example_dags/example_bash_decorator.py for tasks to queue
[2024-07-07T07:55:53.402+0000] {logging_mixin.py:188} INFO - [2024-07-07T07:55:53.401+0000] {dagbag.py:545} INFO - Filling up the DagBag from /home/airflow/.local/lib/python3.12/site-packages/airflow/example_dags/example_bash_decorator.py
[2024-07-07T07:55:53.425+0000] {processor.py:840} INFO - DAG(s) 'example_bash_decorator' retrieved from /home/airflow/.local/lib/python3.12/site-packages/airflow/example_dags/example_bash_decorator.py
[2024-07-07T07:55:53.460+0000] {logging_mixin.py:188} INFO - [2024-07-07T07:55:53.459+0000] {dag.py:3096} INFO - Sync 1 DAGs
[2024-07-07T07:55:53.476+0000] {logging_mixin.py:188} INFO - [2024-07-07T07:55:53.476+0000] {dag.py:3954} INFO - Setting next_dagrun for example_bash_decorator to None, run_after=None
[2024-07-07T07:55:53.518+0000] {processor.py:183} INFO - Processing /home/airflow/.local/lib/python3.12/site-packages/airflow/example_dags/example_bash_decorator.py took 0.132 seconds
[2024-07-07T07:56:23.794+0000] {processor.py:161} INFO - Started process (PID=4758) to work on /home/airflow/.local/lib/python3.12/site-packages/airflow/example_dags/example_bash_decorator.py
[2024-07-07T07:56:23.796+0000] {processor.py:830} INFO - Processing file /home/airflow/.local/lib/python3.12/site-packages/airflow/example_dags/example_bash_decorator.py for tasks to queue
[2024-07-07T07:56:23.798+0000] {logging_mixin.py:188} INFO - [2024-07-07T07:56:23.797+0000] {dagbag.py:545} INFO - Filling up the DagBag from /home/airflow/.local/lib/python3.12/site-packages/airflow/example_dags/example_bash_decorator.py
[2024-07-07T07:56:23.817+0000] {processor.py:840} INFO - DAG(s) 'example_bash_decorator' retrieved from /home/airflow/.local/lib/python3.12/site-packages/airflow/example_dags/example_bash_decorator.py
[2024-07-07T07:56:23.855+0000] {logging_mixin.py:188} INFO - [2024-07-07T07:56:23.855+0000] {dag.py:3096} INFO - Sync 1 DAGs
[2024-07-07T07:56:23.873+0000] {logging_mixin.py:188} INFO - [2024-07-07T07:56:23.872+0000] {dag.py:3954} INFO - Setting next_dagrun for example_bash_decorator to None, run_after=None
[2024-07-07T07:56:23.906+0000] {processor.py:183} INFO - Processing /home/airflow/.local/lib/python3.12/site-packages/airflow/example_dags/example_bash_decorator.py took 0.124 seconds
[2024-07-07T07:56:54.252+0000] {processor.py:161} INFO - Started process (PID=4818) to work on /home/airflow/.local/lib/python3.12/site-packages/airflow/example_dags/example_bash_decorator.py
[2024-07-07T07:56:54.253+0000] {processor.py:830} INFO - Processing file /home/airflow/.local/lib/python3.12/site-packages/airflow/example_dags/example_bash_decorator.py for tasks to queue
[2024-07-07T07:56:54.255+0000] {logging_mixin.py:188} INFO - [2024-07-07T07:56:54.255+0000] {dagbag.py:545} INFO - Filling up the DagBag from /home/airflow/.local/lib/python3.12/site-packages/airflow/example_dags/example_bash_decorator.py
[2024-07-07T07:56:54.281+0000] {processor.py:840} INFO - DAG(s) 'example_bash_decorator' retrieved from /home/airflow/.local/lib/python3.12/site-packages/airflow/example_dags/example_bash_decorator.py
[2024-07-07T07:56:54.324+0000] {logging_mixin.py:188} INFO - [2024-07-07T07:56:54.323+0000] {dag.py:3096} INFO - Sync 1 DAGs
[2024-07-07T07:56:54.346+0000] {logging_mixin.py:188} INFO - [2024-07-07T07:56:54.346+0000] {dag.py:3954} INFO - Setting next_dagrun for example_bash_decorator to None, run_after=None
[2024-07-07T07:56:54.387+0000] {processor.py:183} INFO - Processing /home/airflow/.local/lib/python3.12/site-packages/airflow/example_dags/example_bash_decorator.py took 0.148 seconds
[2024-07-07T07:57:25.055+0000] {processor.py:161} INFO - Started process (PID=4878) to work on /home/airflow/.local/lib/python3.12/site-packages/airflow/example_dags/example_bash_decorator.py
[2024-07-07T07:57:25.056+0000] {processor.py:830} INFO - Processing file /home/airflow/.local/lib/python3.12/site-packages/airflow/example_dags/example_bash_decorator.py for tasks to queue
[2024-07-07T07:57:25.058+0000] {logging_mixin.py:188} INFO - [2024-07-07T07:57:25.057+0000] {dagbag.py:545} INFO - Filling up the DagBag from /home/airflow/.local/lib/python3.12/site-packages/airflow/example_dags/example_bash_decorator.py
[2024-07-07T07:57:25.078+0000] {processor.py:840} INFO - DAG(s) 'example_bash_decorator' retrieved from /home/airflow/.local/lib/python3.12/site-packages/airflow/example_dags/example_bash_decorator.py
[2024-07-07T07:57:25.121+0000] {logging_mixin.py:188} INFO - [2024-07-07T07:57:25.121+0000] {dag.py:3096} INFO - Sync 1 DAGs
[2024-07-07T07:57:25.139+0000] {logging_mixin.py:188} INFO - [2024-07-07T07:57:25.138+0000] {dag.py:3954} INFO - Setting next_dagrun for example_bash_decorator to None, run_after=None
[2024-07-07T07:57:25.181+0000] {processor.py:183} INFO - Processing /home/airflow/.local/lib/python3.12/site-packages/airflow/example_dags/example_bash_decorator.py took 0.136 seconds
[2024-07-07T07:57:55.349+0000] {processor.py:161} INFO - Started process (PID=4938) to work on /home/airflow/.local/lib/python3.12/site-packages/airflow/example_dags/example_bash_decorator.py
[2024-07-07T07:57:55.352+0000] {processor.py:830} INFO - Processing file /home/airflow/.local/lib/python3.12/site-packages/airflow/example_dags/example_bash_decorator.py for tasks to queue
[2024-07-07T07:57:55.355+0000] {logging_mixin.py:188} INFO - [2024-07-07T07:57:55.354+0000] {dagbag.py:545} INFO - Filling up the DagBag from /home/airflow/.local/lib/python3.12/site-packages/airflow/example_dags/example_bash_decorator.py
[2024-07-07T07:57:55.376+0000] {processor.py:840} INFO - DAG(s) 'example_bash_decorator' retrieved from /home/airflow/.local/lib/python3.12/site-packages/airflow/example_dags/example_bash_decorator.py
[2024-07-07T07:57:55.410+0000] {logging_mixin.py:188} INFO - [2024-07-07T07:57:55.410+0000] {dag.py:3096} INFO - Sync 1 DAGs
[2024-07-07T07:57:55.427+0000] {logging_mixin.py:188} INFO - [2024-07-07T07:57:55.427+0000] {dag.py:3954} INFO - Setting next_dagrun for example_bash_decorator to None, run_after=None
[2024-07-07T07:57:55.452+0000] {processor.py:183} INFO - Processing /home/airflow/.local/lib/python3.12/site-packages/airflow/example_dags/example_bash_decorator.py took 0.119 seconds
[2024-07-07T07:58:25.580+0000] {processor.py:161} INFO - Started process (PID=4998) to work on /home/airflow/.local/lib/python3.12/site-packages/airflow/example_dags/example_bash_decorator.py
[2024-07-07T07:58:25.583+0000] {processor.py:830} INFO - Processing file /home/airflow/.local/lib/python3.12/site-packages/airflow/example_dags/example_bash_decorator.py for tasks to queue
[2024-07-07T07:58:25.585+0000] {logging_mixin.py:188} INFO - [2024-07-07T07:58:25.584+0000] {dagbag.py:545} INFO - Filling up the DagBag from /home/airflow/.local/lib/python3.12/site-packages/airflow/example_dags/example_bash_decorator.py
[2024-07-07T07:58:25.605+0000] {processor.py:840} INFO - DAG(s) 'example_bash_decorator' retrieved from /home/airflow/.local/lib/python3.12/site-packages/airflow/example_dags/example_bash_decorator.py
[2024-07-07T07:58:25.639+0000] {logging_mixin.py:188} INFO - [2024-07-07T07:58:25.638+0000] {dag.py:3096} INFO - Sync 1 DAGs
[2024-07-07T07:58:25.655+0000] {logging_mixin.py:188} INFO - [2024-07-07T07:58:25.655+0000] {dag.py:3954} INFO - Setting next_dagrun for example_bash_decorator to None, run_after=None
[2024-07-07T07:58:25.717+0000] {processor.py:183} INFO - Processing /home/airflow/.local/lib/python3.12/site-packages/airflow/example_dags/example_bash_decorator.py took 0.154 seconds
[2024-07-07T07:58:56.347+0000] {processor.py:161} INFO - Started process (PID=5058) to work on /home/airflow/.local/lib/python3.12/site-packages/airflow/example_dags/example_bash_decorator.py
[2024-07-07T07:58:56.349+0000] {processor.py:830} INFO - Processing file /home/airflow/.local/lib/python3.12/site-packages/airflow/example_dags/example_bash_decorator.py for tasks to queue
[2024-07-07T07:58:56.350+0000] {logging_mixin.py:188} INFO - [2024-07-07T07:58:56.350+0000] {dagbag.py:545} INFO - Filling up the DagBag from /home/airflow/.local/lib/python3.12/site-packages/airflow/example_dags/example_bash_decorator.py
[2024-07-07T07:58:56.382+0000] {processor.py:840} INFO - DAG(s) 'example_bash_decorator' retrieved from /home/airflow/.local/lib/python3.12/site-packages/airflow/example_dags/example_bash_decorator.py
[2024-07-07T07:58:56.417+0000] {logging_mixin.py:188} INFO - [2024-07-07T07:58:56.417+0000] {dag.py:3096} INFO - Sync 1 DAGs
[2024-07-07T07:58:56.433+0000] {logging_mixin.py:188} INFO - [2024-07-07T07:58:56.433+0000] {dag.py:3954} INFO - Setting next_dagrun for example_bash_decorator to None, run_after=None
[2024-07-07T07:58:56.466+0000] {processor.py:183} INFO - Processing /home/airflow/.local/lib/python3.12/site-packages/airflow/example_dags/example_bash_decorator.py took 0.129 seconds
[2024-07-07T07:59:27.158+0000] {processor.py:161} INFO - Started process (PID=5118) to work on /home/airflow/.local/lib/python3.12/site-packages/airflow/example_dags/example_bash_decorator.py
[2024-07-07T07:59:27.160+0000] {processor.py:830} INFO - Processing file /home/airflow/.local/lib/python3.12/site-packages/airflow/example_dags/example_bash_decorator.py for tasks to queue
[2024-07-07T07:59:27.161+0000] {logging_mixin.py:188} INFO - [2024-07-07T07:59:27.161+0000] {dagbag.py:545} INFO - Filling up the DagBag from /home/airflow/.local/lib/python3.12/site-packages/airflow/example_dags/example_bash_decorator.py
[2024-07-07T07:59:27.187+0000] {processor.py:840} INFO - DAG(s) 'example_bash_decorator' retrieved from /home/airflow/.local/lib/python3.12/site-packages/airflow/example_dags/example_bash_decorator.py
[2024-07-07T07:59:27.220+0000] {logging_mixin.py:188} INFO - [2024-07-07T07:59:27.220+0000] {dag.py:3096} INFO - Sync 1 DAGs
[2024-07-07T07:59:27.237+0000] {logging_mixin.py:188} INFO - [2024-07-07T07:59:27.236+0000] {dag.py:3954} INFO - Setting next_dagrun for example_bash_decorator to None, run_after=None
[2024-07-07T07:59:27.271+0000] {processor.py:183} INFO - Processing /home/airflow/.local/lib/python3.12/site-packages/airflow/example_dags/example_bash_decorator.py took 0.128 seconds
[2024-07-07T07:59:57.956+0000] {processor.py:161} INFO - Started process (PID=5178) to work on /home/airflow/.local/lib/python3.12/site-packages/airflow/example_dags/example_bash_decorator.py
[2024-07-07T07:59:57.958+0000] {processor.py:830} INFO - Processing file /home/airflow/.local/lib/python3.12/site-packages/airflow/example_dags/example_bash_decorator.py for tasks to queue
[2024-07-07T07:59:57.960+0000] {logging_mixin.py:188} INFO - [2024-07-07T07:59:57.960+0000] {dagbag.py:545} INFO - Filling up the DagBag from /home/airflow/.local/lib/python3.12/site-packages/airflow/example_dags/example_bash_decorator.py
[2024-07-07T07:59:57.984+0000] {processor.py:840} INFO - DAG(s) 'example_bash_decorator' retrieved from /home/airflow/.local/lib/python3.12/site-packages/airflow/example_dags/example_bash_decorator.py
[2024-07-07T07:59:58.020+0000] {logging_mixin.py:188} INFO - [2024-07-07T07:59:58.020+0000] {dag.py:3096} INFO - Sync 1 DAGs
[2024-07-07T07:59:58.037+0000] {logging_mixin.py:188} INFO - [2024-07-07T07:59:58.036+0000] {dag.py:3954} INFO - Setting next_dagrun for example_bash_decorator to None, run_after=None
[2024-07-07T07:59:58.069+0000] {processor.py:183} INFO - Processing /home/airflow/.local/lib/python3.12/site-packages/airflow/example_dags/example_bash_decorator.py took 0.131 seconds
[2024-07-07T08:00:28.598+0000] {processor.py:161} INFO - Started process (PID=5238) to work on /home/airflow/.local/lib/python3.12/site-packages/airflow/example_dags/example_bash_decorator.py
[2024-07-07T08:00:28.599+0000] {processor.py:830} INFO - Processing file /home/airflow/.local/lib/python3.12/site-packages/airflow/example_dags/example_bash_decorator.py for tasks to queue
[2024-07-07T08:00:28.601+0000] {logging_mixin.py:188} INFO - [2024-07-07T08:00:28.601+0000] {dagbag.py:545} INFO - Filling up the DagBag from /home/airflow/.local/lib/python3.12/site-packages/airflow/example_dags/example_bash_decorator.py
[2024-07-07T08:00:28.619+0000] {processor.py:840} INFO - DAG(s) 'example_bash_decorator' retrieved from /home/airflow/.local/lib/python3.12/site-packages/airflow/example_dags/example_bash_decorator.py
[2024-07-07T08:00:28.651+0000] {logging_mixin.py:188} INFO - [2024-07-07T08:00:28.651+0000] {dag.py:3096} INFO - Sync 1 DAGs
[2024-07-07T08:00:28.667+0000] {logging_mixin.py:188} INFO - [2024-07-07T08:00:28.667+0000] {dag.py:3954} INFO - Setting next_dagrun for example_bash_decorator to None, run_after=None
[2024-07-07T08:00:28.701+0000] {processor.py:183} INFO - Processing /home/airflow/.local/lib/python3.12/site-packages/airflow/example_dags/example_bash_decorator.py took 0.112 seconds
[2024-07-07T08:05:26.474+0000] {processor.py:161} INFO - Started process (PID=5303) to work on /home/airflow/.local/lib/python3.12/site-packages/airflow/example_dags/example_bash_decorator.py
[2024-07-07T08:05:26.476+0000] {processor.py:830} INFO - Processing file /home/airflow/.local/lib/python3.12/site-packages/airflow/example_dags/example_bash_decorator.py for tasks to queue
[2024-07-07T08:05:26.487+0000] {logging_mixin.py:188} INFO - [2024-07-07T08:05:26.477+0000] {dagbag.py:545} INFO - Filling up the DagBag from /home/airflow/.local/lib/python3.12/site-packages/airflow/example_dags/example_bash_decorator.py
[2024-07-07T08:05:26.540+0000] {processor.py:840} INFO - DAG(s) 'example_bash_decorator' retrieved from /home/airflow/.local/lib/python3.12/site-packages/airflow/example_dags/example_bash_decorator.py
[2024-07-07T08:05:26.660+0000] {logging_mixin.py:188} INFO - [2024-07-07T08:05:26.660+0000] {dag.py:3096} INFO - Sync 1 DAGs
[2024-07-07T08:05:26.714+0000] {logging_mixin.py:188} INFO - [2024-07-07T08:05:26.714+0000] {dag.py:3954} INFO - Setting next_dagrun for example_bash_decorator to None, run_after=None
[2024-07-07T08:05:26.810+0000] {processor.py:183} INFO - Processing /home/airflow/.local/lib/python3.12/site-packages/airflow/example_dags/example_bash_decorator.py took 0.371 seconds
[2024-07-07T08:05:57.828+0000] {processor.py:161} INFO - Started process (PID=5364) to work on /home/airflow/.local/lib/python3.12/site-packages/airflow/example_dags/example_bash_decorator.py
[2024-07-07T08:05:57.830+0000] {processor.py:830} INFO - Processing file /home/airflow/.local/lib/python3.12/site-packages/airflow/example_dags/example_bash_decorator.py for tasks to queue
[2024-07-07T08:05:57.832+0000] {logging_mixin.py:188} INFO - [2024-07-07T08:05:57.831+0000] {dagbag.py:545} INFO - Filling up the DagBag from /home/airflow/.local/lib/python3.12/site-packages/airflow/example_dags/example_bash_decorator.py
[2024-07-07T08:05:57.878+0000] {processor.py:840} INFO - DAG(s) 'example_bash_decorator' retrieved from /home/airflow/.local/lib/python3.12/site-packages/airflow/example_dags/example_bash_decorator.py
[2024-07-07T08:05:57.984+0000] {logging_mixin.py:188} INFO - [2024-07-07T08:05:57.983+0000] {dag.py:3096} INFO - Sync 1 DAGs
[2024-07-07T08:05:58.023+0000] {logging_mixin.py:188} INFO - [2024-07-07T08:05:58.022+0000] {dag.py:3954} INFO - Setting next_dagrun for example_bash_decorator to None, run_after=None
[2024-07-07T08:05:58.092+0000] {processor.py:183} INFO - Processing /home/airflow/.local/lib/python3.12/site-packages/airflow/example_dags/example_bash_decorator.py took 0.282 seconds
