[2024-07-07T00:00:22.667+0000] {processor.py:161} INFO - Started process (PID=2323) to work on /home/airflow/.local/lib/python3.12/site-packages/airflow/example_dags/example_branch_labels.py
[2024-07-07T00:00:22.669+0000] {processor.py:830} INFO - Processing file /home/airflow/.local/lib/python3.12/site-packages/airflow/example_dags/example_branch_labels.py for tasks to queue
[2024-07-07T00:00:22.675+0000] {logging_mixin.py:188} INFO - [2024-07-07T00:00:22.674+0000] {dagbag.py:545} INFO - Filling up the DagBag from /home/airflow/.local/lib/python3.12/site-packages/airflow/example_dags/example_branch_labels.py
[2024-07-07T00:00:22.695+0000] {processor.py:840} INFO - DAG(s) 'example_branch_labels' retrieved from /home/airflow/.local/lib/python3.12/site-packages/airflow/example_dags/example_branch_labels.py
[2024-07-07T00:00:22.766+0000] {logging_mixin.py:188} INFO - [2024-07-07T00:00:22.765+0000] {dag.py:3096} INFO - Sync 1 DAGs
[2024-07-07T00:00:22.845+0000] {logging_mixin.py:188} INFO - [2024-07-07T00:00:22.845+0000] {dag.py:3954} INFO - Setting next_dagrun for example_branch_labels to 2024-07-06 00:00:00+00:00, run_after=2024-07-07 00:00:00+00:00
[2024-07-07T00:00:22.892+0000] {processor.py:183} INFO - Processing /home/airflow/.local/lib/python3.12/site-packages/airflow/example_dags/example_branch_labels.py took 0.238 seconds
[2024-07-07T00:00:53.122+0000] {processor.py:161} INFO - Started process (PID=2382) to work on /home/airflow/.local/lib/python3.12/site-packages/airflow/example_dags/example_branch_labels.py
[2024-07-07T00:00:53.124+0000] {processor.py:830} INFO - Processing file /home/airflow/.local/lib/python3.12/site-packages/airflow/example_dags/example_branch_labels.py for tasks to queue
[2024-07-07T00:00:53.128+0000] {logging_mixin.py:188} INFO - [2024-07-07T00:00:53.128+0000] {dagbag.py:545} INFO - Filling up the DagBag from /home/airflow/.local/lib/python3.12/site-packages/airflow/example_dags/example_branch_labels.py
[2024-07-07T00:00:53.144+0000] {processor.py:840} INFO - DAG(s) 'example_branch_labels' retrieved from /home/airflow/.local/lib/python3.12/site-packages/airflow/example_dags/example_branch_labels.py
[2024-07-07T00:00:53.188+0000] {logging_mixin.py:188} INFO - [2024-07-07T00:00:53.187+0000] {dag.py:3096} INFO - Sync 1 DAGs
[2024-07-07T00:00:53.281+0000] {logging_mixin.py:188} INFO - [2024-07-07T00:00:53.279+0000] {dag.py:3954} INFO - Setting next_dagrun for example_branch_labels to 2024-07-06 00:00:00+00:00, run_after=2024-07-07 00:00:00+00:00
[2024-07-07T00:00:53.343+0000] {processor.py:183} INFO - Processing /home/airflow/.local/lib/python3.12/site-packages/airflow/example_dags/example_branch_labels.py took 0.235 seconds
[2024-07-07T00:01:23.919+0000] {processor.py:161} INFO - Started process (PID=2442) to work on /home/airflow/.local/lib/python3.12/site-packages/airflow/example_dags/example_branch_labels.py
[2024-07-07T00:01:23.922+0000] {processor.py:830} INFO - Processing file /home/airflow/.local/lib/python3.12/site-packages/airflow/example_dags/example_branch_labels.py for tasks to queue
[2024-07-07T00:01:23.927+0000] {logging_mixin.py:188} INFO - [2024-07-07T00:01:23.926+0000] {dagbag.py:545} INFO - Filling up the DagBag from /home/airflow/.local/lib/python3.12/site-packages/airflow/example_dags/example_branch_labels.py
[2024-07-07T00:01:23.962+0000] {processor.py:840} INFO - DAG(s) 'example_branch_labels' retrieved from /home/airflow/.local/lib/python3.12/site-packages/airflow/example_dags/example_branch_labels.py
[2024-07-07T00:01:24.128+0000] {logging_mixin.py:188} INFO - [2024-07-07T00:01:24.127+0000] {dag.py:3096} INFO - Sync 1 DAGs
[2024-07-07T00:01:24.391+0000] {logging_mixin.py:188} INFO - [2024-07-07T00:01:24.385+0000] {dag.py:3954} INFO - Setting next_dagrun for example_branch_labels to 2024-07-06 00:00:00+00:00, run_after=2024-07-07 00:00:00+00:00
[2024-07-07T00:01:24.441+0000] {processor.py:183} INFO - Processing /home/airflow/.local/lib/python3.12/site-packages/airflow/example_dags/example_branch_labels.py took 0.540 seconds
[2024-07-07T00:01:55.312+0000] {processor.py:161} INFO - Started process (PID=2502) to work on /home/airflow/.local/lib/python3.12/site-packages/airflow/example_dags/example_branch_labels.py
[2024-07-07T00:01:55.316+0000] {processor.py:830} INFO - Processing file /home/airflow/.local/lib/python3.12/site-packages/airflow/example_dags/example_branch_labels.py for tasks to queue
[2024-07-07T00:01:55.327+0000] {logging_mixin.py:188} INFO - [2024-07-07T00:01:55.322+0000] {dagbag.py:545} INFO - Filling up the DagBag from /home/airflow/.local/lib/python3.12/site-packages/airflow/example_dags/example_branch_labels.py
[2024-07-07T00:01:55.358+0000] {processor.py:840} INFO - DAG(s) 'example_branch_labels' retrieved from /home/airflow/.local/lib/python3.12/site-packages/airflow/example_dags/example_branch_labels.py
[2024-07-07T00:01:55.423+0000] {logging_mixin.py:188} INFO - [2024-07-07T00:01:55.423+0000] {dag.py:3096} INFO - Sync 1 DAGs
[2024-07-07T00:01:55.502+0000] {logging_mixin.py:188} INFO - [2024-07-07T00:01:55.501+0000] {dag.py:3954} INFO - Setting next_dagrun for example_branch_labels to 2024-07-06 00:00:00+00:00, run_after=2024-07-07 00:00:00+00:00
[2024-07-07T00:01:55.557+0000] {processor.py:183} INFO - Processing /home/airflow/.local/lib/python3.12/site-packages/airflow/example_dags/example_branch_labels.py took 0.287 seconds
[2024-07-07T00:02:25.900+0000] {processor.py:161} INFO - Started process (PID=2562) to work on /home/airflow/.local/lib/python3.12/site-packages/airflow/example_dags/example_branch_labels.py
[2024-07-07T00:02:25.906+0000] {processor.py:830} INFO - Processing file /home/airflow/.local/lib/python3.12/site-packages/airflow/example_dags/example_branch_labels.py for tasks to queue
[2024-07-07T00:02:25.918+0000] {logging_mixin.py:188} INFO - [2024-07-07T00:02:25.916+0000] {dagbag.py:545} INFO - Filling up the DagBag from /home/airflow/.local/lib/python3.12/site-packages/airflow/example_dags/example_branch_labels.py
[2024-07-07T00:02:25.959+0000] {processor.py:840} INFO - DAG(s) 'example_branch_labels' retrieved from /home/airflow/.local/lib/python3.12/site-packages/airflow/example_dags/example_branch_labels.py
[2024-07-07T00:02:26.019+0000] {logging_mixin.py:188} INFO - [2024-07-07T00:02:26.018+0000] {dag.py:3096} INFO - Sync 1 DAGs
[2024-07-07T00:02:26.154+0000] {logging_mixin.py:188} INFO - [2024-07-07T00:02:26.152+0000] {dag.py:3954} INFO - Setting next_dagrun for example_branch_labels to 2024-07-06 00:00:00+00:00, run_after=2024-07-07 00:00:00+00:00
[2024-07-07T00:02:26.260+0000] {processor.py:183} INFO - Processing /home/airflow/.local/lib/python3.12/site-packages/airflow/example_dags/example_branch_labels.py took 0.400 seconds
[2024-07-07T00:02:57.392+0000] {processor.py:161} INFO - Started process (PID=2622) to work on /home/airflow/.local/lib/python3.12/site-packages/airflow/example_dags/example_branch_labels.py
[2024-07-07T00:02:57.399+0000] {processor.py:830} INFO - Processing file /home/airflow/.local/lib/python3.12/site-packages/airflow/example_dags/example_branch_labels.py for tasks to queue
[2024-07-07T00:02:57.409+0000] {logging_mixin.py:188} INFO - [2024-07-07T00:02:57.407+0000] {dagbag.py:545} INFO - Filling up the DagBag from /home/airflow/.local/lib/python3.12/site-packages/airflow/example_dags/example_branch_labels.py
[2024-07-07T00:02:57.461+0000] {processor.py:840} INFO - DAG(s) 'example_branch_labels' retrieved from /home/airflow/.local/lib/python3.12/site-packages/airflow/example_dags/example_branch_labels.py
[2024-07-07T00:02:57.532+0000] {logging_mixin.py:188} INFO - [2024-07-07T00:02:57.531+0000] {dag.py:3096} INFO - Sync 1 DAGs
[2024-07-07T00:02:57.610+0000] {logging_mixin.py:188} INFO - [2024-07-07T00:02:57.609+0000] {dag.py:3954} INFO - Setting next_dagrun for example_branch_labels to 2024-07-06 00:00:00+00:00, run_after=2024-07-07 00:00:00+00:00
[2024-07-07T00:02:57.662+0000] {processor.py:183} INFO - Processing /home/airflow/.local/lib/python3.12/site-packages/airflow/example_dags/example_branch_labels.py took 0.331 seconds
[2024-07-07T00:03:27.957+0000] {processor.py:161} INFO - Started process (PID=2683) to work on /home/airflow/.local/lib/python3.12/site-packages/airflow/example_dags/example_branch_labels.py
[2024-07-07T00:03:27.959+0000] {processor.py:830} INFO - Processing file /home/airflow/.local/lib/python3.12/site-packages/airflow/example_dags/example_branch_labels.py for tasks to queue
[2024-07-07T00:03:27.963+0000] {logging_mixin.py:188} INFO - [2024-07-07T00:03:27.963+0000] {dagbag.py:545} INFO - Filling up the DagBag from /home/airflow/.local/lib/python3.12/site-packages/airflow/example_dags/example_branch_labels.py
[2024-07-07T00:03:27.980+0000] {processor.py:840} INFO - DAG(s) 'example_branch_labels' retrieved from /home/airflow/.local/lib/python3.12/site-packages/airflow/example_dags/example_branch_labels.py
[2024-07-07T00:03:28.033+0000] {logging_mixin.py:188} INFO - [2024-07-07T00:03:28.032+0000] {dag.py:3096} INFO - Sync 1 DAGs
[2024-07-07T00:03:28.094+0000] {logging_mixin.py:188} INFO - [2024-07-07T00:03:28.093+0000] {dag.py:3954} INFO - Setting next_dagrun for example_branch_labels to 2024-07-06 00:00:00+00:00, run_after=2024-07-07 00:00:00+00:00
[2024-07-07T00:03:28.138+0000] {processor.py:183} INFO - Processing /home/airflow/.local/lib/python3.12/site-packages/airflow/example_dags/example_branch_labels.py took 0.192 seconds
[2024-07-07T07:39:27.840+0000] {processor.py:161} INFO - Started process (PID=2780) to work on /home/airflow/.local/lib/python3.12/site-packages/airflow/example_dags/example_branch_labels.py
[2024-07-07T07:39:27.843+0000] {processor.py:830} INFO - Processing file /home/airflow/.local/lib/python3.12/site-packages/airflow/example_dags/example_branch_labels.py for tasks to queue
[2024-07-07T07:39:27.849+0000] {logging_mixin.py:188} INFO - [2024-07-07T07:39:27.848+0000] {dagbag.py:545} INFO - Filling up the DagBag from /home/airflow/.local/lib/python3.12/site-packages/airflow/example_dags/example_branch_labels.py
[2024-07-07T07:39:27.881+0000] {processor.py:840} INFO - DAG(s) 'example_branch_labels' retrieved from /home/airflow/.local/lib/python3.12/site-packages/airflow/example_dags/example_branch_labels.py
[2024-07-07T07:39:28.052+0000] {logging_mixin.py:188} INFO - [2024-07-07T07:39:28.051+0000] {dag.py:3096} INFO - Sync 1 DAGs
[2024-07-07T07:39:28.140+0000] {logging_mixin.py:188} INFO - [2024-07-07T07:39:28.140+0000] {dag.py:3954} INFO - Setting next_dagrun for example_branch_labels to 2024-07-06 00:00:00+00:00, run_after=2024-07-07 00:00:00+00:00
[2024-07-07T07:39:28.245+0000] {processor.py:183} INFO - Processing /home/airflow/.local/lib/python3.12/site-packages/airflow/example_dags/example_branch_labels.py took 0.438 seconds
[2024-07-07T07:39:59.133+0000] {processor.py:161} INFO - Started process (PID=2840) to work on /home/airflow/.local/lib/python3.12/site-packages/airflow/example_dags/example_branch_labels.py
[2024-07-07T07:39:59.134+0000] {processor.py:830} INFO - Processing file /home/airflow/.local/lib/python3.12/site-packages/airflow/example_dags/example_branch_labels.py for tasks to queue
[2024-07-07T07:39:59.136+0000] {logging_mixin.py:188} INFO - [2024-07-07T07:39:59.136+0000] {dagbag.py:545} INFO - Filling up the DagBag from /home/airflow/.local/lib/python3.12/site-packages/airflow/example_dags/example_branch_labels.py
[2024-07-07T07:39:59.145+0000] {processor.py:840} INFO - DAG(s) 'example_branch_labels' retrieved from /home/airflow/.local/lib/python3.12/site-packages/airflow/example_dags/example_branch_labels.py
[2024-07-07T07:39:59.174+0000] {logging_mixin.py:188} INFO - [2024-07-07T07:39:59.174+0000] {dag.py:3096} INFO - Sync 1 DAGs
[2024-07-07T07:39:59.201+0000] {logging_mixin.py:188} INFO - [2024-07-07T07:39:59.201+0000] {dag.py:3954} INFO - Setting next_dagrun for example_branch_labels to 2024-07-06 00:00:00+00:00, run_after=2024-07-07 00:00:00+00:00
[2024-07-07T07:39:59.223+0000] {processor.py:183} INFO - Processing /home/airflow/.local/lib/python3.12/site-packages/airflow/example_dags/example_branch_labels.py took 0.098 seconds
[2024-07-07T07:40:29.389+0000] {processor.py:161} INFO - Started process (PID=2900) to work on /home/airflow/.local/lib/python3.12/site-packages/airflow/example_dags/example_branch_labels.py
[2024-07-07T07:40:29.390+0000] {processor.py:830} INFO - Processing file /home/airflow/.local/lib/python3.12/site-packages/airflow/example_dags/example_branch_labels.py for tasks to queue
[2024-07-07T07:40:29.391+0000] {logging_mixin.py:188} INFO - [2024-07-07T07:40:29.391+0000] {dagbag.py:545} INFO - Filling up the DagBag from /home/airflow/.local/lib/python3.12/site-packages/airflow/example_dags/example_branch_labels.py
[2024-07-07T07:40:29.400+0000] {processor.py:840} INFO - DAG(s) 'example_branch_labels' retrieved from /home/airflow/.local/lib/python3.12/site-packages/airflow/example_dags/example_branch_labels.py
[2024-07-07T07:40:29.428+0000] {logging_mixin.py:188} INFO - [2024-07-07T07:40:29.428+0000] {dag.py:3096} INFO - Sync 1 DAGs
[2024-07-07T07:40:29.454+0000] {logging_mixin.py:188} INFO - [2024-07-07T07:40:29.454+0000] {dag.py:3954} INFO - Setting next_dagrun for example_branch_labels to 2024-07-06 00:00:00+00:00, run_after=2024-07-07 00:00:00+00:00
[2024-07-07T07:40:29.483+0000] {processor.py:183} INFO - Processing /home/airflow/.local/lib/python3.12/site-packages/airflow/example_dags/example_branch_labels.py took 0.102 seconds
[2024-07-07T07:40:59.702+0000] {processor.py:161} INFO - Started process (PID=2960) to work on /home/airflow/.local/lib/python3.12/site-packages/airflow/example_dags/example_branch_labels.py
[2024-07-07T07:40:59.705+0000] {processor.py:830} INFO - Processing file /home/airflow/.local/lib/python3.12/site-packages/airflow/example_dags/example_branch_labels.py for tasks to queue
[2024-07-07T07:40:59.708+0000] {logging_mixin.py:188} INFO - [2024-07-07T07:40:59.707+0000] {dagbag.py:545} INFO - Filling up the DagBag from /home/airflow/.local/lib/python3.12/site-packages/airflow/example_dags/example_branch_labels.py
[2024-07-07T07:40:59.738+0000] {processor.py:840} INFO - DAG(s) 'example_branch_labels' retrieved from /home/airflow/.local/lib/python3.12/site-packages/airflow/example_dags/example_branch_labels.py
[2024-07-07T07:40:59.810+0000] {logging_mixin.py:188} INFO - [2024-07-07T07:40:59.809+0000] {dag.py:3096} INFO - Sync 1 DAGs
[2024-07-07T07:40:59.878+0000] {logging_mixin.py:188} INFO - [2024-07-07T07:40:59.878+0000] {dag.py:3954} INFO - Setting next_dagrun for example_branch_labels to 2024-07-06 00:00:00+00:00, run_after=2024-07-07 00:00:00+00:00
[2024-07-07T07:40:59.926+0000] {processor.py:183} INFO - Processing /home/airflow/.local/lib/python3.12/site-packages/airflow/example_dags/example_branch_labels.py took 0.242 seconds
[2024-07-07T07:41:30.607+0000] {processor.py:161} INFO - Started process (PID=3020) to work on /home/airflow/.local/lib/python3.12/site-packages/airflow/example_dags/example_branch_labels.py
[2024-07-07T07:41:30.609+0000] {processor.py:830} INFO - Processing file /home/airflow/.local/lib/python3.12/site-packages/airflow/example_dags/example_branch_labels.py for tasks to queue
[2024-07-07T07:41:30.611+0000] {logging_mixin.py:188} INFO - [2024-07-07T07:41:30.610+0000] {dagbag.py:545} INFO - Filling up the DagBag from /home/airflow/.local/lib/python3.12/site-packages/airflow/example_dags/example_branch_labels.py
[2024-07-07T07:41:30.630+0000] {processor.py:840} INFO - DAG(s) 'example_branch_labels' retrieved from /home/airflow/.local/lib/python3.12/site-packages/airflow/example_dags/example_branch_labels.py
[2024-07-07T07:41:30.689+0000] {logging_mixin.py:188} INFO - [2024-07-07T07:41:30.689+0000] {dag.py:3096} INFO - Sync 1 DAGs
[2024-07-07T07:41:30.730+0000] {logging_mixin.py:188} INFO - [2024-07-07T07:41:30.730+0000] {dag.py:3954} INFO - Setting next_dagrun for example_branch_labels to 2024-07-06 00:00:00+00:00, run_after=2024-07-07 00:00:00+00:00
[2024-07-07T07:41:30.766+0000] {processor.py:183} INFO - Processing /home/airflow/.local/lib/python3.12/site-packages/airflow/example_dags/example_branch_labels.py took 0.173 seconds
[2024-07-07T07:42:02.163+0000] {processor.py:161} INFO - Started process (PID=3080) to work on /home/airflow/.local/lib/python3.12/site-packages/airflow/example_dags/example_branch_labels.py
[2024-07-07T07:42:02.165+0000] {processor.py:830} INFO - Processing file /home/airflow/.local/lib/python3.12/site-packages/airflow/example_dags/example_branch_labels.py for tasks to queue
[2024-07-07T07:42:02.167+0000] {logging_mixin.py:188} INFO - [2024-07-07T07:42:02.166+0000] {dagbag.py:545} INFO - Filling up the DagBag from /home/airflow/.local/lib/python3.12/site-packages/airflow/example_dags/example_branch_labels.py
[2024-07-07T07:42:02.187+0000] {processor.py:840} INFO - DAG(s) 'example_branch_labels' retrieved from /home/airflow/.local/lib/python3.12/site-packages/airflow/example_dags/example_branch_labels.py
[2024-07-07T07:42:02.237+0000] {logging_mixin.py:188} INFO - [2024-07-07T07:42:02.236+0000] {dag.py:3096} INFO - Sync 1 DAGs
[2024-07-07T07:42:02.283+0000] {logging_mixin.py:188} INFO - [2024-07-07T07:42:02.283+0000] {dag.py:3954} INFO - Setting next_dagrun for example_branch_labels to 2024-07-06 00:00:00+00:00, run_after=2024-07-07 00:00:00+00:00
[2024-07-07T07:42:02.327+0000] {processor.py:183} INFO - Processing /home/airflow/.local/lib/python3.12/site-packages/airflow/example_dags/example_branch_labels.py took 0.179 seconds
[2024-07-07T07:42:34.569+0000] {processor.py:161} INFO - Started process (PID=3140) to work on /home/airflow/.local/lib/python3.12/site-packages/airflow/example_dags/example_branch_labels.py
[2024-07-07T07:42:34.572+0000] {processor.py:830} INFO - Processing file /home/airflow/.local/lib/python3.12/site-packages/airflow/example_dags/example_branch_labels.py for tasks to queue
[2024-07-07T07:42:34.575+0000] {logging_mixin.py:188} INFO - [2024-07-07T07:42:34.574+0000] {dagbag.py:545} INFO - Filling up the DagBag from /home/airflow/.local/lib/python3.12/site-packages/airflow/example_dags/example_branch_labels.py
[2024-07-07T07:42:34.597+0000] {processor.py:840} INFO - DAG(s) 'example_branch_labels' retrieved from /home/airflow/.local/lib/python3.12/site-packages/airflow/example_dags/example_branch_labels.py
[2024-07-07T07:42:34.679+0000] {logging_mixin.py:188} INFO - [2024-07-07T07:42:34.677+0000] {dag.py:3096} INFO - Sync 1 DAGs
[2024-07-07T07:42:34.815+0000] {logging_mixin.py:188} INFO - [2024-07-07T07:42:34.814+0000] {dag.py:3954} INFO - Setting next_dagrun for example_branch_labels to 2024-07-06 00:00:00+00:00, run_after=2024-07-07 00:00:00+00:00
[2024-07-07T07:42:34.862+0000] {processor.py:183} INFO - Processing /home/airflow/.local/lib/python3.12/site-packages/airflow/example_dags/example_branch_labels.py took 0.313 seconds
[2024-07-07T07:43:05.349+0000] {processor.py:161} INFO - Started process (PID=3200) to work on /home/airflow/.local/lib/python3.12/site-packages/airflow/example_dags/example_branch_labels.py
[2024-07-07T07:43:05.353+0000] {processor.py:830} INFO - Processing file /home/airflow/.local/lib/python3.12/site-packages/airflow/example_dags/example_branch_labels.py for tasks to queue
[2024-07-07T07:43:05.358+0000] {logging_mixin.py:188} INFO - [2024-07-07T07:43:05.356+0000] {dagbag.py:545} INFO - Filling up the DagBag from /home/airflow/.local/lib/python3.12/site-packages/airflow/example_dags/example_branch_labels.py
[2024-07-07T07:43:05.390+0000] {processor.py:840} INFO - DAG(s) 'example_branch_labels' retrieved from /home/airflow/.local/lib/python3.12/site-packages/airflow/example_dags/example_branch_labels.py
[2024-07-07T07:43:05.476+0000] {logging_mixin.py:188} INFO - [2024-07-07T07:43:05.475+0000] {dag.py:3096} INFO - Sync 1 DAGs
[2024-07-07T07:43:05.562+0000] {logging_mixin.py:188} INFO - [2024-07-07T07:43:05.561+0000] {dag.py:3954} INFO - Setting next_dagrun for example_branch_labels to 2024-07-06 00:00:00+00:00, run_after=2024-07-07 00:00:00+00:00
[2024-07-07T07:43:05.632+0000] {processor.py:183} INFO - Processing /home/airflow/.local/lib/python3.12/site-packages/airflow/example_dags/example_branch_labels.py took 0.300 seconds
[2024-07-07T07:43:36.312+0000] {processor.py:161} INFO - Started process (PID=3258) to work on /home/airflow/.local/lib/python3.12/site-packages/airflow/example_dags/example_branch_labels.py
[2024-07-07T07:43:36.315+0000] {processor.py:830} INFO - Processing file /home/airflow/.local/lib/python3.12/site-packages/airflow/example_dags/example_branch_labels.py for tasks to queue
[2024-07-07T07:43:36.317+0000] {logging_mixin.py:188} INFO - [2024-07-07T07:43:36.316+0000] {dagbag.py:545} INFO - Filling up the DagBag from /home/airflow/.local/lib/python3.12/site-packages/airflow/example_dags/example_branch_labels.py
[2024-07-07T07:43:36.342+0000] {processor.py:840} INFO - DAG(s) 'example_branch_labels' retrieved from /home/airflow/.local/lib/python3.12/site-packages/airflow/example_dags/example_branch_labels.py
[2024-07-07T07:43:36.403+0000] {logging_mixin.py:188} INFO - [2024-07-07T07:43:36.402+0000] {dag.py:3096} INFO - Sync 1 DAGs
[2024-07-07T07:43:36.477+0000] {logging_mixin.py:188} INFO - [2024-07-07T07:43:36.476+0000] {dag.py:3954} INFO - Setting next_dagrun for example_branch_labels to 2024-07-06 00:00:00+00:00, run_after=2024-07-07 00:00:00+00:00
[2024-07-07T07:43:36.520+0000] {processor.py:183} INFO - Processing /home/airflow/.local/lib/python3.12/site-packages/airflow/example_dags/example_branch_labels.py took 0.229 seconds
[2024-07-07T07:44:06.979+0000] {processor.py:161} INFO - Started process (PID=3318) to work on /home/airflow/.local/lib/python3.12/site-packages/airflow/example_dags/example_branch_labels.py
[2024-07-07T07:44:06.981+0000] {processor.py:830} INFO - Processing file /home/airflow/.local/lib/python3.12/site-packages/airflow/example_dags/example_branch_labels.py for tasks to queue
[2024-07-07T07:44:06.983+0000] {logging_mixin.py:188} INFO - [2024-07-07T07:44:06.983+0000] {dagbag.py:545} INFO - Filling up the DagBag from /home/airflow/.local/lib/python3.12/site-packages/airflow/example_dags/example_branch_labels.py
[2024-07-07T07:44:07.004+0000] {processor.py:840} INFO - DAG(s) 'example_branch_labels' retrieved from /home/airflow/.local/lib/python3.12/site-packages/airflow/example_dags/example_branch_labels.py
[2024-07-07T07:44:07.047+0000] {logging_mixin.py:188} INFO - [2024-07-07T07:44:07.046+0000] {dag.py:3096} INFO - Sync 1 DAGs
[2024-07-07T07:44:07.098+0000] {logging_mixin.py:188} INFO - [2024-07-07T07:44:07.097+0000] {dag.py:3954} INFO - Setting next_dagrun for example_branch_labels to 2024-07-06 00:00:00+00:00, run_after=2024-07-07 00:00:00+00:00
[2024-07-07T07:44:07.135+0000] {processor.py:183} INFO - Processing /home/airflow/.local/lib/python3.12/site-packages/airflow/example_dags/example_branch_labels.py took 0.171 seconds
[2024-07-07T07:44:37.588+0000] {processor.py:161} INFO - Started process (PID=3378) to work on /home/airflow/.local/lib/python3.12/site-packages/airflow/example_dags/example_branch_labels.py
[2024-07-07T07:44:37.594+0000] {processor.py:830} INFO - Processing file /home/airflow/.local/lib/python3.12/site-packages/airflow/example_dags/example_branch_labels.py for tasks to queue
[2024-07-07T07:44:37.600+0000] {logging_mixin.py:188} INFO - [2024-07-07T07:44:37.598+0000] {dagbag.py:545} INFO - Filling up the DagBag from /home/airflow/.local/lib/python3.12/site-packages/airflow/example_dags/example_branch_labels.py
[2024-07-07T07:44:37.646+0000] {processor.py:840} INFO - DAG(s) 'example_branch_labels' retrieved from /home/airflow/.local/lib/python3.12/site-packages/airflow/example_dags/example_branch_labels.py
[2024-07-07T07:44:37.759+0000] {logging_mixin.py:188} INFO - [2024-07-07T07:44:37.758+0000] {dag.py:3096} INFO - Sync 1 DAGs
[2024-07-07T07:44:37.916+0000] {logging_mixin.py:188} INFO - [2024-07-07T07:44:37.915+0000] {dag.py:3954} INFO - Setting next_dagrun for example_branch_labels to 2024-07-06 00:00:00+00:00, run_after=2024-07-07 00:00:00+00:00
[2024-07-07T07:44:37.987+0000] {processor.py:183} INFO - Processing /home/airflow/.local/lib/python3.12/site-packages/airflow/example_dags/example_branch_labels.py took 0.435 seconds
[2024-07-07T07:45:08.150+0000] {processor.py:161} INFO - Started process (PID=3438) to work on /home/airflow/.local/lib/python3.12/site-packages/airflow/example_dags/example_branch_labels.py
[2024-07-07T07:45:08.153+0000] {processor.py:830} INFO - Processing file /home/airflow/.local/lib/python3.12/site-packages/airflow/example_dags/example_branch_labels.py for tasks to queue
[2024-07-07T07:45:08.156+0000] {logging_mixin.py:188} INFO - [2024-07-07T07:45:08.155+0000] {dagbag.py:545} INFO - Filling up the DagBag from /home/airflow/.local/lib/python3.12/site-packages/airflow/example_dags/example_branch_labels.py
[2024-07-07T07:45:08.181+0000] {processor.py:840} INFO - DAG(s) 'example_branch_labels' retrieved from /home/airflow/.local/lib/python3.12/site-packages/airflow/example_dags/example_branch_labels.py
[2024-07-07T07:45:08.228+0000] {logging_mixin.py:188} INFO - [2024-07-07T07:45:08.228+0000] {dag.py:3096} INFO - Sync 1 DAGs
[2024-07-07T07:45:08.279+0000] {logging_mixin.py:188} INFO - [2024-07-07T07:45:08.279+0000] {dag.py:3954} INFO - Setting next_dagrun for example_branch_labels to 2024-07-06 00:00:00+00:00, run_after=2024-07-07 00:00:00+00:00
[2024-07-07T07:45:08.318+0000] {processor.py:183} INFO - Processing /home/airflow/.local/lib/python3.12/site-packages/airflow/example_dags/example_branch_labels.py took 0.184 seconds
[2024-07-07T07:45:39.382+0000] {processor.py:161} INFO - Started process (PID=3497) to work on /home/airflow/.local/lib/python3.12/site-packages/airflow/example_dags/example_branch_labels.py
[2024-07-07T07:45:39.385+0000] {processor.py:830} INFO - Processing file /home/airflow/.local/lib/python3.12/site-packages/airflow/example_dags/example_branch_labels.py for tasks to queue
[2024-07-07T07:45:39.391+0000] {logging_mixin.py:188} INFO - [2024-07-07T07:45:39.390+0000] {dagbag.py:545} INFO - Filling up the DagBag from /home/airflow/.local/lib/python3.12/site-packages/airflow/example_dags/example_branch_labels.py
[2024-07-07T07:45:39.414+0000] {processor.py:840} INFO - DAG(s) 'example_branch_labels' retrieved from /home/airflow/.local/lib/python3.12/site-packages/airflow/example_dags/example_branch_labels.py
[2024-07-07T07:45:39.461+0000] {logging_mixin.py:188} INFO - [2024-07-07T07:45:39.460+0000] {dag.py:3096} INFO - Sync 1 DAGs
[2024-07-07T07:45:39.503+0000] {logging_mixin.py:188} INFO - [2024-07-07T07:45:39.502+0000] {dag.py:3954} INFO - Setting next_dagrun for example_branch_labels to 2024-07-06 00:00:00+00:00, run_after=2024-07-07 00:00:00+00:00
[2024-07-07T07:45:39.539+0000] {processor.py:183} INFO - Processing /home/airflow/.local/lib/python3.12/site-packages/airflow/example_dags/example_branch_labels.py took 0.188 seconds
[2024-07-07T07:46:10.367+0000] {processor.py:161} INFO - Started process (PID=3557) to work on /home/airflow/.local/lib/python3.12/site-packages/airflow/example_dags/example_branch_labels.py
[2024-07-07T07:46:10.369+0000] {processor.py:830} INFO - Processing file /home/airflow/.local/lib/python3.12/site-packages/airflow/example_dags/example_branch_labels.py for tasks to queue
[2024-07-07T07:46:10.371+0000] {logging_mixin.py:188} INFO - [2024-07-07T07:46:10.371+0000] {dagbag.py:545} INFO - Filling up the DagBag from /home/airflow/.local/lib/python3.12/site-packages/airflow/example_dags/example_branch_labels.py
[2024-07-07T07:46:10.387+0000] {processor.py:840} INFO - DAG(s) 'example_branch_labels' retrieved from /home/airflow/.local/lib/python3.12/site-packages/airflow/example_dags/example_branch_labels.py
[2024-07-07T07:46:10.429+0000] {logging_mixin.py:188} INFO - [2024-07-07T07:46:10.429+0000] {dag.py:3096} INFO - Sync 1 DAGs
[2024-07-07T07:46:10.474+0000] {logging_mixin.py:188} INFO - [2024-07-07T07:46:10.473+0000] {dag.py:3954} INFO - Setting next_dagrun for example_branch_labels to 2024-07-06 00:00:00+00:00, run_after=2024-07-07 00:00:00+00:00
[2024-07-07T07:46:10.514+0000] {processor.py:183} INFO - Processing /home/airflow/.local/lib/python3.12/site-packages/airflow/example_dags/example_branch_labels.py took 0.160 seconds
[2024-07-07T07:46:40.662+0000] {processor.py:161} INFO - Started process (PID=3618) to work on /home/airflow/.local/lib/python3.12/site-packages/airflow/example_dags/example_branch_labels.py
[2024-07-07T07:46:40.664+0000] {processor.py:830} INFO - Processing file /home/airflow/.local/lib/python3.12/site-packages/airflow/example_dags/example_branch_labels.py for tasks to queue
[2024-07-07T07:46:40.668+0000] {logging_mixin.py:188} INFO - [2024-07-07T07:46:40.667+0000] {dagbag.py:545} INFO - Filling up the DagBag from /home/airflow/.local/lib/python3.12/site-packages/airflow/example_dags/example_branch_labels.py
[2024-07-07T07:46:40.690+0000] {processor.py:840} INFO - DAG(s) 'example_branch_labels' retrieved from /home/airflow/.local/lib/python3.12/site-packages/airflow/example_dags/example_branch_labels.py
[2024-07-07T07:46:40.759+0000] {logging_mixin.py:188} INFO - [2024-07-07T07:46:40.758+0000] {dag.py:3096} INFO - Sync 1 DAGs
[2024-07-07T07:46:40.823+0000] {logging_mixin.py:188} INFO - [2024-07-07T07:46:40.822+0000] {dag.py:3954} INFO - Setting next_dagrun for example_branch_labels to 2024-07-06 00:00:00+00:00, run_after=2024-07-07 00:00:00+00:00
[2024-07-07T07:46:40.875+0000] {processor.py:183} INFO - Processing /home/airflow/.local/lib/python3.12/site-packages/airflow/example_dags/example_branch_labels.py took 0.232 seconds
[2024-07-07T07:47:11.734+0000] {processor.py:161} INFO - Started process (PID=3679) to work on /home/airflow/.local/lib/python3.12/site-packages/airflow/example_dags/example_branch_labels.py
[2024-07-07T07:47:11.737+0000] {processor.py:830} INFO - Processing file /home/airflow/.local/lib/python3.12/site-packages/airflow/example_dags/example_branch_labels.py for tasks to queue
[2024-07-07T07:47:11.740+0000] {logging_mixin.py:188} INFO - [2024-07-07T07:47:11.739+0000] {dagbag.py:545} INFO - Filling up the DagBag from /home/airflow/.local/lib/python3.12/site-packages/airflow/example_dags/example_branch_labels.py
[2024-07-07T07:47:11.765+0000] {processor.py:840} INFO - DAG(s) 'example_branch_labels' retrieved from /home/airflow/.local/lib/python3.12/site-packages/airflow/example_dags/example_branch_labels.py
[2024-07-07T07:47:11.815+0000] {logging_mixin.py:188} INFO - [2024-07-07T07:47:11.814+0000] {dag.py:3096} INFO - Sync 1 DAGs
[2024-07-07T07:47:11.868+0000] {logging_mixin.py:188} INFO - [2024-07-07T07:47:11.867+0000] {dag.py:3954} INFO - Setting next_dagrun for example_branch_labels to 2024-07-06 00:00:00+00:00, run_after=2024-07-07 00:00:00+00:00
[2024-07-07T07:47:11.908+0000] {processor.py:183} INFO - Processing /home/airflow/.local/lib/python3.12/site-packages/airflow/example_dags/example_branch_labels.py took 0.193 seconds
[2024-07-07T07:47:42.398+0000] {processor.py:161} INFO - Started process (PID=3739) to work on /home/airflow/.local/lib/python3.12/site-packages/airflow/example_dags/example_branch_labels.py
[2024-07-07T07:47:42.400+0000] {processor.py:830} INFO - Processing file /home/airflow/.local/lib/python3.12/site-packages/airflow/example_dags/example_branch_labels.py for tasks to queue
[2024-07-07T07:47:42.402+0000] {logging_mixin.py:188} INFO - [2024-07-07T07:47:42.401+0000] {dagbag.py:545} INFO - Filling up the DagBag from /home/airflow/.local/lib/python3.12/site-packages/airflow/example_dags/example_branch_labels.py
[2024-07-07T07:47:42.417+0000] {processor.py:840} INFO - DAG(s) 'example_branch_labels' retrieved from /home/airflow/.local/lib/python3.12/site-packages/airflow/example_dags/example_branch_labels.py
[2024-07-07T07:47:42.455+0000] {logging_mixin.py:188} INFO - [2024-07-07T07:47:42.454+0000] {dag.py:3096} INFO - Sync 1 DAGs
[2024-07-07T07:47:42.500+0000] {logging_mixin.py:188} INFO - [2024-07-07T07:47:42.500+0000] {dag.py:3954} INFO - Setting next_dagrun for example_branch_labels to 2024-07-06 00:00:00+00:00, run_after=2024-07-07 00:00:00+00:00
[2024-07-07T07:47:42.540+0000] {processor.py:183} INFO - Processing /home/airflow/.local/lib/python3.12/site-packages/airflow/example_dags/example_branch_labels.py took 0.154 seconds
[2024-07-07T07:48:13.036+0000] {processor.py:161} INFO - Started process (PID=3798) to work on /home/airflow/.local/lib/python3.12/site-packages/airflow/example_dags/example_branch_labels.py
[2024-07-07T07:48:13.038+0000] {processor.py:830} INFO - Processing file /home/airflow/.local/lib/python3.12/site-packages/airflow/example_dags/example_branch_labels.py for tasks to queue
[2024-07-07T07:48:13.040+0000] {logging_mixin.py:188} INFO - [2024-07-07T07:48:13.040+0000] {dagbag.py:545} INFO - Filling up the DagBag from /home/airflow/.local/lib/python3.12/site-packages/airflow/example_dags/example_branch_labels.py
[2024-07-07T07:48:13.055+0000] {processor.py:840} INFO - DAG(s) 'example_branch_labels' retrieved from /home/airflow/.local/lib/python3.12/site-packages/airflow/example_dags/example_branch_labels.py
[2024-07-07T07:48:13.094+0000] {logging_mixin.py:188} INFO - [2024-07-07T07:48:13.094+0000] {dag.py:3096} INFO - Sync 1 DAGs
[2024-07-07T07:48:13.134+0000] {logging_mixin.py:188} INFO - [2024-07-07T07:48:13.133+0000] {dag.py:3954} INFO - Setting next_dagrun for example_branch_labels to 2024-07-06 00:00:00+00:00, run_after=2024-07-07 00:00:00+00:00
[2024-07-07T07:48:13.173+0000] {processor.py:183} INFO - Processing /home/airflow/.local/lib/python3.12/site-packages/airflow/example_dags/example_branch_labels.py took 0.148 seconds
[2024-07-07T07:48:43.424+0000] {processor.py:161} INFO - Started process (PID=3858) to work on /home/airflow/.local/lib/python3.12/site-packages/airflow/example_dags/example_branch_labels.py
[2024-07-07T07:48:43.426+0000] {processor.py:830} INFO - Processing file /home/airflow/.local/lib/python3.12/site-packages/airflow/example_dags/example_branch_labels.py for tasks to queue
[2024-07-07T07:48:43.428+0000] {logging_mixin.py:188} INFO - [2024-07-07T07:48:43.428+0000] {dagbag.py:545} INFO - Filling up the DagBag from /home/airflow/.local/lib/python3.12/site-packages/airflow/example_dags/example_branch_labels.py
[2024-07-07T07:48:43.444+0000] {processor.py:840} INFO - DAG(s) 'example_branch_labels' retrieved from /home/airflow/.local/lib/python3.12/site-packages/airflow/example_dags/example_branch_labels.py
[2024-07-07T07:48:43.490+0000] {logging_mixin.py:188} INFO - [2024-07-07T07:48:43.489+0000] {dag.py:3096} INFO - Sync 1 DAGs
[2024-07-07T07:48:43.544+0000] {logging_mixin.py:188} INFO - [2024-07-07T07:48:43.543+0000] {dag.py:3954} INFO - Setting next_dagrun for example_branch_labels to 2024-07-06 00:00:00+00:00, run_after=2024-07-07 00:00:00+00:00
[2024-07-07T07:48:43.594+0000] {processor.py:183} INFO - Processing /home/airflow/.local/lib/python3.12/site-packages/airflow/example_dags/example_branch_labels.py took 0.182 seconds
[2024-07-07T07:49:14.135+0000] {processor.py:161} INFO - Started process (PID=3918) to work on /home/airflow/.local/lib/python3.12/site-packages/airflow/example_dags/example_branch_labels.py
[2024-07-07T07:49:14.137+0000] {processor.py:830} INFO - Processing file /home/airflow/.local/lib/python3.12/site-packages/airflow/example_dags/example_branch_labels.py for tasks to queue
[2024-07-07T07:49:14.140+0000] {logging_mixin.py:188} INFO - [2024-07-07T07:49:14.139+0000] {dagbag.py:545} INFO - Filling up the DagBag from /home/airflow/.local/lib/python3.12/site-packages/airflow/example_dags/example_branch_labels.py
[2024-07-07T07:49:14.166+0000] {processor.py:840} INFO - DAG(s) 'example_branch_labels' retrieved from /home/airflow/.local/lib/python3.12/site-packages/airflow/example_dags/example_branch_labels.py
[2024-07-07T07:49:14.220+0000] {logging_mixin.py:188} INFO - [2024-07-07T07:49:14.220+0000] {dag.py:3096} INFO - Sync 1 DAGs
[2024-07-07T07:49:14.267+0000] {logging_mixin.py:188} INFO - [2024-07-07T07:49:14.266+0000] {dag.py:3954} INFO - Setting next_dagrun for example_branch_labels to 2024-07-06 00:00:00+00:00, run_after=2024-07-07 00:00:00+00:00
[2024-07-07T07:49:14.312+0000] {processor.py:183} INFO - Processing /home/airflow/.local/lib/python3.12/site-packages/airflow/example_dags/example_branch_labels.py took 0.191 seconds
[2024-07-07T07:49:45.095+0000] {processor.py:161} INFO - Started process (PID=3978) to work on /home/airflow/.local/lib/python3.12/site-packages/airflow/example_dags/example_branch_labels.py
[2024-07-07T07:49:45.097+0000] {processor.py:830} INFO - Processing file /home/airflow/.local/lib/python3.12/site-packages/airflow/example_dags/example_branch_labels.py for tasks to queue
[2024-07-07T07:49:45.099+0000] {logging_mixin.py:188} INFO - [2024-07-07T07:49:45.099+0000] {dagbag.py:545} INFO - Filling up the DagBag from /home/airflow/.local/lib/python3.12/site-packages/airflow/example_dags/example_branch_labels.py
[2024-07-07T07:49:45.115+0000] {processor.py:840} INFO - DAG(s) 'example_branch_labels' retrieved from /home/airflow/.local/lib/python3.12/site-packages/airflow/example_dags/example_branch_labels.py
[2024-07-07T07:49:45.156+0000] {logging_mixin.py:188} INFO - [2024-07-07T07:49:45.155+0000] {dag.py:3096} INFO - Sync 1 DAGs
[2024-07-07T07:49:45.196+0000] {logging_mixin.py:188} INFO - [2024-07-07T07:49:45.196+0000] {dag.py:3954} INFO - Setting next_dagrun for example_branch_labels to 2024-07-06 00:00:00+00:00, run_after=2024-07-07 00:00:00+00:00
[2024-07-07T07:49:45.240+0000] {processor.py:183} INFO - Processing /home/airflow/.local/lib/python3.12/site-packages/airflow/example_dags/example_branch_labels.py took 0.161 seconds
[2024-07-07T07:50:16.176+0000] {processor.py:161} INFO - Started process (PID=4038) to work on /home/airflow/.local/lib/python3.12/site-packages/airflow/example_dags/example_branch_labels.py
[2024-07-07T07:50:16.177+0000] {processor.py:830} INFO - Processing file /home/airflow/.local/lib/python3.12/site-packages/airflow/example_dags/example_branch_labels.py for tasks to queue
[2024-07-07T07:50:16.179+0000] {logging_mixin.py:188} INFO - [2024-07-07T07:50:16.178+0000] {dagbag.py:545} INFO - Filling up the DagBag from /home/airflow/.local/lib/python3.12/site-packages/airflow/example_dags/example_branch_labels.py
[2024-07-07T07:50:16.194+0000] {processor.py:840} INFO - DAG(s) 'example_branch_labels' retrieved from /home/airflow/.local/lib/python3.12/site-packages/airflow/example_dags/example_branch_labels.py
[2024-07-07T07:50:16.246+0000] {logging_mixin.py:188} INFO - [2024-07-07T07:50:16.245+0000] {dag.py:3096} INFO - Sync 1 DAGs
[2024-07-07T07:50:16.342+0000] {logging_mixin.py:188} INFO - [2024-07-07T07:50:16.341+0000] {dag.py:3954} INFO - Setting next_dagrun for example_branch_labels to 2024-07-06 00:00:00+00:00, run_after=2024-07-07 00:00:00+00:00
[2024-07-07T07:50:16.429+0000] {processor.py:183} INFO - Processing /home/airflow/.local/lib/python3.12/site-packages/airflow/example_dags/example_branch_labels.py took 0.266 seconds
[2024-07-07T07:50:47.352+0000] {processor.py:161} INFO - Started process (PID=4098) to work on /home/airflow/.local/lib/python3.12/site-packages/airflow/example_dags/example_branch_labels.py
[2024-07-07T07:50:47.354+0000] {processor.py:830} INFO - Processing file /home/airflow/.local/lib/python3.12/site-packages/airflow/example_dags/example_branch_labels.py for tasks to queue
[2024-07-07T07:50:47.355+0000] {logging_mixin.py:188} INFO - [2024-07-07T07:50:47.355+0000] {dagbag.py:545} INFO - Filling up the DagBag from /home/airflow/.local/lib/python3.12/site-packages/airflow/example_dags/example_branch_labels.py
[2024-07-07T07:50:47.367+0000] {processor.py:840} INFO - DAG(s) 'example_branch_labels' retrieved from /home/airflow/.local/lib/python3.12/site-packages/airflow/example_dags/example_branch_labels.py
[2024-07-07T07:50:47.402+0000] {logging_mixin.py:188} INFO - [2024-07-07T07:50:47.402+0000] {dag.py:3096} INFO - Sync 1 DAGs
[2024-07-07T07:50:47.432+0000] {logging_mixin.py:188} INFO - [2024-07-07T07:50:47.432+0000] {dag.py:3954} INFO - Setting next_dagrun for example_branch_labels to 2024-07-06 00:00:00+00:00, run_after=2024-07-07 00:00:00+00:00
[2024-07-07T07:50:47.455+0000] {processor.py:183} INFO - Processing /home/airflow/.local/lib/python3.12/site-packages/airflow/example_dags/example_branch_labels.py took 0.112 seconds
[2024-07-07T07:51:17.551+0000] {processor.py:161} INFO - Started process (PID=4158) to work on /home/airflow/.local/lib/python3.12/site-packages/airflow/example_dags/example_branch_labels.py
[2024-07-07T07:51:17.553+0000] {processor.py:830} INFO - Processing file /home/airflow/.local/lib/python3.12/site-packages/airflow/example_dags/example_branch_labels.py for tasks to queue
[2024-07-07T07:51:17.555+0000] {logging_mixin.py:188} INFO - [2024-07-07T07:51:17.554+0000] {dagbag.py:545} INFO - Filling up the DagBag from /home/airflow/.local/lib/python3.12/site-packages/airflow/example_dags/example_branch_labels.py
[2024-07-07T07:51:17.569+0000] {processor.py:840} INFO - DAG(s) 'example_branch_labels' retrieved from /home/airflow/.local/lib/python3.12/site-packages/airflow/example_dags/example_branch_labels.py
[2024-07-07T07:51:17.608+0000] {logging_mixin.py:188} INFO - [2024-07-07T07:51:17.607+0000] {dag.py:3096} INFO - Sync 1 DAGs
[2024-07-07T07:51:17.644+0000] {logging_mixin.py:188} INFO - [2024-07-07T07:51:17.643+0000] {dag.py:3954} INFO - Setting next_dagrun for example_branch_labels to 2024-07-06 00:00:00+00:00, run_after=2024-07-07 00:00:00+00:00
[2024-07-07T07:51:17.678+0000] {processor.py:183} INFO - Processing /home/airflow/.local/lib/python3.12/site-packages/airflow/example_dags/example_branch_labels.py took 0.137 seconds
[2024-07-07T07:51:48.012+0000] {processor.py:161} INFO - Started process (PID=4216) to work on /home/airflow/.local/lib/python3.12/site-packages/airflow/example_dags/example_branch_labels.py
[2024-07-07T07:51:48.013+0000] {processor.py:830} INFO - Processing file /home/airflow/.local/lib/python3.12/site-packages/airflow/example_dags/example_branch_labels.py for tasks to queue
[2024-07-07T07:51:48.015+0000] {logging_mixin.py:188} INFO - [2024-07-07T07:51:48.015+0000] {dagbag.py:545} INFO - Filling up the DagBag from /home/airflow/.local/lib/python3.12/site-packages/airflow/example_dags/example_branch_labels.py
[2024-07-07T07:51:48.028+0000] {processor.py:840} INFO - DAG(s) 'example_branch_labels' retrieved from /home/airflow/.local/lib/python3.12/site-packages/airflow/example_dags/example_branch_labels.py
[2024-07-07T07:51:48.061+0000] {logging_mixin.py:188} INFO - [2024-07-07T07:51:48.061+0000] {dag.py:3096} INFO - Sync 1 DAGs
[2024-07-07T07:51:48.095+0000] {logging_mixin.py:188} INFO - [2024-07-07T07:51:48.095+0000] {dag.py:3954} INFO - Setting next_dagrun for example_branch_labels to 2024-07-06 00:00:00+00:00, run_after=2024-07-07 00:00:00+00:00
[2024-07-07T07:51:48.131+0000] {processor.py:183} INFO - Processing /home/airflow/.local/lib/python3.12/site-packages/airflow/example_dags/example_branch_labels.py took 0.129 seconds
[2024-07-07T07:52:18.293+0000] {processor.py:161} INFO - Started process (PID=4276) to work on /home/airflow/.local/lib/python3.12/site-packages/airflow/example_dags/example_branch_labels.py
[2024-07-07T07:52:18.295+0000] {processor.py:830} INFO - Processing file /home/airflow/.local/lib/python3.12/site-packages/airflow/example_dags/example_branch_labels.py for tasks to queue
[2024-07-07T07:52:18.297+0000] {logging_mixin.py:188} INFO - [2024-07-07T07:52:18.296+0000] {dagbag.py:545} INFO - Filling up the DagBag from /home/airflow/.local/lib/python3.12/site-packages/airflow/example_dags/example_branch_labels.py
[2024-07-07T07:52:18.307+0000] {processor.py:840} INFO - DAG(s) 'example_branch_labels' retrieved from /home/airflow/.local/lib/python3.12/site-packages/airflow/example_dags/example_branch_labels.py
[2024-07-07T07:52:18.336+0000] {logging_mixin.py:188} INFO - [2024-07-07T07:52:18.336+0000] {dag.py:3096} INFO - Sync 1 DAGs
[2024-07-07T07:52:18.364+0000] {logging_mixin.py:188} INFO - [2024-07-07T07:52:18.364+0000] {dag.py:3954} INFO - Setting next_dagrun for example_branch_labels to 2024-07-06 00:00:00+00:00, run_after=2024-07-07 00:00:00+00:00
[2024-07-07T07:52:18.397+0000] {processor.py:183} INFO - Processing /home/airflow/.local/lib/python3.12/site-packages/airflow/example_dags/example_branch_labels.py took 0.112 seconds
[2024-07-07T07:52:49.293+0000] {processor.py:161} INFO - Started process (PID=4337) to work on /home/airflow/.local/lib/python3.12/site-packages/airflow/example_dags/example_branch_labels.py
[2024-07-07T07:52:49.295+0000] {processor.py:830} INFO - Processing file /home/airflow/.local/lib/python3.12/site-packages/airflow/example_dags/example_branch_labels.py for tasks to queue
[2024-07-07T07:52:49.296+0000] {logging_mixin.py:188} INFO - [2024-07-07T07:52:49.296+0000] {dagbag.py:545} INFO - Filling up the DagBag from /home/airflow/.local/lib/python3.12/site-packages/airflow/example_dags/example_branch_labels.py
[2024-07-07T07:52:49.308+0000] {processor.py:840} INFO - DAG(s) 'example_branch_labels' retrieved from /home/airflow/.local/lib/python3.12/site-packages/airflow/example_dags/example_branch_labels.py
[2024-07-07T07:52:49.338+0000] {logging_mixin.py:188} INFO - [2024-07-07T07:52:49.337+0000] {dag.py:3096} INFO - Sync 1 DAGs
[2024-07-07T07:52:49.368+0000] {logging_mixin.py:188} INFO - [2024-07-07T07:52:49.367+0000] {dag.py:3954} INFO - Setting next_dagrun for example_branch_labels to 2024-07-06 00:00:00+00:00, run_after=2024-07-07 00:00:00+00:00
[2024-07-07T07:52:49.393+0000] {processor.py:183} INFO - Processing /home/airflow/.local/lib/python3.12/site-packages/airflow/example_dags/example_branch_labels.py took 0.112 seconds
[2024-07-07T07:53:19.762+0000] {processor.py:161} INFO - Started process (PID=4397) to work on /home/airflow/.local/lib/python3.12/site-packages/airflow/example_dags/example_branch_labels.py
[2024-07-07T07:53:19.763+0000] {processor.py:830} INFO - Processing file /home/airflow/.local/lib/python3.12/site-packages/airflow/example_dags/example_branch_labels.py for tasks to queue
[2024-07-07T07:53:19.765+0000] {logging_mixin.py:188} INFO - [2024-07-07T07:53:19.764+0000] {dagbag.py:545} INFO - Filling up the DagBag from /home/airflow/.local/lib/python3.12/site-packages/airflow/example_dags/example_branch_labels.py
[2024-07-07T07:53:19.777+0000] {processor.py:840} INFO - DAG(s) 'example_branch_labels' retrieved from /home/airflow/.local/lib/python3.12/site-packages/airflow/example_dags/example_branch_labels.py
[2024-07-07T07:53:19.810+0000] {logging_mixin.py:188} INFO - [2024-07-07T07:53:19.810+0000] {dag.py:3096} INFO - Sync 1 DAGs
[2024-07-07T07:53:19.841+0000] {logging_mixin.py:188} INFO - [2024-07-07T07:53:19.841+0000] {dag.py:3954} INFO - Setting next_dagrun for example_branch_labels to 2024-07-06 00:00:00+00:00, run_after=2024-07-07 00:00:00+00:00
[2024-07-07T07:53:19.867+0000] {processor.py:183} INFO - Processing /home/airflow/.local/lib/python3.12/site-packages/airflow/example_dags/example_branch_labels.py took 0.115 seconds
[2024-07-07T07:53:50.494+0000] {processor.py:161} INFO - Started process (PID=4455) to work on /home/airflow/.local/lib/python3.12/site-packages/airflow/example_dags/example_branch_labels.py
[2024-07-07T07:53:50.495+0000] {processor.py:830} INFO - Processing file /home/airflow/.local/lib/python3.12/site-packages/airflow/example_dags/example_branch_labels.py for tasks to queue
[2024-07-07T07:53:50.497+0000] {logging_mixin.py:188} INFO - [2024-07-07T07:53:50.496+0000] {dagbag.py:545} INFO - Filling up the DagBag from /home/airflow/.local/lib/python3.12/site-packages/airflow/example_dags/example_branch_labels.py
[2024-07-07T07:53:50.508+0000] {processor.py:840} INFO - DAG(s) 'example_branch_labels' retrieved from /home/airflow/.local/lib/python3.12/site-packages/airflow/example_dags/example_branch_labels.py
[2024-07-07T07:53:50.540+0000] {logging_mixin.py:188} INFO - [2024-07-07T07:53:50.539+0000] {dag.py:3096} INFO - Sync 1 DAGs
[2024-07-07T07:53:50.572+0000] {logging_mixin.py:188} INFO - [2024-07-07T07:53:50.571+0000] {dag.py:3954} INFO - Setting next_dagrun for example_branch_labels to 2024-07-06 00:00:00+00:00, run_after=2024-07-07 00:00:00+00:00
[2024-07-07T07:53:50.599+0000] {processor.py:183} INFO - Processing /home/airflow/.local/lib/python3.12/site-packages/airflow/example_dags/example_branch_labels.py took 0.116 seconds
[2024-07-07T07:54:21.227+0000] {processor.py:161} INFO - Started process (PID=4515) to work on /home/airflow/.local/lib/python3.12/site-packages/airflow/example_dags/example_branch_labels.py
[2024-07-07T07:54:21.229+0000] {processor.py:830} INFO - Processing file /home/airflow/.local/lib/python3.12/site-packages/airflow/example_dags/example_branch_labels.py for tasks to queue
[2024-07-07T07:54:21.231+0000] {logging_mixin.py:188} INFO - [2024-07-07T07:54:21.230+0000] {dagbag.py:545} INFO - Filling up the DagBag from /home/airflow/.local/lib/python3.12/site-packages/airflow/example_dags/example_branch_labels.py
[2024-07-07T07:54:21.244+0000] {processor.py:840} INFO - DAG(s) 'example_branch_labels' retrieved from /home/airflow/.local/lib/python3.12/site-packages/airflow/example_dags/example_branch_labels.py
[2024-07-07T07:54:21.281+0000] {logging_mixin.py:188} INFO - [2024-07-07T07:54:21.281+0000] {dag.py:3096} INFO - Sync 1 DAGs
[2024-07-07T07:54:21.335+0000] {logging_mixin.py:188} INFO - [2024-07-07T07:54:21.334+0000] {dag.py:3954} INFO - Setting next_dagrun for example_branch_labels to 2024-07-06 00:00:00+00:00, run_after=2024-07-07 00:00:00+00:00
[2024-07-07T07:54:21.367+0000] {processor.py:183} INFO - Processing /home/airflow/.local/lib/python3.12/site-packages/airflow/example_dags/example_branch_labels.py took 0.155 seconds
[2024-07-07T07:54:51.860+0000] {processor.py:161} INFO - Started process (PID=4575) to work on /home/airflow/.local/lib/python3.12/site-packages/airflow/example_dags/example_branch_labels.py
[2024-07-07T07:54:51.862+0000] {processor.py:830} INFO - Processing file /home/airflow/.local/lib/python3.12/site-packages/airflow/example_dags/example_branch_labels.py for tasks to queue
[2024-07-07T07:54:51.864+0000] {logging_mixin.py:188} INFO - [2024-07-07T07:54:51.863+0000] {dagbag.py:545} INFO - Filling up the DagBag from /home/airflow/.local/lib/python3.12/site-packages/airflow/example_dags/example_branch_labels.py
[2024-07-07T07:54:51.880+0000] {processor.py:840} INFO - DAG(s) 'example_branch_labels' retrieved from /home/airflow/.local/lib/python3.12/site-packages/airflow/example_dags/example_branch_labels.py
[2024-07-07T07:54:51.922+0000] {logging_mixin.py:188} INFO - [2024-07-07T07:54:51.922+0000] {dag.py:3096} INFO - Sync 1 DAGs
[2024-07-07T07:54:51.963+0000] {logging_mixin.py:188} INFO - [2024-07-07T07:54:51.963+0000] {dag.py:3954} INFO - Setting next_dagrun for example_branch_labels to 2024-07-06 00:00:00+00:00, run_after=2024-07-07 00:00:00+00:00
[2024-07-07T07:54:51.994+0000] {processor.py:183} INFO - Processing /home/airflow/.local/lib/python3.12/site-packages/airflow/example_dags/example_branch_labels.py took 0.146 seconds
[2024-07-07T07:55:22.291+0000] {processor.py:161} INFO - Started process (PID=4635) to work on /home/airflow/.local/lib/python3.12/site-packages/airflow/example_dags/example_branch_labels.py
[2024-07-07T07:55:22.293+0000] {processor.py:830} INFO - Processing file /home/airflow/.local/lib/python3.12/site-packages/airflow/example_dags/example_branch_labels.py for tasks to queue
[2024-07-07T07:55:22.294+0000] {logging_mixin.py:188} INFO - [2024-07-07T07:55:22.294+0000] {dagbag.py:545} INFO - Filling up the DagBag from /home/airflow/.local/lib/python3.12/site-packages/airflow/example_dags/example_branch_labels.py
[2024-07-07T07:55:22.306+0000] {processor.py:840} INFO - DAG(s) 'example_branch_labels' retrieved from /home/airflow/.local/lib/python3.12/site-packages/airflow/example_dags/example_branch_labels.py
[2024-07-07T07:55:22.336+0000] {logging_mixin.py:188} INFO - [2024-07-07T07:55:22.336+0000] {dag.py:3096} INFO - Sync 1 DAGs
[2024-07-07T07:55:22.366+0000] {logging_mixin.py:188} INFO - [2024-07-07T07:55:22.366+0000] {dag.py:3954} INFO - Setting next_dagrun for example_branch_labels to 2024-07-06 00:00:00+00:00, run_after=2024-07-07 00:00:00+00:00
[2024-07-07T07:55:22.394+0000] {processor.py:183} INFO - Processing /home/airflow/.local/lib/python3.12/site-packages/airflow/example_dags/example_branch_labels.py took 0.113 seconds
[2024-07-07T07:55:53.013+0000] {processor.py:161} INFO - Started process (PID=4695) to work on /home/airflow/.local/lib/python3.12/site-packages/airflow/example_dags/example_branch_labels.py
[2024-07-07T07:55:53.014+0000] {processor.py:830} INFO - Processing file /home/airflow/.local/lib/python3.12/site-packages/airflow/example_dags/example_branch_labels.py for tasks to queue
[2024-07-07T07:55:53.017+0000] {logging_mixin.py:188} INFO - [2024-07-07T07:55:53.016+0000] {dagbag.py:545} INFO - Filling up the DagBag from /home/airflow/.local/lib/python3.12/site-packages/airflow/example_dags/example_branch_labels.py
[2024-07-07T07:55:53.033+0000] {processor.py:840} INFO - DAG(s) 'example_branch_labels' retrieved from /home/airflow/.local/lib/python3.12/site-packages/airflow/example_dags/example_branch_labels.py
[2024-07-07T07:55:53.068+0000] {logging_mixin.py:188} INFO - [2024-07-07T07:55:53.068+0000] {dag.py:3096} INFO - Sync 1 DAGs
[2024-07-07T07:55:53.101+0000] {logging_mixin.py:188} INFO - [2024-07-07T07:55:53.101+0000] {dag.py:3954} INFO - Setting next_dagrun for example_branch_labels to 2024-07-06 00:00:00+00:00, run_after=2024-07-07 00:00:00+00:00
[2024-07-07T07:55:53.128+0000] {processor.py:183} INFO - Processing /home/airflow/.local/lib/python3.12/site-packages/airflow/example_dags/example_branch_labels.py took 0.126 seconds
[2024-07-07T07:56:23.252+0000] {processor.py:161} INFO - Started process (PID=4755) to work on /home/airflow/.local/lib/python3.12/site-packages/airflow/example_dags/example_branch_labels.py
[2024-07-07T07:56:23.254+0000] {processor.py:830} INFO - Processing file /home/airflow/.local/lib/python3.12/site-packages/airflow/example_dags/example_branch_labels.py for tasks to queue
[2024-07-07T07:56:23.255+0000] {logging_mixin.py:188} INFO - [2024-07-07T07:56:23.255+0000] {dagbag.py:545} INFO - Filling up the DagBag from /home/airflow/.local/lib/python3.12/site-packages/airflow/example_dags/example_branch_labels.py
[2024-07-07T07:56:23.266+0000] {processor.py:840} INFO - DAG(s) 'example_branch_labels' retrieved from /home/airflow/.local/lib/python3.12/site-packages/airflow/example_dags/example_branch_labels.py
[2024-07-07T07:56:23.302+0000] {logging_mixin.py:188} INFO - [2024-07-07T07:56:23.301+0000] {dag.py:3096} INFO - Sync 1 DAGs
[2024-07-07T07:56:23.335+0000] {logging_mixin.py:188} INFO - [2024-07-07T07:56:23.335+0000] {dag.py:3954} INFO - Setting next_dagrun for example_branch_labels to 2024-07-06 00:00:00+00:00, run_after=2024-07-07 00:00:00+00:00
[2024-07-07T07:56:23.369+0000] {processor.py:183} INFO - Processing /home/airflow/.local/lib/python3.12/site-packages/airflow/example_dags/example_branch_labels.py took 0.126 seconds
[2024-07-07T07:56:53.891+0000] {processor.py:161} INFO - Started process (PID=4815) to work on /home/airflow/.local/lib/python3.12/site-packages/airflow/example_dags/example_branch_labels.py
[2024-07-07T07:56:53.893+0000] {processor.py:830} INFO - Processing file /home/airflow/.local/lib/python3.12/site-packages/airflow/example_dags/example_branch_labels.py for tasks to queue
[2024-07-07T07:56:53.894+0000] {logging_mixin.py:188} INFO - [2024-07-07T07:56:53.894+0000] {dagbag.py:545} INFO - Filling up the DagBag from /home/airflow/.local/lib/python3.12/site-packages/airflow/example_dags/example_branch_labels.py
[2024-07-07T07:56:53.906+0000] {processor.py:840} INFO - DAG(s) 'example_branch_labels' retrieved from /home/airflow/.local/lib/python3.12/site-packages/airflow/example_dags/example_branch_labels.py
[2024-07-07T07:56:53.942+0000] {logging_mixin.py:188} INFO - [2024-07-07T07:56:53.941+0000] {dag.py:3096} INFO - Sync 1 DAGs
[2024-07-07T07:56:53.977+0000] {logging_mixin.py:188} INFO - [2024-07-07T07:56:53.977+0000] {dag.py:3954} INFO - Setting next_dagrun for example_branch_labels to 2024-07-06 00:00:00+00:00, run_after=2024-07-07 00:00:00+00:00
[2024-07-07T07:56:54.014+0000] {processor.py:183} INFO - Processing /home/airflow/.local/lib/python3.12/site-packages/airflow/example_dags/example_branch_labels.py took 0.133 seconds
[2024-07-07T07:57:24.618+0000] {processor.py:161} INFO - Started process (PID=4875) to work on /home/airflow/.local/lib/python3.12/site-packages/airflow/example_dags/example_branch_labels.py
[2024-07-07T07:57:24.620+0000] {processor.py:830} INFO - Processing file /home/airflow/.local/lib/python3.12/site-packages/airflow/example_dags/example_branch_labels.py for tasks to queue
[2024-07-07T07:57:24.622+0000] {logging_mixin.py:188} INFO - [2024-07-07T07:57:24.621+0000] {dagbag.py:545} INFO - Filling up the DagBag from /home/airflow/.local/lib/python3.12/site-packages/airflow/example_dags/example_branch_labels.py
[2024-07-07T07:57:24.633+0000] {processor.py:840} INFO - DAG(s) 'example_branch_labels' retrieved from /home/airflow/.local/lib/python3.12/site-packages/airflow/example_dags/example_branch_labels.py
[2024-07-07T07:57:24.664+0000] {logging_mixin.py:188} INFO - [2024-07-07T07:57:24.663+0000] {dag.py:3096} INFO - Sync 1 DAGs
[2024-07-07T07:57:24.695+0000] {logging_mixin.py:188} INFO - [2024-07-07T07:57:24.695+0000] {dag.py:3954} INFO - Setting next_dagrun for example_branch_labels to 2024-07-06 00:00:00+00:00, run_after=2024-07-07 00:00:00+00:00
[2024-07-07T07:57:24.721+0000] {processor.py:183} INFO - Processing /home/airflow/.local/lib/python3.12/site-packages/airflow/example_dags/example_branch_labels.py took 0.113 seconds
[2024-07-07T07:57:54.945+0000] {processor.py:161} INFO - Started process (PID=4935) to work on /home/airflow/.local/lib/python3.12/site-packages/airflow/example_dags/example_branch_labels.py
[2024-07-07T07:57:54.947+0000] {processor.py:830} INFO - Processing file /home/airflow/.local/lib/python3.12/site-packages/airflow/example_dags/example_branch_labels.py for tasks to queue
[2024-07-07T07:57:54.949+0000] {logging_mixin.py:188} INFO - [2024-07-07T07:57:54.948+0000] {dagbag.py:545} INFO - Filling up the DagBag from /home/airflow/.local/lib/python3.12/site-packages/airflow/example_dags/example_branch_labels.py
[2024-07-07T07:57:54.962+0000] {processor.py:840} INFO - DAG(s) 'example_branch_labels' retrieved from /home/airflow/.local/lib/python3.12/site-packages/airflow/example_dags/example_branch_labels.py
[2024-07-07T07:57:54.997+0000] {logging_mixin.py:188} INFO - [2024-07-07T07:57:54.997+0000] {dag.py:3096} INFO - Sync 1 DAGs
[2024-07-07T07:57:55.029+0000] {logging_mixin.py:188} INFO - [2024-07-07T07:57:55.029+0000] {dag.py:3954} INFO - Setting next_dagrun for example_branch_labels to 2024-07-06 00:00:00+00:00, run_after=2024-07-07 00:00:00+00:00
[2024-07-07T07:57:55.055+0000] {processor.py:183} INFO - Processing /home/airflow/.local/lib/python3.12/site-packages/airflow/example_dags/example_branch_labels.py took 0.118 seconds
[2024-07-07T07:58:25.240+0000] {processor.py:161} INFO - Started process (PID=4995) to work on /home/airflow/.local/lib/python3.12/site-packages/airflow/example_dags/example_branch_labels.py
[2024-07-07T07:58:25.243+0000] {processor.py:830} INFO - Processing file /home/airflow/.local/lib/python3.12/site-packages/airflow/example_dags/example_branch_labels.py for tasks to queue
[2024-07-07T07:58:25.245+0000] {logging_mixin.py:188} INFO - [2024-07-07T07:58:25.244+0000] {dagbag.py:545} INFO - Filling up the DagBag from /home/airflow/.local/lib/python3.12/site-packages/airflow/example_dags/example_branch_labels.py
[2024-07-07T07:58:25.260+0000] {processor.py:840} INFO - DAG(s) 'example_branch_labels' retrieved from /home/airflow/.local/lib/python3.12/site-packages/airflow/example_dags/example_branch_labels.py
[2024-07-07T07:58:25.289+0000] {logging_mixin.py:188} INFO - [2024-07-07T07:58:25.289+0000] {dag.py:3096} INFO - Sync 1 DAGs
[2024-07-07T07:58:25.320+0000] {logging_mixin.py:188} INFO - [2024-07-07T07:58:25.319+0000] {dag.py:3954} INFO - Setting next_dagrun for example_branch_labels to 2024-07-06 00:00:00+00:00, run_after=2024-07-07 00:00:00+00:00
[2024-07-07T07:58:25.346+0000] {processor.py:183} INFO - Processing /home/airflow/.local/lib/python3.12/site-packages/airflow/example_dags/example_branch_labels.py took 0.120 seconds
[2024-07-07T07:58:56.021+0000] {processor.py:161} INFO - Started process (PID=5055) to work on /home/airflow/.local/lib/python3.12/site-packages/airflow/example_dags/example_branch_labels.py
[2024-07-07T07:58:56.023+0000] {processor.py:830} INFO - Processing file /home/airflow/.local/lib/python3.12/site-packages/airflow/example_dags/example_branch_labels.py for tasks to queue
[2024-07-07T07:58:56.025+0000] {logging_mixin.py:188} INFO - [2024-07-07T07:58:56.024+0000] {dagbag.py:545} INFO - Filling up the DagBag from /home/airflow/.local/lib/python3.12/site-packages/airflow/example_dags/example_branch_labels.py
[2024-07-07T07:58:56.036+0000] {processor.py:840} INFO - DAG(s) 'example_branch_labels' retrieved from /home/airflow/.local/lib/python3.12/site-packages/airflow/example_dags/example_branch_labels.py
[2024-07-07T07:58:56.067+0000] {logging_mixin.py:188} INFO - [2024-07-07T07:58:56.067+0000] {dag.py:3096} INFO - Sync 1 DAGs
[2024-07-07T07:58:56.097+0000] {logging_mixin.py:188} INFO - [2024-07-07T07:58:56.097+0000] {dag.py:3954} INFO - Setting next_dagrun for example_branch_labels to 2024-07-06 00:00:00+00:00, run_after=2024-07-07 00:00:00+00:00
[2024-07-07T07:58:56.123+0000] {processor.py:183} INFO - Processing /home/airflow/.local/lib/python3.12/site-packages/airflow/example_dags/example_branch_labels.py took 0.112 seconds
[2024-07-07T07:59:26.722+0000] {processor.py:161} INFO - Started process (PID=5115) to work on /home/airflow/.local/lib/python3.12/site-packages/airflow/example_dags/example_branch_labels.py
[2024-07-07T07:59:26.724+0000] {processor.py:830} INFO - Processing file /home/airflow/.local/lib/python3.12/site-packages/airflow/example_dags/example_branch_labels.py for tasks to queue
[2024-07-07T07:59:26.726+0000] {logging_mixin.py:188} INFO - [2024-07-07T07:59:26.725+0000] {dagbag.py:545} INFO - Filling up the DagBag from /home/airflow/.local/lib/python3.12/site-packages/airflow/example_dags/example_branch_labels.py
[2024-07-07T07:59:26.739+0000] {processor.py:840} INFO - DAG(s) 'example_branch_labels' retrieved from /home/airflow/.local/lib/python3.12/site-packages/airflow/example_dags/example_branch_labels.py
[2024-07-07T07:59:26.776+0000] {logging_mixin.py:188} INFO - [2024-07-07T07:59:26.775+0000] {dag.py:3096} INFO - Sync 1 DAGs
[2024-07-07T07:59:26.822+0000] {logging_mixin.py:188} INFO - [2024-07-07T07:59:26.822+0000] {dag.py:3954} INFO - Setting next_dagrun for example_branch_labels to 2024-07-06 00:00:00+00:00, run_after=2024-07-07 00:00:00+00:00
[2024-07-07T07:59:26.862+0000] {processor.py:183} INFO - Processing /home/airflow/.local/lib/python3.12/site-packages/airflow/example_dags/example_branch_labels.py took 0.149 seconds
[2024-07-07T07:59:57.668+0000] {processor.py:161} INFO - Started process (PID=5175) to work on /home/airflow/.local/lib/python3.12/site-packages/airflow/example_dags/example_branch_labels.py
[2024-07-07T07:59:57.670+0000] {processor.py:830} INFO - Processing file /home/airflow/.local/lib/python3.12/site-packages/airflow/example_dags/example_branch_labels.py for tasks to queue
[2024-07-07T07:59:57.672+0000] {logging_mixin.py:188} INFO - [2024-07-07T07:59:57.672+0000] {dagbag.py:545} INFO - Filling up the DagBag from /home/airflow/.local/lib/python3.12/site-packages/airflow/example_dags/example_branch_labels.py
[2024-07-07T07:59:57.686+0000] {processor.py:840} INFO - DAG(s) 'example_branch_labels' retrieved from /home/airflow/.local/lib/python3.12/site-packages/airflow/example_dags/example_branch_labels.py
[2024-07-07T07:59:57.721+0000] {logging_mixin.py:188} INFO - [2024-07-07T07:59:57.721+0000] {dag.py:3096} INFO - Sync 1 DAGs
[2024-07-07T07:59:57.754+0000] {logging_mixin.py:188} INFO - [2024-07-07T07:59:57.753+0000] {dag.py:3954} INFO - Setting next_dagrun for example_branch_labels to 2024-07-06 00:00:00+00:00, run_after=2024-07-07 00:00:00+00:00
[2024-07-07T07:59:57.788+0000] {processor.py:183} INFO - Processing /home/airflow/.local/lib/python3.12/site-packages/airflow/example_dags/example_branch_labels.py took 0.131 seconds
[2024-07-07T08:00:27.899+0000] {processor.py:161} INFO - Started process (PID=5235) to work on /home/airflow/.local/lib/python3.12/site-packages/airflow/example_dags/example_branch_labels.py
[2024-07-07T08:00:27.901+0000] {processor.py:830} INFO - Processing file /home/airflow/.local/lib/python3.12/site-packages/airflow/example_dags/example_branch_labels.py for tasks to queue
[2024-07-07T08:00:27.903+0000] {logging_mixin.py:188} INFO - [2024-07-07T08:00:27.902+0000] {dagbag.py:545} INFO - Filling up the DagBag from /home/airflow/.local/lib/python3.12/site-packages/airflow/example_dags/example_branch_labels.py
[2024-07-07T08:00:27.918+0000] {processor.py:840} INFO - DAG(s) 'example_branch_labels' retrieved from /home/airflow/.local/lib/python3.12/site-packages/airflow/example_dags/example_branch_labels.py
[2024-07-07T08:00:27.963+0000] {logging_mixin.py:188} INFO - [2024-07-07T08:00:27.962+0000] {dag.py:3096} INFO - Sync 1 DAGs
[2024-07-07T08:00:27.996+0000] {logging_mixin.py:188} INFO - [2024-07-07T08:00:27.996+0000] {dag.py:3954} INFO - Setting next_dagrun for example_branch_labels to 2024-07-06 00:00:00+00:00, run_after=2024-07-07 00:00:00+00:00
[2024-07-07T08:00:28.029+0000] {processor.py:183} INFO - Processing /home/airflow/.local/lib/python3.12/site-packages/airflow/example_dags/example_branch_labels.py took 0.141 seconds
[2024-07-07T08:05:25.576+0000] {processor.py:161} INFO - Started process (PID=5300) to work on /home/airflow/.local/lib/python3.12/site-packages/airflow/example_dags/example_branch_labels.py
[2024-07-07T08:05:25.579+0000] {processor.py:830} INFO - Processing file /home/airflow/.local/lib/python3.12/site-packages/airflow/example_dags/example_branch_labels.py for tasks to queue
[2024-07-07T08:05:25.582+0000] {logging_mixin.py:188} INFO - [2024-07-07T08:05:25.581+0000] {dagbag.py:545} INFO - Filling up the DagBag from /home/airflow/.local/lib/python3.12/site-packages/airflow/example_dags/example_branch_labels.py
[2024-07-07T08:05:25.636+0000] {processor.py:840} INFO - DAG(s) 'example_branch_labels' retrieved from /home/airflow/.local/lib/python3.12/site-packages/airflow/example_dags/example_branch_labels.py
[2024-07-07T08:05:25.753+0000] {logging_mixin.py:188} INFO - [2024-07-07T08:05:25.743+0000] {dag.py:3096} INFO - Sync 1 DAGs
[2024-07-07T08:05:25.899+0000] {logging_mixin.py:188} INFO - [2024-07-07T08:05:25.896+0000] {dag.py:3954} INFO - Setting next_dagrun for example_branch_labels to 2024-07-06 00:00:00+00:00, run_after=2024-07-07 00:00:00+00:00
[2024-07-07T08:05:25.992+0000] {processor.py:183} INFO - Processing /home/airflow/.local/lib/python3.12/site-packages/airflow/example_dags/example_branch_labels.py took 0.463 seconds
[2024-07-07T08:05:56.894+0000] {processor.py:161} INFO - Started process (PID=5361) to work on /home/airflow/.local/lib/python3.12/site-packages/airflow/example_dags/example_branch_labels.py
[2024-07-07T08:05:56.896+0000] {processor.py:830} INFO - Processing file /home/airflow/.local/lib/python3.12/site-packages/airflow/example_dags/example_branch_labels.py for tasks to queue
[2024-07-07T08:05:56.898+0000] {logging_mixin.py:188} INFO - [2024-07-07T08:05:56.897+0000] {dagbag.py:545} INFO - Filling up the DagBag from /home/airflow/.local/lib/python3.12/site-packages/airflow/example_dags/example_branch_labels.py
[2024-07-07T08:05:56.917+0000] {processor.py:840} INFO - DAG(s) 'example_branch_labels' retrieved from /home/airflow/.local/lib/python3.12/site-packages/airflow/example_dags/example_branch_labels.py
[2024-07-07T08:05:56.989+0000] {logging_mixin.py:188} INFO - [2024-07-07T08:05:56.988+0000] {dag.py:3096} INFO - Sync 1 DAGs
[2024-07-07T08:05:57.103+0000] {logging_mixin.py:188} INFO - [2024-07-07T08:05:57.092+0000] {dag.py:3954} INFO - Setting next_dagrun for example_branch_labels to 2024-07-06 00:00:00+00:00, run_after=2024-07-07 00:00:00+00:00
[2024-07-07T08:05:57.202+0000] {processor.py:183} INFO - Processing /home/airflow/.local/lib/python3.12/site-packages/airflow/example_dags/example_branch_labels.py took 0.325 seconds
