[2024-07-07T00:00:24.300+0000] {processor.py:161} INFO - Started process (PID=2327) to work on /home/airflow/.local/lib/python3.12/site-packages/airflow/example_dags/example_short_circuit_operator.py
[2024-07-07T00:00:24.304+0000] {processor.py:830} INFO - Processing file /home/airflow/.local/lib/python3.12/site-packages/airflow/example_dags/example_short_circuit_operator.py for tasks to queue
[2024-07-07T00:00:24.310+0000] {logging_mixin.py:188} INFO - [2024-07-07T00:00:24.309+0000] {dagbag.py:545} INFO - Filling up the DagBag from /home/airflow/.local/lib/python3.12/site-packages/airflow/example_dags/example_short_circuit_operator.py
[2024-07-07T00:00:24.329+0000] {processor.py:840} INFO - DAG(s) 'example_short_circuit_operator' retrieved from /home/airflow/.local/lib/python3.12/site-packages/airflow/example_dags/example_short_circuit_operator.py
[2024-07-07T00:00:24.396+0000] {logging_mixin.py:188} INFO - [2024-07-07T00:00:24.396+0000] {dag.py:3096} INFO - Sync 1 DAGs
[2024-07-07T00:00:24.466+0000] {logging_mixin.py:188} INFO - [2024-07-07T00:00:24.466+0000] {dag.py:3954} INFO - Setting next_dagrun for example_short_circuit_operator to 2024-07-06 00:00:00+00:00, run_after=2024-07-07 00:00:00+00:00
[2024-07-07T00:00:24.514+0000] {processor.py:183} INFO - Processing /home/airflow/.local/lib/python3.12/site-packages/airflow/example_dags/example_short_circuit_operator.py took 0.232 seconds
[2024-07-07T00:00:54.778+0000] {processor.py:161} INFO - Started process (PID=2386) to work on /home/airflow/.local/lib/python3.12/site-packages/airflow/example_dags/example_short_circuit_operator.py
[2024-07-07T00:00:54.780+0000] {processor.py:830} INFO - Processing file /home/airflow/.local/lib/python3.12/site-packages/airflow/example_dags/example_short_circuit_operator.py for tasks to queue
[2024-07-07T00:00:54.784+0000] {logging_mixin.py:188} INFO - [2024-07-07T00:00:54.783+0000] {dagbag.py:545} INFO - Filling up the DagBag from /home/airflow/.local/lib/python3.12/site-packages/airflow/example_dags/example_short_circuit_operator.py
[2024-07-07T00:00:54.799+0000] {processor.py:840} INFO - DAG(s) 'example_short_circuit_operator' retrieved from /home/airflow/.local/lib/python3.12/site-packages/airflow/example_dags/example_short_circuit_operator.py
[2024-07-07T00:00:54.855+0000] {logging_mixin.py:188} INFO - [2024-07-07T00:00:54.854+0000] {dag.py:3096} INFO - Sync 1 DAGs
[2024-07-07T00:00:54.929+0000] {logging_mixin.py:188} INFO - [2024-07-07T00:00:54.928+0000] {dag.py:3954} INFO - Setting next_dagrun for example_short_circuit_operator to 2024-07-06 00:00:00+00:00, run_after=2024-07-07 00:00:00+00:00
[2024-07-07T00:00:54.994+0000] {processor.py:183} INFO - Processing /home/airflow/.local/lib/python3.12/site-packages/airflow/example_dags/example_short_circuit_operator.py took 0.228 seconds
[2024-07-07T00:01:25.415+0000] {processor.py:161} INFO - Started process (PID=2446) to work on /home/airflow/.local/lib/python3.12/site-packages/airflow/example_dags/example_short_circuit_operator.py
[2024-07-07T00:01:25.417+0000] {processor.py:830} INFO - Processing file /home/airflow/.local/lib/python3.12/site-packages/airflow/example_dags/example_short_circuit_operator.py for tasks to queue
[2024-07-07T00:01:25.421+0000] {logging_mixin.py:188} INFO - [2024-07-07T00:01:25.421+0000] {dagbag.py:545} INFO - Filling up the DagBag from /home/airflow/.local/lib/python3.12/site-packages/airflow/example_dags/example_short_circuit_operator.py
[2024-07-07T00:01:25.439+0000] {processor.py:840} INFO - DAG(s) 'example_short_circuit_operator' retrieved from /home/airflow/.local/lib/python3.12/site-packages/airflow/example_dags/example_short_circuit_operator.py
[2024-07-07T00:01:25.499+0000] {logging_mixin.py:188} INFO - [2024-07-07T00:01:25.498+0000] {dag.py:3096} INFO - Sync 1 DAGs
[2024-07-07T00:01:25.547+0000] {logging_mixin.py:188} INFO - [2024-07-07T00:01:25.547+0000] {dag.py:3954} INFO - Setting next_dagrun for example_short_circuit_operator to 2024-07-06 00:00:00+00:00, run_after=2024-07-07 00:00:00+00:00
[2024-07-07T00:01:25.587+0000] {processor.py:183} INFO - Processing /home/airflow/.local/lib/python3.12/site-packages/airflow/example_dags/example_short_circuit_operator.py took 0.188 seconds
[2024-07-07T00:01:55.944+0000] {processor.py:161} INFO - Started process (PID=2506) to work on /home/airflow/.local/lib/python3.12/site-packages/airflow/example_dags/example_short_circuit_operator.py
[2024-07-07T00:01:55.947+0000] {processor.py:830} INFO - Processing file /home/airflow/.local/lib/python3.12/site-packages/airflow/example_dags/example_short_circuit_operator.py for tasks to queue
[2024-07-07T00:01:55.952+0000] {logging_mixin.py:188} INFO - [2024-07-07T00:01:55.951+0000] {dagbag.py:545} INFO - Filling up the DagBag from /home/airflow/.local/lib/python3.12/site-packages/airflow/example_dags/example_short_circuit_operator.py
[2024-07-07T00:01:55.978+0000] {processor.py:840} INFO - DAG(s) 'example_short_circuit_operator' retrieved from /home/airflow/.local/lib/python3.12/site-packages/airflow/example_dags/example_short_circuit_operator.py
[2024-07-07T00:01:56.050+0000] {logging_mixin.py:188} INFO - [2024-07-07T00:01:56.049+0000] {dag.py:3096} INFO - Sync 1 DAGs
[2024-07-07T00:01:56.116+0000] {logging_mixin.py:188} INFO - [2024-07-07T00:01:56.115+0000] {dag.py:3954} INFO - Setting next_dagrun for example_short_circuit_operator to 2024-07-06 00:00:00+00:00, run_after=2024-07-07 00:00:00+00:00
[2024-07-07T00:01:56.171+0000] {processor.py:183} INFO - Processing /home/airflow/.local/lib/python3.12/site-packages/airflow/example_dags/example_short_circuit_operator.py took 0.244 seconds
[2024-07-07T00:02:26.659+0000] {processor.py:161} INFO - Started process (PID=2566) to work on /home/airflow/.local/lib/python3.12/site-packages/airflow/example_dags/example_short_circuit_operator.py
[2024-07-07T00:02:26.662+0000] {processor.py:830} INFO - Processing file /home/airflow/.local/lib/python3.12/site-packages/airflow/example_dags/example_short_circuit_operator.py for tasks to queue
[2024-07-07T00:02:26.668+0000] {logging_mixin.py:188} INFO - [2024-07-07T00:02:26.667+0000] {dagbag.py:545} INFO - Filling up the DagBag from /home/airflow/.local/lib/python3.12/site-packages/airflow/example_dags/example_short_circuit_operator.py
[2024-07-07T00:02:26.689+0000] {processor.py:840} INFO - DAG(s) 'example_short_circuit_operator' retrieved from /home/airflow/.local/lib/python3.12/site-packages/airflow/example_dags/example_short_circuit_operator.py
[2024-07-07T00:02:26.767+0000] {logging_mixin.py:188} INFO - [2024-07-07T00:02:26.766+0000] {dag.py:3096} INFO - Sync 1 DAGs
[2024-07-07T00:02:26.841+0000] {logging_mixin.py:188} INFO - [2024-07-07T00:02:26.840+0000] {dag.py:3954} INFO - Setting next_dagrun for example_short_circuit_operator to 2024-07-06 00:00:00+00:00, run_after=2024-07-07 00:00:00+00:00
[2024-07-07T00:02:26.923+0000] {processor.py:183} INFO - Processing /home/airflow/.local/lib/python3.12/site-packages/airflow/example_dags/example_short_circuit_operator.py took 0.283 seconds
[2024-07-07T00:02:58.085+0000] {processor.py:161} INFO - Started process (PID=2626) to work on /home/airflow/.local/lib/python3.12/site-packages/airflow/example_dags/example_short_circuit_operator.py
[2024-07-07T00:02:58.088+0000] {processor.py:830} INFO - Processing file /home/airflow/.local/lib/python3.12/site-packages/airflow/example_dags/example_short_circuit_operator.py for tasks to queue
[2024-07-07T00:02:58.094+0000] {logging_mixin.py:188} INFO - [2024-07-07T00:02:58.093+0000] {dagbag.py:545} INFO - Filling up the DagBag from /home/airflow/.local/lib/python3.12/site-packages/airflow/example_dags/example_short_circuit_operator.py
[2024-07-07T00:02:58.115+0000] {processor.py:840} INFO - DAG(s) 'example_short_circuit_operator' retrieved from /home/airflow/.local/lib/python3.12/site-packages/airflow/example_dags/example_short_circuit_operator.py
[2024-07-07T00:02:58.238+0000] {logging_mixin.py:188} INFO - [2024-07-07T00:02:58.237+0000] {dag.py:3096} INFO - Sync 1 DAGs
[2024-07-07T00:02:58.315+0000] {logging_mixin.py:188} INFO - [2024-07-07T00:02:58.315+0000] {dag.py:3954} INFO - Setting next_dagrun for example_short_circuit_operator to 2024-07-06 00:00:00+00:00, run_after=2024-07-07 00:00:00+00:00
[2024-07-07T00:02:58.354+0000] {processor.py:183} INFO - Processing /home/airflow/.local/lib/python3.12/site-packages/airflow/example_dags/example_short_circuit_operator.py took 0.292 seconds
[2024-07-07T00:03:28.470+0000] {processor.py:161} INFO - Started process (PID=2687) to work on /home/airflow/.local/lib/python3.12/site-packages/airflow/example_dags/example_short_circuit_operator.py
[2024-07-07T00:03:28.473+0000] {processor.py:830} INFO - Processing file /home/airflow/.local/lib/python3.12/site-packages/airflow/example_dags/example_short_circuit_operator.py for tasks to queue
[2024-07-07T00:03:28.477+0000] {logging_mixin.py:188} INFO - [2024-07-07T00:03:28.477+0000] {dagbag.py:545} INFO - Filling up the DagBag from /home/airflow/.local/lib/python3.12/site-packages/airflow/example_dags/example_short_circuit_operator.py
[2024-07-07T00:03:28.506+0000] {processor.py:840} INFO - DAG(s) 'example_short_circuit_operator' retrieved from /home/airflow/.local/lib/python3.12/site-packages/airflow/example_dags/example_short_circuit_operator.py
[2024-07-07T00:03:28.558+0000] {logging_mixin.py:188} INFO - [2024-07-07T00:03:28.557+0000] {dag.py:3096} INFO - Sync 1 DAGs
[2024-07-07T00:03:28.642+0000] {logging_mixin.py:188} INFO - [2024-07-07T00:03:28.641+0000] {dag.py:3954} INFO - Setting next_dagrun for example_short_circuit_operator to 2024-07-06 00:00:00+00:00, run_after=2024-07-07 00:00:00+00:00
[2024-07-07T00:03:28.726+0000] {processor.py:183} INFO - Processing /home/airflow/.local/lib/python3.12/site-packages/airflow/example_dags/example_short_circuit_operator.py took 0.269 seconds
[2024-07-07T07:39:29.051+0000] {processor.py:161} INFO - Started process (PID=2784) to work on /home/airflow/.local/lib/python3.12/site-packages/airflow/example_dags/example_short_circuit_operator.py
[2024-07-07T07:39:29.055+0000] {processor.py:830} INFO - Processing file /home/airflow/.local/lib/python3.12/site-packages/airflow/example_dags/example_short_circuit_operator.py for tasks to queue
[2024-07-07T07:39:29.060+0000] {logging_mixin.py:188} INFO - [2024-07-07T07:39:29.058+0000] {dagbag.py:545} INFO - Filling up the DagBag from /home/airflow/.local/lib/python3.12/site-packages/airflow/example_dags/example_short_circuit_operator.py
[2024-07-07T07:39:29.100+0000] {processor.py:840} INFO - DAG(s) 'example_short_circuit_operator' retrieved from /home/airflow/.local/lib/python3.12/site-packages/airflow/example_dags/example_short_circuit_operator.py
[2024-07-07T07:39:29.278+0000] {logging_mixin.py:188} INFO - [2024-07-07T07:39:29.278+0000] {dag.py:3096} INFO - Sync 1 DAGs
[2024-07-07T07:39:29.373+0000] {logging_mixin.py:188} INFO - [2024-07-07T07:39:29.372+0000] {dag.py:3954} INFO - Setting next_dagrun for example_short_circuit_operator to 2024-07-06 00:00:00+00:00, run_after=2024-07-07 00:00:00+00:00
[2024-07-07T07:39:29.438+0000] {processor.py:183} INFO - Processing /home/airflow/.local/lib/python3.12/site-packages/airflow/example_dags/example_short_circuit_operator.py took 0.412 seconds
[2024-07-07T07:39:59.563+0000] {processor.py:161} INFO - Started process (PID=2844) to work on /home/airflow/.local/lib/python3.12/site-packages/airflow/example_dags/example_short_circuit_operator.py
[2024-07-07T07:39:59.564+0000] {processor.py:830} INFO - Processing file /home/airflow/.local/lib/python3.12/site-packages/airflow/example_dags/example_short_circuit_operator.py for tasks to queue
[2024-07-07T07:39:59.565+0000] {logging_mixin.py:188} INFO - [2024-07-07T07:39:59.565+0000] {dagbag.py:545} INFO - Filling up the DagBag from /home/airflow/.local/lib/python3.12/site-packages/airflow/example_dags/example_short_circuit_operator.py
[2024-07-07T07:39:59.573+0000] {processor.py:840} INFO - DAG(s) 'example_short_circuit_operator' retrieved from /home/airflow/.local/lib/python3.12/site-packages/airflow/example_dags/example_short_circuit_operator.py
[2024-07-07T07:39:59.605+0000] {logging_mixin.py:188} INFO - [2024-07-07T07:39:59.604+0000] {dag.py:3096} INFO - Sync 1 DAGs
[2024-07-07T07:39:59.631+0000] {logging_mixin.py:188} INFO - [2024-07-07T07:39:59.631+0000] {dag.py:3954} INFO - Setting next_dagrun for example_short_circuit_operator to 2024-07-06 00:00:00+00:00, run_after=2024-07-07 00:00:00+00:00
[2024-07-07T07:39:59.654+0000] {processor.py:183} INFO - Processing /home/airflow/.local/lib/python3.12/site-packages/airflow/example_dags/example_short_circuit_operator.py took 0.101 seconds
[2024-07-07T07:40:29.817+0000] {processor.py:161} INFO - Started process (PID=2904) to work on /home/airflow/.local/lib/python3.12/site-packages/airflow/example_dags/example_short_circuit_operator.py
[2024-07-07T07:40:29.819+0000] {processor.py:830} INFO - Processing file /home/airflow/.local/lib/python3.12/site-packages/airflow/example_dags/example_short_circuit_operator.py for tasks to queue
[2024-07-07T07:40:29.820+0000] {logging_mixin.py:188} INFO - [2024-07-07T07:40:29.820+0000] {dagbag.py:545} INFO - Filling up the DagBag from /home/airflow/.local/lib/python3.12/site-packages/airflow/example_dags/example_short_circuit_operator.py
[2024-07-07T07:40:29.829+0000] {processor.py:840} INFO - DAG(s) 'example_short_circuit_operator' retrieved from /home/airflow/.local/lib/python3.12/site-packages/airflow/example_dags/example_short_circuit_operator.py
[2024-07-07T07:40:29.864+0000] {logging_mixin.py:188} INFO - [2024-07-07T07:40:29.863+0000] {dag.py:3096} INFO - Sync 1 DAGs
[2024-07-07T07:40:29.891+0000] {logging_mixin.py:188} INFO - [2024-07-07T07:40:29.891+0000] {dag.py:3954} INFO - Setting next_dagrun for example_short_circuit_operator to 2024-07-06 00:00:00+00:00, run_after=2024-07-07 00:00:00+00:00
[2024-07-07T07:40:29.914+0000] {processor.py:183} INFO - Processing /home/airflow/.local/lib/python3.12/site-packages/airflow/example_dags/example_short_circuit_operator.py took 0.106 seconds
[2024-07-07T07:41:00.488+0000] {processor.py:161} INFO - Started process (PID=2964) to work on /home/airflow/.local/lib/python3.12/site-packages/airflow/example_dags/example_short_circuit_operator.py
[2024-07-07T07:41:00.497+0000] {processor.py:830} INFO - Processing file /home/airflow/.local/lib/python3.12/site-packages/airflow/example_dags/example_short_circuit_operator.py for tasks to queue
[2024-07-07T07:41:00.506+0000] {logging_mixin.py:188} INFO - [2024-07-07T07:41:00.499+0000] {dagbag.py:545} INFO - Filling up the DagBag from /home/airflow/.local/lib/python3.12/site-packages/airflow/example_dags/example_short_circuit_operator.py
[2024-07-07T07:41:00.546+0000] {processor.py:840} INFO - DAG(s) 'example_short_circuit_operator' retrieved from /home/airflow/.local/lib/python3.12/site-packages/airflow/example_dags/example_short_circuit_operator.py
[2024-07-07T07:41:00.626+0000] {logging_mixin.py:188} INFO - [2024-07-07T07:41:00.625+0000] {dag.py:3096} INFO - Sync 1 DAGs
[2024-07-07T07:41:00.674+0000] {logging_mixin.py:188} INFO - [2024-07-07T07:41:00.674+0000] {dag.py:3954} INFO - Setting next_dagrun for example_short_circuit_operator to 2024-07-06 00:00:00+00:00, run_after=2024-07-07 00:00:00+00:00
[2024-07-07T07:41:00.764+0000] {processor.py:183} INFO - Processing /home/airflow/.local/lib/python3.12/site-packages/airflow/example_dags/example_short_circuit_operator.py took 0.311 seconds
[2024-07-07T07:41:31.467+0000] {processor.py:161} INFO - Started process (PID=3024) to work on /home/airflow/.local/lib/python3.12/site-packages/airflow/example_dags/example_short_circuit_operator.py
[2024-07-07T07:41:31.469+0000] {processor.py:830} INFO - Processing file /home/airflow/.local/lib/python3.12/site-packages/airflow/example_dags/example_short_circuit_operator.py for tasks to queue
[2024-07-07T07:41:31.471+0000] {logging_mixin.py:188} INFO - [2024-07-07T07:41:31.470+0000] {dagbag.py:545} INFO - Filling up the DagBag from /home/airflow/.local/lib/python3.12/site-packages/airflow/example_dags/example_short_circuit_operator.py
[2024-07-07T07:41:31.482+0000] {processor.py:840} INFO - DAG(s) 'example_short_circuit_operator' retrieved from /home/airflow/.local/lib/python3.12/site-packages/airflow/example_dags/example_short_circuit_operator.py
[2024-07-07T07:41:31.530+0000] {logging_mixin.py:188} INFO - [2024-07-07T07:41:31.529+0000] {dag.py:3096} INFO - Sync 1 DAGs
[2024-07-07T07:41:31.569+0000] {logging_mixin.py:188} INFO - [2024-07-07T07:41:31.569+0000] {dag.py:3954} INFO - Setting next_dagrun for example_short_circuit_operator to 2024-07-06 00:00:00+00:00, run_after=2024-07-07 00:00:00+00:00
[2024-07-07T07:41:31.615+0000] {processor.py:183} INFO - Processing /home/airflow/.local/lib/python3.12/site-packages/airflow/example_dags/example_short_circuit_operator.py took 0.160 seconds
[2024-07-07T07:42:02.631+0000] {processor.py:161} INFO - Started process (PID=3084) to work on /home/airflow/.local/lib/python3.12/site-packages/airflow/example_dags/example_short_circuit_operator.py
[2024-07-07T07:42:02.634+0000] {processor.py:830} INFO - Processing file /home/airflow/.local/lib/python3.12/site-packages/airflow/example_dags/example_short_circuit_operator.py for tasks to queue
[2024-07-07T07:42:02.637+0000] {logging_mixin.py:188} INFO - [2024-07-07T07:42:02.636+0000] {dagbag.py:545} INFO - Filling up the DagBag from /home/airflow/.local/lib/python3.12/site-packages/airflow/example_dags/example_short_circuit_operator.py
[2024-07-07T07:42:02.657+0000] {processor.py:840} INFO - DAG(s) 'example_short_circuit_operator' retrieved from /home/airflow/.local/lib/python3.12/site-packages/airflow/example_dags/example_short_circuit_operator.py
[2024-07-07T07:42:02.721+0000] {logging_mixin.py:188} INFO - [2024-07-07T07:42:02.720+0000] {dag.py:3096} INFO - Sync 1 DAGs
[2024-07-07T07:42:02.763+0000] {logging_mixin.py:188} INFO - [2024-07-07T07:42:02.763+0000] {dag.py:3954} INFO - Setting next_dagrun for example_short_circuit_operator to 2024-07-06 00:00:00+00:00, run_after=2024-07-07 00:00:00+00:00
[2024-07-07T07:42:02.802+0000] {processor.py:183} INFO - Processing /home/airflow/.local/lib/python3.12/site-packages/airflow/example_dags/example_short_circuit_operator.py took 0.187 seconds
[2024-07-07T07:42:35.222+0000] {processor.py:161} INFO - Started process (PID=3144) to work on /home/airflow/.local/lib/python3.12/site-packages/airflow/example_dags/example_short_circuit_operator.py
[2024-07-07T07:42:35.224+0000] {processor.py:830} INFO - Processing file /home/airflow/.local/lib/python3.12/site-packages/airflow/example_dags/example_short_circuit_operator.py for tasks to queue
[2024-07-07T07:42:35.227+0000] {logging_mixin.py:188} INFO - [2024-07-07T07:42:35.226+0000] {dagbag.py:545} INFO - Filling up the DagBag from /home/airflow/.local/lib/python3.12/site-packages/airflow/example_dags/example_short_circuit_operator.py
[2024-07-07T07:42:35.241+0000] {processor.py:840} INFO - DAG(s) 'example_short_circuit_operator' retrieved from /home/airflow/.local/lib/python3.12/site-packages/airflow/example_dags/example_short_circuit_operator.py
[2024-07-07T07:42:35.302+0000] {logging_mixin.py:188} INFO - [2024-07-07T07:42:35.301+0000] {dag.py:3096} INFO - Sync 1 DAGs
[2024-07-07T07:42:35.365+0000] {logging_mixin.py:188} INFO - [2024-07-07T07:42:35.365+0000] {dag.py:3954} INFO - Setting next_dagrun for example_short_circuit_operator to 2024-07-06 00:00:00+00:00, run_after=2024-07-07 00:00:00+00:00
[2024-07-07T07:42:35.418+0000] {processor.py:183} INFO - Processing /home/airflow/.local/lib/python3.12/site-packages/airflow/example_dags/example_short_circuit_operator.py took 0.210 seconds
[2024-07-07T07:43:06.648+0000] {processor.py:161} INFO - Started process (PID=3204) to work on /home/airflow/.local/lib/python3.12/site-packages/airflow/example_dags/example_short_circuit_operator.py
[2024-07-07T07:43:06.652+0000] {processor.py:830} INFO - Processing file /home/airflow/.local/lib/python3.12/site-packages/airflow/example_dags/example_short_circuit_operator.py for tasks to queue
[2024-07-07T07:43:06.656+0000] {logging_mixin.py:188} INFO - [2024-07-07T07:43:06.655+0000] {dagbag.py:545} INFO - Filling up the DagBag from /home/airflow/.local/lib/python3.12/site-packages/airflow/example_dags/example_short_circuit_operator.py
[2024-07-07T07:43:06.674+0000] {processor.py:840} INFO - DAG(s) 'example_short_circuit_operator' retrieved from /home/airflow/.local/lib/python3.12/site-packages/airflow/example_dags/example_short_circuit_operator.py
[2024-07-07T07:43:06.748+0000] {logging_mixin.py:188} INFO - [2024-07-07T07:43:06.747+0000] {dag.py:3096} INFO - Sync 1 DAGs
[2024-07-07T07:43:06.820+0000] {logging_mixin.py:188} INFO - [2024-07-07T07:43:06.819+0000] {dag.py:3954} INFO - Setting next_dagrun for example_short_circuit_operator to 2024-07-06 00:00:00+00:00, run_after=2024-07-07 00:00:00+00:00
[2024-07-07T07:43:06.915+0000] {processor.py:183} INFO - Processing /home/airflow/.local/lib/python3.12/site-packages/airflow/example_dags/example_short_circuit_operator.py took 0.286 seconds
[2024-07-07T07:43:37.967+0000] {processor.py:161} INFO - Started process (PID=3263) to work on /home/airflow/.local/lib/python3.12/site-packages/airflow/example_dags/example_short_circuit_operator.py
[2024-07-07T07:43:37.969+0000] {processor.py:830} INFO - Processing file /home/airflow/.local/lib/python3.12/site-packages/airflow/example_dags/example_short_circuit_operator.py for tasks to queue
[2024-07-07T07:43:37.972+0000] {logging_mixin.py:188} INFO - [2024-07-07T07:43:37.971+0000] {dagbag.py:545} INFO - Filling up the DagBag from /home/airflow/.local/lib/python3.12/site-packages/airflow/example_dags/example_short_circuit_operator.py
[2024-07-07T07:43:37.986+0000] {processor.py:840} INFO - DAG(s) 'example_short_circuit_operator' retrieved from /home/airflow/.local/lib/python3.12/site-packages/airflow/example_dags/example_short_circuit_operator.py
[2024-07-07T07:43:38.046+0000] {logging_mixin.py:188} INFO - [2024-07-07T07:43:38.045+0000] {dag.py:3096} INFO - Sync 1 DAGs
[2024-07-07T07:43:38.114+0000] {logging_mixin.py:188} INFO - [2024-07-07T07:43:38.114+0000] {dag.py:3954} INFO - Setting next_dagrun for example_short_circuit_operator to 2024-07-06 00:00:00+00:00, run_after=2024-07-07 00:00:00+00:00
[2024-07-07T07:43:38.190+0000] {processor.py:183} INFO - Processing /home/airflow/.local/lib/python3.12/site-packages/airflow/example_dags/example_short_circuit_operator.py took 0.236 seconds
[2024-07-07T07:44:08.501+0000] {processor.py:161} INFO - Started process (PID=3322) to work on /home/airflow/.local/lib/python3.12/site-packages/airflow/example_dags/example_short_circuit_operator.py
[2024-07-07T07:44:08.504+0000] {processor.py:830} INFO - Processing file /home/airflow/.local/lib/python3.12/site-packages/airflow/example_dags/example_short_circuit_operator.py for tasks to queue
[2024-07-07T07:44:08.508+0000] {logging_mixin.py:188} INFO - [2024-07-07T07:44:08.507+0000] {dagbag.py:545} INFO - Filling up the DagBag from /home/airflow/.local/lib/python3.12/site-packages/airflow/example_dags/example_short_circuit_operator.py
[2024-07-07T07:44:08.532+0000] {processor.py:840} INFO - DAG(s) 'example_short_circuit_operator' retrieved from /home/airflow/.local/lib/python3.12/site-packages/airflow/example_dags/example_short_circuit_operator.py
[2024-07-07T07:44:08.614+0000] {logging_mixin.py:188} INFO - [2024-07-07T07:44:08.613+0000] {dag.py:3096} INFO - Sync 1 DAGs
[2024-07-07T07:44:08.676+0000] {logging_mixin.py:188} INFO - [2024-07-07T07:44:08.675+0000] {dag.py:3954} INFO - Setting next_dagrun for example_short_circuit_operator to 2024-07-06 00:00:00+00:00, run_after=2024-07-07 00:00:00+00:00
[2024-07-07T07:44:08.735+0000] {processor.py:183} INFO - Processing /home/airflow/.local/lib/python3.12/site-packages/airflow/example_dags/example_short_circuit_operator.py took 0.258 seconds
[2024-07-07T07:44:39.352+0000] {processor.py:161} INFO - Started process (PID=3382) to work on /home/airflow/.local/lib/python3.12/site-packages/airflow/example_dags/example_short_circuit_operator.py
[2024-07-07T07:44:39.355+0000] {processor.py:830} INFO - Processing file /home/airflow/.local/lib/python3.12/site-packages/airflow/example_dags/example_short_circuit_operator.py for tasks to queue
[2024-07-07T07:44:39.357+0000] {logging_mixin.py:188} INFO - [2024-07-07T07:44:39.356+0000] {dagbag.py:545} INFO - Filling up the DagBag from /home/airflow/.local/lib/python3.12/site-packages/airflow/example_dags/example_short_circuit_operator.py
[2024-07-07T07:44:39.376+0000] {processor.py:840} INFO - DAG(s) 'example_short_circuit_operator' retrieved from /home/airflow/.local/lib/python3.12/site-packages/airflow/example_dags/example_short_circuit_operator.py
[2024-07-07T07:44:39.434+0000] {logging_mixin.py:188} INFO - [2024-07-07T07:44:39.434+0000] {dag.py:3096} INFO - Sync 1 DAGs
[2024-07-07T07:44:39.483+0000] {logging_mixin.py:188} INFO - [2024-07-07T07:44:39.483+0000] {dag.py:3954} INFO - Setting next_dagrun for example_short_circuit_operator to 2024-07-06 00:00:00+00:00, run_after=2024-07-07 00:00:00+00:00
[2024-07-07T07:44:39.528+0000] {processor.py:183} INFO - Processing /home/airflow/.local/lib/python3.12/site-packages/airflow/example_dags/example_short_circuit_operator.py took 0.204 seconds
[2024-07-07T07:45:09.807+0000] {processor.py:161} INFO - Started process (PID=3442) to work on /home/airflow/.local/lib/python3.12/site-packages/airflow/example_dags/example_short_circuit_operator.py
[2024-07-07T07:45:09.814+0000] {processor.py:830} INFO - Processing file /home/airflow/.local/lib/python3.12/site-packages/airflow/example_dags/example_short_circuit_operator.py for tasks to queue
[2024-07-07T07:45:09.822+0000] {logging_mixin.py:188} INFO - [2024-07-07T07:45:09.819+0000] {dagbag.py:545} INFO - Filling up the DagBag from /home/airflow/.local/lib/python3.12/site-packages/airflow/example_dags/example_short_circuit_operator.py
[2024-07-07T07:45:09.873+0000] {processor.py:840} INFO - DAG(s) 'example_short_circuit_operator' retrieved from /home/airflow/.local/lib/python3.12/site-packages/airflow/example_dags/example_short_circuit_operator.py
[2024-07-07T07:45:09.970+0000] {logging_mixin.py:188} INFO - [2024-07-07T07:45:09.970+0000] {dag.py:3096} INFO - Sync 1 DAGs
[2024-07-07T07:45:10.016+0000] {logging_mixin.py:188} INFO - [2024-07-07T07:45:10.015+0000] {dag.py:3954} INFO - Setting next_dagrun for example_short_circuit_operator to 2024-07-06 00:00:00+00:00, run_after=2024-07-07 00:00:00+00:00
[2024-07-07T07:45:10.050+0000] {processor.py:183} INFO - Processing /home/airflow/.local/lib/python3.12/site-packages/airflow/example_dags/example_short_circuit_operator.py took 0.294 seconds
[2024-07-07T07:45:40.545+0000] {processor.py:161} INFO - Started process (PID=3501) to work on /home/airflow/.local/lib/python3.12/site-packages/airflow/example_dags/example_short_circuit_operator.py
[2024-07-07T07:45:40.550+0000] {processor.py:830} INFO - Processing file /home/airflow/.local/lib/python3.12/site-packages/airflow/example_dags/example_short_circuit_operator.py for tasks to queue
[2024-07-07T07:45:40.556+0000] {logging_mixin.py:188} INFO - [2024-07-07T07:45:40.554+0000] {dagbag.py:545} INFO - Filling up the DagBag from /home/airflow/.local/lib/python3.12/site-packages/airflow/example_dags/example_short_circuit_operator.py
[2024-07-07T07:45:40.585+0000] {processor.py:840} INFO - DAG(s) 'example_short_circuit_operator' retrieved from /home/airflow/.local/lib/python3.12/site-packages/airflow/example_dags/example_short_circuit_operator.py
[2024-07-07T07:45:40.661+0000] {logging_mixin.py:188} INFO - [2024-07-07T07:45:40.661+0000] {dag.py:3096} INFO - Sync 1 DAGs
[2024-07-07T07:45:40.702+0000] {logging_mixin.py:188} INFO - [2024-07-07T07:45:40.702+0000] {dag.py:3954} INFO - Setting next_dagrun for example_short_circuit_operator to 2024-07-06 00:00:00+00:00, run_after=2024-07-07 00:00:00+00:00
[2024-07-07T07:45:40.745+0000] {processor.py:183} INFO - Processing /home/airflow/.local/lib/python3.12/site-packages/airflow/example_dags/example_short_circuit_operator.py took 0.228 seconds
[2024-07-07T07:46:10.843+0000] {processor.py:161} INFO - Started process (PID=3561) to work on /home/airflow/.local/lib/python3.12/site-packages/airflow/example_dags/example_short_circuit_operator.py
[2024-07-07T07:46:10.845+0000] {processor.py:830} INFO - Processing file /home/airflow/.local/lib/python3.12/site-packages/airflow/example_dags/example_short_circuit_operator.py for tasks to queue
[2024-07-07T07:46:10.847+0000] {logging_mixin.py:188} INFO - [2024-07-07T07:46:10.846+0000] {dagbag.py:545} INFO - Filling up the DagBag from /home/airflow/.local/lib/python3.12/site-packages/airflow/example_dags/example_short_circuit_operator.py
[2024-07-07T07:46:10.863+0000] {processor.py:840} INFO - DAG(s) 'example_short_circuit_operator' retrieved from /home/airflow/.local/lib/python3.12/site-packages/airflow/example_dags/example_short_circuit_operator.py
[2024-07-07T07:46:10.933+0000] {logging_mixin.py:188} INFO - [2024-07-07T07:46:10.932+0000] {dag.py:3096} INFO - Sync 1 DAGs
[2024-07-07T07:46:10.985+0000] {logging_mixin.py:188} INFO - [2024-07-07T07:46:10.985+0000] {dag.py:3954} INFO - Setting next_dagrun for example_short_circuit_operator to 2024-07-06 00:00:00+00:00, run_after=2024-07-07 00:00:00+00:00
[2024-07-07T07:46:11.041+0000] {processor.py:183} INFO - Processing /home/airflow/.local/lib/python3.12/site-packages/airflow/example_dags/example_short_circuit_operator.py took 0.212 seconds
[2024-07-07T07:46:41.153+0000] {processor.py:161} INFO - Started process (PID=3622) to work on /home/airflow/.local/lib/python3.12/site-packages/airflow/example_dags/example_short_circuit_operator.py
[2024-07-07T07:46:41.155+0000] {processor.py:830} INFO - Processing file /home/airflow/.local/lib/python3.12/site-packages/airflow/example_dags/example_short_circuit_operator.py for tasks to queue
[2024-07-07T07:46:41.157+0000] {logging_mixin.py:188} INFO - [2024-07-07T07:46:41.156+0000] {dagbag.py:545} INFO - Filling up the DagBag from /home/airflow/.local/lib/python3.12/site-packages/airflow/example_dags/example_short_circuit_operator.py
[2024-07-07T07:46:41.168+0000] {processor.py:840} INFO - DAG(s) 'example_short_circuit_operator' retrieved from /home/airflow/.local/lib/python3.12/site-packages/airflow/example_dags/example_short_circuit_operator.py
[2024-07-07T07:46:41.211+0000] {logging_mixin.py:188} INFO - [2024-07-07T07:46:41.210+0000] {dag.py:3096} INFO - Sync 1 DAGs
[2024-07-07T07:46:41.244+0000] {logging_mixin.py:188} INFO - [2024-07-07T07:46:41.244+0000] {dag.py:3954} INFO - Setting next_dagrun for example_short_circuit_operator to 2024-07-06 00:00:00+00:00, run_after=2024-07-07 00:00:00+00:00
[2024-07-07T07:46:41.280+0000] {processor.py:183} INFO - Processing /home/airflow/.local/lib/python3.12/site-packages/airflow/example_dags/example_short_circuit_operator.py took 0.138 seconds
[2024-07-07T07:47:12.649+0000] {processor.py:161} INFO - Started process (PID=3683) to work on /home/airflow/.local/lib/python3.12/site-packages/airflow/example_dags/example_short_circuit_operator.py
[2024-07-07T07:47:12.651+0000] {processor.py:830} INFO - Processing file /home/airflow/.local/lib/python3.12/site-packages/airflow/example_dags/example_short_circuit_operator.py for tasks to queue
[2024-07-07T07:47:12.654+0000] {logging_mixin.py:188} INFO - [2024-07-07T07:47:12.653+0000] {dagbag.py:545} INFO - Filling up the DagBag from /home/airflow/.local/lib/python3.12/site-packages/airflow/example_dags/example_short_circuit_operator.py
[2024-07-07T07:47:12.672+0000] {processor.py:840} INFO - DAG(s) 'example_short_circuit_operator' retrieved from /home/airflow/.local/lib/python3.12/site-packages/airflow/example_dags/example_short_circuit_operator.py
[2024-07-07T07:47:12.742+0000] {logging_mixin.py:188} INFO - [2024-07-07T07:47:12.741+0000] {dag.py:3096} INFO - Sync 1 DAGs
[2024-07-07T07:47:12.799+0000] {logging_mixin.py:188} INFO - [2024-07-07T07:47:12.799+0000] {dag.py:3954} INFO - Setting next_dagrun for example_short_circuit_operator to 2024-07-06 00:00:00+00:00, run_after=2024-07-07 00:00:00+00:00
[2024-07-07T07:47:12.854+0000] {processor.py:183} INFO - Processing /home/airflow/.local/lib/python3.12/site-packages/airflow/example_dags/example_short_circuit_operator.py took 0.224 seconds
[2024-07-07T07:47:43.240+0000] {processor.py:161} INFO - Started process (PID=3743) to work on /home/airflow/.local/lib/python3.12/site-packages/airflow/example_dags/example_short_circuit_operator.py
[2024-07-07T07:47:43.242+0000] {processor.py:830} INFO - Processing file /home/airflow/.local/lib/python3.12/site-packages/airflow/example_dags/example_short_circuit_operator.py for tasks to queue
[2024-07-07T07:47:43.243+0000] {logging_mixin.py:188} INFO - [2024-07-07T07:47:43.243+0000] {dagbag.py:545} INFO - Filling up the DagBag from /home/airflow/.local/lib/python3.12/site-packages/airflow/example_dags/example_short_circuit_operator.py
[2024-07-07T07:47:43.256+0000] {processor.py:840} INFO - DAG(s) 'example_short_circuit_operator' retrieved from /home/airflow/.local/lib/python3.12/site-packages/airflow/example_dags/example_short_circuit_operator.py
[2024-07-07T07:47:43.307+0000] {logging_mixin.py:188} INFO - [2024-07-07T07:47:43.307+0000] {dag.py:3096} INFO - Sync 1 DAGs
[2024-07-07T07:47:43.345+0000] {logging_mixin.py:188} INFO - [2024-07-07T07:47:43.344+0000] {dag.py:3954} INFO - Setting next_dagrun for example_short_circuit_operator to 2024-07-06 00:00:00+00:00, run_after=2024-07-07 00:00:00+00:00
[2024-07-07T07:47:43.387+0000] {processor.py:183} INFO - Processing /home/airflow/.local/lib/python3.12/site-packages/airflow/example_dags/example_short_circuit_operator.py took 0.159 seconds
[2024-07-07T07:48:14.180+0000] {processor.py:161} INFO - Started process (PID=3803) to work on /home/airflow/.local/lib/python3.12/site-packages/airflow/example_dags/example_short_circuit_operator.py
[2024-07-07T07:48:14.188+0000] {processor.py:830} INFO - Processing file /home/airflow/.local/lib/python3.12/site-packages/airflow/example_dags/example_short_circuit_operator.py for tasks to queue
[2024-07-07T07:48:14.195+0000] {logging_mixin.py:188} INFO - [2024-07-07T07:48:14.193+0000] {dagbag.py:545} INFO - Filling up the DagBag from /home/airflow/.local/lib/python3.12/site-packages/airflow/example_dags/example_short_circuit_operator.py
[2024-07-07T07:48:14.241+0000] {processor.py:840} INFO - DAG(s) 'example_short_circuit_operator' retrieved from /home/airflow/.local/lib/python3.12/site-packages/airflow/example_dags/example_short_circuit_operator.py
[2024-07-07T07:48:14.357+0000] {logging_mixin.py:188} INFO - [2024-07-07T07:48:14.356+0000] {dag.py:3096} INFO - Sync 1 DAGs
[2024-07-07T07:48:14.466+0000] {logging_mixin.py:188} INFO - [2024-07-07T07:48:14.465+0000] {dag.py:3954} INFO - Setting next_dagrun for example_short_circuit_operator to 2024-07-06 00:00:00+00:00, run_after=2024-07-07 00:00:00+00:00
[2024-07-07T07:48:14.548+0000] {processor.py:183} INFO - Processing /home/airflow/.local/lib/python3.12/site-packages/airflow/example_dags/example_short_circuit_operator.py took 0.398 seconds
[2024-07-07T07:48:44.724+0000] {processor.py:161} INFO - Started process (PID=3863) to work on /home/airflow/.local/lib/python3.12/site-packages/airflow/example_dags/example_short_circuit_operator.py
[2024-07-07T07:48:44.726+0000] {processor.py:830} INFO - Processing file /home/airflow/.local/lib/python3.12/site-packages/airflow/example_dags/example_short_circuit_operator.py for tasks to queue
[2024-07-07T07:48:44.728+0000] {logging_mixin.py:188} INFO - [2024-07-07T07:48:44.727+0000] {dagbag.py:545} INFO - Filling up the DagBag from /home/airflow/.local/lib/python3.12/site-packages/airflow/example_dags/example_short_circuit_operator.py
[2024-07-07T07:48:44.738+0000] {processor.py:840} INFO - DAG(s) 'example_short_circuit_operator' retrieved from /home/airflow/.local/lib/python3.12/site-packages/airflow/example_dags/example_short_circuit_operator.py
[2024-07-07T07:48:44.781+0000] {logging_mixin.py:188} INFO - [2024-07-07T07:48:44.781+0000] {dag.py:3096} INFO - Sync 1 DAGs
[2024-07-07T07:48:44.821+0000] {logging_mixin.py:188} INFO - [2024-07-07T07:48:44.821+0000] {dag.py:3954} INFO - Setting next_dagrun for example_short_circuit_operator to 2024-07-06 00:00:00+00:00, run_after=2024-07-07 00:00:00+00:00
[2024-07-07T07:48:44.863+0000] {processor.py:183} INFO - Processing /home/airflow/.local/lib/python3.12/site-packages/airflow/example_dags/example_short_circuit_operator.py took 0.150 seconds
[2024-07-07T07:49:16.368+0000] {processor.py:161} INFO - Started process (PID=3924) to work on /home/airflow/.local/lib/python3.12/site-packages/airflow/example_dags/example_short_circuit_operator.py
[2024-07-07T07:49:16.371+0000] {processor.py:830} INFO - Processing file /home/airflow/.local/lib/python3.12/site-packages/airflow/example_dags/example_short_circuit_operator.py for tasks to queue
[2024-07-07T07:49:16.375+0000] {logging_mixin.py:188} INFO - [2024-07-07T07:49:16.374+0000] {dagbag.py:545} INFO - Filling up the DagBag from /home/airflow/.local/lib/python3.12/site-packages/airflow/example_dags/example_short_circuit_operator.py
[2024-07-07T07:49:16.393+0000] {processor.py:840} INFO - DAG(s) 'example_short_circuit_operator' retrieved from /home/airflow/.local/lib/python3.12/site-packages/airflow/example_dags/example_short_circuit_operator.py
[2024-07-07T07:49:16.472+0000] {logging_mixin.py:188} INFO - [2024-07-07T07:49:16.471+0000] {dag.py:3096} INFO - Sync 1 DAGs
[2024-07-07T07:49:16.540+0000] {logging_mixin.py:188} INFO - [2024-07-07T07:49:16.540+0000] {dag.py:3954} INFO - Setting next_dagrun for example_short_circuit_operator to 2024-07-06 00:00:00+00:00, run_after=2024-07-07 00:00:00+00:00
[2024-07-07T07:49:16.592+0000] {processor.py:183} INFO - Processing /home/airflow/.local/lib/python3.12/site-packages/airflow/example_dags/example_short_circuit_operator.py took 0.243 seconds
[2024-07-07T07:49:46.788+0000] {processor.py:161} INFO - Started process (PID=3983) to work on /home/airflow/.local/lib/python3.12/site-packages/airflow/example_dags/example_short_circuit_operator.py
[2024-07-07T07:49:46.791+0000] {processor.py:830} INFO - Processing file /home/airflow/.local/lib/python3.12/site-packages/airflow/example_dags/example_short_circuit_operator.py for tasks to queue
[2024-07-07T07:49:46.795+0000] {logging_mixin.py:188} INFO - [2024-07-07T07:49:46.794+0000] {dagbag.py:545} INFO - Filling up the DagBag from /home/airflow/.local/lib/python3.12/site-packages/airflow/example_dags/example_short_circuit_operator.py
[2024-07-07T07:49:46.812+0000] {processor.py:840} INFO - DAG(s) 'example_short_circuit_operator' retrieved from /home/airflow/.local/lib/python3.12/site-packages/airflow/example_dags/example_short_circuit_operator.py
[2024-07-07T07:49:46.887+0000] {logging_mixin.py:188} INFO - [2024-07-07T07:49:46.886+0000] {dag.py:3096} INFO - Sync 1 DAGs
[2024-07-07T07:49:46.964+0000] {logging_mixin.py:188} INFO - [2024-07-07T07:49:46.963+0000] {dag.py:3954} INFO - Setting next_dagrun for example_short_circuit_operator to 2024-07-06 00:00:00+00:00, run_after=2024-07-07 00:00:00+00:00
[2024-07-07T07:49:47.015+0000] {processor.py:183} INFO - Processing /home/airflow/.local/lib/python3.12/site-packages/airflow/example_dags/example_short_circuit_operator.py took 0.246 seconds
[2024-07-07T07:50:17.915+0000] {processor.py:161} INFO - Started process (PID=4043) to work on /home/airflow/.local/lib/python3.12/site-packages/airflow/example_dags/example_short_circuit_operator.py
[2024-07-07T07:50:17.917+0000] {processor.py:830} INFO - Processing file /home/airflow/.local/lib/python3.12/site-packages/airflow/example_dags/example_short_circuit_operator.py for tasks to queue
[2024-07-07T07:50:17.919+0000] {logging_mixin.py:188} INFO - [2024-07-07T07:50:17.919+0000] {dagbag.py:545} INFO - Filling up the DagBag from /home/airflow/.local/lib/python3.12/site-packages/airflow/example_dags/example_short_circuit_operator.py
[2024-07-07T07:50:17.931+0000] {processor.py:840} INFO - DAG(s) 'example_short_circuit_operator' retrieved from /home/airflow/.local/lib/python3.12/site-packages/airflow/example_dags/example_short_circuit_operator.py
[2024-07-07T07:50:17.974+0000] {logging_mixin.py:188} INFO - [2024-07-07T07:50:17.974+0000] {dag.py:3096} INFO - Sync 1 DAGs
[2024-07-07T07:50:18.015+0000] {logging_mixin.py:188} INFO - [2024-07-07T07:50:18.015+0000] {dag.py:3954} INFO - Setting next_dagrun for example_short_circuit_operator to 2024-07-06 00:00:00+00:00, run_after=2024-07-07 00:00:00+00:00
[2024-07-07T07:50:18.045+0000] {processor.py:183} INFO - Processing /home/airflow/.local/lib/python3.12/site-packages/airflow/example_dags/example_short_circuit_operator.py took 0.144 seconds
[2024-07-07T07:50:48.740+0000] {processor.py:161} INFO - Started process (PID=4103) to work on /home/airflow/.local/lib/python3.12/site-packages/airflow/example_dags/example_short_circuit_operator.py
[2024-07-07T07:50:48.743+0000] {processor.py:830} INFO - Processing file /home/airflow/.local/lib/python3.12/site-packages/airflow/example_dags/example_short_circuit_operator.py for tasks to queue
[2024-07-07T07:50:48.745+0000] {logging_mixin.py:188} INFO - [2024-07-07T07:50:48.744+0000] {dagbag.py:545} INFO - Filling up the DagBag from /home/airflow/.local/lib/python3.12/site-packages/airflow/example_dags/example_short_circuit_operator.py
[2024-07-07T07:50:48.757+0000] {processor.py:840} INFO - DAG(s) 'example_short_circuit_operator' retrieved from /home/airflow/.local/lib/python3.12/site-packages/airflow/example_dags/example_short_circuit_operator.py
[2024-07-07T07:50:48.794+0000] {logging_mixin.py:188} INFO - [2024-07-07T07:50:48.794+0000] {dag.py:3096} INFO - Sync 1 DAGs
[2024-07-07T07:50:48.822+0000] {logging_mixin.py:188} INFO - [2024-07-07T07:50:48.822+0000] {dag.py:3954} INFO - Setting next_dagrun for example_short_circuit_operator to 2024-07-06 00:00:00+00:00, run_after=2024-07-07 00:00:00+00:00
[2024-07-07T07:50:48.847+0000] {processor.py:183} INFO - Processing /home/airflow/.local/lib/python3.12/site-packages/airflow/example_dags/example_short_circuit_operator.py took 0.120 seconds
[2024-07-07T07:51:19.477+0000] {processor.py:161} INFO - Started process (PID=4163) to work on /home/airflow/.local/lib/python3.12/site-packages/airflow/example_dags/example_short_circuit_operator.py
[2024-07-07T07:51:19.479+0000] {processor.py:830} INFO - Processing file /home/airflow/.local/lib/python3.12/site-packages/airflow/example_dags/example_short_circuit_operator.py for tasks to queue
[2024-07-07T07:51:19.480+0000] {logging_mixin.py:188} INFO - [2024-07-07T07:51:19.480+0000] {dagbag.py:545} INFO - Filling up the DagBag from /home/airflow/.local/lib/python3.12/site-packages/airflow/example_dags/example_short_circuit_operator.py
[2024-07-07T07:51:19.488+0000] {processor.py:840} INFO - DAG(s) 'example_short_circuit_operator' retrieved from /home/airflow/.local/lib/python3.12/site-packages/airflow/example_dags/example_short_circuit_operator.py
[2024-07-07T07:51:19.525+0000] {logging_mixin.py:188} INFO - [2024-07-07T07:51:19.524+0000] {dag.py:3096} INFO - Sync 1 DAGs
[2024-07-07T07:51:19.553+0000] {logging_mixin.py:188} INFO - [2024-07-07T07:51:19.553+0000] {dag.py:3954} INFO - Setting next_dagrun for example_short_circuit_operator to 2024-07-06 00:00:00+00:00, run_after=2024-07-07 00:00:00+00:00
[2024-07-07T07:51:19.578+0000] {processor.py:183} INFO - Processing /home/airflow/.local/lib/python3.12/site-packages/airflow/example_dags/example_short_circuit_operator.py took 0.113 seconds
[2024-07-07T07:51:49.834+0000] {processor.py:161} INFO - Started process (PID=4223) to work on /home/airflow/.local/lib/python3.12/site-packages/airflow/example_dags/example_short_circuit_operator.py
[2024-07-07T07:51:49.836+0000] {processor.py:830} INFO - Processing file /home/airflow/.local/lib/python3.12/site-packages/airflow/example_dags/example_short_circuit_operator.py for tasks to queue
[2024-07-07T07:51:49.837+0000] {logging_mixin.py:188} INFO - [2024-07-07T07:51:49.837+0000] {dagbag.py:545} INFO - Filling up the DagBag from /home/airflow/.local/lib/python3.12/site-packages/airflow/example_dags/example_short_circuit_operator.py
[2024-07-07T07:51:49.846+0000] {processor.py:840} INFO - DAG(s) 'example_short_circuit_operator' retrieved from /home/airflow/.local/lib/python3.12/site-packages/airflow/example_dags/example_short_circuit_operator.py
[2024-07-07T07:51:49.879+0000] {logging_mixin.py:188} INFO - [2024-07-07T07:51:49.878+0000] {dag.py:3096} INFO - Sync 1 DAGs
[2024-07-07T07:51:49.904+0000] {logging_mixin.py:188} INFO - [2024-07-07T07:51:49.904+0000] {dag.py:3954} INFO - Setting next_dagrun for example_short_circuit_operator to 2024-07-06 00:00:00+00:00, run_after=2024-07-07 00:00:00+00:00
[2024-07-07T07:51:49.935+0000] {processor.py:183} INFO - Processing /home/airflow/.local/lib/python3.12/site-packages/airflow/example_dags/example_short_circuit_operator.py took 0.109 seconds
[2024-07-07T07:52:20.176+0000] {processor.py:161} INFO - Started process (PID=4281) to work on /home/airflow/.local/lib/python3.12/site-packages/airflow/example_dags/example_short_circuit_operator.py
[2024-07-07T07:52:20.181+0000] {processor.py:830} INFO - Processing file /home/airflow/.local/lib/python3.12/site-packages/airflow/example_dags/example_short_circuit_operator.py for tasks to queue
[2024-07-07T07:52:20.186+0000] {logging_mixin.py:188} INFO - [2024-07-07T07:52:20.184+0000] {dagbag.py:545} INFO - Filling up the DagBag from /home/airflow/.local/lib/python3.12/site-packages/airflow/example_dags/example_short_circuit_operator.py
[2024-07-07T07:52:20.214+0000] {processor.py:840} INFO - DAG(s) 'example_short_circuit_operator' retrieved from /home/airflow/.local/lib/python3.12/site-packages/airflow/example_dags/example_short_circuit_operator.py
[2024-07-07T07:52:20.316+0000] {logging_mixin.py:188} INFO - [2024-07-07T07:52:20.316+0000] {dag.py:3096} INFO - Sync 1 DAGs
[2024-07-07T07:52:20.358+0000] {logging_mixin.py:188} INFO - [2024-07-07T07:52:20.358+0000] {dag.py:3954} INFO - Setting next_dagrun for example_short_circuit_operator to 2024-07-06 00:00:00+00:00, run_after=2024-07-07 00:00:00+00:00
[2024-07-07T07:52:20.400+0000] {processor.py:183} INFO - Processing /home/airflow/.local/lib/python3.12/site-packages/airflow/example_dags/example_short_circuit_operator.py took 0.268 seconds
[2024-07-07T07:52:50.639+0000] {processor.py:161} INFO - Started process (PID=4341) to work on /home/airflow/.local/lib/python3.12/site-packages/airflow/example_dags/example_short_circuit_operator.py
[2024-07-07T07:52:50.641+0000] {processor.py:830} INFO - Processing file /home/airflow/.local/lib/python3.12/site-packages/airflow/example_dags/example_short_circuit_operator.py for tasks to queue
[2024-07-07T07:52:50.643+0000] {logging_mixin.py:188} INFO - [2024-07-07T07:52:50.642+0000] {dagbag.py:545} INFO - Filling up the DagBag from /home/airflow/.local/lib/python3.12/site-packages/airflow/example_dags/example_short_circuit_operator.py
[2024-07-07T07:52:50.654+0000] {processor.py:840} INFO - DAG(s) 'example_short_circuit_operator' retrieved from /home/airflow/.local/lib/python3.12/site-packages/airflow/example_dags/example_short_circuit_operator.py
[2024-07-07T07:52:50.690+0000] {logging_mixin.py:188} INFO - [2024-07-07T07:52:50.690+0000] {dag.py:3096} INFO - Sync 1 DAGs
[2024-07-07T07:52:50.716+0000] {logging_mixin.py:188} INFO - [2024-07-07T07:52:50.715+0000] {dag.py:3954} INFO - Setting next_dagrun for example_short_circuit_operator to 2024-07-06 00:00:00+00:00, run_after=2024-07-07 00:00:00+00:00
[2024-07-07T07:52:50.746+0000] {processor.py:183} INFO - Processing /home/airflow/.local/lib/python3.12/site-packages/airflow/example_dags/example_short_circuit_operator.py took 0.119 seconds
[2024-07-07T07:53:21.154+0000] {processor.py:161} INFO - Started process (PID=4401) to work on /home/airflow/.local/lib/python3.12/site-packages/airflow/example_dags/example_short_circuit_operator.py
[2024-07-07T07:53:21.156+0000] {processor.py:830} INFO - Processing file /home/airflow/.local/lib/python3.12/site-packages/airflow/example_dags/example_short_circuit_operator.py for tasks to queue
[2024-07-07T07:53:21.158+0000] {logging_mixin.py:188} INFO - [2024-07-07T07:53:21.158+0000] {dagbag.py:545} INFO - Filling up the DagBag from /home/airflow/.local/lib/python3.12/site-packages/airflow/example_dags/example_short_circuit_operator.py
[2024-07-07T07:53:21.167+0000] {processor.py:840} INFO - DAG(s) 'example_short_circuit_operator' retrieved from /home/airflow/.local/lib/python3.12/site-packages/airflow/example_dags/example_short_circuit_operator.py
[2024-07-07T07:53:21.201+0000] {logging_mixin.py:188} INFO - [2024-07-07T07:53:21.201+0000] {dag.py:3096} INFO - Sync 1 DAGs
[2024-07-07T07:53:21.228+0000] {logging_mixin.py:188} INFO - [2024-07-07T07:53:21.228+0000] {dag.py:3954} INFO - Setting next_dagrun for example_short_circuit_operator to 2024-07-06 00:00:00+00:00, run_after=2024-07-07 00:00:00+00:00
[2024-07-07T07:53:21.254+0000] {processor.py:183} INFO - Processing /home/airflow/.local/lib/python3.12/site-packages/airflow/example_dags/example_short_circuit_operator.py took 0.114 seconds
[2024-07-07T07:53:51.709+0000] {processor.py:161} INFO - Started process (PID=4461) to work on /home/airflow/.local/lib/python3.12/site-packages/airflow/example_dags/example_short_circuit_operator.py
[2024-07-07T07:53:51.711+0000] {processor.py:830} INFO - Processing file /home/airflow/.local/lib/python3.12/site-packages/airflow/example_dags/example_short_circuit_operator.py for tasks to queue
[2024-07-07T07:53:51.713+0000] {logging_mixin.py:188} INFO - [2024-07-07T07:53:51.712+0000] {dagbag.py:545} INFO - Filling up the DagBag from /home/airflow/.local/lib/python3.12/site-packages/airflow/example_dags/example_short_circuit_operator.py
[2024-07-07T07:53:51.721+0000] {processor.py:840} INFO - DAG(s) 'example_short_circuit_operator' retrieved from /home/airflow/.local/lib/python3.12/site-packages/airflow/example_dags/example_short_circuit_operator.py
[2024-07-07T07:53:51.757+0000] {logging_mixin.py:188} INFO - [2024-07-07T07:53:51.757+0000] {dag.py:3096} INFO - Sync 1 DAGs
[2024-07-07T07:53:51.786+0000] {logging_mixin.py:188} INFO - [2024-07-07T07:53:51.785+0000] {dag.py:3954} INFO - Setting next_dagrun for example_short_circuit_operator to 2024-07-06 00:00:00+00:00, run_after=2024-07-07 00:00:00+00:00
[2024-07-07T07:53:51.811+0000] {processor.py:183} INFO - Processing /home/airflow/.local/lib/python3.12/site-packages/airflow/example_dags/example_short_circuit_operator.py took 0.121 seconds
[2024-07-07T07:54:22.610+0000] {processor.py:161} INFO - Started process (PID=4521) to work on /home/airflow/.local/lib/python3.12/site-packages/airflow/example_dags/example_short_circuit_operator.py
[2024-07-07T07:54:22.612+0000] {processor.py:830} INFO - Processing file /home/airflow/.local/lib/python3.12/site-packages/airflow/example_dags/example_short_circuit_operator.py for tasks to queue
[2024-07-07T07:54:22.613+0000] {logging_mixin.py:188} INFO - [2024-07-07T07:54:22.613+0000] {dagbag.py:545} INFO - Filling up the DagBag from /home/airflow/.local/lib/python3.12/site-packages/airflow/example_dags/example_short_circuit_operator.py
[2024-07-07T07:54:22.622+0000] {processor.py:840} INFO - DAG(s) 'example_short_circuit_operator' retrieved from /home/airflow/.local/lib/python3.12/site-packages/airflow/example_dags/example_short_circuit_operator.py
[2024-07-07T07:54:22.657+0000] {logging_mixin.py:188} INFO - [2024-07-07T07:54:22.657+0000] {dag.py:3096} INFO - Sync 1 DAGs
[2024-07-07T07:54:22.686+0000] {logging_mixin.py:188} INFO - [2024-07-07T07:54:22.685+0000] {dag.py:3954} INFO - Setting next_dagrun for example_short_circuit_operator to 2024-07-06 00:00:00+00:00, run_after=2024-07-07 00:00:00+00:00
[2024-07-07T07:54:22.734+0000] {processor.py:183} INFO - Processing /home/airflow/.local/lib/python3.12/site-packages/airflow/example_dags/example_short_circuit_operator.py took 0.132 seconds
[2024-07-07T07:54:53.227+0000] {processor.py:161} INFO - Started process (PID=4579) to work on /home/airflow/.local/lib/python3.12/site-packages/airflow/example_dags/example_short_circuit_operator.py
[2024-07-07T07:54:53.229+0000] {processor.py:830} INFO - Processing file /home/airflow/.local/lib/python3.12/site-packages/airflow/example_dags/example_short_circuit_operator.py for tasks to queue
[2024-07-07T07:54:53.230+0000] {logging_mixin.py:188} INFO - [2024-07-07T07:54:53.230+0000] {dagbag.py:545} INFO - Filling up the DagBag from /home/airflow/.local/lib/python3.12/site-packages/airflow/example_dags/example_short_circuit_operator.py
[2024-07-07T07:54:53.239+0000] {processor.py:840} INFO - DAG(s) 'example_short_circuit_operator' retrieved from /home/airflow/.local/lib/python3.12/site-packages/airflow/example_dags/example_short_circuit_operator.py
[2024-07-07T07:54:53.277+0000] {logging_mixin.py:188} INFO - [2024-07-07T07:54:53.277+0000] {dag.py:3096} INFO - Sync 1 DAGs
[2024-07-07T07:54:53.306+0000] {logging_mixin.py:188} INFO - [2024-07-07T07:54:53.306+0000] {dag.py:3954} INFO - Setting next_dagrun for example_short_circuit_operator to 2024-07-06 00:00:00+00:00, run_after=2024-07-07 00:00:00+00:00
[2024-07-07T07:54:53.335+0000] {processor.py:183} INFO - Processing /home/airflow/.local/lib/python3.12/site-packages/airflow/example_dags/example_short_circuit_operator.py took 0.116 seconds
[2024-07-07T07:55:23.654+0000] {processor.py:161} INFO - Started process (PID=4639) to work on /home/airflow/.local/lib/python3.12/site-packages/airflow/example_dags/example_short_circuit_operator.py
[2024-07-07T07:55:23.656+0000] {processor.py:830} INFO - Processing file /home/airflow/.local/lib/python3.12/site-packages/airflow/example_dags/example_short_circuit_operator.py for tasks to queue
[2024-07-07T07:55:23.658+0000] {logging_mixin.py:188} INFO - [2024-07-07T07:55:23.657+0000] {dagbag.py:545} INFO - Filling up the DagBag from /home/airflow/.local/lib/python3.12/site-packages/airflow/example_dags/example_short_circuit_operator.py
[2024-07-07T07:55:23.667+0000] {processor.py:840} INFO - DAG(s) 'example_short_circuit_operator' retrieved from /home/airflow/.local/lib/python3.12/site-packages/airflow/example_dags/example_short_circuit_operator.py
[2024-07-07T07:55:23.702+0000] {logging_mixin.py:188} INFO - [2024-07-07T07:55:23.701+0000] {dag.py:3096} INFO - Sync 1 DAGs
[2024-07-07T07:55:23.728+0000] {logging_mixin.py:188} INFO - [2024-07-07T07:55:23.727+0000] {dag.py:3954} INFO - Setting next_dagrun for example_short_circuit_operator to 2024-07-06 00:00:00+00:00, run_after=2024-07-07 00:00:00+00:00
[2024-07-07T07:55:23.768+0000] {processor.py:183} INFO - Processing /home/airflow/.local/lib/python3.12/site-packages/airflow/example_dags/example_short_circuit_operator.py took 0.123 seconds
[2024-07-07T07:55:54.432+0000] {processor.py:161} INFO - Started process (PID=4699) to work on /home/airflow/.local/lib/python3.12/site-packages/airflow/example_dags/example_short_circuit_operator.py
[2024-07-07T07:55:54.435+0000] {processor.py:830} INFO - Processing file /home/airflow/.local/lib/python3.12/site-packages/airflow/example_dags/example_short_circuit_operator.py for tasks to queue
[2024-07-07T07:55:54.437+0000] {logging_mixin.py:188} INFO - [2024-07-07T07:55:54.436+0000] {dagbag.py:545} INFO - Filling up the DagBag from /home/airflow/.local/lib/python3.12/site-packages/airflow/example_dags/example_short_circuit_operator.py
[2024-07-07T07:55:54.449+0000] {processor.py:840} INFO - DAG(s) 'example_short_circuit_operator' retrieved from /home/airflow/.local/lib/python3.12/site-packages/airflow/example_dags/example_short_circuit_operator.py
[2024-07-07T07:55:54.491+0000] {logging_mixin.py:188} INFO - [2024-07-07T07:55:54.491+0000] {dag.py:3096} INFO - Sync 1 DAGs
[2024-07-07T07:55:54.519+0000] {logging_mixin.py:188} INFO - [2024-07-07T07:55:54.518+0000] {dag.py:3954} INFO - Setting next_dagrun for example_short_circuit_operator to 2024-07-06 00:00:00+00:00, run_after=2024-07-07 00:00:00+00:00
[2024-07-07T07:55:54.558+0000] {processor.py:183} INFO - Processing /home/airflow/.local/lib/python3.12/site-packages/airflow/example_dags/example_short_circuit_operator.py took 0.144 seconds
[2024-07-07T07:56:24.818+0000] {processor.py:161} INFO - Started process (PID=4759) to work on /home/airflow/.local/lib/python3.12/site-packages/airflow/example_dags/example_short_circuit_operator.py
[2024-07-07T07:56:24.820+0000] {processor.py:830} INFO - Processing file /home/airflow/.local/lib/python3.12/site-packages/airflow/example_dags/example_short_circuit_operator.py for tasks to queue
[2024-07-07T07:56:24.822+0000] {logging_mixin.py:188} INFO - [2024-07-07T07:56:24.822+0000] {dagbag.py:545} INFO - Filling up the DagBag from /home/airflow/.local/lib/python3.12/site-packages/airflow/example_dags/example_short_circuit_operator.py
[2024-07-07T07:56:24.833+0000] {processor.py:840} INFO - DAG(s) 'example_short_circuit_operator' retrieved from /home/airflow/.local/lib/python3.12/site-packages/airflow/example_dags/example_short_circuit_operator.py
[2024-07-07T07:56:24.874+0000] {logging_mixin.py:188} INFO - [2024-07-07T07:56:24.874+0000] {dag.py:3096} INFO - Sync 1 DAGs
[2024-07-07T07:56:24.912+0000] {logging_mixin.py:188} INFO - [2024-07-07T07:56:24.911+0000] {dag.py:3954} INFO - Setting next_dagrun for example_short_circuit_operator to 2024-07-06 00:00:00+00:00, run_after=2024-07-07 00:00:00+00:00
[2024-07-07T07:56:24.942+0000] {processor.py:183} INFO - Processing /home/airflow/.local/lib/python3.12/site-packages/airflow/example_dags/example_short_circuit_operator.py took 0.136 seconds
[2024-07-07T07:56:55.263+0000] {processor.py:161} INFO - Started process (PID=4819) to work on /home/airflow/.local/lib/python3.12/site-packages/airflow/example_dags/example_short_circuit_operator.py
[2024-07-07T07:56:55.265+0000] {processor.py:830} INFO - Processing file /home/airflow/.local/lib/python3.12/site-packages/airflow/example_dags/example_short_circuit_operator.py for tasks to queue
[2024-07-07T07:56:55.266+0000] {logging_mixin.py:188} INFO - [2024-07-07T07:56:55.266+0000] {dagbag.py:545} INFO - Filling up the DagBag from /home/airflow/.local/lib/python3.12/site-packages/airflow/example_dags/example_short_circuit_operator.py
[2024-07-07T07:56:55.275+0000] {processor.py:840} INFO - DAG(s) 'example_short_circuit_operator' retrieved from /home/airflow/.local/lib/python3.12/site-packages/airflow/example_dags/example_short_circuit_operator.py
[2024-07-07T07:56:55.309+0000] {logging_mixin.py:188} INFO - [2024-07-07T07:56:55.308+0000] {dag.py:3096} INFO - Sync 1 DAGs
[2024-07-07T07:56:55.336+0000] {logging_mixin.py:188} INFO - [2024-07-07T07:56:55.336+0000] {dag.py:3954} INFO - Setting next_dagrun for example_short_circuit_operator to 2024-07-06 00:00:00+00:00, run_after=2024-07-07 00:00:00+00:00
[2024-07-07T07:56:55.363+0000] {processor.py:183} INFO - Processing /home/airflow/.local/lib/python3.12/site-packages/airflow/example_dags/example_short_circuit_operator.py took 0.108 seconds
[2024-07-07T07:57:26.143+0000] {processor.py:161} INFO - Started process (PID=4879) to work on /home/airflow/.local/lib/python3.12/site-packages/airflow/example_dags/example_short_circuit_operator.py
[2024-07-07T07:57:26.146+0000] {processor.py:830} INFO - Processing file /home/airflow/.local/lib/python3.12/site-packages/airflow/example_dags/example_short_circuit_operator.py for tasks to queue
[2024-07-07T07:57:26.148+0000] {logging_mixin.py:188} INFO - [2024-07-07T07:57:26.147+0000] {dagbag.py:545} INFO - Filling up the DagBag from /home/airflow/.local/lib/python3.12/site-packages/airflow/example_dags/example_short_circuit_operator.py
[2024-07-07T07:57:26.159+0000] {processor.py:840} INFO - DAG(s) 'example_short_circuit_operator' retrieved from /home/airflow/.local/lib/python3.12/site-packages/airflow/example_dags/example_short_circuit_operator.py
[2024-07-07T07:57:26.197+0000] {logging_mixin.py:188} INFO - [2024-07-07T07:57:26.197+0000] {dag.py:3096} INFO - Sync 1 DAGs
[2024-07-07T07:57:26.225+0000] {logging_mixin.py:188} INFO - [2024-07-07T07:57:26.225+0000] {dag.py:3954} INFO - Setting next_dagrun for example_short_circuit_operator to 2024-07-06 00:00:00+00:00, run_after=2024-07-07 00:00:00+00:00
[2024-07-07T07:57:26.252+0000] {processor.py:183} INFO - Processing /home/airflow/.local/lib/python3.12/site-packages/airflow/example_dags/example_short_circuit_operator.py took 0.121 seconds
[2024-07-07T07:57:56.342+0000] {processor.py:161} INFO - Started process (PID=4939) to work on /home/airflow/.local/lib/python3.12/site-packages/airflow/example_dags/example_short_circuit_operator.py
[2024-07-07T07:57:56.343+0000] {processor.py:830} INFO - Processing file /home/airflow/.local/lib/python3.12/site-packages/airflow/example_dags/example_short_circuit_operator.py for tasks to queue
[2024-07-07T07:57:56.345+0000] {logging_mixin.py:188} INFO - [2024-07-07T07:57:56.344+0000] {dagbag.py:545} INFO - Filling up the DagBag from /home/airflow/.local/lib/python3.12/site-packages/airflow/example_dags/example_short_circuit_operator.py
[2024-07-07T07:57:56.360+0000] {processor.py:840} INFO - DAG(s) 'example_short_circuit_operator' retrieved from /home/airflow/.local/lib/python3.12/site-packages/airflow/example_dags/example_short_circuit_operator.py
[2024-07-07T07:57:56.395+0000] {logging_mixin.py:188} INFO - [2024-07-07T07:57:56.395+0000] {dag.py:3096} INFO - Sync 1 DAGs
[2024-07-07T07:57:56.427+0000] {logging_mixin.py:188} INFO - [2024-07-07T07:57:56.427+0000] {dag.py:3954} INFO - Setting next_dagrun for example_short_circuit_operator to 2024-07-06 00:00:00+00:00, run_after=2024-07-07 00:00:00+00:00
[2024-07-07T07:57:56.454+0000] {processor.py:183} INFO - Processing /home/airflow/.local/lib/python3.12/site-packages/airflow/example_dags/example_short_circuit_operator.py took 0.122 seconds
[2024-07-07T07:58:26.578+0000] {processor.py:161} INFO - Started process (PID=4999) to work on /home/airflow/.local/lib/python3.12/site-packages/airflow/example_dags/example_short_circuit_operator.py
[2024-07-07T07:58:26.579+0000] {processor.py:830} INFO - Processing file /home/airflow/.local/lib/python3.12/site-packages/airflow/example_dags/example_short_circuit_operator.py for tasks to queue
[2024-07-07T07:58:26.582+0000] {logging_mixin.py:188} INFO - [2024-07-07T07:58:26.581+0000] {dagbag.py:545} INFO - Filling up the DagBag from /home/airflow/.local/lib/python3.12/site-packages/airflow/example_dags/example_short_circuit_operator.py
[2024-07-07T07:58:26.597+0000] {processor.py:840} INFO - DAG(s) 'example_short_circuit_operator' retrieved from /home/airflow/.local/lib/python3.12/site-packages/airflow/example_dags/example_short_circuit_operator.py
[2024-07-07T07:58:26.642+0000] {logging_mixin.py:188} INFO - [2024-07-07T07:58:26.642+0000] {dag.py:3096} INFO - Sync 1 DAGs
[2024-07-07T07:58:26.669+0000] {logging_mixin.py:188} INFO - [2024-07-07T07:58:26.668+0000] {dag.py:3954} INFO - Setting next_dagrun for example_short_circuit_operator to 2024-07-06 00:00:00+00:00, run_after=2024-07-07 00:00:00+00:00
[2024-07-07T07:58:26.691+0000] {processor.py:183} INFO - Processing /home/airflow/.local/lib/python3.12/site-packages/airflow/example_dags/example_short_circuit_operator.py took 0.125 seconds
[2024-07-07T07:58:57.361+0000] {processor.py:161} INFO - Started process (PID=5059) to work on /home/airflow/.local/lib/python3.12/site-packages/airflow/example_dags/example_short_circuit_operator.py
[2024-07-07T07:58:57.363+0000] {processor.py:830} INFO - Processing file /home/airflow/.local/lib/python3.12/site-packages/airflow/example_dags/example_short_circuit_operator.py for tasks to queue
[2024-07-07T07:58:57.366+0000] {logging_mixin.py:188} INFO - [2024-07-07T07:58:57.365+0000] {dagbag.py:545} INFO - Filling up the DagBag from /home/airflow/.local/lib/python3.12/site-packages/airflow/example_dags/example_short_circuit_operator.py
[2024-07-07T07:58:57.380+0000] {processor.py:840} INFO - DAG(s) 'example_short_circuit_operator' retrieved from /home/airflow/.local/lib/python3.12/site-packages/airflow/example_dags/example_short_circuit_operator.py
[2024-07-07T07:58:57.415+0000] {logging_mixin.py:188} INFO - [2024-07-07T07:58:57.415+0000] {dag.py:3096} INFO - Sync 1 DAGs
[2024-07-07T07:58:57.441+0000] {logging_mixin.py:188} INFO - [2024-07-07T07:58:57.441+0000] {dag.py:3954} INFO - Setting next_dagrun for example_short_circuit_operator to 2024-07-06 00:00:00+00:00, run_after=2024-07-07 00:00:00+00:00
[2024-07-07T07:58:57.470+0000] {processor.py:183} INFO - Processing /home/airflow/.local/lib/python3.12/site-packages/airflow/example_dags/example_short_circuit_operator.py took 0.122 seconds
[2024-07-07T07:59:28.163+0000] {processor.py:161} INFO - Started process (PID=5119) to work on /home/airflow/.local/lib/python3.12/site-packages/airflow/example_dags/example_short_circuit_operator.py
[2024-07-07T07:59:28.165+0000] {processor.py:830} INFO - Processing file /home/airflow/.local/lib/python3.12/site-packages/airflow/example_dags/example_short_circuit_operator.py for tasks to queue
[2024-07-07T07:59:28.167+0000] {logging_mixin.py:188} INFO - [2024-07-07T07:59:28.166+0000] {dagbag.py:545} INFO - Filling up the DagBag from /home/airflow/.local/lib/python3.12/site-packages/airflow/example_dags/example_short_circuit_operator.py
[2024-07-07T07:59:28.176+0000] {processor.py:840} INFO - DAG(s) 'example_short_circuit_operator' retrieved from /home/airflow/.local/lib/python3.12/site-packages/airflow/example_dags/example_short_circuit_operator.py
[2024-07-07T07:59:28.216+0000] {logging_mixin.py:188} INFO - [2024-07-07T07:59:28.215+0000] {dag.py:3096} INFO - Sync 1 DAGs
[2024-07-07T07:59:28.248+0000] {logging_mixin.py:188} INFO - [2024-07-07T07:59:28.247+0000] {dag.py:3954} INFO - Setting next_dagrun for example_short_circuit_operator to 2024-07-06 00:00:00+00:00, run_after=2024-07-07 00:00:00+00:00
[2024-07-07T07:59:28.275+0000] {processor.py:183} INFO - Processing /home/airflow/.local/lib/python3.12/site-packages/airflow/example_dags/example_short_circuit_operator.py took 0.121 seconds
[2024-07-07T07:59:59.021+0000] {processor.py:161} INFO - Started process (PID=5179) to work on /home/airflow/.local/lib/python3.12/site-packages/airflow/example_dags/example_short_circuit_operator.py
[2024-07-07T07:59:59.023+0000] {processor.py:830} INFO - Processing file /home/airflow/.local/lib/python3.12/site-packages/airflow/example_dags/example_short_circuit_operator.py for tasks to queue
[2024-07-07T07:59:59.025+0000] {logging_mixin.py:188} INFO - [2024-07-07T07:59:59.024+0000] {dagbag.py:545} INFO - Filling up the DagBag from /home/airflow/.local/lib/python3.12/site-packages/airflow/example_dags/example_short_circuit_operator.py
[2024-07-07T07:59:59.035+0000] {processor.py:840} INFO - DAG(s) 'example_short_circuit_operator' retrieved from /home/airflow/.local/lib/python3.12/site-packages/airflow/example_dags/example_short_circuit_operator.py
[2024-07-07T07:59:59.075+0000] {logging_mixin.py:188} INFO - [2024-07-07T07:59:59.075+0000] {dag.py:3096} INFO - Sync 1 DAGs
[2024-07-07T07:59:59.110+0000] {logging_mixin.py:188} INFO - [2024-07-07T07:59:59.109+0000] {dag.py:3954} INFO - Setting next_dagrun for example_short_circuit_operator to 2024-07-06 00:00:00+00:00, run_after=2024-07-07 00:00:00+00:00
[2024-07-07T07:59:59.139+0000] {processor.py:183} INFO - Processing /home/airflow/.local/lib/python3.12/site-packages/airflow/example_dags/example_short_circuit_operator.py took 0.126 seconds
[2024-07-07T08:00:29.644+0000] {processor.py:161} INFO - Started process (PID=5239) to work on /home/airflow/.local/lib/python3.12/site-packages/airflow/example_dags/example_short_circuit_operator.py
[2024-07-07T08:00:29.646+0000] {processor.py:830} INFO - Processing file /home/airflow/.local/lib/python3.12/site-packages/airflow/example_dags/example_short_circuit_operator.py for tasks to queue
[2024-07-07T08:00:29.648+0000] {logging_mixin.py:188} INFO - [2024-07-07T08:00:29.647+0000] {dagbag.py:545} INFO - Filling up the DagBag from /home/airflow/.local/lib/python3.12/site-packages/airflow/example_dags/example_short_circuit_operator.py
[2024-07-07T08:00:29.657+0000] {processor.py:840} INFO - DAG(s) 'example_short_circuit_operator' retrieved from /home/airflow/.local/lib/python3.12/site-packages/airflow/example_dags/example_short_circuit_operator.py
[2024-07-07T08:00:29.691+0000] {logging_mixin.py:188} INFO - [2024-07-07T08:00:29.691+0000] {dag.py:3096} INFO - Sync 1 DAGs
[2024-07-07T08:00:29.722+0000] {logging_mixin.py:188} INFO - [2024-07-07T08:00:29.722+0000] {dag.py:3954} INFO - Setting next_dagrun for example_short_circuit_operator to 2024-07-06 00:00:00+00:00, run_after=2024-07-07 00:00:00+00:00
[2024-07-07T08:00:29.754+0000] {processor.py:183} INFO - Processing /home/airflow/.local/lib/python3.12/site-packages/airflow/example_dags/example_short_circuit_operator.py took 0.119 seconds
[2024-07-07T08:05:26.516+0000] {processor.py:161} INFO - Started process (PID=5304) to work on /home/airflow/.local/lib/python3.12/site-packages/airflow/example_dags/example_short_circuit_operator.py
[2024-07-07T08:05:26.528+0000] {processor.py:830} INFO - Processing file /home/airflow/.local/lib/python3.12/site-packages/airflow/example_dags/example_short_circuit_operator.py for tasks to queue
[2024-07-07T08:05:26.531+0000] {logging_mixin.py:188} INFO - [2024-07-07T08:05:26.530+0000] {dagbag.py:545} INFO - Filling up the DagBag from /home/airflow/.local/lib/python3.12/site-packages/airflow/example_dags/example_short_circuit_operator.py
[2024-07-07T08:05:26.577+0000] {processor.py:840} INFO - DAG(s) 'example_short_circuit_operator' retrieved from /home/airflow/.local/lib/python3.12/site-packages/airflow/example_dags/example_short_circuit_operator.py
[2024-07-07T08:05:26.704+0000] {logging_mixin.py:188} INFO - [2024-07-07T08:05:26.703+0000] {dag.py:3096} INFO - Sync 1 DAGs
[2024-07-07T08:05:26.836+0000] {logging_mixin.py:188} INFO - [2024-07-07T08:05:26.835+0000] {dag.py:3954} INFO - Setting next_dagrun for example_short_circuit_operator to 2024-07-06 00:00:00+00:00, run_after=2024-07-07 00:00:00+00:00
[2024-07-07T08:05:26.940+0000] {processor.py:183} INFO - Processing /home/airflow/.local/lib/python3.12/site-packages/airflow/example_dags/example_short_circuit_operator.py took 0.452 seconds
[2024-07-07T08:05:57.873+0000] {processor.py:161} INFO - Started process (PID=5365) to work on /home/airflow/.local/lib/python3.12/site-packages/airflow/example_dags/example_short_circuit_operator.py
[2024-07-07T08:05:57.875+0000] {processor.py:830} INFO - Processing file /home/airflow/.local/lib/python3.12/site-packages/airflow/example_dags/example_short_circuit_operator.py for tasks to queue
[2024-07-07T08:05:57.878+0000] {logging_mixin.py:188} INFO - [2024-07-07T08:05:57.877+0000] {dagbag.py:545} INFO - Filling up the DagBag from /home/airflow/.local/lib/python3.12/site-packages/airflow/example_dags/example_short_circuit_operator.py
[2024-07-07T08:05:57.899+0000] {processor.py:840} INFO - DAG(s) 'example_short_circuit_operator' retrieved from /home/airflow/.local/lib/python3.12/site-packages/airflow/example_dags/example_short_circuit_operator.py
[2024-07-07T08:05:57.998+0000] {logging_mixin.py:188} INFO - [2024-07-07T08:05:57.997+0000] {dag.py:3096} INFO - Sync 1 DAGs
[2024-07-07T08:05:58.085+0000] {logging_mixin.py:188} INFO - [2024-07-07T08:05:58.085+0000] {dag.py:3954} INFO - Setting next_dagrun for example_short_circuit_operator to 2024-07-06 00:00:00+00:00, run_after=2024-07-07 00:00:00+00:00
[2024-07-07T08:05:58.137+0000] {processor.py:183} INFO - Processing /home/airflow/.local/lib/python3.12/site-packages/airflow/example_dags/example_short_circuit_operator.py took 0.282 seconds
