[2024-07-07T00:00:20.575+0000] {processor.py:161} INFO - Started process (PID=2317) to work on /home/airflow/.local/lib/python3.12/site-packages/airflow/example_dags/example_latest_only_with_trigger.py
[2024-07-07T00:00:20.577+0000] {processor.py:830} INFO - Processing file /home/airflow/.local/lib/python3.12/site-packages/airflow/example_dags/example_latest_only_with_trigger.py for tasks to queue
[2024-07-07T00:00:20.582+0000] {logging_mixin.py:188} INFO - [2024-07-07T00:00:20.582+0000] {dagbag.py:545} INFO - Filling up the DagBag from /home/airflow/.local/lib/python3.12/site-packages/airflow/example_dags/example_latest_only_with_trigger.py
[2024-07-07T00:00:20.597+0000] {processor.py:840} INFO - DAG(s) 'latest_only_with_trigger' retrieved from /home/airflow/.local/lib/python3.12/site-packages/airflow/example_dags/example_latest_only_with_trigger.py
[2024-07-07T00:00:20.648+0000] {logging_mixin.py:188} INFO - [2024-07-07T00:00:20.648+0000] {dag.py:3096} INFO - Sync 1 DAGs
[2024-07-07T00:00:20.714+0000] {logging_mixin.py:188} INFO - [2024-07-07T00:00:20.713+0000] {dag.py:3954} INFO - Setting next_dagrun for latest_only_with_trigger to 2024-07-06 20:00:00+00:00, run_after=2024-07-07 00:00:00+00:00
[2024-07-07T00:00:20.777+0000] {processor.py:183} INFO - Processing /home/airflow/.local/lib/python3.12/site-packages/airflow/example_dags/example_latest_only_with_trigger.py took 0.218 seconds
[2024-07-07T00:00:51.004+0000] {processor.py:161} INFO - Started process (PID=2376) to work on /home/airflow/.local/lib/python3.12/site-packages/airflow/example_dags/example_latest_only_with_trigger.py
[2024-07-07T00:00:51.011+0000] {processor.py:830} INFO - Processing file /home/airflow/.local/lib/python3.12/site-packages/airflow/example_dags/example_latest_only_with_trigger.py for tasks to queue
[2024-07-07T00:00:51.027+0000] {logging_mixin.py:188} INFO - [2024-07-07T00:00:51.024+0000] {dagbag.py:545} INFO - Filling up the DagBag from /home/airflow/.local/lib/python3.12/site-packages/airflow/example_dags/example_latest_only_with_trigger.py
[2024-07-07T00:00:51.067+0000] {processor.py:840} INFO - DAG(s) 'latest_only_with_trigger' retrieved from /home/airflow/.local/lib/python3.12/site-packages/airflow/example_dags/example_latest_only_with_trigger.py
[2024-07-07T00:00:51.214+0000] {logging_mixin.py:188} INFO - [2024-07-07T00:00:51.214+0000] {dag.py:3096} INFO - Sync 1 DAGs
[2024-07-07T00:00:51.268+0000] {logging_mixin.py:188} INFO - [2024-07-07T00:00:51.268+0000] {dag.py:3954} INFO - Setting next_dagrun for latest_only_with_trigger to 2024-07-06 20:00:00+00:00, run_after=2024-07-07 00:00:00+00:00
[2024-07-07T00:00:51.304+0000] {processor.py:183} INFO - Processing /home/airflow/.local/lib/python3.12/site-packages/airflow/example_dags/example_latest_only_with_trigger.py took 0.348 seconds
[2024-07-07T00:01:21.746+0000] {processor.py:161} INFO - Started process (PID=2436) to work on /home/airflow/.local/lib/python3.12/site-packages/airflow/example_dags/example_latest_only_with_trigger.py
[2024-07-07T00:01:21.751+0000] {processor.py:830} INFO - Processing file /home/airflow/.local/lib/python3.12/site-packages/airflow/example_dags/example_latest_only_with_trigger.py for tasks to queue
[2024-07-07T00:01:21.763+0000] {logging_mixin.py:188} INFO - [2024-07-07T00:01:21.761+0000] {dagbag.py:545} INFO - Filling up the DagBag from /home/airflow/.local/lib/python3.12/site-packages/airflow/example_dags/example_latest_only_with_trigger.py
[2024-07-07T00:01:21.799+0000] {processor.py:840} INFO - DAG(s) 'latest_only_with_trigger' retrieved from /home/airflow/.local/lib/python3.12/site-packages/airflow/example_dags/example_latest_only_with_trigger.py
[2024-07-07T00:01:21.883+0000] {logging_mixin.py:188} INFO - [2024-07-07T00:01:21.881+0000] {dag.py:3096} INFO - Sync 1 DAGs
[2024-07-07T00:01:21.946+0000] {logging_mixin.py:188} INFO - [2024-07-07T00:01:21.946+0000] {dag.py:3954} INFO - Setting next_dagrun for latest_only_with_trigger to 2024-07-06 20:00:00+00:00, run_after=2024-07-07 00:00:00+00:00
[2024-07-07T00:01:21.999+0000] {processor.py:183} INFO - Processing /home/airflow/.local/lib/python3.12/site-packages/airflow/example_dags/example_latest_only_with_trigger.py took 0.295 seconds
[2024-07-07T00:01:52.912+0000] {processor.py:161} INFO - Started process (PID=2496) to work on /home/airflow/.local/lib/python3.12/site-packages/airflow/example_dags/example_latest_only_with_trigger.py
[2024-07-07T00:01:52.919+0000] {processor.py:830} INFO - Processing file /home/airflow/.local/lib/python3.12/site-packages/airflow/example_dags/example_latest_only_with_trigger.py for tasks to queue
[2024-07-07T00:01:52.930+0000] {logging_mixin.py:188} INFO - [2024-07-07T00:01:52.928+0000] {dagbag.py:545} INFO - Filling up the DagBag from /home/airflow/.local/lib/python3.12/site-packages/airflow/example_dags/example_latest_only_with_trigger.py
[2024-07-07T00:01:52.967+0000] {processor.py:840} INFO - DAG(s) 'latest_only_with_trigger' retrieved from /home/airflow/.local/lib/python3.12/site-packages/airflow/example_dags/example_latest_only_with_trigger.py
[2024-07-07T00:01:53.051+0000] {logging_mixin.py:188} INFO - [2024-07-07T00:01:53.050+0000] {dag.py:3096} INFO - Sync 1 DAGs
[2024-07-07T00:01:53.129+0000] {logging_mixin.py:188} INFO - [2024-07-07T00:01:53.128+0000] {dag.py:3954} INFO - Setting next_dagrun for latest_only_with_trigger to 2024-07-06 20:00:00+00:00, run_after=2024-07-07 00:00:00+00:00
[2024-07-07T00:01:53.185+0000] {processor.py:183} INFO - Processing /home/airflow/.local/lib/python3.12/site-packages/airflow/example_dags/example_latest_only_with_trigger.py took 0.324 seconds
[2024-07-07T00:02:23.632+0000] {processor.py:161} INFO - Started process (PID=2556) to work on /home/airflow/.local/lib/python3.12/site-packages/airflow/example_dags/example_latest_only_with_trigger.py
[2024-07-07T00:02:23.637+0000] {processor.py:830} INFO - Processing file /home/airflow/.local/lib/python3.12/site-packages/airflow/example_dags/example_latest_only_with_trigger.py for tasks to queue
[2024-07-07T00:02:23.644+0000] {logging_mixin.py:188} INFO - [2024-07-07T00:02:23.642+0000] {dagbag.py:545} INFO - Filling up the DagBag from /home/airflow/.local/lib/python3.12/site-packages/airflow/example_dags/example_latest_only_with_trigger.py
[2024-07-07T00:02:23.665+0000] {processor.py:840} INFO - DAG(s) 'latest_only_with_trigger' retrieved from /home/airflow/.local/lib/python3.12/site-packages/airflow/example_dags/example_latest_only_with_trigger.py
[2024-07-07T00:02:23.781+0000] {logging_mixin.py:188} INFO - [2024-07-07T00:02:23.778+0000] {dag.py:3096} INFO - Sync 1 DAGs
[2024-07-07T00:02:23.890+0000] {logging_mixin.py:188} INFO - [2024-07-07T00:02:23.889+0000] {dag.py:3954} INFO - Setting next_dagrun for latest_only_with_trigger to 2024-07-06 20:00:00+00:00, run_after=2024-07-07 00:00:00+00:00
[2024-07-07T00:02:23.941+0000] {processor.py:183} INFO - Processing /home/airflow/.local/lib/python3.12/site-packages/airflow/example_dags/example_latest_only_with_trigger.py took 0.329 seconds
[2024-07-07T00:02:54.631+0000] {processor.py:161} INFO - Started process (PID=2616) to work on /home/airflow/.local/lib/python3.12/site-packages/airflow/example_dags/example_latest_only_with_trigger.py
[2024-07-07T00:02:54.635+0000] {processor.py:830} INFO - Processing file /home/airflow/.local/lib/python3.12/site-packages/airflow/example_dags/example_latest_only_with_trigger.py for tasks to queue
[2024-07-07T00:02:54.641+0000] {logging_mixin.py:188} INFO - [2024-07-07T00:02:54.640+0000] {dagbag.py:545} INFO - Filling up the DagBag from /home/airflow/.local/lib/python3.12/site-packages/airflow/example_dags/example_latest_only_with_trigger.py
[2024-07-07T00:02:54.660+0000] {processor.py:840} INFO - DAG(s) 'latest_only_with_trigger' retrieved from /home/airflow/.local/lib/python3.12/site-packages/airflow/example_dags/example_latest_only_with_trigger.py
[2024-07-07T00:02:54.717+0000] {logging_mixin.py:188} INFO - [2024-07-07T00:02:54.716+0000] {dag.py:3096} INFO - Sync 1 DAGs
[2024-07-07T00:02:54.784+0000] {logging_mixin.py:188} INFO - [2024-07-07T00:02:54.783+0000] {dag.py:3954} INFO - Setting next_dagrun for latest_only_with_trigger to 2024-07-06 20:00:00+00:00, run_after=2024-07-07 00:00:00+00:00
[2024-07-07T00:02:54.867+0000] {processor.py:183} INFO - Processing /home/airflow/.local/lib/python3.12/site-packages/airflow/example_dags/example_latest_only_with_trigger.py took 0.265 seconds
[2024-07-07T00:03:25.125+0000] {processor.py:161} INFO - Started process (PID=2677) to work on /home/airflow/.local/lib/python3.12/site-packages/airflow/example_dags/example_latest_only_with_trigger.py
[2024-07-07T00:03:25.135+0000] {processor.py:830} INFO - Processing file /home/airflow/.local/lib/python3.12/site-packages/airflow/example_dags/example_latest_only_with_trigger.py for tasks to queue
[2024-07-07T00:03:25.143+0000] {logging_mixin.py:188} INFO - [2024-07-07T00:03:25.142+0000] {dagbag.py:545} INFO - Filling up the DagBag from /home/airflow/.local/lib/python3.12/site-packages/airflow/example_dags/example_latest_only_with_trigger.py
[2024-07-07T00:03:25.166+0000] {processor.py:840} INFO - DAG(s) 'latest_only_with_trigger' retrieved from /home/airflow/.local/lib/python3.12/site-packages/airflow/example_dags/example_latest_only_with_trigger.py
[2024-07-07T00:03:25.252+0000] {logging_mixin.py:188} INFO - [2024-07-07T00:03:25.251+0000] {dag.py:3096} INFO - Sync 1 DAGs
[2024-07-07T00:03:25.304+0000] {logging_mixin.py:188} INFO - [2024-07-07T00:03:25.304+0000] {dag.py:3954} INFO - Setting next_dagrun for latest_only_with_trigger to 2024-07-06 20:00:00+00:00, run_after=2024-07-07 00:00:00+00:00
[2024-07-07T00:03:25.349+0000] {processor.py:183} INFO - Processing /home/airflow/.local/lib/python3.12/site-packages/airflow/example_dags/example_latest_only_with_trigger.py took 0.252 seconds
[2024-07-07T00:03:55.812+0000] {processor.py:161} INFO - Started process (PID=2737) to work on /home/airflow/.local/lib/python3.12/site-packages/airflow/example_dags/example_latest_only_with_trigger.py
[2024-07-07T00:03:55.817+0000] {processor.py:830} INFO - Processing file /home/airflow/.local/lib/python3.12/site-packages/airflow/example_dags/example_latest_only_with_trigger.py for tasks to queue
[2024-07-07T00:03:55.832+0000] {logging_mixin.py:188} INFO - [2024-07-07T00:03:55.831+0000] {dagbag.py:545} INFO - Filling up the DagBag from /home/airflow/.local/lib/python3.12/site-packages/airflow/example_dags/example_latest_only_with_trigger.py
[2024-07-07T00:03:55.889+0000] {processor.py:840} INFO - DAG(s) 'latest_only_with_trigger' retrieved from /home/airflow/.local/lib/python3.12/site-packages/airflow/example_dags/example_latest_only_with_trigger.py
[2024-07-07T00:03:56.019+0000] {logging_mixin.py:188} INFO - [2024-07-07T00:03:56.018+0000] {dag.py:3096} INFO - Sync 1 DAGs
[2024-07-07T00:03:56.129+0000] {logging_mixin.py:188} INFO - [2024-07-07T00:03:56.129+0000] {dag.py:3954} INFO - Setting next_dagrun for latest_only_with_trigger to 2024-07-06 20:00:00+00:00, run_after=2024-07-07 00:00:00+00:00
[2024-07-07T00:03:56.184+0000] {processor.py:183} INFO - Processing /home/airflow/.local/lib/python3.12/site-packages/airflow/example_dags/example_latest_only_with_trigger.py took 0.426 seconds
[2024-07-07T07:39:25.105+0000] {processor.py:161} INFO - Started process (PID=2769) to work on /home/airflow/.local/lib/python3.12/site-packages/airflow/example_dags/example_latest_only_with_trigger.py
[2024-07-07T07:39:25.108+0000] {processor.py:830} INFO - Processing file /home/airflow/.local/lib/python3.12/site-packages/airflow/example_dags/example_latest_only_with_trigger.py for tasks to queue
[2024-07-07T07:39:25.112+0000] {logging_mixin.py:188} INFO - [2024-07-07T07:39:25.112+0000] {dagbag.py:545} INFO - Filling up the DagBag from /home/airflow/.local/lib/python3.12/site-packages/airflow/example_dags/example_latest_only_with_trigger.py
[2024-07-07T07:39:25.170+0000] {processor.py:840} INFO - DAG(s) 'latest_only_with_trigger' retrieved from /home/airflow/.local/lib/python3.12/site-packages/airflow/example_dags/example_latest_only_with_trigger.py
[2024-07-07T07:39:25.399+0000] {logging_mixin.py:188} INFO - [2024-07-07T07:39:25.398+0000] {dag.py:3096} INFO - Sync 1 DAGs
[2024-07-07T07:39:25.574+0000] {logging_mixin.py:188} INFO - [2024-07-07T07:39:25.573+0000] {dag.py:3954} INFO - Setting next_dagrun for latest_only_with_trigger to 2024-07-07 00:00:00+00:00, run_after=2024-07-07 04:00:00+00:00
[2024-07-07T07:39:25.744+0000] {processor.py:183} INFO - Processing /home/airflow/.local/lib/python3.12/site-packages/airflow/example_dags/example_latest_only_with_trigger.py took 0.704 seconds
[2024-07-07T07:39:56.626+0000] {processor.py:161} INFO - Started process (PID=2834) to work on /home/airflow/.local/lib/python3.12/site-packages/airflow/example_dags/example_latest_only_with_trigger.py
[2024-07-07T07:39:56.628+0000] {processor.py:830} INFO - Processing file /home/airflow/.local/lib/python3.12/site-packages/airflow/example_dags/example_latest_only_with_trigger.py for tasks to queue
[2024-07-07T07:39:56.630+0000] {logging_mixin.py:188} INFO - [2024-07-07T07:39:56.629+0000] {dagbag.py:545} INFO - Filling up the DagBag from /home/airflow/.local/lib/python3.12/site-packages/airflow/example_dags/example_latest_only_with_trigger.py
[2024-07-07T07:39:56.638+0000] {processor.py:840} INFO - DAG(s) 'latest_only_with_trigger' retrieved from /home/airflow/.local/lib/python3.12/site-packages/airflow/example_dags/example_latest_only_with_trigger.py
[2024-07-07T07:39:56.672+0000] {logging_mixin.py:188} INFO - [2024-07-07T07:39:56.672+0000] {dag.py:3096} INFO - Sync 1 DAGs
[2024-07-07T07:39:56.702+0000] {logging_mixin.py:188} INFO - [2024-07-07T07:39:56.702+0000] {dag.py:3954} INFO - Setting next_dagrun for latest_only_with_trigger to 2024-07-07 00:00:00+00:00, run_after=2024-07-07 04:00:00+00:00
[2024-07-07T07:39:56.728+0000] {processor.py:183} INFO - Processing /home/airflow/.local/lib/python3.12/site-packages/airflow/example_dags/example_latest_only_with_trigger.py took 0.112 seconds
[2024-07-07T07:40:26.885+0000] {processor.py:161} INFO - Started process (PID=2894) to work on /home/airflow/.local/lib/python3.12/site-packages/airflow/example_dags/example_latest_only_with_trigger.py
[2024-07-07T07:40:26.887+0000] {processor.py:830} INFO - Processing file /home/airflow/.local/lib/python3.12/site-packages/airflow/example_dags/example_latest_only_with_trigger.py for tasks to queue
[2024-07-07T07:40:26.888+0000] {logging_mixin.py:188} INFO - [2024-07-07T07:40:26.888+0000] {dagbag.py:545} INFO - Filling up the DagBag from /home/airflow/.local/lib/python3.12/site-packages/airflow/example_dags/example_latest_only_with_trigger.py
[2024-07-07T07:40:26.896+0000] {processor.py:840} INFO - DAG(s) 'latest_only_with_trigger' retrieved from /home/airflow/.local/lib/python3.12/site-packages/airflow/example_dags/example_latest_only_with_trigger.py
[2024-07-07T07:40:26.923+0000] {logging_mixin.py:188} INFO - [2024-07-07T07:40:26.922+0000] {dag.py:3096} INFO - Sync 1 DAGs
[2024-07-07T07:40:26.949+0000] {logging_mixin.py:188} INFO - [2024-07-07T07:40:26.949+0000] {dag.py:3954} INFO - Setting next_dagrun for latest_only_with_trigger to 2024-07-07 00:00:00+00:00, run_after=2024-07-07 04:00:00+00:00
[2024-07-07T07:40:26.980+0000] {processor.py:183} INFO - Processing /home/airflow/.local/lib/python3.12/site-packages/airflow/example_dags/example_latest_only_with_trigger.py took 0.102 seconds
[2024-07-07T07:40:57.860+0000] {processor.py:161} INFO - Started process (PID=2954) to work on /home/airflow/.local/lib/python3.12/site-packages/airflow/example_dags/example_latest_only_with_trigger.py
[2024-07-07T07:40:57.884+0000] {processor.py:830} INFO - Processing file /home/airflow/.local/lib/python3.12/site-packages/airflow/example_dags/example_latest_only_with_trigger.py for tasks to queue
[2024-07-07T07:40:57.888+0000] {logging_mixin.py:188} INFO - [2024-07-07T07:40:57.887+0000] {dagbag.py:545} INFO - Filling up the DagBag from /home/airflow/.local/lib/python3.12/site-packages/airflow/example_dags/example_latest_only_with_trigger.py
[2024-07-07T07:40:57.917+0000] {processor.py:840} INFO - DAG(s) 'latest_only_with_trigger' retrieved from /home/airflow/.local/lib/python3.12/site-packages/airflow/example_dags/example_latest_only_with_trigger.py
[2024-07-07T07:40:57.980+0000] {logging_mixin.py:188} INFO - [2024-07-07T07:40:57.980+0000] {dag.py:3096} INFO - Sync 1 DAGs
[2024-07-07T07:40:58.044+0000] {logging_mixin.py:188} INFO - [2024-07-07T07:40:58.043+0000] {dag.py:3954} INFO - Setting next_dagrun for latest_only_with_trigger to 2024-07-07 00:00:00+00:00, run_after=2024-07-07 04:00:00+00:00
[2024-07-07T07:40:58.085+0000] {processor.py:183} INFO - Processing /home/airflow/.local/lib/python3.12/site-packages/airflow/example_dags/example_latest_only_with_trigger.py took 0.254 seconds
[2024-07-07T07:41:29.699+0000] {processor.py:161} INFO - Started process (PID=3014) to work on /home/airflow/.local/lib/python3.12/site-packages/airflow/example_dags/example_latest_only_with_trigger.py
[2024-07-07T07:41:29.703+0000] {processor.py:830} INFO - Processing file /home/airflow/.local/lib/python3.12/site-packages/airflow/example_dags/example_latest_only_with_trigger.py for tasks to queue
[2024-07-07T07:41:29.705+0000] {logging_mixin.py:188} INFO - [2024-07-07T07:41:29.704+0000] {dagbag.py:545} INFO - Filling up the DagBag from /home/airflow/.local/lib/python3.12/site-packages/airflow/example_dags/example_latest_only_with_trigger.py
[2024-07-07T07:41:29.723+0000] {processor.py:840} INFO - DAG(s) 'latest_only_with_trigger' retrieved from /home/airflow/.local/lib/python3.12/site-packages/airflow/example_dags/example_latest_only_with_trigger.py
[2024-07-07T07:41:29.784+0000] {logging_mixin.py:188} INFO - [2024-07-07T07:41:29.783+0000] {dag.py:3096} INFO - Sync 1 DAGs
[2024-07-07T07:41:29.836+0000] {logging_mixin.py:188} INFO - [2024-07-07T07:41:29.836+0000] {dag.py:3954} INFO - Setting next_dagrun for latest_only_with_trigger to 2024-07-07 00:00:00+00:00, run_after=2024-07-07 04:00:00+00:00
[2024-07-07T07:41:29.871+0000] {processor.py:183} INFO - Processing /home/airflow/.local/lib/python3.12/site-packages/airflow/example_dags/example_latest_only_with_trigger.py took 0.192 seconds
[2024-07-07T07:42:01.130+0000] {processor.py:161} INFO - Started process (PID=3074) to work on /home/airflow/.local/lib/python3.12/site-packages/airflow/example_dags/example_latest_only_with_trigger.py
[2024-07-07T07:42:01.132+0000] {processor.py:830} INFO - Processing file /home/airflow/.local/lib/python3.12/site-packages/airflow/example_dags/example_latest_only_with_trigger.py for tasks to queue
[2024-07-07T07:42:01.134+0000] {logging_mixin.py:188} INFO - [2024-07-07T07:42:01.133+0000] {dagbag.py:545} INFO - Filling up the DagBag from /home/airflow/.local/lib/python3.12/site-packages/airflow/example_dags/example_latest_only_with_trigger.py
[2024-07-07T07:42:01.149+0000] {processor.py:840} INFO - DAG(s) 'latest_only_with_trigger' retrieved from /home/airflow/.local/lib/python3.12/site-packages/airflow/example_dags/example_latest_only_with_trigger.py
[2024-07-07T07:42:01.191+0000] {logging_mixin.py:188} INFO - [2024-07-07T07:42:01.191+0000] {dag.py:3096} INFO - Sync 1 DAGs
[2024-07-07T07:42:01.230+0000] {logging_mixin.py:188} INFO - [2024-07-07T07:42:01.229+0000] {dag.py:3954} INFO - Setting next_dagrun for latest_only_with_trigger to 2024-07-07 00:00:00+00:00, run_after=2024-07-07 04:00:00+00:00
[2024-07-07T07:42:01.270+0000] {processor.py:183} INFO - Processing /home/airflow/.local/lib/python3.12/site-packages/airflow/example_dags/example_latest_only_with_trigger.py took 0.153 seconds
[2024-07-07T07:42:32.927+0000] {processor.py:161} INFO - Started process (PID=3134) to work on /home/airflow/.local/lib/python3.12/site-packages/airflow/example_dags/example_latest_only_with_trigger.py
[2024-07-07T07:42:32.929+0000] {processor.py:830} INFO - Processing file /home/airflow/.local/lib/python3.12/site-packages/airflow/example_dags/example_latest_only_with_trigger.py for tasks to queue
[2024-07-07T07:42:32.931+0000] {logging_mixin.py:188} INFO - [2024-07-07T07:42:32.930+0000] {dagbag.py:545} INFO - Filling up the DagBag from /home/airflow/.local/lib/python3.12/site-packages/airflow/example_dags/example_latest_only_with_trigger.py
[2024-07-07T07:42:32.943+0000] {processor.py:840} INFO - DAG(s) 'latest_only_with_trigger' retrieved from /home/airflow/.local/lib/python3.12/site-packages/airflow/example_dags/example_latest_only_with_trigger.py
[2024-07-07T07:42:32.995+0000] {logging_mixin.py:188} INFO - [2024-07-07T07:42:32.994+0000] {dag.py:3096} INFO - Sync 1 DAGs
[2024-07-07T07:42:33.051+0000] {logging_mixin.py:188} INFO - [2024-07-07T07:42:33.050+0000] {dag.py:3954} INFO - Setting next_dagrun for latest_only_with_trigger to 2024-07-07 00:00:00+00:00, run_after=2024-07-07 04:00:00+00:00
[2024-07-07T07:42:33.114+0000] {processor.py:183} INFO - Processing /home/airflow/.local/lib/python3.12/site-packages/airflow/example_dags/example_latest_only_with_trigger.py took 0.210 seconds
[2024-07-07T07:43:03.621+0000] {processor.py:161} INFO - Started process (PID=3192) to work on /home/airflow/.local/lib/python3.12/site-packages/airflow/example_dags/example_latest_only_with_trigger.py
[2024-07-07T07:43:03.623+0000] {processor.py:830} INFO - Processing file /home/airflow/.local/lib/python3.12/site-packages/airflow/example_dags/example_latest_only_with_trigger.py for tasks to queue
[2024-07-07T07:43:03.624+0000] {logging_mixin.py:188} INFO - [2024-07-07T07:43:03.624+0000] {dagbag.py:545} INFO - Filling up the DagBag from /home/airflow/.local/lib/python3.12/site-packages/airflow/example_dags/example_latest_only_with_trigger.py
[2024-07-07T07:43:03.638+0000] {processor.py:840} INFO - DAG(s) 'latest_only_with_trigger' retrieved from /home/airflow/.local/lib/python3.12/site-packages/airflow/example_dags/example_latest_only_with_trigger.py
[2024-07-07T07:43:03.685+0000] {logging_mixin.py:188} INFO - [2024-07-07T07:43:03.684+0000] {dag.py:3096} INFO - Sync 1 DAGs
[2024-07-07T07:43:03.733+0000] {logging_mixin.py:188} INFO - [2024-07-07T07:43:03.733+0000] {dag.py:3954} INFO - Setting next_dagrun for latest_only_with_trigger to 2024-07-07 00:00:00+00:00, run_after=2024-07-07 04:00:00+00:00
[2024-07-07T07:43:03.780+0000] {processor.py:183} INFO - Processing /home/airflow/.local/lib/python3.12/site-packages/airflow/example_dags/example_latest_only_with_trigger.py took 0.175 seconds
[2024-07-07T07:43:34.691+0000] {processor.py:161} INFO - Started process (PID=3252) to work on /home/airflow/.local/lib/python3.12/site-packages/airflow/example_dags/example_latest_only_with_trigger.py
[2024-07-07T07:43:34.698+0000] {processor.py:830} INFO - Processing file /home/airflow/.local/lib/python3.12/site-packages/airflow/example_dags/example_latest_only_with_trigger.py for tasks to queue
[2024-07-07T07:43:34.703+0000] {logging_mixin.py:188} INFO - [2024-07-07T07:43:34.701+0000] {dagbag.py:545} INFO - Filling up the DagBag from /home/airflow/.local/lib/python3.12/site-packages/airflow/example_dags/example_latest_only_with_trigger.py
[2024-07-07T07:43:34.734+0000] {processor.py:840} INFO - DAG(s) 'latest_only_with_trigger' retrieved from /home/airflow/.local/lib/python3.12/site-packages/airflow/example_dags/example_latest_only_with_trigger.py
[2024-07-07T07:43:34.868+0000] {logging_mixin.py:188} INFO - [2024-07-07T07:43:34.868+0000] {dag.py:3096} INFO - Sync 1 DAGs
[2024-07-07T07:43:34.917+0000] {logging_mixin.py:188} INFO - [2024-07-07T07:43:34.917+0000] {dag.py:3954} INFO - Setting next_dagrun for latest_only_with_trigger to 2024-07-07 00:00:00+00:00, run_after=2024-07-07 04:00:00+00:00
[2024-07-07T07:43:34.950+0000] {processor.py:183} INFO - Processing /home/airflow/.local/lib/python3.12/site-packages/airflow/example_dags/example_latest_only_with_trigger.py took 0.294 seconds
[2024-07-07T07:44:05.337+0000] {processor.py:161} INFO - Started process (PID=3312) to work on /home/airflow/.local/lib/python3.12/site-packages/airflow/example_dags/example_latest_only_with_trigger.py
[2024-07-07T07:44:05.340+0000] {processor.py:830} INFO - Processing file /home/airflow/.local/lib/python3.12/site-packages/airflow/example_dags/example_latest_only_with_trigger.py for tasks to queue
[2024-07-07T07:44:05.343+0000] {logging_mixin.py:188} INFO - [2024-07-07T07:44:05.342+0000] {dagbag.py:545} INFO - Filling up the DagBag from /home/airflow/.local/lib/python3.12/site-packages/airflow/example_dags/example_latest_only_with_trigger.py
[2024-07-07T07:44:05.358+0000] {processor.py:840} INFO - DAG(s) 'latest_only_with_trigger' retrieved from /home/airflow/.local/lib/python3.12/site-packages/airflow/example_dags/example_latest_only_with_trigger.py
[2024-07-07T07:44:05.422+0000] {logging_mixin.py:188} INFO - [2024-07-07T07:44:05.422+0000] {dag.py:3096} INFO - Sync 1 DAGs
[2024-07-07T07:44:05.503+0000] {logging_mixin.py:188} INFO - [2024-07-07T07:44:05.502+0000] {dag.py:3954} INFO - Setting next_dagrun for latest_only_with_trigger to 2024-07-07 00:00:00+00:00, run_after=2024-07-07 04:00:00+00:00
[2024-07-07T07:44:05.562+0000] {processor.py:183} INFO - Processing /home/airflow/.local/lib/python3.12/site-packages/airflow/example_dags/example_latest_only_with_trigger.py took 0.244 seconds
[2024-07-07T07:44:36.102+0000] {processor.py:161} INFO - Started process (PID=3372) to work on /home/airflow/.local/lib/python3.12/site-packages/airflow/example_dags/example_latest_only_with_trigger.py
[2024-07-07T07:44:36.108+0000] {processor.py:830} INFO - Processing file /home/airflow/.local/lib/python3.12/site-packages/airflow/example_dags/example_latest_only_with_trigger.py for tasks to queue
[2024-07-07T07:44:36.114+0000] {logging_mixin.py:188} INFO - [2024-07-07T07:44:36.112+0000] {dagbag.py:545} INFO - Filling up the DagBag from /home/airflow/.local/lib/python3.12/site-packages/airflow/example_dags/example_latest_only_with_trigger.py
[2024-07-07T07:44:36.178+0000] {processor.py:840} INFO - DAG(s) 'latest_only_with_trigger' retrieved from /home/airflow/.local/lib/python3.12/site-packages/airflow/example_dags/example_latest_only_with_trigger.py
[2024-07-07T07:44:36.279+0000] {logging_mixin.py:188} INFO - [2024-07-07T07:44:36.278+0000] {dag.py:3096} INFO - Sync 1 DAGs
[2024-07-07T07:44:36.321+0000] {logging_mixin.py:188} INFO - [2024-07-07T07:44:36.321+0000] {dag.py:3954} INFO - Setting next_dagrun for latest_only_with_trigger to 2024-07-07 00:00:00+00:00, run_after=2024-07-07 04:00:00+00:00
[2024-07-07T07:44:36.386+0000] {processor.py:183} INFO - Processing /home/airflow/.local/lib/python3.12/site-packages/airflow/example_dags/example_latest_only_with_trigger.py took 0.318 seconds
[2024-07-07T07:45:06.844+0000] {processor.py:161} INFO - Started process (PID=3432) to work on /home/airflow/.local/lib/python3.12/site-packages/airflow/example_dags/example_latest_only_with_trigger.py
[2024-07-07T07:45:06.846+0000] {processor.py:830} INFO - Processing file /home/airflow/.local/lib/python3.12/site-packages/airflow/example_dags/example_latest_only_with_trigger.py for tasks to queue
[2024-07-07T07:45:06.848+0000] {logging_mixin.py:188} INFO - [2024-07-07T07:45:06.847+0000] {dagbag.py:545} INFO - Filling up the DagBag from /home/airflow/.local/lib/python3.12/site-packages/airflow/example_dags/example_latest_only_with_trigger.py
[2024-07-07T07:45:06.862+0000] {processor.py:840} INFO - DAG(s) 'latest_only_with_trigger' retrieved from /home/airflow/.local/lib/python3.12/site-packages/airflow/example_dags/example_latest_only_with_trigger.py
[2024-07-07T07:45:06.918+0000] {logging_mixin.py:188} INFO - [2024-07-07T07:45:06.917+0000] {dag.py:3096} INFO - Sync 1 DAGs
[2024-07-07T07:45:06.997+0000] {logging_mixin.py:188} INFO - [2024-07-07T07:45:06.996+0000] {dag.py:3954} INFO - Setting next_dagrun for latest_only_with_trigger to 2024-07-07 00:00:00+00:00, run_after=2024-07-07 04:00:00+00:00
[2024-07-07T07:45:07.050+0000] {processor.py:183} INFO - Processing /home/airflow/.local/lib/python3.12/site-packages/airflow/example_dags/example_latest_only_with_trigger.py took 0.222 seconds
[2024-07-07T07:45:37.245+0000] {processor.py:161} INFO - Started process (PID=3490) to work on /home/airflow/.local/lib/python3.12/site-packages/airflow/example_dags/example_latest_only_with_trigger.py
[2024-07-07T07:45:37.248+0000] {processor.py:830} INFO - Processing file /home/airflow/.local/lib/python3.12/site-packages/airflow/example_dags/example_latest_only_with_trigger.py for tasks to queue
[2024-07-07T07:45:37.251+0000] {logging_mixin.py:188} INFO - [2024-07-07T07:45:37.250+0000] {dagbag.py:545} INFO - Filling up the DagBag from /home/airflow/.local/lib/python3.12/site-packages/airflow/example_dags/example_latest_only_with_trigger.py
[2024-07-07T07:45:37.268+0000] {processor.py:840} INFO - DAG(s) 'latest_only_with_trigger' retrieved from /home/airflow/.local/lib/python3.12/site-packages/airflow/example_dags/example_latest_only_with_trigger.py
[2024-07-07T07:45:37.324+0000] {logging_mixin.py:188} INFO - [2024-07-07T07:45:37.324+0000] {dag.py:3096} INFO - Sync 1 DAGs
[2024-07-07T07:45:37.376+0000] {logging_mixin.py:188} INFO - [2024-07-07T07:45:37.375+0000] {dag.py:3954} INFO - Setting next_dagrun for latest_only_with_trigger to 2024-07-07 00:00:00+00:00, run_after=2024-07-07 04:00:00+00:00
[2024-07-07T07:45:37.457+0000] {processor.py:183} INFO - Processing /home/airflow/.local/lib/python3.12/site-packages/airflow/example_dags/example_latest_only_with_trigger.py took 0.231 seconds
[2024-07-07T07:46:07.888+0000] {processor.py:161} INFO - Started process (PID=3550) to work on /home/airflow/.local/lib/python3.12/site-packages/airflow/example_dags/example_latest_only_with_trigger.py
[2024-07-07T07:46:07.892+0000] {processor.py:830} INFO - Processing file /home/airflow/.local/lib/python3.12/site-packages/airflow/example_dags/example_latest_only_with_trigger.py for tasks to queue
[2024-07-07T07:46:07.897+0000] {logging_mixin.py:188} INFO - [2024-07-07T07:46:07.895+0000] {dagbag.py:545} INFO - Filling up the DagBag from /home/airflow/.local/lib/python3.12/site-packages/airflow/example_dags/example_latest_only_with_trigger.py
[2024-07-07T07:46:07.921+0000] {processor.py:840} INFO - DAG(s) 'latest_only_with_trigger' retrieved from /home/airflow/.local/lib/python3.12/site-packages/airflow/example_dags/example_latest_only_with_trigger.py
[2024-07-07T07:46:08.020+0000] {logging_mixin.py:188} INFO - [2024-07-07T07:46:08.019+0000] {dag.py:3096} INFO - Sync 1 DAGs
[2024-07-07T07:46:08.114+0000] {logging_mixin.py:188} INFO - [2024-07-07T07:46:08.114+0000] {dag.py:3954} INFO - Setting next_dagrun for latest_only_with_trigger to 2024-07-07 00:00:00+00:00, run_after=2024-07-07 04:00:00+00:00
[2024-07-07T07:46:08.168+0000] {processor.py:183} INFO - Processing /home/airflow/.local/lib/python3.12/site-packages/airflow/example_dags/example_latest_only_with_trigger.py took 0.307 seconds
[2024-07-07T07:46:38.362+0000] {processor.py:161} INFO - Started process (PID=3611) to work on /home/airflow/.local/lib/python3.12/site-packages/airflow/example_dags/example_latest_only_with_trigger.py
[2024-07-07T07:46:38.364+0000] {processor.py:830} INFO - Processing file /home/airflow/.local/lib/python3.12/site-packages/airflow/example_dags/example_latest_only_with_trigger.py for tasks to queue
[2024-07-07T07:46:38.366+0000] {logging_mixin.py:188} INFO - [2024-07-07T07:46:38.366+0000] {dagbag.py:545} INFO - Filling up the DagBag from /home/airflow/.local/lib/python3.12/site-packages/airflow/example_dags/example_latest_only_with_trigger.py
[2024-07-07T07:46:38.384+0000] {processor.py:840} INFO - DAG(s) 'latest_only_with_trigger' retrieved from /home/airflow/.local/lib/python3.12/site-packages/airflow/example_dags/example_latest_only_with_trigger.py
[2024-07-07T07:46:38.430+0000] {logging_mixin.py:188} INFO - [2024-07-07T07:46:38.429+0000] {dag.py:3096} INFO - Sync 1 DAGs
[2024-07-07T07:46:38.467+0000] {logging_mixin.py:188} INFO - [2024-07-07T07:46:38.467+0000] {dag.py:3954} INFO - Setting next_dagrun for latest_only_with_trigger to 2024-07-07 00:00:00+00:00, run_after=2024-07-07 04:00:00+00:00
[2024-07-07T07:46:38.509+0000] {processor.py:183} INFO - Processing /home/airflow/.local/lib/python3.12/site-packages/airflow/example_dags/example_latest_only_with_trigger.py took 0.160 seconds
[2024-07-07T07:47:08.841+0000] {processor.py:161} INFO - Started process (PID=3672) to work on /home/airflow/.local/lib/python3.12/site-packages/airflow/example_dags/example_latest_only_with_trigger.py
[2024-07-07T07:47:08.842+0000] {processor.py:830} INFO - Processing file /home/airflow/.local/lib/python3.12/site-packages/airflow/example_dags/example_latest_only_with_trigger.py for tasks to queue
[2024-07-07T07:47:08.845+0000] {logging_mixin.py:188} INFO - [2024-07-07T07:47:08.844+0000] {dagbag.py:545} INFO - Filling up the DagBag from /home/airflow/.local/lib/python3.12/site-packages/airflow/example_dags/example_latest_only_with_trigger.py
[2024-07-07T07:47:08.856+0000] {processor.py:840} INFO - DAG(s) 'latest_only_with_trigger' retrieved from /home/airflow/.local/lib/python3.12/site-packages/airflow/example_dags/example_latest_only_with_trigger.py
[2024-07-07T07:47:08.892+0000] {logging_mixin.py:188} INFO - [2024-07-07T07:47:08.892+0000] {dag.py:3096} INFO - Sync 1 DAGs
[2024-07-07T07:47:08.927+0000] {logging_mixin.py:188} INFO - [2024-07-07T07:47:08.926+0000] {dag.py:3954} INFO - Setting next_dagrun for latest_only_with_trigger to 2024-07-07 00:00:00+00:00, run_after=2024-07-07 04:00:00+00:00
[2024-07-07T07:47:08.970+0000] {processor.py:183} INFO - Processing /home/airflow/.local/lib/python3.12/site-packages/airflow/example_dags/example_latest_only_with_trigger.py took 0.140 seconds
[2024-07-07T07:47:39.528+0000] {processor.py:161} INFO - Started process (PID=3732) to work on /home/airflow/.local/lib/python3.12/site-packages/airflow/example_dags/example_latest_only_with_trigger.py
[2024-07-07T07:47:39.534+0000] {processor.py:830} INFO - Processing file /home/airflow/.local/lib/python3.12/site-packages/airflow/example_dags/example_latest_only_with_trigger.py for tasks to queue
[2024-07-07T07:47:39.539+0000] {logging_mixin.py:188} INFO - [2024-07-07T07:47:39.538+0000] {dagbag.py:545} INFO - Filling up the DagBag from /home/airflow/.local/lib/python3.12/site-packages/airflow/example_dags/example_latest_only_with_trigger.py
[2024-07-07T07:47:39.574+0000] {processor.py:840} INFO - DAG(s) 'latest_only_with_trigger' retrieved from /home/airflow/.local/lib/python3.12/site-packages/airflow/example_dags/example_latest_only_with_trigger.py
[2024-07-07T07:47:39.685+0000] {logging_mixin.py:188} INFO - [2024-07-07T07:47:39.684+0000] {dag.py:3096} INFO - Sync 1 DAGs
[2024-07-07T07:47:39.822+0000] {logging_mixin.py:188} INFO - [2024-07-07T07:47:39.821+0000] {dag.py:3954} INFO - Setting next_dagrun for latest_only_with_trigger to 2024-07-07 00:00:00+00:00, run_after=2024-07-07 04:00:00+00:00
[2024-07-07T07:47:39.918+0000] {processor.py:183} INFO - Processing /home/airflow/.local/lib/python3.12/site-packages/airflow/example_dags/example_latest_only_with_trigger.py took 0.435 seconds
[2024-07-07T07:48:10.241+0000] {processor.py:161} INFO - Started process (PID=3792) to work on /home/airflow/.local/lib/python3.12/site-packages/airflow/example_dags/example_latest_only_with_trigger.py
[2024-07-07T07:48:10.247+0000] {processor.py:830} INFO - Processing file /home/airflow/.local/lib/python3.12/site-packages/airflow/example_dags/example_latest_only_with_trigger.py for tasks to queue
[2024-07-07T07:48:10.253+0000] {logging_mixin.py:188} INFO - [2024-07-07T07:48:10.251+0000] {dagbag.py:545} INFO - Filling up the DagBag from /home/airflow/.local/lib/python3.12/site-packages/airflow/example_dags/example_latest_only_with_trigger.py
[2024-07-07T07:48:10.285+0000] {processor.py:840} INFO - DAG(s) 'latest_only_with_trigger' retrieved from /home/airflow/.local/lib/python3.12/site-packages/airflow/example_dags/example_latest_only_with_trigger.py
[2024-07-07T07:48:10.401+0000] {logging_mixin.py:188} INFO - [2024-07-07T07:48:10.399+0000] {dag.py:3096} INFO - Sync 1 DAGs
[2024-07-07T07:48:10.522+0000] {logging_mixin.py:188} INFO - [2024-07-07T07:48:10.521+0000] {dag.py:3954} INFO - Setting next_dagrun for latest_only_with_trigger to 2024-07-07 00:00:00+00:00, run_after=2024-07-07 04:00:00+00:00
[2024-07-07T07:48:10.615+0000] {processor.py:183} INFO - Processing /home/airflow/.local/lib/python3.12/site-packages/airflow/example_dags/example_latest_only_with_trigger.py took 0.416 seconds
[2024-07-07T07:48:40.873+0000] {processor.py:161} INFO - Started process (PID=3852) to work on /home/airflow/.local/lib/python3.12/site-packages/airflow/example_dags/example_latest_only_with_trigger.py
[2024-07-07T07:48:40.878+0000] {processor.py:830} INFO - Processing file /home/airflow/.local/lib/python3.12/site-packages/airflow/example_dags/example_latest_only_with_trigger.py for tasks to queue
[2024-07-07T07:48:40.883+0000] {logging_mixin.py:188} INFO - [2024-07-07T07:48:40.882+0000] {dagbag.py:545} INFO - Filling up the DagBag from /home/airflow/.local/lib/python3.12/site-packages/airflow/example_dags/example_latest_only_with_trigger.py
[2024-07-07T07:48:40.913+0000] {processor.py:840} INFO - DAG(s) 'latest_only_with_trigger' retrieved from /home/airflow/.local/lib/python3.12/site-packages/airflow/example_dags/example_latest_only_with_trigger.py
[2024-07-07T07:48:41.016+0000] {logging_mixin.py:188} INFO - [2024-07-07T07:48:41.014+0000] {dag.py:3096} INFO - Sync 1 DAGs
[2024-07-07T07:48:41.113+0000] {logging_mixin.py:188} INFO - [2024-07-07T07:48:41.113+0000] {dag.py:3954} INFO - Setting next_dagrun for latest_only_with_trigger to 2024-07-07 00:00:00+00:00, run_after=2024-07-07 04:00:00+00:00
[2024-07-07T07:48:41.193+0000] {processor.py:183} INFO - Processing /home/airflow/.local/lib/python3.12/site-packages/airflow/example_dags/example_latest_only_with_trigger.py took 0.356 seconds
[2024-07-07T07:49:11.424+0000] {processor.py:161} INFO - Started process (PID=3912) to work on /home/airflow/.local/lib/python3.12/site-packages/airflow/example_dags/example_latest_only_with_trigger.py
[2024-07-07T07:49:11.429+0000] {processor.py:830} INFO - Processing file /home/airflow/.local/lib/python3.12/site-packages/airflow/example_dags/example_latest_only_with_trigger.py for tasks to queue
[2024-07-07T07:49:11.434+0000] {logging_mixin.py:188} INFO - [2024-07-07T07:49:11.432+0000] {dagbag.py:545} INFO - Filling up the DagBag from /home/airflow/.local/lib/python3.12/site-packages/airflow/example_dags/example_latest_only_with_trigger.py
[2024-07-07T07:49:11.461+0000] {processor.py:840} INFO - DAG(s) 'latest_only_with_trigger' retrieved from /home/airflow/.local/lib/python3.12/site-packages/airflow/example_dags/example_latest_only_with_trigger.py
[2024-07-07T07:49:11.562+0000] {logging_mixin.py:188} INFO - [2024-07-07T07:49:11.561+0000] {dag.py:3096} INFO - Sync 1 DAGs
[2024-07-07T07:49:11.688+0000] {logging_mixin.py:188} INFO - [2024-07-07T07:49:11.687+0000] {dag.py:3954} INFO - Setting next_dagrun for latest_only_with_trigger to 2024-07-07 00:00:00+00:00, run_after=2024-07-07 04:00:00+00:00
[2024-07-07T07:49:11.734+0000] {processor.py:183} INFO - Processing /home/airflow/.local/lib/python3.12/site-packages/airflow/example_dags/example_latest_only_with_trigger.py took 0.339 seconds
[2024-07-07T07:49:42.039+0000] {processor.py:161} INFO - Started process (PID=3972) to work on /home/airflow/.local/lib/python3.12/site-packages/airflow/example_dags/example_latest_only_with_trigger.py
[2024-07-07T07:49:42.041+0000] {processor.py:830} INFO - Processing file /home/airflow/.local/lib/python3.12/site-packages/airflow/example_dags/example_latest_only_with_trigger.py for tasks to queue
[2024-07-07T07:49:42.043+0000] {logging_mixin.py:188} INFO - [2024-07-07T07:49:42.042+0000] {dagbag.py:545} INFO - Filling up the DagBag from /home/airflow/.local/lib/python3.12/site-packages/airflow/example_dags/example_latest_only_with_trigger.py
[2024-07-07T07:49:42.057+0000] {processor.py:840} INFO - DAG(s) 'latest_only_with_trigger' retrieved from /home/airflow/.local/lib/python3.12/site-packages/airflow/example_dags/example_latest_only_with_trigger.py
[2024-07-07T07:49:42.102+0000] {logging_mixin.py:188} INFO - [2024-07-07T07:49:42.101+0000] {dag.py:3096} INFO - Sync 1 DAGs
[2024-07-07T07:49:42.147+0000] {logging_mixin.py:188} INFO - [2024-07-07T07:49:42.147+0000] {dag.py:3954} INFO - Setting next_dagrun for latest_only_with_trigger to 2024-07-07 00:00:00+00:00, run_after=2024-07-07 04:00:00+00:00
[2024-07-07T07:49:42.182+0000] {processor.py:183} INFO - Processing /home/airflow/.local/lib/python3.12/site-packages/airflow/example_dags/example_latest_only_with_trigger.py took 0.156 seconds
[2024-07-07T07:50:12.926+0000] {processor.py:161} INFO - Started process (PID=4032) to work on /home/airflow/.local/lib/python3.12/site-packages/airflow/example_dags/example_latest_only_with_trigger.py
[2024-07-07T07:50:12.928+0000] {processor.py:830} INFO - Processing file /home/airflow/.local/lib/python3.12/site-packages/airflow/example_dags/example_latest_only_with_trigger.py for tasks to queue
[2024-07-07T07:50:12.930+0000] {logging_mixin.py:188} INFO - [2024-07-07T07:50:12.929+0000] {dagbag.py:545} INFO - Filling up the DagBag from /home/airflow/.local/lib/python3.12/site-packages/airflow/example_dags/example_latest_only_with_trigger.py
[2024-07-07T07:50:12.943+0000] {processor.py:840} INFO - DAG(s) 'latest_only_with_trigger' retrieved from /home/airflow/.local/lib/python3.12/site-packages/airflow/example_dags/example_latest_only_with_trigger.py
[2024-07-07T07:50:12.996+0000] {logging_mixin.py:188} INFO - [2024-07-07T07:50:12.996+0000] {dag.py:3096} INFO - Sync 1 DAGs
[2024-07-07T07:50:13.045+0000] {logging_mixin.py:188} INFO - [2024-07-07T07:50:13.045+0000] {dag.py:3954} INFO - Setting next_dagrun for latest_only_with_trigger to 2024-07-07 00:00:00+00:00, run_after=2024-07-07 04:00:00+00:00
[2024-07-07T07:50:13.077+0000] {processor.py:183} INFO - Processing /home/airflow/.local/lib/python3.12/site-packages/airflow/example_dags/example_latest_only_with_trigger.py took 0.163 seconds
[2024-07-07T07:50:43.503+0000] {processor.py:161} INFO - Started process (PID=4090) to work on /home/airflow/.local/lib/python3.12/site-packages/airflow/example_dags/example_latest_only_with_trigger.py
[2024-07-07T07:50:43.505+0000] {processor.py:830} INFO - Processing file /home/airflow/.local/lib/python3.12/site-packages/airflow/example_dags/example_latest_only_with_trigger.py for tasks to queue
[2024-07-07T07:50:43.506+0000] {logging_mixin.py:188} INFO - [2024-07-07T07:50:43.505+0000] {dagbag.py:545} INFO - Filling up the DagBag from /home/airflow/.local/lib/python3.12/site-packages/airflow/example_dags/example_latest_only_with_trigger.py
[2024-07-07T07:50:43.514+0000] {processor.py:840} INFO - DAG(s) 'latest_only_with_trigger' retrieved from /home/airflow/.local/lib/python3.12/site-packages/airflow/example_dags/example_latest_only_with_trigger.py
[2024-07-07T07:50:43.544+0000] {logging_mixin.py:188} INFO - [2024-07-07T07:50:43.544+0000] {dag.py:3096} INFO - Sync 1 DAGs
[2024-07-07T07:50:43.577+0000] {logging_mixin.py:188} INFO - [2024-07-07T07:50:43.577+0000] {dag.py:3954} INFO - Setting next_dagrun for latest_only_with_trigger to 2024-07-07 00:00:00+00:00, run_after=2024-07-07 04:00:00+00:00
[2024-07-07T07:50:43.614+0000] {processor.py:183} INFO - Processing /home/airflow/.local/lib/python3.12/site-packages/airflow/example_dags/example_latest_only_with_trigger.py took 0.119 seconds
[2024-07-07T07:51:13.915+0000] {processor.py:161} INFO - Started process (PID=4150) to work on /home/airflow/.local/lib/python3.12/site-packages/airflow/example_dags/example_latest_only_with_trigger.py
[2024-07-07T07:51:13.918+0000] {processor.py:830} INFO - Processing file /home/airflow/.local/lib/python3.12/site-packages/airflow/example_dags/example_latest_only_with_trigger.py for tasks to queue
[2024-07-07T07:51:13.922+0000] {logging_mixin.py:188} INFO - [2024-07-07T07:51:13.921+0000] {dagbag.py:545} INFO - Filling up the DagBag from /home/airflow/.local/lib/python3.12/site-packages/airflow/example_dags/example_latest_only_with_trigger.py
[2024-07-07T07:51:13.933+0000] {processor.py:840} INFO - DAG(s) 'latest_only_with_trigger' retrieved from /home/airflow/.local/lib/python3.12/site-packages/airflow/example_dags/example_latest_only_with_trigger.py
[2024-07-07T07:51:13.968+0000] {logging_mixin.py:188} INFO - [2024-07-07T07:51:13.967+0000] {dag.py:3096} INFO - Sync 1 DAGs
[2024-07-07T07:51:13.999+0000] {logging_mixin.py:188} INFO - [2024-07-07T07:51:13.999+0000] {dag.py:3954} INFO - Setting next_dagrun for latest_only_with_trigger to 2024-07-07 00:00:00+00:00, run_after=2024-07-07 04:00:00+00:00
[2024-07-07T07:51:14.036+0000] {processor.py:183} INFO - Processing /home/airflow/.local/lib/python3.12/site-packages/airflow/example_dags/example_latest_only_with_trigger.py took 0.136 seconds
[2024-07-07T07:51:44.449+0000] {processor.py:161} INFO - Started process (PID=4210) to work on /home/airflow/.local/lib/python3.12/site-packages/airflow/example_dags/example_latest_only_with_trigger.py
[2024-07-07T07:51:44.451+0000] {processor.py:830} INFO - Processing file /home/airflow/.local/lib/python3.12/site-packages/airflow/example_dags/example_latest_only_with_trigger.py for tasks to queue
[2024-07-07T07:51:44.452+0000] {logging_mixin.py:188} INFO - [2024-07-07T07:51:44.452+0000] {dagbag.py:545} INFO - Filling up the DagBag from /home/airflow/.local/lib/python3.12/site-packages/airflow/example_dags/example_latest_only_with_trigger.py
[2024-07-07T07:51:44.461+0000] {processor.py:840} INFO - DAG(s) 'latest_only_with_trigger' retrieved from /home/airflow/.local/lib/python3.12/site-packages/airflow/example_dags/example_latest_only_with_trigger.py
[2024-07-07T07:51:44.491+0000] {logging_mixin.py:188} INFO - [2024-07-07T07:51:44.491+0000] {dag.py:3096} INFO - Sync 1 DAGs
[2024-07-07T07:51:44.518+0000] {logging_mixin.py:188} INFO - [2024-07-07T07:51:44.518+0000] {dag.py:3954} INFO - Setting next_dagrun for latest_only_with_trigger to 2024-07-07 00:00:00+00:00, run_after=2024-07-07 04:00:00+00:00
[2024-07-07T07:51:44.542+0000] {processor.py:183} INFO - Processing /home/airflow/.local/lib/python3.12/site-packages/airflow/example_dags/example_latest_only_with_trigger.py took 0.101 seconds
[2024-07-07T07:52:14.661+0000] {processor.py:161} INFO - Started process (PID=4268) to work on /home/airflow/.local/lib/python3.12/site-packages/airflow/example_dags/example_latest_only_with_trigger.py
[2024-07-07T07:52:14.662+0000] {processor.py:830} INFO - Processing file /home/airflow/.local/lib/python3.12/site-packages/airflow/example_dags/example_latest_only_with_trigger.py for tasks to queue
[2024-07-07T07:52:14.664+0000] {logging_mixin.py:188} INFO - [2024-07-07T07:52:14.664+0000] {dagbag.py:545} INFO - Filling up the DagBag from /home/airflow/.local/lib/python3.12/site-packages/airflow/example_dags/example_latest_only_with_trigger.py
[2024-07-07T07:52:14.672+0000] {processor.py:840} INFO - DAG(s) 'latest_only_with_trigger' retrieved from /home/airflow/.local/lib/python3.12/site-packages/airflow/example_dags/example_latest_only_with_trigger.py
[2024-07-07T07:52:14.702+0000] {logging_mixin.py:188} INFO - [2024-07-07T07:52:14.702+0000] {dag.py:3096} INFO - Sync 1 DAGs
[2024-07-07T07:52:14.731+0000] {logging_mixin.py:188} INFO - [2024-07-07T07:52:14.730+0000] {dag.py:3954} INFO - Setting next_dagrun for latest_only_with_trigger to 2024-07-07 00:00:00+00:00, run_after=2024-07-07 04:00:00+00:00
[2024-07-07T07:52:14.758+0000] {processor.py:183} INFO - Processing /home/airflow/.local/lib/python3.12/site-packages/airflow/example_dags/example_latest_only_with_trigger.py took 0.105 seconds
[2024-07-07T07:52:45.066+0000] {processor.py:161} INFO - Started process (PID=4328) to work on /home/airflow/.local/lib/python3.12/site-packages/airflow/example_dags/example_latest_only_with_trigger.py
[2024-07-07T07:52:45.069+0000] {processor.py:830} INFO - Processing file /home/airflow/.local/lib/python3.12/site-packages/airflow/example_dags/example_latest_only_with_trigger.py for tasks to queue
[2024-07-07T07:52:45.072+0000] {logging_mixin.py:188} INFO - [2024-07-07T07:52:45.070+0000] {dagbag.py:545} INFO - Filling up the DagBag from /home/airflow/.local/lib/python3.12/site-packages/airflow/example_dags/example_latest_only_with_trigger.py
[2024-07-07T07:52:45.081+0000] {processor.py:840} INFO - DAG(s) 'latest_only_with_trigger' retrieved from /home/airflow/.local/lib/python3.12/site-packages/airflow/example_dags/example_latest_only_with_trigger.py
[2024-07-07T07:52:45.110+0000] {logging_mixin.py:188} INFO - [2024-07-07T07:52:45.109+0000] {dag.py:3096} INFO - Sync 1 DAGs
[2024-07-07T07:52:45.139+0000] {logging_mixin.py:188} INFO - [2024-07-07T07:52:45.139+0000] {dag.py:3954} INFO - Setting next_dagrun for latest_only_with_trigger to 2024-07-07 00:00:00+00:00, run_after=2024-07-07 04:00:00+00:00
[2024-07-07T07:52:45.171+0000] {processor.py:183} INFO - Processing /home/airflow/.local/lib/python3.12/site-packages/airflow/example_dags/example_latest_only_with_trigger.py took 0.118 seconds
[2024-07-07T07:53:15.561+0000] {processor.py:161} INFO - Started process (PID=4388) to work on /home/airflow/.local/lib/python3.12/site-packages/airflow/example_dags/example_latest_only_with_trigger.py
[2024-07-07T07:53:15.562+0000] {processor.py:830} INFO - Processing file /home/airflow/.local/lib/python3.12/site-packages/airflow/example_dags/example_latest_only_with_trigger.py for tasks to queue
[2024-07-07T07:53:15.564+0000] {logging_mixin.py:188} INFO - [2024-07-07T07:53:15.564+0000] {dagbag.py:545} INFO - Filling up the DagBag from /home/airflow/.local/lib/python3.12/site-packages/airflow/example_dags/example_latest_only_with_trigger.py
[2024-07-07T07:53:15.576+0000] {processor.py:840} INFO - DAG(s) 'latest_only_with_trigger' retrieved from /home/airflow/.local/lib/python3.12/site-packages/airflow/example_dags/example_latest_only_with_trigger.py
[2024-07-07T07:53:15.624+0000] {logging_mixin.py:188} INFO - [2024-07-07T07:53:15.623+0000] {dag.py:3096} INFO - Sync 1 DAGs
[2024-07-07T07:53:15.653+0000] {logging_mixin.py:188} INFO - [2024-07-07T07:53:15.653+0000] {dag.py:3954} INFO - Setting next_dagrun for latest_only_with_trigger to 2024-07-07 00:00:00+00:00, run_after=2024-07-07 04:00:00+00:00
[2024-07-07T07:53:15.695+0000] {processor.py:183} INFO - Processing /home/airflow/.local/lib/python3.12/site-packages/airflow/example_dags/example_latest_only_with_trigger.py took 0.145 seconds
[2024-07-07T07:53:45.968+0000] {processor.py:161} INFO - Started process (PID=4448) to work on /home/airflow/.local/lib/python3.12/site-packages/airflow/example_dags/example_latest_only_with_trigger.py
[2024-07-07T07:53:45.970+0000] {processor.py:830} INFO - Processing file /home/airflow/.local/lib/python3.12/site-packages/airflow/example_dags/example_latest_only_with_trigger.py for tasks to queue
[2024-07-07T07:53:45.971+0000] {logging_mixin.py:188} INFO - [2024-07-07T07:53:45.971+0000] {dagbag.py:545} INFO - Filling up the DagBag from /home/airflow/.local/lib/python3.12/site-packages/airflow/example_dags/example_latest_only_with_trigger.py
[2024-07-07T07:53:45.980+0000] {processor.py:840} INFO - DAG(s) 'latest_only_with_trigger' retrieved from /home/airflow/.local/lib/python3.12/site-packages/airflow/example_dags/example_latest_only_with_trigger.py
[2024-07-07T07:53:46.036+0000] {logging_mixin.py:188} INFO - [2024-07-07T07:53:46.035+0000] {dag.py:3096} INFO - Sync 1 DAGs
[2024-07-07T07:53:46.068+0000] {logging_mixin.py:188} INFO - [2024-07-07T07:53:46.067+0000] {dag.py:3954} INFO - Setting next_dagrun for latest_only_with_trigger to 2024-07-07 00:00:00+00:00, run_after=2024-07-07 04:00:00+00:00
[2024-07-07T07:53:46.102+0000] {processor.py:183} INFO - Processing /home/airflow/.local/lib/python3.12/site-packages/airflow/example_dags/example_latest_only_with_trigger.py took 0.143 seconds
[2024-07-07T07:54:16.796+0000] {processor.py:161} INFO - Started process (PID=4508) to work on /home/airflow/.local/lib/python3.12/site-packages/airflow/example_dags/example_latest_only_with_trigger.py
[2024-07-07T07:54:16.798+0000] {processor.py:830} INFO - Processing file /home/airflow/.local/lib/python3.12/site-packages/airflow/example_dags/example_latest_only_with_trigger.py for tasks to queue
[2024-07-07T07:54:16.801+0000] {logging_mixin.py:188} INFO - [2024-07-07T07:54:16.800+0000] {dagbag.py:545} INFO - Filling up the DagBag from /home/airflow/.local/lib/python3.12/site-packages/airflow/example_dags/example_latest_only_with_trigger.py
[2024-07-07T07:54:16.814+0000] {processor.py:840} INFO - DAG(s) 'latest_only_with_trigger' retrieved from /home/airflow/.local/lib/python3.12/site-packages/airflow/example_dags/example_latest_only_with_trigger.py
[2024-07-07T07:54:16.854+0000] {logging_mixin.py:188} INFO - [2024-07-07T07:54:16.853+0000] {dag.py:3096} INFO - Sync 1 DAGs
[2024-07-07T07:54:16.895+0000] {logging_mixin.py:188} INFO - [2024-07-07T07:54:16.895+0000] {dag.py:3954} INFO - Setting next_dagrun for latest_only_with_trigger to 2024-07-07 00:00:00+00:00, run_after=2024-07-07 04:00:00+00:00
[2024-07-07T07:54:16.951+0000] {processor.py:183} INFO - Processing /home/airflow/.local/lib/python3.12/site-packages/airflow/example_dags/example_latest_only_with_trigger.py took 0.168 seconds
[2024-07-07T07:54:47.359+0000] {processor.py:161} INFO - Started process (PID=4568) to work on /home/airflow/.local/lib/python3.12/site-packages/airflow/example_dags/example_latest_only_with_trigger.py
[2024-07-07T07:54:47.360+0000] {processor.py:830} INFO - Processing file /home/airflow/.local/lib/python3.12/site-packages/airflow/example_dags/example_latest_only_with_trigger.py for tasks to queue
[2024-07-07T07:54:47.362+0000] {logging_mixin.py:188} INFO - [2024-07-07T07:54:47.362+0000] {dagbag.py:545} INFO - Filling up the DagBag from /home/airflow/.local/lib/python3.12/site-packages/airflow/example_dags/example_latest_only_with_trigger.py
[2024-07-07T07:54:47.375+0000] {processor.py:840} INFO - DAG(s) 'latest_only_with_trigger' retrieved from /home/airflow/.local/lib/python3.12/site-packages/airflow/example_dags/example_latest_only_with_trigger.py
[2024-07-07T07:54:47.408+0000] {logging_mixin.py:188} INFO - [2024-07-07T07:54:47.408+0000] {dag.py:3096} INFO - Sync 1 DAGs
[2024-07-07T07:54:47.441+0000] {logging_mixin.py:188} INFO - [2024-07-07T07:54:47.440+0000] {dag.py:3954} INFO - Setting next_dagrun for latest_only_with_trigger to 2024-07-07 00:00:00+00:00, run_after=2024-07-07 04:00:00+00:00
[2024-07-07T07:54:47.472+0000] {processor.py:183} INFO - Processing /home/airflow/.local/lib/python3.12/site-packages/airflow/example_dags/example_latest_only_with_trigger.py took 0.124 seconds
[2024-07-07T07:55:17.815+0000] {processor.py:161} INFO - Started process (PID=4628) to work on /home/airflow/.local/lib/python3.12/site-packages/airflow/example_dags/example_latest_only_with_trigger.py
[2024-07-07T07:55:17.817+0000] {processor.py:830} INFO - Processing file /home/airflow/.local/lib/python3.12/site-packages/airflow/example_dags/example_latest_only_with_trigger.py for tasks to queue
[2024-07-07T07:55:17.818+0000] {logging_mixin.py:188} INFO - [2024-07-07T07:55:17.818+0000] {dagbag.py:545} INFO - Filling up the DagBag from /home/airflow/.local/lib/python3.12/site-packages/airflow/example_dags/example_latest_only_with_trigger.py
[2024-07-07T07:55:17.827+0000] {processor.py:840} INFO - DAG(s) 'latest_only_with_trigger' retrieved from /home/airflow/.local/lib/python3.12/site-packages/airflow/example_dags/example_latest_only_with_trigger.py
[2024-07-07T07:55:17.859+0000] {logging_mixin.py:188} INFO - [2024-07-07T07:55:17.859+0000] {dag.py:3096} INFO - Sync 1 DAGs
[2024-07-07T07:55:17.890+0000] {logging_mixin.py:188} INFO - [2024-07-07T07:55:17.889+0000] {dag.py:3954} INFO - Setting next_dagrun for latest_only_with_trigger to 2024-07-07 00:00:00+00:00, run_after=2024-07-07 04:00:00+00:00
[2024-07-07T07:55:17.927+0000] {processor.py:183} INFO - Processing /home/airflow/.local/lib/python3.12/site-packages/airflow/example_dags/example_latest_only_with_trigger.py took 0.121 seconds
[2024-07-07T07:55:48.553+0000] {processor.py:161} INFO - Started process (PID=4688) to work on /home/airflow/.local/lib/python3.12/site-packages/airflow/example_dags/example_latest_only_with_trigger.py
[2024-07-07T07:55:48.554+0000] {processor.py:830} INFO - Processing file /home/airflow/.local/lib/python3.12/site-packages/airflow/example_dags/example_latest_only_with_trigger.py for tasks to queue
[2024-07-07T07:55:48.556+0000] {logging_mixin.py:188} INFO - [2024-07-07T07:55:48.555+0000] {dagbag.py:545} INFO - Filling up the DagBag from /home/airflow/.local/lib/python3.12/site-packages/airflow/example_dags/example_latest_only_with_trigger.py
[2024-07-07T07:55:48.564+0000] {processor.py:840} INFO - DAG(s) 'latest_only_with_trigger' retrieved from /home/airflow/.local/lib/python3.12/site-packages/airflow/example_dags/example_latest_only_with_trigger.py
[2024-07-07T07:55:48.594+0000] {logging_mixin.py:188} INFO - [2024-07-07T07:55:48.594+0000] {dag.py:3096} INFO - Sync 1 DAGs
[2024-07-07T07:55:48.622+0000] {logging_mixin.py:188} INFO - [2024-07-07T07:55:48.622+0000] {dag.py:3954} INFO - Setting next_dagrun for latest_only_with_trigger to 2024-07-07 00:00:00+00:00, run_after=2024-07-07 04:00:00+00:00
[2024-07-07T07:55:48.648+0000] {processor.py:183} INFO - Processing /home/airflow/.local/lib/python3.12/site-packages/airflow/example_dags/example_latest_only_with_trigger.py took 0.105 seconds
[2024-07-07T07:56:18.818+0000] {processor.py:161} INFO - Started process (PID=4748) to work on /home/airflow/.local/lib/python3.12/site-packages/airflow/example_dags/example_latest_only_with_trigger.py
[2024-07-07T07:56:18.819+0000] {processor.py:830} INFO - Processing file /home/airflow/.local/lib/python3.12/site-packages/airflow/example_dags/example_latest_only_with_trigger.py for tasks to queue
[2024-07-07T07:56:18.821+0000] {logging_mixin.py:188} INFO - [2024-07-07T07:56:18.821+0000] {dagbag.py:545} INFO - Filling up the DagBag from /home/airflow/.local/lib/python3.12/site-packages/airflow/example_dags/example_latest_only_with_trigger.py
[2024-07-07T07:56:18.829+0000] {processor.py:840} INFO - DAG(s) 'latest_only_with_trigger' retrieved from /home/airflow/.local/lib/python3.12/site-packages/airflow/example_dags/example_latest_only_with_trigger.py
[2024-07-07T07:56:18.859+0000] {logging_mixin.py:188} INFO - [2024-07-07T07:56:18.859+0000] {dag.py:3096} INFO - Sync 1 DAGs
[2024-07-07T07:56:18.886+0000] {logging_mixin.py:188} INFO - [2024-07-07T07:56:18.885+0000] {dag.py:3954} INFO - Setting next_dagrun for latest_only_with_trigger to 2024-07-07 00:00:00+00:00, run_after=2024-07-07 04:00:00+00:00
[2024-07-07T07:56:18.921+0000] {processor.py:183} INFO - Processing /home/airflow/.local/lib/python3.12/site-packages/airflow/example_dags/example_latest_only_with_trigger.py took 0.111 seconds
[2024-07-07T07:56:49.345+0000] {processor.py:161} INFO - Started process (PID=4808) to work on /home/airflow/.local/lib/python3.12/site-packages/airflow/example_dags/example_latest_only_with_trigger.py
[2024-07-07T07:56:49.346+0000] {processor.py:830} INFO - Processing file /home/airflow/.local/lib/python3.12/site-packages/airflow/example_dags/example_latest_only_with_trigger.py for tasks to queue
[2024-07-07T07:56:49.348+0000] {logging_mixin.py:188} INFO - [2024-07-07T07:56:49.347+0000] {dagbag.py:545} INFO - Filling up the DagBag from /home/airflow/.local/lib/python3.12/site-packages/airflow/example_dags/example_latest_only_with_trigger.py
[2024-07-07T07:56:49.356+0000] {processor.py:840} INFO - DAG(s) 'latest_only_with_trigger' retrieved from /home/airflow/.local/lib/python3.12/site-packages/airflow/example_dags/example_latest_only_with_trigger.py
[2024-07-07T07:56:49.385+0000] {logging_mixin.py:188} INFO - [2024-07-07T07:56:49.384+0000] {dag.py:3096} INFO - Sync 1 DAGs
[2024-07-07T07:56:49.411+0000] {logging_mixin.py:188} INFO - [2024-07-07T07:56:49.411+0000] {dag.py:3954} INFO - Setting next_dagrun for latest_only_with_trigger to 2024-07-07 00:00:00+00:00, run_after=2024-07-07 04:00:00+00:00
[2024-07-07T07:56:49.444+0000] {processor.py:183} INFO - Processing /home/airflow/.local/lib/python3.12/site-packages/airflow/example_dags/example_latest_only_with_trigger.py took 0.110 seconds
[2024-07-07T07:57:20.165+0000] {processor.py:161} INFO - Started process (PID=4868) to work on /home/airflow/.local/lib/python3.12/site-packages/airflow/example_dags/example_latest_only_with_trigger.py
[2024-07-07T07:57:20.167+0000] {processor.py:830} INFO - Processing file /home/airflow/.local/lib/python3.12/site-packages/airflow/example_dags/example_latest_only_with_trigger.py for tasks to queue
[2024-07-07T07:57:20.170+0000] {logging_mixin.py:188} INFO - [2024-07-07T07:57:20.169+0000] {dagbag.py:545} INFO - Filling up the DagBag from /home/airflow/.local/lib/python3.12/site-packages/airflow/example_dags/example_latest_only_with_trigger.py
[2024-07-07T07:57:20.179+0000] {processor.py:840} INFO - DAG(s) 'latest_only_with_trigger' retrieved from /home/airflow/.local/lib/python3.12/site-packages/airflow/example_dags/example_latest_only_with_trigger.py
[2024-07-07T07:57:20.213+0000] {logging_mixin.py:188} INFO - [2024-07-07T07:57:20.213+0000] {dag.py:3096} INFO - Sync 1 DAGs
[2024-07-07T07:57:20.257+0000] {logging_mixin.py:188} INFO - [2024-07-07T07:57:20.257+0000] {dag.py:3954} INFO - Setting next_dagrun for latest_only_with_trigger to 2024-07-07 00:00:00+00:00, run_after=2024-07-07 04:00:00+00:00
[2024-07-07T07:57:20.306+0000] {processor.py:183} INFO - Processing /home/airflow/.local/lib/python3.12/site-packages/airflow/example_dags/example_latest_only_with_trigger.py took 0.157 seconds
[2024-07-07T07:57:50.519+0000] {processor.py:161} INFO - Started process (PID=4928) to work on /home/airflow/.local/lib/python3.12/site-packages/airflow/example_dags/example_latest_only_with_trigger.py
[2024-07-07T07:57:50.522+0000] {processor.py:830} INFO - Processing file /home/airflow/.local/lib/python3.12/site-packages/airflow/example_dags/example_latest_only_with_trigger.py for tasks to queue
[2024-07-07T07:57:50.524+0000] {logging_mixin.py:188} INFO - [2024-07-07T07:57:50.524+0000] {dagbag.py:545} INFO - Filling up the DagBag from /home/airflow/.local/lib/python3.12/site-packages/airflow/example_dags/example_latest_only_with_trigger.py
[2024-07-07T07:57:50.541+0000] {processor.py:840} INFO - DAG(s) 'latest_only_with_trigger' retrieved from /home/airflow/.local/lib/python3.12/site-packages/airflow/example_dags/example_latest_only_with_trigger.py
[2024-07-07T07:57:50.586+0000] {logging_mixin.py:188} INFO - [2024-07-07T07:57:50.585+0000] {dag.py:3096} INFO - Sync 1 DAGs
[2024-07-07T07:57:50.612+0000] {logging_mixin.py:188} INFO - [2024-07-07T07:57:50.611+0000] {dag.py:3954} INFO - Setting next_dagrun for latest_only_with_trigger to 2024-07-07 00:00:00+00:00, run_after=2024-07-07 04:00:00+00:00
[2024-07-07T07:57:50.653+0000] {processor.py:183} INFO - Processing /home/airflow/.local/lib/python3.12/site-packages/airflow/example_dags/example_latest_only_with_trigger.py took 0.151 seconds
[2024-07-07T07:58:20.789+0000] {processor.py:161} INFO - Started process (PID=4988) to work on /home/airflow/.local/lib/python3.12/site-packages/airflow/example_dags/example_latest_only_with_trigger.py
[2024-07-07T07:58:20.791+0000] {processor.py:830} INFO - Processing file /home/airflow/.local/lib/python3.12/site-packages/airflow/example_dags/example_latest_only_with_trigger.py for tasks to queue
[2024-07-07T07:58:20.793+0000] {logging_mixin.py:188} INFO - [2024-07-07T07:58:20.792+0000] {dagbag.py:545} INFO - Filling up the DagBag from /home/airflow/.local/lib/python3.12/site-packages/airflow/example_dags/example_latest_only_with_trigger.py
[2024-07-07T07:58:20.804+0000] {processor.py:840} INFO - DAG(s) 'latest_only_with_trigger' retrieved from /home/airflow/.local/lib/python3.12/site-packages/airflow/example_dags/example_latest_only_with_trigger.py
[2024-07-07T07:58:20.835+0000] {logging_mixin.py:188} INFO - [2024-07-07T07:58:20.834+0000] {dag.py:3096} INFO - Sync 1 DAGs
[2024-07-07T07:58:20.862+0000] {logging_mixin.py:188} INFO - [2024-07-07T07:58:20.862+0000] {dag.py:3954} INFO - Setting next_dagrun for latest_only_with_trigger to 2024-07-07 00:00:00+00:00, run_after=2024-07-07 04:00:00+00:00
[2024-07-07T07:58:20.888+0000] {processor.py:183} INFO - Processing /home/airflow/.local/lib/python3.12/site-packages/airflow/example_dags/example_latest_only_with_trigger.py took 0.110 seconds
[2024-07-07T07:58:51.538+0000] {processor.py:161} INFO - Started process (PID=5048) to work on /home/airflow/.local/lib/python3.12/site-packages/airflow/example_dags/example_latest_only_with_trigger.py
[2024-07-07T07:58:51.540+0000] {processor.py:830} INFO - Processing file /home/airflow/.local/lib/python3.12/site-packages/airflow/example_dags/example_latest_only_with_trigger.py for tasks to queue
[2024-07-07T07:58:51.542+0000] {logging_mixin.py:188} INFO - [2024-07-07T07:58:51.541+0000] {dagbag.py:545} INFO - Filling up the DagBag from /home/airflow/.local/lib/python3.12/site-packages/airflow/example_dags/example_latest_only_with_trigger.py
[2024-07-07T07:58:51.551+0000] {processor.py:840} INFO - DAG(s) 'latest_only_with_trigger' retrieved from /home/airflow/.local/lib/python3.12/site-packages/airflow/example_dags/example_latest_only_with_trigger.py
[2024-07-07T07:58:51.584+0000] {logging_mixin.py:188} INFO - [2024-07-07T07:58:51.584+0000] {dag.py:3096} INFO - Sync 1 DAGs
[2024-07-07T07:58:51.613+0000] {logging_mixin.py:188} INFO - [2024-07-07T07:58:51.613+0000] {dag.py:3954} INFO - Setting next_dagrun for latest_only_with_trigger to 2024-07-07 00:00:00+00:00, run_after=2024-07-07 04:00:00+00:00
[2024-07-07T07:58:51.652+0000] {processor.py:183} INFO - Processing /home/airflow/.local/lib/python3.12/site-packages/airflow/example_dags/example_latest_only_with_trigger.py took 0.123 seconds
[2024-07-07T07:59:22.245+0000] {processor.py:161} INFO - Started process (PID=5108) to work on /home/airflow/.local/lib/python3.12/site-packages/airflow/example_dags/example_latest_only_with_trigger.py
[2024-07-07T07:59:22.246+0000] {processor.py:830} INFO - Processing file /home/airflow/.local/lib/python3.12/site-packages/airflow/example_dags/example_latest_only_with_trigger.py for tasks to queue
[2024-07-07T07:59:22.248+0000] {logging_mixin.py:188} INFO - [2024-07-07T07:59:22.247+0000] {dagbag.py:545} INFO - Filling up the DagBag from /home/airflow/.local/lib/python3.12/site-packages/airflow/example_dags/example_latest_only_with_trigger.py
[2024-07-07T07:59:22.257+0000] {processor.py:840} INFO - DAG(s) 'latest_only_with_trigger' retrieved from /home/airflow/.local/lib/python3.12/site-packages/airflow/example_dags/example_latest_only_with_trigger.py
[2024-07-07T07:59:22.287+0000] {logging_mixin.py:188} INFO - [2024-07-07T07:59:22.287+0000] {dag.py:3096} INFO - Sync 1 DAGs
[2024-07-07T07:59:22.320+0000] {logging_mixin.py:188} INFO - [2024-07-07T07:59:22.320+0000] {dag.py:3954} INFO - Setting next_dagrun for latest_only_with_trigger to 2024-07-07 00:00:00+00:00, run_after=2024-07-07 04:00:00+00:00
[2024-07-07T07:59:22.349+0000] {processor.py:183} INFO - Processing /home/airflow/.local/lib/python3.12/site-packages/airflow/example_dags/example_latest_only_with_trigger.py took 0.113 seconds
[2024-07-07T07:59:53.130+0000] {processor.py:161} INFO - Started process (PID=5168) to work on /home/airflow/.local/lib/python3.12/site-packages/airflow/example_dags/example_latest_only_with_trigger.py
[2024-07-07T07:59:53.132+0000] {processor.py:830} INFO - Processing file /home/airflow/.local/lib/python3.12/site-packages/airflow/example_dags/example_latest_only_with_trigger.py for tasks to queue
[2024-07-07T07:59:53.133+0000] {logging_mixin.py:188} INFO - [2024-07-07T07:59:53.133+0000] {dagbag.py:545} INFO - Filling up the DagBag from /home/airflow/.local/lib/python3.12/site-packages/airflow/example_dags/example_latest_only_with_trigger.py
[2024-07-07T07:59:53.142+0000] {processor.py:840} INFO - DAG(s) 'latest_only_with_trigger' retrieved from /home/airflow/.local/lib/python3.12/site-packages/airflow/example_dags/example_latest_only_with_trigger.py
[2024-07-07T07:59:53.169+0000] {logging_mixin.py:188} INFO - [2024-07-07T07:59:53.169+0000] {dag.py:3096} INFO - Sync 1 DAGs
[2024-07-07T07:59:53.196+0000] {logging_mixin.py:188} INFO - [2024-07-07T07:59:53.195+0000] {dag.py:3954} INFO - Setting next_dagrun for latest_only_with_trigger to 2024-07-07 00:00:00+00:00, run_after=2024-07-07 04:00:00+00:00
[2024-07-07T07:59:53.237+0000] {processor.py:183} INFO - Processing /home/airflow/.local/lib/python3.12/site-packages/airflow/example_dags/example_latest_only_with_trigger.py took 0.116 seconds
[2024-07-07T08:00:24.242+0000] {processor.py:161} INFO - Started process (PID=5228) to work on /home/airflow/.local/lib/python3.12/site-packages/airflow/example_dags/example_latest_only_with_trigger.py
[2024-07-07T08:00:24.244+0000] {processor.py:830} INFO - Processing file /home/airflow/.local/lib/python3.12/site-packages/airflow/example_dags/example_latest_only_with_trigger.py for tasks to queue
[2024-07-07T08:00:24.245+0000] {logging_mixin.py:188} INFO - [2024-07-07T08:00:24.245+0000] {dagbag.py:545} INFO - Filling up the DagBag from /home/airflow/.local/lib/python3.12/site-packages/airflow/example_dags/example_latest_only_with_trigger.py
[2024-07-07T08:00:24.258+0000] {processor.py:840} INFO - DAG(s) 'latest_only_with_trigger' retrieved from /home/airflow/.local/lib/python3.12/site-packages/airflow/example_dags/example_latest_only_with_trigger.py
[2024-07-07T08:00:24.303+0000] {logging_mixin.py:188} INFO - [2024-07-07T08:00:24.303+0000] {dag.py:3096} INFO - Sync 1 DAGs
[2024-07-07T08:00:24.357+0000] {logging_mixin.py:188} INFO - [2024-07-07T08:00:24.357+0000] {dag.py:3954} INFO - Setting next_dagrun for latest_only_with_trigger to 2024-07-07 04:00:00+00:00, run_after=2024-07-07 08:00:00+00:00
[2024-07-07T08:00:24.391+0000] {processor.py:183} INFO - Processing /home/airflow/.local/lib/python3.12/site-packages/airflow/example_dags/example_latest_only_with_trigger.py took 0.159 seconds
[2024-07-07T08:05:24.049+0000] {processor.py:161} INFO - Started process (PID=5294) to work on /home/airflow/.local/lib/python3.12/site-packages/airflow/example_dags/example_latest_only_with_trigger.py
[2024-07-07T08:05:24.053+0000] {processor.py:830} INFO - Processing file /home/airflow/.local/lib/python3.12/site-packages/airflow/example_dags/example_latest_only_with_trigger.py for tasks to queue
[2024-07-07T08:05:24.057+0000] {logging_mixin.py:188} INFO - [2024-07-07T08:05:24.056+0000] {dagbag.py:545} INFO - Filling up the DagBag from /home/airflow/.local/lib/python3.12/site-packages/airflow/example_dags/example_latest_only_with_trigger.py
[2024-07-07T08:05:24.071+0000] {processor.py:840} INFO - DAG(s) 'latest_only_with_trigger' retrieved from /home/airflow/.local/lib/python3.12/site-packages/airflow/example_dags/example_latest_only_with_trigger.py
[2024-07-07T08:05:24.118+0000] {logging_mixin.py:188} INFO - [2024-07-07T08:05:24.117+0000] {dag.py:3096} INFO - Sync 1 DAGs
[2024-07-07T08:05:24.167+0000] {logging_mixin.py:188} INFO - [2024-07-07T08:05:24.166+0000] {dag.py:3954} INFO - Setting next_dagrun for latest_only_with_trigger to 2024-07-07 04:00:00+00:00, run_after=2024-07-07 08:00:00+00:00
[2024-07-07T08:05:24.212+0000] {processor.py:183} INFO - Processing /home/airflow/.local/lib/python3.12/site-packages/airflow/example_dags/example_latest_only_with_trigger.py took 0.177 seconds
[2024-07-07T08:05:54.431+0000] {processor.py:161} INFO - Started process (PID=5355) to work on /home/airflow/.local/lib/python3.12/site-packages/airflow/example_dags/example_latest_only_with_trigger.py
[2024-07-07T08:05:54.433+0000] {processor.py:830} INFO - Processing file /home/airflow/.local/lib/python3.12/site-packages/airflow/example_dags/example_latest_only_with_trigger.py for tasks to queue
[2024-07-07T08:05:54.434+0000] {logging_mixin.py:188} INFO - [2024-07-07T08:05:54.434+0000] {dagbag.py:545} INFO - Filling up the DagBag from /home/airflow/.local/lib/python3.12/site-packages/airflow/example_dags/example_latest_only_with_trigger.py
[2024-07-07T08:05:54.444+0000] {processor.py:840} INFO - DAG(s) 'latest_only_with_trigger' retrieved from /home/airflow/.local/lib/python3.12/site-packages/airflow/example_dags/example_latest_only_with_trigger.py
[2024-07-07T08:05:54.480+0000] {logging_mixin.py:188} INFO - [2024-07-07T08:05:54.480+0000] {dag.py:3096} INFO - Sync 1 DAGs
[2024-07-07T08:05:54.520+0000] {logging_mixin.py:188} INFO - [2024-07-07T08:05:54.520+0000] {dag.py:3954} INFO - Setting next_dagrun for latest_only_with_trigger to 2024-07-07 04:00:00+00:00, run_after=2024-07-07 08:00:00+00:00
[2024-07-07T08:05:54.550+0000] {processor.py:183} INFO - Processing /home/airflow/.local/lib/python3.12/site-packages/airflow/example_dags/example_latest_only_with_trigger.py took 0.131 seconds
