[2024-07-07T00:00:13.289+0000] {processor.py:161} INFO - Started process (PID=2304) to work on /home/airflow/.local/lib/python3.12/site-packages/airflow/example_dags/example_display_name.py
[2024-07-07T00:00:13.293+0000] {processor.py:830} INFO - Processing file /home/airflow/.local/lib/python3.12/site-packages/airflow/example_dags/example_display_name.py for tasks to queue
[2024-07-07T00:00:13.303+0000] {logging_mixin.py:188} INFO - [2024-07-07T00:00:13.302+0000] {dagbag.py:545} INFO - Filling up the DagBag from /home/airflow/.local/lib/python3.12/site-packages/airflow/example_dags/example_display_name.py
[2024-07-07T00:00:13.326+0000] {processor.py:840} INFO - DAG(s) 'example_display_name' retrieved from /home/airflow/.local/lib/python3.12/site-packages/airflow/example_dags/example_display_name.py
[2024-07-07T00:00:13.429+0000] {logging_mixin.py:188} INFO - [2024-07-07T00:00:13.428+0000] {dag.py:3096} INFO - Sync 1 DAGs
[2024-07-07T00:00:13.508+0000] {logging_mixin.py:188} INFO - [2024-07-07T00:00:13.506+0000] {dag.py:3954} INFO - Setting next_dagrun for example_display_name to None, run_after=None
[2024-07-07T00:00:13.589+0000] {processor.py:183} INFO - Processing /home/airflow/.local/lib/python3.12/site-packages/airflow/example_dags/example_display_name.py took 0.324 seconds
[2024-07-07T00:00:43.993+0000] {processor.py:161} INFO - Started process (PID=2363) to work on /home/airflow/.local/lib/python3.12/site-packages/airflow/example_dags/example_display_name.py
[2024-07-07T00:00:43.997+0000] {processor.py:830} INFO - Processing file /home/airflow/.local/lib/python3.12/site-packages/airflow/example_dags/example_display_name.py for tasks to queue
[2024-07-07T00:00:44.008+0000] {logging_mixin.py:188} INFO - [2024-07-07T00:00:44.007+0000] {dagbag.py:545} INFO - Filling up the DagBag from /home/airflow/.local/lib/python3.12/site-packages/airflow/example_dags/example_display_name.py
[2024-07-07T00:00:44.034+0000] {processor.py:840} INFO - DAG(s) 'example_display_name' retrieved from /home/airflow/.local/lib/python3.12/site-packages/airflow/example_dags/example_display_name.py
[2024-07-07T00:00:44.106+0000] {logging_mixin.py:188} INFO - [2024-07-07T00:00:44.105+0000] {dag.py:3096} INFO - Sync 1 DAGs
[2024-07-07T00:00:44.171+0000] {logging_mixin.py:188} INFO - [2024-07-07T00:00:44.170+0000] {dag.py:3954} INFO - Setting next_dagrun for example_display_name to None, run_after=None
[2024-07-07T00:00:44.267+0000] {processor.py:183} INFO - Processing /home/airflow/.local/lib/python3.12/site-packages/airflow/example_dags/example_display_name.py took 0.344 seconds
[2024-07-07T00:01:14.644+0000] {processor.py:161} INFO - Started process (PID=2423) to work on /home/airflow/.local/lib/python3.12/site-packages/airflow/example_dags/example_display_name.py
[2024-07-07T00:01:14.647+0000] {processor.py:830} INFO - Processing file /home/airflow/.local/lib/python3.12/site-packages/airflow/example_dags/example_display_name.py for tasks to queue
[2024-07-07T00:01:14.655+0000] {logging_mixin.py:188} INFO - [2024-07-07T00:01:14.654+0000] {dagbag.py:545} INFO - Filling up the DagBag from /home/airflow/.local/lib/python3.12/site-packages/airflow/example_dags/example_display_name.py
[2024-07-07T00:01:14.681+0000] {processor.py:840} INFO - DAG(s) 'example_display_name' retrieved from /home/airflow/.local/lib/python3.12/site-packages/airflow/example_dags/example_display_name.py
[2024-07-07T00:01:14.750+0000] {logging_mixin.py:188} INFO - [2024-07-07T00:01:14.749+0000] {dag.py:3096} INFO - Sync 1 DAGs
[2024-07-07T00:01:14.815+0000] {logging_mixin.py:188} INFO - [2024-07-07T00:01:14.814+0000] {dag.py:3954} INFO - Setting next_dagrun for example_display_name to None, run_after=None
[2024-07-07T00:01:14.868+0000] {processor.py:183} INFO - Processing /home/airflow/.local/lib/python3.12/site-packages/airflow/example_dags/example_display_name.py took 0.250 seconds
[2024-07-07T00:01:45.122+0000] {processor.py:161} INFO - Started process (PID=2483) to work on /home/airflow/.local/lib/python3.12/site-packages/airflow/example_dags/example_display_name.py
[2024-07-07T00:01:45.125+0000] {processor.py:830} INFO - Processing file /home/airflow/.local/lib/python3.12/site-packages/airflow/example_dags/example_display_name.py for tasks to queue
[2024-07-07T00:01:45.133+0000] {logging_mixin.py:188} INFO - [2024-07-07T00:01:45.132+0000] {dagbag.py:545} INFO - Filling up the DagBag from /home/airflow/.local/lib/python3.12/site-packages/airflow/example_dags/example_display_name.py
[2024-07-07T00:01:45.154+0000] {processor.py:840} INFO - DAG(s) 'example_display_name' retrieved from /home/airflow/.local/lib/python3.12/site-packages/airflow/example_dags/example_display_name.py
[2024-07-07T00:01:45.231+0000] {logging_mixin.py:188} INFO - [2024-07-07T00:01:45.231+0000] {dag.py:3096} INFO - Sync 1 DAGs
[2024-07-07T00:01:45.286+0000] {logging_mixin.py:188} INFO - [2024-07-07T00:01:45.284+0000] {dag.py:3954} INFO - Setting next_dagrun for example_display_name to None, run_after=None
[2024-07-07T00:01:45.372+0000] {processor.py:183} INFO - Processing /home/airflow/.local/lib/python3.12/site-packages/airflow/example_dags/example_display_name.py took 0.273 seconds
[2024-07-07T00:02:16.396+0000] {processor.py:161} INFO - Started process (PID=2544) to work on /home/airflow/.local/lib/python3.12/site-packages/airflow/example_dags/example_display_name.py
[2024-07-07T00:02:16.400+0000] {processor.py:830} INFO - Processing file /home/airflow/.local/lib/python3.12/site-packages/airflow/example_dags/example_display_name.py for tasks to queue
[2024-07-07T00:02:16.410+0000] {logging_mixin.py:188} INFO - [2024-07-07T00:02:16.408+0000] {dagbag.py:545} INFO - Filling up the DagBag from /home/airflow/.local/lib/python3.12/site-packages/airflow/example_dags/example_display_name.py
[2024-07-07T00:02:16.432+0000] {processor.py:840} INFO - DAG(s) 'example_display_name' retrieved from /home/airflow/.local/lib/python3.12/site-packages/airflow/example_dags/example_display_name.py
[2024-07-07T00:02:16.517+0000] {logging_mixin.py:188} INFO - [2024-07-07T00:02:16.516+0000] {dag.py:3096} INFO - Sync 1 DAGs
[2024-07-07T00:02:16.573+0000] {logging_mixin.py:188} INFO - [2024-07-07T00:02:16.572+0000] {dag.py:3954} INFO - Setting next_dagrun for example_display_name to None, run_after=None
[2024-07-07T00:02:16.616+0000] {processor.py:183} INFO - Processing /home/airflow/.local/lib/python3.12/site-packages/airflow/example_dags/example_display_name.py took 0.254 seconds
[2024-07-07T00:02:47.111+0000] {processor.py:161} INFO - Started process (PID=2604) to work on /home/airflow/.local/lib/python3.12/site-packages/airflow/example_dags/example_display_name.py
[2024-07-07T00:02:47.114+0000] {processor.py:830} INFO - Processing file /home/airflow/.local/lib/python3.12/site-packages/airflow/example_dags/example_display_name.py for tasks to queue
[2024-07-07T00:02:47.121+0000] {logging_mixin.py:188} INFO - [2024-07-07T00:02:47.120+0000] {dagbag.py:545} INFO - Filling up the DagBag from /home/airflow/.local/lib/python3.12/site-packages/airflow/example_dags/example_display_name.py
[2024-07-07T00:02:47.142+0000] {processor.py:840} INFO - DAG(s) 'example_display_name' retrieved from /home/airflow/.local/lib/python3.12/site-packages/airflow/example_dags/example_display_name.py
[2024-07-07T00:02:47.233+0000] {logging_mixin.py:188} INFO - [2024-07-07T00:02:47.232+0000] {dag.py:3096} INFO - Sync 1 DAGs
[2024-07-07T00:02:47.283+0000] {logging_mixin.py:188} INFO - [2024-07-07T00:02:47.282+0000] {dag.py:3954} INFO - Setting next_dagrun for example_display_name to None, run_after=None
[2024-07-07T00:02:47.343+0000] {processor.py:183} INFO - Processing /home/airflow/.local/lib/python3.12/site-packages/airflow/example_dags/example_display_name.py took 0.297 seconds
[2024-07-07T00:03:17.886+0000] {processor.py:161} INFO - Started process (PID=2665) to work on /home/airflow/.local/lib/python3.12/site-packages/airflow/example_dags/example_display_name.py
[2024-07-07T00:03:17.888+0000] {processor.py:830} INFO - Processing file /home/airflow/.local/lib/python3.12/site-packages/airflow/example_dags/example_display_name.py for tasks to queue
[2024-07-07T00:03:17.892+0000] {logging_mixin.py:188} INFO - [2024-07-07T00:03:17.892+0000] {dagbag.py:545} INFO - Filling up the DagBag from /home/airflow/.local/lib/python3.12/site-packages/airflow/example_dags/example_display_name.py
[2024-07-07T00:03:17.904+0000] {processor.py:840} INFO - DAG(s) 'example_display_name' retrieved from /home/airflow/.local/lib/python3.12/site-packages/airflow/example_dags/example_display_name.py
[2024-07-07T00:03:17.949+0000] {logging_mixin.py:188} INFO - [2024-07-07T00:03:17.948+0000] {dag.py:3096} INFO - Sync 1 DAGs
[2024-07-07T00:03:17.982+0000] {logging_mixin.py:188} INFO - [2024-07-07T00:03:17.982+0000] {dag.py:3954} INFO - Setting next_dagrun for example_display_name to None, run_after=None
[2024-07-07T00:03:18.030+0000] {processor.py:183} INFO - Processing /home/airflow/.local/lib/python3.12/site-packages/airflow/example_dags/example_display_name.py took 0.159 seconds
[2024-07-07T00:03:49.013+0000] {processor.py:161} INFO - Started process (PID=2725) to work on /home/airflow/.local/lib/python3.12/site-packages/airflow/example_dags/example_display_name.py
[2024-07-07T00:03:49.016+0000] {processor.py:830} INFO - Processing file /home/airflow/.local/lib/python3.12/site-packages/airflow/example_dags/example_display_name.py for tasks to queue
[2024-07-07T00:03:49.022+0000] {logging_mixin.py:188} INFO - [2024-07-07T00:03:49.021+0000] {dagbag.py:545} INFO - Filling up the DagBag from /home/airflow/.local/lib/python3.12/site-packages/airflow/example_dags/example_display_name.py
[2024-07-07T00:03:49.046+0000] {processor.py:840} INFO - DAG(s) 'example_display_name' retrieved from /home/airflow/.local/lib/python3.12/site-packages/airflow/example_dags/example_display_name.py
[2024-07-07T00:03:49.115+0000] {logging_mixin.py:188} INFO - [2024-07-07T00:03:49.114+0000] {dag.py:3096} INFO - Sync 1 DAGs
[2024-07-07T00:03:49.165+0000] {logging_mixin.py:188} INFO - [2024-07-07T00:03:49.164+0000] {dag.py:3954} INFO - Setting next_dagrun for example_display_name to None, run_after=None
[2024-07-07T00:03:49.203+0000] {processor.py:183} INFO - Processing /home/airflow/.local/lib/python3.12/site-packages/airflow/example_dags/example_display_name.py took 0.214 seconds
[2024-07-07T07:39:20.237+0000] {processor.py:161} INFO - Started process (PID=2757) to work on /home/airflow/.local/lib/python3.12/site-packages/airflow/example_dags/example_display_name.py
[2024-07-07T07:39:20.281+0000] {processor.py:830} INFO - Processing file /home/airflow/.local/lib/python3.12/site-packages/airflow/example_dags/example_display_name.py for tasks to queue
[2024-07-07T07:39:20.294+0000] {logging_mixin.py:188} INFO - [2024-07-07T07:39:20.293+0000] {dagbag.py:545} INFO - Filling up the DagBag from /home/airflow/.local/lib/python3.12/site-packages/airflow/example_dags/example_display_name.py
[2024-07-07T07:39:20.315+0000] {processor.py:840} INFO - DAG(s) 'example_display_name' retrieved from /home/airflow/.local/lib/python3.12/site-packages/airflow/example_dags/example_display_name.py
[2024-07-07T07:39:20.462+0000] {logging_mixin.py:188} INFO - [2024-07-07T07:39:20.462+0000] {dag.py:3096} INFO - Sync 1 DAGs
[2024-07-07T07:39:20.529+0000] {logging_mixin.py:188} INFO - [2024-07-07T07:39:20.528+0000] {dag.py:3954} INFO - Setting next_dagrun for example_display_name to None, run_after=None
[2024-07-07T07:39:20.606+0000] {processor.py:183} INFO - Processing /home/airflow/.local/lib/python3.12/site-packages/airflow/example_dags/example_display_name.py took 0.405 seconds
[2024-07-07T07:39:51.411+0000] {processor.py:161} INFO - Started process (PID=2816) to work on /home/airflow/.local/lib/python3.12/site-packages/airflow/example_dags/example_display_name.py
[2024-07-07T07:39:51.412+0000] {processor.py:830} INFO - Processing file /home/airflow/.local/lib/python3.12/site-packages/airflow/example_dags/example_display_name.py for tasks to queue
[2024-07-07T07:39:51.414+0000] {logging_mixin.py:188} INFO - [2024-07-07T07:39:51.413+0000] {dagbag.py:545} INFO - Filling up the DagBag from /home/airflow/.local/lib/python3.12/site-packages/airflow/example_dags/example_display_name.py
[2024-07-07T07:39:51.423+0000] {processor.py:840} INFO - DAG(s) 'example_display_name' retrieved from /home/airflow/.local/lib/python3.12/site-packages/airflow/example_dags/example_display_name.py
[2024-07-07T07:39:51.454+0000] {logging_mixin.py:188} INFO - [2024-07-07T07:39:51.454+0000] {dag.py:3096} INFO - Sync 1 DAGs
[2024-07-07T07:39:51.480+0000] {logging_mixin.py:188} INFO - [2024-07-07T07:39:51.479+0000] {dag.py:3954} INFO - Setting next_dagrun for example_display_name to None, run_after=None
[2024-07-07T07:39:51.513+0000] {processor.py:183} INFO - Processing /home/airflow/.local/lib/python3.12/site-packages/airflow/example_dags/example_display_name.py took 0.109 seconds
[2024-07-07T07:40:21.757+0000] {processor.py:161} INFO - Started process (PID=2876) to work on /home/airflow/.local/lib/python3.12/site-packages/airflow/example_dags/example_display_name.py
[2024-07-07T07:40:21.759+0000] {processor.py:830} INFO - Processing file /home/airflow/.local/lib/python3.12/site-packages/airflow/example_dags/example_display_name.py for tasks to queue
[2024-07-07T07:40:21.760+0000] {logging_mixin.py:188} INFO - [2024-07-07T07:40:21.760+0000] {dagbag.py:545} INFO - Filling up the DagBag from /home/airflow/.local/lib/python3.12/site-packages/airflow/example_dags/example_display_name.py
[2024-07-07T07:40:21.770+0000] {processor.py:840} INFO - DAG(s) 'example_display_name' retrieved from /home/airflow/.local/lib/python3.12/site-packages/airflow/example_dags/example_display_name.py
[2024-07-07T07:40:21.808+0000] {logging_mixin.py:188} INFO - [2024-07-07T07:40:21.807+0000] {dag.py:3096} INFO - Sync 1 DAGs
[2024-07-07T07:40:21.831+0000] {logging_mixin.py:188} INFO - [2024-07-07T07:40:21.831+0000] {dag.py:3954} INFO - Setting next_dagrun for example_display_name to None, run_after=None
[2024-07-07T07:40:21.871+0000] {processor.py:183} INFO - Processing /home/airflow/.local/lib/python3.12/site-packages/airflow/example_dags/example_display_name.py took 0.122 seconds
[2024-07-07T07:40:53.278+0000] {processor.py:161} INFO - Started process (PID=2936) to work on /home/airflow/.local/lib/python3.12/site-packages/airflow/example_dags/example_display_name.py
[2024-07-07T07:40:53.283+0000] {processor.py:830} INFO - Processing file /home/airflow/.local/lib/python3.12/site-packages/airflow/example_dags/example_display_name.py for tasks to queue
[2024-07-07T07:40:53.290+0000] {logging_mixin.py:188} INFO - [2024-07-07T07:40:53.289+0000] {dagbag.py:545} INFO - Filling up the DagBag from /home/airflow/.local/lib/python3.12/site-packages/airflow/example_dags/example_display_name.py
[2024-07-07T07:40:53.314+0000] {processor.py:840} INFO - DAG(s) 'example_display_name' retrieved from /home/airflow/.local/lib/python3.12/site-packages/airflow/example_dags/example_display_name.py
[2024-07-07T07:40:53.375+0000] {logging_mixin.py:188} INFO - [2024-07-07T07:40:53.375+0000] {dag.py:3096} INFO - Sync 1 DAGs
[2024-07-07T07:40:53.404+0000] {logging_mixin.py:188} INFO - [2024-07-07T07:40:53.403+0000] {dag.py:3954} INFO - Setting next_dagrun for example_display_name to None, run_after=None
[2024-07-07T07:40:53.454+0000] {processor.py:183} INFO - Processing /home/airflow/.local/lib/python3.12/site-packages/airflow/example_dags/example_display_name.py took 0.200 seconds
[2024-07-07T07:41:24.105+0000] {processor.py:161} INFO - Started process (PID=2994) to work on /home/airflow/.local/lib/python3.12/site-packages/airflow/example_dags/example_display_name.py
[2024-07-07T07:41:24.108+0000] {processor.py:830} INFO - Processing file /home/airflow/.local/lib/python3.12/site-packages/airflow/example_dags/example_display_name.py for tasks to queue
[2024-07-07T07:41:24.110+0000] {logging_mixin.py:188} INFO - [2024-07-07T07:41:24.109+0000] {dagbag.py:545} INFO - Filling up the DagBag from /home/airflow/.local/lib/python3.12/site-packages/airflow/example_dags/example_display_name.py
[2024-07-07T07:41:24.121+0000] {processor.py:840} INFO - DAG(s) 'example_display_name' retrieved from /home/airflow/.local/lib/python3.12/site-packages/airflow/example_dags/example_display_name.py
[2024-07-07T07:41:24.171+0000] {logging_mixin.py:188} INFO - [2024-07-07T07:41:24.170+0000] {dag.py:3096} INFO - Sync 1 DAGs
[2024-07-07T07:41:24.219+0000] {logging_mixin.py:188} INFO - [2024-07-07T07:41:24.218+0000] {dag.py:3954} INFO - Setting next_dagrun for example_display_name to None, run_after=None
[2024-07-07T07:41:24.333+0000] {processor.py:183} INFO - Processing /home/airflow/.local/lib/python3.12/site-packages/airflow/example_dags/example_display_name.py took 0.243 seconds
[2024-07-07T07:41:55.507+0000] {processor.py:161} INFO - Started process (PID=3054) to work on /home/airflow/.local/lib/python3.12/site-packages/airflow/example_dags/example_display_name.py
[2024-07-07T07:41:55.513+0000] {processor.py:830} INFO - Processing file /home/airflow/.local/lib/python3.12/site-packages/airflow/example_dags/example_display_name.py for tasks to queue
[2024-07-07T07:41:55.520+0000] {logging_mixin.py:188} INFO - [2024-07-07T07:41:55.518+0000] {dagbag.py:545} INFO - Filling up the DagBag from /home/airflow/.local/lib/python3.12/site-packages/airflow/example_dags/example_display_name.py
[2024-07-07T07:41:55.549+0000] {processor.py:840} INFO - DAG(s) 'example_display_name' retrieved from /home/airflow/.local/lib/python3.12/site-packages/airflow/example_dags/example_display_name.py
[2024-07-07T07:41:55.672+0000] {logging_mixin.py:188} INFO - [2024-07-07T07:41:55.670+0000] {dag.py:3096} INFO - Sync 1 DAGs
[2024-07-07T07:41:55.768+0000] {logging_mixin.py:188} INFO - [2024-07-07T07:41:55.767+0000] {dag.py:3954} INFO - Setting next_dagrun for example_display_name to None, run_after=None
[2024-07-07T07:41:55.919+0000] {processor.py:183} INFO - Processing /home/airflow/.local/lib/python3.12/site-packages/airflow/example_dags/example_display_name.py took 0.462 seconds
[2024-07-07T07:42:26.196+0000] {processor.py:161} INFO - Started process (PID=3114) to work on /home/airflow/.local/lib/python3.12/site-packages/airflow/example_dags/example_display_name.py
[2024-07-07T07:42:26.199+0000] {processor.py:830} INFO - Processing file /home/airflow/.local/lib/python3.12/site-packages/airflow/example_dags/example_display_name.py for tasks to queue
[2024-07-07T07:42:26.203+0000] {logging_mixin.py:188} INFO - [2024-07-07T07:42:26.202+0000] {dagbag.py:545} INFO - Filling up the DagBag from /home/airflow/.local/lib/python3.12/site-packages/airflow/example_dags/example_display_name.py
[2024-07-07T07:42:26.218+0000] {processor.py:840} INFO - DAG(s) 'example_display_name' retrieved from /home/airflow/.local/lib/python3.12/site-packages/airflow/example_dags/example_display_name.py
[2024-07-07T07:42:26.272+0000] {logging_mixin.py:188} INFO - [2024-07-07T07:42:26.271+0000] {dag.py:3096} INFO - Sync 1 DAGs
[2024-07-07T07:42:26.306+0000] {logging_mixin.py:188} INFO - [2024-07-07T07:42:26.306+0000] {dag.py:3954} INFO - Setting next_dagrun for example_display_name to None, run_after=None
[2024-07-07T07:42:26.361+0000] {processor.py:183} INFO - Processing /home/airflow/.local/lib/python3.12/site-packages/airflow/example_dags/example_display_name.py took 0.182 seconds
[2024-07-07T07:42:56.745+0000] {processor.py:161} INFO - Started process (PID=3174) to work on /home/airflow/.local/lib/python3.12/site-packages/airflow/example_dags/example_display_name.py
[2024-07-07T07:42:56.748+0000] {processor.py:830} INFO - Processing file /home/airflow/.local/lib/python3.12/site-packages/airflow/example_dags/example_display_name.py for tasks to queue
[2024-07-07T07:42:56.750+0000] {logging_mixin.py:188} INFO - [2024-07-07T07:42:56.749+0000] {dagbag.py:545} INFO - Filling up the DagBag from /home/airflow/.local/lib/python3.12/site-packages/airflow/example_dags/example_display_name.py
[2024-07-07T07:42:56.765+0000] {processor.py:840} INFO - DAG(s) 'example_display_name' retrieved from /home/airflow/.local/lib/python3.12/site-packages/airflow/example_dags/example_display_name.py
[2024-07-07T07:42:56.861+0000] {logging_mixin.py:188} INFO - [2024-07-07T07:42:56.860+0000] {dag.py:3096} INFO - Sync 1 DAGs
[2024-07-07T07:42:56.900+0000] {logging_mixin.py:188} INFO - [2024-07-07T07:42:56.900+0000] {dag.py:3954} INFO - Setting next_dagrun for example_display_name to None, run_after=None
[2024-07-07T07:42:56.958+0000] {processor.py:183} INFO - Processing /home/airflow/.local/lib/python3.12/site-packages/airflow/example_dags/example_display_name.py took 0.235 seconds
[2024-07-07T07:43:27.364+0000] {processor.py:161} INFO - Started process (PID=3239) to work on /home/airflow/.local/lib/python3.12/site-packages/airflow/example_dags/example_display_name.py
[2024-07-07T07:43:27.367+0000] {processor.py:830} INFO - Processing file /home/airflow/.local/lib/python3.12/site-packages/airflow/example_dags/example_display_name.py for tasks to queue
[2024-07-07T07:43:27.370+0000] {logging_mixin.py:188} INFO - [2024-07-07T07:43:27.369+0000] {dagbag.py:545} INFO - Filling up the DagBag from /home/airflow/.local/lib/python3.12/site-packages/airflow/example_dags/example_display_name.py
[2024-07-07T07:43:27.386+0000] {processor.py:840} INFO - DAG(s) 'example_display_name' retrieved from /home/airflow/.local/lib/python3.12/site-packages/airflow/example_dags/example_display_name.py
[2024-07-07T07:43:27.450+0000] {logging_mixin.py:188} INFO - [2024-07-07T07:43:27.450+0000] {dag.py:3096} INFO - Sync 1 DAGs
[2024-07-07T07:43:27.479+0000] {logging_mixin.py:188} INFO - [2024-07-07T07:43:27.478+0000] {dag.py:3954} INFO - Setting next_dagrun for example_display_name to None, run_after=None
[2024-07-07T07:43:27.528+0000] {processor.py:183} INFO - Processing /home/airflow/.local/lib/python3.12/site-packages/airflow/example_dags/example_display_name.py took 0.188 seconds
[2024-07-07T07:43:58.833+0000] {processor.py:161} INFO - Started process (PID=3300) to work on /home/airflow/.local/lib/python3.12/site-packages/airflow/example_dags/example_display_name.py
[2024-07-07T07:43:58.840+0000] {processor.py:830} INFO - Processing file /home/airflow/.local/lib/python3.12/site-packages/airflow/example_dags/example_display_name.py for tasks to queue
[2024-07-07T07:43:58.848+0000] {logging_mixin.py:188} INFO - [2024-07-07T07:43:58.846+0000] {dagbag.py:545} INFO - Filling up the DagBag from /home/airflow/.local/lib/python3.12/site-packages/airflow/example_dags/example_display_name.py
[2024-07-07T07:43:58.869+0000] {processor.py:840} INFO - DAG(s) 'example_display_name' retrieved from /home/airflow/.local/lib/python3.12/site-packages/airflow/example_dags/example_display_name.py
[2024-07-07T07:43:58.918+0000] {logging_mixin.py:188} INFO - [2024-07-07T07:43:58.917+0000] {dag.py:3096} INFO - Sync 1 DAGs
[2024-07-07T07:43:58.950+0000] {logging_mixin.py:188} INFO - [2024-07-07T07:43:58.950+0000] {dag.py:3954} INFO - Setting next_dagrun for example_display_name to None, run_after=None
[2024-07-07T07:43:58.995+0000] {processor.py:183} INFO - Processing /home/airflow/.local/lib/python3.12/site-packages/airflow/example_dags/example_display_name.py took 0.215 seconds
[2024-07-07T07:44:29.378+0000] {processor.py:161} INFO - Started process (PID=3360) to work on /home/airflow/.local/lib/python3.12/site-packages/airflow/example_dags/example_display_name.py
[2024-07-07T07:44:29.381+0000] {processor.py:830} INFO - Processing file /home/airflow/.local/lib/python3.12/site-packages/airflow/example_dags/example_display_name.py for tasks to queue
[2024-07-07T07:44:29.385+0000] {logging_mixin.py:188} INFO - [2024-07-07T07:44:29.384+0000] {dagbag.py:545} INFO - Filling up the DagBag from /home/airflow/.local/lib/python3.12/site-packages/airflow/example_dags/example_display_name.py
[2024-07-07T07:44:29.404+0000] {processor.py:840} INFO - DAG(s) 'example_display_name' retrieved from /home/airflow/.local/lib/python3.12/site-packages/airflow/example_dags/example_display_name.py
[2024-07-07T07:44:29.476+0000] {logging_mixin.py:188} INFO - [2024-07-07T07:44:29.475+0000] {dag.py:3096} INFO - Sync 1 DAGs
[2024-07-07T07:44:29.519+0000] {logging_mixin.py:188} INFO - [2024-07-07T07:44:29.518+0000] {dag.py:3954} INFO - Setting next_dagrun for example_display_name to None, run_after=None
[2024-07-07T07:44:29.591+0000] {processor.py:183} INFO - Processing /home/airflow/.local/lib/python3.12/site-packages/airflow/example_dags/example_display_name.py took 0.234 seconds
[2024-07-07T07:44:59.881+0000] {processor.py:161} INFO - Started process (PID=3419) to work on /home/airflow/.local/lib/python3.12/site-packages/airflow/example_dags/example_display_name.py
[2024-07-07T07:44:59.890+0000] {processor.py:830} INFO - Processing file /home/airflow/.local/lib/python3.12/site-packages/airflow/example_dags/example_display_name.py for tasks to queue
[2024-07-07T07:44:59.898+0000] {logging_mixin.py:188} INFO - [2024-07-07T07:44:59.896+0000] {dagbag.py:545} INFO - Filling up the DagBag from /home/airflow/.local/lib/python3.12/site-packages/airflow/example_dags/example_display_name.py
[2024-07-07T07:44:59.923+0000] {processor.py:840} INFO - DAG(s) 'example_display_name' retrieved from /home/airflow/.local/lib/python3.12/site-packages/airflow/example_dags/example_display_name.py
[2024-07-07T07:44:59.970+0000] {logging_mixin.py:188} INFO - [2024-07-07T07:44:59.970+0000] {dag.py:3096} INFO - Sync 1 DAGs
[2024-07-07T07:45:00.001+0000] {logging_mixin.py:188} INFO - [2024-07-07T07:45:00.000+0000] {dag.py:3954} INFO - Setting next_dagrun for example_display_name to None, run_after=None
[2024-07-07T07:45:00.057+0000] {processor.py:183} INFO - Processing /home/airflow/.local/lib/python3.12/site-packages/airflow/example_dags/example_display_name.py took 0.225 seconds
[2024-07-07T07:45:30.377+0000] {processor.py:161} INFO - Started process (PID=3478) to work on /home/airflow/.local/lib/python3.12/site-packages/airflow/example_dags/example_display_name.py
[2024-07-07T07:45:30.381+0000] {processor.py:830} INFO - Processing file /home/airflow/.local/lib/python3.12/site-packages/airflow/example_dags/example_display_name.py for tasks to queue
[2024-07-07T07:45:30.384+0000] {logging_mixin.py:188} INFO - [2024-07-07T07:45:30.383+0000] {dagbag.py:545} INFO - Filling up the DagBag from /home/airflow/.local/lib/python3.12/site-packages/airflow/example_dags/example_display_name.py
[2024-07-07T07:45:30.404+0000] {processor.py:840} INFO - DAG(s) 'example_display_name' retrieved from /home/airflow/.local/lib/python3.12/site-packages/airflow/example_dags/example_display_name.py
[2024-07-07T07:45:30.470+0000] {logging_mixin.py:188} INFO - [2024-07-07T07:45:30.470+0000] {dag.py:3096} INFO - Sync 1 DAGs
[2024-07-07T07:45:30.502+0000] {logging_mixin.py:188} INFO - [2024-07-07T07:45:30.501+0000] {dag.py:3954} INFO - Setting next_dagrun for example_display_name to None, run_after=None
[2024-07-07T07:45:30.555+0000] {processor.py:183} INFO - Processing /home/airflow/.local/lib/python3.12/site-packages/airflow/example_dags/example_display_name.py took 0.205 seconds
[2024-07-07T07:46:01.109+0000] {processor.py:161} INFO - Started process (PID=3538) to work on /home/airflow/.local/lib/python3.12/site-packages/airflow/example_dags/example_display_name.py
[2024-07-07T07:46:01.111+0000] {processor.py:830} INFO - Processing file /home/airflow/.local/lib/python3.12/site-packages/airflow/example_dags/example_display_name.py for tasks to queue
[2024-07-07T07:46:01.114+0000] {logging_mixin.py:188} INFO - [2024-07-07T07:46:01.113+0000] {dagbag.py:545} INFO - Filling up the DagBag from /home/airflow/.local/lib/python3.12/site-packages/airflow/example_dags/example_display_name.py
[2024-07-07T07:46:01.125+0000] {processor.py:840} INFO - DAG(s) 'example_display_name' retrieved from /home/airflow/.local/lib/python3.12/site-packages/airflow/example_dags/example_display_name.py
[2024-07-07T07:46:01.166+0000] {logging_mixin.py:188} INFO - [2024-07-07T07:46:01.165+0000] {dag.py:3096} INFO - Sync 1 DAGs
[2024-07-07T07:46:01.195+0000] {logging_mixin.py:188} INFO - [2024-07-07T07:46:01.194+0000] {dag.py:3954} INFO - Setting next_dagrun for example_display_name to None, run_after=None
[2024-07-07T07:46:01.231+0000] {processor.py:183} INFO - Processing /home/airflow/.local/lib/python3.12/site-packages/airflow/example_dags/example_display_name.py took 0.137 seconds
[2024-07-07T07:46:31.486+0000] {processor.py:161} INFO - Started process (PID=3599) to work on /home/airflow/.local/lib/python3.12/site-packages/airflow/example_dags/example_display_name.py
[2024-07-07T07:46:31.488+0000] {processor.py:830} INFO - Processing file /home/airflow/.local/lib/python3.12/site-packages/airflow/example_dags/example_display_name.py for tasks to queue
[2024-07-07T07:46:31.490+0000] {logging_mixin.py:188} INFO - [2024-07-07T07:46:31.489+0000] {dagbag.py:545} INFO - Filling up the DagBag from /home/airflow/.local/lib/python3.12/site-packages/airflow/example_dags/example_display_name.py
[2024-07-07T07:46:31.503+0000] {processor.py:840} INFO - DAG(s) 'example_display_name' retrieved from /home/airflow/.local/lib/python3.12/site-packages/airflow/example_dags/example_display_name.py
[2024-07-07T07:46:31.539+0000] {logging_mixin.py:188} INFO - [2024-07-07T07:46:31.539+0000] {dag.py:3096} INFO - Sync 1 DAGs
[2024-07-07T07:46:31.560+0000] {logging_mixin.py:188} INFO - [2024-07-07T07:46:31.560+0000] {dag.py:3954} INFO - Setting next_dagrun for example_display_name to None, run_after=None
[2024-07-07T07:46:31.590+0000] {processor.py:183} INFO - Processing /home/airflow/.local/lib/python3.12/site-packages/airflow/example_dags/example_display_name.py took 0.115 seconds
[2024-07-07T07:47:02.128+0000] {processor.py:161} INFO - Started process (PID=3660) to work on /home/airflow/.local/lib/python3.12/site-packages/airflow/example_dags/example_display_name.py
[2024-07-07T07:47:02.134+0000] {processor.py:830} INFO - Processing file /home/airflow/.local/lib/python3.12/site-packages/airflow/example_dags/example_display_name.py for tasks to queue
[2024-07-07T07:47:02.140+0000] {logging_mixin.py:188} INFO - [2024-07-07T07:47:02.138+0000] {dagbag.py:545} INFO - Filling up the DagBag from /home/airflow/.local/lib/python3.12/site-packages/airflow/example_dags/example_display_name.py
[2024-07-07T07:47:02.167+0000] {processor.py:840} INFO - DAG(s) 'example_display_name' retrieved from /home/airflow/.local/lib/python3.12/site-packages/airflow/example_dags/example_display_name.py
[2024-07-07T07:47:02.241+0000] {logging_mixin.py:188} INFO - [2024-07-07T07:47:02.240+0000] {dag.py:3096} INFO - Sync 1 DAGs
[2024-07-07T07:47:02.276+0000] {logging_mixin.py:188} INFO - [2024-07-07T07:47:02.275+0000] {dag.py:3954} INFO - Setting next_dagrun for example_display_name to None, run_after=None
[2024-07-07T07:47:02.333+0000] {processor.py:183} INFO - Processing /home/airflow/.local/lib/python3.12/site-packages/airflow/example_dags/example_display_name.py took 0.240 seconds
[2024-07-07T07:47:32.860+0000] {processor.py:161} INFO - Started process (PID=3720) to work on /home/airflow/.local/lib/python3.12/site-packages/airflow/example_dags/example_display_name.py
[2024-07-07T07:47:32.866+0000] {processor.py:830} INFO - Processing file /home/airflow/.local/lib/python3.12/site-packages/airflow/example_dags/example_display_name.py for tasks to queue
[2024-07-07T07:47:32.871+0000] {logging_mixin.py:188} INFO - [2024-07-07T07:47:32.870+0000] {dagbag.py:545} INFO - Filling up the DagBag from /home/airflow/.local/lib/python3.12/site-packages/airflow/example_dags/example_display_name.py
[2024-07-07T07:47:32.897+0000] {processor.py:840} INFO - DAG(s) 'example_display_name' retrieved from /home/airflow/.local/lib/python3.12/site-packages/airflow/example_dags/example_display_name.py
[2024-07-07T07:47:33.008+0000] {logging_mixin.py:188} INFO - [2024-07-07T07:47:33.006+0000] {dag.py:3096} INFO - Sync 1 DAGs
[2024-07-07T07:47:33.090+0000] {logging_mixin.py:188} INFO - [2024-07-07T07:47:33.089+0000] {dag.py:3954} INFO - Setting next_dagrun for example_display_name to None, run_after=None
[2024-07-07T07:47:33.208+0000] {processor.py:183} INFO - Processing /home/airflow/.local/lib/python3.12/site-packages/airflow/example_dags/example_display_name.py took 0.380 seconds
[2024-07-07T07:48:03.425+0000] {processor.py:161} INFO - Started process (PID=3780) to work on /home/airflow/.local/lib/python3.12/site-packages/airflow/example_dags/example_display_name.py
[2024-07-07T07:48:03.427+0000] {processor.py:830} INFO - Processing file /home/airflow/.local/lib/python3.12/site-packages/airflow/example_dags/example_display_name.py for tasks to queue
[2024-07-07T07:48:03.431+0000] {logging_mixin.py:188} INFO - [2024-07-07T07:48:03.430+0000] {dagbag.py:545} INFO - Filling up the DagBag from /home/airflow/.local/lib/python3.12/site-packages/airflow/example_dags/example_display_name.py
[2024-07-07T07:48:03.446+0000] {processor.py:840} INFO - DAG(s) 'example_display_name' retrieved from /home/airflow/.local/lib/python3.12/site-packages/airflow/example_dags/example_display_name.py
[2024-07-07T07:48:03.501+0000] {logging_mixin.py:188} INFO - [2024-07-07T07:48:03.501+0000] {dag.py:3096} INFO - Sync 1 DAGs
[2024-07-07T07:48:03.543+0000] {logging_mixin.py:188} INFO - [2024-07-07T07:48:03.542+0000] {dag.py:3954} INFO - Setting next_dagrun for example_display_name to None, run_after=None
[2024-07-07T07:48:03.608+0000] {processor.py:183} INFO - Processing /home/airflow/.local/lib/python3.12/site-packages/airflow/example_dags/example_display_name.py took 0.201 seconds
[2024-07-07T07:48:35.069+0000] {processor.py:161} INFO - Started process (PID=3840) to work on /home/airflow/.local/lib/python3.12/site-packages/airflow/example_dags/example_display_name.py
[2024-07-07T07:48:35.071+0000] {processor.py:830} INFO - Processing file /home/airflow/.local/lib/python3.12/site-packages/airflow/example_dags/example_display_name.py for tasks to queue
[2024-07-07T07:48:35.073+0000] {logging_mixin.py:188} INFO - [2024-07-07T07:48:35.073+0000] {dagbag.py:545} INFO - Filling up the DagBag from /home/airflow/.local/lib/python3.12/site-packages/airflow/example_dags/example_display_name.py
[2024-07-07T07:48:35.086+0000] {processor.py:840} INFO - DAG(s) 'example_display_name' retrieved from /home/airflow/.local/lib/python3.12/site-packages/airflow/example_dags/example_display_name.py
[2024-07-07T07:48:35.134+0000] {logging_mixin.py:188} INFO - [2024-07-07T07:48:35.134+0000] {dag.py:3096} INFO - Sync 1 DAGs
[2024-07-07T07:48:35.169+0000] {logging_mixin.py:188} INFO - [2024-07-07T07:48:35.169+0000] {dag.py:3954} INFO - Setting next_dagrun for example_display_name to None, run_after=None
[2024-07-07T07:48:35.227+0000] {processor.py:183} INFO - Processing /home/airflow/.local/lib/python3.12/site-packages/airflow/example_dags/example_display_name.py took 0.174 seconds
[2024-07-07T07:49:05.506+0000] {processor.py:161} INFO - Started process (PID=3898) to work on /home/airflow/.local/lib/python3.12/site-packages/airflow/example_dags/example_display_name.py
[2024-07-07T07:49:05.509+0000] {processor.py:830} INFO - Processing file /home/airflow/.local/lib/python3.12/site-packages/airflow/example_dags/example_display_name.py for tasks to queue
[2024-07-07T07:49:05.513+0000] {logging_mixin.py:188} INFO - [2024-07-07T07:49:05.511+0000] {dagbag.py:545} INFO - Filling up the DagBag from /home/airflow/.local/lib/python3.12/site-packages/airflow/example_dags/example_display_name.py
[2024-07-07T07:49:05.528+0000] {processor.py:840} INFO - DAG(s) 'example_display_name' retrieved from /home/airflow/.local/lib/python3.12/site-packages/airflow/example_dags/example_display_name.py
[2024-07-07T07:49:05.573+0000] {logging_mixin.py:188} INFO - [2024-07-07T07:49:05.573+0000] {dag.py:3096} INFO - Sync 1 DAGs
[2024-07-07T07:49:05.595+0000] {logging_mixin.py:188} INFO - [2024-07-07T07:49:05.595+0000] {dag.py:3954} INFO - Setting next_dagrun for example_display_name to None, run_after=None
[2024-07-07T07:49:05.631+0000] {processor.py:183} INFO - Processing /home/airflow/.local/lib/python3.12/site-packages/airflow/example_dags/example_display_name.py took 0.151 seconds
[2024-07-07T07:49:36.166+0000] {processor.py:161} INFO - Started process (PID=3956) to work on /home/airflow/.local/lib/python3.12/site-packages/airflow/example_dags/example_display_name.py
[2024-07-07T07:49:36.168+0000] {processor.py:830} INFO - Processing file /home/airflow/.local/lib/python3.12/site-packages/airflow/example_dags/example_display_name.py for tasks to queue
[2024-07-07T07:49:36.171+0000] {logging_mixin.py:188} INFO - [2024-07-07T07:49:36.170+0000] {dagbag.py:545} INFO - Filling up the DagBag from /home/airflow/.local/lib/python3.12/site-packages/airflow/example_dags/example_display_name.py
[2024-07-07T07:49:36.183+0000] {processor.py:840} INFO - DAG(s) 'example_display_name' retrieved from /home/airflow/.local/lib/python3.12/site-packages/airflow/example_dags/example_display_name.py
[2024-07-07T07:49:36.231+0000] {logging_mixin.py:188} INFO - [2024-07-07T07:49:36.231+0000] {dag.py:3096} INFO - Sync 1 DAGs
[2024-07-07T07:49:36.261+0000] {logging_mixin.py:188} INFO - [2024-07-07T07:49:36.260+0000] {dag.py:3954} INFO - Setting next_dagrun for example_display_name to None, run_after=None
[2024-07-07T07:49:36.312+0000] {processor.py:183} INFO - Processing /home/airflow/.local/lib/python3.12/site-packages/airflow/example_dags/example_display_name.py took 0.164 seconds
[2024-07-07T07:50:07.069+0000] {processor.py:161} INFO - Started process (PID=4016) to work on /home/airflow/.local/lib/python3.12/site-packages/airflow/example_dags/example_display_name.py
[2024-07-07T07:50:07.071+0000] {processor.py:830} INFO - Processing file /home/airflow/.local/lib/python3.12/site-packages/airflow/example_dags/example_display_name.py for tasks to queue
[2024-07-07T07:50:07.073+0000] {logging_mixin.py:188} INFO - [2024-07-07T07:50:07.072+0000] {dagbag.py:545} INFO - Filling up the DagBag from /home/airflow/.local/lib/python3.12/site-packages/airflow/example_dags/example_display_name.py
[2024-07-07T07:50:07.082+0000] {processor.py:840} INFO - DAG(s) 'example_display_name' retrieved from /home/airflow/.local/lib/python3.12/site-packages/airflow/example_dags/example_display_name.py
[2024-07-07T07:50:07.125+0000] {logging_mixin.py:188} INFO - [2024-07-07T07:50:07.125+0000] {dag.py:3096} INFO - Sync 1 DAGs
[2024-07-07T07:50:07.174+0000] {logging_mixin.py:188} INFO - [2024-07-07T07:50:07.173+0000] {dag.py:3954} INFO - Setting next_dagrun for example_display_name to None, run_after=None
[2024-07-07T07:50:07.222+0000] {processor.py:183} INFO - Processing /home/airflow/.local/lib/python3.12/site-packages/airflow/example_dags/example_display_name.py took 0.165 seconds
[2024-07-07T07:50:37.778+0000] {processor.py:161} INFO - Started process (PID=4076) to work on /home/airflow/.local/lib/python3.12/site-packages/airflow/example_dags/example_display_name.py
[2024-07-07T07:50:37.780+0000] {processor.py:830} INFO - Processing file /home/airflow/.local/lib/python3.12/site-packages/airflow/example_dags/example_display_name.py for tasks to queue
[2024-07-07T07:50:37.782+0000] {logging_mixin.py:188} INFO - [2024-07-07T07:50:37.781+0000] {dagbag.py:545} INFO - Filling up the DagBag from /home/airflow/.local/lib/python3.12/site-packages/airflow/example_dags/example_display_name.py
[2024-07-07T07:50:37.794+0000] {processor.py:840} INFO - DAG(s) 'example_display_name' retrieved from /home/airflow/.local/lib/python3.12/site-packages/airflow/example_dags/example_display_name.py
[2024-07-07T07:50:37.831+0000] {logging_mixin.py:188} INFO - [2024-07-07T07:50:37.831+0000] {dag.py:3096} INFO - Sync 1 DAGs
[2024-07-07T07:50:37.854+0000] {logging_mixin.py:188} INFO - [2024-07-07T07:50:37.854+0000] {dag.py:3954} INFO - Setting next_dagrun for example_display_name to None, run_after=None
[2024-07-07T07:50:37.892+0000] {processor.py:183} INFO - Processing /home/airflow/.local/lib/python3.12/site-packages/airflow/example_dags/example_display_name.py took 0.129 seconds
[2024-07-07T07:51:08.875+0000] {processor.py:161} INFO - Started process (PID=4136) to work on /home/airflow/.local/lib/python3.12/site-packages/airflow/example_dags/example_display_name.py
[2024-07-07T07:51:08.876+0000] {processor.py:830} INFO - Processing file /home/airflow/.local/lib/python3.12/site-packages/airflow/example_dags/example_display_name.py for tasks to queue
[2024-07-07T07:51:08.878+0000] {logging_mixin.py:188} INFO - [2024-07-07T07:51:08.877+0000] {dagbag.py:545} INFO - Filling up the DagBag from /home/airflow/.local/lib/python3.12/site-packages/airflow/example_dags/example_display_name.py
[2024-07-07T07:51:08.885+0000] {processor.py:840} INFO - DAG(s) 'example_display_name' retrieved from /home/airflow/.local/lib/python3.12/site-packages/airflow/example_dags/example_display_name.py
[2024-07-07T07:51:08.914+0000] {logging_mixin.py:188} INFO - [2024-07-07T07:51:08.914+0000] {dag.py:3096} INFO - Sync 1 DAGs
[2024-07-07T07:51:08.931+0000] {logging_mixin.py:188} INFO - [2024-07-07T07:51:08.931+0000] {dag.py:3954} INFO - Setting next_dagrun for example_display_name to None, run_after=None
[2024-07-07T07:51:08.955+0000] {processor.py:183} INFO - Processing /home/airflow/.local/lib/python3.12/site-packages/airflow/example_dags/example_display_name.py took 0.090 seconds
[2024-07-07T07:51:39.901+0000] {processor.py:161} INFO - Started process (PID=4196) to work on /home/airflow/.local/lib/python3.12/site-packages/airflow/example_dags/example_display_name.py
[2024-07-07T07:51:39.903+0000] {processor.py:830} INFO - Processing file /home/airflow/.local/lib/python3.12/site-packages/airflow/example_dags/example_display_name.py for tasks to queue
[2024-07-07T07:51:39.905+0000] {logging_mixin.py:188} INFO - [2024-07-07T07:51:39.904+0000] {dagbag.py:545} INFO - Filling up the DagBag from /home/airflow/.local/lib/python3.12/site-packages/airflow/example_dags/example_display_name.py
[2024-07-07T07:51:39.912+0000] {processor.py:840} INFO - DAG(s) 'example_display_name' retrieved from /home/airflow/.local/lib/python3.12/site-packages/airflow/example_dags/example_display_name.py
[2024-07-07T07:51:39.942+0000] {logging_mixin.py:188} INFO - [2024-07-07T07:51:39.942+0000] {dag.py:3096} INFO - Sync 1 DAGs
[2024-07-07T07:51:39.960+0000] {logging_mixin.py:188} INFO - [2024-07-07T07:51:39.960+0000] {dag.py:3954} INFO - Setting next_dagrun for example_display_name to None, run_after=None
[2024-07-07T07:51:39.985+0000] {processor.py:183} INFO - Processing /home/airflow/.local/lib/python3.12/site-packages/airflow/example_dags/example_display_name.py took 0.098 seconds
[2024-07-07T07:52:10.526+0000] {processor.py:161} INFO - Started process (PID=4256) to work on /home/airflow/.local/lib/python3.12/site-packages/airflow/example_dags/example_display_name.py
[2024-07-07T07:52:10.529+0000] {processor.py:830} INFO - Processing file /home/airflow/.local/lib/python3.12/site-packages/airflow/example_dags/example_display_name.py for tasks to queue
[2024-07-07T07:52:10.531+0000] {logging_mixin.py:188} INFO - [2024-07-07T07:52:10.530+0000] {dagbag.py:545} INFO - Filling up the DagBag from /home/airflow/.local/lib/python3.12/site-packages/airflow/example_dags/example_display_name.py
[2024-07-07T07:52:10.540+0000] {processor.py:840} INFO - DAG(s) 'example_display_name' retrieved from /home/airflow/.local/lib/python3.12/site-packages/airflow/example_dags/example_display_name.py
[2024-07-07T07:52:10.571+0000] {logging_mixin.py:188} INFO - [2024-07-07T07:52:10.571+0000] {dag.py:3096} INFO - Sync 1 DAGs
[2024-07-07T07:52:10.588+0000] {logging_mixin.py:188} INFO - [2024-07-07T07:52:10.588+0000] {dag.py:3954} INFO - Setting next_dagrun for example_display_name to None, run_after=None
[2024-07-07T07:52:10.613+0000] {processor.py:183} INFO - Processing /home/airflow/.local/lib/python3.12/site-packages/airflow/example_dags/example_display_name.py took 0.100 seconds
[2024-07-07T07:52:41.011+0000] {processor.py:161} INFO - Started process (PID=4316) to work on /home/airflow/.local/lib/python3.12/site-packages/airflow/example_dags/example_display_name.py
[2024-07-07T07:52:41.013+0000] {processor.py:830} INFO - Processing file /home/airflow/.local/lib/python3.12/site-packages/airflow/example_dags/example_display_name.py for tasks to queue
[2024-07-07T07:52:41.015+0000] {logging_mixin.py:188} INFO - [2024-07-07T07:52:41.014+0000] {dagbag.py:545} INFO - Filling up the DagBag from /home/airflow/.local/lib/python3.12/site-packages/airflow/example_dags/example_display_name.py
[2024-07-07T07:52:41.022+0000] {processor.py:840} INFO - DAG(s) 'example_display_name' retrieved from /home/airflow/.local/lib/python3.12/site-packages/airflow/example_dags/example_display_name.py
[2024-07-07T07:52:41.053+0000] {logging_mixin.py:188} INFO - [2024-07-07T07:52:41.053+0000] {dag.py:3096} INFO - Sync 1 DAGs
[2024-07-07T07:52:41.071+0000] {logging_mixin.py:188} INFO - [2024-07-07T07:52:41.071+0000] {dag.py:3954} INFO - Setting next_dagrun for example_display_name to None, run_after=None
[2024-07-07T07:52:41.104+0000] {processor.py:183} INFO - Processing /home/airflow/.local/lib/python3.12/site-packages/airflow/example_dags/example_display_name.py took 0.102 seconds
[2024-07-07T07:53:11.357+0000] {processor.py:161} INFO - Started process (PID=4376) to work on /home/airflow/.local/lib/python3.12/site-packages/airflow/example_dags/example_display_name.py
[2024-07-07T07:53:11.359+0000] {processor.py:830} INFO - Processing file /home/airflow/.local/lib/python3.12/site-packages/airflow/example_dags/example_display_name.py for tasks to queue
[2024-07-07T07:53:11.361+0000] {logging_mixin.py:188} INFO - [2024-07-07T07:53:11.360+0000] {dagbag.py:545} INFO - Filling up the DagBag from /home/airflow/.local/lib/python3.12/site-packages/airflow/example_dags/example_display_name.py
[2024-07-07T07:53:11.368+0000] {processor.py:840} INFO - DAG(s) 'example_display_name' retrieved from /home/airflow/.local/lib/python3.12/site-packages/airflow/example_dags/example_display_name.py
[2024-07-07T07:53:11.397+0000] {logging_mixin.py:188} INFO - [2024-07-07T07:53:11.397+0000] {dag.py:3096} INFO - Sync 1 DAGs
[2024-07-07T07:53:11.419+0000] {logging_mixin.py:188} INFO - [2024-07-07T07:53:11.419+0000] {dag.py:3954} INFO - Setting next_dagrun for example_display_name to None, run_after=None
[2024-07-07T07:53:11.454+0000] {processor.py:183} INFO - Processing /home/airflow/.local/lib/python3.12/site-packages/airflow/example_dags/example_display_name.py took 0.105 seconds
[2024-07-07T07:53:41.902+0000] {processor.py:161} INFO - Started process (PID=4436) to work on /home/airflow/.local/lib/python3.12/site-packages/airflow/example_dags/example_display_name.py
[2024-07-07T07:53:41.904+0000] {processor.py:830} INFO - Processing file /home/airflow/.local/lib/python3.12/site-packages/airflow/example_dags/example_display_name.py for tasks to queue
[2024-07-07T07:53:41.906+0000] {logging_mixin.py:188} INFO - [2024-07-07T07:53:41.906+0000] {dagbag.py:545} INFO - Filling up the DagBag from /home/airflow/.local/lib/python3.12/site-packages/airflow/example_dags/example_display_name.py
[2024-07-07T07:53:41.914+0000] {processor.py:840} INFO - DAG(s) 'example_display_name' retrieved from /home/airflow/.local/lib/python3.12/site-packages/airflow/example_dags/example_display_name.py
[2024-07-07T07:53:41.941+0000] {logging_mixin.py:188} INFO - [2024-07-07T07:53:41.941+0000] {dag.py:3096} INFO - Sync 1 DAGs
[2024-07-07T07:53:41.959+0000] {logging_mixin.py:188} INFO - [2024-07-07T07:53:41.959+0000] {dag.py:3954} INFO - Setting next_dagrun for example_display_name to None, run_after=None
[2024-07-07T07:53:41.992+0000] {processor.py:183} INFO - Processing /home/airflow/.local/lib/python3.12/site-packages/airflow/example_dags/example_display_name.py took 0.101 seconds
[2024-07-07T07:54:12.407+0000] {processor.py:161} INFO - Started process (PID=4496) to work on /home/airflow/.local/lib/python3.12/site-packages/airflow/example_dags/example_display_name.py
[2024-07-07T07:54:12.409+0000] {processor.py:830} INFO - Processing file /home/airflow/.local/lib/python3.12/site-packages/airflow/example_dags/example_display_name.py for tasks to queue
[2024-07-07T07:54:12.410+0000] {logging_mixin.py:188} INFO - [2024-07-07T07:54:12.410+0000] {dagbag.py:545} INFO - Filling up the DagBag from /home/airflow/.local/lib/python3.12/site-packages/airflow/example_dags/example_display_name.py
[2024-07-07T07:54:12.418+0000] {processor.py:840} INFO - DAG(s) 'example_display_name' retrieved from /home/airflow/.local/lib/python3.12/site-packages/airflow/example_dags/example_display_name.py
[2024-07-07T07:54:12.449+0000] {logging_mixin.py:188} INFO - [2024-07-07T07:54:12.449+0000] {dag.py:3096} INFO - Sync 1 DAGs
[2024-07-07T07:54:12.466+0000] {logging_mixin.py:188} INFO - [2024-07-07T07:54:12.466+0000] {dag.py:3954} INFO - Setting next_dagrun for example_display_name to None, run_after=None
[2024-07-07T07:54:12.490+0000] {processor.py:183} INFO - Processing /home/airflow/.local/lib/python3.12/site-packages/airflow/example_dags/example_display_name.py took 0.096 seconds
[2024-07-07T07:54:43.082+0000] {processor.py:161} INFO - Started process (PID=4556) to work on /home/airflow/.local/lib/python3.12/site-packages/airflow/example_dags/example_display_name.py
[2024-07-07T07:54:43.084+0000] {processor.py:830} INFO - Processing file /home/airflow/.local/lib/python3.12/site-packages/airflow/example_dags/example_display_name.py for tasks to queue
[2024-07-07T07:54:43.086+0000] {logging_mixin.py:188} INFO - [2024-07-07T07:54:43.085+0000] {dagbag.py:545} INFO - Filling up the DagBag from /home/airflow/.local/lib/python3.12/site-packages/airflow/example_dags/example_display_name.py
[2024-07-07T07:54:43.095+0000] {processor.py:840} INFO - DAG(s) 'example_display_name' retrieved from /home/airflow/.local/lib/python3.12/site-packages/airflow/example_dags/example_display_name.py
[2024-07-07T07:54:43.134+0000] {logging_mixin.py:188} INFO - [2024-07-07T07:54:43.133+0000] {dag.py:3096} INFO - Sync 1 DAGs
[2024-07-07T07:54:43.156+0000] {logging_mixin.py:188} INFO - [2024-07-07T07:54:43.156+0000] {dag.py:3954} INFO - Setting next_dagrun for example_display_name to None, run_after=None
[2024-07-07T07:54:43.187+0000] {processor.py:183} INFO - Processing /home/airflow/.local/lib/python3.12/site-packages/airflow/example_dags/example_display_name.py took 0.117 seconds
[2024-07-07T07:55:13.625+0000] {processor.py:161} INFO - Started process (PID=4616) to work on /home/airflow/.local/lib/python3.12/site-packages/airflow/example_dags/example_display_name.py
[2024-07-07T07:55:13.627+0000] {processor.py:830} INFO - Processing file /home/airflow/.local/lib/python3.12/site-packages/airflow/example_dags/example_display_name.py for tasks to queue
[2024-07-07T07:55:13.629+0000] {logging_mixin.py:188} INFO - [2024-07-07T07:55:13.629+0000] {dagbag.py:545} INFO - Filling up the DagBag from /home/airflow/.local/lib/python3.12/site-packages/airflow/example_dags/example_display_name.py
[2024-07-07T07:55:13.640+0000] {processor.py:840} INFO - DAG(s) 'example_display_name' retrieved from /home/airflow/.local/lib/python3.12/site-packages/airflow/example_dags/example_display_name.py
[2024-07-07T07:55:13.674+0000] {logging_mixin.py:188} INFO - [2024-07-07T07:55:13.674+0000] {dag.py:3096} INFO - Sync 1 DAGs
[2024-07-07T07:55:13.691+0000] {logging_mixin.py:188} INFO - [2024-07-07T07:55:13.691+0000] {dag.py:3954} INFO - Setting next_dagrun for example_display_name to None, run_after=None
[2024-07-07T07:55:13.724+0000] {processor.py:183} INFO - Processing /home/airflow/.local/lib/python3.12/site-packages/airflow/example_dags/example_display_name.py took 0.108 seconds
[2024-07-07T07:55:44.336+0000] {processor.py:161} INFO - Started process (PID=4676) to work on /home/airflow/.local/lib/python3.12/site-packages/airflow/example_dags/example_display_name.py
[2024-07-07T07:55:44.338+0000] {processor.py:830} INFO - Processing file /home/airflow/.local/lib/python3.12/site-packages/airflow/example_dags/example_display_name.py for tasks to queue
[2024-07-07T07:55:44.340+0000] {logging_mixin.py:188} INFO - [2024-07-07T07:55:44.340+0000] {dagbag.py:545} INFO - Filling up the DagBag from /home/airflow/.local/lib/python3.12/site-packages/airflow/example_dags/example_display_name.py
[2024-07-07T07:55:44.347+0000] {processor.py:840} INFO - DAG(s) 'example_display_name' retrieved from /home/airflow/.local/lib/python3.12/site-packages/airflow/example_dags/example_display_name.py
[2024-07-07T07:55:44.375+0000] {logging_mixin.py:188} INFO - [2024-07-07T07:55:44.375+0000] {dag.py:3096} INFO - Sync 1 DAGs
[2024-07-07T07:55:44.392+0000] {logging_mixin.py:188} INFO - [2024-07-07T07:55:44.392+0000] {dag.py:3954} INFO - Setting next_dagrun for example_display_name to None, run_after=None
[2024-07-07T07:55:44.425+0000] {processor.py:183} INFO - Processing /home/airflow/.local/lib/python3.12/site-packages/airflow/example_dags/example_display_name.py took 0.098 seconds
[2024-07-07T07:56:14.679+0000] {processor.py:161} INFO - Started process (PID=4736) to work on /home/airflow/.local/lib/python3.12/site-packages/airflow/example_dags/example_display_name.py
[2024-07-07T07:56:14.681+0000] {processor.py:830} INFO - Processing file /home/airflow/.local/lib/python3.12/site-packages/airflow/example_dags/example_display_name.py for tasks to queue
[2024-07-07T07:56:14.683+0000] {logging_mixin.py:188} INFO - [2024-07-07T07:56:14.683+0000] {dagbag.py:545} INFO - Filling up the DagBag from /home/airflow/.local/lib/python3.12/site-packages/airflow/example_dags/example_display_name.py
[2024-07-07T07:56:14.691+0000] {processor.py:840} INFO - DAG(s) 'example_display_name' retrieved from /home/airflow/.local/lib/python3.12/site-packages/airflow/example_dags/example_display_name.py
[2024-07-07T07:56:14.720+0000] {logging_mixin.py:188} INFO - [2024-07-07T07:56:14.719+0000] {dag.py:3096} INFO - Sync 1 DAGs
[2024-07-07T07:56:14.737+0000] {logging_mixin.py:188} INFO - [2024-07-07T07:56:14.737+0000] {dag.py:3954} INFO - Setting next_dagrun for example_display_name to None, run_after=None
[2024-07-07T07:56:14.773+0000] {processor.py:183} INFO - Processing /home/airflow/.local/lib/python3.12/site-packages/airflow/example_dags/example_display_name.py took 0.109 seconds
[2024-07-07T07:56:45.296+0000] {processor.py:161} INFO - Started process (PID=4796) to work on /home/airflow/.local/lib/python3.12/site-packages/airflow/example_dags/example_display_name.py
[2024-07-07T07:56:45.298+0000] {processor.py:830} INFO - Processing file /home/airflow/.local/lib/python3.12/site-packages/airflow/example_dags/example_display_name.py for tasks to queue
[2024-07-07T07:56:45.299+0000] {logging_mixin.py:188} INFO - [2024-07-07T07:56:45.299+0000] {dagbag.py:545} INFO - Filling up the DagBag from /home/airflow/.local/lib/python3.12/site-packages/airflow/example_dags/example_display_name.py
[2024-07-07T07:56:45.306+0000] {processor.py:840} INFO - DAG(s) 'example_display_name' retrieved from /home/airflow/.local/lib/python3.12/site-packages/airflow/example_dags/example_display_name.py
[2024-07-07T07:56:45.333+0000] {logging_mixin.py:188} INFO - [2024-07-07T07:56:45.333+0000] {dag.py:3096} INFO - Sync 1 DAGs
[2024-07-07T07:56:45.349+0000] {logging_mixin.py:188} INFO - [2024-07-07T07:56:45.349+0000] {dag.py:3954} INFO - Setting next_dagrun for example_display_name to None, run_after=None
[2024-07-07T07:56:45.382+0000] {processor.py:183} INFO - Processing /home/airflow/.local/lib/python3.12/site-packages/airflow/example_dags/example_display_name.py took 0.094 seconds
[2024-07-07T07:57:15.687+0000] {processor.py:161} INFO - Started process (PID=4856) to work on /home/airflow/.local/lib/python3.12/site-packages/airflow/example_dags/example_display_name.py
[2024-07-07T07:57:15.689+0000] {processor.py:830} INFO - Processing file /home/airflow/.local/lib/python3.12/site-packages/airflow/example_dags/example_display_name.py for tasks to queue
[2024-07-07T07:57:15.691+0000] {logging_mixin.py:188} INFO - [2024-07-07T07:57:15.690+0000] {dagbag.py:545} INFO - Filling up the DagBag from /home/airflow/.local/lib/python3.12/site-packages/airflow/example_dags/example_display_name.py
[2024-07-07T07:57:15.699+0000] {processor.py:840} INFO - DAG(s) 'example_display_name' retrieved from /home/airflow/.local/lib/python3.12/site-packages/airflow/example_dags/example_display_name.py
[2024-07-07T07:57:15.728+0000] {logging_mixin.py:188} INFO - [2024-07-07T07:57:15.728+0000] {dag.py:3096} INFO - Sync 1 DAGs
[2024-07-07T07:57:15.745+0000] {logging_mixin.py:188} INFO - [2024-07-07T07:57:15.745+0000] {dag.py:3954} INFO - Setting next_dagrun for example_display_name to None, run_after=None
[2024-07-07T07:57:15.779+0000] {processor.py:183} INFO - Processing /home/airflow/.local/lib/python3.12/site-packages/airflow/example_dags/example_display_name.py took 0.107 seconds
[2024-07-07T07:57:46.016+0000] {processor.py:161} INFO - Started process (PID=4916) to work on /home/airflow/.local/lib/python3.12/site-packages/airflow/example_dags/example_display_name.py
[2024-07-07T07:57:46.017+0000] {processor.py:830} INFO - Processing file /home/airflow/.local/lib/python3.12/site-packages/airflow/example_dags/example_display_name.py for tasks to queue
[2024-07-07T07:57:46.019+0000] {logging_mixin.py:188} INFO - [2024-07-07T07:57:46.019+0000] {dagbag.py:545} INFO - Filling up the DagBag from /home/airflow/.local/lib/python3.12/site-packages/airflow/example_dags/example_display_name.py
[2024-07-07T07:57:46.027+0000] {processor.py:840} INFO - DAG(s) 'example_display_name' retrieved from /home/airflow/.local/lib/python3.12/site-packages/airflow/example_dags/example_display_name.py
[2024-07-07T07:57:46.056+0000] {logging_mixin.py:188} INFO - [2024-07-07T07:57:46.056+0000] {dag.py:3096} INFO - Sync 1 DAGs
[2024-07-07T07:57:46.073+0000] {logging_mixin.py:188} INFO - [2024-07-07T07:57:46.073+0000] {dag.py:3954} INFO - Setting next_dagrun for example_display_name to None, run_after=None
[2024-07-07T07:57:46.106+0000] {processor.py:183} INFO - Processing /home/airflow/.local/lib/python3.12/site-packages/airflow/example_dags/example_display_name.py took 0.099 seconds
[2024-07-07T07:58:16.202+0000] {processor.py:161} INFO - Started process (PID=4976) to work on /home/airflow/.local/lib/python3.12/site-packages/airflow/example_dags/example_display_name.py
[2024-07-07T07:58:16.203+0000] {processor.py:830} INFO - Processing file /home/airflow/.local/lib/python3.12/site-packages/airflow/example_dags/example_display_name.py for tasks to queue
[2024-07-07T07:58:16.204+0000] {logging_mixin.py:188} INFO - [2024-07-07T07:58:16.204+0000] {dagbag.py:545} INFO - Filling up the DagBag from /home/airflow/.local/lib/python3.12/site-packages/airflow/example_dags/example_display_name.py
[2024-07-07T07:58:16.211+0000] {processor.py:840} INFO - DAG(s) 'example_display_name' retrieved from /home/airflow/.local/lib/python3.12/site-packages/airflow/example_dags/example_display_name.py
[2024-07-07T07:58:16.238+0000] {logging_mixin.py:188} INFO - [2024-07-07T07:58:16.238+0000] {dag.py:3096} INFO - Sync 1 DAGs
[2024-07-07T07:58:16.255+0000] {logging_mixin.py:188} INFO - [2024-07-07T07:58:16.255+0000] {dag.py:3954} INFO - Setting next_dagrun for example_display_name to None, run_after=None
[2024-07-07T07:58:16.289+0000] {processor.py:183} INFO - Processing /home/airflow/.local/lib/python3.12/site-packages/airflow/example_dags/example_display_name.py took 0.095 seconds
[2024-07-07T07:58:47.190+0000] {processor.py:161} INFO - Started process (PID=5036) to work on /home/airflow/.local/lib/python3.12/site-packages/airflow/example_dags/example_display_name.py
[2024-07-07T07:58:47.194+0000] {processor.py:830} INFO - Processing file /home/airflow/.local/lib/python3.12/site-packages/airflow/example_dags/example_display_name.py for tasks to queue
[2024-07-07T07:58:47.198+0000] {logging_mixin.py:188} INFO - [2024-07-07T07:58:47.196+0000] {dagbag.py:545} INFO - Filling up the DagBag from /home/airflow/.local/lib/python3.12/site-packages/airflow/example_dags/example_display_name.py
[2024-07-07T07:58:47.210+0000] {processor.py:840} INFO - DAG(s) 'example_display_name' retrieved from /home/airflow/.local/lib/python3.12/site-packages/airflow/example_dags/example_display_name.py
[2024-07-07T07:58:47.242+0000] {logging_mixin.py:188} INFO - [2024-07-07T07:58:47.242+0000] {dag.py:3096} INFO - Sync 1 DAGs
[2024-07-07T07:58:47.264+0000] {logging_mixin.py:188} INFO - [2024-07-07T07:58:47.263+0000] {dag.py:3954} INFO - Setting next_dagrun for example_display_name to None, run_after=None
[2024-07-07T07:58:47.297+0000] {processor.py:183} INFO - Processing /home/airflow/.local/lib/python3.12/site-packages/airflow/example_dags/example_display_name.py took 0.144 seconds
[2024-07-07T07:59:17.597+0000] {processor.py:161} INFO - Started process (PID=5096) to work on /home/airflow/.local/lib/python3.12/site-packages/airflow/example_dags/example_display_name.py
[2024-07-07T07:59:17.599+0000] {processor.py:830} INFO - Processing file /home/airflow/.local/lib/python3.12/site-packages/airflow/example_dags/example_display_name.py for tasks to queue
[2024-07-07T07:59:17.601+0000] {logging_mixin.py:188} INFO - [2024-07-07T07:59:17.600+0000] {dagbag.py:545} INFO - Filling up the DagBag from /home/airflow/.local/lib/python3.12/site-packages/airflow/example_dags/example_display_name.py
[2024-07-07T07:59:17.608+0000] {processor.py:840} INFO - DAG(s) 'example_display_name' retrieved from /home/airflow/.local/lib/python3.12/site-packages/airflow/example_dags/example_display_name.py
[2024-07-07T07:59:17.638+0000] {logging_mixin.py:188} INFO - [2024-07-07T07:59:17.637+0000] {dag.py:3096} INFO - Sync 1 DAGs
[2024-07-07T07:59:17.655+0000] {logging_mixin.py:188} INFO - [2024-07-07T07:59:17.654+0000] {dag.py:3954} INFO - Setting next_dagrun for example_display_name to None, run_after=None
[2024-07-07T07:59:17.691+0000] {processor.py:183} INFO - Processing /home/airflow/.local/lib/python3.12/site-packages/airflow/example_dags/example_display_name.py took 0.103 seconds
[2024-07-07T07:59:47.822+0000] {processor.py:161} INFO - Started process (PID=5156) to work on /home/airflow/.local/lib/python3.12/site-packages/airflow/example_dags/example_display_name.py
[2024-07-07T07:59:47.824+0000] {processor.py:830} INFO - Processing file /home/airflow/.local/lib/python3.12/site-packages/airflow/example_dags/example_display_name.py for tasks to queue
[2024-07-07T07:59:47.826+0000] {logging_mixin.py:188} INFO - [2024-07-07T07:59:47.825+0000] {dagbag.py:545} INFO - Filling up the DagBag from /home/airflow/.local/lib/python3.12/site-packages/airflow/example_dags/example_display_name.py
[2024-07-07T07:59:47.834+0000] {processor.py:840} INFO - DAG(s) 'example_display_name' retrieved from /home/airflow/.local/lib/python3.12/site-packages/airflow/example_dags/example_display_name.py
[2024-07-07T07:59:47.861+0000] {logging_mixin.py:188} INFO - [2024-07-07T07:59:47.861+0000] {dag.py:3096} INFO - Sync 1 DAGs
[2024-07-07T07:59:47.882+0000] {logging_mixin.py:188} INFO - [2024-07-07T07:59:47.881+0000] {dag.py:3954} INFO - Setting next_dagrun for example_display_name to None, run_after=None
[2024-07-07T07:59:47.914+0000] {processor.py:183} INFO - Processing /home/airflow/.local/lib/python3.12/site-packages/airflow/example_dags/example_display_name.py took 0.105 seconds
[2024-07-07T08:00:18.734+0000] {processor.py:161} INFO - Started process (PID=5216) to work on /home/airflow/.local/lib/python3.12/site-packages/airflow/example_dags/example_display_name.py
[2024-07-07T08:00:18.736+0000] {processor.py:830} INFO - Processing file /home/airflow/.local/lib/python3.12/site-packages/airflow/example_dags/example_display_name.py for tasks to queue
[2024-07-07T08:00:18.737+0000] {logging_mixin.py:188} INFO - [2024-07-07T08:00:18.737+0000] {dagbag.py:545} INFO - Filling up the DagBag from /home/airflow/.local/lib/python3.12/site-packages/airflow/example_dags/example_display_name.py
[2024-07-07T08:00:18.744+0000] {processor.py:840} INFO - DAG(s) 'example_display_name' retrieved from /home/airflow/.local/lib/python3.12/site-packages/airflow/example_dags/example_display_name.py
[2024-07-07T08:00:18.772+0000] {logging_mixin.py:188} INFO - [2024-07-07T08:00:18.772+0000] {dag.py:3096} INFO - Sync 1 DAGs
[2024-07-07T08:00:18.790+0000] {logging_mixin.py:188} INFO - [2024-07-07T08:00:18.790+0000] {dag.py:3954} INFO - Setting next_dagrun for example_display_name to None, run_after=None
[2024-07-07T08:00:18.823+0000] {processor.py:183} INFO - Processing /home/airflow/.local/lib/python3.12/site-packages/airflow/example_dags/example_display_name.py took 0.096 seconds
[2024-07-07T08:00:49.529+0000] {processor.py:161} INFO - Started process (PID=5276) to work on /home/airflow/.local/lib/python3.12/site-packages/airflow/example_dags/example_display_name.py
[2024-07-07T08:00:49.532+0000] {processor.py:830} INFO - Processing file /home/airflow/.local/lib/python3.12/site-packages/airflow/example_dags/example_display_name.py for tasks to queue
[2024-07-07T08:00:49.534+0000] {logging_mixin.py:188} INFO - [2024-07-07T08:00:49.534+0000] {dagbag.py:545} INFO - Filling up the DagBag from /home/airflow/.local/lib/python3.12/site-packages/airflow/example_dags/example_display_name.py
[2024-07-07T08:00:49.544+0000] {processor.py:840} INFO - DAG(s) 'example_display_name' retrieved from /home/airflow/.local/lib/python3.12/site-packages/airflow/example_dags/example_display_name.py
[2024-07-07T08:00:49.582+0000] {logging_mixin.py:188} INFO - [2024-07-07T08:00:49.581+0000] {dag.py:3096} INFO - Sync 1 DAGs
[2024-07-07T08:00:49.603+0000] {logging_mixin.py:188} INFO - [2024-07-07T08:00:49.603+0000] {dag.py:3954} INFO - Setting next_dagrun for example_display_name to None, run_after=None
[2024-07-07T08:00:49.631+0000] {processor.py:183} INFO - Processing /home/airflow/.local/lib/python3.12/site-packages/airflow/example_dags/example_display_name.py took 0.113 seconds
[2024-07-07T08:05:33.626+0000] {processor.py:161} INFO - Started process (PID=5321) to work on /home/airflow/.local/lib/python3.12/site-packages/airflow/example_dags/example_display_name.py
[2024-07-07T08:05:33.629+0000] {processor.py:830} INFO - Processing file /home/airflow/.local/lib/python3.12/site-packages/airflow/example_dags/example_display_name.py for tasks to queue
[2024-07-07T08:05:33.631+0000] {logging_mixin.py:188} INFO - [2024-07-07T08:05:33.630+0000] {dagbag.py:545} INFO - Filling up the DagBag from /home/airflow/.local/lib/python3.12/site-packages/airflow/example_dags/example_display_name.py
[2024-07-07T08:05:33.646+0000] {processor.py:840} INFO - DAG(s) 'example_display_name' retrieved from /home/airflow/.local/lib/python3.12/site-packages/airflow/example_dags/example_display_name.py
[2024-07-07T08:05:33.697+0000] {logging_mixin.py:188} INFO - [2024-07-07T08:05:33.697+0000] {dag.py:3096} INFO - Sync 1 DAGs
[2024-07-07T08:05:33.764+0000] {logging_mixin.py:188} INFO - [2024-07-07T08:05:33.763+0000] {dag.py:3954} INFO - Setting next_dagrun for example_display_name to None, run_after=None
[2024-07-07T08:05:33.903+0000] {processor.py:183} INFO - Processing /home/airflow/.local/lib/python3.12/site-packages/airflow/example_dags/example_display_name.py took 0.292 seconds
[2024-07-07T08:06:04.213+0000] {processor.py:161} INFO - Started process (PID=5380) to work on /home/airflow/.local/lib/python3.12/site-packages/airflow/example_dags/example_display_name.py
[2024-07-07T08:06:04.215+0000] {processor.py:830} INFO - Processing file /home/airflow/.local/lib/python3.12/site-packages/airflow/example_dags/example_display_name.py for tasks to queue
[2024-07-07T08:06:04.217+0000] {logging_mixin.py:188} INFO - [2024-07-07T08:06:04.216+0000] {dagbag.py:545} INFO - Filling up the DagBag from /home/airflow/.local/lib/python3.12/site-packages/airflow/example_dags/example_display_name.py
[2024-07-07T08:06:04.229+0000] {processor.py:840} INFO - DAG(s) 'example_display_name' retrieved from /home/airflow/.local/lib/python3.12/site-packages/airflow/example_dags/example_display_name.py
[2024-07-07T08:06:04.280+0000] {logging_mixin.py:188} INFO - [2024-07-07T08:06:04.279+0000] {dag.py:3096} INFO - Sync 1 DAGs
[2024-07-07T08:06:04.338+0000] {logging_mixin.py:188} INFO - [2024-07-07T08:06:04.337+0000] {dag.py:3954} INFO - Setting next_dagrun for example_display_name to None, run_after=None
[2024-07-07T08:06:04.412+0000] {processor.py:183} INFO - Processing /home/airflow/.local/lib/python3.12/site-packages/airflow/example_dags/example_display_name.py took 0.215 seconds
