[2024-07-07T00:00:21.911+0000] {processor.py:161} INFO - Started process (PID=2320) to work on /home/airflow/.local/lib/python3.12/site-packages/airflow/example_dags/example_bash_operator.py
[2024-07-07T00:00:21.914+0000] {processor.py:830} INFO - Processing file /home/airflow/.local/lib/python3.12/site-packages/airflow/example_dags/example_bash_operator.py for tasks to queue
[2024-07-07T00:00:21.923+0000] {logging_mixin.py:188} INFO - [2024-07-07T00:00:21.921+0000] {dagbag.py:545} INFO - Filling up the DagBag from /home/airflow/.local/lib/python3.12/site-packages/airflow/example_dags/example_bash_operator.py
[2024-07-07T00:00:21.962+0000] {processor.py:840} INFO - DAG(s) 'example_bash_operator' retrieved from /home/airflow/.local/lib/python3.12/site-packages/airflow/example_dags/example_bash_operator.py
[2024-07-07T00:00:22.068+0000] {logging_mixin.py:188} INFO - [2024-07-07T00:00:22.065+0000] {dag.py:3096} INFO - Sync 1 DAGs
[2024-07-07T00:00:22.209+0000] {logging_mixin.py:188} INFO - [2024-07-07T00:00:22.209+0000] {dag.py:3954} INFO - Setting next_dagrun for example_bash_operator to 2024-07-06 00:00:00+00:00, run_after=2024-07-07 00:00:00+00:00
[2024-07-07T00:00:22.315+0000] {processor.py:183} INFO - Processing /home/airflow/.local/lib/python3.12/site-packages/airflow/example_dags/example_bash_operator.py took 0.427 seconds
[2024-07-07T00:00:52.417+0000] {processor.py:161} INFO - Started process (PID=2379) to work on /home/airflow/.local/lib/python3.12/site-packages/airflow/example_dags/example_bash_operator.py
[2024-07-07T00:00:52.419+0000] {processor.py:830} INFO - Processing file /home/airflow/.local/lib/python3.12/site-packages/airflow/example_dags/example_bash_operator.py for tasks to queue
[2024-07-07T00:00:52.423+0000] {logging_mixin.py:188} INFO - [2024-07-07T00:00:52.422+0000] {dagbag.py:545} INFO - Filling up the DagBag from /home/airflow/.local/lib/python3.12/site-packages/airflow/example_dags/example_bash_operator.py
[2024-07-07T00:00:52.455+0000] {processor.py:840} INFO - DAG(s) 'example_bash_operator' retrieved from /home/airflow/.local/lib/python3.12/site-packages/airflow/example_dags/example_bash_operator.py
[2024-07-07T00:00:52.516+0000] {logging_mixin.py:188} INFO - [2024-07-07T00:00:52.516+0000] {dag.py:3096} INFO - Sync 1 DAGs
[2024-07-07T00:00:52.574+0000] {logging_mixin.py:188} INFO - [2024-07-07T00:00:52.573+0000] {dag.py:3954} INFO - Setting next_dagrun for example_bash_operator to 2024-07-06 00:00:00+00:00, run_after=2024-07-07 00:00:00+00:00
[2024-07-07T00:00:52.614+0000] {processor.py:183} INFO - Processing /home/airflow/.local/lib/python3.12/site-packages/airflow/example_dags/example_bash_operator.py took 0.213 seconds
[2024-07-07T00:01:23.207+0000] {processor.py:161} INFO - Started process (PID=2439) to work on /home/airflow/.local/lib/python3.12/site-packages/airflow/example_dags/example_bash_operator.py
[2024-07-07T00:01:23.214+0000] {processor.py:830} INFO - Processing file /home/airflow/.local/lib/python3.12/site-packages/airflow/example_dags/example_bash_operator.py for tasks to queue
[2024-07-07T00:01:23.231+0000] {logging_mixin.py:188} INFO - [2024-07-07T00:01:23.228+0000] {dagbag.py:545} INFO - Filling up the DagBag from /home/airflow/.local/lib/python3.12/site-packages/airflow/example_dags/example_bash_operator.py
[2024-07-07T00:01:23.283+0000] {processor.py:840} INFO - DAG(s) 'example_bash_operator' retrieved from /home/airflow/.local/lib/python3.12/site-packages/airflow/example_dags/example_bash_operator.py
[2024-07-07T00:01:23.356+0000] {logging_mixin.py:188} INFO - [2024-07-07T00:01:23.355+0000] {dag.py:3096} INFO - Sync 1 DAGs
[2024-07-07T00:01:23.434+0000] {logging_mixin.py:188} INFO - [2024-07-07T00:01:23.433+0000] {dag.py:3954} INFO - Setting next_dagrun for example_bash_operator to 2024-07-06 00:00:00+00:00, run_after=2024-07-07 00:00:00+00:00
[2024-07-07T00:01:23.490+0000] {processor.py:183} INFO - Processing /home/airflow/.local/lib/python3.12/site-packages/airflow/example_dags/example_bash_operator.py took 0.334 seconds
[2024-07-07T00:01:53.646+0000] {processor.py:161} INFO - Started process (PID=2499) to work on /home/airflow/.local/lib/python3.12/site-packages/airflow/example_dags/example_bash_operator.py
[2024-07-07T00:01:53.650+0000] {processor.py:830} INFO - Processing file /home/airflow/.local/lib/python3.12/site-packages/airflow/example_dags/example_bash_operator.py for tasks to queue
[2024-07-07T00:01:53.655+0000] {logging_mixin.py:188} INFO - [2024-07-07T00:01:53.654+0000] {dagbag.py:545} INFO - Filling up the DagBag from /home/airflow/.local/lib/python3.12/site-packages/airflow/example_dags/example_bash_operator.py
[2024-07-07T00:01:53.698+0000] {processor.py:840} INFO - DAG(s) 'example_bash_operator' retrieved from /home/airflow/.local/lib/python3.12/site-packages/airflow/example_dags/example_bash_operator.py
[2024-07-07T00:01:53.847+0000] {logging_mixin.py:188} INFO - [2024-07-07T00:01:53.846+0000] {dag.py:3096} INFO - Sync 1 DAGs
[2024-07-07T00:01:53.990+0000] {logging_mixin.py:188} INFO - [2024-07-07T00:01:53.989+0000] {dag.py:3954} INFO - Setting next_dagrun for example_bash_operator to 2024-07-06 00:00:00+00:00, run_after=2024-07-07 00:00:00+00:00
[2024-07-07T00:01:54.146+0000] {processor.py:183} INFO - Processing /home/airflow/.local/lib/python3.12/site-packages/airflow/example_dags/example_bash_operator.py took 0.517 seconds
[2024-07-07T00:02:24.408+0000] {processor.py:161} INFO - Started process (PID=2559) to work on /home/airflow/.local/lib/python3.12/site-packages/airflow/example_dags/example_bash_operator.py
[2024-07-07T00:02:24.413+0000] {processor.py:830} INFO - Processing file /home/airflow/.local/lib/python3.12/site-packages/airflow/example_dags/example_bash_operator.py for tasks to queue
[2024-07-07T00:02:24.430+0000] {logging_mixin.py:188} INFO - [2024-07-07T00:02:24.428+0000] {dagbag.py:545} INFO - Filling up the DagBag from /home/airflow/.local/lib/python3.12/site-packages/airflow/example_dags/example_bash_operator.py
[2024-07-07T00:02:24.497+0000] {processor.py:840} INFO - DAG(s) 'example_bash_operator' retrieved from /home/airflow/.local/lib/python3.12/site-packages/airflow/example_dags/example_bash_operator.py
[2024-07-07T00:02:24.562+0000] {logging_mixin.py:188} INFO - [2024-07-07T00:02:24.561+0000] {dag.py:3096} INFO - Sync 1 DAGs
[2024-07-07T00:02:24.617+0000] {logging_mixin.py:188} INFO - [2024-07-07T00:02:24.616+0000] {dag.py:3954} INFO - Setting next_dagrun for example_bash_operator to 2024-07-06 00:00:00+00:00, run_after=2024-07-07 00:00:00+00:00
[2024-07-07T00:02:24.664+0000] {processor.py:183} INFO - Processing /home/airflow/.local/lib/python3.12/site-packages/airflow/example_dags/example_bash_operator.py took 0.322 seconds
[2024-07-07T00:02:55.349+0000] {processor.py:161} INFO - Started process (PID=2619) to work on /home/airflow/.local/lib/python3.12/site-packages/airflow/example_dags/example_bash_operator.py
[2024-07-07T00:02:55.353+0000] {processor.py:830} INFO - Processing file /home/airflow/.local/lib/python3.12/site-packages/airflow/example_dags/example_bash_operator.py for tasks to queue
[2024-07-07T00:02:55.365+0000] {logging_mixin.py:188} INFO - [2024-07-07T00:02:55.364+0000] {dagbag.py:545} INFO - Filling up the DagBag from /home/airflow/.local/lib/python3.12/site-packages/airflow/example_dags/example_bash_operator.py
[2024-07-07T00:02:55.432+0000] {processor.py:840} INFO - DAG(s) 'example_bash_operator' retrieved from /home/airflow/.local/lib/python3.12/site-packages/airflow/example_dags/example_bash_operator.py
[2024-07-07T00:02:55.598+0000] {logging_mixin.py:188} INFO - [2024-07-07T00:02:55.597+0000] {dag.py:3096} INFO - Sync 1 DAGs
[2024-07-07T00:02:55.703+0000] {logging_mixin.py:188} INFO - [2024-07-07T00:02:55.702+0000] {dag.py:3954} INFO - Setting next_dagrun for example_bash_operator to 2024-07-06 00:00:00+00:00, run_after=2024-07-07 00:00:00+00:00
[2024-07-07T00:02:55.790+0000] {processor.py:183} INFO - Processing /home/airflow/.local/lib/python3.12/site-packages/airflow/example_dags/example_bash_operator.py took 0.480 seconds
[2024-07-07T00:03:26.445+0000] {processor.py:161} INFO - Started process (PID=2680) to work on /home/airflow/.local/lib/python3.12/site-packages/airflow/example_dags/example_bash_operator.py
[2024-07-07T00:03:26.448+0000] {processor.py:830} INFO - Processing file /home/airflow/.local/lib/python3.12/site-packages/airflow/example_dags/example_bash_operator.py for tasks to queue
[2024-07-07T00:03:26.453+0000] {logging_mixin.py:188} INFO - [2024-07-07T00:03:26.452+0000] {dagbag.py:545} INFO - Filling up the DagBag from /home/airflow/.local/lib/python3.12/site-packages/airflow/example_dags/example_bash_operator.py
[2024-07-07T00:03:26.485+0000] {processor.py:840} INFO - DAG(s) 'example_bash_operator' retrieved from /home/airflow/.local/lib/python3.12/site-packages/airflow/example_dags/example_bash_operator.py
[2024-07-07T00:03:26.552+0000] {logging_mixin.py:188} INFO - [2024-07-07T00:03:26.552+0000] {dag.py:3096} INFO - Sync 1 DAGs
[2024-07-07T00:03:26.606+0000] {logging_mixin.py:188} INFO - [2024-07-07T00:03:26.606+0000] {dag.py:3954} INFO - Setting next_dagrun for example_bash_operator to 2024-07-06 00:00:00+00:00, run_after=2024-07-07 00:00:00+00:00
[2024-07-07T00:03:26.650+0000] {processor.py:183} INFO - Processing /home/airflow/.local/lib/python3.12/site-packages/airflow/example_dags/example_bash_operator.py took 0.219 seconds
[2024-07-07T07:39:26.527+0000] {processor.py:161} INFO - Started process (PID=2777) to work on /home/airflow/.local/lib/python3.12/site-packages/airflow/example_dags/example_bash_operator.py
[2024-07-07T07:39:26.529+0000] {processor.py:830} INFO - Processing file /home/airflow/.local/lib/python3.12/site-packages/airflow/example_dags/example_bash_operator.py for tasks to queue
[2024-07-07T07:39:26.533+0000] {logging_mixin.py:188} INFO - [2024-07-07T07:39:26.532+0000] {dagbag.py:545} INFO - Filling up the DagBag from /home/airflow/.local/lib/python3.12/site-packages/airflow/example_dags/example_bash_operator.py
[2024-07-07T07:39:26.616+0000] {processor.py:840} INFO - DAG(s) 'example_bash_operator' retrieved from /home/airflow/.local/lib/python3.12/site-packages/airflow/example_dags/example_bash_operator.py
[2024-07-07T07:39:26.912+0000] {logging_mixin.py:188} INFO - [2024-07-07T07:39:26.911+0000] {dag.py:3096} INFO - Sync 1 DAGs
[2024-07-07T07:39:27.072+0000] {logging_mixin.py:188} INFO - [2024-07-07T07:39:27.072+0000] {dag.py:3954} INFO - Setting next_dagrun for example_bash_operator to 2024-07-06 00:00:00+00:00, run_after=2024-07-07 00:00:00+00:00
[2024-07-07T07:39:27.203+0000] {processor.py:183} INFO - Processing /home/airflow/.local/lib/python3.12/site-packages/airflow/example_dags/example_bash_operator.py took 0.723 seconds
[2024-07-07T07:39:57.941+0000] {processor.py:161} INFO - Started process (PID=2837) to work on /home/airflow/.local/lib/python3.12/site-packages/airflow/example_dags/example_bash_operator.py
[2024-07-07T07:39:57.942+0000] {processor.py:830} INFO - Processing file /home/airflow/.local/lib/python3.12/site-packages/airflow/example_dags/example_bash_operator.py for tasks to queue
[2024-07-07T07:39:57.944+0000] {logging_mixin.py:188} INFO - [2024-07-07T07:39:57.943+0000] {dagbag.py:545} INFO - Filling up the DagBag from /home/airflow/.local/lib/python3.12/site-packages/airflow/example_dags/example_bash_operator.py
[2024-07-07T07:39:57.962+0000] {processor.py:840} INFO - DAG(s) 'example_bash_operator' retrieved from /home/airflow/.local/lib/python3.12/site-packages/airflow/example_dags/example_bash_operator.py
[2024-07-07T07:39:58.011+0000] {logging_mixin.py:188} INFO - [2024-07-07T07:39:58.011+0000] {dag.py:3096} INFO - Sync 1 DAGs
[2024-07-07T07:39:58.043+0000] {logging_mixin.py:188} INFO - [2024-07-07T07:39:58.042+0000] {dag.py:3954} INFO - Setting next_dagrun for example_bash_operator to 2024-07-06 00:00:00+00:00, run_after=2024-07-07 00:00:00+00:00
[2024-07-07T07:39:58.070+0000] {processor.py:183} INFO - Processing /home/airflow/.local/lib/python3.12/site-packages/airflow/example_dags/example_bash_operator.py took 0.141 seconds
[2024-07-07T07:40:28.199+0000] {processor.py:161} INFO - Started process (PID=2897) to work on /home/airflow/.local/lib/python3.12/site-packages/airflow/example_dags/example_bash_operator.py
[2024-07-07T07:40:28.200+0000] {processor.py:830} INFO - Processing file /home/airflow/.local/lib/python3.12/site-packages/airflow/example_dags/example_bash_operator.py for tasks to queue
[2024-07-07T07:40:28.202+0000] {logging_mixin.py:188} INFO - [2024-07-07T07:40:28.202+0000] {dagbag.py:545} INFO - Filling up the DagBag from /home/airflow/.local/lib/python3.12/site-packages/airflow/example_dags/example_bash_operator.py
[2024-07-07T07:40:28.219+0000] {processor.py:840} INFO - DAG(s) 'example_bash_operator' retrieved from /home/airflow/.local/lib/python3.12/site-packages/airflow/example_dags/example_bash_operator.py
[2024-07-07T07:40:28.261+0000] {logging_mixin.py:188} INFO - [2024-07-07T07:40:28.260+0000] {dag.py:3096} INFO - Sync 1 DAGs
[2024-07-07T07:40:28.293+0000] {logging_mixin.py:188} INFO - [2024-07-07T07:40:28.292+0000] {dag.py:3954} INFO - Setting next_dagrun for example_bash_operator to 2024-07-06 00:00:00+00:00, run_after=2024-07-07 00:00:00+00:00
[2024-07-07T07:40:28.328+0000] {processor.py:183} INFO - Processing /home/airflow/.local/lib/python3.12/site-packages/airflow/example_dags/example_bash_operator.py took 0.140 seconds
[2024-07-07T07:40:59.172+0000] {processor.py:161} INFO - Started process (PID=2957) to work on /home/airflow/.local/lib/python3.12/site-packages/airflow/example_dags/example_bash_operator.py
[2024-07-07T07:40:59.174+0000] {processor.py:830} INFO - Processing file /home/airflow/.local/lib/python3.12/site-packages/airflow/example_dags/example_bash_operator.py for tasks to queue
[2024-07-07T07:40:59.176+0000] {logging_mixin.py:188} INFO - [2024-07-07T07:40:59.176+0000] {dagbag.py:545} INFO - Filling up the DagBag from /home/airflow/.local/lib/python3.12/site-packages/airflow/example_dags/example_bash_operator.py
[2024-07-07T07:40:59.203+0000] {processor.py:840} INFO - DAG(s) 'example_bash_operator' retrieved from /home/airflow/.local/lib/python3.12/site-packages/airflow/example_dags/example_bash_operator.py
[2024-07-07T07:40:59.267+0000] {logging_mixin.py:188} INFO - [2024-07-07T07:40:59.267+0000] {dag.py:3096} INFO - Sync 1 DAGs
[2024-07-07T07:40:59.314+0000] {logging_mixin.py:188} INFO - [2024-07-07T07:40:59.313+0000] {dag.py:3954} INFO - Setting next_dagrun for example_bash_operator to 2024-07-06 00:00:00+00:00, run_after=2024-07-07 00:00:00+00:00
[2024-07-07T07:40:59.354+0000] {processor.py:183} INFO - Processing /home/airflow/.local/lib/python3.12/site-packages/airflow/example_dags/example_bash_operator.py took 0.192 seconds
[2024-07-07T07:41:30.171+0000] {processor.py:161} INFO - Started process (PID=3017) to work on /home/airflow/.local/lib/python3.12/site-packages/airflow/example_dags/example_bash_operator.py
[2024-07-07T07:41:30.174+0000] {processor.py:830} INFO - Processing file /home/airflow/.local/lib/python3.12/site-packages/airflow/example_dags/example_bash_operator.py for tasks to queue
[2024-07-07T07:41:30.177+0000] {logging_mixin.py:188} INFO - [2024-07-07T07:41:30.176+0000] {dagbag.py:545} INFO - Filling up the DagBag from /home/airflow/.local/lib/python3.12/site-packages/airflow/example_dags/example_bash_operator.py
[2024-07-07T07:41:30.244+0000] {processor.py:840} INFO - DAG(s) 'example_bash_operator' retrieved from /home/airflow/.local/lib/python3.12/site-packages/airflow/example_dags/example_bash_operator.py
[2024-07-07T07:41:30.363+0000] {logging_mixin.py:188} INFO - [2024-07-07T07:41:30.362+0000] {dag.py:3096} INFO - Sync 1 DAGs
[2024-07-07T07:41:30.422+0000] {logging_mixin.py:188} INFO - [2024-07-07T07:41:30.422+0000] {dag.py:3954} INFO - Setting next_dagrun for example_bash_operator to 2024-07-06 00:00:00+00:00, run_after=2024-07-07 00:00:00+00:00
[2024-07-07T07:41:30.463+0000] {processor.py:183} INFO - Processing /home/airflow/.local/lib/python3.12/site-packages/airflow/example_dags/example_bash_operator.py took 0.313 seconds
[2024-07-07T07:42:01.567+0000] {processor.py:161} INFO - Started process (PID=3077) to work on /home/airflow/.local/lib/python3.12/site-packages/airflow/example_dags/example_bash_operator.py
[2024-07-07T07:42:01.569+0000] {processor.py:830} INFO - Processing file /home/airflow/.local/lib/python3.12/site-packages/airflow/example_dags/example_bash_operator.py for tasks to queue
[2024-07-07T07:42:01.572+0000] {logging_mixin.py:188} INFO - [2024-07-07T07:42:01.571+0000] {dagbag.py:545} INFO - Filling up the DagBag from /home/airflow/.local/lib/python3.12/site-packages/airflow/example_dags/example_bash_operator.py
[2024-07-07T07:42:01.617+0000] {processor.py:840} INFO - DAG(s) 'example_bash_operator' retrieved from /home/airflow/.local/lib/python3.12/site-packages/airflow/example_dags/example_bash_operator.py
[2024-07-07T07:42:01.744+0000] {logging_mixin.py:188} INFO - [2024-07-07T07:42:01.744+0000] {dag.py:3096} INFO - Sync 1 DAGs
[2024-07-07T07:42:01.808+0000] {logging_mixin.py:188} INFO - [2024-07-07T07:42:01.807+0000] {dag.py:3954} INFO - Setting next_dagrun for example_bash_operator to 2024-07-06 00:00:00+00:00, run_after=2024-07-07 00:00:00+00:00
[2024-07-07T07:42:01.852+0000] {processor.py:183} INFO - Processing /home/airflow/.local/lib/python3.12/site-packages/airflow/example_dags/example_bash_operator.py took 0.300 seconds
[2024-07-07T07:42:33.877+0000] {processor.py:161} INFO - Started process (PID=3137) to work on /home/airflow/.local/lib/python3.12/site-packages/airflow/example_dags/example_bash_operator.py
[2024-07-07T07:42:33.879+0000] {processor.py:830} INFO - Processing file /home/airflow/.local/lib/python3.12/site-packages/airflow/example_dags/example_bash_operator.py for tasks to queue
[2024-07-07T07:42:33.881+0000] {logging_mixin.py:188} INFO - [2024-07-07T07:42:33.880+0000] {dagbag.py:545} INFO - Filling up the DagBag from /home/airflow/.local/lib/python3.12/site-packages/airflow/example_dags/example_bash_operator.py
[2024-07-07T07:42:33.917+0000] {processor.py:840} INFO - DAG(s) 'example_bash_operator' retrieved from /home/airflow/.local/lib/python3.12/site-packages/airflow/example_dags/example_bash_operator.py
[2024-07-07T07:42:33.979+0000] {logging_mixin.py:188} INFO - [2024-07-07T07:42:33.978+0000] {dag.py:3096} INFO - Sync 1 DAGs
[2024-07-07T07:42:34.027+0000] {logging_mixin.py:188} INFO - [2024-07-07T07:42:34.026+0000] {dag.py:3954} INFO - Setting next_dagrun for example_bash_operator to 2024-07-06 00:00:00+00:00, run_after=2024-07-07 00:00:00+00:00
[2024-07-07T07:42:34.060+0000] {processor.py:183} INFO - Processing /home/airflow/.local/lib/python3.12/site-packages/airflow/example_dags/example_bash_operator.py took 0.197 seconds
[2024-07-07T07:43:04.282+0000] {processor.py:161} INFO - Started process (PID=3195) to work on /home/airflow/.local/lib/python3.12/site-packages/airflow/example_dags/example_bash_operator.py
[2024-07-07T07:43:04.286+0000] {processor.py:830} INFO - Processing file /home/airflow/.local/lib/python3.12/site-packages/airflow/example_dags/example_bash_operator.py for tasks to queue
[2024-07-07T07:43:04.289+0000] {logging_mixin.py:188} INFO - [2024-07-07T07:43:04.288+0000] {dagbag.py:545} INFO - Filling up the DagBag from /home/airflow/.local/lib/python3.12/site-packages/airflow/example_dags/example_bash_operator.py
[2024-07-07T07:43:04.320+0000] {processor.py:840} INFO - DAG(s) 'example_bash_operator' retrieved from /home/airflow/.local/lib/python3.12/site-packages/airflow/example_dags/example_bash_operator.py
[2024-07-07T07:43:04.388+0000] {logging_mixin.py:188} INFO - [2024-07-07T07:43:04.388+0000] {dag.py:3096} INFO - Sync 1 DAGs
[2024-07-07T07:43:04.435+0000] {logging_mixin.py:188} INFO - [2024-07-07T07:43:04.434+0000] {dag.py:3954} INFO - Setting next_dagrun for example_bash_operator to 2024-07-06 00:00:00+00:00, run_after=2024-07-07 00:00:00+00:00
[2024-07-07T07:43:04.469+0000] {processor.py:183} INFO - Processing /home/airflow/.local/lib/python3.12/site-packages/airflow/example_dags/example_bash_operator.py took 0.224 seconds
[2024-07-07T07:43:35.538+0000] {processor.py:161} INFO - Started process (PID=3255) to work on /home/airflow/.local/lib/python3.12/site-packages/airflow/example_dags/example_bash_operator.py
[2024-07-07T07:43:35.543+0000] {processor.py:830} INFO - Processing file /home/airflow/.local/lib/python3.12/site-packages/airflow/example_dags/example_bash_operator.py for tasks to queue
[2024-07-07T07:43:35.551+0000] {logging_mixin.py:188} INFO - [2024-07-07T07:43:35.548+0000] {dagbag.py:545} INFO - Filling up the DagBag from /home/airflow/.local/lib/python3.12/site-packages/airflow/example_dags/example_bash_operator.py
[2024-07-07T07:43:35.635+0000] {processor.py:840} INFO - DAG(s) 'example_bash_operator' retrieved from /home/airflow/.local/lib/python3.12/site-packages/airflow/example_dags/example_bash_operator.py
[2024-07-07T07:43:35.775+0000] {logging_mixin.py:188} INFO - [2024-07-07T07:43:35.774+0000] {dag.py:3096} INFO - Sync 1 DAGs
[2024-07-07T07:43:35.839+0000] {logging_mixin.py:188} INFO - [2024-07-07T07:43:35.838+0000] {dag.py:3954} INFO - Setting next_dagrun for example_bash_operator to 2024-07-06 00:00:00+00:00, run_after=2024-07-07 00:00:00+00:00
[2024-07-07T07:43:35.914+0000] {processor.py:183} INFO - Processing /home/airflow/.local/lib/python3.12/site-packages/airflow/example_dags/example_bash_operator.py took 0.414 seconds
[2024-07-07T07:44:06.197+0000] {processor.py:161} INFO - Started process (PID=3315) to work on /home/airflow/.local/lib/python3.12/site-packages/airflow/example_dags/example_bash_operator.py
[2024-07-07T07:44:06.199+0000] {processor.py:830} INFO - Processing file /home/airflow/.local/lib/python3.12/site-packages/airflow/example_dags/example_bash_operator.py for tasks to queue
[2024-07-07T07:44:06.201+0000] {logging_mixin.py:188} INFO - [2024-07-07T07:44:06.200+0000] {dagbag.py:545} INFO - Filling up the DagBag from /home/airflow/.local/lib/python3.12/site-packages/airflow/example_dags/example_bash_operator.py
[2024-07-07T07:44:06.231+0000] {processor.py:840} INFO - DAG(s) 'example_bash_operator' retrieved from /home/airflow/.local/lib/python3.12/site-packages/airflow/example_dags/example_bash_operator.py
[2024-07-07T07:44:06.329+0000] {logging_mixin.py:188} INFO - [2024-07-07T07:44:06.328+0000] {dag.py:3096} INFO - Sync 1 DAGs
[2024-07-07T07:44:06.396+0000] {logging_mixin.py:188} INFO - [2024-07-07T07:44:06.395+0000] {dag.py:3954} INFO - Setting next_dagrun for example_bash_operator to 2024-07-06 00:00:00+00:00, run_after=2024-07-07 00:00:00+00:00
[2024-07-07T07:44:06.439+0000] {processor.py:183} INFO - Processing /home/airflow/.local/lib/python3.12/site-packages/airflow/example_dags/example_bash_operator.py took 0.260 seconds
[2024-07-07T07:44:36.909+0000] {processor.py:161} INFO - Started process (PID=3375) to work on /home/airflow/.local/lib/python3.12/site-packages/airflow/example_dags/example_bash_operator.py
[2024-07-07T07:44:36.911+0000] {processor.py:830} INFO - Processing file /home/airflow/.local/lib/python3.12/site-packages/airflow/example_dags/example_bash_operator.py for tasks to queue
[2024-07-07T07:44:36.913+0000] {logging_mixin.py:188} INFO - [2024-07-07T07:44:36.912+0000] {dagbag.py:545} INFO - Filling up the DagBag from /home/airflow/.local/lib/python3.12/site-packages/airflow/example_dags/example_bash_operator.py
[2024-07-07T07:44:36.947+0000] {processor.py:840} INFO - DAG(s) 'example_bash_operator' retrieved from /home/airflow/.local/lib/python3.12/site-packages/airflow/example_dags/example_bash_operator.py
[2024-07-07T07:44:37.033+0000] {logging_mixin.py:188} INFO - [2024-07-07T07:44:37.033+0000] {dag.py:3096} INFO - Sync 1 DAGs
[2024-07-07T07:44:37.092+0000] {logging_mixin.py:188} INFO - [2024-07-07T07:44:37.091+0000] {dag.py:3954} INFO - Setting next_dagrun for example_bash_operator to 2024-07-06 00:00:00+00:00, run_after=2024-07-07 00:00:00+00:00
[2024-07-07T07:44:37.146+0000] {processor.py:183} INFO - Processing /home/airflow/.local/lib/python3.12/site-packages/airflow/example_dags/example_bash_operator.py took 0.252 seconds
[2024-07-07T07:45:07.419+0000] {processor.py:161} INFO - Started process (PID=3435) to work on /home/airflow/.local/lib/python3.12/site-packages/airflow/example_dags/example_bash_operator.py
[2024-07-07T07:45:07.422+0000] {processor.py:830} INFO - Processing file /home/airflow/.local/lib/python3.12/site-packages/airflow/example_dags/example_bash_operator.py for tasks to queue
[2024-07-07T07:45:07.425+0000] {logging_mixin.py:188} INFO - [2024-07-07T07:45:07.424+0000] {dagbag.py:545} INFO - Filling up the DagBag from /home/airflow/.local/lib/python3.12/site-packages/airflow/example_dags/example_bash_operator.py
[2024-07-07T07:45:07.451+0000] {processor.py:840} INFO - DAG(s) 'example_bash_operator' retrieved from /home/airflow/.local/lib/python3.12/site-packages/airflow/example_dags/example_bash_operator.py
[2024-07-07T07:45:07.578+0000] {logging_mixin.py:188} INFO - [2024-07-07T07:45:07.576+0000] {dag.py:3096} INFO - Sync 1 DAGs
[2024-07-07T07:45:07.695+0000] {logging_mixin.py:188} INFO - [2024-07-07T07:45:07.694+0000] {dag.py:3954} INFO - Setting next_dagrun for example_bash_operator to 2024-07-06 00:00:00+00:00, run_after=2024-07-07 00:00:00+00:00
[2024-07-07T07:45:07.798+0000] {processor.py:183} INFO - Processing /home/airflow/.local/lib/python3.12/site-packages/airflow/example_dags/example_bash_operator.py took 0.397 seconds
[2024-07-07T07:45:38.932+0000] {processor.py:161} INFO - Started process (PID=3494) to work on /home/airflow/.local/lib/python3.12/site-packages/airflow/example_dags/example_bash_operator.py
[2024-07-07T07:45:38.935+0000] {processor.py:830} INFO - Processing file /home/airflow/.local/lib/python3.12/site-packages/airflow/example_dags/example_bash_operator.py for tasks to queue
[2024-07-07T07:45:38.939+0000] {logging_mixin.py:188} INFO - [2024-07-07T07:45:38.938+0000] {dagbag.py:545} INFO - Filling up the DagBag from /home/airflow/.local/lib/python3.12/site-packages/airflow/example_dags/example_bash_operator.py
[2024-07-07T07:45:38.976+0000] {processor.py:840} INFO - DAG(s) 'example_bash_operator' retrieved from /home/airflow/.local/lib/python3.12/site-packages/airflow/example_dags/example_bash_operator.py
[2024-07-07T07:45:39.067+0000] {logging_mixin.py:188} INFO - [2024-07-07T07:45:39.066+0000] {dag.py:3096} INFO - Sync 1 DAGs
[2024-07-07T07:45:39.134+0000] {logging_mixin.py:188} INFO - [2024-07-07T07:45:39.133+0000] {dag.py:3954} INFO - Setting next_dagrun for example_bash_operator to 2024-07-06 00:00:00+00:00, run_after=2024-07-07 00:00:00+00:00
[2024-07-07T07:45:39.195+0000] {processor.py:183} INFO - Processing /home/airflow/.local/lib/python3.12/site-packages/airflow/example_dags/example_bash_operator.py took 0.281 seconds
[2024-07-07T07:46:09.593+0000] {processor.py:161} INFO - Started process (PID=3554) to work on /home/airflow/.local/lib/python3.12/site-packages/airflow/example_dags/example_bash_operator.py
[2024-07-07T07:46:09.595+0000] {processor.py:830} INFO - Processing file /home/airflow/.local/lib/python3.12/site-packages/airflow/example_dags/example_bash_operator.py for tasks to queue
[2024-07-07T07:46:09.597+0000] {logging_mixin.py:188} INFO - [2024-07-07T07:46:09.596+0000] {dagbag.py:545} INFO - Filling up the DagBag from /home/airflow/.local/lib/python3.12/site-packages/airflow/example_dags/example_bash_operator.py
[2024-07-07T07:46:09.618+0000] {processor.py:840} INFO - DAG(s) 'example_bash_operator' retrieved from /home/airflow/.local/lib/python3.12/site-packages/airflow/example_dags/example_bash_operator.py
[2024-07-07T07:46:09.688+0000] {logging_mixin.py:188} INFO - [2024-07-07T07:46:09.688+0000] {dag.py:3096} INFO - Sync 1 DAGs
[2024-07-07T07:46:09.739+0000] {logging_mixin.py:188} INFO - [2024-07-07T07:46:09.739+0000] {dag.py:3954} INFO - Setting next_dagrun for example_bash_operator to 2024-07-06 00:00:00+00:00, run_after=2024-07-07 00:00:00+00:00
[2024-07-07T07:46:09.771+0000] {processor.py:183} INFO - Processing /home/airflow/.local/lib/python3.12/site-packages/airflow/example_dags/example_bash_operator.py took 0.188 seconds
[2024-07-07T07:46:39.952+0000] {processor.py:161} INFO - Started process (PID=3615) to work on /home/airflow/.local/lib/python3.12/site-packages/airflow/example_dags/example_bash_operator.py
[2024-07-07T07:46:39.954+0000] {processor.py:830} INFO - Processing file /home/airflow/.local/lib/python3.12/site-packages/airflow/example_dags/example_bash_operator.py for tasks to queue
[2024-07-07T07:46:39.956+0000] {logging_mixin.py:188} INFO - [2024-07-07T07:46:39.955+0000] {dagbag.py:545} INFO - Filling up the DagBag from /home/airflow/.local/lib/python3.12/site-packages/airflow/example_dags/example_bash_operator.py
[2024-07-07T07:46:39.975+0000] {processor.py:840} INFO - DAG(s) 'example_bash_operator' retrieved from /home/airflow/.local/lib/python3.12/site-packages/airflow/example_dags/example_bash_operator.py
[2024-07-07T07:46:40.034+0000] {logging_mixin.py:188} INFO - [2024-07-07T07:46:40.034+0000] {dag.py:3096} INFO - Sync 1 DAGs
[2024-07-07T07:46:40.073+0000] {logging_mixin.py:188} INFO - [2024-07-07T07:46:40.073+0000] {dag.py:3954} INFO - Setting next_dagrun for example_bash_operator to 2024-07-06 00:00:00+00:00, run_after=2024-07-07 00:00:00+00:00
[2024-07-07T07:46:40.111+0000] {processor.py:183} INFO - Processing /home/airflow/.local/lib/python3.12/site-packages/airflow/example_dags/example_bash_operator.py took 0.170 seconds
[2024-07-07T07:47:10.161+0000] {processor.py:161} INFO - Started process (PID=3675) to work on /home/airflow/.local/lib/python3.12/site-packages/airflow/example_dags/example_bash_operator.py
[2024-07-07T07:47:10.163+0000] {processor.py:830} INFO - Processing file /home/airflow/.local/lib/python3.12/site-packages/airflow/example_dags/example_bash_operator.py for tasks to queue
[2024-07-07T07:47:10.165+0000] {logging_mixin.py:188} INFO - [2024-07-07T07:47:10.165+0000] {dagbag.py:545} INFO - Filling up the DagBag from /home/airflow/.local/lib/python3.12/site-packages/airflow/example_dags/example_bash_operator.py
[2024-07-07T07:47:10.188+0000] {processor.py:840} INFO - DAG(s) 'example_bash_operator' retrieved from /home/airflow/.local/lib/python3.12/site-packages/airflow/example_dags/example_bash_operator.py
[2024-07-07T07:47:10.244+0000] {logging_mixin.py:188} INFO - [2024-07-07T07:47:10.243+0000] {dag.py:3096} INFO - Sync 1 DAGs
[2024-07-07T07:47:10.282+0000] {logging_mixin.py:188} INFO - [2024-07-07T07:47:10.282+0000] {dag.py:3954} INFO - Setting next_dagrun for example_bash_operator to 2024-07-06 00:00:00+00:00, run_after=2024-07-07 00:00:00+00:00
[2024-07-07T07:47:10.313+0000] {processor.py:183} INFO - Processing /home/airflow/.local/lib/python3.12/site-packages/airflow/example_dags/example_bash_operator.py took 0.164 seconds
[2024-07-07T07:47:40.990+0000] {processor.py:161} INFO - Started process (PID=3735) to work on /home/airflow/.local/lib/python3.12/site-packages/airflow/example_dags/example_bash_operator.py
[2024-07-07T07:47:40.994+0000] {processor.py:830} INFO - Processing file /home/airflow/.local/lib/python3.12/site-packages/airflow/example_dags/example_bash_operator.py for tasks to queue
[2024-07-07T07:47:40.998+0000] {logging_mixin.py:188} INFO - [2024-07-07T07:47:40.997+0000] {dagbag.py:545} INFO - Filling up the DagBag from /home/airflow/.local/lib/python3.12/site-packages/airflow/example_dags/example_bash_operator.py
[2024-07-07T07:47:41.059+0000] {processor.py:840} INFO - DAG(s) 'example_bash_operator' retrieved from /home/airflow/.local/lib/python3.12/site-packages/airflow/example_dags/example_bash_operator.py
[2024-07-07T07:47:41.143+0000] {logging_mixin.py:188} INFO - [2024-07-07T07:47:41.142+0000] {dag.py:3096} INFO - Sync 1 DAGs
[2024-07-07T07:47:41.240+0000] {logging_mixin.py:188} INFO - [2024-07-07T07:47:41.239+0000] {dag.py:3954} INFO - Setting next_dagrun for example_bash_operator to 2024-07-06 00:00:00+00:00, run_after=2024-07-07 00:00:00+00:00
[2024-07-07T07:47:41.337+0000] {processor.py:183} INFO - Processing /home/airflow/.local/lib/python3.12/site-packages/airflow/example_dags/example_bash_operator.py took 0.377 seconds
[2024-07-07T07:48:11.735+0000] {processor.py:161} INFO - Started process (PID=3795) to work on /home/airflow/.local/lib/python3.12/site-packages/airflow/example_dags/example_bash_operator.py
[2024-07-07T07:48:11.738+0000] {processor.py:830} INFO - Processing file /home/airflow/.local/lib/python3.12/site-packages/airflow/example_dags/example_bash_operator.py for tasks to queue
[2024-07-07T07:48:11.741+0000] {logging_mixin.py:188} INFO - [2024-07-07T07:48:11.740+0000] {dagbag.py:545} INFO - Filling up the DagBag from /home/airflow/.local/lib/python3.12/site-packages/airflow/example_dags/example_bash_operator.py
[2024-07-07T07:48:11.777+0000] {processor.py:840} INFO - DAG(s) 'example_bash_operator' retrieved from /home/airflow/.local/lib/python3.12/site-packages/airflow/example_dags/example_bash_operator.py
[2024-07-07T07:48:11.875+0000] {logging_mixin.py:188} INFO - [2024-07-07T07:48:11.874+0000] {dag.py:3096} INFO - Sync 1 DAGs
[2024-07-07T07:48:11.950+0000] {logging_mixin.py:188} INFO - [2024-07-07T07:48:11.949+0000] {dag.py:3954} INFO - Setting next_dagrun for example_bash_operator to 2024-07-06 00:00:00+00:00, run_after=2024-07-07 00:00:00+00:00
[2024-07-07T07:48:12.038+0000] {processor.py:183} INFO - Processing /home/airflow/.local/lib/python3.12/site-packages/airflow/example_dags/example_bash_operator.py took 0.321 seconds
[2024-07-07T07:48:42.766+0000] {processor.py:161} INFO - Started process (PID=3855) to work on /home/airflow/.local/lib/python3.12/site-packages/airflow/example_dags/example_bash_operator.py
[2024-07-07T07:48:42.770+0000] {processor.py:830} INFO - Processing file /home/airflow/.local/lib/python3.12/site-packages/airflow/example_dags/example_bash_operator.py for tasks to queue
[2024-07-07T07:48:42.776+0000] {logging_mixin.py:188} INFO - [2024-07-07T07:48:42.774+0000] {dagbag.py:545} INFO - Filling up the DagBag from /home/airflow/.local/lib/python3.12/site-packages/airflow/example_dags/example_bash_operator.py
[2024-07-07T07:48:42.830+0000] {processor.py:840} INFO - DAG(s) 'example_bash_operator' retrieved from /home/airflow/.local/lib/python3.12/site-packages/airflow/example_dags/example_bash_operator.py
[2024-07-07T07:48:42.961+0000] {logging_mixin.py:188} INFO - [2024-07-07T07:48:42.960+0000] {dag.py:3096} INFO - Sync 1 DAGs
[2024-07-07T07:48:43.006+0000] {logging_mixin.py:188} INFO - [2024-07-07T07:48:43.006+0000] {dag.py:3954} INFO - Setting next_dagrun for example_bash_operator to 2024-07-06 00:00:00+00:00, run_after=2024-07-07 00:00:00+00:00
[2024-07-07T07:48:43.058+0000] {processor.py:183} INFO - Processing /home/airflow/.local/lib/python3.12/site-packages/airflow/example_dags/example_bash_operator.py took 0.322 seconds
[2024-07-07T07:49:13.437+0000] {processor.py:161} INFO - Started process (PID=3915) to work on /home/airflow/.local/lib/python3.12/site-packages/airflow/example_dags/example_bash_operator.py
[2024-07-07T07:49:13.442+0000] {processor.py:830} INFO - Processing file /home/airflow/.local/lib/python3.12/site-packages/airflow/example_dags/example_bash_operator.py for tasks to queue
[2024-07-07T07:49:13.448+0000] {logging_mixin.py:188} INFO - [2024-07-07T07:49:13.446+0000] {dagbag.py:545} INFO - Filling up the DagBag from /home/airflow/.local/lib/python3.12/site-packages/airflow/example_dags/example_bash_operator.py
[2024-07-07T07:49:13.499+0000] {processor.py:840} INFO - DAG(s) 'example_bash_operator' retrieved from /home/airflow/.local/lib/python3.12/site-packages/airflow/example_dags/example_bash_operator.py
[2024-07-07T07:49:13.585+0000] {logging_mixin.py:188} INFO - [2024-07-07T07:49:13.585+0000] {dag.py:3096} INFO - Sync 1 DAGs
[2024-07-07T07:49:13.656+0000] {logging_mixin.py:188} INFO - [2024-07-07T07:49:13.655+0000] {dag.py:3954} INFO - Setting next_dagrun for example_bash_operator to 2024-07-06 00:00:00+00:00, run_after=2024-07-07 00:00:00+00:00
[2024-07-07T07:49:13.704+0000] {processor.py:183} INFO - Processing /home/airflow/.local/lib/python3.12/site-packages/airflow/example_dags/example_bash_operator.py took 0.298 seconds
[2024-07-07T07:49:44.484+0000] {processor.py:161} INFO - Started process (PID=3975) to work on /home/airflow/.local/lib/python3.12/site-packages/airflow/example_dags/example_bash_operator.py
[2024-07-07T07:49:44.487+0000] {processor.py:830} INFO - Processing file /home/airflow/.local/lib/python3.12/site-packages/airflow/example_dags/example_bash_operator.py for tasks to queue
[2024-07-07T07:49:44.489+0000] {logging_mixin.py:188} INFO - [2024-07-07T07:49:44.488+0000] {dagbag.py:545} INFO - Filling up the DagBag from /home/airflow/.local/lib/python3.12/site-packages/airflow/example_dags/example_bash_operator.py
[2024-07-07T07:49:44.510+0000] {processor.py:840} INFO - DAG(s) 'example_bash_operator' retrieved from /home/airflow/.local/lib/python3.12/site-packages/airflow/example_dags/example_bash_operator.py
[2024-07-07T07:49:44.575+0000] {logging_mixin.py:188} INFO - [2024-07-07T07:49:44.575+0000] {dag.py:3096} INFO - Sync 1 DAGs
[2024-07-07T07:49:44.624+0000] {logging_mixin.py:188} INFO - [2024-07-07T07:49:44.624+0000] {dag.py:3954} INFO - Setting next_dagrun for example_bash_operator to 2024-07-06 00:00:00+00:00, run_after=2024-07-07 00:00:00+00:00
[2024-07-07T07:49:44.662+0000] {processor.py:183} INFO - Processing /home/airflow/.local/lib/python3.12/site-packages/airflow/example_dags/example_bash_operator.py took 0.188 seconds
[2024-07-07T07:50:15.204+0000] {processor.py:161} INFO - Started process (PID=4035) to work on /home/airflow/.local/lib/python3.12/site-packages/airflow/example_dags/example_bash_operator.py
[2024-07-07T07:50:15.208+0000] {processor.py:830} INFO - Processing file /home/airflow/.local/lib/python3.12/site-packages/airflow/example_dags/example_bash_operator.py for tasks to queue
[2024-07-07T07:50:15.212+0000] {logging_mixin.py:188} INFO - [2024-07-07T07:50:15.211+0000] {dagbag.py:545} INFO - Filling up the DagBag from /home/airflow/.local/lib/python3.12/site-packages/airflow/example_dags/example_bash_operator.py
[2024-07-07T07:50:15.264+0000] {processor.py:840} INFO - DAG(s) 'example_bash_operator' retrieved from /home/airflow/.local/lib/python3.12/site-packages/airflow/example_dags/example_bash_operator.py
[2024-07-07T07:50:15.399+0000] {logging_mixin.py:188} INFO - [2024-07-07T07:50:15.398+0000] {dag.py:3096} INFO - Sync 1 DAGs
[2024-07-07T07:50:15.459+0000] {logging_mixin.py:188} INFO - [2024-07-07T07:50:15.458+0000] {dag.py:3954} INFO - Setting next_dagrun for example_bash_operator to 2024-07-06 00:00:00+00:00, run_after=2024-07-07 00:00:00+00:00
[2024-07-07T07:50:15.523+0000] {processor.py:183} INFO - Processing /home/airflow/.local/lib/python3.12/site-packages/airflow/example_dags/example_bash_operator.py took 0.346 seconds
[2024-07-07T07:50:45.857+0000] {processor.py:161} INFO - Started process (PID=4095) to work on /home/airflow/.local/lib/python3.12/site-packages/airflow/example_dags/example_bash_operator.py
[2024-07-07T07:50:45.859+0000] {processor.py:830} INFO - Processing file /home/airflow/.local/lib/python3.12/site-packages/airflow/example_dags/example_bash_operator.py for tasks to queue
[2024-07-07T07:50:45.861+0000] {logging_mixin.py:188} INFO - [2024-07-07T07:50:45.861+0000] {dagbag.py:545} INFO - Filling up the DagBag from /home/airflow/.local/lib/python3.12/site-packages/airflow/example_dags/example_bash_operator.py
[2024-07-07T07:50:45.882+0000] {processor.py:840} INFO - DAG(s) 'example_bash_operator' retrieved from /home/airflow/.local/lib/python3.12/site-packages/airflow/example_dags/example_bash_operator.py
[2024-07-07T07:50:45.960+0000] {logging_mixin.py:188} INFO - [2024-07-07T07:50:45.959+0000] {dag.py:3096} INFO - Sync 1 DAGs
[2024-07-07T07:50:45.996+0000] {logging_mixin.py:188} INFO - [2024-07-07T07:50:45.996+0000] {dag.py:3954} INFO - Setting next_dagrun for example_bash_operator to 2024-07-06 00:00:00+00:00, run_after=2024-07-07 00:00:00+00:00
[2024-07-07T07:50:46.027+0000] {processor.py:183} INFO - Processing /home/airflow/.local/lib/python3.12/site-packages/airflow/example_dags/example_bash_operator.py took 0.181 seconds
[2024-07-07T07:51:16.166+0000] {processor.py:161} INFO - Started process (PID=4153) to work on /home/airflow/.local/lib/python3.12/site-packages/airflow/example_dags/example_bash_operator.py
[2024-07-07T07:51:16.169+0000] {processor.py:830} INFO - Processing file /home/airflow/.local/lib/python3.12/site-packages/airflow/example_dags/example_bash_operator.py for tasks to queue
[2024-07-07T07:51:16.171+0000] {logging_mixin.py:188} INFO - [2024-07-07T07:51:16.170+0000] {dagbag.py:545} INFO - Filling up the DagBag from /home/airflow/.local/lib/python3.12/site-packages/airflow/example_dags/example_bash_operator.py
[2024-07-07T07:51:16.189+0000] {processor.py:840} INFO - DAG(s) 'example_bash_operator' retrieved from /home/airflow/.local/lib/python3.12/site-packages/airflow/example_dags/example_bash_operator.py
[2024-07-07T07:51:16.228+0000] {logging_mixin.py:188} INFO - [2024-07-07T07:51:16.228+0000] {dag.py:3096} INFO - Sync 1 DAGs
[2024-07-07T07:51:16.258+0000] {logging_mixin.py:188} INFO - [2024-07-07T07:51:16.257+0000] {dag.py:3954} INFO - Setting next_dagrun for example_bash_operator to 2024-07-06 00:00:00+00:00, run_after=2024-07-07 00:00:00+00:00
[2024-07-07T07:51:16.315+0000] {processor.py:183} INFO - Processing /home/airflow/.local/lib/python3.12/site-packages/airflow/example_dags/example_bash_operator.py took 0.162 seconds
[2024-07-07T07:51:46.838+0000] {processor.py:161} INFO - Started process (PID=4213) to work on /home/airflow/.local/lib/python3.12/site-packages/airflow/example_dags/example_bash_operator.py
[2024-07-07T07:51:46.843+0000] {processor.py:830} INFO - Processing file /home/airflow/.local/lib/python3.12/site-packages/airflow/example_dags/example_bash_operator.py for tasks to queue
[2024-07-07T07:51:46.845+0000] {logging_mixin.py:188} INFO - [2024-07-07T07:51:46.845+0000] {dagbag.py:545} INFO - Filling up the DagBag from /home/airflow/.local/lib/python3.12/site-packages/airflow/example_dags/example_bash_operator.py
[2024-07-07T07:51:46.865+0000] {processor.py:840} INFO - DAG(s) 'example_bash_operator' retrieved from /home/airflow/.local/lib/python3.12/site-packages/airflow/example_dags/example_bash_operator.py
[2024-07-07T07:51:46.912+0000] {logging_mixin.py:188} INFO - [2024-07-07T07:51:46.911+0000] {dag.py:3096} INFO - Sync 1 DAGs
[2024-07-07T07:51:46.942+0000] {logging_mixin.py:188} INFO - [2024-07-07T07:51:46.942+0000] {dag.py:3954} INFO - Setting next_dagrun for example_bash_operator to 2024-07-06 00:00:00+00:00, run_after=2024-07-07 00:00:00+00:00
[2024-07-07T07:51:46.965+0000] {processor.py:183} INFO - Processing /home/airflow/.local/lib/python3.12/site-packages/airflow/example_dags/example_bash_operator.py took 0.142 seconds
[2024-07-07T07:52:17.069+0000] {processor.py:161} INFO - Started process (PID=4273) to work on /home/airflow/.local/lib/python3.12/site-packages/airflow/example_dags/example_bash_operator.py
[2024-07-07T07:52:17.071+0000] {processor.py:830} INFO - Processing file /home/airflow/.local/lib/python3.12/site-packages/airflow/example_dags/example_bash_operator.py for tasks to queue
[2024-07-07T07:52:17.073+0000] {logging_mixin.py:188} INFO - [2024-07-07T07:52:17.072+0000] {dagbag.py:545} INFO - Filling up the DagBag from /home/airflow/.local/lib/python3.12/site-packages/airflow/example_dags/example_bash_operator.py
[2024-07-07T07:52:17.090+0000] {processor.py:840} INFO - DAG(s) 'example_bash_operator' retrieved from /home/airflow/.local/lib/python3.12/site-packages/airflow/example_dags/example_bash_operator.py
[2024-07-07T07:52:17.130+0000] {logging_mixin.py:188} INFO - [2024-07-07T07:52:17.129+0000] {dag.py:3096} INFO - Sync 1 DAGs
[2024-07-07T07:52:17.156+0000] {logging_mixin.py:188} INFO - [2024-07-07T07:52:17.156+0000] {dag.py:3954} INFO - Setting next_dagrun for example_bash_operator to 2024-07-06 00:00:00+00:00, run_after=2024-07-07 00:00:00+00:00
[2024-07-07T07:52:17.189+0000] {processor.py:183} INFO - Processing /home/airflow/.local/lib/python3.12/site-packages/airflow/example_dags/example_bash_operator.py took 0.130 seconds
[2024-07-07T07:52:48.056+0000] {processor.py:161} INFO - Started process (PID=4333) to work on /home/airflow/.local/lib/python3.12/site-packages/airflow/example_dags/example_bash_operator.py
[2024-07-07T07:52:48.057+0000] {processor.py:830} INFO - Processing file /home/airflow/.local/lib/python3.12/site-packages/airflow/example_dags/example_bash_operator.py for tasks to queue
[2024-07-07T07:52:48.060+0000] {logging_mixin.py:188} INFO - [2024-07-07T07:52:48.059+0000] {dagbag.py:545} INFO - Filling up the DagBag from /home/airflow/.local/lib/python3.12/site-packages/airflow/example_dags/example_bash_operator.py
[2024-07-07T07:52:48.075+0000] {processor.py:840} INFO - DAG(s) 'example_bash_operator' retrieved from /home/airflow/.local/lib/python3.12/site-packages/airflow/example_dags/example_bash_operator.py
[2024-07-07T07:52:48.113+0000] {logging_mixin.py:188} INFO - [2024-07-07T07:52:48.113+0000] {dag.py:3096} INFO - Sync 1 DAGs
[2024-07-07T07:52:48.145+0000] {logging_mixin.py:188} INFO - [2024-07-07T07:52:48.145+0000] {dag.py:3954} INFO - Setting next_dagrun for example_bash_operator to 2024-07-06 00:00:00+00:00, run_after=2024-07-07 00:00:00+00:00
[2024-07-07T07:52:48.200+0000] {processor.py:183} INFO - Processing /home/airflow/.local/lib/python3.12/site-packages/airflow/example_dags/example_bash_operator.py took 0.154 seconds
[2024-07-07T07:53:18.817+0000] {processor.py:161} INFO - Started process (PID=4391) to work on /home/airflow/.local/lib/python3.12/site-packages/airflow/example_dags/example_bash_operator.py
[2024-07-07T07:53:18.819+0000] {processor.py:830} INFO - Processing file /home/airflow/.local/lib/python3.12/site-packages/airflow/example_dags/example_bash_operator.py for tasks to queue
[2024-07-07T07:53:18.821+0000] {logging_mixin.py:188} INFO - [2024-07-07T07:53:18.820+0000] {dagbag.py:545} INFO - Filling up the DagBag from /home/airflow/.local/lib/python3.12/site-packages/airflow/example_dags/example_bash_operator.py
[2024-07-07T07:53:18.837+0000] {processor.py:840} INFO - DAG(s) 'example_bash_operator' retrieved from /home/airflow/.local/lib/python3.12/site-packages/airflow/example_dags/example_bash_operator.py
[2024-07-07T07:53:18.881+0000] {logging_mixin.py:188} INFO - [2024-07-07T07:53:18.880+0000] {dag.py:3096} INFO - Sync 1 DAGs
[2024-07-07T07:53:18.911+0000] {logging_mixin.py:188} INFO - [2024-07-07T07:53:18.911+0000] {dag.py:3954} INFO - Setting next_dagrun for example_bash_operator to 2024-07-06 00:00:00+00:00, run_after=2024-07-07 00:00:00+00:00
[2024-07-07T07:53:18.945+0000] {processor.py:183} INFO - Processing /home/airflow/.local/lib/python3.12/site-packages/airflow/example_dags/example_bash_operator.py took 0.138 seconds
[2024-07-07T07:53:49.255+0000] {processor.py:161} INFO - Started process (PID=4451) to work on /home/airflow/.local/lib/python3.12/site-packages/airflow/example_dags/example_bash_operator.py
[2024-07-07T07:53:49.257+0000] {processor.py:830} INFO - Processing file /home/airflow/.local/lib/python3.12/site-packages/airflow/example_dags/example_bash_operator.py for tasks to queue
[2024-07-07T07:53:49.259+0000] {logging_mixin.py:188} INFO - [2024-07-07T07:53:49.258+0000] {dagbag.py:545} INFO - Filling up the DagBag from /home/airflow/.local/lib/python3.12/site-packages/airflow/example_dags/example_bash_operator.py
[2024-07-07T07:53:49.279+0000] {processor.py:840} INFO - DAG(s) 'example_bash_operator' retrieved from /home/airflow/.local/lib/python3.12/site-packages/airflow/example_dags/example_bash_operator.py
[2024-07-07T07:53:49.318+0000] {logging_mixin.py:188} INFO - [2024-07-07T07:53:49.318+0000] {dag.py:3096} INFO - Sync 1 DAGs
[2024-07-07T07:53:49.349+0000] {logging_mixin.py:188} INFO - [2024-07-07T07:53:49.349+0000] {dag.py:3954} INFO - Setting next_dagrun for example_bash_operator to 2024-07-06 00:00:00+00:00, run_after=2024-07-07 00:00:00+00:00
[2024-07-07T07:53:49.395+0000] {processor.py:183} INFO - Processing /home/airflow/.local/lib/python3.12/site-packages/airflow/example_dags/example_bash_operator.py took 0.155 seconds
[2024-07-07T07:54:19.855+0000] {processor.py:161} INFO - Started process (PID=4511) to work on /home/airflow/.local/lib/python3.12/site-packages/airflow/example_dags/example_bash_operator.py
[2024-07-07T07:54:19.857+0000] {processor.py:830} INFO - Processing file /home/airflow/.local/lib/python3.12/site-packages/airflow/example_dags/example_bash_operator.py for tasks to queue
[2024-07-07T07:54:19.858+0000] {logging_mixin.py:188} INFO - [2024-07-07T07:54:19.858+0000] {dagbag.py:545} INFO - Filling up the DagBag from /home/airflow/.local/lib/python3.12/site-packages/airflow/example_dags/example_bash_operator.py
[2024-07-07T07:54:19.875+0000] {processor.py:840} INFO - DAG(s) 'example_bash_operator' retrieved from /home/airflow/.local/lib/python3.12/site-packages/airflow/example_dags/example_bash_operator.py
[2024-07-07T07:54:19.927+0000] {logging_mixin.py:188} INFO - [2024-07-07T07:54:19.926+0000] {dag.py:3096} INFO - Sync 1 DAGs
[2024-07-07T07:54:19.955+0000] {logging_mixin.py:188} INFO - [2024-07-07T07:54:19.955+0000] {dag.py:3954} INFO - Setting next_dagrun for example_bash_operator to 2024-07-06 00:00:00+00:00, run_after=2024-07-07 00:00:00+00:00
[2024-07-07T07:54:19.984+0000] {processor.py:183} INFO - Processing /home/airflow/.local/lib/python3.12/site-packages/airflow/example_dags/example_bash_operator.py took 0.137 seconds
[2024-07-07T07:54:50.575+0000] {processor.py:161} INFO - Started process (PID=4571) to work on /home/airflow/.local/lib/python3.12/site-packages/airflow/example_dags/example_bash_operator.py
[2024-07-07T07:54:50.577+0000] {processor.py:830} INFO - Processing file /home/airflow/.local/lib/python3.12/site-packages/airflow/example_dags/example_bash_operator.py for tasks to queue
[2024-07-07T07:54:50.579+0000] {logging_mixin.py:188} INFO - [2024-07-07T07:54:50.578+0000] {dagbag.py:545} INFO - Filling up the DagBag from /home/airflow/.local/lib/python3.12/site-packages/airflow/example_dags/example_bash_operator.py
[2024-07-07T07:54:50.598+0000] {processor.py:840} INFO - DAG(s) 'example_bash_operator' retrieved from /home/airflow/.local/lib/python3.12/site-packages/airflow/example_dags/example_bash_operator.py
[2024-07-07T07:54:50.640+0000] {logging_mixin.py:188} INFO - [2024-07-07T07:54:50.640+0000] {dag.py:3096} INFO - Sync 1 DAGs
[2024-07-07T07:54:50.672+0000] {logging_mixin.py:188} INFO - [2024-07-07T07:54:50.671+0000] {dag.py:3954} INFO - Setting next_dagrun for example_bash_operator to 2024-07-06 00:00:00+00:00, run_after=2024-07-07 00:00:00+00:00
[2024-07-07T07:54:50.699+0000] {processor.py:183} INFO - Processing /home/airflow/.local/lib/python3.12/site-packages/airflow/example_dags/example_bash_operator.py took 0.138 seconds
[2024-07-07T07:55:21.034+0000] {processor.py:161} INFO - Started process (PID=4631) to work on /home/airflow/.local/lib/python3.12/site-packages/airflow/example_dags/example_bash_operator.py
[2024-07-07T07:55:21.036+0000] {processor.py:830} INFO - Processing file /home/airflow/.local/lib/python3.12/site-packages/airflow/example_dags/example_bash_operator.py for tasks to queue
[2024-07-07T07:55:21.039+0000] {logging_mixin.py:188} INFO - [2024-07-07T07:55:21.038+0000] {dagbag.py:545} INFO - Filling up the DagBag from /home/airflow/.local/lib/python3.12/site-packages/airflow/example_dags/example_bash_operator.py
[2024-07-07T07:55:21.057+0000] {processor.py:840} INFO - DAG(s) 'example_bash_operator' retrieved from /home/airflow/.local/lib/python3.12/site-packages/airflow/example_dags/example_bash_operator.py
[2024-07-07T07:55:21.108+0000] {logging_mixin.py:188} INFO - [2024-07-07T07:55:21.108+0000] {dag.py:3096} INFO - Sync 1 DAGs
[2024-07-07T07:55:21.153+0000] {logging_mixin.py:188} INFO - [2024-07-07T07:55:21.152+0000] {dag.py:3954} INFO - Setting next_dagrun for example_bash_operator to 2024-07-06 00:00:00+00:00, run_after=2024-07-07 00:00:00+00:00
[2024-07-07T07:55:21.186+0000] {processor.py:183} INFO - Processing /home/airflow/.local/lib/python3.12/site-packages/airflow/example_dags/example_bash_operator.py took 0.162 seconds
[2024-07-07T07:55:51.793+0000] {processor.py:161} INFO - Started process (PID=4691) to work on /home/airflow/.local/lib/python3.12/site-packages/airflow/example_dags/example_bash_operator.py
[2024-07-07T07:55:51.796+0000] {processor.py:830} INFO - Processing file /home/airflow/.local/lib/python3.12/site-packages/airflow/example_dags/example_bash_operator.py for tasks to queue
[2024-07-07T07:55:51.799+0000] {logging_mixin.py:188} INFO - [2024-07-07T07:55:51.798+0000] {dagbag.py:545} INFO - Filling up the DagBag from /home/airflow/.local/lib/python3.12/site-packages/airflow/example_dags/example_bash_operator.py
[2024-07-07T07:55:51.832+0000] {processor.py:840} INFO - DAG(s) 'example_bash_operator' retrieved from /home/airflow/.local/lib/python3.12/site-packages/airflow/example_dags/example_bash_operator.py
[2024-07-07T07:55:51.880+0000] {logging_mixin.py:188} INFO - [2024-07-07T07:55:51.879+0000] {dag.py:3096} INFO - Sync 1 DAGs
[2024-07-07T07:55:51.908+0000] {logging_mixin.py:188} INFO - [2024-07-07T07:55:51.908+0000] {dag.py:3954} INFO - Setting next_dagrun for example_bash_operator to 2024-07-06 00:00:00+00:00, run_after=2024-07-07 00:00:00+00:00
[2024-07-07T07:55:51.955+0000] {processor.py:183} INFO - Processing /home/airflow/.local/lib/python3.12/site-packages/airflow/example_dags/example_bash_operator.py took 0.183 seconds
[2024-07-07T07:56:22.021+0000] {processor.py:161} INFO - Started process (PID=4751) to work on /home/airflow/.local/lib/python3.12/site-packages/airflow/example_dags/example_bash_operator.py
[2024-07-07T07:56:22.023+0000] {processor.py:830} INFO - Processing file /home/airflow/.local/lib/python3.12/site-packages/airflow/example_dags/example_bash_operator.py for tasks to queue
[2024-07-07T07:56:22.024+0000] {logging_mixin.py:188} INFO - [2024-07-07T07:56:22.024+0000] {dagbag.py:545} INFO - Filling up the DagBag from /home/airflow/.local/lib/python3.12/site-packages/airflow/example_dags/example_bash_operator.py
[2024-07-07T07:56:22.039+0000] {processor.py:840} INFO - DAG(s) 'example_bash_operator' retrieved from /home/airflow/.local/lib/python3.12/site-packages/airflow/example_dags/example_bash_operator.py
[2024-07-07T07:56:22.075+0000] {logging_mixin.py:188} INFO - [2024-07-07T07:56:22.075+0000] {dag.py:3096} INFO - Sync 1 DAGs
[2024-07-07T07:56:22.106+0000] {logging_mixin.py:188} INFO - [2024-07-07T07:56:22.106+0000] {dag.py:3954} INFO - Setting next_dagrun for example_bash_operator to 2024-07-06 00:00:00+00:00, run_after=2024-07-07 00:00:00+00:00
[2024-07-07T07:56:22.137+0000] {processor.py:183} INFO - Processing /home/airflow/.local/lib/python3.12/site-packages/airflow/example_dags/example_bash_operator.py took 0.123 seconds
[2024-07-07T07:56:52.630+0000] {processor.py:161} INFO - Started process (PID=4811) to work on /home/airflow/.local/lib/python3.12/site-packages/airflow/example_dags/example_bash_operator.py
[2024-07-07T07:56:52.632+0000] {processor.py:830} INFO - Processing file /home/airflow/.local/lib/python3.12/site-packages/airflow/example_dags/example_bash_operator.py for tasks to queue
[2024-07-07T07:56:52.634+0000] {logging_mixin.py:188} INFO - [2024-07-07T07:56:52.634+0000] {dagbag.py:545} INFO - Filling up the DagBag from /home/airflow/.local/lib/python3.12/site-packages/airflow/example_dags/example_bash_operator.py
[2024-07-07T07:56:52.661+0000] {processor.py:840} INFO - DAG(s) 'example_bash_operator' retrieved from /home/airflow/.local/lib/python3.12/site-packages/airflow/example_dags/example_bash_operator.py
[2024-07-07T07:56:52.727+0000] {logging_mixin.py:188} INFO - [2024-07-07T07:56:52.727+0000] {dag.py:3096} INFO - Sync 1 DAGs
[2024-07-07T07:56:52.756+0000] {logging_mixin.py:188} INFO - [2024-07-07T07:56:52.756+0000] {dag.py:3954} INFO - Setting next_dagrun for example_bash_operator to 2024-07-06 00:00:00+00:00, run_after=2024-07-07 00:00:00+00:00
[2024-07-07T07:56:52.781+0000] {processor.py:183} INFO - Processing /home/airflow/.local/lib/python3.12/site-packages/airflow/example_dags/example_bash_operator.py took 0.168 seconds
[2024-07-07T07:57:23.259+0000] {processor.py:161} INFO - Started process (PID=4871) to work on /home/airflow/.local/lib/python3.12/site-packages/airflow/example_dags/example_bash_operator.py
[2024-07-07T07:57:23.261+0000] {processor.py:830} INFO - Processing file /home/airflow/.local/lib/python3.12/site-packages/airflow/example_dags/example_bash_operator.py for tasks to queue
[2024-07-07T07:57:23.264+0000] {logging_mixin.py:188} INFO - [2024-07-07T07:57:23.263+0000] {dagbag.py:545} INFO - Filling up the DagBag from /home/airflow/.local/lib/python3.12/site-packages/airflow/example_dags/example_bash_operator.py
[2024-07-07T07:57:23.292+0000] {processor.py:840} INFO - DAG(s) 'example_bash_operator' retrieved from /home/airflow/.local/lib/python3.12/site-packages/airflow/example_dags/example_bash_operator.py
[2024-07-07T07:57:23.331+0000] {logging_mixin.py:188} INFO - [2024-07-07T07:57:23.330+0000] {dag.py:3096} INFO - Sync 1 DAGs
[2024-07-07T07:57:23.366+0000] {logging_mixin.py:188} INFO - [2024-07-07T07:57:23.366+0000] {dag.py:3954} INFO - Setting next_dagrun for example_bash_operator to 2024-07-06 00:00:00+00:00, run_after=2024-07-07 00:00:00+00:00
[2024-07-07T07:57:23.392+0000] {processor.py:183} INFO - Processing /home/airflow/.local/lib/python3.12/site-packages/airflow/example_dags/example_bash_operator.py took 0.143 seconds
[2024-07-07T07:57:53.617+0000] {processor.py:161} INFO - Started process (PID=4931) to work on /home/airflow/.local/lib/python3.12/site-packages/airflow/example_dags/example_bash_operator.py
[2024-07-07T07:57:53.618+0000] {processor.py:830} INFO - Processing file /home/airflow/.local/lib/python3.12/site-packages/airflow/example_dags/example_bash_operator.py for tasks to queue
[2024-07-07T07:57:53.620+0000] {logging_mixin.py:188} INFO - [2024-07-07T07:57:53.619+0000] {dagbag.py:545} INFO - Filling up the DagBag from /home/airflow/.local/lib/python3.12/site-packages/airflow/example_dags/example_bash_operator.py
[2024-07-07T07:57:53.640+0000] {processor.py:840} INFO - DAG(s) 'example_bash_operator' retrieved from /home/airflow/.local/lib/python3.12/site-packages/airflow/example_dags/example_bash_operator.py
[2024-07-07T07:57:53.685+0000] {logging_mixin.py:188} INFO - [2024-07-07T07:57:53.685+0000] {dag.py:3096} INFO - Sync 1 DAGs
[2024-07-07T07:57:53.714+0000] {logging_mixin.py:188} INFO - [2024-07-07T07:57:53.714+0000] {dag.py:3954} INFO - Setting next_dagrun for example_bash_operator to 2024-07-06 00:00:00+00:00, run_after=2024-07-07 00:00:00+00:00
[2024-07-07T07:57:53.739+0000] {processor.py:183} INFO - Processing /home/airflow/.local/lib/python3.12/site-packages/airflow/example_dags/example_bash_operator.py took 0.135 seconds
[2024-07-07T07:58:23.979+0000] {processor.py:161} INFO - Started process (PID=4991) to work on /home/airflow/.local/lib/python3.12/site-packages/airflow/example_dags/example_bash_operator.py
[2024-07-07T07:58:23.981+0000] {processor.py:830} INFO - Processing file /home/airflow/.local/lib/python3.12/site-packages/airflow/example_dags/example_bash_operator.py for tasks to queue
[2024-07-07T07:58:23.982+0000] {logging_mixin.py:188} INFO - [2024-07-07T07:58:23.982+0000] {dagbag.py:545} INFO - Filling up the DagBag from /home/airflow/.local/lib/python3.12/site-packages/airflow/example_dags/example_bash_operator.py
[2024-07-07T07:58:23.999+0000] {processor.py:840} INFO - DAG(s) 'example_bash_operator' retrieved from /home/airflow/.local/lib/python3.12/site-packages/airflow/example_dags/example_bash_operator.py
[2024-07-07T07:58:24.041+0000] {logging_mixin.py:188} INFO - [2024-07-07T07:58:24.041+0000] {dag.py:3096} INFO - Sync 1 DAGs
[2024-07-07T07:58:24.073+0000] {logging_mixin.py:188} INFO - [2024-07-07T07:58:24.073+0000] {dag.py:3954} INFO - Setting next_dagrun for example_bash_operator to 2024-07-06 00:00:00+00:00, run_after=2024-07-07 00:00:00+00:00
[2024-07-07T07:58:24.099+0000] {processor.py:183} INFO - Processing /home/airflow/.local/lib/python3.12/site-packages/airflow/example_dags/example_bash_operator.py took 0.131 seconds
[2024-07-07T07:58:54.788+0000] {processor.py:161} INFO - Started process (PID=5051) to work on /home/airflow/.local/lib/python3.12/site-packages/airflow/example_dags/example_bash_operator.py
[2024-07-07T07:58:54.791+0000] {processor.py:830} INFO - Processing file /home/airflow/.local/lib/python3.12/site-packages/airflow/example_dags/example_bash_operator.py for tasks to queue
[2024-07-07T07:58:54.793+0000] {logging_mixin.py:188} INFO - [2024-07-07T07:58:54.793+0000] {dagbag.py:545} INFO - Filling up the DagBag from /home/airflow/.local/lib/python3.12/site-packages/airflow/example_dags/example_bash_operator.py
[2024-07-07T07:58:54.812+0000] {processor.py:840} INFO - DAG(s) 'example_bash_operator' retrieved from /home/airflow/.local/lib/python3.12/site-packages/airflow/example_dags/example_bash_operator.py
[2024-07-07T07:58:54.850+0000] {logging_mixin.py:188} INFO - [2024-07-07T07:58:54.849+0000] {dag.py:3096} INFO - Sync 1 DAGs
[2024-07-07T07:58:54.881+0000] {logging_mixin.py:188} INFO - [2024-07-07T07:58:54.881+0000] {dag.py:3954} INFO - Setting next_dagrun for example_bash_operator to 2024-07-06 00:00:00+00:00, run_after=2024-07-07 00:00:00+00:00
[2024-07-07T07:58:54.924+0000] {processor.py:183} INFO - Processing /home/airflow/.local/lib/python3.12/site-packages/airflow/example_dags/example_bash_operator.py took 0.153 seconds
[2024-07-07T07:59:25.442+0000] {processor.py:161} INFO - Started process (PID=5111) to work on /home/airflow/.local/lib/python3.12/site-packages/airflow/example_dags/example_bash_operator.py
[2024-07-07T07:59:25.443+0000] {processor.py:830} INFO - Processing file /home/airflow/.local/lib/python3.12/site-packages/airflow/example_dags/example_bash_operator.py for tasks to queue
[2024-07-07T07:59:25.444+0000] {logging_mixin.py:188} INFO - [2024-07-07T07:59:25.444+0000] {dagbag.py:545} INFO - Filling up the DagBag from /home/airflow/.local/lib/python3.12/site-packages/airflow/example_dags/example_bash_operator.py
[2024-07-07T07:59:25.460+0000] {processor.py:840} INFO - DAG(s) 'example_bash_operator' retrieved from /home/airflow/.local/lib/python3.12/site-packages/airflow/example_dags/example_bash_operator.py
[2024-07-07T07:59:25.506+0000] {logging_mixin.py:188} INFO - [2024-07-07T07:59:25.506+0000] {dag.py:3096} INFO - Sync 1 DAGs
[2024-07-07T07:59:25.540+0000] {logging_mixin.py:188} INFO - [2024-07-07T07:59:25.539+0000] {dag.py:3954} INFO - Setting next_dagrun for example_bash_operator to 2024-07-06 00:00:00+00:00, run_after=2024-07-07 00:00:00+00:00
[2024-07-07T07:59:25.569+0000] {processor.py:183} INFO - Processing /home/airflow/.local/lib/python3.12/site-packages/airflow/example_dags/example_bash_operator.py took 0.136 seconds
[2024-07-07T07:59:56.329+0000] {processor.py:161} INFO - Started process (PID=5171) to work on /home/airflow/.local/lib/python3.12/site-packages/airflow/example_dags/example_bash_operator.py
[2024-07-07T07:59:56.330+0000] {processor.py:830} INFO - Processing file /home/airflow/.local/lib/python3.12/site-packages/airflow/example_dags/example_bash_operator.py for tasks to queue
[2024-07-07T07:59:56.332+0000] {logging_mixin.py:188} INFO - [2024-07-07T07:59:56.331+0000] {dagbag.py:545} INFO - Filling up the DagBag from /home/airflow/.local/lib/python3.12/site-packages/airflow/example_dags/example_bash_operator.py
[2024-07-07T07:59:56.347+0000] {processor.py:840} INFO - DAG(s) 'example_bash_operator' retrieved from /home/airflow/.local/lib/python3.12/site-packages/airflow/example_dags/example_bash_operator.py
[2024-07-07T07:59:56.385+0000] {logging_mixin.py:188} INFO - [2024-07-07T07:59:56.385+0000] {dag.py:3096} INFO - Sync 1 DAGs
[2024-07-07T07:59:56.426+0000] {logging_mixin.py:188} INFO - [2024-07-07T07:59:56.425+0000] {dag.py:3954} INFO - Setting next_dagrun for example_bash_operator to 2024-07-06 00:00:00+00:00, run_after=2024-07-07 00:00:00+00:00
[2024-07-07T07:59:56.472+0000] {processor.py:183} INFO - Processing /home/airflow/.local/lib/python3.12/site-packages/airflow/example_dags/example_bash_operator.py took 0.151 seconds
[2024-07-07T08:00:26.736+0000] {processor.py:161} INFO - Started process (PID=5231) to work on /home/airflow/.local/lib/python3.12/site-packages/airflow/example_dags/example_bash_operator.py
[2024-07-07T08:00:26.738+0000] {processor.py:830} INFO - Processing file /home/airflow/.local/lib/python3.12/site-packages/airflow/example_dags/example_bash_operator.py for tasks to queue
[2024-07-07T08:00:26.741+0000] {logging_mixin.py:188} INFO - [2024-07-07T08:00:26.740+0000] {dagbag.py:545} INFO - Filling up the DagBag from /home/airflow/.local/lib/python3.12/site-packages/airflow/example_dags/example_bash_operator.py
[2024-07-07T08:00:26.764+0000] {processor.py:840} INFO - DAG(s) 'example_bash_operator' retrieved from /home/airflow/.local/lib/python3.12/site-packages/airflow/example_dags/example_bash_operator.py
[2024-07-07T08:00:26.807+0000] {logging_mixin.py:188} INFO - [2024-07-07T08:00:26.807+0000] {dag.py:3096} INFO - Sync 1 DAGs
[2024-07-07T08:00:26.837+0000] {logging_mixin.py:188} INFO - [2024-07-07T08:00:26.837+0000] {dag.py:3954} INFO - Setting next_dagrun for example_bash_operator to 2024-07-06 00:00:00+00:00, run_after=2024-07-07 00:00:00+00:00
[2024-07-07T08:00:26.863+0000] {processor.py:183} INFO - Processing /home/airflow/.local/lib/python3.12/site-packages/airflow/example_dags/example_bash_operator.py took 0.154 seconds
[2024-07-07T08:05:24.556+0000] {processor.py:161} INFO - Started process (PID=5297) to work on /home/airflow/.local/lib/python3.12/site-packages/airflow/example_dags/example_bash_operator.py
[2024-07-07T08:05:24.561+0000] {processor.py:830} INFO - Processing file /home/airflow/.local/lib/python3.12/site-packages/airflow/example_dags/example_bash_operator.py for tasks to queue
[2024-07-07T08:05:24.571+0000] {logging_mixin.py:188} INFO - [2024-07-07T08:05:24.570+0000] {dagbag.py:545} INFO - Filling up the DagBag from /home/airflow/.local/lib/python3.12/site-packages/airflow/example_dags/example_bash_operator.py
[2024-07-07T08:05:24.652+0000] {processor.py:840} INFO - DAG(s) 'example_bash_operator' retrieved from /home/airflow/.local/lib/python3.12/site-packages/airflow/example_dags/example_bash_operator.py
[2024-07-07T08:05:24.806+0000] {logging_mixin.py:188} INFO - [2024-07-07T08:05:24.806+0000] {dag.py:3096} INFO - Sync 1 DAGs
[2024-07-07T08:05:24.853+0000] {logging_mixin.py:188} INFO - [2024-07-07T08:05:24.853+0000] {dag.py:3954} INFO - Setting next_dagrun for example_bash_operator to 2024-07-06 00:00:00+00:00, run_after=2024-07-07 00:00:00+00:00
[2024-07-07T08:05:24.890+0000] {processor.py:183} INFO - Processing /home/airflow/.local/lib/python3.12/site-packages/airflow/example_dags/example_bash_operator.py took 0.357 seconds
[2024-07-07T08:05:55.756+0000] {processor.py:161} INFO - Started process (PID=5358) to work on /home/airflow/.local/lib/python3.12/site-packages/airflow/example_dags/example_bash_operator.py
[2024-07-07T08:05:55.761+0000] {processor.py:830} INFO - Processing file /home/airflow/.local/lib/python3.12/site-packages/airflow/example_dags/example_bash_operator.py for tasks to queue
[2024-07-07T08:05:55.764+0000] {logging_mixin.py:188} INFO - [2024-07-07T08:05:55.764+0000] {dagbag.py:545} INFO - Filling up the DagBag from /home/airflow/.local/lib/python3.12/site-packages/airflow/example_dags/example_bash_operator.py
[2024-07-07T08:05:55.813+0000] {processor.py:840} INFO - DAG(s) 'example_bash_operator' retrieved from /home/airflow/.local/lib/python3.12/site-packages/airflow/example_dags/example_bash_operator.py
[2024-07-07T08:05:55.974+0000] {logging_mixin.py:188} INFO - [2024-07-07T08:05:55.973+0000] {dag.py:3096} INFO - Sync 1 DAGs
[2024-07-07T08:05:56.074+0000] {logging_mixin.py:188} INFO - [2024-07-07T08:05:56.073+0000] {dag.py:3954} INFO - Setting next_dagrun for example_bash_operator to 2024-07-06 00:00:00+00:00, run_after=2024-07-07 00:00:00+00:00
[2024-07-07T08:05:56.186+0000] {processor.py:183} INFO - Processing /home/airflow/.local/lib/python3.12/site-packages/airflow/example_dags/example_bash_operator.py took 0.452 seconds
