[2024-07-07T00:00:06.422+0000] {processor.py:161} INFO - Started process (PID=2300) to work on /home/airflow/.local/lib/python3.12/site-packages/airflow/example_dags/example_dag_decorator.py
[2024-07-07T00:00:06.432+0000] {processor.py:830} INFO - Processing file /home/airflow/.local/lib/python3.12/site-packages/airflow/example_dags/example_dag_decorator.py for tasks to queue
[2024-07-07T00:00:06.442+0000] {logging_mixin.py:188} INFO - [2024-07-07T00:00:06.440+0000] {dagbag.py:545} INFO - Filling up the DagBag from /home/airflow/.local/lib/python3.12/site-packages/airflow/example_dags/example_dag_decorator.py
[2024-07-07T00:00:07.314+0000] {processor.py:840} INFO - DAG(s) 'example_dag_decorator' retrieved from /home/airflow/.local/lib/python3.12/site-packages/airflow/example_dags/example_dag_decorator.py
[2024-07-07T00:00:07.884+0000] {logging_mixin.py:188} INFO - [2024-07-07T00:00:07.883+0000] {dag.py:3096} INFO - Sync 1 DAGs
[2024-07-07T00:00:07.955+0000] {logging_mixin.py:188} INFO - [2024-07-07T00:00:07.954+0000] {dag.py:3954} INFO - Setting next_dagrun for example_dag_decorator to None, run_after=None
[2024-07-07T00:00:08.039+0000] {processor.py:183} INFO - Processing /home/airflow/.local/lib/python3.12/site-packages/airflow/example_dags/example_dag_decorator.py took 1.662 seconds
[2024-07-07T00:00:38.256+0000] {processor.py:161} INFO - Started process (PID=2359) to work on /home/airflow/.local/lib/python3.12/site-packages/airflow/example_dags/example_dag_decorator.py
[2024-07-07T00:00:38.261+0000] {processor.py:830} INFO - Processing file /home/airflow/.local/lib/python3.12/site-packages/airflow/example_dags/example_dag_decorator.py for tasks to queue
[2024-07-07T00:00:38.271+0000] {logging_mixin.py:188} INFO - [2024-07-07T00:00:38.270+0000] {dagbag.py:545} INFO - Filling up the DagBag from /home/airflow/.local/lib/python3.12/site-packages/airflow/example_dags/example_dag_decorator.py
[2024-07-07T00:00:38.678+0000] {processor.py:840} INFO - DAG(s) 'example_dag_decorator' retrieved from /home/airflow/.local/lib/python3.12/site-packages/airflow/example_dags/example_dag_decorator.py
[2024-07-07T00:00:39.280+0000] {logging_mixin.py:188} INFO - [2024-07-07T00:00:39.279+0000] {dag.py:3096} INFO - Sync 1 DAGs
[2024-07-07T00:00:39.312+0000] {logging_mixin.py:188} INFO - [2024-07-07T00:00:39.312+0000] {dag.py:3954} INFO - Setting next_dagrun for example_dag_decorator to None, run_after=None
[2024-07-07T00:00:39.361+0000] {processor.py:183} INFO - Processing /home/airflow/.local/lib/python3.12/site-packages/airflow/example_dags/example_dag_decorator.py took 1.141 seconds
[2024-07-07T00:01:09.898+0000] {processor.py:161} INFO - Started process (PID=2419) to work on /home/airflow/.local/lib/python3.12/site-packages/airflow/example_dags/example_dag_decorator.py
[2024-07-07T00:01:09.903+0000] {processor.py:830} INFO - Processing file /home/airflow/.local/lib/python3.12/site-packages/airflow/example_dags/example_dag_decorator.py for tasks to queue
[2024-07-07T00:01:09.913+0000] {logging_mixin.py:188} INFO - [2024-07-07T00:01:09.912+0000] {dagbag.py:545} INFO - Filling up the DagBag from /home/airflow/.local/lib/python3.12/site-packages/airflow/example_dags/example_dag_decorator.py
[2024-07-07T00:01:10.432+0000] {processor.py:840} INFO - DAG(s) 'example_dag_decorator' retrieved from /home/airflow/.local/lib/python3.12/site-packages/airflow/example_dags/example_dag_decorator.py
[2024-07-07T00:01:10.687+0000] {logging_mixin.py:188} INFO - [2024-07-07T00:01:10.686+0000] {dag.py:3096} INFO - Sync 1 DAGs
[2024-07-07T00:01:10.721+0000] {logging_mixin.py:188} INFO - [2024-07-07T00:01:10.721+0000] {dag.py:3954} INFO - Setting next_dagrun for example_dag_decorator to None, run_after=None
[2024-07-07T00:01:10.776+0000] {processor.py:183} INFO - Processing /home/airflow/.local/lib/python3.12/site-packages/airflow/example_dags/example_dag_decorator.py took 0.910 seconds
[2024-07-07T00:01:41.535+0000] {processor.py:161} INFO - Started process (PID=2479) to work on /home/airflow/.local/lib/python3.12/site-packages/airflow/example_dags/example_dag_decorator.py
[2024-07-07T00:01:41.538+0000] {processor.py:830} INFO - Processing file /home/airflow/.local/lib/python3.12/site-packages/airflow/example_dags/example_dag_decorator.py for tasks to queue
[2024-07-07T00:01:41.545+0000] {logging_mixin.py:188} INFO - [2024-07-07T00:01:41.544+0000] {dagbag.py:545} INFO - Filling up the DagBag from /home/airflow/.local/lib/python3.12/site-packages/airflow/example_dags/example_dag_decorator.py
[2024-07-07T00:01:41.907+0000] {processor.py:840} INFO - DAG(s) 'example_dag_decorator' retrieved from /home/airflow/.local/lib/python3.12/site-packages/airflow/example_dags/example_dag_decorator.py
[2024-07-07T00:01:42.205+0000] {logging_mixin.py:188} INFO - [2024-07-07T00:01:42.204+0000] {dag.py:3096} INFO - Sync 1 DAGs
[2024-07-07T00:01:42.226+0000] {logging_mixin.py:188} INFO - [2024-07-07T00:01:42.225+0000] {dag.py:3954} INFO - Setting next_dagrun for example_dag_decorator to None, run_after=None
[2024-07-07T00:01:42.265+0000] {processor.py:183} INFO - Processing /home/airflow/.local/lib/python3.12/site-packages/airflow/example_dags/example_dag_decorator.py took 0.752 seconds
[2024-07-07T00:02:12.390+0000] {processor.py:161} INFO - Started process (PID=2539) to work on /home/airflow/.local/lib/python3.12/site-packages/airflow/example_dags/example_dag_decorator.py
[2024-07-07T00:02:12.392+0000] {processor.py:830} INFO - Processing file /home/airflow/.local/lib/python3.12/site-packages/airflow/example_dags/example_dag_decorator.py for tasks to queue
[2024-07-07T00:02:12.396+0000] {logging_mixin.py:188} INFO - [2024-07-07T00:02:12.395+0000] {dagbag.py:545} INFO - Filling up the DagBag from /home/airflow/.local/lib/python3.12/site-packages/airflow/example_dags/example_dag_decorator.py
[2024-07-07T00:02:12.638+0000] {processor.py:840} INFO - DAG(s) 'example_dag_decorator' retrieved from /home/airflow/.local/lib/python3.12/site-packages/airflow/example_dags/example_dag_decorator.py
[2024-07-07T00:02:12.934+0000] {logging_mixin.py:188} INFO - [2024-07-07T00:02:12.933+0000] {dag.py:3096} INFO - Sync 1 DAGs
[2024-07-07T00:02:12.958+0000] {logging_mixin.py:188} INFO - [2024-07-07T00:02:12.958+0000] {dag.py:3954} INFO - Setting next_dagrun for example_dag_decorator to None, run_after=None
[2024-07-07T00:02:12.999+0000] {processor.py:183} INFO - Processing /home/airflow/.local/lib/python3.12/site-packages/airflow/example_dags/example_dag_decorator.py took 0.622 seconds
[2024-07-07T00:02:43.450+0000] {processor.py:161} INFO - Started process (PID=2599) to work on /home/airflow/.local/lib/python3.12/site-packages/airflow/example_dags/example_dag_decorator.py
[2024-07-07T00:02:43.453+0000] {processor.py:830} INFO - Processing file /home/airflow/.local/lib/python3.12/site-packages/airflow/example_dags/example_dag_decorator.py for tasks to queue
[2024-07-07T00:02:43.460+0000] {logging_mixin.py:188} INFO - [2024-07-07T00:02:43.459+0000] {dagbag.py:545} INFO - Filling up the DagBag from /home/airflow/.local/lib/python3.12/site-packages/airflow/example_dags/example_dag_decorator.py
[2024-07-07T00:02:43.826+0000] {processor.py:840} INFO - DAG(s) 'example_dag_decorator' retrieved from /home/airflow/.local/lib/python3.12/site-packages/airflow/example_dags/example_dag_decorator.py
[2024-07-07T00:02:44.143+0000] {logging_mixin.py:188} INFO - [2024-07-07T00:02:44.142+0000] {dag.py:3096} INFO - Sync 1 DAGs
[2024-07-07T00:02:44.179+0000] {logging_mixin.py:188} INFO - [2024-07-07T00:02:44.179+0000] {dag.py:3954} INFO - Setting next_dagrun for example_dag_decorator to None, run_after=None
[2024-07-07T00:02:44.228+0000] {processor.py:183} INFO - Processing /home/airflow/.local/lib/python3.12/site-packages/airflow/example_dags/example_dag_decorator.py took 0.797 seconds
[2024-07-07T00:03:14.609+0000] {processor.py:161} INFO - Started process (PID=2658) to work on /home/airflow/.local/lib/python3.12/site-packages/airflow/example_dags/example_dag_decorator.py
[2024-07-07T00:03:14.615+0000] {processor.py:830} INFO - Processing file /home/airflow/.local/lib/python3.12/site-packages/airflow/example_dags/example_dag_decorator.py for tasks to queue
[2024-07-07T00:03:14.626+0000] {logging_mixin.py:188} INFO - [2024-07-07T00:03:14.625+0000] {dagbag.py:545} INFO - Filling up the DagBag from /home/airflow/.local/lib/python3.12/site-packages/airflow/example_dags/example_dag_decorator.py
[2024-07-07T00:03:15.167+0000] {processor.py:840} INFO - DAG(s) 'example_dag_decorator' retrieved from /home/airflow/.local/lib/python3.12/site-packages/airflow/example_dags/example_dag_decorator.py
[2024-07-07T00:03:15.447+0000] {logging_mixin.py:188} INFO - [2024-07-07T00:03:15.446+0000] {dag.py:3096} INFO - Sync 1 DAGs
[2024-07-07T00:03:15.472+0000] {logging_mixin.py:188} INFO - [2024-07-07T00:03:15.472+0000] {dag.py:3954} INFO - Setting next_dagrun for example_dag_decorator to None, run_after=None
[2024-07-07T00:03:15.518+0000] {processor.py:183} INFO - Processing /home/airflow/.local/lib/python3.12/site-packages/airflow/example_dags/example_dag_decorator.py took 0.942 seconds
[2024-07-07T00:03:45.886+0000] {processor.py:161} INFO - Started process (PID=2718) to work on /home/airflow/.local/lib/python3.12/site-packages/airflow/example_dags/example_dag_decorator.py
[2024-07-07T00:03:45.889+0000] {processor.py:830} INFO - Processing file /home/airflow/.local/lib/python3.12/site-packages/airflow/example_dags/example_dag_decorator.py for tasks to queue
[2024-07-07T00:03:45.894+0000] {logging_mixin.py:188} INFO - [2024-07-07T00:03:45.893+0000] {dagbag.py:545} INFO - Filling up the DagBag from /home/airflow/.local/lib/python3.12/site-packages/airflow/example_dags/example_dag_decorator.py
[2024-07-07T00:03:46.127+0000] {processor.py:840} INFO - DAG(s) 'example_dag_decorator' retrieved from /home/airflow/.local/lib/python3.12/site-packages/airflow/example_dags/example_dag_decorator.py
[2024-07-07T00:03:46.401+0000] {logging_mixin.py:188} INFO - [2024-07-07T00:03:46.401+0000] {dag.py:3096} INFO - Sync 1 DAGs
[2024-07-07T00:03:46.433+0000] {logging_mixin.py:188} INFO - [2024-07-07T00:03:46.432+0000] {dag.py:3954} INFO - Setting next_dagrun for example_dag_decorator to None, run_after=None
[2024-07-07T00:03:46.498+0000] {processor.py:183} INFO - Processing /home/airflow/.local/lib/python3.12/site-packages/airflow/example_dags/example_dag_decorator.py took 0.663 seconds
[2024-07-07T07:39:21.328+0000] {processor.py:161} INFO - Started process (PID=2761) to work on /home/airflow/.local/lib/python3.12/site-packages/airflow/example_dags/example_dag_decorator.py
[2024-07-07T07:39:21.354+0000] {processor.py:830} INFO - Processing file /home/airflow/.local/lib/python3.12/site-packages/airflow/example_dags/example_dag_decorator.py for tasks to queue
[2024-07-07T07:39:21.357+0000] {logging_mixin.py:188} INFO - [2024-07-07T07:39:21.356+0000] {dagbag.py:545} INFO - Filling up the DagBag from /home/airflow/.local/lib/python3.12/site-packages/airflow/example_dags/example_dag_decorator.py
[2024-07-07T07:39:22.234+0000] {processor.py:840} INFO - DAG(s) 'example_dag_decorator' retrieved from /home/airflow/.local/lib/python3.12/site-packages/airflow/example_dags/example_dag_decorator.py
[2024-07-07T07:39:22.996+0000] {logging_mixin.py:188} INFO - [2024-07-07T07:39:22.996+0000] {dag.py:3096} INFO - Sync 1 DAGs
[2024-07-07T07:39:23.051+0000] {logging_mixin.py:188} INFO - [2024-07-07T07:39:23.050+0000] {dag.py:3954} INFO - Setting next_dagrun for example_dag_decorator to None, run_after=None
[2024-07-07T07:39:23.163+0000] {processor.py:183} INFO - Processing /home/airflow/.local/lib/python3.12/site-packages/airflow/example_dags/example_dag_decorator.py took 1.859 seconds
[2024-07-07T07:39:53.829+0000] {processor.py:161} INFO - Started process (PID=2821) to work on /home/airflow/.local/lib/python3.12/site-packages/airflow/example_dags/example_dag_decorator.py
[2024-07-07T07:39:53.831+0000] {processor.py:830} INFO - Processing file /home/airflow/.local/lib/python3.12/site-packages/airflow/example_dags/example_dag_decorator.py for tasks to queue
[2024-07-07T07:39:53.832+0000] {logging_mixin.py:188} INFO - [2024-07-07T07:39:53.832+0000] {dagbag.py:545} INFO - Filling up the DagBag from /home/airflow/.local/lib/python3.12/site-packages/airflow/example_dags/example_dag_decorator.py
[2024-07-07T07:39:54.055+0000] {processor.py:840} INFO - DAG(s) 'example_dag_decorator' retrieved from /home/airflow/.local/lib/python3.12/site-packages/airflow/example_dags/example_dag_decorator.py
[2024-07-07T07:39:54.300+0000] {logging_mixin.py:188} INFO - [2024-07-07T07:39:54.299+0000] {dag.py:3096} INFO - Sync 1 DAGs
[2024-07-07T07:39:54.321+0000] {logging_mixin.py:188} INFO - [2024-07-07T07:39:54.321+0000] {dag.py:3954} INFO - Setting next_dagrun for example_dag_decorator to None, run_after=None
[2024-07-07T07:39:54.369+0000] {processor.py:183} INFO - Processing /home/airflow/.local/lib/python3.12/site-packages/airflow/example_dags/example_dag_decorator.py took 0.552 seconds
[2024-07-07T07:40:24.479+0000] {processor.py:161} INFO - Started process (PID=2883) to work on /home/airflow/.local/lib/python3.12/site-packages/airflow/example_dags/example_dag_decorator.py
[2024-07-07T07:40:24.481+0000] {processor.py:830} INFO - Processing file /home/airflow/.local/lib/python3.12/site-packages/airflow/example_dags/example_dag_decorator.py for tasks to queue
[2024-07-07T07:40:24.483+0000] {logging_mixin.py:188} INFO - [2024-07-07T07:40:24.482+0000] {dagbag.py:545} INFO - Filling up the DagBag from /home/airflow/.local/lib/python3.12/site-packages/airflow/example_dags/example_dag_decorator.py
[2024-07-07T07:40:24.685+0000] {processor.py:840} INFO - DAG(s) 'example_dag_decorator' retrieved from /home/airflow/.local/lib/python3.12/site-packages/airflow/example_dags/example_dag_decorator.py
[2024-07-07T07:40:24.833+0000] {logging_mixin.py:188} INFO - [2024-07-07T07:40:24.833+0000] {dag.py:3096} INFO - Sync 1 DAGs
[2024-07-07T07:40:24.847+0000] {logging_mixin.py:188} INFO - [2024-07-07T07:40:24.846+0000] {dag.py:3954} INFO - Setting next_dagrun for example_dag_decorator to None, run_after=None
[2024-07-07T07:40:24.875+0000] {processor.py:183} INFO - Processing /home/airflow/.local/lib/python3.12/site-packages/airflow/example_dags/example_dag_decorator.py took 0.409 seconds
[2024-07-07T07:40:55.532+0000] {processor.py:161} INFO - Started process (PID=2941) to work on /home/airflow/.local/lib/python3.12/site-packages/airflow/example_dags/example_dag_decorator.py
[2024-07-07T07:40:55.535+0000] {processor.py:830} INFO - Processing file /home/airflow/.local/lib/python3.12/site-packages/airflow/example_dags/example_dag_decorator.py for tasks to queue
[2024-07-07T07:40:55.538+0000] {logging_mixin.py:188} INFO - [2024-07-07T07:40:55.536+0000] {dagbag.py:545} INFO - Filling up the DagBag from /home/airflow/.local/lib/python3.12/site-packages/airflow/example_dags/example_dag_decorator.py
[2024-07-07T07:40:55.963+0000] {processor.py:840} INFO - DAG(s) 'example_dag_decorator' retrieved from /home/airflow/.local/lib/python3.12/site-packages/airflow/example_dags/example_dag_decorator.py
[2024-07-07T07:40:56.665+0000] {logging_mixin.py:188} INFO - [2024-07-07T07:40:56.664+0000] {dag.py:3096} INFO - Sync 1 DAGs
[2024-07-07T07:40:56.707+0000] {logging_mixin.py:188} INFO - [2024-07-07T07:40:56.706+0000] {dag.py:3954} INFO - Setting next_dagrun for example_dag_decorator to None, run_after=None
[2024-07-07T07:40:56.760+0000] {processor.py:183} INFO - Processing /home/airflow/.local/lib/python3.12/site-packages/airflow/example_dags/example_dag_decorator.py took 1.245 seconds
[2024-07-07T07:41:27.566+0000] {processor.py:161} INFO - Started process (PID=3008) to work on /home/airflow/.local/lib/python3.12/site-packages/airflow/example_dags/example_dag_decorator.py
[2024-07-07T07:41:27.569+0000] {processor.py:830} INFO - Processing file /home/airflow/.local/lib/python3.12/site-packages/airflow/example_dags/example_dag_decorator.py for tasks to queue
[2024-07-07T07:41:27.573+0000] {logging_mixin.py:188} INFO - [2024-07-07T07:41:27.572+0000] {dagbag.py:545} INFO - Filling up the DagBag from /home/airflow/.local/lib/python3.12/site-packages/airflow/example_dags/example_dag_decorator.py
[2024-07-07T07:41:27.837+0000] {processor.py:840} INFO - DAG(s) 'example_dag_decorator' retrieved from /home/airflow/.local/lib/python3.12/site-packages/airflow/example_dags/example_dag_decorator.py
[2024-07-07T07:41:28.235+0000] {logging_mixin.py:188} INFO - [2024-07-07T07:41:28.234+0000] {dag.py:3096} INFO - Sync 1 DAGs
[2024-07-07T07:41:28.291+0000] {logging_mixin.py:188} INFO - [2024-07-07T07:41:28.290+0000] {dag.py:3954} INFO - Setting next_dagrun for example_dag_decorator to None, run_after=None
[2024-07-07T07:41:28.405+0000] {processor.py:183} INFO - Processing /home/airflow/.local/lib/python3.12/site-packages/airflow/example_dags/example_dag_decorator.py took 0.855 seconds
[2024-07-07T07:41:59.214+0000] {processor.py:161} INFO - Started process (PID=3067) to work on /home/airflow/.local/lib/python3.12/site-packages/airflow/example_dags/example_dag_decorator.py
[2024-07-07T07:41:59.216+0000] {processor.py:830} INFO - Processing file /home/airflow/.local/lib/python3.12/site-packages/airflow/example_dags/example_dag_decorator.py for tasks to queue
[2024-07-07T07:41:59.219+0000] {logging_mixin.py:188} INFO - [2024-07-07T07:41:59.218+0000] {dagbag.py:545} INFO - Filling up the DagBag from /home/airflow/.local/lib/python3.12/site-packages/airflow/example_dags/example_dag_decorator.py
[2024-07-07T07:41:59.476+0000] {processor.py:840} INFO - DAG(s) 'example_dag_decorator' retrieved from /home/airflow/.local/lib/python3.12/site-packages/airflow/example_dags/example_dag_decorator.py
[2024-07-07T07:41:59.753+0000] {logging_mixin.py:188} INFO - [2024-07-07T07:41:59.753+0000] {dag.py:3096} INFO - Sync 1 DAGs
[2024-07-07T07:41:59.783+0000] {logging_mixin.py:188} INFO - [2024-07-07T07:41:59.782+0000] {dag.py:3954} INFO - Setting next_dagrun for example_dag_decorator to None, run_after=None
[2024-07-07T07:41:59.850+0000] {processor.py:183} INFO - Processing /home/airflow/.local/lib/python3.12/site-packages/airflow/example_dags/example_dag_decorator.py took 0.653 seconds
[2024-07-07T07:42:30.287+0000] {processor.py:161} INFO - Started process (PID=3126) to work on /home/airflow/.local/lib/python3.12/site-packages/airflow/example_dags/example_dag_decorator.py
[2024-07-07T07:42:30.294+0000] {processor.py:830} INFO - Processing file /home/airflow/.local/lib/python3.12/site-packages/airflow/example_dags/example_dag_decorator.py for tasks to queue
[2024-07-07T07:42:30.301+0000] {logging_mixin.py:188} INFO - [2024-07-07T07:42:30.299+0000] {dagbag.py:545} INFO - Filling up the DagBag from /home/airflow/.local/lib/python3.12/site-packages/airflow/example_dags/example_dag_decorator.py
[2024-07-07T07:42:30.940+0000] {processor.py:840} INFO - DAG(s) 'example_dag_decorator' retrieved from /home/airflow/.local/lib/python3.12/site-packages/airflow/example_dags/example_dag_decorator.py
[2024-07-07T07:42:31.228+0000] {logging_mixin.py:188} INFO - [2024-07-07T07:42:31.227+0000] {dag.py:3096} INFO - Sync 1 DAGs
[2024-07-07T07:42:31.259+0000] {logging_mixin.py:188} INFO - [2024-07-07T07:42:31.258+0000] {dag.py:3954} INFO - Setting next_dagrun for example_dag_decorator to None, run_after=None
[2024-07-07T07:42:31.333+0000] {processor.py:183} INFO - Processing /home/airflow/.local/lib/python3.12/site-packages/airflow/example_dags/example_dag_decorator.py took 1.084 seconds
[2024-07-07T07:43:01.800+0000] {processor.py:161} INFO - Started process (PID=3188) to work on /home/airflow/.local/lib/python3.12/site-packages/airflow/example_dags/example_dag_decorator.py
[2024-07-07T07:43:01.809+0000] {processor.py:830} INFO - Processing file /home/airflow/.local/lib/python3.12/site-packages/airflow/example_dags/example_dag_decorator.py for tasks to queue
[2024-07-07T07:43:01.817+0000] {logging_mixin.py:188} INFO - [2024-07-07T07:43:01.815+0000] {dagbag.py:545} INFO - Filling up the DagBag from /home/airflow/.local/lib/python3.12/site-packages/airflow/example_dags/example_dag_decorator.py
[2024-07-07T07:43:02.144+0000] {processor.py:840} INFO - DAG(s) 'example_dag_decorator' retrieved from /home/airflow/.local/lib/python3.12/site-packages/airflow/example_dags/example_dag_decorator.py
[2024-07-07T07:43:02.344+0000] {logging_mixin.py:188} INFO - [2024-07-07T07:43:02.344+0000] {dag.py:3096} INFO - Sync 1 DAGs
[2024-07-07T07:43:02.368+0000] {logging_mixin.py:188} INFO - [2024-07-07T07:43:02.367+0000] {dag.py:3954} INFO - Setting next_dagrun for example_dag_decorator to None, run_after=None
[2024-07-07T07:43:02.431+0000] {processor.py:183} INFO - Processing /home/airflow/.local/lib/python3.12/site-packages/airflow/example_dags/example_dag_decorator.py took 0.671 seconds
[2024-07-07T07:43:32.625+0000] {processor.py:161} INFO - Started process (PID=3249) to work on /home/airflow/.local/lib/python3.12/site-packages/airflow/example_dags/example_dag_decorator.py
[2024-07-07T07:43:32.628+0000] {processor.py:830} INFO - Processing file /home/airflow/.local/lib/python3.12/site-packages/airflow/example_dags/example_dag_decorator.py for tasks to queue
[2024-07-07T07:43:32.632+0000] {logging_mixin.py:188} INFO - [2024-07-07T07:43:32.631+0000] {dagbag.py:545} INFO - Filling up the DagBag from /home/airflow/.local/lib/python3.12/site-packages/airflow/example_dags/example_dag_decorator.py
[2024-07-07T07:43:33.025+0000] {processor.py:840} INFO - DAG(s) 'example_dag_decorator' retrieved from /home/airflow/.local/lib/python3.12/site-packages/airflow/example_dags/example_dag_decorator.py
[2024-07-07T07:43:33.388+0000] {logging_mixin.py:188} INFO - [2024-07-07T07:43:33.387+0000] {dag.py:3096} INFO - Sync 1 DAGs
[2024-07-07T07:43:33.433+0000] {logging_mixin.py:188} INFO - [2024-07-07T07:43:33.433+0000] {dag.py:3954} INFO - Setting next_dagrun for example_dag_decorator to None, run_after=None
[2024-07-07T07:43:33.498+0000] {processor.py:183} INFO - Processing /home/airflow/.local/lib/python3.12/site-packages/airflow/example_dags/example_dag_decorator.py took 0.891 seconds
[2024-07-07T07:44:04.025+0000] {processor.py:161} INFO - Started process (PID=3309) to work on /home/airflow/.local/lib/python3.12/site-packages/airflow/example_dags/example_dag_decorator.py
[2024-07-07T07:44:04.028+0000] {processor.py:830} INFO - Processing file /home/airflow/.local/lib/python3.12/site-packages/airflow/example_dags/example_dag_decorator.py for tasks to queue
[2024-07-07T07:44:04.031+0000] {logging_mixin.py:188} INFO - [2024-07-07T07:44:04.030+0000] {dagbag.py:545} INFO - Filling up the DagBag from /home/airflow/.local/lib/python3.12/site-packages/airflow/example_dags/example_dag_decorator.py
[2024-07-07T07:44:04.329+0000] {processor.py:840} INFO - DAG(s) 'example_dag_decorator' retrieved from /home/airflow/.local/lib/python3.12/site-packages/airflow/example_dags/example_dag_decorator.py
[2024-07-07T07:44:04.604+0000] {logging_mixin.py:188} INFO - [2024-07-07T07:44:04.602+0000] {dag.py:3096} INFO - Sync 1 DAGs
[2024-07-07T07:44:04.641+0000] {logging_mixin.py:188} INFO - [2024-07-07T07:44:04.640+0000] {dag.py:3954} INFO - Setting next_dagrun for example_dag_decorator to None, run_after=None
[2024-07-07T07:44:04.715+0000] {processor.py:183} INFO - Processing /home/airflow/.local/lib/python3.12/site-packages/airflow/example_dags/example_dag_decorator.py took 0.710 seconds
[2024-07-07T07:44:34.923+0000] {processor.py:161} INFO - Started process (PID=3370) to work on /home/airflow/.local/lib/python3.12/site-packages/airflow/example_dags/example_dag_decorator.py
[2024-07-07T07:44:34.926+0000] {processor.py:830} INFO - Processing file /home/airflow/.local/lib/python3.12/site-packages/airflow/example_dags/example_dag_decorator.py for tasks to queue
[2024-07-07T07:44:34.930+0000] {logging_mixin.py:188} INFO - [2024-07-07T07:44:34.929+0000] {dagbag.py:545} INFO - Filling up the DagBag from /home/airflow/.local/lib/python3.12/site-packages/airflow/example_dags/example_dag_decorator.py
[2024-07-07T07:44:35.308+0000] {processor.py:840} INFO - DAG(s) 'example_dag_decorator' retrieved from /home/airflow/.local/lib/python3.12/site-packages/airflow/example_dags/example_dag_decorator.py
[2024-07-07T07:44:35.893+0000] {logging_mixin.py:188} INFO - [2024-07-07T07:44:35.892+0000] {dag.py:3096} INFO - Sync 1 DAGs
[2024-07-07T07:44:35.921+0000] {logging_mixin.py:188} INFO - [2024-07-07T07:44:35.921+0000] {dag.py:3954} INFO - Setting next_dagrun for example_dag_decorator to None, run_after=None
[2024-07-07T07:44:35.977+0000] {processor.py:183} INFO - Processing /home/airflow/.local/lib/python3.12/site-packages/airflow/example_dags/example_dag_decorator.py took 1.079 seconds
[2024-07-07T07:45:06.389+0000] {processor.py:161} INFO - Started process (PID=3430) to work on /home/airflow/.local/lib/python3.12/site-packages/airflow/example_dags/example_dag_decorator.py
[2024-07-07T07:45:06.394+0000] {processor.py:830} INFO - Processing file /home/airflow/.local/lib/python3.12/site-packages/airflow/example_dags/example_dag_decorator.py for tasks to queue
[2024-07-07T07:45:06.400+0000] {logging_mixin.py:188} INFO - [2024-07-07T07:45:06.398+0000] {dagbag.py:545} INFO - Filling up the DagBag from /home/airflow/.local/lib/python3.12/site-packages/airflow/example_dags/example_dag_decorator.py
[2024-07-07T07:45:06.978+0000] {processor.py:840} INFO - DAG(s) 'example_dag_decorator' retrieved from /home/airflow/.local/lib/python3.12/site-packages/airflow/example_dags/example_dag_decorator.py
[2024-07-07T07:45:07.269+0000] {logging_mixin.py:188} INFO - [2024-07-07T07:45:07.268+0000] {dag.py:3096} INFO - Sync 1 DAGs
[2024-07-07T07:45:07.295+0000] {logging_mixin.py:188} INFO - [2024-07-07T07:45:07.295+0000] {dag.py:3954} INFO - Setting next_dagrun for example_dag_decorator to None, run_after=None
[2024-07-07T07:45:07.337+0000] {processor.py:183} INFO - Processing /home/airflow/.local/lib/python3.12/site-packages/airflow/example_dags/example_dag_decorator.py took 0.987 seconds
[2024-07-07T07:45:37.659+0000] {processor.py:161} INFO - Started process (PID=3491) to work on /home/airflow/.local/lib/python3.12/site-packages/airflow/example_dags/example_dag_decorator.py
[2024-07-07T07:45:37.664+0000] {processor.py:830} INFO - Processing file /home/airflow/.local/lib/python3.12/site-packages/airflow/example_dags/example_dag_decorator.py for tasks to queue
[2024-07-07T07:45:37.669+0000] {logging_mixin.py:188} INFO - [2024-07-07T07:45:37.668+0000] {dagbag.py:545} INFO - Filling up the DagBag from /home/airflow/.local/lib/python3.12/site-packages/airflow/example_dags/example_dag_decorator.py
[2024-07-07T07:45:38.003+0000] {processor.py:840} INFO - DAG(s) 'example_dag_decorator' retrieved from /home/airflow/.local/lib/python3.12/site-packages/airflow/example_dags/example_dag_decorator.py
[2024-07-07T07:45:38.373+0000] {logging_mixin.py:188} INFO - [2024-07-07T07:45:38.373+0000] {dag.py:3096} INFO - Sync 1 DAGs
[2024-07-07T07:45:38.412+0000] {logging_mixin.py:188} INFO - [2024-07-07T07:45:38.411+0000] {dag.py:3954} INFO - Setting next_dagrun for example_dag_decorator to None, run_after=None
[2024-07-07T07:45:38.474+0000] {processor.py:183} INFO - Processing /home/airflow/.local/lib/python3.12/site-packages/airflow/example_dags/example_dag_decorator.py took 0.843 seconds
[2024-07-07T07:46:09.107+0000] {processor.py:161} INFO - Started process (PID=3551) to work on /home/airflow/.local/lib/python3.12/site-packages/airflow/example_dags/example_dag_decorator.py
[2024-07-07T07:46:09.111+0000] {processor.py:830} INFO - Processing file /home/airflow/.local/lib/python3.12/site-packages/airflow/example_dags/example_dag_decorator.py for tasks to queue
[2024-07-07T07:46:09.115+0000] {logging_mixin.py:188} INFO - [2024-07-07T07:46:09.114+0000] {dagbag.py:545} INFO - Filling up the DagBag from /home/airflow/.local/lib/python3.12/site-packages/airflow/example_dags/example_dag_decorator.py
[2024-07-07T07:46:09.484+0000] {processor.py:840} INFO - DAG(s) 'example_dag_decorator' retrieved from /home/airflow/.local/lib/python3.12/site-packages/airflow/example_dags/example_dag_decorator.py
[2024-07-07T07:46:09.713+0000] {logging_mixin.py:188} INFO - [2024-07-07T07:46:09.712+0000] {dag.py:3096} INFO - Sync 1 DAGs
[2024-07-07T07:46:09.741+0000] {logging_mixin.py:188} INFO - [2024-07-07T07:46:09.741+0000] {dag.py:3954} INFO - Setting next_dagrun for example_dag_decorator to None, run_after=None
[2024-07-07T07:46:09.775+0000] {processor.py:183} INFO - Processing /home/airflow/.local/lib/python3.12/site-packages/airflow/example_dags/example_dag_decorator.py took 0.697 seconds
[2024-07-07T07:46:39.952+0000] {processor.py:161} INFO - Started process (PID=3614) to work on /home/airflow/.local/lib/python3.12/site-packages/airflow/example_dags/example_dag_decorator.py
[2024-07-07T07:46:39.954+0000] {processor.py:830} INFO - Processing file /home/airflow/.local/lib/python3.12/site-packages/airflow/example_dags/example_dag_decorator.py for tasks to queue
[2024-07-07T07:46:39.956+0000] {logging_mixin.py:188} INFO - [2024-07-07T07:46:39.955+0000] {dagbag.py:545} INFO - Filling up the DagBag from /home/airflow/.local/lib/python3.12/site-packages/airflow/example_dags/example_dag_decorator.py
[2024-07-07T07:46:40.214+0000] {processor.py:840} INFO - DAG(s) 'example_dag_decorator' retrieved from /home/airflow/.local/lib/python3.12/site-packages/airflow/example_dags/example_dag_decorator.py
[2024-07-07T07:46:40.485+0000] {logging_mixin.py:188} INFO - [2024-07-07T07:46:40.484+0000] {dag.py:3096} INFO - Sync 1 DAGs
[2024-07-07T07:46:40.513+0000] {logging_mixin.py:188} INFO - [2024-07-07T07:46:40.513+0000] {dag.py:3954} INFO - Setting next_dagrun for example_dag_decorator to None, run_after=None
[2024-07-07T07:46:40.570+0000] {processor.py:183} INFO - Processing /home/airflow/.local/lib/python3.12/site-packages/airflow/example_dags/example_dag_decorator.py took 0.629 seconds
[2024-07-07T07:47:11.280+0000] {processor.py:161} INFO - Started process (PID=3676) to work on /home/airflow/.local/lib/python3.12/site-packages/airflow/example_dags/example_dag_decorator.py
[2024-07-07T07:47:11.282+0000] {processor.py:830} INFO - Processing file /home/airflow/.local/lib/python3.12/site-packages/airflow/example_dags/example_dag_decorator.py for tasks to queue
[2024-07-07T07:47:11.284+0000] {logging_mixin.py:188} INFO - [2024-07-07T07:47:11.283+0000] {dagbag.py:545} INFO - Filling up the DagBag from /home/airflow/.local/lib/python3.12/site-packages/airflow/example_dags/example_dag_decorator.py
[2024-07-07T07:47:11.520+0000] {processor.py:840} INFO - DAG(s) 'example_dag_decorator' retrieved from /home/airflow/.local/lib/python3.12/site-packages/airflow/example_dags/example_dag_decorator.py
[2024-07-07T07:47:11.816+0000] {logging_mixin.py:188} INFO - [2024-07-07T07:47:11.815+0000] {dag.py:3096} INFO - Sync 1 DAGs
[2024-07-07T07:47:11.842+0000] {logging_mixin.py:188} INFO - [2024-07-07T07:47:11.842+0000] {dag.py:3954} INFO - Setting next_dagrun for example_dag_decorator to None, run_after=None
[2024-07-07T07:47:11.893+0000] {processor.py:183} INFO - Processing /home/airflow/.local/lib/python3.12/site-packages/airflow/example_dags/example_dag_decorator.py took 0.624 seconds
[2024-07-07T07:47:42.379+0000] {processor.py:161} INFO - Started process (PID=3738) to work on /home/airflow/.local/lib/python3.12/site-packages/airflow/example_dags/example_dag_decorator.py
[2024-07-07T07:47:42.381+0000] {processor.py:830} INFO - Processing file /home/airflow/.local/lib/python3.12/site-packages/airflow/example_dags/example_dag_decorator.py for tasks to queue
[2024-07-07T07:47:42.383+0000] {logging_mixin.py:188} INFO - [2024-07-07T07:47:42.383+0000] {dagbag.py:545} INFO - Filling up the DagBag from /home/airflow/.local/lib/python3.12/site-packages/airflow/example_dags/example_dag_decorator.py
[2024-07-07T07:47:42.629+0000] {processor.py:840} INFO - DAG(s) 'example_dag_decorator' retrieved from /home/airflow/.local/lib/python3.12/site-packages/airflow/example_dags/example_dag_decorator.py
[2024-07-07T07:47:42.845+0000] {logging_mixin.py:188} INFO - [2024-07-07T07:47:42.844+0000] {dag.py:3096} INFO - Sync 1 DAGs
[2024-07-07T07:47:42.866+0000] {logging_mixin.py:188} INFO - [2024-07-07T07:47:42.866+0000] {dag.py:3954} INFO - Setting next_dagrun for example_dag_decorator to None, run_after=None
[2024-07-07T07:47:42.909+0000] {processor.py:183} INFO - Processing /home/airflow/.local/lib/python3.12/site-packages/airflow/example_dags/example_dag_decorator.py took 0.543 seconds
[2024-07-07T07:48:13.070+0000] {processor.py:161} INFO - Started process (PID=3799) to work on /home/airflow/.local/lib/python3.12/site-packages/airflow/example_dags/example_dag_decorator.py
[2024-07-07T07:48:13.072+0000] {processor.py:830} INFO - Processing file /home/airflow/.local/lib/python3.12/site-packages/airflow/example_dags/example_dag_decorator.py for tasks to queue
[2024-07-07T07:48:13.074+0000] {logging_mixin.py:188} INFO - [2024-07-07T07:48:13.073+0000] {dagbag.py:545} INFO - Filling up the DagBag from /home/airflow/.local/lib/python3.12/site-packages/airflow/example_dags/example_dag_decorator.py
[2024-07-07T07:48:13.356+0000] {processor.py:840} INFO - DAG(s) 'example_dag_decorator' retrieved from /home/airflow/.local/lib/python3.12/site-packages/airflow/example_dags/example_dag_decorator.py
[2024-07-07T07:48:13.698+0000] {logging_mixin.py:188} INFO - [2024-07-07T07:48:13.697+0000] {dag.py:3096} INFO - Sync 1 DAGs
[2024-07-07T07:48:13.732+0000] {logging_mixin.py:188} INFO - [2024-07-07T07:48:13.732+0000] {dag.py:3954} INFO - Setting next_dagrun for example_dag_decorator to None, run_after=None
[2024-07-07T07:48:13.790+0000] {processor.py:183} INFO - Processing /home/airflow/.local/lib/python3.12/site-packages/airflow/example_dags/example_dag_decorator.py took 0.733 seconds
[2024-07-07T07:48:44.053+0000] {processor.py:161} INFO - Started process (PID=3860) to work on /home/airflow/.local/lib/python3.12/site-packages/airflow/example_dags/example_dag_decorator.py
[2024-07-07T07:48:44.057+0000] {processor.py:830} INFO - Processing file /home/airflow/.local/lib/python3.12/site-packages/airflow/example_dags/example_dag_decorator.py for tasks to queue
[2024-07-07T07:48:44.061+0000] {logging_mixin.py:188} INFO - [2024-07-07T07:48:44.060+0000] {dagbag.py:545} INFO - Filling up the DagBag from /home/airflow/.local/lib/python3.12/site-packages/airflow/example_dags/example_dag_decorator.py
[2024-07-07T07:48:44.473+0000] {processor.py:840} INFO - DAG(s) 'example_dag_decorator' retrieved from /home/airflow/.local/lib/python3.12/site-packages/airflow/example_dags/example_dag_decorator.py
[2024-07-07T07:48:44.788+0000] {logging_mixin.py:188} INFO - [2024-07-07T07:48:44.787+0000] {dag.py:3096} INFO - Sync 1 DAGs
[2024-07-07T07:48:44.809+0000] {logging_mixin.py:188} INFO - [2024-07-07T07:48:44.809+0000] {dag.py:3954} INFO - Setting next_dagrun for example_dag_decorator to None, run_after=None
[2024-07-07T07:48:44.858+0000] {processor.py:183} INFO - Processing /home/airflow/.local/lib/python3.12/site-packages/airflow/example_dags/example_dag_decorator.py took 0.825 seconds
[2024-07-07T07:49:16.033+0000] {processor.py:161} INFO - Started process (PID=3923) to work on /home/airflow/.local/lib/python3.12/site-packages/airflow/example_dags/example_dag_decorator.py
[2024-07-07T07:49:16.039+0000] {processor.py:830} INFO - Processing file /home/airflow/.local/lib/python3.12/site-packages/airflow/example_dags/example_dag_decorator.py for tasks to queue
[2024-07-07T07:49:16.044+0000] {logging_mixin.py:188} INFO - [2024-07-07T07:49:16.042+0000] {dagbag.py:545} INFO - Filling up the DagBag from /home/airflow/.local/lib/python3.12/site-packages/airflow/example_dags/example_dag_decorator.py
[2024-07-07T07:49:16.513+0000] {processor.py:840} INFO - DAG(s) 'example_dag_decorator' retrieved from /home/airflow/.local/lib/python3.12/site-packages/airflow/example_dags/example_dag_decorator.py
[2024-07-07T07:49:16.906+0000] {logging_mixin.py:188} INFO - [2024-07-07T07:49:16.905+0000] {dag.py:3096} INFO - Sync 1 DAGs
[2024-07-07T07:49:16.986+0000] {logging_mixin.py:188} INFO - [2024-07-07T07:49:16.985+0000] {dag.py:3954} INFO - Setting next_dagrun for example_dag_decorator to None, run_after=None
[2024-07-07T07:49:17.041+0000] {processor.py:183} INFO - Processing /home/airflow/.local/lib/python3.12/site-packages/airflow/example_dags/example_dag_decorator.py took 1.043 seconds
[2024-07-07T07:49:47.389+0000] {processor.py:161} INFO - Started process (PID=3985) to work on /home/airflow/.local/lib/python3.12/site-packages/airflow/example_dags/example_dag_decorator.py
[2024-07-07T07:49:47.394+0000] {processor.py:830} INFO - Processing file /home/airflow/.local/lib/python3.12/site-packages/airflow/example_dags/example_dag_decorator.py for tasks to queue
[2024-07-07T07:49:47.399+0000] {logging_mixin.py:188} INFO - [2024-07-07T07:49:47.397+0000] {dagbag.py:545} INFO - Filling up the DagBag from /home/airflow/.local/lib/python3.12/site-packages/airflow/example_dags/example_dag_decorator.py
[2024-07-07T07:49:47.782+0000] {processor.py:840} INFO - DAG(s) 'example_dag_decorator' retrieved from /home/airflow/.local/lib/python3.12/site-packages/airflow/example_dags/example_dag_decorator.py
[2024-07-07T07:49:48.266+0000] {logging_mixin.py:188} INFO - [2024-07-07T07:49:48.265+0000] {dag.py:3096} INFO - Sync 1 DAGs
[2024-07-07T07:49:48.325+0000] {logging_mixin.py:188} INFO - [2024-07-07T07:49:48.324+0000] {dag.py:3954} INFO - Setting next_dagrun for example_dag_decorator to None, run_after=None
[2024-07-07T07:49:48.421+0000] {processor.py:183} INFO - Processing /home/airflow/.local/lib/python3.12/site-packages/airflow/example_dags/example_dag_decorator.py took 1.065 seconds
[2024-07-07T07:50:19.101+0000] {processor.py:161} INFO - Started process (PID=4045) to work on /home/airflow/.local/lib/python3.12/site-packages/airflow/example_dags/example_dag_decorator.py
[2024-07-07T07:50:19.103+0000] {processor.py:830} INFO - Processing file /home/airflow/.local/lib/python3.12/site-packages/airflow/example_dags/example_dag_decorator.py for tasks to queue
[2024-07-07T07:50:19.106+0000] {logging_mixin.py:188} INFO - [2024-07-07T07:50:19.105+0000] {dagbag.py:545} INFO - Filling up the DagBag from /home/airflow/.local/lib/python3.12/site-packages/airflow/example_dags/example_dag_decorator.py
[2024-07-07T07:50:19.390+0000] {processor.py:840} INFO - DAG(s) 'example_dag_decorator' retrieved from /home/airflow/.local/lib/python3.12/site-packages/airflow/example_dags/example_dag_decorator.py
[2024-07-07T07:50:19.590+0000] {logging_mixin.py:188} INFO - [2024-07-07T07:50:19.590+0000] {dag.py:3096} INFO - Sync 1 DAGs
[2024-07-07T07:50:19.609+0000] {logging_mixin.py:188} INFO - [2024-07-07T07:50:19.609+0000] {dag.py:3954} INFO - Setting next_dagrun for example_dag_decorator to None, run_after=None
[2024-07-07T07:50:19.651+0000] {processor.py:183} INFO - Processing /home/airflow/.local/lib/python3.12/site-packages/airflow/example_dags/example_dag_decorator.py took 0.568 seconds
[2024-07-07T07:50:49.873+0000] {processor.py:161} INFO - Started process (PID=4105) to work on /home/airflow/.local/lib/python3.12/site-packages/airflow/example_dags/example_dag_decorator.py
[2024-07-07T07:50:49.875+0000] {processor.py:830} INFO - Processing file /home/airflow/.local/lib/python3.12/site-packages/airflow/example_dags/example_dag_decorator.py for tasks to queue
[2024-07-07T07:50:49.877+0000] {logging_mixin.py:188} INFO - [2024-07-07T07:50:49.876+0000] {dagbag.py:545} INFO - Filling up the DagBag from /home/airflow/.local/lib/python3.12/site-packages/airflow/example_dags/example_dag_decorator.py
[2024-07-07T07:50:50.049+0000] {processor.py:840} INFO - DAG(s) 'example_dag_decorator' retrieved from /home/airflow/.local/lib/python3.12/site-packages/airflow/example_dags/example_dag_decorator.py
[2024-07-07T07:50:50.203+0000] {logging_mixin.py:188} INFO - [2024-07-07T07:50:50.202+0000] {dag.py:3096} INFO - Sync 1 DAGs
[2024-07-07T07:50:50.217+0000] {logging_mixin.py:188} INFO - [2024-07-07T07:50:50.217+0000] {dag.py:3954} INFO - Setting next_dagrun for example_dag_decorator to None, run_after=None
[2024-07-07T07:50:50.250+0000] {processor.py:183} INFO - Processing /home/airflow/.local/lib/python3.12/site-packages/airflow/example_dags/example_dag_decorator.py took 0.387 seconds
[2024-07-07T07:51:20.512+0000] {processor.py:161} INFO - Started process (PID=4165) to work on /home/airflow/.local/lib/python3.12/site-packages/airflow/example_dags/example_dag_decorator.py
[2024-07-07T07:51:20.514+0000] {processor.py:830} INFO - Processing file /home/airflow/.local/lib/python3.12/site-packages/airflow/example_dags/example_dag_decorator.py for tasks to queue
[2024-07-07T07:51:20.516+0000] {logging_mixin.py:188} INFO - [2024-07-07T07:51:20.515+0000] {dagbag.py:545} INFO - Filling up the DagBag from /home/airflow/.local/lib/python3.12/site-packages/airflow/example_dags/example_dag_decorator.py
[2024-07-07T07:51:20.745+0000] {processor.py:840} INFO - DAG(s) 'example_dag_decorator' retrieved from /home/airflow/.local/lib/python3.12/site-packages/airflow/example_dags/example_dag_decorator.py
[2024-07-07T07:51:20.943+0000] {logging_mixin.py:188} INFO - [2024-07-07T07:51:20.942+0000] {dag.py:3096} INFO - Sync 1 DAGs
[2024-07-07T07:51:20.961+0000] {logging_mixin.py:188} INFO - [2024-07-07T07:51:20.960+0000] {dag.py:3954} INFO - Setting next_dagrun for example_dag_decorator to None, run_after=None
[2024-07-07T07:51:21.000+0000] {processor.py:183} INFO - Processing /home/airflow/.local/lib/python3.12/site-packages/airflow/example_dags/example_dag_decorator.py took 0.499 seconds
[2024-07-07T07:51:51.149+0000] {processor.py:161} INFO - Started process (PID=4225) to work on /home/airflow/.local/lib/python3.12/site-packages/airflow/example_dags/example_dag_decorator.py
[2024-07-07T07:51:51.150+0000] {processor.py:830} INFO - Processing file /home/airflow/.local/lib/python3.12/site-packages/airflow/example_dags/example_dag_decorator.py for tasks to queue
[2024-07-07T07:51:51.152+0000] {logging_mixin.py:188} INFO - [2024-07-07T07:51:51.152+0000] {dagbag.py:545} INFO - Filling up the DagBag from /home/airflow/.local/lib/python3.12/site-packages/airflow/example_dags/example_dag_decorator.py
[2024-07-07T07:51:51.318+0000] {processor.py:840} INFO - DAG(s) 'example_dag_decorator' retrieved from /home/airflow/.local/lib/python3.12/site-packages/airflow/example_dags/example_dag_decorator.py
[2024-07-07T07:51:51.485+0000] {logging_mixin.py:188} INFO - [2024-07-07T07:51:51.485+0000] {dag.py:3096} INFO - Sync 1 DAGs
[2024-07-07T07:51:51.711+0000] {logging_mixin.py:188} INFO - [2024-07-07T07:51:51.711+0000] {dag.py:3954} INFO - Setting next_dagrun for example_dag_decorator to None, run_after=None
[2024-07-07T07:51:51.739+0000] {processor.py:183} INFO - Processing /home/airflow/.local/lib/python3.12/site-packages/airflow/example_dags/example_dag_decorator.py took 0.600 seconds
[2024-07-07T07:52:22.060+0000] {processor.py:161} INFO - Started process (PID=4287) to work on /home/airflow/.local/lib/python3.12/site-packages/airflow/example_dags/example_dag_decorator.py
[2024-07-07T07:52:22.062+0000] {processor.py:830} INFO - Processing file /home/airflow/.local/lib/python3.12/site-packages/airflow/example_dags/example_dag_decorator.py for tasks to queue
[2024-07-07T07:52:22.065+0000] {logging_mixin.py:188} INFO - [2024-07-07T07:52:22.064+0000] {dagbag.py:545} INFO - Filling up the DagBag from /home/airflow/.local/lib/python3.12/site-packages/airflow/example_dags/example_dag_decorator.py
[2024-07-07T07:52:22.234+0000] {processor.py:840} INFO - DAG(s) 'example_dag_decorator' retrieved from /home/airflow/.local/lib/python3.12/site-packages/airflow/example_dags/example_dag_decorator.py
[2024-07-07T07:52:22.393+0000] {logging_mixin.py:188} INFO - [2024-07-07T07:52:22.392+0000] {dag.py:3096} INFO - Sync 1 DAGs
[2024-07-07T07:52:22.408+0000] {logging_mixin.py:188} INFO - [2024-07-07T07:52:22.408+0000] {dag.py:3954} INFO - Setting next_dagrun for example_dag_decorator to None, run_after=None
[2024-07-07T07:52:22.620+0000] {processor.py:183} INFO - Processing /home/airflow/.local/lib/python3.12/site-packages/airflow/example_dags/example_dag_decorator.py took 0.568 seconds
[2024-07-07T07:52:52.745+0000] {processor.py:161} INFO - Started process (PID=4350) to work on /home/airflow/.local/lib/python3.12/site-packages/airflow/example_dags/example_dag_decorator.py
[2024-07-07T07:52:52.746+0000] {processor.py:830} INFO - Processing file /home/airflow/.local/lib/python3.12/site-packages/airflow/example_dags/example_dag_decorator.py for tasks to queue
[2024-07-07T07:52:52.748+0000] {logging_mixin.py:188} INFO - [2024-07-07T07:52:52.747+0000] {dagbag.py:545} INFO - Filling up the DagBag from /home/airflow/.local/lib/python3.12/site-packages/airflow/example_dags/example_dag_decorator.py
[2024-07-07T07:52:52.902+0000] {processor.py:840} INFO - DAG(s) 'example_dag_decorator' retrieved from /home/airflow/.local/lib/python3.12/site-packages/airflow/example_dags/example_dag_decorator.py
[2024-07-07T07:52:53.051+0000] {logging_mixin.py:188} INFO - [2024-07-07T07:52:53.051+0000] {dag.py:3096} INFO - Sync 1 DAGs
[2024-07-07T07:52:53.064+0000] {logging_mixin.py:188} INFO - [2024-07-07T07:52:53.064+0000] {dag.py:3954} INFO - Setting next_dagrun for example_dag_decorator to None, run_after=None
[2024-07-07T07:52:53.100+0000] {processor.py:183} INFO - Processing /home/airflow/.local/lib/python3.12/site-packages/airflow/example_dags/example_dag_decorator.py took 0.363 seconds
[2024-07-07T07:53:23.877+0000] {processor.py:161} INFO - Started process (PID=4409) to work on /home/airflow/.local/lib/python3.12/site-packages/airflow/example_dags/example_dag_decorator.py
[2024-07-07T07:53:23.879+0000] {processor.py:830} INFO - Processing file /home/airflow/.local/lib/python3.12/site-packages/airflow/example_dags/example_dag_decorator.py for tasks to queue
[2024-07-07T07:53:23.881+0000] {logging_mixin.py:188} INFO - [2024-07-07T07:53:23.880+0000] {dagbag.py:545} INFO - Filling up the DagBag from /home/airflow/.local/lib/python3.12/site-packages/airflow/example_dags/example_dag_decorator.py
[2024-07-07T07:53:24.105+0000] {processor.py:840} INFO - DAG(s) 'example_dag_decorator' retrieved from /home/airflow/.local/lib/python3.12/site-packages/airflow/example_dags/example_dag_decorator.py
[2024-07-07T07:53:24.320+0000] {logging_mixin.py:188} INFO - [2024-07-07T07:53:24.320+0000] {dag.py:3096} INFO - Sync 1 DAGs
[2024-07-07T07:53:24.341+0000] {logging_mixin.py:188} INFO - [2024-07-07T07:53:24.341+0000] {dag.py:3954} INFO - Setting next_dagrun for example_dag_decorator to None, run_after=None
[2024-07-07T07:53:24.372+0000] {processor.py:183} INFO - Processing /home/airflow/.local/lib/python3.12/site-packages/airflow/example_dags/example_dag_decorator.py took 0.504 seconds
[2024-07-07T07:53:55.168+0000] {processor.py:161} INFO - Started process (PID=4468) to work on /home/airflow/.local/lib/python3.12/site-packages/airflow/example_dags/example_dag_decorator.py
[2024-07-07T07:53:55.170+0000] {processor.py:830} INFO - Processing file /home/airflow/.local/lib/python3.12/site-packages/airflow/example_dags/example_dag_decorator.py for tasks to queue
[2024-07-07T07:53:55.171+0000] {logging_mixin.py:188} INFO - [2024-07-07T07:53:55.171+0000] {dagbag.py:545} INFO - Filling up the DagBag from /home/airflow/.local/lib/python3.12/site-packages/airflow/example_dags/example_dag_decorator.py
[2024-07-07T07:53:55.352+0000] {processor.py:840} INFO - DAG(s) 'example_dag_decorator' retrieved from /home/airflow/.local/lib/python3.12/site-packages/airflow/example_dags/example_dag_decorator.py
[2024-07-07T07:53:55.746+0000] {logging_mixin.py:188} INFO - [2024-07-07T07:53:55.746+0000] {dag.py:3096} INFO - Sync 1 DAGs
[2024-07-07T07:53:55.761+0000] {logging_mixin.py:188} INFO - [2024-07-07T07:53:55.761+0000] {dag.py:3954} INFO - Setting next_dagrun for example_dag_decorator to None, run_after=None
[2024-07-07T07:53:55.802+0000] {processor.py:183} INFO - Processing /home/airflow/.local/lib/python3.12/site-packages/airflow/example_dags/example_dag_decorator.py took 0.649 seconds
[2024-07-07T07:54:26.661+0000] {processor.py:161} INFO - Started process (PID=4529) to work on /home/airflow/.local/lib/python3.12/site-packages/airflow/example_dags/example_dag_decorator.py
[2024-07-07T07:54:26.664+0000] {processor.py:830} INFO - Processing file /home/airflow/.local/lib/python3.12/site-packages/airflow/example_dags/example_dag_decorator.py for tasks to queue
[2024-07-07T07:54:26.666+0000] {logging_mixin.py:188} INFO - [2024-07-07T07:54:26.665+0000] {dagbag.py:545} INFO - Filling up the DagBag from /home/airflow/.local/lib/python3.12/site-packages/airflow/example_dags/example_dag_decorator.py
[2024-07-07T07:54:26.873+0000] {processor.py:840} INFO - DAG(s) 'example_dag_decorator' retrieved from /home/airflow/.local/lib/python3.12/site-packages/airflow/example_dags/example_dag_decorator.py
[2024-07-07T07:54:27.239+0000] {logging_mixin.py:188} INFO - [2024-07-07T07:54:27.238+0000] {dag.py:3096} INFO - Sync 1 DAGs
[2024-07-07T07:54:27.254+0000] {logging_mixin.py:188} INFO - [2024-07-07T07:54:27.254+0000] {dag.py:3954} INFO - Setting next_dagrun for example_dag_decorator to None, run_after=None
[2024-07-07T07:54:27.287+0000] {processor.py:183} INFO - Processing /home/airflow/.local/lib/python3.12/site-packages/airflow/example_dags/example_dag_decorator.py took 0.639 seconds
[2024-07-07T07:54:57.953+0000] {processor.py:161} INFO - Started process (PID=4591) to work on /home/airflow/.local/lib/python3.12/site-packages/airflow/example_dags/example_dag_decorator.py
[2024-07-07T07:54:57.955+0000] {processor.py:830} INFO - Processing file /home/airflow/.local/lib/python3.12/site-packages/airflow/example_dags/example_dag_decorator.py for tasks to queue
[2024-07-07T07:54:57.957+0000] {logging_mixin.py:188} INFO - [2024-07-07T07:54:57.956+0000] {dagbag.py:545} INFO - Filling up the DagBag from /home/airflow/.local/lib/python3.12/site-packages/airflow/example_dags/example_dag_decorator.py
[2024-07-07T07:54:58.127+0000] {processor.py:840} INFO - DAG(s) 'example_dag_decorator' retrieved from /home/airflow/.local/lib/python3.12/site-packages/airflow/example_dags/example_dag_decorator.py
[2024-07-07T07:54:58.485+0000] {logging_mixin.py:188} INFO - [2024-07-07T07:54:58.485+0000] {dag.py:3096} INFO - Sync 1 DAGs
[2024-07-07T07:54:58.501+0000] {logging_mixin.py:188} INFO - [2024-07-07T07:54:58.500+0000] {dag.py:3954} INFO - Setting next_dagrun for example_dag_decorator to None, run_after=None
[2024-07-07T07:54:58.541+0000] {processor.py:183} INFO - Processing /home/airflow/.local/lib/python3.12/site-packages/airflow/example_dags/example_dag_decorator.py took 0.596 seconds
[2024-07-07T07:55:29.418+0000] {processor.py:161} INFO - Started process (PID=4652) to work on /home/airflow/.local/lib/python3.12/site-packages/airflow/example_dags/example_dag_decorator.py
[2024-07-07T07:55:29.420+0000] {processor.py:830} INFO - Processing file /home/airflow/.local/lib/python3.12/site-packages/airflow/example_dags/example_dag_decorator.py for tasks to queue
[2024-07-07T07:55:29.421+0000] {logging_mixin.py:188} INFO - [2024-07-07T07:55:29.421+0000] {dagbag.py:545} INFO - Filling up the DagBag from /home/airflow/.local/lib/python3.12/site-packages/airflow/example_dags/example_dag_decorator.py
[2024-07-07T07:55:29.612+0000] {processor.py:840} INFO - DAG(s) 'example_dag_decorator' retrieved from /home/airflow/.local/lib/python3.12/site-packages/airflow/example_dags/example_dag_decorator.py
[2024-07-07T07:55:30.079+0000] {logging_mixin.py:188} INFO - [2024-07-07T07:55:30.078+0000] {dag.py:3096} INFO - Sync 1 DAGs
[2024-07-07T07:55:30.104+0000] {logging_mixin.py:188} INFO - [2024-07-07T07:55:30.103+0000] {dag.py:3954} INFO - Setting next_dagrun for example_dag_decorator to None, run_after=None
[2024-07-07T07:55:30.157+0000] {processor.py:183} INFO - Processing /home/airflow/.local/lib/python3.12/site-packages/airflow/example_dags/example_dag_decorator.py took 0.747 seconds
[2024-07-07T07:56:01.084+0000] {processor.py:161} INFO - Started process (PID=4719) to work on /home/airflow/.local/lib/python3.12/site-packages/airflow/example_dags/example_dag_decorator.py
[2024-07-07T07:56:01.086+0000] {processor.py:830} INFO - Processing file /home/airflow/.local/lib/python3.12/site-packages/airflow/example_dags/example_dag_decorator.py for tasks to queue
[2024-07-07T07:56:01.087+0000] {logging_mixin.py:188} INFO - [2024-07-07T07:56:01.087+0000] {dagbag.py:545} INFO - Filling up the DagBag from /home/airflow/.local/lib/python3.12/site-packages/airflow/example_dags/example_dag_decorator.py
[2024-07-07T07:56:01.285+0000] {processor.py:840} INFO - DAG(s) 'example_dag_decorator' retrieved from /home/airflow/.local/lib/python3.12/site-packages/airflow/example_dags/example_dag_decorator.py
[2024-07-07T07:56:01.610+0000] {logging_mixin.py:188} INFO - [2024-07-07T07:56:01.609+0000] {dag.py:3096} INFO - Sync 1 DAGs
[2024-07-07T07:56:01.624+0000] {logging_mixin.py:188} INFO - [2024-07-07T07:56:01.623+0000] {dag.py:3954} INFO - Setting next_dagrun for example_dag_decorator to None, run_after=None
[2024-07-07T07:56:01.658+0000] {processor.py:183} INFO - Processing /home/airflow/.local/lib/python3.12/site-packages/airflow/example_dags/example_dag_decorator.py took 0.583 seconds
[2024-07-07T07:56:31.916+0000] {processor.py:161} INFO - Started process (PID=4781) to work on /home/airflow/.local/lib/python3.12/site-packages/airflow/example_dags/example_dag_decorator.py
[2024-07-07T07:56:31.917+0000] {processor.py:830} INFO - Processing file /home/airflow/.local/lib/python3.12/site-packages/airflow/example_dags/example_dag_decorator.py for tasks to queue
[2024-07-07T07:56:31.919+0000] {logging_mixin.py:188} INFO - [2024-07-07T07:56:31.918+0000] {dagbag.py:545} INFO - Filling up the DagBag from /home/airflow/.local/lib/python3.12/site-packages/airflow/example_dags/example_dag_decorator.py
[2024-07-07T07:56:32.107+0000] {processor.py:840} INFO - DAG(s) 'example_dag_decorator' retrieved from /home/airflow/.local/lib/python3.12/site-packages/airflow/example_dags/example_dag_decorator.py
[2024-07-07T07:56:32.467+0000] {logging_mixin.py:188} INFO - [2024-07-07T07:56:32.466+0000] {dag.py:3096} INFO - Sync 1 DAGs
[2024-07-07T07:56:32.484+0000] {logging_mixin.py:188} INFO - [2024-07-07T07:56:32.484+0000] {dag.py:3954} INFO - Setting next_dagrun for example_dag_decorator to None, run_after=None
[2024-07-07T07:56:32.528+0000] {processor.py:183} INFO - Processing /home/airflow/.local/lib/python3.12/site-packages/airflow/example_dags/example_dag_decorator.py took 0.622 seconds
[2024-07-07T07:57:02.688+0000] {processor.py:161} INFO - Started process (PID=4843) to work on /home/airflow/.local/lib/python3.12/site-packages/airflow/example_dags/example_dag_decorator.py
[2024-07-07T07:57:02.691+0000] {processor.py:830} INFO - Processing file /home/airflow/.local/lib/python3.12/site-packages/airflow/example_dags/example_dag_decorator.py for tasks to queue
[2024-07-07T07:57:02.693+0000] {logging_mixin.py:188} INFO - [2024-07-07T07:57:02.692+0000] {dagbag.py:545} INFO - Filling up the DagBag from /home/airflow/.local/lib/python3.12/site-packages/airflow/example_dags/example_dag_decorator.py
[2024-07-07T07:57:02.885+0000] {processor.py:840} INFO - DAG(s) 'example_dag_decorator' retrieved from /home/airflow/.local/lib/python3.12/site-packages/airflow/example_dags/example_dag_decorator.py
[2024-07-07T07:57:03.248+0000] {logging_mixin.py:188} INFO - [2024-07-07T07:57:03.247+0000] {dag.py:3096} INFO - Sync 1 DAGs
[2024-07-07T07:57:03.266+0000] {logging_mixin.py:188} INFO - [2024-07-07T07:57:03.266+0000] {dag.py:3954} INFO - Setting next_dagrun for example_dag_decorator to None, run_after=None
[2024-07-07T07:57:03.301+0000] {processor.py:183} INFO - Processing /home/airflow/.local/lib/python3.12/site-packages/airflow/example_dags/example_dag_decorator.py took 0.629 seconds
[2024-07-07T07:57:33.867+0000] {processor.py:161} INFO - Started process (PID=4903) to work on /home/airflow/.local/lib/python3.12/site-packages/airflow/example_dags/example_dag_decorator.py
[2024-07-07T07:57:33.869+0000] {processor.py:830} INFO - Processing file /home/airflow/.local/lib/python3.12/site-packages/airflow/example_dags/example_dag_decorator.py for tasks to queue
[2024-07-07T07:57:33.871+0000] {logging_mixin.py:188} INFO - [2024-07-07T07:57:33.871+0000] {dagbag.py:545} INFO - Filling up the DagBag from /home/airflow/.local/lib/python3.12/site-packages/airflow/example_dags/example_dag_decorator.py
[2024-07-07T07:57:34.059+0000] {processor.py:840} INFO - DAG(s) 'example_dag_decorator' retrieved from /home/airflow/.local/lib/python3.12/site-packages/airflow/example_dags/example_dag_decorator.py
[2024-07-07T07:57:34.479+0000] {logging_mixin.py:188} INFO - [2024-07-07T07:57:34.478+0000] {dag.py:3096} INFO - Sync 1 DAGs
[2024-07-07T07:57:34.504+0000] {logging_mixin.py:188} INFO - [2024-07-07T07:57:34.503+0000] {dag.py:3954} INFO - Setting next_dagrun for example_dag_decorator to None, run_after=None
[2024-07-07T07:57:34.543+0000] {processor.py:183} INFO - Processing /home/airflow/.local/lib/python3.12/site-packages/airflow/example_dags/example_dag_decorator.py took 0.689 seconds
[2024-07-07T07:58:04.705+0000] {processor.py:161} INFO - Started process (PID=4967) to work on /home/airflow/.local/lib/python3.12/site-packages/airflow/example_dags/example_dag_decorator.py
[2024-07-07T07:58:04.707+0000] {processor.py:830} INFO - Processing file /home/airflow/.local/lib/python3.12/site-packages/airflow/example_dags/example_dag_decorator.py for tasks to queue
[2024-07-07T07:58:04.709+0000] {logging_mixin.py:188} INFO - [2024-07-07T07:58:04.709+0000] {dagbag.py:545} INFO - Filling up the DagBag from /home/airflow/.local/lib/python3.12/site-packages/airflow/example_dags/example_dag_decorator.py
[2024-07-07T07:58:04.881+0000] {processor.py:840} INFO - DAG(s) 'example_dag_decorator' retrieved from /home/airflow/.local/lib/python3.12/site-packages/airflow/example_dags/example_dag_decorator.py
[2024-07-07T07:58:05.256+0000] {logging_mixin.py:188} INFO - [2024-07-07T07:58:05.256+0000] {dag.py:3096} INFO - Sync 1 DAGs
[2024-07-07T07:58:05.271+0000] {logging_mixin.py:188} INFO - [2024-07-07T07:58:05.271+0000] {dag.py:3954} INFO - Setting next_dagrun for example_dag_decorator to None, run_after=None
[2024-07-07T07:58:05.303+0000] {processor.py:183} INFO - Processing /home/airflow/.local/lib/python3.12/site-packages/airflow/example_dags/example_dag_decorator.py took 0.610 seconds
[2024-07-07T07:58:36.271+0000] {processor.py:161} INFO - Started process (PID=5027) to work on /home/airflow/.local/lib/python3.12/site-packages/airflow/example_dags/example_dag_decorator.py
[2024-07-07T07:58:36.273+0000] {processor.py:830} INFO - Processing file /home/airflow/.local/lib/python3.12/site-packages/airflow/example_dags/example_dag_decorator.py for tasks to queue
[2024-07-07T07:58:36.275+0000] {logging_mixin.py:188} INFO - [2024-07-07T07:58:36.275+0000] {dagbag.py:545} INFO - Filling up the DagBag from /home/airflow/.local/lib/python3.12/site-packages/airflow/example_dags/example_dag_decorator.py
[2024-07-07T07:58:36.452+0000] {processor.py:840} INFO - DAG(s) 'example_dag_decorator' retrieved from /home/airflow/.local/lib/python3.12/site-packages/airflow/example_dags/example_dag_decorator.py
[2024-07-07T07:58:36.812+0000] {logging_mixin.py:188} INFO - [2024-07-07T07:58:36.812+0000] {dag.py:3096} INFO - Sync 1 DAGs
[2024-07-07T07:58:36.830+0000] {logging_mixin.py:188} INFO - [2024-07-07T07:58:36.829+0000] {dag.py:3954} INFO - Setting next_dagrun for example_dag_decorator to None, run_after=None
[2024-07-07T07:58:36.865+0000] {processor.py:183} INFO - Processing /home/airflow/.local/lib/python3.12/site-packages/airflow/example_dags/example_dag_decorator.py took 0.608 seconds
[2024-07-07T07:59:07.677+0000] {processor.py:161} INFO - Started process (PID=5087) to work on /home/airflow/.local/lib/python3.12/site-packages/airflow/example_dags/example_dag_decorator.py
[2024-07-07T07:59:07.679+0000] {processor.py:830} INFO - Processing file /home/airflow/.local/lib/python3.12/site-packages/airflow/example_dags/example_dag_decorator.py for tasks to queue
[2024-07-07T07:59:07.680+0000] {logging_mixin.py:188} INFO - [2024-07-07T07:59:07.680+0000] {dagbag.py:545} INFO - Filling up the DagBag from /home/airflow/.local/lib/python3.12/site-packages/airflow/example_dags/example_dag_decorator.py
[2024-07-07T07:59:08.037+0000] {processor.py:840} INFO - DAG(s) 'example_dag_decorator' retrieved from /home/airflow/.local/lib/python3.12/site-packages/airflow/example_dags/example_dag_decorator.py
[2024-07-07T07:59:08.209+0000] {logging_mixin.py:188} INFO - [2024-07-07T07:59:08.209+0000] {dag.py:3096} INFO - Sync 1 DAGs
[2024-07-07T07:59:08.234+0000] {logging_mixin.py:188} INFO - [2024-07-07T07:59:08.234+0000] {dag.py:3954} INFO - Setting next_dagrun for example_dag_decorator to None, run_after=None
[2024-07-07T07:59:08.292+0000] {processor.py:183} INFO - Processing /home/airflow/.local/lib/python3.12/site-packages/airflow/example_dags/example_dag_decorator.py took 0.623 seconds
[2024-07-07T07:59:38.456+0000] {processor.py:161} INFO - Started process (PID=5147) to work on /home/airflow/.local/lib/python3.12/site-packages/airflow/example_dags/example_dag_decorator.py
[2024-07-07T07:59:38.458+0000] {processor.py:830} INFO - Processing file /home/airflow/.local/lib/python3.12/site-packages/airflow/example_dags/example_dag_decorator.py for tasks to queue
[2024-07-07T07:59:38.460+0000] {logging_mixin.py:188} INFO - [2024-07-07T07:59:38.459+0000] {dagbag.py:545} INFO - Filling up the DagBag from /home/airflow/.local/lib/python3.12/site-packages/airflow/example_dags/example_dag_decorator.py
[2024-07-07T07:59:38.813+0000] {processor.py:840} INFO - DAG(s) 'example_dag_decorator' retrieved from /home/airflow/.local/lib/python3.12/site-packages/airflow/example_dags/example_dag_decorator.py
[2024-07-07T07:59:38.943+0000] {logging_mixin.py:188} INFO - [2024-07-07T07:59:38.943+0000] {dag.py:3096} INFO - Sync 1 DAGs
[2024-07-07T07:59:38.955+0000] {logging_mixin.py:188} INFO - [2024-07-07T07:59:38.954+0000] {dag.py:3954} INFO - Setting next_dagrun for example_dag_decorator to None, run_after=None
[2024-07-07T07:59:38.977+0000] {processor.py:183} INFO - Processing /home/airflow/.local/lib/python3.12/site-packages/airflow/example_dags/example_dag_decorator.py took 0.533 seconds
[2024-07-07T08:00:09.554+0000] {processor.py:161} INFO - Started process (PID=5207) to work on /home/airflow/.local/lib/python3.12/site-packages/airflow/example_dags/example_dag_decorator.py
[2024-07-07T08:00:09.556+0000] {processor.py:830} INFO - Processing file /home/airflow/.local/lib/python3.12/site-packages/airflow/example_dags/example_dag_decorator.py for tasks to queue
[2024-07-07T08:00:09.559+0000] {logging_mixin.py:188} INFO - [2024-07-07T08:00:09.558+0000] {dagbag.py:545} INFO - Filling up the DagBag from /home/airflow/.local/lib/python3.12/site-packages/airflow/example_dags/example_dag_decorator.py
[2024-07-07T08:00:09.956+0000] {processor.py:840} INFO - DAG(s) 'example_dag_decorator' retrieved from /home/airflow/.local/lib/python3.12/site-packages/airflow/example_dags/example_dag_decorator.py
[2024-07-07T08:00:10.113+0000] {logging_mixin.py:188} INFO - [2024-07-07T08:00:10.113+0000] {dag.py:3096} INFO - Sync 1 DAGs
[2024-07-07T08:00:10.134+0000] {logging_mixin.py:188} INFO - [2024-07-07T08:00:10.134+0000] {dag.py:3954} INFO - Setting next_dagrun for example_dag_decorator to None, run_after=None
[2024-07-07T08:00:10.174+0000] {processor.py:183} INFO - Processing /home/airflow/.local/lib/python3.12/site-packages/airflow/example_dags/example_dag_decorator.py took 0.637 seconds
[2024-07-07T08:00:40.528+0000] {processor.py:161} INFO - Started process (PID=5267) to work on /home/airflow/.local/lib/python3.12/site-packages/airflow/example_dags/example_dag_decorator.py
[2024-07-07T08:00:40.529+0000] {processor.py:830} INFO - Processing file /home/airflow/.local/lib/python3.12/site-packages/airflow/example_dags/example_dag_decorator.py for tasks to queue
[2024-07-07T08:00:40.531+0000] {logging_mixin.py:188} INFO - [2024-07-07T08:00:40.530+0000] {dagbag.py:545} INFO - Filling up the DagBag from /home/airflow/.local/lib/python3.12/site-packages/airflow/example_dags/example_dag_decorator.py
[2024-07-07T08:00:40.874+0000] {processor.py:840} INFO - DAG(s) 'example_dag_decorator' retrieved from /home/airflow/.local/lib/python3.12/site-packages/airflow/example_dags/example_dag_decorator.py
[2024-07-07T08:00:41.018+0000] {logging_mixin.py:188} INFO - [2024-07-07T08:00:41.018+0000] {dag.py:3096} INFO - Sync 1 DAGs
[2024-07-07T08:00:41.031+0000] {logging_mixin.py:188} INFO - [2024-07-07T08:00:41.031+0000] {dag.py:3954} INFO - Setting next_dagrun for example_dag_decorator to None, run_after=None
[2024-07-07T08:00:41.066+0000] {processor.py:183} INFO - Processing /home/airflow/.local/lib/python3.12/site-packages/airflow/example_dags/example_dag_decorator.py took 0.546 seconds
[2024-07-07T08:05:34.082+0000] {processor.py:161} INFO - Started process (PID=5322) to work on /home/airflow/.local/lib/python3.12/site-packages/airflow/example_dags/example_dag_decorator.py
[2024-07-07T08:05:34.085+0000] {processor.py:830} INFO - Processing file /home/airflow/.local/lib/python3.12/site-packages/airflow/example_dags/example_dag_decorator.py for tasks to queue
[2024-07-07T08:05:34.088+0000] {logging_mixin.py:188} INFO - [2024-07-07T08:05:34.087+0000] {dagbag.py:545} INFO - Filling up the DagBag from /home/airflow/.local/lib/python3.12/site-packages/airflow/example_dags/example_dag_decorator.py
[2024-07-07T08:05:35.413+0000] {processor.py:840} INFO - DAG(s) 'example_dag_decorator' retrieved from /home/airflow/.local/lib/python3.12/site-packages/airflow/example_dags/example_dag_decorator.py
[2024-07-07T08:05:35.857+0000] {logging_mixin.py:188} INFO - [2024-07-07T08:05:35.856+0000] {dag.py:3096} INFO - Sync 1 DAGs
[2024-07-07T08:05:35.905+0000] {logging_mixin.py:188} INFO - [2024-07-07T08:05:35.905+0000] {dag.py:3954} INFO - Setting next_dagrun for example_dag_decorator to None, run_after=None
[2024-07-07T08:05:35.971+0000] {processor.py:183} INFO - Processing /home/airflow/.local/lib/python3.12/site-packages/airflow/example_dags/example_dag_decorator.py took 1.924 seconds
[2024-07-07T08:06:06.581+0000] {processor.py:161} INFO - Started process (PID=5384) to work on /home/airflow/.local/lib/python3.12/site-packages/airflow/example_dags/example_dag_decorator.py
[2024-07-07T08:06:06.583+0000] {processor.py:830} INFO - Processing file /home/airflow/.local/lib/python3.12/site-packages/airflow/example_dags/example_dag_decorator.py for tasks to queue
[2024-07-07T08:06:06.586+0000] {logging_mixin.py:188} INFO - [2024-07-07T08:06:06.585+0000] {dagbag.py:545} INFO - Filling up the DagBag from /home/airflow/.local/lib/python3.12/site-packages/airflow/example_dags/example_dag_decorator.py
[2024-07-07T08:06:07.108+0000] {processor.py:840} INFO - DAG(s) 'example_dag_decorator' retrieved from /home/airflow/.local/lib/python3.12/site-packages/airflow/example_dags/example_dag_decorator.py
[2024-07-07T08:06:07.348+0000] {logging_mixin.py:188} INFO - [2024-07-07T08:06:07.347+0000] {dag.py:3096} INFO - Sync 1 DAGs
[2024-07-07T08:06:07.379+0000] {logging_mixin.py:188} INFO - [2024-07-07T08:06:07.379+0000] {dag.py:3954} INFO - Setting next_dagrun for example_dag_decorator to None, run_after=None
[2024-07-07T08:06:07.479+0000] {processor.py:183} INFO - Processing /home/airflow/.local/lib/python3.12/site-packages/airflow/example_dags/example_dag_decorator.py took 0.913 seconds
