[2024-07-07T00:00:19.248+0000] {processor.py:161} INFO - Started process (PID=2315) to work on /home/airflow/.local/lib/python3.12/site-packages/airflow/example_dags/example_xcomargs.py
[2024-07-07T00:00:19.251+0000] {processor.py:830} INFO - Processing file /home/airflow/.local/lib/python3.12/site-packages/airflow/example_dags/example_xcomargs.py for tasks to queue
[2024-07-07T00:00:19.258+0000] {logging_mixin.py:188} INFO - [2024-07-07T00:00:19.257+0000] {dagbag.py:545} INFO - Filling up the DagBag from /home/airflow/.local/lib/python3.12/site-packages/airflow/example_dags/example_xcomargs.py
[2024-07-07T00:00:19.283+0000] {processor.py:840} INFO - DAG(s) 'example_xcom_args', 'example_xcom_args_with_operators' retrieved from /home/airflow/.local/lib/python3.12/site-packages/airflow/example_dags/example_xcomargs.py
[2024-07-07T00:00:19.388+0000] {logging_mixin.py:188} INFO - [2024-07-07T00:00:19.387+0000] {dag.py:3096} INFO - Sync 2 DAGs
[2024-07-07T00:00:19.443+0000] {logging_mixin.py:188} INFO - [2024-07-07T00:00:19.443+0000] {dag.py:3954} INFO - Setting next_dagrun for example_xcom_args to None, run_after=None
[2024-07-07T00:00:19.460+0000] {logging_mixin.py:188} INFO - [2024-07-07T00:00:19.459+0000] {dag.py:3954} INFO - Setting next_dagrun for example_xcom_args_with_operators to None, run_after=None
[2024-07-07T00:00:19.519+0000] {processor.py:183} INFO - Processing /home/airflow/.local/lib/python3.12/site-packages/airflow/example_dags/example_xcomargs.py took 0.295 seconds
[2024-07-07T00:00:49.746+0000] {processor.py:161} INFO - Started process (PID=2374) to work on /home/airflow/.local/lib/python3.12/site-packages/airflow/example_dags/example_xcomargs.py
[2024-07-07T00:00:49.749+0000] {processor.py:830} INFO - Processing file /home/airflow/.local/lib/python3.12/site-packages/airflow/example_dags/example_xcomargs.py for tasks to queue
[2024-07-07T00:00:49.753+0000] {logging_mixin.py:188} INFO - [2024-07-07T00:00:49.752+0000] {dagbag.py:545} INFO - Filling up the DagBag from /home/airflow/.local/lib/python3.12/site-packages/airflow/example_dags/example_xcomargs.py
[2024-07-07T00:00:49.780+0000] {processor.py:840} INFO - DAG(s) 'example_xcom_args', 'example_xcom_args_with_operators' retrieved from /home/airflow/.local/lib/python3.12/site-packages/airflow/example_dags/example_xcomargs.py
[2024-07-07T00:00:49.850+0000] {logging_mixin.py:188} INFO - [2024-07-07T00:00:49.850+0000] {dag.py:3096} INFO - Sync 2 DAGs
[2024-07-07T00:00:49.891+0000] {logging_mixin.py:188} INFO - [2024-07-07T00:00:49.891+0000] {dag.py:3954} INFO - Setting next_dagrun for example_xcom_args to None, run_after=None
[2024-07-07T00:00:49.900+0000] {logging_mixin.py:188} INFO - [2024-07-07T00:00:49.899+0000] {dag.py:3954} INFO - Setting next_dagrun for example_xcom_args_with_operators to None, run_after=None
[2024-07-07T00:00:49.944+0000] {processor.py:183} INFO - Processing /home/airflow/.local/lib/python3.12/site-packages/airflow/example_dags/example_xcomargs.py took 0.220 seconds
[2024-07-07T00:01:20.538+0000] {processor.py:161} INFO - Started process (PID=2434) to work on /home/airflow/.local/lib/python3.12/site-packages/airflow/example_dags/example_xcomargs.py
[2024-07-07T00:01:20.540+0000] {processor.py:830} INFO - Processing file /home/airflow/.local/lib/python3.12/site-packages/airflow/example_dags/example_xcomargs.py for tasks to queue
[2024-07-07T00:01:20.546+0000] {logging_mixin.py:188} INFO - [2024-07-07T00:01:20.545+0000] {dagbag.py:545} INFO - Filling up the DagBag from /home/airflow/.local/lib/python3.12/site-packages/airflow/example_dags/example_xcomargs.py
[2024-07-07T00:01:20.576+0000] {processor.py:840} INFO - DAG(s) 'example_xcom_args_with_operators', 'example_xcom_args' retrieved from /home/airflow/.local/lib/python3.12/site-packages/airflow/example_dags/example_xcomargs.py
[2024-07-07T00:01:20.694+0000] {logging_mixin.py:188} INFO - [2024-07-07T00:01:20.692+0000] {dag.py:3096} INFO - Sync 2 DAGs
[2024-07-07T00:01:20.862+0000] {logging_mixin.py:188} INFO - [2024-07-07T00:01:20.862+0000] {dag.py:3954} INFO - Setting next_dagrun for example_xcom_args to None, run_after=None
[2024-07-07T00:01:20.875+0000] {logging_mixin.py:188} INFO - [2024-07-07T00:01:20.874+0000] {dag.py:3954} INFO - Setting next_dagrun for example_xcom_args_with_operators to None, run_after=None
[2024-07-07T00:01:20.909+0000] {processor.py:183} INFO - Processing /home/airflow/.local/lib/python3.12/site-packages/airflow/example_dags/example_xcomargs.py took 0.390 seconds
[2024-07-07T00:01:51.637+0000] {processor.py:161} INFO - Started process (PID=2494) to work on /home/airflow/.local/lib/python3.12/site-packages/airflow/example_dags/example_xcomargs.py
[2024-07-07T00:01:51.643+0000] {processor.py:830} INFO - Processing file /home/airflow/.local/lib/python3.12/site-packages/airflow/example_dags/example_xcomargs.py for tasks to queue
[2024-07-07T00:01:51.653+0000] {logging_mixin.py:188} INFO - [2024-07-07T00:01:51.651+0000] {dagbag.py:545} INFO - Filling up the DagBag from /home/airflow/.local/lib/python3.12/site-packages/airflow/example_dags/example_xcomargs.py
[2024-07-07T00:01:51.707+0000] {processor.py:840} INFO - DAG(s) 'example_xcom_args', 'example_xcom_args_with_operators' retrieved from /home/airflow/.local/lib/python3.12/site-packages/airflow/example_dags/example_xcomargs.py
[2024-07-07T00:01:51.823+0000] {logging_mixin.py:188} INFO - [2024-07-07T00:01:51.822+0000] {dag.py:3096} INFO - Sync 2 DAGs
[2024-07-07T00:01:51.862+0000] {logging_mixin.py:188} INFO - [2024-07-07T00:01:51.862+0000] {dag.py:3954} INFO - Setting next_dagrun for example_xcom_args to None, run_after=None
[2024-07-07T00:01:51.875+0000] {logging_mixin.py:188} INFO - [2024-07-07T00:01:51.874+0000] {dag.py:3954} INFO - Setting next_dagrun for example_xcom_args_with_operators to None, run_after=None
[2024-07-07T00:01:51.938+0000] {processor.py:183} INFO - Processing /home/airflow/.local/lib/python3.12/site-packages/airflow/example_dags/example_xcomargs.py took 0.335 seconds
[2024-07-07T00:02:22.499+0000] {processor.py:161} INFO - Started process (PID=2554) to work on /home/airflow/.local/lib/python3.12/site-packages/airflow/example_dags/example_xcomargs.py
[2024-07-07T00:02:22.503+0000] {processor.py:830} INFO - Processing file /home/airflow/.local/lib/python3.12/site-packages/airflow/example_dags/example_xcomargs.py for tasks to queue
[2024-07-07T00:02:22.509+0000] {logging_mixin.py:188} INFO - [2024-07-07T00:02:22.508+0000] {dagbag.py:545} INFO - Filling up the DagBag from /home/airflow/.local/lib/python3.12/site-packages/airflow/example_dags/example_xcomargs.py
[2024-07-07T00:02:22.541+0000] {processor.py:840} INFO - DAG(s) 'example_xcom_args', 'example_xcom_args_with_operators' retrieved from /home/airflow/.local/lib/python3.12/site-packages/airflow/example_dags/example_xcomargs.py
[2024-07-07T00:02:22.610+0000] {logging_mixin.py:188} INFO - [2024-07-07T00:02:22.610+0000] {dag.py:3096} INFO - Sync 2 DAGs
[2024-07-07T00:02:22.658+0000] {logging_mixin.py:188} INFO - [2024-07-07T00:02:22.658+0000] {dag.py:3954} INFO - Setting next_dagrun for example_xcom_args to None, run_after=None
[2024-07-07T00:02:22.674+0000] {logging_mixin.py:188} INFO - [2024-07-07T00:02:22.673+0000] {dag.py:3954} INFO - Setting next_dagrun for example_xcom_args_with_operators to None, run_after=None
[2024-07-07T00:02:22.738+0000] {processor.py:183} INFO - Processing /home/airflow/.local/lib/python3.12/site-packages/airflow/example_dags/example_xcomargs.py took 0.258 seconds
[2024-07-07T00:02:53.485+0000] {processor.py:161} INFO - Started process (PID=2614) to work on /home/airflow/.local/lib/python3.12/site-packages/airflow/example_dags/example_xcomargs.py
[2024-07-07T00:02:53.487+0000] {processor.py:830} INFO - Processing file /home/airflow/.local/lib/python3.12/site-packages/airflow/example_dags/example_xcomargs.py for tasks to queue
[2024-07-07T00:02:53.491+0000] {logging_mixin.py:188} INFO - [2024-07-07T00:02:53.491+0000] {dagbag.py:545} INFO - Filling up the DagBag from /home/airflow/.local/lib/python3.12/site-packages/airflow/example_dags/example_xcomargs.py
[2024-07-07T00:02:53.519+0000] {processor.py:840} INFO - DAG(s) 'example_xcom_args', 'example_xcom_args_with_operators' retrieved from /home/airflow/.local/lib/python3.12/site-packages/airflow/example_dags/example_xcomargs.py
[2024-07-07T00:02:53.586+0000] {logging_mixin.py:188} INFO - [2024-07-07T00:02:53.585+0000] {dag.py:3096} INFO - Sync 2 DAGs
[2024-07-07T00:02:53.626+0000] {logging_mixin.py:188} INFO - [2024-07-07T00:02:53.625+0000] {dag.py:3954} INFO - Setting next_dagrun for example_xcom_args to None, run_after=None
[2024-07-07T00:02:53.640+0000] {logging_mixin.py:188} INFO - [2024-07-07T00:02:53.640+0000] {dag.py:3954} INFO - Setting next_dagrun for example_xcom_args_with_operators to None, run_after=None
[2024-07-07T00:02:53.688+0000] {processor.py:183} INFO - Processing /home/airflow/.local/lib/python3.12/site-packages/airflow/example_dags/example_xcomargs.py took 0.222 seconds
[2024-07-07T00:03:23.902+0000] {processor.py:161} INFO - Started process (PID=2675) to work on /home/airflow/.local/lib/python3.12/site-packages/airflow/example_dags/example_xcomargs.py
[2024-07-07T00:03:23.904+0000] {processor.py:830} INFO - Processing file /home/airflow/.local/lib/python3.12/site-packages/airflow/example_dags/example_xcomargs.py for tasks to queue
[2024-07-07T00:03:23.907+0000] {logging_mixin.py:188} INFO - [2024-07-07T00:03:23.907+0000] {dagbag.py:545} INFO - Filling up the DagBag from /home/airflow/.local/lib/python3.12/site-packages/airflow/example_dags/example_xcomargs.py
[2024-07-07T00:03:23.923+0000] {processor.py:840} INFO - DAG(s) 'example_xcom_args', 'example_xcom_args_with_operators' retrieved from /home/airflow/.local/lib/python3.12/site-packages/airflow/example_dags/example_xcomargs.py
[2024-07-07T00:03:23.967+0000] {logging_mixin.py:188} INFO - [2024-07-07T00:03:23.966+0000] {dag.py:3096} INFO - Sync 2 DAGs
[2024-07-07T00:03:23.993+0000] {logging_mixin.py:188} INFO - [2024-07-07T00:03:23.993+0000] {dag.py:3954} INFO - Setting next_dagrun for example_xcom_args to None, run_after=None
[2024-07-07T00:03:24.001+0000] {logging_mixin.py:188} INFO - [2024-07-07T00:03:24.000+0000] {dag.py:3954} INFO - Setting next_dagrun for example_xcom_args_with_operators to None, run_after=None
[2024-07-07T00:03:24.036+0000] {processor.py:183} INFO - Processing /home/airflow/.local/lib/python3.12/site-packages/airflow/example_dags/example_xcomargs.py took 0.147 seconds
[2024-07-07T00:03:55.437+0000] {processor.py:161} INFO - Started process (PID=2735) to work on /home/airflow/.local/lib/python3.12/site-packages/airflow/example_dags/example_xcomargs.py
[2024-07-07T00:03:55.440+0000] {processor.py:830} INFO - Processing file /home/airflow/.local/lib/python3.12/site-packages/airflow/example_dags/example_xcomargs.py for tasks to queue
[2024-07-07T00:03:55.452+0000] {logging_mixin.py:188} INFO - [2024-07-07T00:03:55.450+0000] {dagbag.py:545} INFO - Filling up the DagBag from /home/airflow/.local/lib/python3.12/site-packages/airflow/example_dags/example_xcomargs.py
[2024-07-07T00:03:55.511+0000] {processor.py:840} INFO - DAG(s) 'example_xcom_args', 'example_xcom_args_with_operators' retrieved from /home/airflow/.local/lib/python3.12/site-packages/airflow/example_dags/example_xcomargs.py
[2024-07-07T00:03:55.611+0000] {logging_mixin.py:188} INFO - [2024-07-07T00:03:55.611+0000] {dag.py:3096} INFO - Sync 2 DAGs
[2024-07-07T00:03:55.647+0000] {logging_mixin.py:188} INFO - [2024-07-07T00:03:55.647+0000] {dag.py:3954} INFO - Setting next_dagrun for example_xcom_args to None, run_after=None
[2024-07-07T00:03:55.654+0000] {logging_mixin.py:188} INFO - [2024-07-07T00:03:55.654+0000] {dag.py:3954} INFO - Setting next_dagrun for example_xcom_args_with_operators to None, run_after=None
[2024-07-07T00:03:55.688+0000] {processor.py:183} INFO - Processing /home/airflow/.local/lib/python3.12/site-packages/airflow/example_dags/example_xcomargs.py took 0.269 seconds
[2024-07-07T07:39:24.296+0000] {processor.py:161} INFO - Started process (PID=2767) to work on /home/airflow/.local/lib/python3.12/site-packages/airflow/example_dags/example_xcomargs.py
[2024-07-07T07:39:24.309+0000] {processor.py:830} INFO - Processing file /home/airflow/.local/lib/python3.12/site-packages/airflow/example_dags/example_xcomargs.py for tasks to queue
[2024-07-07T07:39:24.314+0000] {logging_mixin.py:188} INFO - [2024-07-07T07:39:24.313+0000] {dagbag.py:545} INFO - Filling up the DagBag from /home/airflow/.local/lib/python3.12/site-packages/airflow/example_dags/example_xcomargs.py
[2024-07-07T07:39:24.377+0000] {processor.py:840} INFO - DAG(s) 'example_xcom_args', 'example_xcom_args_with_operators' retrieved from /home/airflow/.local/lib/python3.12/site-packages/airflow/example_dags/example_xcomargs.py
[2024-07-07T07:39:24.575+0000] {logging_mixin.py:188} INFO - [2024-07-07T07:39:24.575+0000] {dag.py:3096} INFO - Sync 2 DAGs
[2024-07-07T07:39:24.687+0000] {logging_mixin.py:188} INFO - [2024-07-07T07:39:24.686+0000] {dag.py:3954} INFO - Setting next_dagrun for example_xcom_args to None, run_after=None
[2024-07-07T07:39:24.708+0000] {logging_mixin.py:188} INFO - [2024-07-07T07:39:24.707+0000] {dag.py:3954} INFO - Setting next_dagrun for example_xcom_args_with_operators to None, run_after=None
[2024-07-07T07:39:24.829+0000] {processor.py:183} INFO - Processing /home/airflow/.local/lib/python3.12/site-packages/airflow/example_dags/example_xcomargs.py took 0.572 seconds
[2024-07-07T07:39:55.474+0000] {processor.py:161} INFO - Started process (PID=2826) to work on /home/airflow/.local/lib/python3.12/site-packages/airflow/example_dags/example_xcomargs.py
[2024-07-07T07:39:55.476+0000] {processor.py:830} INFO - Processing file /home/airflow/.local/lib/python3.12/site-packages/airflow/example_dags/example_xcomargs.py for tasks to queue
[2024-07-07T07:39:55.477+0000] {logging_mixin.py:188} INFO - [2024-07-07T07:39:55.477+0000] {dagbag.py:545} INFO - Filling up the DagBag from /home/airflow/.local/lib/python3.12/site-packages/airflow/example_dags/example_xcomargs.py
[2024-07-07T07:39:55.488+0000] {processor.py:840} INFO - DAG(s) 'example_xcom_args', 'example_xcom_args_with_operators' retrieved from /home/airflow/.local/lib/python3.12/site-packages/airflow/example_dags/example_xcomargs.py
[2024-07-07T07:39:55.517+0000] {logging_mixin.py:188} INFO - [2024-07-07T07:39:55.516+0000] {dag.py:3096} INFO - Sync 2 DAGs
[2024-07-07T07:39:55.533+0000] {logging_mixin.py:188} INFO - [2024-07-07T07:39:55.532+0000] {dag.py:3954} INFO - Setting next_dagrun for example_xcom_args to None, run_after=None
[2024-07-07T07:39:55.537+0000] {logging_mixin.py:188} INFO - [2024-07-07T07:39:55.537+0000] {dag.py:3954} INFO - Setting next_dagrun for example_xcom_args_with_operators to None, run_after=None
[2024-07-07T07:39:55.559+0000] {processor.py:183} INFO - Processing /home/airflow/.local/lib/python3.12/site-packages/airflow/example_dags/example_xcomargs.py took 0.093 seconds
[2024-07-07T07:40:25.722+0000] {processor.py:161} INFO - Started process (PID=2886) to work on /home/airflow/.local/lib/python3.12/site-packages/airflow/example_dags/example_xcomargs.py
[2024-07-07T07:40:25.724+0000] {processor.py:830} INFO - Processing file /home/airflow/.local/lib/python3.12/site-packages/airflow/example_dags/example_xcomargs.py for tasks to queue
[2024-07-07T07:40:25.726+0000] {logging_mixin.py:188} INFO - [2024-07-07T07:40:25.725+0000] {dagbag.py:545} INFO - Filling up the DagBag from /home/airflow/.local/lib/python3.12/site-packages/airflow/example_dags/example_xcomargs.py
[2024-07-07T07:40:25.737+0000] {processor.py:840} INFO - DAG(s) 'example_xcom_args_with_operators', 'example_xcom_args' retrieved from /home/airflow/.local/lib/python3.12/site-packages/airflow/example_dags/example_xcomargs.py
[2024-07-07T07:40:25.780+0000] {logging_mixin.py:188} INFO - [2024-07-07T07:40:25.779+0000] {dag.py:3096} INFO - Sync 2 DAGs
[2024-07-07T07:40:25.800+0000] {logging_mixin.py:188} INFO - [2024-07-07T07:40:25.799+0000] {dag.py:3954} INFO - Setting next_dagrun for example_xcom_args to None, run_after=None
[2024-07-07T07:40:25.804+0000] {logging_mixin.py:188} INFO - [2024-07-07T07:40:25.804+0000] {dag.py:3954} INFO - Setting next_dagrun for example_xcom_args_with_operators to None, run_after=None
[2024-07-07T07:40:25.828+0000] {processor.py:183} INFO - Processing /home/airflow/.local/lib/python3.12/site-packages/airflow/example_dags/example_xcomargs.py took 0.113 seconds
[2024-07-07T07:40:57.300+0000] {processor.py:161} INFO - Started process (PID=2952) to work on /home/airflow/.local/lib/python3.12/site-packages/airflow/example_dags/example_xcomargs.py
[2024-07-07T07:40:57.303+0000] {processor.py:830} INFO - Processing file /home/airflow/.local/lib/python3.12/site-packages/airflow/example_dags/example_xcomargs.py for tasks to queue
[2024-07-07T07:40:57.307+0000] {logging_mixin.py:188} INFO - [2024-07-07T07:40:57.306+0000] {dagbag.py:545} INFO - Filling up the DagBag from /home/airflow/.local/lib/python3.12/site-packages/airflow/example_dags/example_xcomargs.py
[2024-07-07T07:40:57.331+0000] {processor.py:840} INFO - DAG(s) 'example_xcom_args_with_operators', 'example_xcom_args' retrieved from /home/airflow/.local/lib/python3.12/site-packages/airflow/example_dags/example_xcomargs.py
[2024-07-07T07:40:57.396+0000] {logging_mixin.py:188} INFO - [2024-07-07T07:40:57.395+0000] {dag.py:3096} INFO - Sync 2 DAGs
[2024-07-07T07:40:57.430+0000] {logging_mixin.py:188} INFO - [2024-07-07T07:40:57.430+0000] {dag.py:3954} INFO - Setting next_dagrun for example_xcom_args to None, run_after=None
[2024-07-07T07:40:57.438+0000] {logging_mixin.py:188} INFO - [2024-07-07T07:40:57.437+0000] {dag.py:3954} INFO - Setting next_dagrun for example_xcom_args_with_operators to None, run_after=None
[2024-07-07T07:40:57.479+0000] {processor.py:183} INFO - Processing /home/airflow/.local/lib/python3.12/site-packages/airflow/example_dags/example_xcomargs.py took 0.200 seconds
[2024-07-07T07:41:29.207+0000] {processor.py:161} INFO - Started process (PID=3012) to work on /home/airflow/.local/lib/python3.12/site-packages/airflow/example_dags/example_xcomargs.py
[2024-07-07T07:41:29.211+0000] {processor.py:830} INFO - Processing file /home/airflow/.local/lib/python3.12/site-packages/airflow/example_dags/example_xcomargs.py for tasks to queue
[2024-07-07T07:41:29.216+0000] {logging_mixin.py:188} INFO - [2024-07-07T07:41:29.214+0000] {dagbag.py:545} INFO - Filling up the DagBag from /home/airflow/.local/lib/python3.12/site-packages/airflow/example_dags/example_xcomargs.py
[2024-07-07T07:41:29.266+0000] {processor.py:840} INFO - DAG(s) 'example_xcom_args_with_operators', 'example_xcom_args' retrieved from /home/airflow/.local/lib/python3.12/site-packages/airflow/example_dags/example_xcomargs.py
[2024-07-07T07:41:29.397+0000] {logging_mixin.py:188} INFO - [2024-07-07T07:41:29.396+0000] {dag.py:3096} INFO - Sync 2 DAGs
[2024-07-07T07:41:29.484+0000] {logging_mixin.py:188} INFO - [2024-07-07T07:41:29.483+0000] {dag.py:3954} INFO - Setting next_dagrun for example_xcom_args to None, run_after=None
[2024-07-07T07:41:29.507+0000] {logging_mixin.py:188} INFO - [2024-07-07T07:41:29.506+0000] {dag.py:3954} INFO - Setting next_dagrun for example_xcom_args_with_operators to None, run_after=None
[2024-07-07T07:41:29.611+0000] {processor.py:183} INFO - Processing /home/airflow/.local/lib/python3.12/site-packages/airflow/example_dags/example_xcomargs.py took 0.433 seconds
[2024-07-07T07:42:00.654+0000] {processor.py:161} INFO - Started process (PID=3072) to work on /home/airflow/.local/lib/python3.12/site-packages/airflow/example_dags/example_xcomargs.py
[2024-07-07T07:42:00.657+0000] {processor.py:830} INFO - Processing file /home/airflow/.local/lib/python3.12/site-packages/airflow/example_dags/example_xcomargs.py for tasks to queue
[2024-07-07T07:42:00.659+0000] {logging_mixin.py:188} INFO - [2024-07-07T07:42:00.658+0000] {dagbag.py:545} INFO - Filling up the DagBag from /home/airflow/.local/lib/python3.12/site-packages/airflow/example_dags/example_xcomargs.py
[2024-07-07T07:42:00.683+0000] {processor.py:840} INFO - DAG(s) 'example_xcom_args', 'example_xcom_args_with_operators' retrieved from /home/airflow/.local/lib/python3.12/site-packages/airflow/example_dags/example_xcomargs.py
[2024-07-07T07:42:00.739+0000] {logging_mixin.py:188} INFO - [2024-07-07T07:42:00.739+0000] {dag.py:3096} INFO - Sync 2 DAGs
[2024-07-07T07:42:00.767+0000] {logging_mixin.py:188} INFO - [2024-07-07T07:42:00.767+0000] {dag.py:3954} INFO - Setting next_dagrun for example_xcom_args to None, run_after=None
[2024-07-07T07:42:00.776+0000] {logging_mixin.py:188} INFO - [2024-07-07T07:42:00.775+0000] {dag.py:3954} INFO - Setting next_dagrun for example_xcom_args_with_operators to None, run_after=None
[2024-07-07T07:42:00.824+0000] {processor.py:183} INFO - Processing /home/airflow/.local/lib/python3.12/site-packages/airflow/example_dags/example_xcomargs.py took 0.186 seconds
[2024-07-07T07:42:32.165+0000] {processor.py:161} INFO - Started process (PID=3132) to work on /home/airflow/.local/lib/python3.12/site-packages/airflow/example_dags/example_xcomargs.py
[2024-07-07T07:42:32.168+0000] {processor.py:830} INFO - Processing file /home/airflow/.local/lib/python3.12/site-packages/airflow/example_dags/example_xcomargs.py for tasks to queue
[2024-07-07T07:42:32.171+0000] {logging_mixin.py:188} INFO - [2024-07-07T07:42:32.170+0000] {dagbag.py:545} INFO - Filling up the DagBag from /home/airflow/.local/lib/python3.12/site-packages/airflow/example_dags/example_xcomargs.py
[2024-07-07T07:42:32.195+0000] {processor.py:840} INFO - DAG(s) 'example_xcom_args', 'example_xcom_args_with_operators' retrieved from /home/airflow/.local/lib/python3.12/site-packages/airflow/example_dags/example_xcomargs.py
[2024-07-07T07:42:32.257+0000] {logging_mixin.py:188} INFO - [2024-07-07T07:42:32.256+0000] {dag.py:3096} INFO - Sync 2 DAGs
[2024-07-07T07:42:32.293+0000] {logging_mixin.py:188} INFO - [2024-07-07T07:42:32.293+0000] {dag.py:3954} INFO - Setting next_dagrun for example_xcom_args to None, run_after=None
[2024-07-07T07:42:32.303+0000] {logging_mixin.py:188} INFO - [2024-07-07T07:42:32.303+0000] {dag.py:3954} INFO - Setting next_dagrun for example_xcom_args_with_operators to None, run_after=None
[2024-07-07T07:42:32.373+0000] {processor.py:183} INFO - Processing /home/airflow/.local/lib/python3.12/site-packages/airflow/example_dags/example_xcomargs.py took 0.223 seconds
[2024-07-07T07:43:02.553+0000] {processor.py:161} INFO - Started process (PID=3190) to work on /home/airflow/.local/lib/python3.12/site-packages/airflow/example_dags/example_xcomargs.py
[2024-07-07T07:43:02.556+0000] {processor.py:830} INFO - Processing file /home/airflow/.local/lib/python3.12/site-packages/airflow/example_dags/example_xcomargs.py for tasks to queue
[2024-07-07T07:43:02.559+0000] {logging_mixin.py:188} INFO - [2024-07-07T07:43:02.558+0000] {dagbag.py:545} INFO - Filling up the DagBag from /home/airflow/.local/lib/python3.12/site-packages/airflow/example_dags/example_xcomargs.py
[2024-07-07T07:43:02.582+0000] {processor.py:840} INFO - DAG(s) 'example_xcom_args', 'example_xcom_args_with_operators' retrieved from /home/airflow/.local/lib/python3.12/site-packages/airflow/example_dags/example_xcomargs.py
[2024-07-07T07:43:02.649+0000] {logging_mixin.py:188} INFO - [2024-07-07T07:43:02.648+0000] {dag.py:3096} INFO - Sync 2 DAGs
[2024-07-07T07:43:02.684+0000] {logging_mixin.py:188} INFO - [2024-07-07T07:43:02.684+0000] {dag.py:3954} INFO - Setting next_dagrun for example_xcom_args to None, run_after=None
[2024-07-07T07:43:02.694+0000] {logging_mixin.py:188} INFO - [2024-07-07T07:43:02.693+0000] {dag.py:3954} INFO - Setting next_dagrun for example_xcom_args_with_operators to None, run_after=None
[2024-07-07T07:43:02.746+0000] {processor.py:183} INFO - Processing /home/airflow/.local/lib/python3.12/site-packages/airflow/example_dags/example_xcomargs.py took 0.212 seconds
[2024-07-07T07:43:33.302+0000] {processor.py:161} INFO - Started process (PID=3250) to work on /home/airflow/.local/lib/python3.12/site-packages/airflow/example_dags/example_xcomargs.py
[2024-07-07T07:43:33.307+0000] {processor.py:830} INFO - Processing file /home/airflow/.local/lib/python3.12/site-packages/airflow/example_dags/example_xcomargs.py for tasks to queue
[2024-07-07T07:43:33.310+0000] {logging_mixin.py:188} INFO - [2024-07-07T07:43:33.309+0000] {dagbag.py:545} INFO - Filling up the DagBag from /home/airflow/.local/lib/python3.12/site-packages/airflow/example_dags/example_xcomargs.py
[2024-07-07T07:43:33.341+0000] {processor.py:840} INFO - DAG(s) 'example_xcom_args_with_operators', 'example_xcom_args' retrieved from /home/airflow/.local/lib/python3.12/site-packages/airflow/example_dags/example_xcomargs.py
[2024-07-07T07:43:33.427+0000] {logging_mixin.py:188} INFO - [2024-07-07T07:43:33.427+0000] {dag.py:3096} INFO - Sync 2 DAGs
[2024-07-07T07:43:33.475+0000] {logging_mixin.py:188} INFO - [2024-07-07T07:43:33.475+0000] {dag.py:3954} INFO - Setting next_dagrun for example_xcom_args to None, run_after=None
[2024-07-07T07:43:33.485+0000] {logging_mixin.py:188} INFO - [2024-07-07T07:43:33.484+0000] {dag.py:3954} INFO - Setting next_dagrun for example_xcom_args_with_operators to None, run_after=None
[2024-07-07T07:43:33.530+0000] {processor.py:183} INFO - Processing /home/airflow/.local/lib/python3.12/site-packages/airflow/example_dags/example_xcomargs.py took 0.258 seconds
[2024-07-07T07:44:04.025+0000] {processor.py:161} INFO - Started process (PID=3310) to work on /home/airflow/.local/lib/python3.12/site-packages/airflow/example_dags/example_xcomargs.py
[2024-07-07T07:44:04.028+0000] {processor.py:830} INFO - Processing file /home/airflow/.local/lib/python3.12/site-packages/airflow/example_dags/example_xcomargs.py for tasks to queue
[2024-07-07T07:44:04.031+0000] {logging_mixin.py:188} INFO - [2024-07-07T07:44:04.030+0000] {dagbag.py:545} INFO - Filling up the DagBag from /home/airflow/.local/lib/python3.12/site-packages/airflow/example_dags/example_xcomargs.py
[2024-07-07T07:44:04.060+0000] {processor.py:840} INFO - DAG(s) 'example_xcom_args_with_operators', 'example_xcom_args' retrieved from /home/airflow/.local/lib/python3.12/site-packages/airflow/example_dags/example_xcomargs.py
[2024-07-07T07:44:04.121+0000] {logging_mixin.py:188} INFO - [2024-07-07T07:44:04.120+0000] {dag.py:3096} INFO - Sync 2 DAGs
[2024-07-07T07:44:04.147+0000] {logging_mixin.py:188} INFO - [2024-07-07T07:44:04.146+0000] {dag.py:3954} INFO - Setting next_dagrun for example_xcom_args to None, run_after=None
[2024-07-07T07:44:04.156+0000] {logging_mixin.py:188} INFO - [2024-07-07T07:44:04.155+0000] {dag.py:3954} INFO - Setting next_dagrun for example_xcom_args_with_operators to None, run_after=None
[2024-07-07T07:44:04.196+0000] {processor.py:183} INFO - Processing /home/airflow/.local/lib/python3.12/site-packages/airflow/example_dags/example_xcomargs.py took 0.191 seconds
[2024-07-07T07:44:34.521+0000] {processor.py:161} INFO - Started process (PID=3369) to work on /home/airflow/.local/lib/python3.12/site-packages/airflow/example_dags/example_xcomargs.py
[2024-07-07T07:44:34.526+0000] {processor.py:830} INFO - Processing file /home/airflow/.local/lib/python3.12/site-packages/airflow/example_dags/example_xcomargs.py for tasks to queue
[2024-07-07T07:44:34.532+0000] {logging_mixin.py:188} INFO - [2024-07-07T07:44:34.531+0000] {dagbag.py:545} INFO - Filling up the DagBag from /home/airflow/.local/lib/python3.12/site-packages/airflow/example_dags/example_xcomargs.py
[2024-07-07T07:44:34.561+0000] {processor.py:840} INFO - DAG(s) 'example_xcom_args_with_operators', 'example_xcom_args' retrieved from /home/airflow/.local/lib/python3.12/site-packages/airflow/example_dags/example_xcomargs.py
[2024-07-07T07:44:34.640+0000] {logging_mixin.py:188} INFO - [2024-07-07T07:44:34.639+0000] {dag.py:3096} INFO - Sync 2 DAGs
[2024-07-07T07:44:34.687+0000] {logging_mixin.py:188} INFO - [2024-07-07T07:44:34.686+0000] {dag.py:3954} INFO - Setting next_dagrun for example_xcom_args to None, run_after=None
[2024-07-07T07:44:34.700+0000] {logging_mixin.py:188} INFO - [2024-07-07T07:44:34.699+0000] {dag.py:3954} INFO - Setting next_dagrun for example_xcom_args_with_operators to None, run_after=None
[2024-07-07T07:44:34.766+0000] {processor.py:183} INFO - Processing /home/airflow/.local/lib/python3.12/site-packages/airflow/example_dags/example_xcomargs.py took 0.279 seconds
[2024-07-07T07:45:05.077+0000] {processor.py:161} INFO - Started process (PID=3429) to work on /home/airflow/.local/lib/python3.12/site-packages/airflow/example_dags/example_xcomargs.py
[2024-07-07T07:45:05.079+0000] {processor.py:830} INFO - Processing file /home/airflow/.local/lib/python3.12/site-packages/airflow/example_dags/example_xcomargs.py for tasks to queue
[2024-07-07T07:45:05.081+0000] {logging_mixin.py:188} INFO - [2024-07-07T07:45:05.081+0000] {dagbag.py:545} INFO - Filling up the DagBag from /home/airflow/.local/lib/python3.12/site-packages/airflow/example_dags/example_xcomargs.py
[2024-07-07T07:45:05.100+0000] {processor.py:840} INFO - DAG(s) 'example_xcom_args', 'example_xcom_args_with_operators' retrieved from /home/airflow/.local/lib/python3.12/site-packages/airflow/example_dags/example_xcomargs.py
[2024-07-07T07:45:05.152+0000] {logging_mixin.py:188} INFO - [2024-07-07T07:45:05.151+0000] {dag.py:3096} INFO - Sync 2 DAGs
[2024-07-07T07:45:05.178+0000] {logging_mixin.py:188} INFO - [2024-07-07T07:45:05.178+0000] {dag.py:3954} INFO - Setting next_dagrun for example_xcom_args to None, run_after=None
[2024-07-07T07:45:05.185+0000] {logging_mixin.py:188} INFO - [2024-07-07T07:45:05.184+0000] {dag.py:3954} INFO - Setting next_dagrun for example_xcom_args_with_operators to None, run_after=None
[2024-07-07T07:45:05.239+0000] {processor.py:183} INFO - Processing /home/airflow/.local/lib/python3.12/site-packages/airflow/example_dags/example_xcomargs.py took 0.175 seconds
[2024-07-07T07:45:36.114+0000] {processor.py:161} INFO - Started process (PID=3488) to work on /home/airflow/.local/lib/python3.12/site-packages/airflow/example_dags/example_xcomargs.py
[2024-07-07T07:45:36.117+0000] {processor.py:830} INFO - Processing file /home/airflow/.local/lib/python3.12/site-packages/airflow/example_dags/example_xcomargs.py for tasks to queue
[2024-07-07T07:45:36.121+0000] {logging_mixin.py:188} INFO - [2024-07-07T07:45:36.120+0000] {dagbag.py:545} INFO - Filling up the DagBag from /home/airflow/.local/lib/python3.12/site-packages/airflow/example_dags/example_xcomargs.py
[2024-07-07T07:45:36.155+0000] {processor.py:840} INFO - DAG(s) 'example_xcom_args', 'example_xcom_args_with_operators' retrieved from /home/airflow/.local/lib/python3.12/site-packages/airflow/example_dags/example_xcomargs.py
[2024-07-07T07:45:36.272+0000] {logging_mixin.py:188} INFO - [2024-07-07T07:45:36.270+0000] {dag.py:3096} INFO - Sync 2 DAGs
[2024-07-07T07:45:36.339+0000] {logging_mixin.py:188} INFO - [2024-07-07T07:45:36.338+0000] {dag.py:3954} INFO - Setting next_dagrun for example_xcom_args to None, run_after=None
[2024-07-07T07:45:36.357+0000] {logging_mixin.py:188} INFO - [2024-07-07T07:45:36.356+0000] {dag.py:3954} INFO - Setting next_dagrun for example_xcom_args_with_operators to None, run_after=None
[2024-07-07T07:45:36.450+0000] {processor.py:183} INFO - Processing /home/airflow/.local/lib/python3.12/site-packages/airflow/example_dags/example_xcomargs.py took 0.361 seconds
[2024-07-07T07:46:06.677+0000] {processor.py:161} INFO - Started process (PID=3548) to work on /home/airflow/.local/lib/python3.12/site-packages/airflow/example_dags/example_xcomargs.py
[2024-07-07T07:46:06.680+0000] {processor.py:830} INFO - Processing file /home/airflow/.local/lib/python3.12/site-packages/airflow/example_dags/example_xcomargs.py for tasks to queue
[2024-07-07T07:46:06.682+0000] {logging_mixin.py:188} INFO - [2024-07-07T07:46:06.682+0000] {dagbag.py:545} INFO - Filling up the DagBag from /home/airflow/.local/lib/python3.12/site-packages/airflow/example_dags/example_xcomargs.py
[2024-07-07T07:46:06.708+0000] {processor.py:840} INFO - DAG(s) 'example_xcom_args_with_operators', 'example_xcom_args' retrieved from /home/airflow/.local/lib/python3.12/site-packages/airflow/example_dags/example_xcomargs.py
[2024-07-07T07:46:06.775+0000] {logging_mixin.py:188} INFO - [2024-07-07T07:46:06.774+0000] {dag.py:3096} INFO - Sync 2 DAGs
[2024-07-07T07:46:06.825+0000] {logging_mixin.py:188} INFO - [2024-07-07T07:46:06.825+0000] {dag.py:3954} INFO - Setting next_dagrun for example_xcom_args to None, run_after=None
[2024-07-07T07:46:06.841+0000] {logging_mixin.py:188} INFO - [2024-07-07T07:46:06.841+0000] {dag.py:3954} INFO - Setting next_dagrun for example_xcom_args_with_operators to None, run_after=None
[2024-07-07T07:46:06.909+0000] {processor.py:183} INFO - Processing /home/airflow/.local/lib/python3.12/site-packages/airflow/example_dags/example_xcomargs.py took 0.247 seconds
[2024-07-07T07:46:37.223+0000] {processor.py:161} INFO - Started process (PID=3609) to work on /home/airflow/.local/lib/python3.12/site-packages/airflow/example_dags/example_xcomargs.py
[2024-07-07T07:46:37.226+0000] {processor.py:830} INFO - Processing file /home/airflow/.local/lib/python3.12/site-packages/airflow/example_dags/example_xcomargs.py for tasks to queue
[2024-07-07T07:46:37.229+0000] {logging_mixin.py:188} INFO - [2024-07-07T07:46:37.228+0000] {dagbag.py:545} INFO - Filling up the DagBag from /home/airflow/.local/lib/python3.12/site-packages/airflow/example_dags/example_xcomargs.py
[2024-07-07T07:46:37.245+0000] {processor.py:840} INFO - DAG(s) 'example_xcom_args_with_operators', 'example_xcom_args' retrieved from /home/airflow/.local/lib/python3.12/site-packages/airflow/example_dags/example_xcomargs.py
[2024-07-07T07:46:37.288+0000] {logging_mixin.py:188} INFO - [2024-07-07T07:46:37.288+0000] {dag.py:3096} INFO - Sync 2 DAGs
[2024-07-07T07:46:37.311+0000] {logging_mixin.py:188} INFO - [2024-07-07T07:46:37.311+0000] {dag.py:3954} INFO - Setting next_dagrun for example_xcom_args to None, run_after=None
[2024-07-07T07:46:37.323+0000] {logging_mixin.py:188} INFO - [2024-07-07T07:46:37.322+0000] {dag.py:3954} INFO - Setting next_dagrun for example_xcom_args_with_operators to None, run_after=None
[2024-07-07T07:46:37.365+0000] {processor.py:183} INFO - Processing /home/airflow/.local/lib/python3.12/site-packages/airflow/example_dags/example_xcomargs.py took 0.160 seconds
[2024-07-07T07:47:07.697+0000] {processor.py:161} INFO - Started process (PID=3670) to work on /home/airflow/.local/lib/python3.12/site-packages/airflow/example_dags/example_xcomargs.py
[2024-07-07T07:47:07.699+0000] {processor.py:830} INFO - Processing file /home/airflow/.local/lib/python3.12/site-packages/airflow/example_dags/example_xcomargs.py for tasks to queue
[2024-07-07T07:47:07.701+0000] {logging_mixin.py:188} INFO - [2024-07-07T07:47:07.701+0000] {dagbag.py:545} INFO - Filling up the DagBag from /home/airflow/.local/lib/python3.12/site-packages/airflow/example_dags/example_xcomargs.py
[2024-07-07T07:47:07.719+0000] {processor.py:840} INFO - DAG(s) 'example_xcom_args', 'example_xcom_args_with_operators' retrieved from /home/airflow/.local/lib/python3.12/site-packages/airflow/example_dags/example_xcomargs.py
[2024-07-07T07:47:07.761+0000] {logging_mixin.py:188} INFO - [2024-07-07T07:47:07.760+0000] {dag.py:3096} INFO - Sync 2 DAGs
[2024-07-07T07:47:07.788+0000] {logging_mixin.py:188} INFO - [2024-07-07T07:47:07.788+0000] {dag.py:3954} INFO - Setting next_dagrun for example_xcom_args to None, run_after=None
[2024-07-07T07:47:07.794+0000] {logging_mixin.py:188} INFO - [2024-07-07T07:47:07.794+0000] {dag.py:3954} INFO - Setting next_dagrun for example_xcom_args_with_operators to None, run_after=None
[2024-07-07T07:47:07.824+0000] {processor.py:183} INFO - Processing /home/airflow/.local/lib/python3.12/site-packages/airflow/example_dags/example_xcomargs.py took 0.139 seconds
[2024-07-07T07:47:38.082+0000] {processor.py:161} INFO - Started process (PID=3730) to work on /home/airflow/.local/lib/python3.12/site-packages/airflow/example_dags/example_xcomargs.py
[2024-07-07T07:47:38.086+0000] {processor.py:830} INFO - Processing file /home/airflow/.local/lib/python3.12/site-packages/airflow/example_dags/example_xcomargs.py for tasks to queue
[2024-07-07T07:47:38.091+0000] {logging_mixin.py:188} INFO - [2024-07-07T07:47:38.089+0000] {dagbag.py:545} INFO - Filling up the DagBag from /home/airflow/.local/lib/python3.12/site-packages/airflow/example_dags/example_xcomargs.py
[2024-07-07T07:47:38.133+0000] {processor.py:840} INFO - DAG(s) 'example_xcom_args', 'example_xcom_args_with_operators' retrieved from /home/airflow/.local/lib/python3.12/site-packages/airflow/example_dags/example_xcomargs.py
[2024-07-07T07:47:38.247+0000] {logging_mixin.py:188} INFO - [2024-07-07T07:47:38.245+0000] {dag.py:3096} INFO - Sync 2 DAGs
[2024-07-07T07:47:38.309+0000] {logging_mixin.py:188} INFO - [2024-07-07T07:47:38.309+0000] {dag.py:3954} INFO - Setting next_dagrun for example_xcom_args to None, run_after=None
[2024-07-07T07:47:38.330+0000] {logging_mixin.py:188} INFO - [2024-07-07T07:47:38.329+0000] {dag.py:3954} INFO - Setting next_dagrun for example_xcom_args_with_operators to None, run_after=None
[2024-07-07T07:47:38.430+0000] {processor.py:183} INFO - Processing /home/airflow/.local/lib/python3.12/site-packages/airflow/example_dags/example_xcomargs.py took 0.379 seconds
[2024-07-07T07:48:08.768+0000] {processor.py:161} INFO - Started process (PID=3790) to work on /home/airflow/.local/lib/python3.12/site-packages/airflow/example_dags/example_xcomargs.py
[2024-07-07T07:48:08.774+0000] {processor.py:830} INFO - Processing file /home/airflow/.local/lib/python3.12/site-packages/airflow/example_dags/example_xcomargs.py for tasks to queue
[2024-07-07T07:48:08.781+0000] {logging_mixin.py:188} INFO - [2024-07-07T07:48:08.779+0000] {dagbag.py:545} INFO - Filling up the DagBag from /home/airflow/.local/lib/python3.12/site-packages/airflow/example_dags/example_xcomargs.py
[2024-07-07T07:48:08.831+0000] {processor.py:840} INFO - DAG(s) 'example_xcom_args_with_operators', 'example_xcom_args' retrieved from /home/airflow/.local/lib/python3.12/site-packages/airflow/example_dags/example_xcomargs.py
[2024-07-07T07:48:08.960+0000] {logging_mixin.py:188} INFO - [2024-07-07T07:48:08.959+0000] {dag.py:3096} INFO - Sync 2 DAGs
[2024-07-07T07:48:09.043+0000] {logging_mixin.py:188} INFO - [2024-07-07T07:48:09.042+0000] {dag.py:3954} INFO - Setting next_dagrun for example_xcom_args to None, run_after=None
[2024-07-07T07:48:09.076+0000] {logging_mixin.py:188} INFO - [2024-07-07T07:48:09.074+0000] {dag.py:3954} INFO - Setting next_dagrun for example_xcom_args_with_operators to None, run_after=None
[2024-07-07T07:48:09.172+0000] {processor.py:183} INFO - Processing /home/airflow/.local/lib/python3.12/site-packages/airflow/example_dags/example_xcomargs.py took 0.438 seconds
[2024-07-07T07:48:39.399+0000] {processor.py:161} INFO - Started process (PID=3850) to work on /home/airflow/.local/lib/python3.12/site-packages/airflow/example_dags/example_xcomargs.py
[2024-07-07T07:48:39.402+0000] {processor.py:830} INFO - Processing file /home/airflow/.local/lib/python3.12/site-packages/airflow/example_dags/example_xcomargs.py for tasks to queue
[2024-07-07T07:48:39.406+0000] {logging_mixin.py:188} INFO - [2024-07-07T07:48:39.405+0000] {dagbag.py:545} INFO - Filling up the DagBag from /home/airflow/.local/lib/python3.12/site-packages/airflow/example_dags/example_xcomargs.py
[2024-07-07T07:48:39.441+0000] {processor.py:840} INFO - DAG(s) 'example_xcom_args', 'example_xcom_args_with_operators' retrieved from /home/airflow/.local/lib/python3.12/site-packages/airflow/example_dags/example_xcomargs.py
[2024-07-07T07:48:39.543+0000] {logging_mixin.py:188} INFO - [2024-07-07T07:48:39.541+0000] {dag.py:3096} INFO - Sync 2 DAGs
[2024-07-07T07:48:39.604+0000] {logging_mixin.py:188} INFO - [2024-07-07T07:48:39.603+0000] {dag.py:3954} INFO - Setting next_dagrun for example_xcom_args to None, run_after=None
[2024-07-07T07:48:39.619+0000] {logging_mixin.py:188} INFO - [2024-07-07T07:48:39.618+0000] {dag.py:3954} INFO - Setting next_dagrun for example_xcom_args_with_operators to None, run_after=None
[2024-07-07T07:48:39.699+0000] {processor.py:183} INFO - Processing /home/airflow/.local/lib/python3.12/site-packages/airflow/example_dags/example_xcomargs.py took 0.327 seconds
[2024-07-07T07:49:10.048+0000] {processor.py:161} INFO - Started process (PID=3910) to work on /home/airflow/.local/lib/python3.12/site-packages/airflow/example_dags/example_xcomargs.py
[2024-07-07T07:49:10.051+0000] {processor.py:830} INFO - Processing file /home/airflow/.local/lib/python3.12/site-packages/airflow/example_dags/example_xcomargs.py for tasks to queue
[2024-07-07T07:49:10.054+0000] {logging_mixin.py:188} INFO - [2024-07-07T07:49:10.053+0000] {dagbag.py:545} INFO - Filling up the DagBag from /home/airflow/.local/lib/python3.12/site-packages/airflow/example_dags/example_xcomargs.py
[2024-07-07T07:49:10.079+0000] {processor.py:840} INFO - DAG(s) 'example_xcom_args_with_operators', 'example_xcom_args' retrieved from /home/airflow/.local/lib/python3.12/site-packages/airflow/example_dags/example_xcomargs.py
[2024-07-07T07:49:10.146+0000] {logging_mixin.py:188} INFO - [2024-07-07T07:49:10.146+0000] {dag.py:3096} INFO - Sync 2 DAGs
[2024-07-07T07:49:10.188+0000] {logging_mixin.py:188} INFO - [2024-07-07T07:49:10.187+0000] {dag.py:3954} INFO - Setting next_dagrun for example_xcom_args to None, run_after=None
[2024-07-07T07:49:10.197+0000] {logging_mixin.py:188} INFO - [2024-07-07T07:49:10.196+0000] {dag.py:3954} INFO - Setting next_dagrun for example_xcom_args_with_operators to None, run_after=None
[2024-07-07T07:49:10.249+0000] {processor.py:183} INFO - Processing /home/airflow/.local/lib/python3.12/site-packages/airflow/example_dags/example_xcomargs.py took 0.224 seconds
[2024-07-07T07:49:41.259+0000] {processor.py:161} INFO - Started process (PID=3970) to work on /home/airflow/.local/lib/python3.12/site-packages/airflow/example_dags/example_xcomargs.py
[2024-07-07T07:49:41.261+0000] {processor.py:830} INFO - Processing file /home/airflow/.local/lib/python3.12/site-packages/airflow/example_dags/example_xcomargs.py for tasks to queue
[2024-07-07T07:49:41.263+0000] {logging_mixin.py:188} INFO - [2024-07-07T07:49:41.262+0000] {dagbag.py:545} INFO - Filling up the DagBag from /home/airflow/.local/lib/python3.12/site-packages/airflow/example_dags/example_xcomargs.py
[2024-07-07T07:49:41.280+0000] {processor.py:840} INFO - DAG(s) 'example_xcom_args', 'example_xcom_args_with_operators' retrieved from /home/airflow/.local/lib/python3.12/site-packages/airflow/example_dags/example_xcomargs.py
[2024-07-07T07:49:41.325+0000] {logging_mixin.py:188} INFO - [2024-07-07T07:49:41.325+0000] {dag.py:3096} INFO - Sync 2 DAGs
[2024-07-07T07:49:41.357+0000] {logging_mixin.py:188} INFO - [2024-07-07T07:49:41.357+0000] {dag.py:3954} INFO - Setting next_dagrun for example_xcom_args to None, run_after=None
[2024-07-07T07:49:41.365+0000] {logging_mixin.py:188} INFO - [2024-07-07T07:49:41.364+0000] {dag.py:3954} INFO - Setting next_dagrun for example_xcom_args_with_operators to None, run_after=None
[2024-07-07T07:49:41.403+0000] {processor.py:183} INFO - Processing /home/airflow/.local/lib/python3.12/site-packages/airflow/example_dags/example_xcomargs.py took 0.157 seconds
[2024-07-07T07:50:11.702+0000] {processor.py:161} INFO - Started process (PID=4028) to work on /home/airflow/.local/lib/python3.12/site-packages/airflow/example_dags/example_xcomargs.py
[2024-07-07T07:50:11.706+0000] {processor.py:830} INFO - Processing file /home/airflow/.local/lib/python3.12/site-packages/airflow/example_dags/example_xcomargs.py for tasks to queue
[2024-07-07T07:50:11.709+0000] {logging_mixin.py:188} INFO - [2024-07-07T07:50:11.708+0000] {dagbag.py:545} INFO - Filling up the DagBag from /home/airflow/.local/lib/python3.12/site-packages/airflow/example_dags/example_xcomargs.py
[2024-07-07T07:50:11.732+0000] {processor.py:840} INFO - DAG(s) 'example_xcom_args', 'example_xcom_args_with_operators' retrieved from /home/airflow/.local/lib/python3.12/site-packages/airflow/example_dags/example_xcomargs.py
[2024-07-07T07:50:11.803+0000] {logging_mixin.py:188} INFO - [2024-07-07T07:50:11.803+0000] {dag.py:3096} INFO - Sync 2 DAGs
[2024-07-07T07:50:11.840+0000] {logging_mixin.py:188} INFO - [2024-07-07T07:50:11.839+0000] {dag.py:3954} INFO - Setting next_dagrun for example_xcom_args to None, run_after=None
[2024-07-07T07:50:11.849+0000] {logging_mixin.py:188} INFO - [2024-07-07T07:50:11.849+0000] {dag.py:3954} INFO - Setting next_dagrun for example_xcom_args_with_operators to None, run_after=None
[2024-07-07T07:50:11.902+0000] {processor.py:183} INFO - Processing /home/airflow/.local/lib/python3.12/site-packages/airflow/example_dags/example_xcomargs.py took 0.221 seconds
[2024-07-07T07:50:42.513+0000] {processor.py:161} INFO - Started process (PID=4088) to work on /home/airflow/.local/lib/python3.12/site-packages/airflow/example_dags/example_xcomargs.py
[2024-07-07T07:50:42.516+0000] {processor.py:830} INFO - Processing file /home/airflow/.local/lib/python3.12/site-packages/airflow/example_dags/example_xcomargs.py for tasks to queue
[2024-07-07T07:50:42.518+0000] {logging_mixin.py:188} INFO - [2024-07-07T07:50:42.517+0000] {dagbag.py:545} INFO - Filling up the DagBag from /home/airflow/.local/lib/python3.12/site-packages/airflow/example_dags/example_xcomargs.py
[2024-07-07T07:50:42.535+0000] {processor.py:840} INFO - DAG(s) 'example_xcom_args_with_operators', 'example_xcom_args' retrieved from /home/airflow/.local/lib/python3.12/site-packages/airflow/example_dags/example_xcomargs.py
[2024-07-07T07:50:42.575+0000] {logging_mixin.py:188} INFO - [2024-07-07T07:50:42.574+0000] {dag.py:3096} INFO - Sync 2 DAGs
[2024-07-07T07:50:42.591+0000] {logging_mixin.py:188} INFO - [2024-07-07T07:50:42.591+0000] {dag.py:3954} INFO - Setting next_dagrun for example_xcom_args to None, run_after=None
[2024-07-07T07:50:42.597+0000] {logging_mixin.py:188} INFO - [2024-07-07T07:50:42.596+0000] {dag.py:3954} INFO - Setting next_dagrun for example_xcom_args_with_operators to None, run_after=None
[2024-07-07T07:50:42.624+0000] {processor.py:183} INFO - Processing /home/airflow/.local/lib/python3.12/site-packages/airflow/example_dags/example_xcomargs.py took 0.127 seconds
[2024-07-07T07:51:13.730+0000] {processor.py:161} INFO - Started process (PID=4148) to work on /home/airflow/.local/lib/python3.12/site-packages/airflow/example_dags/example_xcomargs.py
[2024-07-07T07:51:13.732+0000] {processor.py:830} INFO - Processing file /home/airflow/.local/lib/python3.12/site-packages/airflow/example_dags/example_xcomargs.py for tasks to queue
[2024-07-07T07:51:13.734+0000] {logging_mixin.py:188} INFO - [2024-07-07T07:51:13.734+0000] {dagbag.py:545} INFO - Filling up the DagBag from /home/airflow/.local/lib/python3.12/site-packages/airflow/example_dags/example_xcomargs.py
[2024-07-07T07:51:13.746+0000] {processor.py:840} INFO - DAG(s) 'example_xcom_args_with_operators', 'example_xcom_args' retrieved from /home/airflow/.local/lib/python3.12/site-packages/airflow/example_dags/example_xcomargs.py
[2024-07-07T07:51:13.785+0000] {logging_mixin.py:188} INFO - [2024-07-07T07:51:13.784+0000] {dag.py:3096} INFO - Sync 2 DAGs
[2024-07-07T07:51:13.810+0000] {logging_mixin.py:188} INFO - [2024-07-07T07:51:13.809+0000] {dag.py:3954} INFO - Setting next_dagrun for example_xcom_args to None, run_after=None
[2024-07-07T07:51:13.816+0000] {logging_mixin.py:188} INFO - [2024-07-07T07:51:13.816+0000] {dag.py:3954} INFO - Setting next_dagrun for example_xcom_args_with_operators to None, run_after=None
[2024-07-07T07:51:13.844+0000] {processor.py:183} INFO - Processing /home/airflow/.local/lib/python3.12/site-packages/airflow/example_dags/example_xcomargs.py took 0.126 seconds
[2024-07-07T07:51:43.986+0000] {processor.py:161} INFO - Started process (PID=4206) to work on /home/airflow/.local/lib/python3.12/site-packages/airflow/example_dags/example_xcomargs.py
[2024-07-07T07:51:43.988+0000] {processor.py:830} INFO - Processing file /home/airflow/.local/lib/python3.12/site-packages/airflow/example_dags/example_xcomargs.py for tasks to queue
[2024-07-07T07:51:43.989+0000] {logging_mixin.py:188} INFO - [2024-07-07T07:51:43.989+0000] {dagbag.py:545} INFO - Filling up the DagBag from /home/airflow/.local/lib/python3.12/site-packages/airflow/example_dags/example_xcomargs.py
[2024-07-07T07:51:44.004+0000] {processor.py:840} INFO - DAG(s) 'example_xcom_args', 'example_xcom_args_with_operators' retrieved from /home/airflow/.local/lib/python3.12/site-packages/airflow/example_dags/example_xcomargs.py
[2024-07-07T07:51:44.041+0000] {logging_mixin.py:188} INFO - [2024-07-07T07:51:44.041+0000] {dag.py:3096} INFO - Sync 2 DAGs
[2024-07-07T07:51:44.063+0000] {logging_mixin.py:188} INFO - [2024-07-07T07:51:44.063+0000] {dag.py:3954} INFO - Setting next_dagrun for example_xcom_args to None, run_after=None
[2024-07-07T07:51:44.069+0000] {logging_mixin.py:188} INFO - [2024-07-07T07:51:44.069+0000] {dag.py:3954} INFO - Setting next_dagrun for example_xcom_args_with_operators to None, run_after=None
[2024-07-07T07:51:44.124+0000] {processor.py:183} INFO - Processing /home/airflow/.local/lib/python3.12/site-packages/airflow/example_dags/example_xcomargs.py took 0.151 seconds
[2024-07-07T07:52:14.438+0000] {processor.py:161} INFO - Started process (PID=4266) to work on /home/airflow/.local/lib/python3.12/site-packages/airflow/example_dags/example_xcomargs.py
[2024-07-07T07:52:14.441+0000] {processor.py:830} INFO - Processing file /home/airflow/.local/lib/python3.12/site-packages/airflow/example_dags/example_xcomargs.py for tasks to queue
[2024-07-07T07:52:14.443+0000] {logging_mixin.py:188} INFO - [2024-07-07T07:52:14.443+0000] {dagbag.py:545} INFO - Filling up the DagBag from /home/airflow/.local/lib/python3.12/site-packages/airflow/example_dags/example_xcomargs.py
[2024-07-07T07:52:14.458+0000] {processor.py:840} INFO - DAG(s) 'example_xcom_args_with_operators', 'example_xcom_args' retrieved from /home/airflow/.local/lib/python3.12/site-packages/airflow/example_dags/example_xcomargs.py
[2024-07-07T07:52:14.513+0000] {logging_mixin.py:188} INFO - [2024-07-07T07:52:14.513+0000] {dag.py:3096} INFO - Sync 2 DAGs
[2024-07-07T07:52:14.548+0000] {logging_mixin.py:188} INFO - [2024-07-07T07:52:14.547+0000] {dag.py:3954} INFO - Setting next_dagrun for example_xcom_args to None, run_after=None
[2024-07-07T07:52:14.557+0000] {logging_mixin.py:188} INFO - [2024-07-07T07:52:14.557+0000] {dag.py:3954} INFO - Setting next_dagrun for example_xcom_args_with_operators to None, run_after=None
[2024-07-07T07:52:14.601+0000] {processor.py:183} INFO - Processing /home/airflow/.local/lib/python3.12/site-packages/airflow/example_dags/example_xcomargs.py took 0.173 seconds
[2024-07-07T07:52:44.889+0000] {processor.py:161} INFO - Started process (PID=4326) to work on /home/airflow/.local/lib/python3.12/site-packages/airflow/example_dags/example_xcomargs.py
[2024-07-07T07:52:44.890+0000] {processor.py:830} INFO - Processing file /home/airflow/.local/lib/python3.12/site-packages/airflow/example_dags/example_xcomargs.py for tasks to queue
[2024-07-07T07:52:44.892+0000] {logging_mixin.py:188} INFO - [2024-07-07T07:52:44.892+0000] {dagbag.py:545} INFO - Filling up the DagBag from /home/airflow/.local/lib/python3.12/site-packages/airflow/example_dags/example_xcomargs.py
[2024-07-07T07:52:44.903+0000] {processor.py:840} INFO - DAG(s) 'example_xcom_args', 'example_xcom_args_with_operators' retrieved from /home/airflow/.local/lib/python3.12/site-packages/airflow/example_dags/example_xcomargs.py
[2024-07-07T07:52:44.937+0000] {logging_mixin.py:188} INFO - [2024-07-07T07:52:44.937+0000] {dag.py:3096} INFO - Sync 2 DAGs
[2024-07-07T07:52:44.954+0000] {logging_mixin.py:188} INFO - [2024-07-07T07:52:44.954+0000] {dag.py:3954} INFO - Setting next_dagrun for example_xcom_args to None, run_after=None
[2024-07-07T07:52:44.959+0000] {logging_mixin.py:188} INFO - [2024-07-07T07:52:44.959+0000] {dag.py:3954} INFO - Setting next_dagrun for example_xcom_args_with_operators to None, run_after=None
[2024-07-07T07:52:44.992+0000] {processor.py:183} INFO - Processing /home/airflow/.local/lib/python3.12/site-packages/airflow/example_dags/example_xcomargs.py took 0.111 seconds
[2024-07-07T07:53:15.386+0000] {processor.py:161} INFO - Started process (PID=4386) to work on /home/airflow/.local/lib/python3.12/site-packages/airflow/example_dags/example_xcomargs.py
[2024-07-07T07:53:15.388+0000] {processor.py:830} INFO - Processing file /home/airflow/.local/lib/python3.12/site-packages/airflow/example_dags/example_xcomargs.py for tasks to queue
[2024-07-07T07:53:15.389+0000] {logging_mixin.py:188} INFO - [2024-07-07T07:53:15.389+0000] {dagbag.py:545} INFO - Filling up the DagBag from /home/airflow/.local/lib/python3.12/site-packages/airflow/example_dags/example_xcomargs.py
[2024-07-07T07:53:15.402+0000] {processor.py:840} INFO - DAG(s) 'example_xcom_args_with_operators', 'example_xcom_args' retrieved from /home/airflow/.local/lib/python3.12/site-packages/airflow/example_dags/example_xcomargs.py
[2024-07-07T07:53:15.441+0000] {logging_mixin.py:188} INFO - [2024-07-07T07:53:15.440+0000] {dag.py:3096} INFO - Sync 2 DAGs
[2024-07-07T07:53:15.460+0000] {logging_mixin.py:188} INFO - [2024-07-07T07:53:15.459+0000] {dag.py:3954} INFO - Setting next_dagrun for example_xcom_args to None, run_after=None
[2024-07-07T07:53:15.465+0000] {logging_mixin.py:188} INFO - [2024-07-07T07:53:15.465+0000] {dag.py:3954} INFO - Setting next_dagrun for example_xcom_args_with_operators to None, run_after=None
[2024-07-07T07:53:15.497+0000] {processor.py:183} INFO - Processing /home/airflow/.local/lib/python3.12/site-packages/airflow/example_dags/example_xcomargs.py took 0.121 seconds
[2024-07-07T07:53:45.808+0000] {processor.py:161} INFO - Started process (PID=4446) to work on /home/airflow/.local/lib/python3.12/site-packages/airflow/example_dags/example_xcomargs.py
[2024-07-07T07:53:45.809+0000] {processor.py:830} INFO - Processing file /home/airflow/.local/lib/python3.12/site-packages/airflow/example_dags/example_xcomargs.py for tasks to queue
[2024-07-07T07:53:45.811+0000] {logging_mixin.py:188} INFO - [2024-07-07T07:53:45.810+0000] {dagbag.py:545} INFO - Filling up the DagBag from /home/airflow/.local/lib/python3.12/site-packages/airflow/example_dags/example_xcomargs.py
[2024-07-07T07:53:45.822+0000] {processor.py:840} INFO - DAG(s) 'example_xcom_args', 'example_xcom_args_with_operators' retrieved from /home/airflow/.local/lib/python3.12/site-packages/airflow/example_dags/example_xcomargs.py
[2024-07-07T07:53:45.855+0000] {logging_mixin.py:188} INFO - [2024-07-07T07:53:45.854+0000] {dag.py:3096} INFO - Sync 2 DAGs
[2024-07-07T07:53:45.873+0000] {logging_mixin.py:188} INFO - [2024-07-07T07:53:45.873+0000] {dag.py:3954} INFO - Setting next_dagrun for example_xcom_args to None, run_after=None
[2024-07-07T07:53:45.878+0000] {logging_mixin.py:188} INFO - [2024-07-07T07:53:45.878+0000] {dag.py:3954} INFO - Setting next_dagrun for example_xcom_args_with_operators to None, run_after=None
[2024-07-07T07:53:45.911+0000] {processor.py:183} INFO - Processing /home/airflow/.local/lib/python3.12/site-packages/airflow/example_dags/example_xcomargs.py took 0.111 seconds
[2024-07-07T07:54:16.582+0000] {processor.py:161} INFO - Started process (PID=4506) to work on /home/airflow/.local/lib/python3.12/site-packages/airflow/example_dags/example_xcomargs.py
[2024-07-07T07:54:16.583+0000] {processor.py:830} INFO - Processing file /home/airflow/.local/lib/python3.12/site-packages/airflow/example_dags/example_xcomargs.py for tasks to queue
[2024-07-07T07:54:16.586+0000] {logging_mixin.py:188} INFO - [2024-07-07T07:54:16.585+0000] {dagbag.py:545} INFO - Filling up the DagBag from /home/airflow/.local/lib/python3.12/site-packages/airflow/example_dags/example_xcomargs.py
[2024-07-07T07:54:16.609+0000] {processor.py:840} INFO - DAG(s) 'example_xcom_args_with_operators', 'example_xcom_args' retrieved from /home/airflow/.local/lib/python3.12/site-packages/airflow/example_dags/example_xcomargs.py
[2024-07-07T07:54:16.660+0000] {logging_mixin.py:188} INFO - [2024-07-07T07:54:16.660+0000] {dag.py:3096} INFO - Sync 2 DAGs
[2024-07-07T07:54:16.678+0000] {logging_mixin.py:188} INFO - [2024-07-07T07:54:16.678+0000] {dag.py:3954} INFO - Setting next_dagrun for example_xcom_args to None, run_after=None
[2024-07-07T07:54:16.683+0000] {logging_mixin.py:188} INFO - [2024-07-07T07:54:16.683+0000] {dag.py:3954} INFO - Setting next_dagrun for example_xcom_args_with_operators to None, run_after=None
[2024-07-07T07:54:16.723+0000] {processor.py:183} INFO - Processing /home/airflow/.local/lib/python3.12/site-packages/airflow/example_dags/example_xcomargs.py took 0.156 seconds
[2024-07-07T07:54:47.200+0000] {processor.py:161} INFO - Started process (PID=4566) to work on /home/airflow/.local/lib/python3.12/site-packages/airflow/example_dags/example_xcomargs.py
[2024-07-07T07:54:47.201+0000] {processor.py:830} INFO - Processing file /home/airflow/.local/lib/python3.12/site-packages/airflow/example_dags/example_xcomargs.py for tasks to queue
[2024-07-07T07:54:47.203+0000] {logging_mixin.py:188} INFO - [2024-07-07T07:54:47.203+0000] {dagbag.py:545} INFO - Filling up the DagBag from /home/airflow/.local/lib/python3.12/site-packages/airflow/example_dags/example_xcomargs.py
[2024-07-07T07:54:47.216+0000] {processor.py:840} INFO - DAG(s) 'example_xcom_args', 'example_xcom_args_with_operators' retrieved from /home/airflow/.local/lib/python3.12/site-packages/airflow/example_dags/example_xcomargs.py
[2024-07-07T07:54:47.255+0000] {logging_mixin.py:188} INFO - [2024-07-07T07:54:47.255+0000] {dag.py:3096} INFO - Sync 2 DAGs
[2024-07-07T07:54:47.277+0000] {logging_mixin.py:188} INFO - [2024-07-07T07:54:47.277+0000] {dag.py:3954} INFO - Setting next_dagrun for example_xcom_args to None, run_after=None
[2024-07-07T07:54:47.283+0000] {logging_mixin.py:188} INFO - [2024-07-07T07:54:47.283+0000] {dag.py:3954} INFO - Setting next_dagrun for example_xcom_args_with_operators to None, run_after=None
[2024-07-07T07:54:47.308+0000] {processor.py:183} INFO - Processing /home/airflow/.local/lib/python3.12/site-packages/airflow/example_dags/example_xcomargs.py took 0.119 seconds
[2024-07-07T07:55:17.660+0000] {processor.py:161} INFO - Started process (PID=4626) to work on /home/airflow/.local/lib/python3.12/site-packages/airflow/example_dags/example_xcomargs.py
[2024-07-07T07:55:17.662+0000] {processor.py:830} INFO - Processing file /home/airflow/.local/lib/python3.12/site-packages/airflow/example_dags/example_xcomargs.py for tasks to queue
[2024-07-07T07:55:17.663+0000] {logging_mixin.py:188} INFO - [2024-07-07T07:55:17.663+0000] {dagbag.py:545} INFO - Filling up the DagBag from /home/airflow/.local/lib/python3.12/site-packages/airflow/example_dags/example_xcomargs.py
[2024-07-07T07:55:17.676+0000] {processor.py:840} INFO - DAG(s) 'example_xcom_args', 'example_xcom_args_with_operators' retrieved from /home/airflow/.local/lib/python3.12/site-packages/airflow/example_dags/example_xcomargs.py
[2024-07-07T07:55:17.713+0000] {logging_mixin.py:188} INFO - [2024-07-07T07:55:17.713+0000] {dag.py:3096} INFO - Sync 2 DAGs
[2024-07-07T07:55:17.733+0000] {logging_mixin.py:188} INFO - [2024-07-07T07:55:17.733+0000] {dag.py:3954} INFO - Setting next_dagrun for example_xcom_args to None, run_after=None
[2024-07-07T07:55:17.738+0000] {logging_mixin.py:188} INFO - [2024-07-07T07:55:17.738+0000] {dag.py:3954} INFO - Setting next_dagrun for example_xcom_args_with_operators to None, run_after=None
[2024-07-07T07:55:17.768+0000] {processor.py:183} INFO - Processing /home/airflow/.local/lib/python3.12/site-packages/airflow/example_dags/example_xcomargs.py took 0.117 seconds
[2024-07-07T07:55:48.393+0000] {processor.py:161} INFO - Started process (PID=4686) to work on /home/airflow/.local/lib/python3.12/site-packages/airflow/example_dags/example_xcomargs.py
[2024-07-07T07:55:48.395+0000] {processor.py:830} INFO - Processing file /home/airflow/.local/lib/python3.12/site-packages/airflow/example_dags/example_xcomargs.py for tasks to queue
[2024-07-07T07:55:48.397+0000] {logging_mixin.py:188} INFO - [2024-07-07T07:55:48.396+0000] {dagbag.py:545} INFO - Filling up the DagBag from /home/airflow/.local/lib/python3.12/site-packages/airflow/example_dags/example_xcomargs.py
[2024-07-07T07:55:48.413+0000] {processor.py:840} INFO - DAG(s) 'example_xcom_args', 'example_xcom_args_with_operators' retrieved from /home/airflow/.local/lib/python3.12/site-packages/airflow/example_dags/example_xcomargs.py
[2024-07-07T07:55:48.450+0000] {logging_mixin.py:188} INFO - [2024-07-07T07:55:48.449+0000] {dag.py:3096} INFO - Sync 2 DAGs
[2024-07-07T07:55:48.466+0000] {logging_mixin.py:188} INFO - [2024-07-07T07:55:48.466+0000] {dag.py:3954} INFO - Setting next_dagrun for example_xcom_args to None, run_after=None
[2024-07-07T07:55:48.471+0000] {logging_mixin.py:188} INFO - [2024-07-07T07:55:48.470+0000] {dag.py:3954} INFO - Setting next_dagrun for example_xcom_args_with_operators to None, run_after=None
[2024-07-07T07:55:48.501+0000] {processor.py:183} INFO - Processing /home/airflow/.local/lib/python3.12/site-packages/airflow/example_dags/example_xcomargs.py took 0.120 seconds
[2024-07-07T07:56:18.637+0000] {processor.py:161} INFO - Started process (PID=4746) to work on /home/airflow/.local/lib/python3.12/site-packages/airflow/example_dags/example_xcomargs.py
[2024-07-07T07:56:18.639+0000] {processor.py:830} INFO - Processing file /home/airflow/.local/lib/python3.12/site-packages/airflow/example_dags/example_xcomargs.py for tasks to queue
[2024-07-07T07:56:18.641+0000] {logging_mixin.py:188} INFO - [2024-07-07T07:56:18.640+0000] {dagbag.py:545} INFO - Filling up the DagBag from /home/airflow/.local/lib/python3.12/site-packages/airflow/example_dags/example_xcomargs.py
[2024-07-07T07:56:18.654+0000] {processor.py:840} INFO - DAG(s) 'example_xcom_args_with_operators', 'example_xcom_args' retrieved from /home/airflow/.local/lib/python3.12/site-packages/airflow/example_dags/example_xcomargs.py
[2024-07-07T07:56:18.706+0000] {logging_mixin.py:188} INFO - [2024-07-07T07:56:18.706+0000] {dag.py:3096} INFO - Sync 2 DAGs
[2024-07-07T07:56:18.726+0000] {logging_mixin.py:188} INFO - [2024-07-07T07:56:18.726+0000] {dag.py:3954} INFO - Setting next_dagrun for example_xcom_args to None, run_after=None
[2024-07-07T07:56:18.732+0000] {logging_mixin.py:188} INFO - [2024-07-07T07:56:18.732+0000] {dag.py:3954} INFO - Setting next_dagrun for example_xcom_args_with_operators to None, run_after=None
[2024-07-07T07:56:18.758+0000] {processor.py:183} INFO - Processing /home/airflow/.local/lib/python3.12/site-packages/airflow/example_dags/example_xcomargs.py took 0.132 seconds
[2024-07-07T07:56:49.181+0000] {processor.py:161} INFO - Started process (PID=4806) to work on /home/airflow/.local/lib/python3.12/site-packages/airflow/example_dags/example_xcomargs.py
[2024-07-07T07:56:49.183+0000] {processor.py:830} INFO - Processing file /home/airflow/.local/lib/python3.12/site-packages/airflow/example_dags/example_xcomargs.py for tasks to queue
[2024-07-07T07:56:49.185+0000] {logging_mixin.py:188} INFO - [2024-07-07T07:56:49.184+0000] {dagbag.py:545} INFO - Filling up the DagBag from /home/airflow/.local/lib/python3.12/site-packages/airflow/example_dags/example_xcomargs.py
[2024-07-07T07:56:49.196+0000] {processor.py:840} INFO - DAG(s) 'example_xcom_args_with_operators', 'example_xcom_args' retrieved from /home/airflow/.local/lib/python3.12/site-packages/airflow/example_dags/example_xcomargs.py
[2024-07-07T07:56:49.230+0000] {logging_mixin.py:188} INFO - [2024-07-07T07:56:49.229+0000] {dag.py:3096} INFO - Sync 2 DAGs
[2024-07-07T07:56:49.248+0000] {logging_mixin.py:188} INFO - [2024-07-07T07:56:49.247+0000] {dag.py:3954} INFO - Setting next_dagrun for example_xcom_args to None, run_after=None
[2024-07-07T07:56:49.252+0000] {logging_mixin.py:188} INFO - [2024-07-07T07:56:49.252+0000] {dag.py:3954} INFO - Setting next_dagrun for example_xcom_args_with_operators to None, run_after=None
[2024-07-07T07:56:49.286+0000] {processor.py:183} INFO - Processing /home/airflow/.local/lib/python3.12/site-packages/airflow/example_dags/example_xcomargs.py took 0.113 seconds
[2024-07-07T07:57:19.783+0000] {processor.py:161} INFO - Started process (PID=4866) to work on /home/airflow/.local/lib/python3.12/site-packages/airflow/example_dags/example_xcomargs.py
[2024-07-07T07:57:19.784+0000] {processor.py:830} INFO - Processing file /home/airflow/.local/lib/python3.12/site-packages/airflow/example_dags/example_xcomargs.py for tasks to queue
[2024-07-07T07:57:19.785+0000] {logging_mixin.py:188} INFO - [2024-07-07T07:57:19.785+0000] {dagbag.py:545} INFO - Filling up the DagBag from /home/airflow/.local/lib/python3.12/site-packages/airflow/example_dags/example_xcomargs.py
[2024-07-07T07:57:19.796+0000] {processor.py:840} INFO - DAG(s) 'example_xcom_args_with_operators', 'example_xcom_args' retrieved from /home/airflow/.local/lib/python3.12/site-packages/airflow/example_dags/example_xcomargs.py
[2024-07-07T07:57:19.831+0000] {logging_mixin.py:188} INFO - [2024-07-07T07:57:19.831+0000] {dag.py:3096} INFO - Sync 2 DAGs
[2024-07-07T07:57:19.849+0000] {logging_mixin.py:188} INFO - [2024-07-07T07:57:19.849+0000] {dag.py:3954} INFO - Setting next_dagrun for example_xcom_args to None, run_after=None
[2024-07-07T07:57:19.854+0000] {logging_mixin.py:188} INFO - [2024-07-07T07:57:19.854+0000] {dag.py:3954} INFO - Setting next_dagrun for example_xcom_args_with_operators to None, run_after=None
[2024-07-07T07:57:19.888+0000] {processor.py:183} INFO - Processing /home/airflow/.local/lib/python3.12/site-packages/airflow/example_dags/example_xcomargs.py took 0.114 seconds
[2024-07-07T07:57:50.082+0000] {processor.py:161} INFO - Started process (PID=4926) to work on /home/airflow/.local/lib/python3.12/site-packages/airflow/example_dags/example_xcomargs.py
[2024-07-07T07:57:50.084+0000] {processor.py:830} INFO - Processing file /home/airflow/.local/lib/python3.12/site-packages/airflow/example_dags/example_xcomargs.py for tasks to queue
[2024-07-07T07:57:50.085+0000] {logging_mixin.py:188} INFO - [2024-07-07T07:57:50.085+0000] {dagbag.py:545} INFO - Filling up the DagBag from /home/airflow/.local/lib/python3.12/site-packages/airflow/example_dags/example_xcomargs.py
[2024-07-07T07:57:50.096+0000] {processor.py:840} INFO - DAG(s) 'example_xcom_args', 'example_xcom_args_with_operators' retrieved from /home/airflow/.local/lib/python3.12/site-packages/airflow/example_dags/example_xcomargs.py
[2024-07-07T07:57:50.129+0000] {logging_mixin.py:188} INFO - [2024-07-07T07:57:50.129+0000] {dag.py:3096} INFO - Sync 2 DAGs
[2024-07-07T07:57:50.146+0000] {logging_mixin.py:188} INFO - [2024-07-07T07:57:50.146+0000] {dag.py:3954} INFO - Setting next_dagrun for example_xcom_args to None, run_after=None
[2024-07-07T07:57:50.151+0000] {logging_mixin.py:188} INFO - [2024-07-07T07:57:50.151+0000] {dag.py:3954} INFO - Setting next_dagrun for example_xcom_args_with_operators to None, run_after=None
[2024-07-07T07:57:50.190+0000] {processor.py:183} INFO - Processing /home/airflow/.local/lib/python3.12/site-packages/airflow/example_dags/example_xcomargs.py took 0.116 seconds
[2024-07-07T07:58:20.370+0000] {processor.py:161} INFO - Started process (PID=4986) to work on /home/airflow/.local/lib/python3.12/site-packages/airflow/example_dags/example_xcomargs.py
[2024-07-07T07:58:20.372+0000] {processor.py:830} INFO - Processing file /home/airflow/.local/lib/python3.12/site-packages/airflow/example_dags/example_xcomargs.py for tasks to queue
[2024-07-07T07:58:20.374+0000] {logging_mixin.py:188} INFO - [2024-07-07T07:58:20.374+0000] {dagbag.py:545} INFO - Filling up the DagBag from /home/airflow/.local/lib/python3.12/site-packages/airflow/example_dags/example_xcomargs.py
[2024-07-07T07:58:20.391+0000] {processor.py:840} INFO - DAG(s) 'example_xcom_args_with_operators', 'example_xcom_args' retrieved from /home/airflow/.local/lib/python3.12/site-packages/airflow/example_dags/example_xcomargs.py
[2024-07-07T07:58:20.447+0000] {logging_mixin.py:188} INFO - [2024-07-07T07:58:20.447+0000] {dag.py:3096} INFO - Sync 2 DAGs
[2024-07-07T07:58:20.475+0000] {logging_mixin.py:188} INFO - [2024-07-07T07:58:20.474+0000] {dag.py:3954} INFO - Setting next_dagrun for example_xcom_args to None, run_after=None
[2024-07-07T07:58:20.483+0000] {logging_mixin.py:188} INFO - [2024-07-07T07:58:20.483+0000] {dag.py:3954} INFO - Setting next_dagrun for example_xcom_args_with_operators to None, run_after=None
[2024-07-07T07:58:20.533+0000] {processor.py:183} INFO - Processing /home/airflow/.local/lib/python3.12/site-packages/airflow/example_dags/example_xcomargs.py took 0.172 seconds
[2024-07-07T07:58:51.368+0000] {processor.py:161} INFO - Started process (PID=5046) to work on /home/airflow/.local/lib/python3.12/site-packages/airflow/example_dags/example_xcomargs.py
[2024-07-07T07:58:51.369+0000] {processor.py:830} INFO - Processing file /home/airflow/.local/lib/python3.12/site-packages/airflow/example_dags/example_xcomargs.py for tasks to queue
[2024-07-07T07:58:51.371+0000] {logging_mixin.py:188} INFO - [2024-07-07T07:58:51.370+0000] {dagbag.py:545} INFO - Filling up the DagBag from /home/airflow/.local/lib/python3.12/site-packages/airflow/example_dags/example_xcomargs.py
[2024-07-07T07:58:51.383+0000] {processor.py:840} INFO - DAG(s) 'example_xcom_args_with_operators', 'example_xcom_args' retrieved from /home/airflow/.local/lib/python3.12/site-packages/airflow/example_dags/example_xcomargs.py
[2024-07-07T07:58:51.419+0000] {logging_mixin.py:188} INFO - [2024-07-07T07:58:51.419+0000] {dag.py:3096} INFO - Sync 2 DAGs
[2024-07-07T07:58:51.439+0000] {logging_mixin.py:188} INFO - [2024-07-07T07:58:51.439+0000] {dag.py:3954} INFO - Setting next_dagrun for example_xcom_args to None, run_after=None
[2024-07-07T07:58:51.444+0000] {logging_mixin.py:188} INFO - [2024-07-07T07:58:51.444+0000] {dag.py:3954} INFO - Setting next_dagrun for example_xcom_args_with_operators to None, run_after=None
[2024-07-07T07:58:51.478+0000] {processor.py:183} INFO - Processing /home/airflow/.local/lib/python3.12/site-packages/airflow/example_dags/example_xcomargs.py took 0.119 seconds
[2024-07-07T07:59:22.072+0000] {processor.py:161} INFO - Started process (PID=5106) to work on /home/airflow/.local/lib/python3.12/site-packages/airflow/example_dags/example_xcomargs.py
[2024-07-07T07:59:22.074+0000] {processor.py:830} INFO - Processing file /home/airflow/.local/lib/python3.12/site-packages/airflow/example_dags/example_xcomargs.py for tasks to queue
[2024-07-07T07:59:22.076+0000] {logging_mixin.py:188} INFO - [2024-07-07T07:59:22.076+0000] {dagbag.py:545} INFO - Filling up the DagBag from /home/airflow/.local/lib/python3.12/site-packages/airflow/example_dags/example_xcomargs.py
[2024-07-07T07:59:22.094+0000] {processor.py:840} INFO - DAG(s) 'example_xcom_args_with_operators', 'example_xcom_args' retrieved from /home/airflow/.local/lib/python3.12/site-packages/airflow/example_dags/example_xcomargs.py
[2024-07-07T07:59:22.140+0000] {logging_mixin.py:188} INFO - [2024-07-07T07:59:22.139+0000] {dag.py:3096} INFO - Sync 2 DAGs
[2024-07-07T07:59:22.161+0000] {logging_mixin.py:188} INFO - [2024-07-07T07:59:22.161+0000] {dag.py:3954} INFO - Setting next_dagrun for example_xcom_args to None, run_after=None
[2024-07-07T07:59:22.167+0000] {logging_mixin.py:188} INFO - [2024-07-07T07:59:22.166+0000] {dag.py:3954} INFO - Setting next_dagrun for example_xcom_args_with_operators to None, run_after=None
[2024-07-07T07:59:22.196+0000] {processor.py:183} INFO - Processing /home/airflow/.local/lib/python3.12/site-packages/airflow/example_dags/example_xcomargs.py took 0.137 seconds
[2024-07-07T07:59:52.979+0000] {processor.py:161} INFO - Started process (PID=5166) to work on /home/airflow/.local/lib/python3.12/site-packages/airflow/example_dags/example_xcomargs.py
[2024-07-07T07:59:52.981+0000] {processor.py:830} INFO - Processing file /home/airflow/.local/lib/python3.12/site-packages/airflow/example_dags/example_xcomargs.py for tasks to queue
[2024-07-07T07:59:52.982+0000] {logging_mixin.py:188} INFO - [2024-07-07T07:59:52.982+0000] {dagbag.py:545} INFO - Filling up the DagBag from /home/airflow/.local/lib/python3.12/site-packages/airflow/example_dags/example_xcomargs.py
[2024-07-07T07:59:52.995+0000] {processor.py:840} INFO - DAG(s) 'example_xcom_args_with_operators', 'example_xcom_args' retrieved from /home/airflow/.local/lib/python3.12/site-packages/airflow/example_dags/example_xcomargs.py
[2024-07-07T07:59:53.032+0000] {logging_mixin.py:188} INFO - [2024-07-07T07:59:53.032+0000] {dag.py:3096} INFO - Sync 2 DAGs
[2024-07-07T07:59:53.050+0000] {logging_mixin.py:188} INFO - [2024-07-07T07:59:53.050+0000] {dag.py:3954} INFO - Setting next_dagrun for example_xcom_args to None, run_after=None
[2024-07-07T07:59:53.055+0000] {logging_mixin.py:188} INFO - [2024-07-07T07:59:53.055+0000] {dag.py:3954} INFO - Setting next_dagrun for example_xcom_args_with_operators to None, run_after=None
[2024-07-07T07:59:53.084+0000] {processor.py:183} INFO - Processing /home/airflow/.local/lib/python3.12/site-packages/airflow/example_dags/example_xcomargs.py took 0.114 seconds
[2024-07-07T08:00:24.047+0000] {processor.py:161} INFO - Started process (PID=5226) to work on /home/airflow/.local/lib/python3.12/site-packages/airflow/example_dags/example_xcomargs.py
[2024-07-07T08:00:24.049+0000] {processor.py:830} INFO - Processing file /home/airflow/.local/lib/python3.12/site-packages/airflow/example_dags/example_xcomargs.py for tasks to queue
[2024-07-07T08:00:24.051+0000] {logging_mixin.py:188} INFO - [2024-07-07T08:00:24.051+0000] {dagbag.py:545} INFO - Filling up the DagBag from /home/airflow/.local/lib/python3.12/site-packages/airflow/example_dags/example_xcomargs.py
[2024-07-07T08:00:24.066+0000] {processor.py:840} INFO - DAG(s) 'example_xcom_args_with_operators', 'example_xcom_args' retrieved from /home/airflow/.local/lib/python3.12/site-packages/airflow/example_dags/example_xcomargs.py
[2024-07-07T08:00:24.120+0000] {logging_mixin.py:188} INFO - [2024-07-07T08:00:24.119+0000] {dag.py:3096} INFO - Sync 2 DAGs
[2024-07-07T08:00:24.141+0000] {logging_mixin.py:188} INFO - [2024-07-07T08:00:24.140+0000] {dag.py:3954} INFO - Setting next_dagrun for example_xcom_args to None, run_after=None
[2024-07-07T08:00:24.146+0000] {logging_mixin.py:188} INFO - [2024-07-07T08:00:24.146+0000] {dag.py:3954} INFO - Setting next_dagrun for example_xcom_args_with_operators to None, run_after=None
[2024-07-07T08:00:24.180+0000] {processor.py:183} INFO - Processing /home/airflow/.local/lib/python3.12/site-packages/airflow/example_dags/example_xcomargs.py took 0.142 seconds
[2024-07-07T08:05:23.675+0000] {processor.py:161} INFO - Started process (PID=5292) to work on /home/airflow/.local/lib/python3.12/site-packages/airflow/example_dags/example_xcomargs.py
[2024-07-07T08:05:23.682+0000] {processor.py:830} INFO - Processing file /home/airflow/.local/lib/python3.12/site-packages/airflow/example_dags/example_xcomargs.py for tasks to queue
[2024-07-07T08:05:23.698+0000] {logging_mixin.py:188} INFO - [2024-07-07T08:05:23.696+0000] {dagbag.py:545} INFO - Filling up the DagBag from /home/airflow/.local/lib/python3.12/site-packages/airflow/example_dags/example_xcomargs.py
[2024-07-07T08:05:23.745+0000] {processor.py:840} INFO - DAG(s) 'example_xcom_args', 'example_xcom_args_with_operators' retrieved from /home/airflow/.local/lib/python3.12/site-packages/airflow/example_dags/example_xcomargs.py
[2024-07-07T08:05:23.853+0000] {logging_mixin.py:188} INFO - [2024-07-07T08:05:23.853+0000] {dag.py:3096} INFO - Sync 2 DAGs
[2024-07-07T08:05:23.897+0000] {logging_mixin.py:188} INFO - [2024-07-07T08:05:23.896+0000] {dag.py:3954} INFO - Setting next_dagrun for example_xcom_args to None, run_after=None
[2024-07-07T08:05:23.911+0000] {logging_mixin.py:188} INFO - [2024-07-07T08:05:23.910+0000] {dag.py:3954} INFO - Setting next_dagrun for example_xcom_args_with_operators to None, run_after=None
[2024-07-07T08:05:23.962+0000] {processor.py:183} INFO - Processing /home/airflow/.local/lib/python3.12/site-packages/airflow/example_dags/example_xcomargs.py took 0.319 seconds
[2024-07-07T08:05:54.242+0000] {processor.py:161} INFO - Started process (PID=5353) to work on /home/airflow/.local/lib/python3.12/site-packages/airflow/example_dags/example_xcomargs.py
[2024-07-07T08:05:54.244+0000] {processor.py:830} INFO - Processing file /home/airflow/.local/lib/python3.12/site-packages/airflow/example_dags/example_xcomargs.py for tasks to queue
[2024-07-07T08:05:54.246+0000] {logging_mixin.py:188} INFO - [2024-07-07T08:05:54.246+0000] {dagbag.py:545} INFO - Filling up the DagBag from /home/airflow/.local/lib/python3.12/site-packages/airflow/example_dags/example_xcomargs.py
[2024-07-07T08:05:54.265+0000] {processor.py:840} INFO - DAG(s) 'example_xcom_args_with_operators', 'example_xcom_args' retrieved from /home/airflow/.local/lib/python3.12/site-packages/airflow/example_dags/example_xcomargs.py
[2024-07-07T08:05:54.313+0000] {logging_mixin.py:188} INFO - [2024-07-07T08:05:54.312+0000] {dag.py:3096} INFO - Sync 2 DAGs
[2024-07-07T08:05:54.337+0000] {logging_mixin.py:188} INFO - [2024-07-07T08:05:54.336+0000] {dag.py:3954} INFO - Setting next_dagrun for example_xcom_args to None, run_after=None
[2024-07-07T08:05:54.342+0000] {logging_mixin.py:188} INFO - [2024-07-07T08:05:54.342+0000] {dag.py:3954} INFO - Setting next_dagrun for example_xcom_args_with_operators to None, run_after=None
[2024-07-07T08:05:54.370+0000] {processor.py:183} INFO - Processing /home/airflow/.local/lib/python3.12/site-packages/airflow/example_dags/example_xcomargs.py took 0.143 seconds
