[2024-07-07T00:00:20.574+0000] {processor.py:161} INFO - Started process (PID=2316) to work on /home/airflow/.local/lib/python3.12/site-packages/airflow/example_dags/example_python_operator.py
[2024-07-07T00:00:20.576+0000] {processor.py:830} INFO - Processing file /home/airflow/.local/lib/python3.12/site-packages/airflow/example_dags/example_python_operator.py for tasks to queue
[2024-07-07T00:00:20.580+0000] {logging_mixin.py:188} INFO - [2024-07-07T00:00:20.579+0000] {dagbag.py:545} INFO - Filling up the DagBag from /home/airflow/.local/lib/python3.12/site-packages/airflow/example_dags/example_python_operator.py
[2024-07-07T00:00:20.610+0000] {processor.py:840} INFO - DAG(s) 'example_python_operator' retrieved from /home/airflow/.local/lib/python3.12/site-packages/airflow/example_dags/example_python_operator.py
[2024-07-07T00:00:20.669+0000] {logging_mixin.py:188} INFO - [2024-07-07T00:00:20.669+0000] {dag.py:3096} INFO - Sync 1 DAGs
[2024-07-07T00:00:20.719+0000] {logging_mixin.py:188} INFO - [2024-07-07T00:00:20.718+0000] {dag.py:3954} INFO - Setting next_dagrun for example_python_operator to None, run_after=None
[2024-07-07T00:00:20.783+0000] {processor.py:183} INFO - Processing /home/airflow/.local/lib/python3.12/site-packages/airflow/example_dags/example_python_operator.py took 0.225 seconds
[2024-07-07T00:00:51.004+0000] {processor.py:161} INFO - Started process (PID=2375) to work on /home/airflow/.local/lib/python3.12/site-packages/airflow/example_dags/example_python_operator.py
[2024-07-07T00:00:51.011+0000] {processor.py:830} INFO - Processing file /home/airflow/.local/lib/python3.12/site-packages/airflow/example_dags/example_python_operator.py for tasks to queue
[2024-07-07T00:00:51.026+0000] {logging_mixin.py:188} INFO - [2024-07-07T00:00:51.022+0000] {dagbag.py:545} INFO - Filling up the DagBag from /home/airflow/.local/lib/python3.12/site-packages/airflow/example_dags/example_python_operator.py
[2024-07-07T00:00:51.116+0000] {processor.py:840} INFO - DAG(s) 'example_python_operator' retrieved from /home/airflow/.local/lib/python3.12/site-packages/airflow/example_dags/example_python_operator.py
[2024-07-07T00:00:51.238+0000] {logging_mixin.py:188} INFO - [2024-07-07T00:00:51.237+0000] {dag.py:3096} INFO - Sync 1 DAGs
[2024-07-07T00:00:51.265+0000] {logging_mixin.py:188} INFO - [2024-07-07T00:00:51.264+0000] {dag.py:3954} INFO - Setting next_dagrun for example_python_operator to None, run_after=None
[2024-07-07T00:00:51.303+0000] {processor.py:183} INFO - Processing /home/airflow/.local/lib/python3.12/site-packages/airflow/example_dags/example_python_operator.py took 0.348 seconds
[2024-07-07T00:01:21.743+0000] {processor.py:161} INFO - Started process (PID=2435) to work on /home/airflow/.local/lib/python3.12/site-packages/airflow/example_dags/example_python_operator.py
[2024-07-07T00:01:21.747+0000] {processor.py:830} INFO - Processing file /home/airflow/.local/lib/python3.12/site-packages/airflow/example_dags/example_python_operator.py for tasks to queue
[2024-07-07T00:01:21.759+0000] {logging_mixin.py:188} INFO - [2024-07-07T00:01:21.757+0000] {dagbag.py:545} INFO - Filling up the DagBag from /home/airflow/.local/lib/python3.12/site-packages/airflow/example_dags/example_python_operator.py
[2024-07-07T00:01:21.839+0000] {processor.py:840} INFO - DAG(s) 'example_python_operator' retrieved from /home/airflow/.local/lib/python3.12/site-packages/airflow/example_dags/example_python_operator.py
[2024-07-07T00:01:21.903+0000] {logging_mixin.py:188} INFO - [2024-07-07T00:01:21.902+0000] {dag.py:3096} INFO - Sync 1 DAGs
[2024-07-07T00:01:21.940+0000] {logging_mixin.py:188} INFO - [2024-07-07T00:01:21.940+0000] {dag.py:3954} INFO - Setting next_dagrun for example_python_operator to None, run_after=None
[2024-07-07T00:01:21.986+0000] {processor.py:183} INFO - Processing /home/airflow/.local/lib/python3.12/site-packages/airflow/example_dags/example_python_operator.py took 0.283 seconds
[2024-07-07T00:01:52.917+0000] {processor.py:161} INFO - Started process (PID=2495) to work on /home/airflow/.local/lib/python3.12/site-packages/airflow/example_dags/example_python_operator.py
[2024-07-07T00:01:52.924+0000] {processor.py:830} INFO - Processing file /home/airflow/.local/lib/python3.12/site-packages/airflow/example_dags/example_python_operator.py for tasks to queue
[2024-07-07T00:01:52.940+0000] {logging_mixin.py:188} INFO - [2024-07-07T00:01:52.936+0000] {dagbag.py:545} INFO - Filling up the DagBag from /home/airflow/.local/lib/python3.12/site-packages/airflow/example_dags/example_python_operator.py
[2024-07-07T00:01:53.005+0000] {processor.py:840} INFO - DAG(s) 'example_python_operator' retrieved from /home/airflow/.local/lib/python3.12/site-packages/airflow/example_dags/example_python_operator.py
[2024-07-07T00:01:53.076+0000] {logging_mixin.py:188} INFO - [2024-07-07T00:01:53.076+0000] {dag.py:3096} INFO - Sync 1 DAGs
[2024-07-07T00:01:53.122+0000] {logging_mixin.py:188} INFO - [2024-07-07T00:01:53.121+0000] {dag.py:3954} INFO - Setting next_dagrun for example_python_operator to None, run_after=None
[2024-07-07T00:01:53.175+0000] {processor.py:183} INFO - Processing /home/airflow/.local/lib/python3.12/site-packages/airflow/example_dags/example_python_operator.py took 0.315 seconds
[2024-07-07T00:02:23.629+0000] {processor.py:161} INFO - Started process (PID=2555) to work on /home/airflow/.local/lib/python3.12/site-packages/airflow/example_dags/example_python_operator.py
[2024-07-07T00:02:23.633+0000] {processor.py:830} INFO - Processing file /home/airflow/.local/lib/python3.12/site-packages/airflow/example_dags/example_python_operator.py for tasks to queue
[2024-07-07T00:02:23.640+0000] {logging_mixin.py:188} INFO - [2024-07-07T00:02:23.639+0000] {dagbag.py:545} INFO - Filling up the DagBag from /home/airflow/.local/lib/python3.12/site-packages/airflow/example_dags/example_python_operator.py
[2024-07-07T00:02:23.683+0000] {processor.py:840} INFO - DAG(s) 'example_python_operator' retrieved from /home/airflow/.local/lib/python3.12/site-packages/airflow/example_dags/example_python_operator.py
[2024-07-07T00:02:23.812+0000] {logging_mixin.py:188} INFO - [2024-07-07T00:02:23.811+0000] {dag.py:3096} INFO - Sync 1 DAGs
[2024-07-07T00:02:23.874+0000] {logging_mixin.py:188} INFO - [2024-07-07T00:02:23.873+0000] {dag.py:3954} INFO - Setting next_dagrun for example_python_operator to None, run_after=None
[2024-07-07T00:02:23.936+0000] {processor.py:183} INFO - Processing /home/airflow/.local/lib/python3.12/site-packages/airflow/example_dags/example_python_operator.py took 0.325 seconds
[2024-07-07T00:02:54.633+0000] {processor.py:161} INFO - Started process (PID=2615) to work on /home/airflow/.local/lib/python3.12/site-packages/airflow/example_dags/example_python_operator.py
[2024-07-07T00:02:54.636+0000] {processor.py:830} INFO - Processing file /home/airflow/.local/lib/python3.12/site-packages/airflow/example_dags/example_python_operator.py for tasks to queue
[2024-07-07T00:02:54.643+0000] {logging_mixin.py:188} INFO - [2024-07-07T00:02:54.642+0000] {dagbag.py:545} INFO - Filling up the DagBag from /home/airflow/.local/lib/python3.12/site-packages/airflow/example_dags/example_python_operator.py
[2024-07-07T00:02:54.676+0000] {processor.py:840} INFO - DAG(s) 'example_python_operator' retrieved from /home/airflow/.local/lib/python3.12/site-packages/airflow/example_dags/example_python_operator.py
[2024-07-07T00:02:54.738+0000] {logging_mixin.py:188} INFO - [2024-07-07T00:02:54.737+0000] {dag.py:3096} INFO - Sync 1 DAGs
[2024-07-07T00:02:54.777+0000] {logging_mixin.py:188} INFO - [2024-07-07T00:02:54.776+0000] {dag.py:3954} INFO - Setting next_dagrun for example_python_operator to None, run_after=None
[2024-07-07T00:02:54.867+0000] {processor.py:183} INFO - Processing /home/airflow/.local/lib/python3.12/site-packages/airflow/example_dags/example_python_operator.py took 0.265 seconds
[2024-07-07T00:03:24.968+0000] {processor.py:161} INFO - Started process (PID=2676) to work on /home/airflow/.local/lib/python3.12/site-packages/airflow/example_dags/example_python_operator.py
[2024-07-07T00:03:24.971+0000] {processor.py:830} INFO - Processing file /home/airflow/.local/lib/python3.12/site-packages/airflow/example_dags/example_python_operator.py for tasks to queue
[2024-07-07T00:03:24.975+0000] {logging_mixin.py:188} INFO - [2024-07-07T00:03:24.974+0000] {dagbag.py:545} INFO - Filling up the DagBag from /home/airflow/.local/lib/python3.12/site-packages/airflow/example_dags/example_python_operator.py
[2024-07-07T00:03:25.003+0000] {processor.py:840} INFO - DAG(s) 'example_python_operator' retrieved from /home/airflow/.local/lib/python3.12/site-packages/airflow/example_dags/example_python_operator.py
[2024-07-07T00:03:25.056+0000] {logging_mixin.py:188} INFO - [2024-07-07T00:03:25.056+0000] {dag.py:3096} INFO - Sync 1 DAGs
[2024-07-07T00:03:25.094+0000] {logging_mixin.py:188} INFO - [2024-07-07T00:03:25.093+0000] {dag.py:3954} INFO - Setting next_dagrun for example_python_operator to None, run_after=None
[2024-07-07T00:03:25.190+0000] {processor.py:183} INFO - Processing /home/airflow/.local/lib/python3.12/site-packages/airflow/example_dags/example_python_operator.py took 0.237 seconds
[2024-07-07T00:03:55.585+0000] {processor.py:161} INFO - Started process (PID=2736) to work on /home/airflow/.local/lib/python3.12/site-packages/airflow/example_dags/example_python_operator.py
[2024-07-07T00:03:55.587+0000] {processor.py:830} INFO - Processing file /home/airflow/.local/lib/python3.12/site-packages/airflow/example_dags/example_python_operator.py for tasks to queue
[2024-07-07T00:03:55.602+0000] {logging_mixin.py:188} INFO - [2024-07-07T00:03:55.601+0000] {dagbag.py:545} INFO - Filling up the DagBag from /home/airflow/.local/lib/python3.12/site-packages/airflow/example_dags/example_python_operator.py
[2024-07-07T00:03:55.628+0000] {processor.py:840} INFO - DAG(s) 'example_python_operator' retrieved from /home/airflow/.local/lib/python3.12/site-packages/airflow/example_dags/example_python_operator.py
[2024-07-07T00:03:55.676+0000] {logging_mixin.py:188} INFO - [2024-07-07T00:03:55.676+0000] {dag.py:3096} INFO - Sync 1 DAGs
[2024-07-07T00:03:55.707+0000] {logging_mixin.py:188} INFO - [2024-07-07T00:03:55.706+0000] {dag.py:3954} INFO - Setting next_dagrun for example_python_operator to None, run_after=None
[2024-07-07T00:03:55.773+0000] {processor.py:183} INFO - Processing /home/airflow/.local/lib/python3.12/site-packages/airflow/example_dags/example_python_operator.py took 0.209 seconds
[2024-07-07T07:39:24.994+0000] {processor.py:161} INFO - Started process (PID=2768) to work on /home/airflow/.local/lib/python3.12/site-packages/airflow/example_dags/example_python_operator.py
[2024-07-07T07:39:24.998+0000] {processor.py:830} INFO - Processing file /home/airflow/.local/lib/python3.12/site-packages/airflow/example_dags/example_python_operator.py for tasks to queue
[2024-07-07T07:39:25.003+0000] {logging_mixin.py:188} INFO - [2024-07-07T07:39:25.002+0000] {dagbag.py:545} INFO - Filling up the DagBag from /home/airflow/.local/lib/python3.12/site-packages/airflow/example_dags/example_python_operator.py
[2024-07-07T07:39:25.082+0000] {processor.py:840} INFO - DAG(s) 'example_python_operator' retrieved from /home/airflow/.local/lib/python3.12/site-packages/airflow/example_dags/example_python_operator.py
[2024-07-07T07:39:25.371+0000] {logging_mixin.py:188} INFO - [2024-07-07T07:39:25.371+0000] {dag.py:3096} INFO - Sync 1 DAGs
[2024-07-07T07:39:25.499+0000] {logging_mixin.py:188} INFO - [2024-07-07T07:39:25.499+0000] {dag.py:3954} INFO - Setting next_dagrun for example_python_operator to None, run_after=None
[2024-07-07T07:39:25.647+0000] {processor.py:183} INFO - Processing /home/airflow/.local/lib/python3.12/site-packages/airflow/example_dags/example_python_operator.py took 0.703 seconds
[2024-07-07T07:39:56.625+0000] {processor.py:161} INFO - Started process (PID=2833) to work on /home/airflow/.local/lib/python3.12/site-packages/airflow/example_dags/example_python_operator.py
[2024-07-07T07:39:56.628+0000] {processor.py:830} INFO - Processing file /home/airflow/.local/lib/python3.12/site-packages/airflow/example_dags/example_python_operator.py for tasks to queue
[2024-07-07T07:39:56.630+0000] {logging_mixin.py:188} INFO - [2024-07-07T07:39:56.629+0000] {dagbag.py:545} INFO - Filling up the DagBag from /home/airflow/.local/lib/python3.12/site-packages/airflow/example_dags/example_python_operator.py
[2024-07-07T07:39:56.645+0000] {processor.py:840} INFO - DAG(s) 'example_python_operator' retrieved from /home/airflow/.local/lib/python3.12/site-packages/airflow/example_dags/example_python_operator.py
[2024-07-07T07:39:56.683+0000] {logging_mixin.py:188} INFO - [2024-07-07T07:39:56.682+0000] {dag.py:3096} INFO - Sync 1 DAGs
[2024-07-07T07:39:56.701+0000] {logging_mixin.py:188} INFO - [2024-07-07T07:39:56.701+0000] {dag.py:3954} INFO - Setting next_dagrun for example_python_operator to None, run_after=None
[2024-07-07T07:39:56.728+0000] {processor.py:183} INFO - Processing /home/airflow/.local/lib/python3.12/site-packages/airflow/example_dags/example_python_operator.py took 0.112 seconds
[2024-07-07T07:40:26.885+0000] {processor.py:161} INFO - Started process (PID=2893) to work on /home/airflow/.local/lib/python3.12/site-packages/airflow/example_dags/example_python_operator.py
[2024-07-07T07:40:26.887+0000] {processor.py:830} INFO - Processing file /home/airflow/.local/lib/python3.12/site-packages/airflow/example_dags/example_python_operator.py for tasks to queue
[2024-07-07T07:40:26.888+0000] {logging_mixin.py:188} INFO - [2024-07-07T07:40:26.888+0000] {dagbag.py:545} INFO - Filling up the DagBag from /home/airflow/.local/lib/python3.12/site-packages/airflow/example_dags/example_python_operator.py
[2024-07-07T07:40:26.901+0000] {processor.py:840} INFO - DAG(s) 'example_python_operator' retrieved from /home/airflow/.local/lib/python3.12/site-packages/airflow/example_dags/example_python_operator.py
[2024-07-07T07:40:26.931+0000] {logging_mixin.py:188} INFO - [2024-07-07T07:40:26.931+0000] {dag.py:3096} INFO - Sync 1 DAGs
[2024-07-07T07:40:26.948+0000] {logging_mixin.py:188} INFO - [2024-07-07T07:40:26.947+0000] {dag.py:3954} INFO - Setting next_dagrun for example_python_operator to None, run_after=None
[2024-07-07T07:40:26.980+0000] {processor.py:183} INFO - Processing /home/airflow/.local/lib/python3.12/site-packages/airflow/example_dags/example_python_operator.py took 0.102 seconds
[2024-07-07T07:40:57.569+0000] {processor.py:161} INFO - Started process (PID=2953) to work on /home/airflow/.local/lib/python3.12/site-packages/airflow/example_dags/example_python_operator.py
[2024-07-07T07:40:57.571+0000] {processor.py:830} INFO - Processing file /home/airflow/.local/lib/python3.12/site-packages/airflow/example_dags/example_python_operator.py for tasks to queue
[2024-07-07T07:40:57.573+0000] {logging_mixin.py:188} INFO - [2024-07-07T07:40:57.572+0000] {dagbag.py:545} INFO - Filling up the DagBag from /home/airflow/.local/lib/python3.12/site-packages/airflow/example_dags/example_python_operator.py
[2024-07-07T07:40:57.606+0000] {processor.py:840} INFO - DAG(s) 'example_python_operator' retrieved from /home/airflow/.local/lib/python3.12/site-packages/airflow/example_dags/example_python_operator.py
[2024-07-07T07:40:57.661+0000] {logging_mixin.py:188} INFO - [2024-07-07T07:40:57.661+0000] {dag.py:3096} INFO - Sync 1 DAGs
[2024-07-07T07:40:57.691+0000] {logging_mixin.py:188} INFO - [2024-07-07T07:40:57.691+0000] {dag.py:3954} INFO - Setting next_dagrun for example_python_operator to None, run_after=None
[2024-07-07T07:40:57.739+0000] {processor.py:183} INFO - Processing /home/airflow/.local/lib/python3.12/site-packages/airflow/example_dags/example_python_operator.py took 0.189 seconds
[2024-07-07T07:41:29.615+0000] {processor.py:161} INFO - Started process (PID=3013) to work on /home/airflow/.local/lib/python3.12/site-packages/airflow/example_dags/example_python_operator.py
[2024-07-07T07:41:29.621+0000] {processor.py:830} INFO - Processing file /home/airflow/.local/lib/python3.12/site-packages/airflow/example_dags/example_python_operator.py for tasks to queue
[2024-07-07T07:41:29.624+0000] {logging_mixin.py:188} INFO - [2024-07-07T07:41:29.623+0000] {dagbag.py:545} INFO - Filling up the DagBag from /home/airflow/.local/lib/python3.12/site-packages/airflow/example_dags/example_python_operator.py
[2024-07-07T07:41:29.665+0000] {processor.py:840} INFO - DAG(s) 'example_python_operator' retrieved from /home/airflow/.local/lib/python3.12/site-packages/airflow/example_dags/example_python_operator.py
[2024-07-07T07:41:29.737+0000] {logging_mixin.py:188} INFO - [2024-07-07T07:41:29.736+0000] {dag.py:3096} INFO - Sync 1 DAGs
[2024-07-07T07:41:29.781+0000] {logging_mixin.py:188} INFO - [2024-07-07T07:41:29.781+0000] {dag.py:3954} INFO - Setting next_dagrun for example_python_operator to None, run_after=None
[2024-07-07T07:41:29.832+0000] {processor.py:183} INFO - Processing /home/airflow/.local/lib/python3.12/site-packages/airflow/example_dags/example_python_operator.py took 0.246 seconds
[2024-07-07T07:42:00.901+0000] {processor.py:161} INFO - Started process (PID=3073) to work on /home/airflow/.local/lib/python3.12/site-packages/airflow/example_dags/example_python_operator.py
[2024-07-07T07:42:00.904+0000] {processor.py:830} INFO - Processing file /home/airflow/.local/lib/python3.12/site-packages/airflow/example_dags/example_python_operator.py for tasks to queue
[2024-07-07T07:42:00.906+0000] {logging_mixin.py:188} INFO - [2024-07-07T07:42:00.906+0000] {dagbag.py:545} INFO - Filling up the DagBag from /home/airflow/.local/lib/python3.12/site-packages/airflow/example_dags/example_python_operator.py
[2024-07-07T07:42:00.933+0000] {processor.py:840} INFO - DAG(s) 'example_python_operator' retrieved from /home/airflow/.local/lib/python3.12/site-packages/airflow/example_dags/example_python_operator.py
[2024-07-07T07:42:00.988+0000] {logging_mixin.py:188} INFO - [2024-07-07T07:42:00.988+0000] {dag.py:3096} INFO - Sync 1 DAGs
[2024-07-07T07:42:01.022+0000] {logging_mixin.py:188} INFO - [2024-07-07T07:42:01.021+0000] {dag.py:3954} INFO - Setting next_dagrun for example_python_operator to None, run_after=None
[2024-07-07T07:42:01.065+0000] {processor.py:183} INFO - Processing /home/airflow/.local/lib/python3.12/site-packages/airflow/example_dags/example_python_operator.py took 0.177 seconds
[2024-07-07T07:42:32.517+0000] {processor.py:161} INFO - Started process (PID=3133) to work on /home/airflow/.local/lib/python3.12/site-packages/airflow/example_dags/example_python_operator.py
[2024-07-07T07:42:32.521+0000] {processor.py:830} INFO - Processing file /home/airflow/.local/lib/python3.12/site-packages/airflow/example_dags/example_python_operator.py for tasks to queue
[2024-07-07T07:42:32.526+0000] {logging_mixin.py:188} INFO - [2024-07-07T07:42:32.525+0000] {dagbag.py:545} INFO - Filling up the DagBag from /home/airflow/.local/lib/python3.12/site-packages/airflow/example_dags/example_python_operator.py
[2024-07-07T07:42:32.568+0000] {processor.py:840} INFO - DAG(s) 'example_python_operator' retrieved from /home/airflow/.local/lib/python3.12/site-packages/airflow/example_dags/example_python_operator.py
[2024-07-07T07:42:32.659+0000] {logging_mixin.py:188} INFO - [2024-07-07T07:42:32.659+0000] {dag.py:3096} INFO - Sync 1 DAGs
[2024-07-07T07:42:32.709+0000] {logging_mixin.py:188} INFO - [2024-07-07T07:42:32.708+0000] {dag.py:3954} INFO - Setting next_dagrun for example_python_operator to None, run_after=None
[2024-07-07T07:42:32.789+0000] {processor.py:183} INFO - Processing /home/airflow/.local/lib/python3.12/site-packages/airflow/example_dags/example_python_operator.py took 0.304 seconds
[2024-07-07T07:43:03.618+0000] {processor.py:161} INFO - Started process (PID=3191) to work on /home/airflow/.local/lib/python3.12/site-packages/airflow/example_dags/example_python_operator.py
[2024-07-07T07:43:03.620+0000] {processor.py:830} INFO - Processing file /home/airflow/.local/lib/python3.12/site-packages/airflow/example_dags/example_python_operator.py for tasks to queue
[2024-07-07T07:43:03.622+0000] {logging_mixin.py:188} INFO - [2024-07-07T07:43:03.622+0000] {dagbag.py:545} INFO - Filling up the DagBag from /home/airflow/.local/lib/python3.12/site-packages/airflow/example_dags/example_python_operator.py
[2024-07-07T07:43:03.642+0000] {processor.py:840} INFO - DAG(s) 'example_python_operator' retrieved from /home/airflow/.local/lib/python3.12/site-packages/airflow/example_dags/example_python_operator.py
[2024-07-07T07:43:03.695+0000] {logging_mixin.py:188} INFO - [2024-07-07T07:43:03.695+0000] {dag.py:3096} INFO - Sync 1 DAGs
[2024-07-07T07:43:03.721+0000] {logging_mixin.py:188} INFO - [2024-07-07T07:43:03.721+0000] {dag.py:3954} INFO - Setting next_dagrun for example_python_operator to None, run_after=None
[2024-07-07T07:43:03.771+0000] {processor.py:183} INFO - Processing /home/airflow/.local/lib/python3.12/site-packages/airflow/example_dags/example_python_operator.py took 0.167 seconds
[2024-07-07T07:43:34.691+0000] {processor.py:161} INFO - Started process (PID=3251) to work on /home/airflow/.local/lib/python3.12/site-packages/airflow/example_dags/example_python_operator.py
[2024-07-07T07:43:34.698+0000] {processor.py:830} INFO - Processing file /home/airflow/.local/lib/python3.12/site-packages/airflow/example_dags/example_python_operator.py for tasks to queue
[2024-07-07T07:43:34.703+0000] {logging_mixin.py:188} INFO - [2024-07-07T07:43:34.701+0000] {dagbag.py:545} INFO - Filling up the DagBag from /home/airflow/.local/lib/python3.12/site-packages/airflow/example_dags/example_python_operator.py
[2024-07-07T07:43:34.766+0000] {processor.py:840} INFO - DAG(s) 'example_python_operator' retrieved from /home/airflow/.local/lib/python3.12/site-packages/airflow/example_dags/example_python_operator.py
[2024-07-07T07:43:34.886+0000] {logging_mixin.py:188} INFO - [2024-07-07T07:43:34.885+0000] {dag.py:3096} INFO - Sync 1 DAGs
[2024-07-07T07:43:34.910+0000] {logging_mixin.py:188} INFO - [2024-07-07T07:43:34.910+0000] {dag.py:3954} INFO - Setting next_dagrun for example_python_operator to None, run_after=None
[2024-07-07T07:43:34.950+0000] {processor.py:183} INFO - Processing /home/airflow/.local/lib/python3.12/site-packages/airflow/example_dags/example_python_operator.py took 0.292 seconds
[2024-07-07T07:44:05.332+0000] {processor.py:161} INFO - Started process (PID=3311) to work on /home/airflow/.local/lib/python3.12/site-packages/airflow/example_dags/example_python_operator.py
[2024-07-07T07:44:05.334+0000] {processor.py:830} INFO - Processing file /home/airflow/.local/lib/python3.12/site-packages/airflow/example_dags/example_python_operator.py for tasks to queue
[2024-07-07T07:44:05.336+0000] {logging_mixin.py:188} INFO - [2024-07-07T07:44:05.336+0000] {dagbag.py:545} INFO - Filling up the DagBag from /home/airflow/.local/lib/python3.12/site-packages/airflow/example_dags/example_python_operator.py
[2024-07-07T07:44:05.365+0000] {processor.py:840} INFO - DAG(s) 'example_python_operator' retrieved from /home/airflow/.local/lib/python3.12/site-packages/airflow/example_dags/example_python_operator.py
[2024-07-07T07:44:05.438+0000] {logging_mixin.py:188} INFO - [2024-07-07T07:44:05.437+0000] {dag.py:3096} INFO - Sync 1 DAGs
[2024-07-07T07:44:05.495+0000] {logging_mixin.py:188} INFO - [2024-07-07T07:44:05.494+0000] {dag.py:3954} INFO - Setting next_dagrun for example_python_operator to None, run_after=None
[2024-07-07T07:44:05.560+0000] {processor.py:183} INFO - Processing /home/airflow/.local/lib/python3.12/site-packages/airflow/example_dags/example_python_operator.py took 0.247 seconds
[2024-07-07T07:44:35.767+0000] {processor.py:161} INFO - Started process (PID=3371) to work on /home/airflow/.local/lib/python3.12/site-packages/airflow/example_dags/example_python_operator.py
[2024-07-07T07:44:35.770+0000] {processor.py:830} INFO - Processing file /home/airflow/.local/lib/python3.12/site-packages/airflow/example_dags/example_python_operator.py for tasks to queue
[2024-07-07T07:44:35.775+0000] {logging_mixin.py:188} INFO - [2024-07-07T07:44:35.773+0000] {dagbag.py:545} INFO - Filling up the DagBag from /home/airflow/.local/lib/python3.12/site-packages/airflow/example_dags/example_python_operator.py
[2024-07-07T07:44:35.821+0000] {processor.py:840} INFO - DAG(s) 'example_python_operator' retrieved from /home/airflow/.local/lib/python3.12/site-packages/airflow/example_dags/example_python_operator.py
[2024-07-07T07:44:35.902+0000] {logging_mixin.py:188} INFO - [2024-07-07T07:44:35.901+0000] {dag.py:3096} INFO - Sync 1 DAGs
[2024-07-07T07:44:35.940+0000] {logging_mixin.py:188} INFO - [2024-07-07T07:44:35.939+0000] {dag.py:3954} INFO - Setting next_dagrun for example_python_operator to None, run_after=None
[2024-07-07T07:44:35.985+0000] {processor.py:183} INFO - Processing /home/airflow/.local/lib/python3.12/site-packages/airflow/example_dags/example_python_operator.py took 0.240 seconds
[2024-07-07T07:45:06.395+0000] {processor.py:161} INFO - Started process (PID=3431) to work on /home/airflow/.local/lib/python3.12/site-packages/airflow/example_dags/example_python_operator.py
[2024-07-07T07:45:06.400+0000] {processor.py:830} INFO - Processing file /home/airflow/.local/lib/python3.12/site-packages/airflow/example_dags/example_python_operator.py for tasks to queue
[2024-07-07T07:45:06.407+0000] {logging_mixin.py:188} INFO - [2024-07-07T07:45:06.404+0000] {dagbag.py:545} INFO - Filling up the DagBag from /home/airflow/.local/lib/python3.12/site-packages/airflow/example_dags/example_python_operator.py
[2024-07-07T07:45:06.475+0000] {processor.py:840} INFO - DAG(s) 'example_python_operator' retrieved from /home/airflow/.local/lib/python3.12/site-packages/airflow/example_dags/example_python_operator.py
[2024-07-07T07:45:06.644+0000] {logging_mixin.py:188} INFO - [2024-07-07T07:45:06.641+0000] {dag.py:3096} INFO - Sync 1 DAGs
[2024-07-07T07:45:06.729+0000] {logging_mixin.py:188} INFO - [2024-07-07T07:45:06.728+0000] {dag.py:3954} INFO - Setting next_dagrun for example_python_operator to None, run_after=None
[2024-07-07T07:45:06.772+0000] {processor.py:183} INFO - Processing /home/airflow/.local/lib/python3.12/site-packages/airflow/example_dags/example_python_operator.py took 0.412 seconds
[2024-07-07T07:45:37.243+0000] {processor.py:161} INFO - Started process (PID=3489) to work on /home/airflow/.local/lib/python3.12/site-packages/airflow/example_dags/example_python_operator.py
[2024-07-07T07:45:37.246+0000] {processor.py:830} INFO - Processing file /home/airflow/.local/lib/python3.12/site-packages/airflow/example_dags/example_python_operator.py for tasks to queue
[2024-07-07T07:45:37.249+0000] {logging_mixin.py:188} INFO - [2024-07-07T07:45:37.248+0000] {dagbag.py:545} INFO - Filling up the DagBag from /home/airflow/.local/lib/python3.12/site-packages/airflow/example_dags/example_python_operator.py
[2024-07-07T07:45:37.282+0000] {processor.py:840} INFO - DAG(s) 'example_python_operator' retrieved from /home/airflow/.local/lib/python3.12/site-packages/airflow/example_dags/example_python_operator.py
[2024-07-07T07:45:37.340+0000] {logging_mixin.py:188} INFO - [2024-07-07T07:45:37.339+0000] {dag.py:3096} INFO - Sync 1 DAGs
[2024-07-07T07:45:37.374+0000] {logging_mixin.py:188} INFO - [2024-07-07T07:45:37.373+0000] {dag.py:3954} INFO - Setting next_dagrun for example_python_operator to None, run_after=None
[2024-07-07T07:45:37.456+0000] {processor.py:183} INFO - Processing /home/airflow/.local/lib/python3.12/site-packages/airflow/example_dags/example_python_operator.py took 0.231 seconds
[2024-07-07T07:46:07.897+0000] {processor.py:161} INFO - Started process (PID=3549) to work on /home/airflow/.local/lib/python3.12/site-packages/airflow/example_dags/example_python_operator.py
[2024-07-07T07:46:07.901+0000] {processor.py:830} INFO - Processing file /home/airflow/.local/lib/python3.12/site-packages/airflow/example_dags/example_python_operator.py for tasks to queue
[2024-07-07T07:46:07.905+0000] {logging_mixin.py:188} INFO - [2024-07-07T07:46:07.904+0000] {dagbag.py:545} INFO - Filling up the DagBag from /home/airflow/.local/lib/python3.12/site-packages/airflow/example_dags/example_python_operator.py
[2024-07-07T07:46:07.951+0000] {processor.py:840} INFO - DAG(s) 'example_python_operator' retrieved from /home/airflow/.local/lib/python3.12/site-packages/airflow/example_dags/example_python_operator.py
[2024-07-07T07:46:08.056+0000] {logging_mixin.py:188} INFO - [2024-07-07T07:46:08.056+0000] {dag.py:3096} INFO - Sync 1 DAGs
[2024-07-07T07:46:08.111+0000] {logging_mixin.py:188} INFO - [2024-07-07T07:46:08.111+0000] {dag.py:3954} INFO - Setting next_dagrun for example_python_operator to None, run_after=None
[2024-07-07T07:46:08.168+0000] {processor.py:183} INFO - Processing /home/airflow/.local/lib/python3.12/site-packages/airflow/example_dags/example_python_operator.py took 0.307 seconds
[2024-07-07T07:46:38.362+0000] {processor.py:161} INFO - Started process (PID=3610) to work on /home/airflow/.local/lib/python3.12/site-packages/airflow/example_dags/example_python_operator.py
[2024-07-07T07:46:38.364+0000] {processor.py:830} INFO - Processing file /home/airflow/.local/lib/python3.12/site-packages/airflow/example_dags/example_python_operator.py for tasks to queue
[2024-07-07T07:46:38.366+0000] {logging_mixin.py:188} INFO - [2024-07-07T07:46:38.365+0000] {dagbag.py:545} INFO - Filling up the DagBag from /home/airflow/.local/lib/python3.12/site-packages/airflow/example_dags/example_python_operator.py
[2024-07-07T07:46:38.395+0000] {processor.py:840} INFO - DAG(s) 'example_python_operator' retrieved from /home/airflow/.local/lib/python3.12/site-packages/airflow/example_dags/example_python_operator.py
[2024-07-07T07:46:38.452+0000] {logging_mixin.py:188} INFO - [2024-07-07T07:46:38.452+0000] {dag.py:3096} INFO - Sync 1 DAGs
[2024-07-07T07:46:38.480+0000] {logging_mixin.py:188} INFO - [2024-07-07T07:46:38.479+0000] {dag.py:3954} INFO - Setting next_dagrun for example_python_operator to None, run_after=None
[2024-07-07T07:46:38.514+0000] {processor.py:183} INFO - Processing /home/airflow/.local/lib/python3.12/site-packages/airflow/example_dags/example_python_operator.py took 0.165 seconds
[2024-07-07T07:47:08.839+0000] {processor.py:161} INFO - Started process (PID=3671) to work on /home/airflow/.local/lib/python3.12/site-packages/airflow/example_dags/example_python_operator.py
[2024-07-07T07:47:08.841+0000] {processor.py:830} INFO - Processing file /home/airflow/.local/lib/python3.12/site-packages/airflow/example_dags/example_python_operator.py for tasks to queue
[2024-07-07T07:47:08.843+0000] {logging_mixin.py:188} INFO - [2024-07-07T07:47:08.842+0000] {dagbag.py:545} INFO - Filling up the DagBag from /home/airflow/.local/lib/python3.12/site-packages/airflow/example_dags/example_python_operator.py
[2024-07-07T07:47:08.864+0000] {processor.py:840} INFO - DAG(s) 'example_python_operator' retrieved from /home/airflow/.local/lib/python3.12/site-packages/airflow/example_dags/example_python_operator.py
[2024-07-07T07:47:08.915+0000] {logging_mixin.py:188} INFO - [2024-07-07T07:47:08.914+0000] {dag.py:3096} INFO - Sync 1 DAGs
[2024-07-07T07:47:08.938+0000] {logging_mixin.py:188} INFO - [2024-07-07T07:47:08.938+0000] {dag.py:3954} INFO - Setting next_dagrun for example_python_operator to None, run_after=None
[2024-07-07T07:47:08.974+0000] {processor.py:183} INFO - Processing /home/airflow/.local/lib/python3.12/site-packages/airflow/example_dags/example_python_operator.py took 0.145 seconds
[2024-07-07T07:47:39.523+0000] {processor.py:161} INFO - Started process (PID=3731) to work on /home/airflow/.local/lib/python3.12/site-packages/airflow/example_dags/example_python_operator.py
[2024-07-07T07:47:39.529+0000] {processor.py:830} INFO - Processing file /home/airflow/.local/lib/python3.12/site-packages/airflow/example_dags/example_python_operator.py for tasks to queue
[2024-07-07T07:47:39.536+0000] {logging_mixin.py:188} INFO - [2024-07-07T07:47:39.534+0000] {dagbag.py:545} INFO - Filling up the DagBag from /home/airflow/.local/lib/python3.12/site-packages/airflow/example_dags/example_python_operator.py
[2024-07-07T07:47:39.593+0000] {processor.py:840} INFO - DAG(s) 'example_python_operator' retrieved from /home/airflow/.local/lib/python3.12/site-packages/airflow/example_dags/example_python_operator.py
[2024-07-07T07:47:39.712+0000] {logging_mixin.py:188} INFO - [2024-07-07T07:47:39.711+0000] {dag.py:3096} INFO - Sync 1 DAGs
[2024-07-07T07:47:39.800+0000] {logging_mixin.py:188} INFO - [2024-07-07T07:47:39.798+0000] {dag.py:3954} INFO - Setting next_dagrun for example_python_operator to None, run_after=None
[2024-07-07T07:47:39.904+0000] {processor.py:183} INFO - Processing /home/airflow/.local/lib/python3.12/site-packages/airflow/example_dags/example_python_operator.py took 0.422 seconds
[2024-07-07T07:48:10.237+0000] {processor.py:161} INFO - Started process (PID=3791) to work on /home/airflow/.local/lib/python3.12/site-packages/airflow/example_dags/example_python_operator.py
[2024-07-07T07:48:10.243+0000] {processor.py:830} INFO - Processing file /home/airflow/.local/lib/python3.12/site-packages/airflow/example_dags/example_python_operator.py for tasks to queue
[2024-07-07T07:48:10.249+0000] {logging_mixin.py:188} INFO - [2024-07-07T07:48:10.247+0000] {dagbag.py:545} INFO - Filling up the DagBag from /home/airflow/.local/lib/python3.12/site-packages/airflow/example_dags/example_python_operator.py
[2024-07-07T07:48:10.308+0000] {processor.py:840} INFO - DAG(s) 'example_python_operator' retrieved from /home/airflow/.local/lib/python3.12/site-packages/airflow/example_dags/example_python_operator.py
[2024-07-07T07:48:10.438+0000] {logging_mixin.py:188} INFO - [2024-07-07T07:48:10.437+0000] {dag.py:3096} INFO - Sync 1 DAGs
[2024-07-07T07:48:10.506+0000] {logging_mixin.py:188} INFO - [2024-07-07T07:48:10.505+0000] {dag.py:3954} INFO - Setting next_dagrun for example_python_operator to None, run_after=None
[2024-07-07T07:48:10.601+0000] {processor.py:183} INFO - Processing /home/airflow/.local/lib/python3.12/site-packages/airflow/example_dags/example_python_operator.py took 0.403 seconds
[2024-07-07T07:48:40.796+0000] {processor.py:161} INFO - Started process (PID=3851) to work on /home/airflow/.local/lib/python3.12/site-packages/airflow/example_dags/example_python_operator.py
[2024-07-07T07:48:40.800+0000] {processor.py:830} INFO - Processing file /home/airflow/.local/lib/python3.12/site-packages/airflow/example_dags/example_python_operator.py for tasks to queue
[2024-07-07T07:48:40.805+0000] {logging_mixin.py:188} INFO - [2024-07-07T07:48:40.803+0000] {dagbag.py:545} INFO - Filling up the DagBag from /home/airflow/.local/lib/python3.12/site-packages/airflow/example_dags/example_python_operator.py
[2024-07-07T07:48:40.865+0000] {processor.py:840} INFO - DAG(s) 'example_python_operator' retrieved from /home/airflow/.local/lib/python3.12/site-packages/airflow/example_dags/example_python_operator.py
[2024-07-07T07:48:40.978+0000] {logging_mixin.py:188} INFO - [2024-07-07T07:48:40.977+0000] {dag.py:3096} INFO - Sync 1 DAGs
[2024-07-07T07:48:41.048+0000] {logging_mixin.py:188} INFO - [2024-07-07T07:48:41.047+0000] {dag.py:3954} INFO - Setting next_dagrun for example_python_operator to None, run_after=None
[2024-07-07T07:48:41.136+0000] {processor.py:183} INFO - Processing /home/airflow/.local/lib/python3.12/site-packages/airflow/example_dags/example_python_operator.py took 0.371 seconds
[2024-07-07T07:49:11.421+0000] {processor.py:161} INFO - Started process (PID=3911) to work on /home/airflow/.local/lib/python3.12/site-packages/airflow/example_dags/example_python_operator.py
[2024-07-07T07:49:11.427+0000] {processor.py:830} INFO - Processing file /home/airflow/.local/lib/python3.12/site-packages/airflow/example_dags/example_python_operator.py for tasks to queue
[2024-07-07T07:49:11.431+0000] {logging_mixin.py:188} INFO - [2024-07-07T07:49:11.430+0000] {dagbag.py:545} INFO - Filling up the DagBag from /home/airflow/.local/lib/python3.12/site-packages/airflow/example_dags/example_python_operator.py
[2024-07-07T07:49:11.481+0000] {processor.py:840} INFO - DAG(s) 'example_python_operator' retrieved from /home/airflow/.local/lib/python3.12/site-packages/airflow/example_dags/example_python_operator.py
[2024-07-07T07:49:11.593+0000] {logging_mixin.py:188} INFO - [2024-07-07T07:49:11.592+0000] {dag.py:3096} INFO - Sync 1 DAGs
[2024-07-07T07:49:11.684+0000] {logging_mixin.py:188} INFO - [2024-07-07T07:49:11.684+0000] {dag.py:3954} INFO - Setting next_dagrun for example_python_operator to None, run_after=None
[2024-07-07T07:49:11.734+0000] {processor.py:183} INFO - Processing /home/airflow/.local/lib/python3.12/site-packages/airflow/example_dags/example_python_operator.py took 0.341 seconds
[2024-07-07T07:49:42.036+0000] {processor.py:161} INFO - Started process (PID=3971) to work on /home/airflow/.local/lib/python3.12/site-packages/airflow/example_dags/example_python_operator.py
[2024-07-07T07:49:42.038+0000] {processor.py:830} INFO - Processing file /home/airflow/.local/lib/python3.12/site-packages/airflow/example_dags/example_python_operator.py for tasks to queue
[2024-07-07T07:49:42.041+0000] {logging_mixin.py:188} INFO - [2024-07-07T07:49:42.040+0000] {dagbag.py:545} INFO - Filling up the DagBag from /home/airflow/.local/lib/python3.12/site-packages/airflow/example_dags/example_python_operator.py
[2024-07-07T07:49:42.070+0000] {processor.py:840} INFO - DAG(s) 'example_python_operator' retrieved from /home/airflow/.local/lib/python3.12/site-packages/airflow/example_dags/example_python_operator.py
[2024-07-07T07:49:42.124+0000] {logging_mixin.py:188} INFO - [2024-07-07T07:49:42.123+0000] {dag.py:3096} INFO - Sync 1 DAGs
[2024-07-07T07:49:42.157+0000] {logging_mixin.py:188} INFO - [2024-07-07T07:49:42.156+0000] {dag.py:3954} INFO - Setting next_dagrun for example_python_operator to None, run_after=None
[2024-07-07T07:49:42.190+0000] {processor.py:183} INFO - Processing /home/airflow/.local/lib/python3.12/site-packages/airflow/example_dags/example_python_operator.py took 0.168 seconds
[2024-07-07T07:50:12.746+0000] {processor.py:161} INFO - Started process (PID=4030) to work on /home/airflow/.local/lib/python3.12/site-packages/airflow/example_dags/example_python_operator.py
[2024-07-07T07:50:12.748+0000] {processor.py:830} INFO - Processing file /home/airflow/.local/lib/python3.12/site-packages/airflow/example_dags/example_python_operator.py for tasks to queue
[2024-07-07T07:50:12.750+0000] {logging_mixin.py:188} INFO - [2024-07-07T07:50:12.749+0000] {dagbag.py:545} INFO - Filling up the DagBag from /home/airflow/.local/lib/python3.12/site-packages/airflow/example_dags/example_python_operator.py
[2024-07-07T07:50:12.771+0000] {processor.py:840} INFO - DAG(s) 'example_python_operator' retrieved from /home/airflow/.local/lib/python3.12/site-packages/airflow/example_dags/example_python_operator.py
[2024-07-07T07:50:12.810+0000] {logging_mixin.py:188} INFO - [2024-07-07T07:50:12.810+0000] {dag.py:3096} INFO - Sync 1 DAGs
[2024-07-07T07:50:12.831+0000] {logging_mixin.py:188} INFO - [2024-07-07T07:50:12.831+0000] {dag.py:3954} INFO - Setting next_dagrun for example_python_operator to None, run_after=None
[2024-07-07T07:50:12.861+0000] {processor.py:183} INFO - Processing /home/airflow/.local/lib/python3.12/site-packages/airflow/example_dags/example_python_operator.py took 0.126 seconds
[2024-07-07T07:50:43.506+0000] {processor.py:161} INFO - Started process (PID=4089) to work on /home/airflow/.local/lib/python3.12/site-packages/airflow/example_dags/example_python_operator.py
[2024-07-07T07:50:43.507+0000] {processor.py:830} INFO - Processing file /home/airflow/.local/lib/python3.12/site-packages/airflow/example_dags/example_python_operator.py for tasks to queue
[2024-07-07T07:50:43.509+0000] {logging_mixin.py:188} INFO - [2024-07-07T07:50:43.508+0000] {dagbag.py:545} INFO - Filling up the DagBag from /home/airflow/.local/lib/python3.12/site-packages/airflow/example_dags/example_python_operator.py
[2024-07-07T07:50:43.523+0000] {processor.py:840} INFO - DAG(s) 'example_python_operator' retrieved from /home/airflow/.local/lib/python3.12/site-packages/airflow/example_dags/example_python_operator.py
[2024-07-07T07:50:43.560+0000] {logging_mixin.py:188} INFO - [2024-07-07T07:50:43.560+0000] {dag.py:3096} INFO - Sync 1 DAGs
[2024-07-07T07:50:43.582+0000] {logging_mixin.py:188} INFO - [2024-07-07T07:50:43.582+0000] {dag.py:3954} INFO - Setting next_dagrun for example_python_operator to None, run_after=None
[2024-07-07T07:50:43.614+0000] {processor.py:183} INFO - Processing /home/airflow/.local/lib/python3.12/site-packages/airflow/example_dags/example_python_operator.py took 0.118 seconds
[2024-07-07T07:51:13.730+0000] {processor.py:161} INFO - Started process (PID=4149) to work on /home/airflow/.local/lib/python3.12/site-packages/airflow/example_dags/example_python_operator.py
[2024-07-07T07:51:13.732+0000] {processor.py:830} INFO - Processing file /home/airflow/.local/lib/python3.12/site-packages/airflow/example_dags/example_python_operator.py for tasks to queue
[2024-07-07T07:51:13.734+0000] {logging_mixin.py:188} INFO - [2024-07-07T07:51:13.733+0000] {dagbag.py:545} INFO - Filling up the DagBag from /home/airflow/.local/lib/python3.12/site-packages/airflow/example_dags/example_python_operator.py
[2024-07-07T07:51:13.751+0000] {processor.py:840} INFO - DAG(s) 'example_python_operator' retrieved from /home/airflow/.local/lib/python3.12/site-packages/airflow/example_dags/example_python_operator.py
[2024-07-07T07:51:13.789+0000] {logging_mixin.py:188} INFO - [2024-07-07T07:51:13.789+0000] {dag.py:3096} INFO - Sync 1 DAGs
[2024-07-07T07:51:13.816+0000] {logging_mixin.py:188} INFO - [2024-07-07T07:51:13.816+0000] {dag.py:3954} INFO - Setting next_dagrun for example_python_operator to None, run_after=None
[2024-07-07T07:51:13.847+0000] {processor.py:183} INFO - Processing /home/airflow/.local/lib/python3.12/site-packages/airflow/example_dags/example_python_operator.py took 0.129 seconds
[2024-07-07T07:51:44.229+0000] {processor.py:161} INFO - Started process (PID=4207) to work on /home/airflow/.local/lib/python3.12/site-packages/airflow/example_dags/example_python_operator.py
[2024-07-07T07:51:44.231+0000] {processor.py:830} INFO - Processing file /home/airflow/.local/lib/python3.12/site-packages/airflow/example_dags/example_python_operator.py for tasks to queue
[2024-07-07T07:51:44.234+0000] {logging_mixin.py:188} INFO - [2024-07-07T07:51:44.233+0000] {dagbag.py:545} INFO - Filling up the DagBag from /home/airflow/.local/lib/python3.12/site-packages/airflow/example_dags/example_python_operator.py
[2024-07-07T07:51:44.263+0000] {processor.py:840} INFO - DAG(s) 'example_python_operator' retrieved from /home/airflow/.local/lib/python3.12/site-packages/airflow/example_dags/example_python_operator.py
[2024-07-07T07:51:44.325+0000] {logging_mixin.py:188} INFO - [2024-07-07T07:51:44.324+0000] {dag.py:3096} INFO - Sync 1 DAGs
[2024-07-07T07:51:44.354+0000] {logging_mixin.py:188} INFO - [2024-07-07T07:51:44.353+0000] {dag.py:3954} INFO - Setting next_dagrun for example_python_operator to None, run_after=None
[2024-07-07T07:51:44.400+0000] {processor.py:183} INFO - Processing /home/airflow/.local/lib/python3.12/site-packages/airflow/example_dags/example_python_operator.py took 0.189 seconds
[2024-07-07T07:52:14.661+0000] {processor.py:161} INFO - Started process (PID=4267) to work on /home/airflow/.local/lib/python3.12/site-packages/airflow/example_dags/example_python_operator.py
[2024-07-07T07:52:14.662+0000] {processor.py:830} INFO - Processing file /home/airflow/.local/lib/python3.12/site-packages/airflow/example_dags/example_python_operator.py for tasks to queue
[2024-07-07T07:52:14.664+0000] {logging_mixin.py:188} INFO - [2024-07-07T07:52:14.664+0000] {dagbag.py:545} INFO - Filling up the DagBag from /home/airflow/.local/lib/python3.12/site-packages/airflow/example_dags/example_python_operator.py
[2024-07-07T07:52:14.679+0000] {processor.py:840} INFO - DAG(s) 'example_python_operator' retrieved from /home/airflow/.local/lib/python3.12/site-packages/airflow/example_dags/example_python_operator.py
[2024-07-07T07:52:14.711+0000] {logging_mixin.py:188} INFO - [2024-07-07T07:52:14.711+0000] {dag.py:3096} INFO - Sync 1 DAGs
[2024-07-07T07:52:14.728+0000] {logging_mixin.py:188} INFO - [2024-07-07T07:52:14.728+0000] {dag.py:3954} INFO - Setting next_dagrun for example_python_operator to None, run_after=None
[2024-07-07T07:52:14.755+0000] {processor.py:183} INFO - Processing /home/airflow/.local/lib/python3.12/site-packages/airflow/example_dags/example_python_operator.py took 0.102 seconds
[2024-07-07T07:52:44.891+0000] {processor.py:161} INFO - Started process (PID=4327) to work on /home/airflow/.local/lib/python3.12/site-packages/airflow/example_dags/example_python_operator.py
[2024-07-07T07:52:44.893+0000] {processor.py:830} INFO - Processing file /home/airflow/.local/lib/python3.12/site-packages/airflow/example_dags/example_python_operator.py for tasks to queue
[2024-07-07T07:52:44.895+0000] {logging_mixin.py:188} INFO - [2024-07-07T07:52:44.894+0000] {dagbag.py:545} INFO - Filling up the DagBag from /home/airflow/.local/lib/python3.12/site-packages/airflow/example_dags/example_python_operator.py
[2024-07-07T07:52:44.912+0000] {processor.py:840} INFO - DAG(s) 'example_python_operator' retrieved from /home/airflow/.local/lib/python3.12/site-packages/airflow/example_dags/example_python_operator.py
[2024-07-07T07:52:44.943+0000] {logging_mixin.py:188} INFO - [2024-07-07T07:52:44.943+0000] {dag.py:3096} INFO - Sync 1 DAGs
[2024-07-07T07:52:44.959+0000] {logging_mixin.py:188} INFO - [2024-07-07T07:52:44.959+0000] {dag.py:3954} INFO - Setting next_dagrun for example_python_operator to None, run_after=None
[2024-07-07T07:52:44.992+0000] {processor.py:183} INFO - Processing /home/airflow/.local/lib/python3.12/site-packages/airflow/example_dags/example_python_operator.py took 0.109 seconds
[2024-07-07T07:53:15.403+0000] {processor.py:161} INFO - Started process (PID=4387) to work on /home/airflow/.local/lib/python3.12/site-packages/airflow/example_dags/example_python_operator.py
[2024-07-07T07:53:15.404+0000] {processor.py:830} INFO - Processing file /home/airflow/.local/lib/python3.12/site-packages/airflow/example_dags/example_python_operator.py for tasks to queue
[2024-07-07T07:53:15.406+0000] {logging_mixin.py:188} INFO - [2024-07-07T07:53:15.406+0000] {dagbag.py:545} INFO - Filling up the DagBag from /home/airflow/.local/lib/python3.12/site-packages/airflow/example_dags/example_python_operator.py
[2024-07-07T07:53:15.424+0000] {processor.py:840} INFO - DAG(s) 'example_python_operator' retrieved from /home/airflow/.local/lib/python3.12/site-packages/airflow/example_dags/example_python_operator.py
[2024-07-07T07:53:15.461+0000] {logging_mixin.py:188} INFO - [2024-07-07T07:53:15.460+0000] {dag.py:3096} INFO - Sync 1 DAGs
[2024-07-07T07:53:15.479+0000] {logging_mixin.py:188} INFO - [2024-07-07T07:53:15.478+0000] {dag.py:3954} INFO - Setting next_dagrun for example_python_operator to None, run_after=None
[2024-07-07T07:53:15.507+0000] {processor.py:183} INFO - Processing /home/airflow/.local/lib/python3.12/site-packages/airflow/example_dags/example_python_operator.py took 0.113 seconds
[2024-07-07T07:53:45.967+0000] {processor.py:161} INFO - Started process (PID=4447) to work on /home/airflow/.local/lib/python3.12/site-packages/airflow/example_dags/example_python_operator.py
[2024-07-07T07:53:45.968+0000] {processor.py:830} INFO - Processing file /home/airflow/.local/lib/python3.12/site-packages/airflow/example_dags/example_python_operator.py for tasks to queue
[2024-07-07T07:53:45.970+0000] {logging_mixin.py:188} INFO - [2024-07-07T07:53:45.970+0000] {dagbag.py:545} INFO - Filling up the DagBag from /home/airflow/.local/lib/python3.12/site-packages/airflow/example_dags/example_python_operator.py
[2024-07-07T07:53:45.992+0000] {processor.py:840} INFO - DAG(s) 'example_python_operator' retrieved from /home/airflow/.local/lib/python3.12/site-packages/airflow/example_dags/example_python_operator.py
[2024-07-07T07:53:46.047+0000] {logging_mixin.py:188} INFO - [2024-07-07T07:53:46.047+0000] {dag.py:3096} INFO - Sync 1 DAGs
[2024-07-07T07:53:46.066+0000] {logging_mixin.py:188} INFO - [2024-07-07T07:53:46.066+0000] {dag.py:3954} INFO - Setting next_dagrun for example_python_operator to None, run_after=None
[2024-07-07T07:53:46.101+0000] {processor.py:183} INFO - Processing /home/airflow/.local/lib/python3.12/site-packages/airflow/example_dags/example_python_operator.py took 0.143 seconds
[2024-07-07T07:54:16.799+0000] {processor.py:161} INFO - Started process (PID=4507) to work on /home/airflow/.local/lib/python3.12/site-packages/airflow/example_dags/example_python_operator.py
[2024-07-07T07:54:16.800+0000] {processor.py:830} INFO - Processing file /home/airflow/.local/lib/python3.12/site-packages/airflow/example_dags/example_python_operator.py for tasks to queue
[2024-07-07T07:54:16.803+0000] {logging_mixin.py:188} INFO - [2024-07-07T07:54:16.802+0000] {dagbag.py:545} INFO - Filling up the DagBag from /home/airflow/.local/lib/python3.12/site-packages/airflow/example_dags/example_python_operator.py
[2024-07-07T07:54:16.828+0000] {processor.py:840} INFO - DAG(s) 'example_python_operator' retrieved from /home/airflow/.local/lib/python3.12/site-packages/airflow/example_dags/example_python_operator.py
[2024-07-07T07:54:16.871+0000] {logging_mixin.py:188} INFO - [2024-07-07T07:54:16.871+0000] {dag.py:3096} INFO - Sync 1 DAGs
[2024-07-07T07:54:16.897+0000] {logging_mixin.py:188} INFO - [2024-07-07T07:54:16.897+0000] {dag.py:3954} INFO - Setting next_dagrun for example_python_operator to None, run_after=None
[2024-07-07T07:54:16.949+0000] {processor.py:183} INFO - Processing /home/airflow/.local/lib/python3.12/site-packages/airflow/example_dags/example_python_operator.py took 0.166 seconds
[2024-07-07T07:54:47.236+0000] {processor.py:161} INFO - Started process (PID=4567) to work on /home/airflow/.local/lib/python3.12/site-packages/airflow/example_dags/example_python_operator.py
[2024-07-07T07:54:47.238+0000] {processor.py:830} INFO - Processing file /home/airflow/.local/lib/python3.12/site-packages/airflow/example_dags/example_python_operator.py for tasks to queue
[2024-07-07T07:54:47.239+0000] {logging_mixin.py:188} INFO - [2024-07-07T07:54:47.239+0000] {dagbag.py:545} INFO - Filling up the DagBag from /home/airflow/.local/lib/python3.12/site-packages/airflow/example_dags/example_python_operator.py
[2024-07-07T07:54:47.257+0000] {processor.py:840} INFO - DAG(s) 'example_python_operator' retrieved from /home/airflow/.local/lib/python3.12/site-packages/airflow/example_dags/example_python_operator.py
[2024-07-07T07:54:47.294+0000] {logging_mixin.py:188} INFO - [2024-07-07T07:54:47.293+0000] {dag.py:3096} INFO - Sync 1 DAGs
[2024-07-07T07:54:47.315+0000] {logging_mixin.py:188} INFO - [2024-07-07T07:54:47.314+0000] {dag.py:3954} INFO - Setting next_dagrun for example_python_operator to None, run_after=None
[2024-07-07T07:54:47.347+0000] {processor.py:183} INFO - Processing /home/airflow/.local/lib/python3.12/site-packages/airflow/example_dags/example_python_operator.py took 0.122 seconds
[2024-07-07T07:55:17.690+0000] {processor.py:161} INFO - Started process (PID=4627) to work on /home/airflow/.local/lib/python3.12/site-packages/airflow/example_dags/example_python_operator.py
[2024-07-07T07:55:17.692+0000] {processor.py:830} INFO - Processing file /home/airflow/.local/lib/python3.12/site-packages/airflow/example_dags/example_python_operator.py for tasks to queue
[2024-07-07T07:55:17.694+0000] {logging_mixin.py:188} INFO - [2024-07-07T07:55:17.693+0000] {dagbag.py:545} INFO - Filling up the DagBag from /home/airflow/.local/lib/python3.12/site-packages/airflow/example_dags/example_python_operator.py
[2024-07-07T07:55:17.711+0000] {processor.py:840} INFO - DAG(s) 'example_python_operator' retrieved from /home/airflow/.local/lib/python3.12/site-packages/airflow/example_dags/example_python_operator.py
[2024-07-07T07:55:17.745+0000] {logging_mixin.py:188} INFO - [2024-07-07T07:55:17.745+0000] {dag.py:3096} INFO - Sync 1 DAGs
[2024-07-07T07:55:17.762+0000] {logging_mixin.py:188} INFO - [2024-07-07T07:55:17.762+0000] {dag.py:3954} INFO - Setting next_dagrun for example_python_operator to None, run_after=None
[2024-07-07T07:55:17.790+0000] {processor.py:183} INFO - Processing /home/airflow/.local/lib/python3.12/site-packages/airflow/example_dags/example_python_operator.py took 0.110 seconds
[2024-07-07T07:55:48.550+0000] {processor.py:161} INFO - Started process (PID=4687) to work on /home/airflow/.local/lib/python3.12/site-packages/airflow/example_dags/example_python_operator.py
[2024-07-07T07:55:48.552+0000] {processor.py:830} INFO - Processing file /home/airflow/.local/lib/python3.12/site-packages/airflow/example_dags/example_python_operator.py for tasks to queue
[2024-07-07T07:55:48.554+0000] {logging_mixin.py:188} INFO - [2024-07-07T07:55:48.553+0000] {dagbag.py:545} INFO - Filling up the DagBag from /home/airflow/.local/lib/python3.12/site-packages/airflow/example_dags/example_python_operator.py
[2024-07-07T07:55:48.569+0000] {processor.py:840} INFO - DAG(s) 'example_python_operator' retrieved from /home/airflow/.local/lib/python3.12/site-packages/airflow/example_dags/example_python_operator.py
[2024-07-07T07:55:48.603+0000] {logging_mixin.py:188} INFO - [2024-07-07T07:55:48.603+0000] {dag.py:3096} INFO - Sync 1 DAGs
[2024-07-07T07:55:48.620+0000] {logging_mixin.py:188} INFO - [2024-07-07T07:55:48.619+0000] {dag.py:3954} INFO - Setting next_dagrun for example_python_operator to None, run_after=None
[2024-07-07T07:55:48.645+0000] {processor.py:183} INFO - Processing /home/airflow/.local/lib/python3.12/site-packages/airflow/example_dags/example_python_operator.py took 0.103 seconds
[2024-07-07T07:56:18.818+0000] {processor.py:161} INFO - Started process (PID=4747) to work on /home/airflow/.local/lib/python3.12/site-packages/airflow/example_dags/example_python_operator.py
[2024-07-07T07:56:18.819+0000] {processor.py:830} INFO - Processing file /home/airflow/.local/lib/python3.12/site-packages/airflow/example_dags/example_python_operator.py for tasks to queue
[2024-07-07T07:56:18.821+0000] {logging_mixin.py:188} INFO - [2024-07-07T07:56:18.821+0000] {dagbag.py:545} INFO - Filling up the DagBag from /home/airflow/.local/lib/python3.12/site-packages/airflow/example_dags/example_python_operator.py
[2024-07-07T07:56:18.836+0000] {processor.py:840} INFO - DAG(s) 'example_python_operator' retrieved from /home/airflow/.local/lib/python3.12/site-packages/airflow/example_dags/example_python_operator.py
[2024-07-07T07:56:18.869+0000] {logging_mixin.py:188} INFO - [2024-07-07T07:56:18.868+0000] {dag.py:3096} INFO - Sync 1 DAGs
[2024-07-07T07:56:18.885+0000] {logging_mixin.py:188} INFO - [2024-07-07T07:56:18.885+0000] {dag.py:3954} INFO - Setting next_dagrun for example_python_operator to None, run_after=None
[2024-07-07T07:56:18.921+0000] {processor.py:183} INFO - Processing /home/airflow/.local/lib/python3.12/site-packages/airflow/example_dags/example_python_operator.py took 0.111 seconds
[2024-07-07T07:56:49.186+0000] {processor.py:161} INFO - Started process (PID=4807) to work on /home/airflow/.local/lib/python3.12/site-packages/airflow/example_dags/example_python_operator.py
[2024-07-07T07:56:49.188+0000] {processor.py:830} INFO - Processing file /home/airflow/.local/lib/python3.12/site-packages/airflow/example_dags/example_python_operator.py for tasks to queue
[2024-07-07T07:56:49.189+0000] {logging_mixin.py:188} INFO - [2024-07-07T07:56:49.189+0000] {dagbag.py:545} INFO - Filling up the DagBag from /home/airflow/.local/lib/python3.12/site-packages/airflow/example_dags/example_python_operator.py
[2024-07-07T07:56:49.205+0000] {processor.py:840} INFO - DAG(s) 'example_python_operator' retrieved from /home/airflow/.local/lib/python3.12/site-packages/airflow/example_dags/example_python_operator.py
[2024-07-07T07:56:49.237+0000] {logging_mixin.py:188} INFO - [2024-07-07T07:56:49.236+0000] {dag.py:3096} INFO - Sync 1 DAGs
[2024-07-07T07:56:49.254+0000] {logging_mixin.py:188} INFO - [2024-07-07T07:56:49.254+0000] {dag.py:3954} INFO - Setting next_dagrun for example_python_operator to None, run_after=None
[2024-07-07T07:56:49.286+0000] {processor.py:183} INFO - Processing /home/airflow/.local/lib/python3.12/site-packages/airflow/example_dags/example_python_operator.py took 0.109 seconds
[2024-07-07T07:57:19.967+0000] {processor.py:161} INFO - Started process (PID=4867) to work on /home/airflow/.local/lib/python3.12/site-packages/airflow/example_dags/example_python_operator.py
[2024-07-07T07:57:19.969+0000] {processor.py:830} INFO - Processing file /home/airflow/.local/lib/python3.12/site-packages/airflow/example_dags/example_python_operator.py for tasks to queue
[2024-07-07T07:57:19.972+0000] {logging_mixin.py:188} INFO - [2024-07-07T07:57:19.971+0000] {dagbag.py:545} INFO - Filling up the DagBag from /home/airflow/.local/lib/python3.12/site-packages/airflow/example_dags/example_python_operator.py
[2024-07-07T07:57:19.991+0000] {processor.py:840} INFO - DAG(s) 'example_python_operator' retrieved from /home/airflow/.local/lib/python3.12/site-packages/airflow/example_dags/example_python_operator.py
[2024-07-07T07:57:20.024+0000] {logging_mixin.py:188} INFO - [2024-07-07T07:57:20.024+0000] {dag.py:3096} INFO - Sync 1 DAGs
[2024-07-07T07:57:20.041+0000] {logging_mixin.py:188} INFO - [2024-07-07T07:57:20.041+0000] {dag.py:3954} INFO - Setting next_dagrun for example_python_operator to None, run_after=None
[2024-07-07T07:57:20.068+0000] {processor.py:183} INFO - Processing /home/airflow/.local/lib/python3.12/site-packages/airflow/example_dags/example_python_operator.py took 0.111 seconds
[2024-07-07T07:57:50.275+0000] {processor.py:161} INFO - Started process (PID=4927) to work on /home/airflow/.local/lib/python3.12/site-packages/airflow/example_dags/example_python_operator.py
[2024-07-07T07:57:50.278+0000] {processor.py:830} INFO - Processing file /home/airflow/.local/lib/python3.12/site-packages/airflow/example_dags/example_python_operator.py for tasks to queue
[2024-07-07T07:57:50.280+0000] {logging_mixin.py:188} INFO - [2024-07-07T07:57:50.279+0000] {dagbag.py:545} INFO - Filling up the DagBag from /home/airflow/.local/lib/python3.12/site-packages/airflow/example_dags/example_python_operator.py
[2024-07-07T07:57:50.306+0000] {processor.py:840} INFO - DAG(s) 'example_python_operator' retrieved from /home/airflow/.local/lib/python3.12/site-packages/airflow/example_dags/example_python_operator.py
[2024-07-07T07:57:50.367+0000] {logging_mixin.py:188} INFO - [2024-07-07T07:57:50.367+0000] {dag.py:3096} INFO - Sync 1 DAGs
[2024-07-07T07:57:50.385+0000] {logging_mixin.py:188} INFO - [2024-07-07T07:57:50.385+0000] {dag.py:3954} INFO - Setting next_dagrun for example_python_operator to None, run_after=None
[2024-07-07T07:57:50.413+0000] {processor.py:183} INFO - Processing /home/airflow/.local/lib/python3.12/site-packages/airflow/example_dags/example_python_operator.py took 0.150 seconds
[2024-07-07T07:58:20.632+0000] {processor.py:161} INFO - Started process (PID=4987) to work on /home/airflow/.local/lib/python3.12/site-packages/airflow/example_dags/example_python_operator.py
[2024-07-07T07:58:20.634+0000] {processor.py:830} INFO - Processing file /home/airflow/.local/lib/python3.12/site-packages/airflow/example_dags/example_python_operator.py for tasks to queue
[2024-07-07T07:58:20.635+0000] {logging_mixin.py:188} INFO - [2024-07-07T07:58:20.635+0000] {dagbag.py:545} INFO - Filling up the DagBag from /home/airflow/.local/lib/python3.12/site-packages/airflow/example_dags/example_python_operator.py
[2024-07-07T07:58:20.650+0000] {processor.py:840} INFO - DAG(s) 'example_python_operator' retrieved from /home/airflow/.local/lib/python3.12/site-packages/airflow/example_dags/example_python_operator.py
[2024-07-07T07:58:20.684+0000] {logging_mixin.py:188} INFO - [2024-07-07T07:58:20.684+0000] {dag.py:3096} INFO - Sync 1 DAGs
[2024-07-07T07:58:20.700+0000] {logging_mixin.py:188} INFO - [2024-07-07T07:58:20.700+0000] {dag.py:3954} INFO - Setting next_dagrun for example_python_operator to None, run_after=None
[2024-07-07T07:58:20.731+0000] {processor.py:183} INFO - Processing /home/airflow/.local/lib/python3.12/site-packages/airflow/example_dags/example_python_operator.py took 0.107 seconds
[2024-07-07T07:58:51.370+0000] {processor.py:161} INFO - Started process (PID=5047) to work on /home/airflow/.local/lib/python3.12/site-packages/airflow/example_dags/example_python_operator.py
[2024-07-07T07:58:51.372+0000] {processor.py:830} INFO - Processing file /home/airflow/.local/lib/python3.12/site-packages/airflow/example_dags/example_python_operator.py for tasks to queue
[2024-07-07T07:58:51.373+0000] {logging_mixin.py:188} INFO - [2024-07-07T07:58:51.373+0000] {dagbag.py:545} INFO - Filling up the DagBag from /home/airflow/.local/lib/python3.12/site-packages/airflow/example_dags/example_python_operator.py
[2024-07-07T07:58:51.389+0000] {processor.py:840} INFO - DAG(s) 'example_python_operator' retrieved from /home/airflow/.local/lib/python3.12/site-packages/airflow/example_dags/example_python_operator.py
[2024-07-07T07:58:51.424+0000] {logging_mixin.py:188} INFO - [2024-07-07T07:58:51.424+0000] {dag.py:3096} INFO - Sync 1 DAGs
[2024-07-07T07:58:51.443+0000] {logging_mixin.py:188} INFO - [2024-07-07T07:58:51.443+0000] {dag.py:3954} INFO - Setting next_dagrun for example_python_operator to None, run_after=None
[2024-07-07T07:58:51.478+0000] {processor.py:183} INFO - Processing /home/airflow/.local/lib/python3.12/site-packages/airflow/example_dags/example_python_operator.py took 0.120 seconds
[2024-07-07T07:59:22.178+0000] {processor.py:161} INFO - Started process (PID=5107) to work on /home/airflow/.local/lib/python3.12/site-packages/airflow/example_dags/example_python_operator.py
[2024-07-07T07:59:22.180+0000] {processor.py:830} INFO - Processing file /home/airflow/.local/lib/python3.12/site-packages/airflow/example_dags/example_python_operator.py for tasks to queue
[2024-07-07T07:59:22.182+0000] {logging_mixin.py:188} INFO - [2024-07-07T07:59:22.181+0000] {dagbag.py:545} INFO - Filling up the DagBag from /home/airflow/.local/lib/python3.12/site-packages/airflow/example_dags/example_python_operator.py
[2024-07-07T07:59:22.201+0000] {processor.py:840} INFO - DAG(s) 'example_python_operator' retrieved from /home/airflow/.local/lib/python3.12/site-packages/airflow/example_dags/example_python_operator.py
[2024-07-07T07:59:22.237+0000] {logging_mixin.py:188} INFO - [2024-07-07T07:59:22.236+0000] {dag.py:3096} INFO - Sync 1 DAGs
[2024-07-07T07:59:22.256+0000] {logging_mixin.py:188} INFO - [2024-07-07T07:59:22.255+0000] {dag.py:3954} INFO - Setting next_dagrun for example_python_operator to None, run_after=None
[2024-07-07T07:59:22.291+0000] {processor.py:183} INFO - Processing /home/airflow/.local/lib/python3.12/site-packages/airflow/example_dags/example_python_operator.py took 0.122 seconds
[2024-07-07T07:59:53.008+0000] {processor.py:161} INFO - Started process (PID=5167) to work on /home/airflow/.local/lib/python3.12/site-packages/airflow/example_dags/example_python_operator.py
[2024-07-07T07:59:53.010+0000] {processor.py:830} INFO - Processing file /home/airflow/.local/lib/python3.12/site-packages/airflow/example_dags/example_python_operator.py for tasks to queue
[2024-07-07T07:59:53.011+0000] {logging_mixin.py:188} INFO - [2024-07-07T07:59:53.011+0000] {dagbag.py:545} INFO - Filling up the DagBag from /home/airflow/.local/lib/python3.12/site-packages/airflow/example_dags/example_python_operator.py
[2024-07-07T07:59:53.029+0000] {processor.py:840} INFO - DAG(s) 'example_python_operator' retrieved from /home/airflow/.local/lib/python3.12/site-packages/airflow/example_dags/example_python_operator.py
[2024-07-07T07:59:53.062+0000] {logging_mixin.py:188} INFO - [2024-07-07T07:59:53.062+0000] {dag.py:3096} INFO - Sync 1 DAGs
[2024-07-07T07:59:53.079+0000] {logging_mixin.py:188} INFO - [2024-07-07T07:59:53.079+0000] {dag.py:3954} INFO - Setting next_dagrun for example_python_operator to None, run_after=None
[2024-07-07T07:59:53.105+0000] {processor.py:183} INFO - Processing /home/airflow/.local/lib/python3.12/site-packages/airflow/example_dags/example_python_operator.py took 0.107 seconds
[2024-07-07T08:00:24.242+0000] {processor.py:161} INFO - Started process (PID=5227) to work on /home/airflow/.local/lib/python3.12/site-packages/airflow/example_dags/example_python_operator.py
[2024-07-07T08:00:24.243+0000] {processor.py:830} INFO - Processing file /home/airflow/.local/lib/python3.12/site-packages/airflow/example_dags/example_python_operator.py for tasks to queue
[2024-07-07T08:00:24.245+0000] {logging_mixin.py:188} INFO - [2024-07-07T08:00:24.245+0000] {dagbag.py:545} INFO - Filling up the DagBag from /home/airflow/.local/lib/python3.12/site-packages/airflow/example_dags/example_python_operator.py
[2024-07-07T08:00:24.264+0000] {processor.py:840} INFO - DAG(s) 'example_python_operator' retrieved from /home/airflow/.local/lib/python3.12/site-packages/airflow/example_dags/example_python_operator.py
[2024-07-07T08:00:24.306+0000] {logging_mixin.py:188} INFO - [2024-07-07T08:00:24.305+0000] {dag.py:3096} INFO - Sync 1 DAGs
[2024-07-07T08:00:24.330+0000] {logging_mixin.py:188} INFO - [2024-07-07T08:00:24.329+0000] {dag.py:3954} INFO - Setting next_dagrun for example_python_operator to None, run_after=None
[2024-07-07T08:00:24.380+0000] {processor.py:183} INFO - Processing /home/airflow/.local/lib/python3.12/site-packages/airflow/example_dags/example_python_operator.py took 0.150 seconds
[2024-07-07T08:05:23.788+0000] {processor.py:161} INFO - Started process (PID=5293) to work on /home/airflow/.local/lib/python3.12/site-packages/airflow/example_dags/example_python_operator.py
[2024-07-07T08:05:23.800+0000] {processor.py:830} INFO - Processing file /home/airflow/.local/lib/python3.12/site-packages/airflow/example_dags/example_python_operator.py for tasks to queue
[2024-07-07T08:05:23.802+0000] {logging_mixin.py:188} INFO - [2024-07-07T08:05:23.801+0000] {dagbag.py:545} INFO - Filling up the DagBag from /home/airflow/.local/lib/python3.12/site-packages/airflow/example_dags/example_python_operator.py
[2024-07-07T08:05:23.856+0000] {processor.py:840} INFO - DAG(s) 'example_python_operator' retrieved from /home/airflow/.local/lib/python3.12/site-packages/airflow/example_dags/example_python_operator.py
[2024-07-07T08:05:23.931+0000] {logging_mixin.py:188} INFO - [2024-07-07T08:05:23.930+0000] {dag.py:3096} INFO - Sync 1 DAGs
[2024-07-07T08:05:23.973+0000] {logging_mixin.py:188} INFO - [2024-07-07T08:05:23.972+0000] {dag.py:3954} INFO - Setting next_dagrun for example_python_operator to None, run_after=None
[2024-07-07T08:05:24.023+0000] {processor.py:183} INFO - Processing /home/airflow/.local/lib/python3.12/site-packages/airflow/example_dags/example_python_operator.py took 0.257 seconds
[2024-07-07T08:05:54.257+0000] {processor.py:161} INFO - Started process (PID=5354) to work on /home/airflow/.local/lib/python3.12/site-packages/airflow/example_dags/example_python_operator.py
[2024-07-07T08:05:54.259+0000] {processor.py:830} INFO - Processing file /home/airflow/.local/lib/python3.12/site-packages/airflow/example_dags/example_python_operator.py for tasks to queue
[2024-07-07T08:05:54.260+0000] {logging_mixin.py:188} INFO - [2024-07-07T08:05:54.260+0000] {dagbag.py:545} INFO - Filling up the DagBag from /home/airflow/.local/lib/python3.12/site-packages/airflow/example_dags/example_python_operator.py
[2024-07-07T08:05:54.282+0000] {processor.py:840} INFO - DAG(s) 'example_python_operator' retrieved from /home/airflow/.local/lib/python3.12/site-packages/airflow/example_dags/example_python_operator.py
[2024-07-07T08:05:54.328+0000] {logging_mixin.py:188} INFO - [2024-07-07T08:05:54.327+0000] {dag.py:3096} INFO - Sync 1 DAGs
[2024-07-07T08:05:54.353+0000] {logging_mixin.py:188} INFO - [2024-07-07T08:05:54.352+0000] {dag.py:3954} INFO - Setting next_dagrun for example_python_operator to None, run_after=None
[2024-07-07T08:05:54.387+0000] {processor.py:183} INFO - Processing /home/airflow/.local/lib/python3.12/site-packages/airflow/example_dags/example_python_operator.py took 0.144 seconds
