[2024-07-07T00:00:11.681+0000] {processor.py:161} INFO - Started process (PID=2302) to work on /home/airflow/.local/lib/python3.12/site-packages/airflow/example_dags/example_branch_python_dop_operator_3.py
[2024-07-07T00:00:11.686+0000] {processor.py:830} INFO - Processing file /home/airflow/.local/lib/python3.12/site-packages/airflow/example_dags/example_branch_python_dop_operator_3.py for tasks to queue
[2024-07-07T00:00:11.700+0000] {logging_mixin.py:188} INFO - [2024-07-07T00:00:11.699+0000] {dagbag.py:545} INFO - Filling up the DagBag from /home/airflow/.local/lib/python3.12/site-packages/airflow/example_dags/example_branch_python_dop_operator_3.py
[2024-07-07T00:00:11.755+0000] {processor.py:840} INFO - DAG(s) 'example_branch_dop_operator_v3' retrieved from /home/airflow/.local/lib/python3.12/site-packages/airflow/example_dags/example_branch_python_dop_operator_3.py
[2024-07-07T00:00:11.851+0000] {logging_mixin.py:188} INFO - [2024-07-07T00:00:11.851+0000] {dag.py:3096} INFO - Sync 1 DAGs
[2024-07-07T00:00:12.002+0000] {logging_mixin.py:188} INFO - [2024-07-07T00:00:12.001+0000] {dag.py:3954} INFO - Setting next_dagrun for example_branch_dop_operator_v3 to 2024-07-06 23:59:00+00:00, run_after=2024-07-07 00:00:00+00:00
[2024-07-07T00:00:12.105+0000] {processor.py:183} INFO - Processing /home/airflow/.local/lib/python3.12/site-packages/airflow/example_dags/example_branch_python_dop_operator_3.py took 0.449 seconds
[2024-07-07T00:00:42.465+0000] {processor.py:161} INFO - Started process (PID=2361) to work on /home/airflow/.local/lib/python3.12/site-packages/airflow/example_dags/example_branch_python_dop_operator_3.py
[2024-07-07T00:00:42.468+0000] {processor.py:830} INFO - Processing file /home/airflow/.local/lib/python3.12/site-packages/airflow/example_dags/example_branch_python_dop_operator_3.py for tasks to queue
[2024-07-07T00:00:42.475+0000] {logging_mixin.py:188} INFO - [2024-07-07T00:00:42.474+0000] {dagbag.py:545} INFO - Filling up the DagBag from /home/airflow/.local/lib/python3.12/site-packages/airflow/example_dags/example_branch_python_dop_operator_3.py
[2024-07-07T00:00:42.503+0000] {processor.py:840} INFO - DAG(s) 'example_branch_dop_operator_v3' retrieved from /home/airflow/.local/lib/python3.12/site-packages/airflow/example_dags/example_branch_python_dop_operator_3.py
[2024-07-07T00:00:42.561+0000] {logging_mixin.py:188} INFO - [2024-07-07T00:00:42.561+0000] {dag.py:3096} INFO - Sync 1 DAGs
[2024-07-07T00:00:42.645+0000] {logging_mixin.py:188} INFO - [2024-07-07T00:00:42.645+0000] {dag.py:3954} INFO - Setting next_dagrun for example_branch_dop_operator_v3 to 2024-07-06 23:59:00+00:00, run_after=2024-07-07 00:00:00+00:00
[2024-07-07T00:00:42.710+0000] {processor.py:183} INFO - Processing /home/airflow/.local/lib/python3.12/site-packages/airflow/example_dags/example_branch_python_dop_operator_3.py took 0.269 seconds
[2024-07-07T00:01:12.991+0000] {processor.py:161} INFO - Started process (PID=2421) to work on /home/airflow/.local/lib/python3.12/site-packages/airflow/example_dags/example_branch_python_dop_operator_3.py
[2024-07-07T00:01:12.997+0000] {processor.py:830} INFO - Processing file /home/airflow/.local/lib/python3.12/site-packages/airflow/example_dags/example_branch_python_dop_operator_3.py for tasks to queue
[2024-07-07T00:01:13.009+0000] {logging_mixin.py:188} INFO - [2024-07-07T00:01:13.007+0000] {dagbag.py:545} INFO - Filling up the DagBag from /home/airflow/.local/lib/python3.12/site-packages/airflow/example_dags/example_branch_python_dop_operator_3.py
[2024-07-07T00:01:13.081+0000] {processor.py:840} INFO - DAG(s) 'example_branch_dop_operator_v3' retrieved from /home/airflow/.local/lib/python3.12/site-packages/airflow/example_dags/example_branch_python_dop_operator_3.py
[2024-07-07T00:01:13.202+0000] {logging_mixin.py:188} INFO - [2024-07-07T00:01:13.201+0000] {dag.py:3096} INFO - Sync 1 DAGs
[2024-07-07T00:01:13.357+0000] {logging_mixin.py:188} INFO - [2024-07-07T00:01:13.355+0000] {dag.py:3954} INFO - Setting next_dagrun for example_branch_dop_operator_v3 to 2024-07-07 00:00:00+00:00, run_after=2024-07-07 00:01:00+00:00
[2024-07-07T00:01:13.525+0000] {processor.py:183} INFO - Processing /home/airflow/.local/lib/python3.12/site-packages/airflow/example_dags/example_branch_python_dop_operator_3.py took 0.581 seconds
[2024-07-07T00:01:44.044+0000] {processor.py:161} INFO - Started process (PID=2481) to work on /home/airflow/.local/lib/python3.12/site-packages/airflow/example_dags/example_branch_python_dop_operator_3.py
[2024-07-07T00:01:44.047+0000] {processor.py:830} INFO - Processing file /home/airflow/.local/lib/python3.12/site-packages/airflow/example_dags/example_branch_python_dop_operator_3.py for tasks to queue
[2024-07-07T00:01:44.054+0000] {logging_mixin.py:188} INFO - [2024-07-07T00:01:44.051+0000] {dagbag.py:545} INFO - Filling up the DagBag from /home/airflow/.local/lib/python3.12/site-packages/airflow/example_dags/example_branch_python_dop_operator_3.py
[2024-07-07T00:01:44.075+0000] {processor.py:840} INFO - DAG(s) 'example_branch_dop_operator_v3' retrieved from /home/airflow/.local/lib/python3.12/site-packages/airflow/example_dags/example_branch_python_dop_operator_3.py
[2024-07-07T00:01:44.112+0000] {logging_mixin.py:188} INFO - [2024-07-07T00:01:44.112+0000] {dag.py:3096} INFO - Sync 1 DAGs
[2024-07-07T00:01:44.188+0000] {logging_mixin.py:188} INFO - [2024-07-07T00:01:44.187+0000] {dag.py:3954} INFO - Setting next_dagrun for example_branch_dop_operator_v3 to 2024-07-07 00:00:00+00:00, run_after=2024-07-07 00:01:00+00:00
[2024-07-07T00:01:44.271+0000] {processor.py:183} INFO - Processing /home/airflow/.local/lib/python3.12/site-packages/airflow/example_dags/example_branch_python_dop_operator_3.py took 0.259 seconds
[2024-07-07T00:02:14.982+0000] {processor.py:161} INFO - Started process (PID=2541) to work on /home/airflow/.local/lib/python3.12/site-packages/airflow/example_dags/example_branch_python_dop_operator_3.py
[2024-07-07T00:02:14.987+0000] {processor.py:830} INFO - Processing file /home/airflow/.local/lib/python3.12/site-packages/airflow/example_dags/example_branch_python_dop_operator_3.py for tasks to queue
[2024-07-07T00:02:14.995+0000] {logging_mixin.py:188} INFO - [2024-07-07T00:02:14.994+0000] {dagbag.py:545} INFO - Filling up the DagBag from /home/airflow/.local/lib/python3.12/site-packages/airflow/example_dags/example_branch_python_dop_operator_3.py
[2024-07-07T00:02:15.020+0000] {processor.py:840} INFO - DAG(s) 'example_branch_dop_operator_v3' retrieved from /home/airflow/.local/lib/python3.12/site-packages/airflow/example_dags/example_branch_python_dop_operator_3.py
[2024-07-07T00:02:15.110+0000] {logging_mixin.py:188} INFO - [2024-07-07T00:02:15.109+0000] {dag.py:3096} INFO - Sync 1 DAGs
[2024-07-07T00:02:15.216+0000] {logging_mixin.py:188} INFO - [2024-07-07T00:02:15.216+0000] {dag.py:3954} INFO - Setting next_dagrun for example_branch_dop_operator_v3 to 2024-07-07 00:01:00+00:00, run_after=2024-07-07 00:02:00+00:00
[2024-07-07T00:02:15.276+0000] {processor.py:183} INFO - Processing /home/airflow/.local/lib/python3.12/site-packages/airflow/example_dags/example_branch_python_dop_operator_3.py took 0.337 seconds
[2024-07-07T00:02:45.608+0000] {processor.py:161} INFO - Started process (PID=2601) to work on /home/airflow/.local/lib/python3.12/site-packages/airflow/example_dags/example_branch_python_dop_operator_3.py
[2024-07-07T00:02:45.611+0000] {processor.py:830} INFO - Processing file /home/airflow/.local/lib/python3.12/site-packages/airflow/example_dags/example_branch_python_dop_operator_3.py for tasks to queue
[2024-07-07T00:02:45.622+0000] {logging_mixin.py:188} INFO - [2024-07-07T00:02:45.620+0000] {dagbag.py:545} INFO - Filling up the DagBag from /home/airflow/.local/lib/python3.12/site-packages/airflow/example_dags/example_branch_python_dop_operator_3.py
[2024-07-07T00:02:45.659+0000] {processor.py:840} INFO - DAG(s) 'example_branch_dop_operator_v3' retrieved from /home/airflow/.local/lib/python3.12/site-packages/airflow/example_dags/example_branch_python_dop_operator_3.py
[2024-07-07T00:02:45.723+0000] {logging_mixin.py:188} INFO - [2024-07-07T00:02:45.722+0000] {dag.py:3096} INFO - Sync 1 DAGs
[2024-07-07T00:02:45.809+0000] {logging_mixin.py:188} INFO - [2024-07-07T00:02:45.808+0000] {dag.py:3954} INFO - Setting next_dagrun for example_branch_dop_operator_v3 to 2024-07-07 00:01:00+00:00, run_after=2024-07-07 00:02:00+00:00
[2024-07-07T00:02:45.878+0000] {processor.py:183} INFO - Processing /home/airflow/.local/lib/python3.12/site-packages/airflow/example_dags/example_branch_python_dop_operator_3.py took 0.298 seconds
[2024-07-07T00:03:16.950+0000] {processor.py:161} INFO - Started process (PID=2662) to work on /home/airflow/.local/lib/python3.12/site-packages/airflow/example_dags/example_branch_python_dop_operator_3.py
[2024-07-07T00:03:16.954+0000] {processor.py:830} INFO - Processing file /home/airflow/.local/lib/python3.12/site-packages/airflow/example_dags/example_branch_python_dop_operator_3.py for tasks to queue
[2024-07-07T00:03:16.961+0000] {logging_mixin.py:188} INFO - [2024-07-07T00:03:16.960+0000] {dagbag.py:545} INFO - Filling up the DagBag from /home/airflow/.local/lib/python3.12/site-packages/airflow/example_dags/example_branch_python_dop_operator_3.py
[2024-07-07T00:03:16.992+0000] {processor.py:840} INFO - DAG(s) 'example_branch_dop_operator_v3' retrieved from /home/airflow/.local/lib/python3.12/site-packages/airflow/example_dags/example_branch_python_dop_operator_3.py
[2024-07-07T00:03:17.051+0000] {logging_mixin.py:188} INFO - [2024-07-07T00:03:17.051+0000] {dag.py:3096} INFO - Sync 1 DAGs
[2024-07-07T00:03:17.140+0000] {logging_mixin.py:188} INFO - [2024-07-07T00:03:17.140+0000] {dag.py:3954} INFO - Setting next_dagrun for example_branch_dop_operator_v3 to 2024-07-07 00:02:00+00:00, run_after=2024-07-07 00:03:00+00:00
[2024-07-07T00:03:17.207+0000] {processor.py:183} INFO - Processing /home/airflow/.local/lib/python3.12/site-packages/airflow/example_dags/example_branch_python_dop_operator_3.py took 0.276 seconds
[2024-07-07T00:03:47.633+0000] {processor.py:161} INFO - Started process (PID=2720) to work on /home/airflow/.local/lib/python3.12/site-packages/airflow/example_dags/example_branch_python_dop_operator_3.py
[2024-07-07T00:03:47.638+0000] {processor.py:830} INFO - Processing file /home/airflow/.local/lib/python3.12/site-packages/airflow/example_dags/example_branch_python_dop_operator_3.py for tasks to queue
[2024-07-07T00:03:47.648+0000] {logging_mixin.py:188} INFO - [2024-07-07T00:03:47.647+0000] {dagbag.py:545} INFO - Filling up the DagBag from /home/airflow/.local/lib/python3.12/site-packages/airflow/example_dags/example_branch_python_dop_operator_3.py
[2024-07-07T00:03:47.697+0000] {processor.py:840} INFO - DAG(s) 'example_branch_dop_operator_v3' retrieved from /home/airflow/.local/lib/python3.12/site-packages/airflow/example_dags/example_branch_python_dop_operator_3.py
[2024-07-07T00:03:47.765+0000] {logging_mixin.py:188} INFO - [2024-07-07T00:03:47.764+0000] {dag.py:3096} INFO - Sync 1 DAGs
[2024-07-07T00:03:47.867+0000] {logging_mixin.py:188} INFO - [2024-07-07T00:03:47.866+0000] {dag.py:3954} INFO - Setting next_dagrun for example_branch_dop_operator_v3 to 2024-07-07 00:02:00+00:00, run_after=2024-07-07 00:03:00+00:00
[2024-07-07T00:03:47.933+0000] {processor.py:183} INFO - Processing /home/airflow/.local/lib/python3.12/site-packages/airflow/example_dags/example_branch_python_dop_operator_3.py took 0.333 seconds
[2024-07-07T07:39:18.397+0000] {processor.py:161} INFO - Started process (PID=2753) to work on /home/airflow/.local/lib/python3.12/site-packages/airflow/example_dags/example_branch_python_dop_operator_3.py
[2024-07-07T07:39:18.411+0000] {processor.py:830} INFO - Processing file /home/airflow/.local/lib/python3.12/site-packages/airflow/example_dags/example_branch_python_dop_operator_3.py for tasks to queue
[2024-07-07T07:39:18.413+0000] {logging_mixin.py:188} INFO - [2024-07-07T07:39:18.413+0000] {dagbag.py:545} INFO - Filling up the DagBag from /home/airflow/.local/lib/python3.12/site-packages/airflow/example_dags/example_branch_python_dop_operator_3.py
[2024-07-07T07:39:18.466+0000] {processor.py:840} INFO - DAG(s) 'example_branch_dop_operator_v3' retrieved from /home/airflow/.local/lib/python3.12/site-packages/airflow/example_dags/example_branch_python_dop_operator_3.py
[2024-07-07T07:39:18.617+0000] {logging_mixin.py:188} INFO - [2024-07-07T07:39:18.617+0000] {dag.py:3096} INFO - Sync 1 DAGs
[2024-07-07T07:39:18.781+0000] {logging_mixin.py:188} INFO - [2024-07-07T07:39:18.780+0000] {dag.py:3954} INFO - Setting next_dagrun for example_branch_dop_operator_v3 to 2024-07-07 07:38:00+00:00, run_after=2024-07-07 07:39:00+00:00
[2024-07-07T07:39:18.876+0000] {processor.py:183} INFO - Processing /home/airflow/.local/lib/python3.12/site-packages/airflow/example_dags/example_branch_python_dop_operator_3.py took 0.505 seconds
[2024-07-07T07:39:49.617+0000] {processor.py:161} INFO - Started process (PID=2812) to work on /home/airflow/.local/lib/python3.12/site-packages/airflow/example_dags/example_branch_python_dop_operator_3.py
[2024-07-07T07:39:49.619+0000] {processor.py:830} INFO - Processing file /home/airflow/.local/lib/python3.12/site-packages/airflow/example_dags/example_branch_python_dop_operator_3.py for tasks to queue
[2024-07-07T07:39:49.621+0000] {logging_mixin.py:188} INFO - [2024-07-07T07:39:49.620+0000] {dagbag.py:545} INFO - Filling up the DagBag from /home/airflow/.local/lib/python3.12/site-packages/airflow/example_dags/example_branch_python_dop_operator_3.py
[2024-07-07T07:39:49.634+0000] {processor.py:840} INFO - DAG(s) 'example_branch_dop_operator_v3' retrieved from /home/airflow/.local/lib/python3.12/site-packages/airflow/example_dags/example_branch_python_dop_operator_3.py
[2024-07-07T07:39:49.666+0000] {logging_mixin.py:188} INFO - [2024-07-07T07:39:49.666+0000] {dag.py:3096} INFO - Sync 1 DAGs
[2024-07-07T07:39:49.714+0000] {logging_mixin.py:188} INFO - [2024-07-07T07:39:49.713+0000] {dag.py:3954} INFO - Setting next_dagrun for example_branch_dop_operator_v3 to 2024-07-07 07:38:00+00:00, run_after=2024-07-07 07:39:00+00:00
[2024-07-07T07:39:49.743+0000] {processor.py:183} INFO - Processing /home/airflow/.local/lib/python3.12/site-packages/airflow/example_dags/example_branch_python_dop_operator_3.py took 0.142 seconds
[2024-07-07T07:40:20.021+0000] {processor.py:161} INFO - Started process (PID=2870) to work on /home/airflow/.local/lib/python3.12/site-packages/airflow/example_dags/example_branch_python_dop_operator_3.py
[2024-07-07T07:40:20.023+0000] {processor.py:830} INFO - Processing file /home/airflow/.local/lib/python3.12/site-packages/airflow/example_dags/example_branch_python_dop_operator_3.py for tasks to queue
[2024-07-07T07:40:20.025+0000] {logging_mixin.py:188} INFO - [2024-07-07T07:40:20.024+0000] {dagbag.py:545} INFO - Filling up the DagBag from /home/airflow/.local/lib/python3.12/site-packages/airflow/example_dags/example_branch_python_dop_operator_3.py
[2024-07-07T07:40:20.042+0000] {processor.py:840} INFO - DAG(s) 'example_branch_dop_operator_v3' retrieved from /home/airflow/.local/lib/python3.12/site-packages/airflow/example_dags/example_branch_python_dop_operator_3.py
[2024-07-07T07:40:20.082+0000] {logging_mixin.py:188} INFO - [2024-07-07T07:40:20.081+0000] {dag.py:3096} INFO - Sync 1 DAGs
[2024-07-07T07:40:20.130+0000] {logging_mixin.py:188} INFO - [2024-07-07T07:40:20.129+0000] {dag.py:3954} INFO - Setting next_dagrun for example_branch_dop_operator_v3 to 2024-07-07 07:39:00+00:00, run_after=2024-07-07 07:40:00+00:00
[2024-07-07T07:40:20.156+0000] {processor.py:183} INFO - Processing /home/airflow/.local/lib/python3.12/site-packages/airflow/example_dags/example_branch_python_dop_operator_3.py took 0.146 seconds
[2024-07-07T07:40:50.801+0000] {processor.py:161} INFO - Started process (PID=2930) to work on /home/airflow/.local/lib/python3.12/site-packages/airflow/example_dags/example_branch_python_dop_operator_3.py
[2024-07-07T07:40:50.803+0000] {processor.py:830} INFO - Processing file /home/airflow/.local/lib/python3.12/site-packages/airflow/example_dags/example_branch_python_dop_operator_3.py for tasks to queue
[2024-07-07T07:40:50.805+0000] {logging_mixin.py:188} INFO - [2024-07-07T07:40:50.805+0000] {dagbag.py:545} INFO - Filling up the DagBag from /home/airflow/.local/lib/python3.12/site-packages/airflow/example_dags/example_branch_python_dop_operator_3.py
[2024-07-07T07:40:50.828+0000] {processor.py:840} INFO - DAG(s) 'example_branch_dop_operator_v3' retrieved from /home/airflow/.local/lib/python3.12/site-packages/airflow/example_dags/example_branch_python_dop_operator_3.py
[2024-07-07T07:40:50.870+0000] {logging_mixin.py:188} INFO - [2024-07-07T07:40:50.870+0000] {dag.py:3096} INFO - Sync 1 DAGs
[2024-07-07T07:40:50.924+0000] {logging_mixin.py:188} INFO - [2024-07-07T07:40:50.924+0000] {dag.py:3954} INFO - Setting next_dagrun for example_branch_dop_operator_v3 to 2024-07-07 07:39:00+00:00, run_after=2024-07-07 07:40:00+00:00
[2024-07-07T07:40:50.962+0000] {processor.py:183} INFO - Processing /home/airflow/.local/lib/python3.12/site-packages/airflow/example_dags/example_branch_python_dop_operator_3.py took 0.179 seconds
[2024-07-07T07:41:21.348+0000] {processor.py:161} INFO - Started process (PID=2990) to work on /home/airflow/.local/lib/python3.12/site-packages/airflow/example_dags/example_branch_python_dop_operator_3.py
[2024-07-07T07:41:21.350+0000] {processor.py:830} INFO - Processing file /home/airflow/.local/lib/python3.12/site-packages/airflow/example_dags/example_branch_python_dop_operator_3.py for tasks to queue
[2024-07-07T07:41:21.353+0000] {logging_mixin.py:188} INFO - [2024-07-07T07:41:21.352+0000] {dagbag.py:545} INFO - Filling up the DagBag from /home/airflow/.local/lib/python3.12/site-packages/airflow/example_dags/example_branch_python_dop_operator_3.py
[2024-07-07T07:41:21.380+0000] {processor.py:840} INFO - DAG(s) 'example_branch_dop_operator_v3' retrieved from /home/airflow/.local/lib/python3.12/site-packages/airflow/example_dags/example_branch_python_dop_operator_3.py
[2024-07-07T07:41:21.429+0000] {logging_mixin.py:188} INFO - [2024-07-07T07:41:21.428+0000] {dag.py:3096} INFO - Sync 1 DAGs
[2024-07-07T07:41:21.490+0000] {logging_mixin.py:188} INFO - [2024-07-07T07:41:21.489+0000] {dag.py:3954} INFO - Setting next_dagrun for example_branch_dop_operator_v3 to 2024-07-07 07:40:00+00:00, run_after=2024-07-07 07:41:00+00:00
[2024-07-07T07:41:21.597+0000] {processor.py:183} INFO - Processing /home/airflow/.local/lib/python3.12/site-packages/airflow/example_dags/example_branch_python_dop_operator_3.py took 0.269 seconds
[2024-07-07T07:41:51.910+0000] {processor.py:161} INFO - Started process (PID=3050) to work on /home/airflow/.local/lib/python3.12/site-packages/airflow/example_dags/example_branch_python_dop_operator_3.py
[2024-07-07T07:41:51.913+0000] {processor.py:830} INFO - Processing file /home/airflow/.local/lib/python3.12/site-packages/airflow/example_dags/example_branch_python_dop_operator_3.py for tasks to queue
[2024-07-07T07:41:51.918+0000] {logging_mixin.py:188} INFO - [2024-07-07T07:41:51.916+0000] {dagbag.py:545} INFO - Filling up the DagBag from /home/airflow/.local/lib/python3.12/site-packages/airflow/example_dags/example_branch_python_dop_operator_3.py
[2024-07-07T07:41:51.952+0000] {processor.py:840} INFO - DAG(s) 'example_branch_dop_operator_v3' retrieved from /home/airflow/.local/lib/python3.12/site-packages/airflow/example_dags/example_branch_python_dop_operator_3.py
[2024-07-07T07:41:52.024+0000] {logging_mixin.py:188} INFO - [2024-07-07T07:41:52.023+0000] {dag.py:3096} INFO - Sync 1 DAGs
[2024-07-07T07:41:52.118+0000] {logging_mixin.py:188} INFO - [2024-07-07T07:41:52.118+0000] {dag.py:3954} INFO - Setting next_dagrun for example_branch_dop_operator_v3 to 2024-07-07 07:40:00+00:00, run_after=2024-07-07 07:41:00+00:00
[2024-07-07T07:41:52.217+0000] {processor.py:183} INFO - Processing /home/airflow/.local/lib/python3.12/site-packages/airflow/example_dags/example_branch_python_dop_operator_3.py took 0.345 seconds
[2024-07-07T07:42:22.763+0000] {processor.py:161} INFO - Started process (PID=3110) to work on /home/airflow/.local/lib/python3.12/site-packages/airflow/example_dags/example_branch_python_dop_operator_3.py
[2024-07-07T07:42:22.769+0000] {processor.py:830} INFO - Processing file /home/airflow/.local/lib/python3.12/site-packages/airflow/example_dags/example_branch_python_dop_operator_3.py for tasks to queue
[2024-07-07T07:42:22.777+0000] {logging_mixin.py:188} INFO - [2024-07-07T07:42:22.774+0000] {dagbag.py:545} INFO - Filling up the DagBag from /home/airflow/.local/lib/python3.12/site-packages/airflow/example_dags/example_branch_python_dop_operator_3.py
[2024-07-07T07:42:22.847+0000] {processor.py:840} INFO - DAG(s) 'example_branch_dop_operator_v3' retrieved from /home/airflow/.local/lib/python3.12/site-packages/airflow/example_dags/example_branch_python_dop_operator_3.py
[2024-07-07T07:42:22.913+0000] {logging_mixin.py:188} INFO - [2024-07-07T07:42:22.912+0000] {dag.py:3096} INFO - Sync 1 DAGs
[2024-07-07T07:42:22.986+0000] {logging_mixin.py:188} INFO - [2024-07-07T07:42:22.985+0000] {dag.py:3954} INFO - Setting next_dagrun for example_branch_dop_operator_v3 to 2024-07-07 07:41:00+00:00, run_after=2024-07-07 07:42:00+00:00
[2024-07-07T07:42:23.042+0000] {processor.py:183} INFO - Processing /home/airflow/.local/lib/python3.12/site-packages/airflow/example_dags/example_branch_python_dop_operator_3.py took 0.316 seconds
[2024-07-07T07:42:53.802+0000] {processor.py:161} INFO - Started process (PID=3170) to work on /home/airflow/.local/lib/python3.12/site-packages/airflow/example_dags/example_branch_python_dop_operator_3.py
[2024-07-07T07:42:53.805+0000] {processor.py:830} INFO - Processing file /home/airflow/.local/lib/python3.12/site-packages/airflow/example_dags/example_branch_python_dop_operator_3.py for tasks to queue
[2024-07-07T07:42:53.812+0000] {logging_mixin.py:188} INFO - [2024-07-07T07:42:53.811+0000] {dagbag.py:545} INFO - Filling up the DagBag from /home/airflow/.local/lib/python3.12/site-packages/airflow/example_dags/example_branch_python_dop_operator_3.py
[2024-07-07T07:42:53.853+0000] {processor.py:840} INFO - DAG(s) 'example_branch_dop_operator_v3' retrieved from /home/airflow/.local/lib/python3.12/site-packages/airflow/example_dags/example_branch_python_dop_operator_3.py
[2024-07-07T07:42:53.937+0000] {logging_mixin.py:188} INFO - [2024-07-07T07:42:53.936+0000] {dag.py:3096} INFO - Sync 1 DAGs
[2024-07-07T07:42:53.991+0000] {logging_mixin.py:188} INFO - [2024-07-07T07:42:53.991+0000] {dag.py:3954} INFO - Setting next_dagrun for example_branch_dop_operator_v3 to 2024-07-07 07:41:00+00:00, run_after=2024-07-07 07:42:00+00:00
[2024-07-07T07:42:54.033+0000] {processor.py:183} INFO - Processing /home/airflow/.local/lib/python3.12/site-packages/airflow/example_dags/example_branch_python_dop_operator_3.py took 0.271 seconds
[2024-07-07T07:43:24.120+0000] {processor.py:161} INFO - Started process (PID=3230) to work on /home/airflow/.local/lib/python3.12/site-packages/airflow/example_dags/example_branch_python_dop_operator_3.py
[2024-07-07T07:43:24.122+0000] {processor.py:830} INFO - Processing file /home/airflow/.local/lib/python3.12/site-packages/airflow/example_dags/example_branch_python_dop_operator_3.py for tasks to queue
[2024-07-07T07:43:24.124+0000] {logging_mixin.py:188} INFO - [2024-07-07T07:43:24.123+0000] {dagbag.py:545} INFO - Filling up the DagBag from /home/airflow/.local/lib/python3.12/site-packages/airflow/example_dags/example_branch_python_dop_operator_3.py
[2024-07-07T07:43:24.141+0000] {processor.py:840} INFO - DAG(s) 'example_branch_dop_operator_v3' retrieved from /home/airflow/.local/lib/python3.12/site-packages/airflow/example_dags/example_branch_python_dop_operator_3.py
[2024-07-07T07:43:24.179+0000] {logging_mixin.py:188} INFO - [2024-07-07T07:43:24.179+0000] {dag.py:3096} INFO - Sync 1 DAGs
[2024-07-07T07:43:24.225+0000] {logging_mixin.py:188} INFO - [2024-07-07T07:43:24.224+0000] {dag.py:3954} INFO - Setting next_dagrun for example_branch_dop_operator_v3 to 2024-07-07 07:42:00+00:00, run_after=2024-07-07 07:43:00+00:00
[2024-07-07T07:43:24.259+0000] {processor.py:183} INFO - Processing /home/airflow/.local/lib/python3.12/site-packages/airflow/example_dags/example_branch_python_dop_operator_3.py took 0.151 seconds
[2024-07-07T07:43:54.562+0000] {processor.py:161} INFO - Started process (PID=3290) to work on /home/airflow/.local/lib/python3.12/site-packages/airflow/example_dags/example_branch_python_dop_operator_3.py
[2024-07-07T07:43:54.565+0000] {processor.py:830} INFO - Processing file /home/airflow/.local/lib/python3.12/site-packages/airflow/example_dags/example_branch_python_dop_operator_3.py for tasks to queue
[2024-07-07T07:43:54.568+0000] {logging_mixin.py:188} INFO - [2024-07-07T07:43:54.567+0000] {dagbag.py:545} INFO - Filling up the DagBag from /home/airflow/.local/lib/python3.12/site-packages/airflow/example_dags/example_branch_python_dop_operator_3.py
[2024-07-07T07:43:54.598+0000] {processor.py:840} INFO - DAG(s) 'example_branch_dop_operator_v3' retrieved from /home/airflow/.local/lib/python3.12/site-packages/airflow/example_dags/example_branch_python_dop_operator_3.py
[2024-07-07T07:43:54.659+0000] {logging_mixin.py:188} INFO - [2024-07-07T07:43:54.658+0000] {dag.py:3096} INFO - Sync 1 DAGs
[2024-07-07T07:43:54.751+0000] {logging_mixin.py:188} INFO - [2024-07-07T07:43:54.750+0000] {dag.py:3954} INFO - Setting next_dagrun for example_branch_dop_operator_v3 to 2024-07-07 07:42:00+00:00, run_after=2024-07-07 07:43:00+00:00
[2024-07-07T07:43:54.939+0000] {processor.py:183} INFO - Processing /home/airflow/.local/lib/python3.12/site-packages/airflow/example_dags/example_branch_python_dop_operator_3.py took 0.404 seconds
[2024-07-07T07:44:25.140+0000] {processor.py:161} INFO - Started process (PID=3350) to work on /home/airflow/.local/lib/python3.12/site-packages/airflow/example_dags/example_branch_python_dop_operator_3.py
[2024-07-07T07:44:25.143+0000] {processor.py:830} INFO - Processing file /home/airflow/.local/lib/python3.12/site-packages/airflow/example_dags/example_branch_python_dop_operator_3.py for tasks to queue
[2024-07-07T07:44:25.145+0000] {logging_mixin.py:188} INFO - [2024-07-07T07:44:25.144+0000] {dagbag.py:545} INFO - Filling up the DagBag from /home/airflow/.local/lib/python3.12/site-packages/airflow/example_dags/example_branch_python_dop_operator_3.py
[2024-07-07T07:44:25.168+0000] {processor.py:840} INFO - DAG(s) 'example_branch_dop_operator_v3' retrieved from /home/airflow/.local/lib/python3.12/site-packages/airflow/example_dags/example_branch_python_dop_operator_3.py
[2024-07-07T07:44:25.223+0000] {logging_mixin.py:188} INFO - [2024-07-07T07:44:25.223+0000] {dag.py:3096} INFO - Sync 1 DAGs
[2024-07-07T07:44:25.334+0000] {logging_mixin.py:188} INFO - [2024-07-07T07:44:25.333+0000] {dag.py:3954} INFO - Setting next_dagrun for example_branch_dop_operator_v3 to 2024-07-07 07:43:00+00:00, run_after=2024-07-07 07:44:00+00:00
[2024-07-07T07:44:25.386+0000] {processor.py:183} INFO - Processing /home/airflow/.local/lib/python3.12/site-packages/airflow/example_dags/example_branch_python_dop_operator_3.py took 0.262 seconds
[2024-07-07T07:44:56.396+0000] {processor.py:161} INFO - Started process (PID=3410) to work on /home/airflow/.local/lib/python3.12/site-packages/airflow/example_dags/example_branch_python_dop_operator_3.py
[2024-07-07T07:44:56.398+0000] {processor.py:830} INFO - Processing file /home/airflow/.local/lib/python3.12/site-packages/airflow/example_dags/example_branch_python_dop_operator_3.py for tasks to queue
[2024-07-07T07:44:56.401+0000] {logging_mixin.py:188} INFO - [2024-07-07T07:44:56.400+0000] {dagbag.py:545} INFO - Filling up the DagBag from /home/airflow/.local/lib/python3.12/site-packages/airflow/example_dags/example_branch_python_dop_operator_3.py
[2024-07-07T07:44:56.418+0000] {processor.py:840} INFO - DAG(s) 'example_branch_dop_operator_v3' retrieved from /home/airflow/.local/lib/python3.12/site-packages/airflow/example_dags/example_branch_python_dop_operator_3.py
[2024-07-07T07:44:56.464+0000] {logging_mixin.py:188} INFO - [2024-07-07T07:44:56.464+0000] {dag.py:3096} INFO - Sync 1 DAGs
[2024-07-07T07:44:56.532+0000] {logging_mixin.py:188} INFO - [2024-07-07T07:44:56.531+0000] {dag.py:3954} INFO - Setting next_dagrun for example_branch_dop_operator_v3 to 2024-07-07 07:43:00+00:00, run_after=2024-07-07 07:44:00+00:00
[2024-07-07T07:44:56.590+0000] {processor.py:183} INFO - Processing /home/airflow/.local/lib/python3.12/site-packages/airflow/example_dags/example_branch_python_dop_operator_3.py took 0.207 seconds
[2024-07-07T07:45:26.959+0000] {processor.py:161} INFO - Started process (PID=3470) to work on /home/airflow/.local/lib/python3.12/site-packages/airflow/example_dags/example_branch_python_dop_operator_3.py
[2024-07-07T07:45:26.961+0000] {processor.py:830} INFO - Processing file /home/airflow/.local/lib/python3.12/site-packages/airflow/example_dags/example_branch_python_dop_operator_3.py for tasks to queue
[2024-07-07T07:45:26.964+0000] {logging_mixin.py:188} INFO - [2024-07-07T07:45:26.963+0000] {dagbag.py:545} INFO - Filling up the DagBag from /home/airflow/.local/lib/python3.12/site-packages/airflow/example_dags/example_branch_python_dop_operator_3.py
[2024-07-07T07:45:26.986+0000] {processor.py:840} INFO - DAG(s) 'example_branch_dop_operator_v3' retrieved from /home/airflow/.local/lib/python3.12/site-packages/airflow/example_dags/example_branch_python_dop_operator_3.py
[2024-07-07T07:45:27.028+0000] {logging_mixin.py:188} INFO - [2024-07-07T07:45:27.027+0000] {dag.py:3096} INFO - Sync 1 DAGs
[2024-07-07T07:45:27.080+0000] {logging_mixin.py:188} INFO - [2024-07-07T07:45:27.080+0000] {dag.py:3954} INFO - Setting next_dagrun for example_branch_dop_operator_v3 to 2024-07-07 07:44:00+00:00, run_after=2024-07-07 07:45:00+00:00
[2024-07-07T07:45:27.126+0000] {processor.py:183} INFO - Processing /home/airflow/.local/lib/python3.12/site-packages/airflow/example_dags/example_branch_python_dop_operator_3.py took 0.181 seconds
[2024-07-07T07:45:57.709+0000] {processor.py:161} INFO - Started process (PID=3529) to work on /home/airflow/.local/lib/python3.12/site-packages/airflow/example_dags/example_branch_python_dop_operator_3.py
[2024-07-07T07:45:57.711+0000] {processor.py:830} INFO - Processing file /home/airflow/.local/lib/python3.12/site-packages/airflow/example_dags/example_branch_python_dop_operator_3.py for tasks to queue
[2024-07-07T07:45:57.713+0000] {logging_mixin.py:188} INFO - [2024-07-07T07:45:57.712+0000] {dagbag.py:545} INFO - Filling up the DagBag from /home/airflow/.local/lib/python3.12/site-packages/airflow/example_dags/example_branch_python_dop_operator_3.py
[2024-07-07T07:45:57.735+0000] {processor.py:840} INFO - DAG(s) 'example_branch_dop_operator_v3' retrieved from /home/airflow/.local/lib/python3.12/site-packages/airflow/example_dags/example_branch_python_dop_operator_3.py
[2024-07-07T07:45:57.785+0000] {logging_mixin.py:188} INFO - [2024-07-07T07:45:57.784+0000] {dag.py:3096} INFO - Sync 1 DAGs
[2024-07-07T07:45:57.930+0000] {logging_mixin.py:188} INFO - [2024-07-07T07:45:57.929+0000] {dag.py:3954} INFO - Setting next_dagrun for example_branch_dop_operator_v3 to 2024-07-07 07:44:00+00:00, run_after=2024-07-07 07:45:00+00:00
[2024-07-07T07:45:57.999+0000] {processor.py:183} INFO - Processing /home/airflow/.local/lib/python3.12/site-packages/airflow/example_dags/example_branch_python_dop_operator_3.py took 0.317 seconds
[2024-07-07T07:46:28.215+0000] {processor.py:161} INFO - Started process (PID=3596) to work on /home/airflow/.local/lib/python3.12/site-packages/airflow/example_dags/example_branch_python_dop_operator_3.py
[2024-07-07T07:46:28.218+0000] {processor.py:830} INFO - Processing file /home/airflow/.local/lib/python3.12/site-packages/airflow/example_dags/example_branch_python_dop_operator_3.py for tasks to queue
[2024-07-07T07:46:28.222+0000] {logging_mixin.py:188} INFO - [2024-07-07T07:46:28.220+0000] {dagbag.py:545} INFO - Filling up the DagBag from /home/airflow/.local/lib/python3.12/site-packages/airflow/example_dags/example_branch_python_dop_operator_3.py
[2024-07-07T07:46:28.250+0000] {processor.py:840} INFO - DAG(s) 'example_branch_dop_operator_v3' retrieved from /home/airflow/.local/lib/python3.12/site-packages/airflow/example_dags/example_branch_python_dop_operator_3.py
[2024-07-07T07:46:28.285+0000] {logging_mixin.py:188} INFO - [2024-07-07T07:46:28.285+0000] {dag.py:3096} INFO - Sync 1 DAGs
[2024-07-07T07:46:28.338+0000] {logging_mixin.py:188} INFO - [2024-07-07T07:46:28.337+0000] {dag.py:3954} INFO - Setting next_dagrun for example_branch_dop_operator_v3 to 2024-07-07 07:45:00+00:00, run_after=2024-07-07 07:46:00+00:00
[2024-07-07T07:46:28.373+0000] {processor.py:183} INFO - Processing /home/airflow/.local/lib/python3.12/site-packages/airflow/example_dags/example_branch_python_dop_operator_3.py took 0.174 seconds
[2024-07-07T07:46:58.502+0000] {processor.py:161} INFO - Started process (PID=3657) to work on /home/airflow/.local/lib/python3.12/site-packages/airflow/example_dags/example_branch_python_dop_operator_3.py
[2024-07-07T07:46:58.506+0000] {processor.py:830} INFO - Processing file /home/airflow/.local/lib/python3.12/site-packages/airflow/example_dags/example_branch_python_dop_operator_3.py for tasks to queue
[2024-07-07T07:46:58.509+0000] {logging_mixin.py:188} INFO - [2024-07-07T07:46:58.508+0000] {dagbag.py:545} INFO - Filling up the DagBag from /home/airflow/.local/lib/python3.12/site-packages/airflow/example_dags/example_branch_python_dop_operator_3.py
[2024-07-07T07:46:58.536+0000] {processor.py:840} INFO - DAG(s) 'example_branch_dop_operator_v3' retrieved from /home/airflow/.local/lib/python3.12/site-packages/airflow/example_dags/example_branch_python_dop_operator_3.py
[2024-07-07T07:46:58.630+0000] {logging_mixin.py:188} INFO - [2024-07-07T07:46:58.629+0000] {dag.py:3096} INFO - Sync 1 DAGs
[2024-07-07T07:46:58.753+0000] {logging_mixin.py:188} INFO - [2024-07-07T07:46:58.752+0000] {dag.py:3954} INFO - Setting next_dagrun for example_branch_dop_operator_v3 to 2024-07-07 07:45:00+00:00, run_after=2024-07-07 07:46:00+00:00
[2024-07-07T07:46:58.844+0000] {processor.py:183} INFO - Processing /home/airflow/.local/lib/python3.12/site-packages/airflow/example_dags/example_branch_python_dop_operator_3.py took 0.362 seconds
[2024-07-07T07:47:30.450+0000] {processor.py:161} INFO - Started process (PID=3717) to work on /home/airflow/.local/lib/python3.12/site-packages/airflow/example_dags/example_branch_python_dop_operator_3.py
[2024-07-07T07:47:30.452+0000] {processor.py:830} INFO - Processing file /home/airflow/.local/lib/python3.12/site-packages/airflow/example_dags/example_branch_python_dop_operator_3.py for tasks to queue
[2024-07-07T07:47:30.454+0000] {logging_mixin.py:188} INFO - [2024-07-07T07:47:30.454+0000] {dagbag.py:545} INFO - Filling up the DagBag from /home/airflow/.local/lib/python3.12/site-packages/airflow/example_dags/example_branch_python_dop_operator_3.py
[2024-07-07T07:47:30.469+0000] {processor.py:840} INFO - DAG(s) 'example_branch_dop_operator_v3' retrieved from /home/airflow/.local/lib/python3.12/site-packages/airflow/example_dags/example_branch_python_dop_operator_3.py
[2024-07-07T07:47:30.508+0000] {logging_mixin.py:188} INFO - [2024-07-07T07:47:30.508+0000] {dag.py:3096} INFO - Sync 1 DAGs
[2024-07-07T07:47:30.577+0000] {logging_mixin.py:188} INFO - [2024-07-07T07:47:30.576+0000] {dag.py:3954} INFO - Setting next_dagrun for example_branch_dop_operator_v3 to 2024-07-07 07:46:00+00:00, run_after=2024-07-07 07:47:00+00:00
[2024-07-07T07:47:30.633+0000] {processor.py:183} INFO - Processing /home/airflow/.local/lib/python3.12/site-packages/airflow/example_dags/example_branch_python_dop_operator_3.py took 0.193 seconds
[2024-07-07T07:48:01.392+0000] {processor.py:161} INFO - Started process (PID=3775) to work on /home/airflow/.local/lib/python3.12/site-packages/airflow/example_dags/example_branch_python_dop_operator_3.py
[2024-07-07T07:48:01.395+0000] {processor.py:830} INFO - Processing file /home/airflow/.local/lib/python3.12/site-packages/airflow/example_dags/example_branch_python_dop_operator_3.py for tasks to queue
[2024-07-07T07:48:01.398+0000] {logging_mixin.py:188} INFO - [2024-07-07T07:48:01.397+0000] {dagbag.py:545} INFO - Filling up the DagBag from /home/airflow/.local/lib/python3.12/site-packages/airflow/example_dags/example_branch_python_dop_operator_3.py
[2024-07-07T07:48:01.424+0000] {processor.py:840} INFO - DAG(s) 'example_branch_dop_operator_v3' retrieved from /home/airflow/.local/lib/python3.12/site-packages/airflow/example_dags/example_branch_python_dop_operator_3.py
[2024-07-07T07:48:01.486+0000] {logging_mixin.py:188} INFO - [2024-07-07T07:48:01.485+0000] {dag.py:3096} INFO - Sync 1 DAGs
[2024-07-07T07:48:01.561+0000] {logging_mixin.py:188} INFO - [2024-07-07T07:48:01.560+0000] {dag.py:3954} INFO - Setting next_dagrun for example_branch_dop_operator_v3 to 2024-07-07 07:47:00+00:00, run_after=2024-07-07 07:48:00+00:00
[2024-07-07T07:48:01.621+0000] {processor.py:183} INFO - Processing /home/airflow/.local/lib/python3.12/site-packages/airflow/example_dags/example_branch_python_dop_operator_3.py took 0.250 seconds
[2024-07-07T07:48:31.829+0000] {processor.py:161} INFO - Started process (PID=3833) to work on /home/airflow/.local/lib/python3.12/site-packages/airflow/example_dags/example_branch_python_dop_operator_3.py
[2024-07-07T07:48:31.832+0000] {processor.py:830} INFO - Processing file /home/airflow/.local/lib/python3.12/site-packages/airflow/example_dags/example_branch_python_dop_operator_3.py for tasks to queue
[2024-07-07T07:48:31.834+0000] {logging_mixin.py:188} INFO - [2024-07-07T07:48:31.833+0000] {dagbag.py:545} INFO - Filling up the DagBag from /home/airflow/.local/lib/python3.12/site-packages/airflow/example_dags/example_branch_python_dop_operator_3.py
[2024-07-07T07:48:31.848+0000] {processor.py:840} INFO - DAG(s) 'example_branch_dop_operator_v3' retrieved from /home/airflow/.local/lib/python3.12/site-packages/airflow/example_dags/example_branch_python_dop_operator_3.py
[2024-07-07T07:48:31.890+0000] {logging_mixin.py:188} INFO - [2024-07-07T07:48:31.890+0000] {dag.py:3096} INFO - Sync 1 DAGs
[2024-07-07T07:48:31.941+0000] {logging_mixin.py:188} INFO - [2024-07-07T07:48:31.940+0000] {dag.py:3954} INFO - Setting next_dagrun for example_branch_dop_operator_v3 to 2024-07-07 07:47:00+00:00, run_after=2024-07-07 07:48:00+00:00
[2024-07-07T07:48:31.976+0000] {processor.py:183} INFO - Processing /home/airflow/.local/lib/python3.12/site-packages/airflow/example_dags/example_branch_python_dop_operator_3.py took 0.161 seconds
[2024-07-07T07:49:02.337+0000] {processor.py:161} INFO - Started process (PID=3893) to work on /home/airflow/.local/lib/python3.12/site-packages/airflow/example_dags/example_branch_python_dop_operator_3.py
[2024-07-07T07:49:02.343+0000] {processor.py:830} INFO - Processing file /home/airflow/.local/lib/python3.12/site-packages/airflow/example_dags/example_branch_python_dop_operator_3.py for tasks to queue
[2024-07-07T07:49:02.349+0000] {logging_mixin.py:188} INFO - [2024-07-07T07:49:02.347+0000] {dagbag.py:545} INFO - Filling up the DagBag from /home/airflow/.local/lib/python3.12/site-packages/airflow/example_dags/example_branch_python_dop_operator_3.py
[2024-07-07T07:49:02.409+0000] {processor.py:840} INFO - DAG(s) 'example_branch_dop_operator_v3' retrieved from /home/airflow/.local/lib/python3.12/site-packages/airflow/example_dags/example_branch_python_dop_operator_3.py
[2024-07-07T07:49:02.487+0000] {logging_mixin.py:188} INFO - [2024-07-07T07:49:02.486+0000] {dag.py:3096} INFO - Sync 1 DAGs
[2024-07-07T07:49:02.576+0000] {logging_mixin.py:188} INFO - [2024-07-07T07:49:02.575+0000] {dag.py:3954} INFO - Setting next_dagrun for example_branch_dop_operator_v3 to 2024-07-07 07:48:00+00:00, run_after=2024-07-07 07:49:00+00:00
[2024-07-07T07:49:02.633+0000] {processor.py:183} INFO - Processing /home/airflow/.local/lib/python3.12/site-packages/airflow/example_dags/example_branch_python_dop_operator_3.py took 0.330 seconds
[2024-07-07T07:49:32.779+0000] {processor.py:161} INFO - Started process (PID=3953) to work on /home/airflow/.local/lib/python3.12/site-packages/airflow/example_dags/example_branch_python_dop_operator_3.py
[2024-07-07T07:49:32.782+0000] {processor.py:830} INFO - Processing file /home/airflow/.local/lib/python3.12/site-packages/airflow/example_dags/example_branch_python_dop_operator_3.py for tasks to queue
[2024-07-07T07:49:32.785+0000] {logging_mixin.py:188} INFO - [2024-07-07T07:49:32.784+0000] {dagbag.py:545} INFO - Filling up the DagBag from /home/airflow/.local/lib/python3.12/site-packages/airflow/example_dags/example_branch_python_dop_operator_3.py
[2024-07-07T07:49:32.814+0000] {processor.py:840} INFO - DAG(s) 'example_branch_dop_operator_v3' retrieved from /home/airflow/.local/lib/python3.12/site-packages/airflow/example_dags/example_branch_python_dop_operator_3.py
[2024-07-07T07:49:32.872+0000] {logging_mixin.py:188} INFO - [2024-07-07T07:49:32.872+0000] {dag.py:3096} INFO - Sync 1 DAGs
[2024-07-07T07:49:32.949+0000] {logging_mixin.py:188} INFO - [2024-07-07T07:49:32.948+0000] {dag.py:3954} INFO - Setting next_dagrun for example_branch_dop_operator_v3 to 2024-07-07 07:48:00+00:00, run_after=2024-07-07 07:49:00+00:00
[2024-07-07T07:49:33.005+0000] {processor.py:183} INFO - Processing /home/airflow/.local/lib/python3.12/site-packages/airflow/example_dags/example_branch_python_dop_operator_3.py took 0.246 seconds
[2024-07-07T07:50:03.754+0000] {processor.py:161} INFO - Started process (PID=4013) to work on /home/airflow/.local/lib/python3.12/site-packages/airflow/example_dags/example_branch_python_dop_operator_3.py
[2024-07-07T07:50:03.758+0000] {processor.py:830} INFO - Processing file /home/airflow/.local/lib/python3.12/site-packages/airflow/example_dags/example_branch_python_dop_operator_3.py for tasks to queue
[2024-07-07T07:50:03.762+0000] {logging_mixin.py:188} INFO - [2024-07-07T07:50:03.761+0000] {dagbag.py:545} INFO - Filling up the DagBag from /home/airflow/.local/lib/python3.12/site-packages/airflow/example_dags/example_branch_python_dop_operator_3.py
[2024-07-07T07:50:03.796+0000] {processor.py:840} INFO - DAG(s) 'example_branch_dop_operator_v3' retrieved from /home/airflow/.local/lib/python3.12/site-packages/airflow/example_dags/example_branch_python_dop_operator_3.py
[2024-07-07T07:50:03.846+0000] {logging_mixin.py:188} INFO - [2024-07-07T07:50:03.846+0000] {dag.py:3096} INFO - Sync 1 DAGs
[2024-07-07T07:50:03.893+0000] {logging_mixin.py:188} INFO - [2024-07-07T07:50:03.893+0000] {dag.py:3954} INFO - Setting next_dagrun for example_branch_dop_operator_v3 to 2024-07-07 07:49:00+00:00, run_after=2024-07-07 07:50:00+00:00
[2024-07-07T07:50:03.932+0000] {processor.py:183} INFO - Processing /home/airflow/.local/lib/python3.12/site-packages/airflow/example_dags/example_branch_python_dop_operator_3.py took 0.222 seconds
[2024-07-07T07:50:34.490+0000] {processor.py:161} INFO - Started process (PID=4073) to work on /home/airflow/.local/lib/python3.12/site-packages/airflow/example_dags/example_branch_python_dop_operator_3.py
[2024-07-07T07:50:34.493+0000] {processor.py:830} INFO - Processing file /home/airflow/.local/lib/python3.12/site-packages/airflow/example_dags/example_branch_python_dop_operator_3.py for tasks to queue
[2024-07-07T07:50:34.495+0000] {logging_mixin.py:188} INFO - [2024-07-07T07:50:34.494+0000] {dagbag.py:545} INFO - Filling up the DagBag from /home/airflow/.local/lib/python3.12/site-packages/airflow/example_dags/example_branch_python_dop_operator_3.py
[2024-07-07T07:50:34.511+0000] {processor.py:840} INFO - DAG(s) 'example_branch_dop_operator_v3' retrieved from /home/airflow/.local/lib/python3.12/site-packages/airflow/example_dags/example_branch_python_dop_operator_3.py
[2024-07-07T07:50:34.549+0000] {logging_mixin.py:188} INFO - [2024-07-07T07:50:34.549+0000] {dag.py:3096} INFO - Sync 1 DAGs
[2024-07-07T07:50:34.589+0000] {logging_mixin.py:188} INFO - [2024-07-07T07:50:34.588+0000] {dag.py:3954} INFO - Setting next_dagrun for example_branch_dop_operator_v3 to 2024-07-07 07:49:00+00:00, run_after=2024-07-07 07:50:00+00:00
[2024-07-07T07:50:34.632+0000] {processor.py:183} INFO - Processing /home/airflow/.local/lib/python3.12/site-packages/airflow/example_dags/example_branch_python_dop_operator_3.py took 0.155 seconds
[2024-07-07T07:51:05.657+0000] {processor.py:161} INFO - Started process (PID=4133) to work on /home/airflow/.local/lib/python3.12/site-packages/airflow/example_dags/example_branch_python_dop_operator_3.py
[2024-07-07T07:51:05.659+0000] {processor.py:830} INFO - Processing file /home/airflow/.local/lib/python3.12/site-packages/airflow/example_dags/example_branch_python_dop_operator_3.py for tasks to queue
[2024-07-07T07:51:05.661+0000] {logging_mixin.py:188} INFO - [2024-07-07T07:51:05.661+0000] {dagbag.py:545} INFO - Filling up the DagBag from /home/airflow/.local/lib/python3.12/site-packages/airflow/example_dags/example_branch_python_dop_operator_3.py
[2024-07-07T07:51:05.673+0000] {processor.py:840} INFO - DAG(s) 'example_branch_dop_operator_v3' retrieved from /home/airflow/.local/lib/python3.12/site-packages/airflow/example_dags/example_branch_python_dop_operator_3.py
[2024-07-07T07:51:05.703+0000] {logging_mixin.py:188} INFO - [2024-07-07T07:51:05.702+0000] {dag.py:3096} INFO - Sync 1 DAGs
[2024-07-07T07:51:05.738+0000] {logging_mixin.py:188} INFO - [2024-07-07T07:51:05.737+0000] {dag.py:3954} INFO - Setting next_dagrun for example_branch_dop_operator_v3 to 2024-07-07 07:50:00+00:00, run_after=2024-07-07 07:51:00+00:00
[2024-07-07T07:51:05.773+0000] {processor.py:183} INFO - Processing /home/airflow/.local/lib/python3.12/site-packages/airflow/example_dags/example_branch_python_dop_operator_3.py took 0.128 seconds
[2024-07-07T07:51:36.643+0000] {processor.py:161} INFO - Started process (PID=4193) to work on /home/airflow/.local/lib/python3.12/site-packages/airflow/example_dags/example_branch_python_dop_operator_3.py
[2024-07-07T07:51:36.645+0000] {processor.py:830} INFO - Processing file /home/airflow/.local/lib/python3.12/site-packages/airflow/example_dags/example_branch_python_dop_operator_3.py for tasks to queue
[2024-07-07T07:51:36.646+0000] {logging_mixin.py:188} INFO - [2024-07-07T07:51:36.646+0000] {dagbag.py:545} INFO - Filling up the DagBag from /home/airflow/.local/lib/python3.12/site-packages/airflow/example_dags/example_branch_python_dop_operator_3.py
[2024-07-07T07:51:36.662+0000] {processor.py:840} INFO - DAG(s) 'example_branch_dop_operator_v3' retrieved from /home/airflow/.local/lib/python3.12/site-packages/airflow/example_dags/example_branch_python_dop_operator_3.py
[2024-07-07T07:51:36.695+0000] {logging_mixin.py:188} INFO - [2024-07-07T07:51:36.695+0000] {dag.py:3096} INFO - Sync 1 DAGs
[2024-07-07T07:51:36.734+0000] {logging_mixin.py:188} INFO - [2024-07-07T07:51:36.734+0000] {dag.py:3954} INFO - Setting next_dagrun for example_branch_dop_operator_v3 to 2024-07-07 07:50:00+00:00, run_after=2024-07-07 07:51:00+00:00
[2024-07-07T07:51:36.760+0000] {processor.py:183} INFO - Processing /home/airflow/.local/lib/python3.12/site-packages/airflow/example_dags/example_branch_python_dop_operator_3.py took 0.126 seconds
[2024-07-07T07:52:07.272+0000] {processor.py:161} INFO - Started process (PID=4253) to work on /home/airflow/.local/lib/python3.12/site-packages/airflow/example_dags/example_branch_python_dop_operator_3.py
[2024-07-07T07:52:07.274+0000] {processor.py:830} INFO - Processing file /home/airflow/.local/lib/python3.12/site-packages/airflow/example_dags/example_branch_python_dop_operator_3.py for tasks to queue
[2024-07-07T07:52:07.276+0000] {logging_mixin.py:188} INFO - [2024-07-07T07:52:07.275+0000] {dagbag.py:545} INFO - Filling up the DagBag from /home/airflow/.local/lib/python3.12/site-packages/airflow/example_dags/example_branch_python_dop_operator_3.py
[2024-07-07T07:52:07.288+0000] {processor.py:840} INFO - DAG(s) 'example_branch_dop_operator_v3' retrieved from /home/airflow/.local/lib/python3.12/site-packages/airflow/example_dags/example_branch_python_dop_operator_3.py
[2024-07-07T07:52:07.318+0000] {logging_mixin.py:188} INFO - [2024-07-07T07:52:07.318+0000] {dag.py:3096} INFO - Sync 1 DAGs
[2024-07-07T07:52:07.351+0000] {logging_mixin.py:188} INFO - [2024-07-07T07:52:07.351+0000] {dag.py:3954} INFO - Setting next_dagrun for example_branch_dop_operator_v3 to 2024-07-07 07:51:00+00:00, run_after=2024-07-07 07:52:00+00:00
[2024-07-07T07:52:07.377+0000] {processor.py:183} INFO - Processing /home/airflow/.local/lib/python3.12/site-packages/airflow/example_dags/example_branch_python_dop_operator_3.py took 0.114 seconds
[2024-07-07T07:52:37.771+0000] {processor.py:161} INFO - Started process (PID=4313) to work on /home/airflow/.local/lib/python3.12/site-packages/airflow/example_dags/example_branch_python_dop_operator_3.py
[2024-07-07T07:52:37.773+0000] {processor.py:830} INFO - Processing file /home/airflow/.local/lib/python3.12/site-packages/airflow/example_dags/example_branch_python_dop_operator_3.py for tasks to queue
[2024-07-07T07:52:37.774+0000] {logging_mixin.py:188} INFO - [2024-07-07T07:52:37.774+0000] {dagbag.py:545} INFO - Filling up the DagBag from /home/airflow/.local/lib/python3.12/site-packages/airflow/example_dags/example_branch_python_dop_operator_3.py
[2024-07-07T07:52:37.790+0000] {processor.py:840} INFO - DAG(s) 'example_branch_dop_operator_v3' retrieved from /home/airflow/.local/lib/python3.12/site-packages/airflow/example_dags/example_branch_python_dop_operator_3.py
[2024-07-07T07:52:37.820+0000] {logging_mixin.py:188} INFO - [2024-07-07T07:52:37.820+0000] {dag.py:3096} INFO - Sync 1 DAGs
[2024-07-07T07:52:37.854+0000] {logging_mixin.py:188} INFO - [2024-07-07T07:52:37.854+0000] {dag.py:3954} INFO - Setting next_dagrun for example_branch_dop_operator_v3 to 2024-07-07 07:51:00+00:00, run_after=2024-07-07 07:52:00+00:00
[2024-07-07T07:52:37.880+0000] {processor.py:183} INFO - Processing /home/airflow/.local/lib/python3.12/site-packages/airflow/example_dags/example_branch_python_dop_operator_3.py took 0.117 seconds
[2024-07-07T07:53:08.259+0000] {processor.py:161} INFO - Started process (PID=4373) to work on /home/airflow/.local/lib/python3.12/site-packages/airflow/example_dags/example_branch_python_dop_operator_3.py
[2024-07-07T07:53:08.261+0000] {processor.py:830} INFO - Processing file /home/airflow/.local/lib/python3.12/site-packages/airflow/example_dags/example_branch_python_dop_operator_3.py for tasks to queue
[2024-07-07T07:53:08.262+0000] {logging_mixin.py:188} INFO - [2024-07-07T07:53:08.262+0000] {dagbag.py:545} INFO - Filling up the DagBag from /home/airflow/.local/lib/python3.12/site-packages/airflow/example_dags/example_branch_python_dop_operator_3.py
[2024-07-07T07:53:08.275+0000] {processor.py:840} INFO - DAG(s) 'example_branch_dop_operator_v3' retrieved from /home/airflow/.local/lib/python3.12/site-packages/airflow/example_dags/example_branch_python_dop_operator_3.py
[2024-07-07T07:53:08.302+0000] {logging_mixin.py:188} INFO - [2024-07-07T07:53:08.302+0000] {dag.py:3096} INFO - Sync 1 DAGs
[2024-07-07T07:53:08.336+0000] {logging_mixin.py:188} INFO - [2024-07-07T07:53:08.335+0000] {dag.py:3954} INFO - Setting next_dagrun for example_branch_dop_operator_v3 to 2024-07-07 07:52:00+00:00, run_after=2024-07-07 07:53:00+00:00
[2024-07-07T07:53:08.385+0000] {processor.py:183} INFO - Processing /home/airflow/.local/lib/python3.12/site-packages/airflow/example_dags/example_branch_python_dop_operator_3.py took 0.137 seconds
[2024-07-07T07:53:38.671+0000] {processor.py:161} INFO - Started process (PID=4433) to work on /home/airflow/.local/lib/python3.12/site-packages/airflow/example_dags/example_branch_python_dop_operator_3.py
[2024-07-07T07:53:38.673+0000] {processor.py:830} INFO - Processing file /home/airflow/.local/lib/python3.12/site-packages/airflow/example_dags/example_branch_python_dop_operator_3.py for tasks to queue
[2024-07-07T07:53:38.675+0000] {logging_mixin.py:188} INFO - [2024-07-07T07:53:38.674+0000] {dagbag.py:545} INFO - Filling up the DagBag from /home/airflow/.local/lib/python3.12/site-packages/airflow/example_dags/example_branch_python_dop_operator_3.py
[2024-07-07T07:53:38.688+0000] {processor.py:840} INFO - DAG(s) 'example_branch_dop_operator_v3' retrieved from /home/airflow/.local/lib/python3.12/site-packages/airflow/example_dags/example_branch_python_dop_operator_3.py
[2024-07-07T07:53:38.716+0000] {logging_mixin.py:188} INFO - [2024-07-07T07:53:38.716+0000] {dag.py:3096} INFO - Sync 1 DAGs
[2024-07-07T07:53:38.750+0000] {logging_mixin.py:188} INFO - [2024-07-07T07:53:38.750+0000] {dag.py:3954} INFO - Setting next_dagrun for example_branch_dop_operator_v3 to 2024-07-07 07:52:00+00:00, run_after=2024-07-07 07:53:00+00:00
[2024-07-07T07:53:38.794+0000] {processor.py:183} INFO - Processing /home/airflow/.local/lib/python3.12/site-packages/airflow/example_dags/example_branch_python_dop_operator_3.py took 0.136 seconds
[2024-07-07T07:54:09.168+0000] {processor.py:161} INFO - Started process (PID=4493) to work on /home/airflow/.local/lib/python3.12/site-packages/airflow/example_dags/example_branch_python_dop_operator_3.py
[2024-07-07T07:54:09.169+0000] {processor.py:830} INFO - Processing file /home/airflow/.local/lib/python3.12/site-packages/airflow/example_dags/example_branch_python_dop_operator_3.py for tasks to queue
[2024-07-07T07:54:09.171+0000] {logging_mixin.py:188} INFO - [2024-07-07T07:54:09.170+0000] {dagbag.py:545} INFO - Filling up the DagBag from /home/airflow/.local/lib/python3.12/site-packages/airflow/example_dags/example_branch_python_dop_operator_3.py
[2024-07-07T07:54:09.184+0000] {processor.py:840} INFO - DAG(s) 'example_branch_dop_operator_v3' retrieved from /home/airflow/.local/lib/python3.12/site-packages/airflow/example_dags/example_branch_python_dop_operator_3.py
[2024-07-07T07:54:09.214+0000] {logging_mixin.py:188} INFO - [2024-07-07T07:54:09.213+0000] {dag.py:3096} INFO - Sync 1 DAGs
[2024-07-07T07:54:09.247+0000] {logging_mixin.py:188} INFO - [2024-07-07T07:54:09.247+0000] {dag.py:3954} INFO - Setting next_dagrun for example_branch_dop_operator_v3 to 2024-07-07 07:53:00+00:00, run_after=2024-07-07 07:54:00+00:00
[2024-07-07T07:54:09.271+0000] {processor.py:183} INFO - Processing /home/airflow/.local/lib/python3.12/site-packages/airflow/example_dags/example_branch_python_dop_operator_3.py took 0.113 seconds
[2024-07-07T07:54:39.883+0000] {processor.py:161} INFO - Started process (PID=4553) to work on /home/airflow/.local/lib/python3.12/site-packages/airflow/example_dags/example_branch_python_dop_operator_3.py
[2024-07-07T07:54:39.884+0000] {processor.py:830} INFO - Processing file /home/airflow/.local/lib/python3.12/site-packages/airflow/example_dags/example_branch_python_dop_operator_3.py for tasks to queue
[2024-07-07T07:54:39.886+0000] {logging_mixin.py:188} INFO - [2024-07-07T07:54:39.885+0000] {dagbag.py:545} INFO - Filling up the DagBag from /home/airflow/.local/lib/python3.12/site-packages/airflow/example_dags/example_branch_python_dop_operator_3.py
[2024-07-07T07:54:39.896+0000] {processor.py:840} INFO - DAG(s) 'example_branch_dop_operator_v3' retrieved from /home/airflow/.local/lib/python3.12/site-packages/airflow/example_dags/example_branch_python_dop_operator_3.py
[2024-07-07T07:54:39.924+0000] {logging_mixin.py:188} INFO - [2024-07-07T07:54:39.923+0000] {dag.py:3096} INFO - Sync 1 DAGs
[2024-07-07T07:54:39.961+0000] {logging_mixin.py:188} INFO - [2024-07-07T07:54:39.961+0000] {dag.py:3954} INFO - Setting next_dagrun for example_branch_dop_operator_v3 to 2024-07-07 07:53:00+00:00, run_after=2024-07-07 07:54:00+00:00
[2024-07-07T07:54:39.989+0000] {processor.py:183} INFO - Processing /home/airflow/.local/lib/python3.12/site-packages/airflow/example_dags/example_branch_python_dop_operator_3.py took 0.114 seconds
[2024-07-07T07:55:10.437+0000] {processor.py:161} INFO - Started process (PID=4613) to work on /home/airflow/.local/lib/python3.12/site-packages/airflow/example_dags/example_branch_python_dop_operator_3.py
[2024-07-07T07:55:10.439+0000] {processor.py:830} INFO - Processing file /home/airflow/.local/lib/python3.12/site-packages/airflow/example_dags/example_branch_python_dop_operator_3.py for tasks to queue
[2024-07-07T07:55:10.440+0000] {logging_mixin.py:188} INFO - [2024-07-07T07:55:10.440+0000] {dagbag.py:545} INFO - Filling up the DagBag from /home/airflow/.local/lib/python3.12/site-packages/airflow/example_dags/example_branch_python_dop_operator_3.py
[2024-07-07T07:55:10.452+0000] {processor.py:840} INFO - DAG(s) 'example_branch_dop_operator_v3' retrieved from /home/airflow/.local/lib/python3.12/site-packages/airflow/example_dags/example_branch_python_dop_operator_3.py
[2024-07-07T07:55:10.482+0000] {logging_mixin.py:188} INFO - [2024-07-07T07:55:10.482+0000] {dag.py:3096} INFO - Sync 1 DAGs
[2024-07-07T07:55:10.515+0000] {logging_mixin.py:188} INFO - [2024-07-07T07:55:10.515+0000] {dag.py:3954} INFO - Setting next_dagrun for example_branch_dop_operator_v3 to 2024-07-07 07:54:00+00:00, run_after=2024-07-07 07:55:00+00:00
[2024-07-07T07:55:10.540+0000] {processor.py:183} INFO - Processing /home/airflow/.local/lib/python3.12/site-packages/airflow/example_dags/example_branch_python_dop_operator_3.py took 0.112 seconds
[2024-07-07T07:55:41.066+0000] {processor.py:161} INFO - Started process (PID=4673) to work on /home/airflow/.local/lib/python3.12/site-packages/airflow/example_dags/example_branch_python_dop_operator_3.py
[2024-07-07T07:55:41.069+0000] {processor.py:830} INFO - Processing file /home/airflow/.local/lib/python3.12/site-packages/airflow/example_dags/example_branch_python_dop_operator_3.py for tasks to queue
[2024-07-07T07:55:41.070+0000] {logging_mixin.py:188} INFO - [2024-07-07T07:55:41.070+0000] {dagbag.py:545} INFO - Filling up the DagBag from /home/airflow/.local/lib/python3.12/site-packages/airflow/example_dags/example_branch_python_dop_operator_3.py
[2024-07-07T07:55:41.082+0000] {processor.py:840} INFO - DAG(s) 'example_branch_dop_operator_v3' retrieved from /home/airflow/.local/lib/python3.12/site-packages/airflow/example_dags/example_branch_python_dop_operator_3.py
[2024-07-07T07:55:41.111+0000] {logging_mixin.py:188} INFO - [2024-07-07T07:55:41.111+0000] {dag.py:3096} INFO - Sync 1 DAGs
[2024-07-07T07:55:41.144+0000] {logging_mixin.py:188} INFO - [2024-07-07T07:55:41.144+0000] {dag.py:3954} INFO - Setting next_dagrun for example_branch_dop_operator_v3 to 2024-07-07 07:54:00+00:00, run_after=2024-07-07 07:55:00+00:00
[2024-07-07T07:55:41.178+0000] {processor.py:183} INFO - Processing /home/airflow/.local/lib/python3.12/site-packages/airflow/example_dags/example_branch_python_dop_operator_3.py took 0.121 seconds
[2024-07-07T07:56:11.410+0000] {processor.py:161} INFO - Started process (PID=4733) to work on /home/airflow/.local/lib/python3.12/site-packages/airflow/example_dags/example_branch_python_dop_operator_3.py
[2024-07-07T07:56:11.412+0000] {processor.py:830} INFO - Processing file /home/airflow/.local/lib/python3.12/site-packages/airflow/example_dags/example_branch_python_dop_operator_3.py for tasks to queue
[2024-07-07T07:56:11.414+0000] {logging_mixin.py:188} INFO - [2024-07-07T07:56:11.413+0000] {dagbag.py:545} INFO - Filling up the DagBag from /home/airflow/.local/lib/python3.12/site-packages/airflow/example_dags/example_branch_python_dop_operator_3.py
[2024-07-07T07:56:11.426+0000] {processor.py:840} INFO - DAG(s) 'example_branch_dop_operator_v3' retrieved from /home/airflow/.local/lib/python3.12/site-packages/airflow/example_dags/example_branch_python_dop_operator_3.py
[2024-07-07T07:56:11.455+0000] {logging_mixin.py:188} INFO - [2024-07-07T07:56:11.454+0000] {dag.py:3096} INFO - Sync 1 DAGs
[2024-07-07T07:56:11.488+0000] {logging_mixin.py:188} INFO - [2024-07-07T07:56:11.488+0000] {dag.py:3954} INFO - Setting next_dagrun for example_branch_dop_operator_v3 to 2024-07-07 07:55:00+00:00, run_after=2024-07-07 07:56:00+00:00
[2024-07-07T07:56:11.532+0000] {processor.py:183} INFO - Processing /home/airflow/.local/lib/python3.12/site-packages/airflow/example_dags/example_branch_python_dop_operator_3.py took 0.132 seconds
[2024-07-07T07:56:42.056+0000] {processor.py:161} INFO - Started process (PID=4793) to work on /home/airflow/.local/lib/python3.12/site-packages/airflow/example_dags/example_branch_python_dop_operator_3.py
[2024-07-07T07:56:42.058+0000] {processor.py:830} INFO - Processing file /home/airflow/.local/lib/python3.12/site-packages/airflow/example_dags/example_branch_python_dop_operator_3.py for tasks to queue
[2024-07-07T07:56:42.060+0000] {logging_mixin.py:188} INFO - [2024-07-07T07:56:42.059+0000] {dagbag.py:545} INFO - Filling up the DagBag from /home/airflow/.local/lib/python3.12/site-packages/airflow/example_dags/example_branch_python_dop_operator_3.py
[2024-07-07T07:56:42.072+0000] {processor.py:840} INFO - DAG(s) 'example_branch_dop_operator_v3' retrieved from /home/airflow/.local/lib/python3.12/site-packages/airflow/example_dags/example_branch_python_dop_operator_3.py
[2024-07-07T07:56:42.101+0000] {logging_mixin.py:188} INFO - [2024-07-07T07:56:42.100+0000] {dag.py:3096} INFO - Sync 1 DAGs
[2024-07-07T07:56:42.133+0000] {logging_mixin.py:188} INFO - [2024-07-07T07:56:42.133+0000] {dag.py:3954} INFO - Setting next_dagrun for example_branch_dop_operator_v3 to 2024-07-07 07:55:00+00:00, run_after=2024-07-07 07:56:00+00:00
[2024-07-07T07:56:42.181+0000] {processor.py:183} INFO - Processing /home/airflow/.local/lib/python3.12/site-packages/airflow/example_dags/example_branch_python_dop_operator_3.py took 0.135 seconds
[2024-07-07T07:57:12.414+0000] {processor.py:161} INFO - Started process (PID=4853) to work on /home/airflow/.local/lib/python3.12/site-packages/airflow/example_dags/example_branch_python_dop_operator_3.py
[2024-07-07T07:57:12.416+0000] {processor.py:830} INFO - Processing file /home/airflow/.local/lib/python3.12/site-packages/airflow/example_dags/example_branch_python_dop_operator_3.py for tasks to queue
[2024-07-07T07:57:12.418+0000] {logging_mixin.py:188} INFO - [2024-07-07T07:57:12.418+0000] {dagbag.py:545} INFO - Filling up the DagBag from /home/airflow/.local/lib/python3.12/site-packages/airflow/example_dags/example_branch_python_dop_operator_3.py
[2024-07-07T07:57:12.433+0000] {processor.py:840} INFO - DAG(s) 'example_branch_dop_operator_v3' retrieved from /home/airflow/.local/lib/python3.12/site-packages/airflow/example_dags/example_branch_python_dop_operator_3.py
[2024-07-07T07:57:12.463+0000] {logging_mixin.py:188} INFO - [2024-07-07T07:57:12.462+0000] {dag.py:3096} INFO - Sync 1 DAGs
[2024-07-07T07:57:12.496+0000] {logging_mixin.py:188} INFO - [2024-07-07T07:57:12.496+0000] {dag.py:3954} INFO - Setting next_dagrun for example_branch_dop_operator_v3 to 2024-07-07 07:56:00+00:00, run_after=2024-07-07 07:57:00+00:00
[2024-07-07T07:57:12.536+0000] {processor.py:183} INFO - Processing /home/airflow/.local/lib/python3.12/site-packages/airflow/example_dags/example_branch_python_dop_operator_3.py took 0.130 seconds
[2024-07-07T07:57:42.785+0000] {processor.py:161} INFO - Started process (PID=4913) to work on /home/airflow/.local/lib/python3.12/site-packages/airflow/example_dags/example_branch_python_dop_operator_3.py
[2024-07-07T07:57:42.787+0000] {processor.py:830} INFO - Processing file /home/airflow/.local/lib/python3.12/site-packages/airflow/example_dags/example_branch_python_dop_operator_3.py for tasks to queue
[2024-07-07T07:57:42.789+0000] {logging_mixin.py:188} INFO - [2024-07-07T07:57:42.788+0000] {dagbag.py:545} INFO - Filling up the DagBag from /home/airflow/.local/lib/python3.12/site-packages/airflow/example_dags/example_branch_python_dop_operator_3.py
[2024-07-07T07:57:42.803+0000] {processor.py:840} INFO - DAG(s) 'example_branch_dop_operator_v3' retrieved from /home/airflow/.local/lib/python3.12/site-packages/airflow/example_dags/example_branch_python_dop_operator_3.py
[2024-07-07T07:57:42.837+0000] {logging_mixin.py:188} INFO - [2024-07-07T07:57:42.836+0000] {dag.py:3096} INFO - Sync 1 DAGs
[2024-07-07T07:57:42.871+0000] {logging_mixin.py:188} INFO - [2024-07-07T07:57:42.871+0000] {dag.py:3954} INFO - Setting next_dagrun for example_branch_dop_operator_v3 to 2024-07-07 07:56:00+00:00, run_after=2024-07-07 07:57:00+00:00
[2024-07-07T07:57:42.903+0000] {processor.py:183} INFO - Processing /home/airflow/.local/lib/python3.12/site-packages/airflow/example_dags/example_branch_python_dop_operator_3.py took 0.127 seconds
[2024-07-07T07:58:13.016+0000] {processor.py:161} INFO - Started process (PID=4973) to work on /home/airflow/.local/lib/python3.12/site-packages/airflow/example_dags/example_branch_python_dop_operator_3.py
[2024-07-07T07:58:13.017+0000] {processor.py:830} INFO - Processing file /home/airflow/.local/lib/python3.12/site-packages/airflow/example_dags/example_branch_python_dop_operator_3.py for tasks to queue
[2024-07-07T07:58:13.019+0000] {logging_mixin.py:188} INFO - [2024-07-07T07:58:13.018+0000] {dagbag.py:545} INFO - Filling up the DagBag from /home/airflow/.local/lib/python3.12/site-packages/airflow/example_dags/example_branch_python_dop_operator_3.py
[2024-07-07T07:58:13.031+0000] {processor.py:840} INFO - DAG(s) 'example_branch_dop_operator_v3' retrieved from /home/airflow/.local/lib/python3.12/site-packages/airflow/example_dags/example_branch_python_dop_operator_3.py
[2024-07-07T07:58:13.059+0000] {logging_mixin.py:188} INFO - [2024-07-07T07:58:13.059+0000] {dag.py:3096} INFO - Sync 1 DAGs
[2024-07-07T07:58:13.093+0000] {logging_mixin.py:188} INFO - [2024-07-07T07:58:13.092+0000] {dag.py:3954} INFO - Setting next_dagrun for example_branch_dop_operator_v3 to 2024-07-07 07:57:00+00:00, run_after=2024-07-07 07:58:00+00:00
[2024-07-07T07:58:13.118+0000] {processor.py:183} INFO - Processing /home/airflow/.local/lib/python3.12/site-packages/airflow/example_dags/example_branch_python_dop_operator_3.py took 0.112 seconds
[2024-07-07T07:58:43.840+0000] {processor.py:161} INFO - Started process (PID=5033) to work on /home/airflow/.local/lib/python3.12/site-packages/airflow/example_dags/example_branch_python_dop_operator_3.py
[2024-07-07T07:58:43.841+0000] {processor.py:830} INFO - Processing file /home/airflow/.local/lib/python3.12/site-packages/airflow/example_dags/example_branch_python_dop_operator_3.py for tasks to queue
[2024-07-07T07:58:43.843+0000] {logging_mixin.py:188} INFO - [2024-07-07T07:58:43.842+0000] {dagbag.py:545} INFO - Filling up the DagBag from /home/airflow/.local/lib/python3.12/site-packages/airflow/example_dags/example_branch_python_dop_operator_3.py
[2024-07-07T07:58:43.855+0000] {processor.py:840} INFO - DAG(s) 'example_branch_dop_operator_v3' retrieved from /home/airflow/.local/lib/python3.12/site-packages/airflow/example_dags/example_branch_python_dop_operator_3.py
[2024-07-07T07:58:43.886+0000] {logging_mixin.py:188} INFO - [2024-07-07T07:58:43.886+0000] {dag.py:3096} INFO - Sync 1 DAGs
[2024-07-07T07:58:43.920+0000] {logging_mixin.py:188} INFO - [2024-07-07T07:58:43.920+0000] {dag.py:3954} INFO - Setting next_dagrun for example_branch_dop_operator_v3 to 2024-07-07 07:57:00+00:00, run_after=2024-07-07 07:58:00+00:00
[2024-07-07T07:58:43.966+0000] {processor.py:183} INFO - Processing /home/airflow/.local/lib/python3.12/site-packages/airflow/example_dags/example_branch_python_dop_operator_3.py took 0.136 seconds
[2024-07-07T07:59:14.124+0000] {processor.py:161} INFO - Started process (PID=5093) to work on /home/airflow/.local/lib/python3.12/site-packages/airflow/example_dags/example_branch_python_dop_operator_3.py
[2024-07-07T07:59:14.126+0000] {processor.py:830} INFO - Processing file /home/airflow/.local/lib/python3.12/site-packages/airflow/example_dags/example_branch_python_dop_operator_3.py for tasks to queue
[2024-07-07T07:59:14.128+0000] {logging_mixin.py:188} INFO - [2024-07-07T07:59:14.127+0000] {dagbag.py:545} INFO - Filling up the DagBag from /home/airflow/.local/lib/python3.12/site-packages/airflow/example_dags/example_branch_python_dop_operator_3.py
[2024-07-07T07:59:14.140+0000] {processor.py:840} INFO - DAG(s) 'example_branch_dop_operator_v3' retrieved from /home/airflow/.local/lib/python3.12/site-packages/airflow/example_dags/example_branch_python_dop_operator_3.py
[2024-07-07T07:59:14.177+0000] {logging_mixin.py:188} INFO - [2024-07-07T07:59:14.177+0000] {dag.py:3096} INFO - Sync 1 DAGs
[2024-07-07T07:59:14.223+0000] {logging_mixin.py:188} INFO - [2024-07-07T07:59:14.222+0000] {dag.py:3954} INFO - Setting next_dagrun for example_branch_dop_operator_v3 to 2024-07-07 07:58:00+00:00, run_after=2024-07-07 07:59:00+00:00
[2024-07-07T07:59:14.252+0000] {processor.py:183} INFO - Processing /home/airflow/.local/lib/python3.12/site-packages/airflow/example_dags/example_branch_python_dop_operator_3.py took 0.140 seconds
[2024-07-07T07:59:44.534+0000] {processor.py:161} INFO - Started process (PID=5153) to work on /home/airflow/.local/lib/python3.12/site-packages/airflow/example_dags/example_branch_python_dop_operator_3.py
[2024-07-07T07:59:44.536+0000] {processor.py:830} INFO - Processing file /home/airflow/.local/lib/python3.12/site-packages/airflow/example_dags/example_branch_python_dop_operator_3.py for tasks to queue
[2024-07-07T07:59:44.537+0000] {logging_mixin.py:188} INFO - [2024-07-07T07:59:44.537+0000] {dagbag.py:545} INFO - Filling up the DagBag from /home/airflow/.local/lib/python3.12/site-packages/airflow/example_dags/example_branch_python_dop_operator_3.py
[2024-07-07T07:59:44.549+0000] {processor.py:840} INFO - DAG(s) 'example_branch_dop_operator_v3' retrieved from /home/airflow/.local/lib/python3.12/site-packages/airflow/example_dags/example_branch_python_dop_operator_3.py
[2024-07-07T07:59:44.578+0000] {logging_mixin.py:188} INFO - [2024-07-07T07:59:44.578+0000] {dag.py:3096} INFO - Sync 1 DAGs
[2024-07-07T07:59:44.611+0000] {logging_mixin.py:188} INFO - [2024-07-07T07:59:44.610+0000] {dag.py:3954} INFO - Setting next_dagrun for example_branch_dop_operator_v3 to 2024-07-07 07:58:00+00:00, run_after=2024-07-07 07:59:00+00:00
[2024-07-07T07:59:44.640+0000] {processor.py:183} INFO - Processing /home/airflow/.local/lib/python3.12/site-packages/airflow/example_dags/example_branch_python_dop_operator_3.py took 0.115 seconds
[2024-07-07T08:00:15.590+0000] {processor.py:161} INFO - Started process (PID=5213) to work on /home/airflow/.local/lib/python3.12/site-packages/airflow/example_dags/example_branch_python_dop_operator_3.py
[2024-07-07T08:00:15.592+0000] {processor.py:830} INFO - Processing file /home/airflow/.local/lib/python3.12/site-packages/airflow/example_dags/example_branch_python_dop_operator_3.py for tasks to queue
[2024-07-07T08:00:15.594+0000] {logging_mixin.py:188} INFO - [2024-07-07T08:00:15.594+0000] {dagbag.py:545} INFO - Filling up the DagBag from /home/airflow/.local/lib/python3.12/site-packages/airflow/example_dags/example_branch_python_dop_operator_3.py
[2024-07-07T08:00:15.608+0000] {processor.py:840} INFO - DAG(s) 'example_branch_dop_operator_v3' retrieved from /home/airflow/.local/lib/python3.12/site-packages/airflow/example_dags/example_branch_python_dop_operator_3.py
[2024-07-07T08:00:15.639+0000] {logging_mixin.py:188} INFO - [2024-07-07T08:00:15.639+0000] {dag.py:3096} INFO - Sync 1 DAGs
[2024-07-07T08:00:15.680+0000] {logging_mixin.py:188} INFO - [2024-07-07T08:00:15.679+0000] {dag.py:3954} INFO - Setting next_dagrun for example_branch_dop_operator_v3 to 2024-07-07 07:59:00+00:00, run_after=2024-07-07 08:00:00+00:00
[2024-07-07T08:00:15.720+0000] {processor.py:183} INFO - Processing /home/airflow/.local/lib/python3.12/site-packages/airflow/example_dags/example_branch_python_dop_operator_3.py took 0.141 seconds
[2024-07-07T08:00:46.227+0000] {processor.py:161} INFO - Started process (PID=5271) to work on /home/airflow/.local/lib/python3.12/site-packages/airflow/example_dags/example_branch_python_dop_operator_3.py
[2024-07-07T08:00:46.229+0000] {processor.py:830} INFO - Processing file /home/airflow/.local/lib/python3.12/site-packages/airflow/example_dags/example_branch_python_dop_operator_3.py for tasks to queue
[2024-07-07T08:00:46.230+0000] {logging_mixin.py:188} INFO - [2024-07-07T08:00:46.230+0000] {dagbag.py:545} INFO - Filling up the DagBag from /home/airflow/.local/lib/python3.12/site-packages/airflow/example_dags/example_branch_python_dop_operator_3.py
[2024-07-07T08:00:46.243+0000] {processor.py:840} INFO - DAG(s) 'example_branch_dop_operator_v3' retrieved from /home/airflow/.local/lib/python3.12/site-packages/airflow/example_dags/example_branch_python_dop_operator_3.py
[2024-07-07T08:00:46.272+0000] {logging_mixin.py:188} INFO - [2024-07-07T08:00:46.272+0000] {dag.py:3096} INFO - Sync 1 DAGs
[2024-07-07T08:00:46.306+0000] {logging_mixin.py:188} INFO - [2024-07-07T08:00:46.306+0000] {dag.py:3954} INFO - Setting next_dagrun for example_branch_dop_operator_v3 to 2024-07-07 07:59:00+00:00, run_after=2024-07-07 08:00:00+00:00
[2024-07-07T08:00:46.344+0000] {processor.py:183} INFO - Processing /home/airflow/.local/lib/python3.12/site-packages/airflow/example_dags/example_branch_python_dop_operator_3.py took 0.130 seconds
[2024-07-07T08:05:32.369+0000] {processor.py:161} INFO - Started process (PID=5318) to work on /home/airflow/.local/lib/python3.12/site-packages/airflow/example_dags/example_branch_python_dop_operator_3.py
[2024-07-07T08:05:32.372+0000] {processor.py:830} INFO - Processing file /home/airflow/.local/lib/python3.12/site-packages/airflow/example_dags/example_branch_python_dop_operator_3.py for tasks to queue
[2024-07-07T08:05:32.379+0000] {logging_mixin.py:188} INFO - [2024-07-07T08:05:32.377+0000] {dagbag.py:545} INFO - Filling up the DagBag from /home/airflow/.local/lib/python3.12/site-packages/airflow/example_dags/example_branch_python_dop_operator_3.py
[2024-07-07T08:05:32.423+0000] {processor.py:840} INFO - DAG(s) 'example_branch_dop_operator_v3' retrieved from /home/airflow/.local/lib/python3.12/site-packages/airflow/example_dags/example_branch_python_dop_operator_3.py
[2024-07-07T08:05:32.486+0000] {logging_mixin.py:188} INFO - [2024-07-07T08:05:32.486+0000] {dag.py:3096} INFO - Sync 1 DAGs
[2024-07-07T08:05:32.568+0000] {logging_mixin.py:188} INFO - [2024-07-07T08:05:32.567+0000] {dag.py:3954} INFO - Setting next_dagrun for example_branch_dop_operator_v3 to 2024-07-07 08:04:00+00:00, run_after=2024-07-07 08:05:00+00:00
[2024-07-07T08:05:32.682+0000] {processor.py:183} INFO - Processing /home/airflow/.local/lib/python3.12/site-packages/airflow/example_dags/example_branch_python_dop_operator_3.py took 0.340 seconds
[2024-07-07T08:06:02.890+0000] {processor.py:161} INFO - Started process (PID=5377) to work on /home/airflow/.local/lib/python3.12/site-packages/airflow/example_dags/example_branch_python_dop_operator_3.py
[2024-07-07T08:06:02.898+0000] {processor.py:830} INFO - Processing file /home/airflow/.local/lib/python3.12/site-packages/airflow/example_dags/example_branch_python_dop_operator_3.py for tasks to queue
[2024-07-07T08:06:02.901+0000] {logging_mixin.py:188} INFO - [2024-07-07T08:06:02.900+0000] {dagbag.py:545} INFO - Filling up the DagBag from /home/airflow/.local/lib/python3.12/site-packages/airflow/example_dags/example_branch_python_dop_operator_3.py
[2024-07-07T08:06:02.924+0000] {processor.py:840} INFO - DAG(s) 'example_branch_dop_operator_v3' retrieved from /home/airflow/.local/lib/python3.12/site-packages/airflow/example_dags/example_branch_python_dop_operator_3.py
[2024-07-07T08:06:02.999+0000] {logging_mixin.py:188} INFO - [2024-07-07T08:06:02.998+0000] {dag.py:3096} INFO - Sync 1 DAGs
[2024-07-07T08:06:03.064+0000] {logging_mixin.py:188} INFO - [2024-07-07T08:06:03.063+0000] {dag.py:3954} INFO - Setting next_dagrun for example_branch_dop_operator_v3 to 2024-07-07 08:05:00+00:00, run_after=2024-07-07 08:06:00+00:00
[2024-07-07T08:06:03.104+0000] {processor.py:183} INFO - Processing /home/airflow/.local/lib/python3.12/site-packages/airflow/example_dags/example_branch_python_dop_operator_3.py took 0.241 seconds
