[2024-07-07T00:00:25.930+0000] {processor.py:161} INFO - Started process (PID=2330) to work on /home/airflow/.local/lib/python3.12/site-packages/airflow/example_dags/example_external_task_marker_dag.py
[2024-07-07T00:00:25.932+0000] {processor.py:830} INFO - Processing file /home/airflow/.local/lib/python3.12/site-packages/airflow/example_dags/example_external_task_marker_dag.py for tasks to queue
[2024-07-07T00:00:25.937+0000] {logging_mixin.py:188} INFO - [2024-07-07T00:00:25.936+0000] {dagbag.py:545} INFO - Filling up the DagBag from /home/airflow/.local/lib/python3.12/site-packages/airflow/example_dags/example_external_task_marker_dag.py
[2024-07-07T00:00:25.952+0000] {processor.py:840} INFO - DAG(s) 'example_external_task_marker_child', 'example_external_task_marker_parent' retrieved from /home/airflow/.local/lib/python3.12/site-packages/airflow/example_dags/example_external_task_marker_dag.py
[2024-07-07T00:00:26.016+0000] {logging_mixin.py:188} INFO - [2024-07-07T00:00:26.015+0000] {dag.py:3096} INFO - Sync 2 DAGs
[2024-07-07T00:00:26.060+0000] {logging_mixin.py:188} INFO - [2024-07-07T00:00:26.060+0000] {dag.py:3954} INFO - Setting next_dagrun for example_external_task_marker_child to None, run_after=None
[2024-07-07T00:00:26.074+0000] {logging_mixin.py:188} INFO - [2024-07-07T00:00:26.073+0000] {dag.py:3954} INFO - Setting next_dagrun for example_external_task_marker_parent to None, run_after=None
[2024-07-07T00:00:26.113+0000] {processor.py:183} INFO - Processing /home/airflow/.local/lib/python3.12/site-packages/airflow/example_dags/example_external_task_marker_dag.py took 0.199 seconds
[2024-07-07T00:00:56.398+0000] {processor.py:161} INFO - Started process (PID=2389) to work on /home/airflow/.local/lib/python3.12/site-packages/airflow/example_dags/example_external_task_marker_dag.py
[2024-07-07T00:00:56.401+0000] {processor.py:830} INFO - Processing file /home/airflow/.local/lib/python3.12/site-packages/airflow/example_dags/example_external_task_marker_dag.py for tasks to queue
[2024-07-07T00:00:56.406+0000] {logging_mixin.py:188} INFO - [2024-07-07T00:00:56.406+0000] {dagbag.py:545} INFO - Filling up the DagBag from /home/airflow/.local/lib/python3.12/site-packages/airflow/example_dags/example_external_task_marker_dag.py
[2024-07-07T00:00:56.423+0000] {processor.py:840} INFO - DAG(s) 'example_external_task_marker_parent', 'example_external_task_marker_child' retrieved from /home/airflow/.local/lib/python3.12/site-packages/airflow/example_dags/example_external_task_marker_dag.py
[2024-07-07T00:00:56.504+0000] {logging_mixin.py:188} INFO - [2024-07-07T00:00:56.503+0000] {dag.py:3096} INFO - Sync 2 DAGs
[2024-07-07T00:00:56.554+0000] {logging_mixin.py:188} INFO - [2024-07-07T00:00:56.553+0000] {dag.py:3954} INFO - Setting next_dagrun for example_external_task_marker_child to None, run_after=None
[2024-07-07T00:00:56.566+0000] {logging_mixin.py:188} INFO - [2024-07-07T00:00:56.565+0000] {dag.py:3954} INFO - Setting next_dagrun for example_external_task_marker_parent to None, run_after=None
[2024-07-07T00:00:56.611+0000] {processor.py:183} INFO - Processing /home/airflow/.local/lib/python3.12/site-packages/airflow/example_dags/example_external_task_marker_dag.py took 0.234 seconds
[2024-07-07T00:01:26.901+0000] {processor.py:161} INFO - Started process (PID=2449) to work on /home/airflow/.local/lib/python3.12/site-packages/airflow/example_dags/example_external_task_marker_dag.py
[2024-07-07T00:01:26.903+0000] {processor.py:830} INFO - Processing file /home/airflow/.local/lib/python3.12/site-packages/airflow/example_dags/example_external_task_marker_dag.py for tasks to queue
[2024-07-07T00:01:26.906+0000] {logging_mixin.py:188} INFO - [2024-07-07T00:01:26.906+0000] {dagbag.py:545} INFO - Filling up the DagBag from /home/airflow/.local/lib/python3.12/site-packages/airflow/example_dags/example_external_task_marker_dag.py
[2024-07-07T00:01:26.919+0000] {processor.py:840} INFO - DAG(s) 'example_external_task_marker_child', 'example_external_task_marker_parent' retrieved from /home/airflow/.local/lib/python3.12/site-packages/airflow/example_dags/example_external_task_marker_dag.py
[2024-07-07T00:01:26.968+0000] {logging_mixin.py:188} INFO - [2024-07-07T00:01:26.967+0000] {dag.py:3096} INFO - Sync 2 DAGs
[2024-07-07T00:01:26.996+0000] {logging_mixin.py:188} INFO - [2024-07-07T00:01:26.996+0000] {dag.py:3954} INFO - Setting next_dagrun for example_external_task_marker_child to None, run_after=None
[2024-07-07T00:01:27.006+0000] {logging_mixin.py:188} INFO - [2024-07-07T00:01:27.006+0000] {dag.py:3954} INFO - Setting next_dagrun for example_external_task_marker_parent to None, run_after=None
[2024-07-07T00:01:27.046+0000] {processor.py:183} INFO - Processing /home/airflow/.local/lib/python3.12/site-packages/airflow/example_dags/example_external_task_marker_dag.py took 0.159 seconds
[2024-07-07T00:01:57.628+0000] {processor.py:161} INFO - Started process (PID=2509) to work on /home/airflow/.local/lib/python3.12/site-packages/airflow/example_dags/example_external_task_marker_dag.py
[2024-07-07T00:01:57.631+0000] {processor.py:830} INFO - Processing file /home/airflow/.local/lib/python3.12/site-packages/airflow/example_dags/example_external_task_marker_dag.py for tasks to queue
[2024-07-07T00:01:57.637+0000] {logging_mixin.py:188} INFO - [2024-07-07T00:01:57.636+0000] {dagbag.py:545} INFO - Filling up the DagBag from /home/airflow/.local/lib/python3.12/site-packages/airflow/example_dags/example_external_task_marker_dag.py
[2024-07-07T00:01:57.654+0000] {processor.py:840} INFO - DAG(s) 'example_external_task_marker_parent', 'example_external_task_marker_child' retrieved from /home/airflow/.local/lib/python3.12/site-packages/airflow/example_dags/example_external_task_marker_dag.py
[2024-07-07T00:01:57.720+0000] {logging_mixin.py:188} INFO - [2024-07-07T00:01:57.720+0000] {dag.py:3096} INFO - Sync 2 DAGs
[2024-07-07T00:01:57.760+0000] {logging_mixin.py:188} INFO - [2024-07-07T00:01:57.759+0000] {dag.py:3954} INFO - Setting next_dagrun for example_external_task_marker_child to None, run_after=None
[2024-07-07T00:01:57.771+0000] {logging_mixin.py:188} INFO - [2024-07-07T00:01:57.771+0000] {dag.py:3954} INFO - Setting next_dagrun for example_external_task_marker_parent to None, run_after=None
[2024-07-07T00:01:57.817+0000] {processor.py:183} INFO - Processing /home/airflow/.local/lib/python3.12/site-packages/airflow/example_dags/example_external_task_marker_dag.py took 0.209 seconds
[2024-07-07T00:02:28.239+0000] {processor.py:161} INFO - Started process (PID=2569) to work on /home/airflow/.local/lib/python3.12/site-packages/airflow/example_dags/example_external_task_marker_dag.py
[2024-07-07T00:02:28.241+0000] {processor.py:830} INFO - Processing file /home/airflow/.local/lib/python3.12/site-packages/airflow/example_dags/example_external_task_marker_dag.py for tasks to queue
[2024-07-07T00:02:28.247+0000] {logging_mixin.py:188} INFO - [2024-07-07T00:02:28.246+0000] {dagbag.py:545} INFO - Filling up the DagBag from /home/airflow/.local/lib/python3.12/site-packages/airflow/example_dags/example_external_task_marker_dag.py
[2024-07-07T00:02:28.266+0000] {processor.py:840} INFO - DAG(s) 'example_external_task_marker_parent', 'example_external_task_marker_child' retrieved from /home/airflow/.local/lib/python3.12/site-packages/airflow/example_dags/example_external_task_marker_dag.py
[2024-07-07T00:02:28.335+0000] {logging_mixin.py:188} INFO - [2024-07-07T00:02:28.334+0000] {dag.py:3096} INFO - Sync 2 DAGs
[2024-07-07T00:02:28.384+0000] {logging_mixin.py:188} INFO - [2024-07-07T00:02:28.384+0000] {dag.py:3954} INFO - Setting next_dagrun for example_external_task_marker_child to None, run_after=None
[2024-07-07T00:02:28.401+0000] {logging_mixin.py:188} INFO - [2024-07-07T00:02:28.401+0000] {dag.py:3954} INFO - Setting next_dagrun for example_external_task_marker_parent to None, run_after=None
[2024-07-07T00:02:28.462+0000] {processor.py:183} INFO - Processing /home/airflow/.local/lib/python3.12/site-packages/airflow/example_dags/example_external_task_marker_dag.py took 0.245 seconds
[2024-07-07T00:02:58.673+0000] {processor.py:161} INFO - Started process (PID=2629) to work on /home/airflow/.local/lib/python3.12/site-packages/airflow/example_dags/example_external_task_marker_dag.py
[2024-07-07T00:02:58.676+0000] {processor.py:830} INFO - Processing file /home/airflow/.local/lib/python3.12/site-packages/airflow/example_dags/example_external_task_marker_dag.py for tasks to queue
[2024-07-07T00:02:58.681+0000] {logging_mixin.py:188} INFO - [2024-07-07T00:02:58.681+0000] {dagbag.py:545} INFO - Filling up the DagBag from /home/airflow/.local/lib/python3.12/site-packages/airflow/example_dags/example_external_task_marker_dag.py
[2024-07-07T00:02:58.697+0000] {processor.py:840} INFO - DAG(s) 'example_external_task_marker_parent', 'example_external_task_marker_child' retrieved from /home/airflow/.local/lib/python3.12/site-packages/airflow/example_dags/example_external_task_marker_dag.py
[2024-07-07T00:02:58.775+0000] {logging_mixin.py:188} INFO - [2024-07-07T00:02:58.774+0000] {dag.py:3096} INFO - Sync 2 DAGs
[2024-07-07T00:02:58.833+0000] {logging_mixin.py:188} INFO - [2024-07-07T00:02:58.832+0000] {dag.py:3954} INFO - Setting next_dagrun for example_external_task_marker_child to None, run_after=None
[2024-07-07T00:02:58.850+0000] {logging_mixin.py:188} INFO - [2024-07-07T00:02:58.849+0000] {dag.py:3954} INFO - Setting next_dagrun for example_external_task_marker_parent to None, run_after=None
[2024-07-07T00:02:58.906+0000] {processor.py:183} INFO - Processing /home/airflow/.local/lib/python3.12/site-packages/airflow/example_dags/example_external_task_marker_dag.py took 0.246 seconds
[2024-07-07T00:03:29.233+0000] {processor.py:161} INFO - Started process (PID=2690) to work on /home/airflow/.local/lib/python3.12/site-packages/airflow/example_dags/example_external_task_marker_dag.py
[2024-07-07T00:03:29.235+0000] {processor.py:830} INFO - Processing file /home/airflow/.local/lib/python3.12/site-packages/airflow/example_dags/example_external_task_marker_dag.py for tasks to queue
[2024-07-07T00:03:29.239+0000] {logging_mixin.py:188} INFO - [2024-07-07T00:03:29.238+0000] {dagbag.py:545} INFO - Filling up the DagBag from /home/airflow/.local/lib/python3.12/site-packages/airflow/example_dags/example_external_task_marker_dag.py
[2024-07-07T00:03:29.251+0000] {processor.py:840} INFO - DAG(s) 'example_external_task_marker_parent', 'example_external_task_marker_child' retrieved from /home/airflow/.local/lib/python3.12/site-packages/airflow/example_dags/example_external_task_marker_dag.py
[2024-07-07T00:03:29.300+0000] {logging_mixin.py:188} INFO - [2024-07-07T00:03:29.299+0000] {dag.py:3096} INFO - Sync 2 DAGs
[2024-07-07T00:03:29.326+0000] {logging_mixin.py:188} INFO - [2024-07-07T00:03:29.325+0000] {dag.py:3954} INFO - Setting next_dagrun for example_external_task_marker_child to None, run_after=None
[2024-07-07T00:03:29.334+0000] {logging_mixin.py:188} INFO - [2024-07-07T00:03:29.333+0000] {dag.py:3954} INFO - Setting next_dagrun for example_external_task_marker_parent to None, run_after=None
[2024-07-07T00:03:29.374+0000] {processor.py:183} INFO - Processing /home/airflow/.local/lib/python3.12/site-packages/airflow/example_dags/example_external_task_marker_dag.py took 0.152 seconds
[2024-07-07T07:39:30.116+0000] {processor.py:161} INFO - Started process (PID=2787) to work on /home/airflow/.local/lib/python3.12/site-packages/airflow/example_dags/example_external_task_marker_dag.py
[2024-07-07T07:39:30.166+0000] {processor.py:830} INFO - Processing file /home/airflow/.local/lib/python3.12/site-packages/airflow/example_dags/example_external_task_marker_dag.py for tasks to queue
[2024-07-07T07:39:30.192+0000] {logging_mixin.py:188} INFO - [2024-07-07T07:39:30.191+0000] {dagbag.py:545} INFO - Filling up the DagBag from /home/airflow/.local/lib/python3.12/site-packages/airflow/example_dags/example_external_task_marker_dag.py
[2024-07-07T07:39:30.256+0000] {processor.py:840} INFO - DAG(s) 'example_external_task_marker_parent', 'example_external_task_marker_child' retrieved from /home/airflow/.local/lib/python3.12/site-packages/airflow/example_dags/example_external_task_marker_dag.py
[2024-07-07T07:39:30.420+0000] {logging_mixin.py:188} INFO - [2024-07-07T07:39:30.419+0000] {dag.py:3096} INFO - Sync 2 DAGs
[2024-07-07T07:39:30.517+0000] {logging_mixin.py:188} INFO - [2024-07-07T07:39:30.516+0000] {dag.py:3954} INFO - Setting next_dagrun for example_external_task_marker_child to None, run_after=None
[2024-07-07T07:39:30.542+0000] {logging_mixin.py:188} INFO - [2024-07-07T07:39:30.541+0000] {dag.py:3954} INFO - Setting next_dagrun for example_external_task_marker_parent to None, run_after=None
[2024-07-07T07:39:30.671+0000] {processor.py:183} INFO - Processing /home/airflow/.local/lib/python3.12/site-packages/airflow/example_dags/example_external_task_marker_dag.py took 0.596 seconds
[2024-07-07T07:40:00.767+0000] {processor.py:161} INFO - Started process (PID=2847) to work on /home/airflow/.local/lib/python3.12/site-packages/airflow/example_dags/example_external_task_marker_dag.py
[2024-07-07T07:40:00.769+0000] {processor.py:830} INFO - Processing file /home/airflow/.local/lib/python3.12/site-packages/airflow/example_dags/example_external_task_marker_dag.py for tasks to queue
[2024-07-07T07:40:00.771+0000] {logging_mixin.py:188} INFO - [2024-07-07T07:40:00.771+0000] {dagbag.py:545} INFO - Filling up the DagBag from /home/airflow/.local/lib/python3.12/site-packages/airflow/example_dags/example_external_task_marker_dag.py
[2024-07-07T07:40:00.783+0000] {processor.py:840} INFO - DAG(s) 'example_external_task_marker_child', 'example_external_task_marker_parent' retrieved from /home/airflow/.local/lib/python3.12/site-packages/airflow/example_dags/example_external_task_marker_dag.py
[2024-07-07T07:40:00.833+0000] {logging_mixin.py:188} INFO - [2024-07-07T07:40:00.832+0000] {dag.py:3096} INFO - Sync 2 DAGs
[2024-07-07T07:40:00.850+0000] {logging_mixin.py:188} INFO - [2024-07-07T07:40:00.850+0000] {dag.py:3954} INFO - Setting next_dagrun for example_external_task_marker_child to None, run_after=None
[2024-07-07T07:40:00.855+0000] {logging_mixin.py:188} INFO - [2024-07-07T07:40:00.855+0000] {dag.py:3954} INFO - Setting next_dagrun for example_external_task_marker_parent to None, run_after=None
[2024-07-07T07:40:00.876+0000] {processor.py:183} INFO - Processing /home/airflow/.local/lib/python3.12/site-packages/airflow/example_dags/example_external_task_marker_dag.py took 0.121 seconds
[2024-07-07T07:40:30.969+0000] {processor.py:161} INFO - Started process (PID=2907) to work on /home/airflow/.local/lib/python3.12/site-packages/airflow/example_dags/example_external_task_marker_dag.py
[2024-07-07T07:40:30.970+0000] {processor.py:830} INFO - Processing file /home/airflow/.local/lib/python3.12/site-packages/airflow/example_dags/example_external_task_marker_dag.py for tasks to queue
[2024-07-07T07:40:30.971+0000] {logging_mixin.py:188} INFO - [2024-07-07T07:40:30.971+0000] {dagbag.py:545} INFO - Filling up the DagBag from /home/airflow/.local/lib/python3.12/site-packages/airflow/example_dags/example_external_task_marker_dag.py
[2024-07-07T07:40:30.979+0000] {processor.py:840} INFO - DAG(s) 'example_external_task_marker_child', 'example_external_task_marker_parent' retrieved from /home/airflow/.local/lib/python3.12/site-packages/airflow/example_dags/example_external_task_marker_dag.py
[2024-07-07T07:40:31.008+0000] {logging_mixin.py:188} INFO - [2024-07-07T07:40:31.008+0000] {dag.py:3096} INFO - Sync 2 DAGs
[2024-07-07T07:40:31.023+0000] {logging_mixin.py:188} INFO - [2024-07-07T07:40:31.023+0000] {dag.py:3954} INFO - Setting next_dagrun for example_external_task_marker_child to None, run_after=None
[2024-07-07T07:40:31.028+0000] {logging_mixin.py:188} INFO - [2024-07-07T07:40:31.028+0000] {dag.py:3954} INFO - Setting next_dagrun for example_external_task_marker_parent to None, run_after=None
[2024-07-07T07:40:31.047+0000] {processor.py:183} INFO - Processing /home/airflow/.local/lib/python3.12/site-packages/airflow/example_dags/example_external_task_marker_dag.py took 0.085 seconds
[2024-07-07T07:41:01.922+0000] {processor.py:161} INFO - Started process (PID=2967) to work on /home/airflow/.local/lib/python3.12/site-packages/airflow/example_dags/example_external_task_marker_dag.py
[2024-07-07T07:41:01.925+0000] {processor.py:830} INFO - Processing file /home/airflow/.local/lib/python3.12/site-packages/airflow/example_dags/example_external_task_marker_dag.py for tasks to queue
[2024-07-07T07:41:01.928+0000] {logging_mixin.py:188} INFO - [2024-07-07T07:41:01.927+0000] {dagbag.py:545} INFO - Filling up the DagBag from /home/airflow/.local/lib/python3.12/site-packages/airflow/example_dags/example_external_task_marker_dag.py
[2024-07-07T07:41:01.944+0000] {processor.py:840} INFO - DAG(s) 'example_external_task_marker_parent', 'example_external_task_marker_child' retrieved from /home/airflow/.local/lib/python3.12/site-packages/airflow/example_dags/example_external_task_marker_dag.py
[2024-07-07T07:41:02.013+0000] {logging_mixin.py:188} INFO - [2024-07-07T07:41:02.012+0000] {dag.py:3096} INFO - Sync 2 DAGs
[2024-07-07T07:41:02.046+0000] {logging_mixin.py:188} INFO - [2024-07-07T07:41:02.045+0000] {dag.py:3954} INFO - Setting next_dagrun for example_external_task_marker_child to None, run_after=None
[2024-07-07T07:41:02.057+0000] {logging_mixin.py:188} INFO - [2024-07-07T07:41:02.056+0000] {dag.py:3954} INFO - Setting next_dagrun for example_external_task_marker_parent to None, run_after=None
[2024-07-07T07:41:02.096+0000] {processor.py:183} INFO - Processing /home/airflow/.local/lib/python3.12/site-packages/airflow/example_dags/example_external_task_marker_dag.py took 0.199 seconds
[2024-07-07T07:41:32.987+0000] {processor.py:161} INFO - Started process (PID=3027) to work on /home/airflow/.local/lib/python3.12/site-packages/airflow/example_dags/example_external_task_marker_dag.py
[2024-07-07T07:41:32.989+0000] {processor.py:830} INFO - Processing file /home/airflow/.local/lib/python3.12/site-packages/airflow/example_dags/example_external_task_marker_dag.py for tasks to queue
[2024-07-07T07:41:32.993+0000] {logging_mixin.py:188} INFO - [2024-07-07T07:41:32.992+0000] {dagbag.py:545} INFO - Filling up the DagBag from /home/airflow/.local/lib/python3.12/site-packages/airflow/example_dags/example_external_task_marker_dag.py
[2024-07-07T07:41:33.010+0000] {processor.py:840} INFO - DAG(s) 'example_external_task_marker_child', 'example_external_task_marker_parent' retrieved from /home/airflow/.local/lib/python3.12/site-packages/airflow/example_dags/example_external_task_marker_dag.py
[2024-07-07T07:41:33.067+0000] {logging_mixin.py:188} INFO - [2024-07-07T07:41:33.067+0000] {dag.py:3096} INFO - Sync 2 DAGs
[2024-07-07T07:41:33.108+0000] {logging_mixin.py:188} INFO - [2024-07-07T07:41:33.108+0000] {dag.py:3954} INFO - Setting next_dagrun for example_external_task_marker_child to None, run_after=None
[2024-07-07T07:41:33.124+0000] {logging_mixin.py:188} INFO - [2024-07-07T07:41:33.123+0000] {dag.py:3954} INFO - Setting next_dagrun for example_external_task_marker_parent to None, run_after=None
[2024-07-07T07:41:33.218+0000] {processor.py:183} INFO - Processing /home/airflow/.local/lib/python3.12/site-packages/airflow/example_dags/example_external_task_marker_dag.py took 0.247 seconds
[2024-07-07T07:42:04.081+0000] {processor.py:161} INFO - Started process (PID=3087) to work on /home/airflow/.local/lib/python3.12/site-packages/airflow/example_dags/example_external_task_marker_dag.py
[2024-07-07T07:42:04.085+0000] {processor.py:830} INFO - Processing file /home/airflow/.local/lib/python3.12/site-packages/airflow/example_dags/example_external_task_marker_dag.py for tasks to queue
[2024-07-07T07:42:04.088+0000] {logging_mixin.py:188} INFO - [2024-07-07T07:42:04.087+0000] {dagbag.py:545} INFO - Filling up the DagBag from /home/airflow/.local/lib/python3.12/site-packages/airflow/example_dags/example_external_task_marker_dag.py
[2024-07-07T07:42:04.102+0000] {processor.py:840} INFO - DAG(s) 'example_external_task_marker_child', 'example_external_task_marker_parent' retrieved from /home/airflow/.local/lib/python3.12/site-packages/airflow/example_dags/example_external_task_marker_dag.py
[2024-07-07T07:42:04.154+0000] {logging_mixin.py:188} INFO - [2024-07-07T07:42:04.153+0000] {dag.py:3096} INFO - Sync 2 DAGs
[2024-07-07T07:42:04.183+0000] {logging_mixin.py:188} INFO - [2024-07-07T07:42:04.183+0000] {dag.py:3954} INFO - Setting next_dagrun for example_external_task_marker_child to None, run_after=None
[2024-07-07T07:42:04.192+0000] {logging_mixin.py:188} INFO - [2024-07-07T07:42:04.192+0000] {dag.py:3954} INFO - Setting next_dagrun for example_external_task_marker_parent to None, run_after=None
[2024-07-07T07:42:04.236+0000] {processor.py:183} INFO - Processing /home/airflow/.local/lib/python3.12/site-packages/airflow/example_dags/example_external_task_marker_dag.py took 0.172 seconds
[2024-07-07T07:42:35.898+0000] {processor.py:161} INFO - Started process (PID=3147) to work on /home/airflow/.local/lib/python3.12/site-packages/airflow/example_dags/example_external_task_marker_dag.py
[2024-07-07T07:42:35.901+0000] {processor.py:830} INFO - Processing file /home/airflow/.local/lib/python3.12/site-packages/airflow/example_dags/example_external_task_marker_dag.py for tasks to queue
[2024-07-07T07:42:35.904+0000] {logging_mixin.py:188} INFO - [2024-07-07T07:42:35.903+0000] {dagbag.py:545} INFO - Filling up the DagBag from /home/airflow/.local/lib/python3.12/site-packages/airflow/example_dags/example_external_task_marker_dag.py
[2024-07-07T07:42:35.919+0000] {processor.py:840} INFO - DAG(s) 'example_external_task_marker_parent', 'example_external_task_marker_child' retrieved from /home/airflow/.local/lib/python3.12/site-packages/airflow/example_dags/example_external_task_marker_dag.py
[2024-07-07T07:42:35.972+0000] {logging_mixin.py:188} INFO - [2024-07-07T07:42:35.972+0000] {dag.py:3096} INFO - Sync 2 DAGs
[2024-07-07T07:42:36.000+0000] {logging_mixin.py:188} INFO - [2024-07-07T07:42:36.000+0000] {dag.py:3954} INFO - Setting next_dagrun for example_external_task_marker_child to None, run_after=None
[2024-07-07T07:42:36.010+0000] {logging_mixin.py:188} INFO - [2024-07-07T07:42:36.009+0000] {dag.py:3954} INFO - Setting next_dagrun for example_external_task_marker_parent to None, run_after=None
[2024-07-07T07:42:36.052+0000] {processor.py:183} INFO - Processing /home/airflow/.local/lib/python3.12/site-packages/airflow/example_dags/example_external_task_marker_dag.py took 0.173 seconds
[2024-07-07T07:43:07.521+0000] {processor.py:161} INFO - Started process (PID=3207) to work on /home/airflow/.local/lib/python3.12/site-packages/airflow/example_dags/example_external_task_marker_dag.py
[2024-07-07T07:43:07.524+0000] {processor.py:830} INFO - Processing file /home/airflow/.local/lib/python3.12/site-packages/airflow/example_dags/example_external_task_marker_dag.py for tasks to queue
[2024-07-07T07:43:07.527+0000] {logging_mixin.py:188} INFO - [2024-07-07T07:43:07.526+0000] {dagbag.py:545} INFO - Filling up the DagBag from /home/airflow/.local/lib/python3.12/site-packages/airflow/example_dags/example_external_task_marker_dag.py
[2024-07-07T07:43:07.547+0000] {processor.py:840} INFO - DAG(s) 'example_external_task_marker_parent', 'example_external_task_marker_child' retrieved from /home/airflow/.local/lib/python3.12/site-packages/airflow/example_dags/example_external_task_marker_dag.py
[2024-07-07T07:43:07.621+0000] {logging_mixin.py:188} INFO - [2024-07-07T07:43:07.620+0000] {dag.py:3096} INFO - Sync 2 DAGs
[2024-07-07T07:43:07.660+0000] {logging_mixin.py:188} INFO - [2024-07-07T07:43:07.660+0000] {dag.py:3954} INFO - Setting next_dagrun for example_external_task_marker_child to None, run_after=None
[2024-07-07T07:43:07.671+0000] {logging_mixin.py:188} INFO - [2024-07-07T07:43:07.670+0000] {dag.py:3954} INFO - Setting next_dagrun for example_external_task_marker_parent to None, run_after=None
[2024-07-07T07:43:07.717+0000] {processor.py:183} INFO - Processing /home/airflow/.local/lib/python3.12/site-packages/airflow/example_dags/example_external_task_marker_dag.py took 0.213 seconds
[2024-07-07T07:43:39.264+0000] {processor.py:161} INFO - Started process (PID=3267) to work on /home/airflow/.local/lib/python3.12/site-packages/airflow/example_dags/example_external_task_marker_dag.py
[2024-07-07T07:43:39.268+0000] {processor.py:830} INFO - Processing file /home/airflow/.local/lib/python3.12/site-packages/airflow/example_dags/example_external_task_marker_dag.py for tasks to queue
[2024-07-07T07:43:39.271+0000] {logging_mixin.py:188} INFO - [2024-07-07T07:43:39.270+0000] {dagbag.py:545} INFO - Filling up the DagBag from /home/airflow/.local/lib/python3.12/site-packages/airflow/example_dags/example_external_task_marker_dag.py
[2024-07-07T07:43:39.291+0000] {processor.py:840} INFO - DAG(s) 'example_external_task_marker_child', 'example_external_task_marker_parent' retrieved from /home/airflow/.local/lib/python3.12/site-packages/airflow/example_dags/example_external_task_marker_dag.py
[2024-07-07T07:43:39.404+0000] {logging_mixin.py:188} INFO - [2024-07-07T07:43:39.402+0000] {dag.py:3096} INFO - Sync 2 DAGs
[2024-07-07T07:43:39.465+0000] {logging_mixin.py:188} INFO - [2024-07-07T07:43:39.464+0000] {dag.py:3954} INFO - Setting next_dagrun for example_external_task_marker_child to None, run_after=None
[2024-07-07T07:43:39.478+0000] {logging_mixin.py:188} INFO - [2024-07-07T07:43:39.477+0000] {dag.py:3954} INFO - Setting next_dagrun for example_external_task_marker_parent to None, run_after=None
[2024-07-07T07:43:39.549+0000] {processor.py:183} INFO - Processing /home/airflow/.local/lib/python3.12/site-packages/airflow/example_dags/example_external_task_marker_dag.py took 0.311 seconds
[2024-07-07T07:44:09.987+0000] {processor.py:161} INFO - Started process (PID=3325) to work on /home/airflow/.local/lib/python3.12/site-packages/airflow/example_dags/example_external_task_marker_dag.py
[2024-07-07T07:44:09.990+0000] {processor.py:830} INFO - Processing file /home/airflow/.local/lib/python3.12/site-packages/airflow/example_dags/example_external_task_marker_dag.py for tasks to queue
[2024-07-07T07:44:09.997+0000] {logging_mixin.py:188} INFO - [2024-07-07T07:44:09.993+0000] {dagbag.py:545} INFO - Filling up the DagBag from /home/airflow/.local/lib/python3.12/site-packages/airflow/example_dags/example_external_task_marker_dag.py
[2024-07-07T07:44:10.025+0000] {processor.py:840} INFO - DAG(s) 'example_external_task_marker_child', 'example_external_task_marker_parent' retrieved from /home/airflow/.local/lib/python3.12/site-packages/airflow/example_dags/example_external_task_marker_dag.py
[2024-07-07T07:44:10.091+0000] {logging_mixin.py:188} INFO - [2024-07-07T07:44:10.091+0000] {dag.py:3096} INFO - Sync 2 DAGs
[2024-07-07T07:44:10.122+0000] {logging_mixin.py:188} INFO - [2024-07-07T07:44:10.122+0000] {dag.py:3954} INFO - Setting next_dagrun for example_external_task_marker_child to None, run_after=None
[2024-07-07T07:44:10.130+0000] {logging_mixin.py:188} INFO - [2024-07-07T07:44:10.130+0000] {dag.py:3954} INFO - Setting next_dagrun for example_external_task_marker_parent to None, run_after=None
[2024-07-07T07:44:10.183+0000] {processor.py:183} INFO - Processing /home/airflow/.local/lib/python3.12/site-packages/airflow/example_dags/example_external_task_marker_dag.py took 0.235 seconds
[2024-07-07T07:44:40.491+0000] {processor.py:161} INFO - Started process (PID=3385) to work on /home/airflow/.local/lib/python3.12/site-packages/airflow/example_dags/example_external_task_marker_dag.py
[2024-07-07T07:44:40.494+0000] {processor.py:830} INFO - Processing file /home/airflow/.local/lib/python3.12/site-packages/airflow/example_dags/example_external_task_marker_dag.py for tasks to queue
[2024-07-07T07:44:40.498+0000] {logging_mixin.py:188} INFO - [2024-07-07T07:44:40.497+0000] {dagbag.py:545} INFO - Filling up the DagBag from /home/airflow/.local/lib/python3.12/site-packages/airflow/example_dags/example_external_task_marker_dag.py
[2024-07-07T07:44:40.513+0000] {processor.py:840} INFO - DAG(s) 'example_external_task_marker_child', 'example_external_task_marker_parent' retrieved from /home/airflow/.local/lib/python3.12/site-packages/airflow/example_dags/example_external_task_marker_dag.py
[2024-07-07T07:44:40.579+0000] {logging_mixin.py:188} INFO - [2024-07-07T07:44:40.578+0000] {dag.py:3096} INFO - Sync 2 DAGs
[2024-07-07T07:44:40.614+0000] {logging_mixin.py:188} INFO - [2024-07-07T07:44:40.613+0000] {dag.py:3954} INFO - Setting next_dagrun for example_external_task_marker_child to None, run_after=None
[2024-07-07T07:44:40.622+0000] {logging_mixin.py:188} INFO - [2024-07-07T07:44:40.621+0000] {dag.py:3954} INFO - Setting next_dagrun for example_external_task_marker_parent to None, run_after=None
[2024-07-07T07:44:40.678+0000] {processor.py:183} INFO - Processing /home/airflow/.local/lib/python3.12/site-packages/airflow/example_dags/example_external_task_marker_dag.py took 0.231 seconds
[2024-07-07T07:45:11.631+0000] {processor.py:161} INFO - Started process (PID=3446) to work on /home/airflow/.local/lib/python3.12/site-packages/airflow/example_dags/example_external_task_marker_dag.py
[2024-07-07T07:45:11.638+0000] {processor.py:830} INFO - Processing file /home/airflow/.local/lib/python3.12/site-packages/airflow/example_dags/example_external_task_marker_dag.py for tasks to queue
[2024-07-07T07:45:11.644+0000] {logging_mixin.py:188} INFO - [2024-07-07T07:45:11.643+0000] {dagbag.py:545} INFO - Filling up the DagBag from /home/airflow/.local/lib/python3.12/site-packages/airflow/example_dags/example_external_task_marker_dag.py
[2024-07-07T07:45:11.665+0000] {processor.py:840} INFO - DAG(s) 'example_external_task_marker_child', 'example_external_task_marker_parent' retrieved from /home/airflow/.local/lib/python3.12/site-packages/airflow/example_dags/example_external_task_marker_dag.py
[2024-07-07T07:45:11.750+0000] {logging_mixin.py:188} INFO - [2024-07-07T07:45:11.750+0000] {dag.py:3096} INFO - Sync 2 DAGs
[2024-07-07T07:45:11.806+0000] {logging_mixin.py:188} INFO - [2024-07-07T07:45:11.805+0000] {dag.py:3954} INFO - Setting next_dagrun for example_external_task_marker_child to None, run_after=None
[2024-07-07T07:45:11.824+0000] {logging_mixin.py:188} INFO - [2024-07-07T07:45:11.823+0000] {dag.py:3954} INFO - Setting next_dagrun for example_external_task_marker_parent to None, run_after=None
[2024-07-07T07:45:11.915+0000] {processor.py:183} INFO - Processing /home/airflow/.local/lib/python3.12/site-packages/airflow/example_dags/example_external_task_marker_dag.py took 0.333 seconds
[2024-07-07T07:45:42.187+0000] {processor.py:161} INFO - Started process (PID=3505) to work on /home/airflow/.local/lib/python3.12/site-packages/airflow/example_dags/example_external_task_marker_dag.py
[2024-07-07T07:45:42.189+0000] {processor.py:830} INFO - Processing file /home/airflow/.local/lib/python3.12/site-packages/airflow/example_dags/example_external_task_marker_dag.py for tasks to queue
[2024-07-07T07:45:42.192+0000] {logging_mixin.py:188} INFO - [2024-07-07T07:45:42.191+0000] {dagbag.py:545} INFO - Filling up the DagBag from /home/airflow/.local/lib/python3.12/site-packages/airflow/example_dags/example_external_task_marker_dag.py
[2024-07-07T07:45:42.205+0000] {processor.py:840} INFO - DAG(s) 'example_external_task_marker_parent', 'example_external_task_marker_child' retrieved from /home/airflow/.local/lib/python3.12/site-packages/airflow/example_dags/example_external_task_marker_dag.py
[2024-07-07T07:45:42.249+0000] {logging_mixin.py:188} INFO - [2024-07-07T07:45:42.248+0000] {dag.py:3096} INFO - Sync 2 DAGs
[2024-07-07T07:45:42.272+0000] {logging_mixin.py:188} INFO - [2024-07-07T07:45:42.272+0000] {dag.py:3954} INFO - Setting next_dagrun for example_external_task_marker_child to None, run_after=None
[2024-07-07T07:45:42.279+0000] {logging_mixin.py:188} INFO - [2024-07-07T07:45:42.278+0000] {dag.py:3954} INFO - Setting next_dagrun for example_external_task_marker_parent to None, run_after=None
[2024-07-07T07:45:42.315+0000] {processor.py:183} INFO - Processing /home/airflow/.local/lib/python3.12/site-packages/airflow/example_dags/example_external_task_marker_dag.py took 0.140 seconds
[2024-07-07T07:46:12.869+0000] {processor.py:161} INFO - Started process (PID=3565) to work on /home/airflow/.local/lib/python3.12/site-packages/airflow/example_dags/example_external_task_marker_dag.py
[2024-07-07T07:46:12.875+0000] {processor.py:830} INFO - Processing file /home/airflow/.local/lib/python3.12/site-packages/airflow/example_dags/example_external_task_marker_dag.py for tasks to queue
[2024-07-07T07:46:12.884+0000] {logging_mixin.py:188} INFO - [2024-07-07T07:46:12.881+0000] {dagbag.py:545} INFO - Filling up the DagBag from /home/airflow/.local/lib/python3.12/site-packages/airflow/example_dags/example_external_task_marker_dag.py
[2024-07-07T07:46:12.970+0000] {processor.py:840} INFO - DAG(s) 'example_external_task_marker_child', 'example_external_task_marker_parent' retrieved from /home/airflow/.local/lib/python3.12/site-packages/airflow/example_dags/example_external_task_marker_dag.py
[2024-07-07T07:46:13.045+0000] {logging_mixin.py:188} INFO - [2024-07-07T07:46:13.044+0000] {dag.py:3096} INFO - Sync 2 DAGs
[2024-07-07T07:46:13.070+0000] {logging_mixin.py:188} INFO - [2024-07-07T07:46:13.070+0000] {dag.py:3954} INFO - Setting next_dagrun for example_external_task_marker_child to None, run_after=None
[2024-07-07T07:46:13.076+0000] {logging_mixin.py:188} INFO - [2024-07-07T07:46:13.076+0000] {dag.py:3954} INFO - Setting next_dagrun for example_external_task_marker_parent to None, run_after=None
[2024-07-07T07:46:13.115+0000] {processor.py:183} INFO - Processing /home/airflow/.local/lib/python3.12/site-packages/airflow/example_dags/example_external_task_marker_dag.py took 0.281 seconds
[2024-07-07T07:46:43.638+0000] {processor.py:161} INFO - Started process (PID=3626) to work on /home/airflow/.local/lib/python3.12/site-packages/airflow/example_dags/example_external_task_marker_dag.py
[2024-07-07T07:46:43.640+0000] {processor.py:830} INFO - Processing file /home/airflow/.local/lib/python3.12/site-packages/airflow/example_dags/example_external_task_marker_dag.py for tasks to queue
[2024-07-07T07:46:43.642+0000] {logging_mixin.py:188} INFO - [2024-07-07T07:46:43.641+0000] {dagbag.py:545} INFO - Filling up the DagBag from /home/airflow/.local/lib/python3.12/site-packages/airflow/example_dags/example_external_task_marker_dag.py
[2024-07-07T07:46:43.653+0000] {processor.py:840} INFO - DAG(s) 'example_external_task_marker_parent', 'example_external_task_marker_child' retrieved from /home/airflow/.local/lib/python3.12/site-packages/airflow/example_dags/example_external_task_marker_dag.py
[2024-07-07T07:46:43.722+0000] {logging_mixin.py:188} INFO - [2024-07-07T07:46:43.722+0000] {dag.py:3096} INFO - Sync 2 DAGs
[2024-07-07T07:46:43.749+0000] {logging_mixin.py:188} INFO - [2024-07-07T07:46:43.748+0000] {dag.py:3954} INFO - Setting next_dagrun for example_external_task_marker_child to None, run_after=None
[2024-07-07T07:46:43.758+0000] {logging_mixin.py:188} INFO - [2024-07-07T07:46:43.758+0000] {dag.py:3954} INFO - Setting next_dagrun for example_external_task_marker_parent to None, run_after=None
[2024-07-07T07:46:43.803+0000] {processor.py:183} INFO - Processing /home/airflow/.local/lib/python3.12/site-packages/airflow/example_dags/example_external_task_marker_dag.py took 0.178 seconds
[2024-07-07T07:47:14.190+0000] {processor.py:161} INFO - Started process (PID=3687) to work on /home/airflow/.local/lib/python3.12/site-packages/airflow/example_dags/example_external_task_marker_dag.py
[2024-07-07T07:47:14.193+0000] {processor.py:830} INFO - Processing file /home/airflow/.local/lib/python3.12/site-packages/airflow/example_dags/example_external_task_marker_dag.py for tasks to queue
[2024-07-07T07:47:14.195+0000] {logging_mixin.py:188} INFO - [2024-07-07T07:47:14.194+0000] {dagbag.py:545} INFO - Filling up the DagBag from /home/airflow/.local/lib/python3.12/site-packages/airflow/example_dags/example_external_task_marker_dag.py
[2024-07-07T07:47:14.209+0000] {processor.py:840} INFO - DAG(s) 'example_external_task_marker_parent', 'example_external_task_marker_child' retrieved from /home/airflow/.local/lib/python3.12/site-packages/airflow/example_dags/example_external_task_marker_dag.py
[2024-07-07T07:47:14.274+0000] {logging_mixin.py:188} INFO - [2024-07-07T07:47:14.274+0000] {dag.py:3096} INFO - Sync 2 DAGs
[2024-07-07T07:47:14.304+0000] {logging_mixin.py:188} INFO - [2024-07-07T07:47:14.303+0000] {dag.py:3954} INFO - Setting next_dagrun for example_external_task_marker_child to None, run_after=None
[2024-07-07T07:47:14.314+0000] {logging_mixin.py:188} INFO - [2024-07-07T07:47:14.313+0000] {dag.py:3954} INFO - Setting next_dagrun for example_external_task_marker_parent to None, run_after=None
[2024-07-07T07:47:14.350+0000] {processor.py:183} INFO - Processing /home/airflow/.local/lib/python3.12/site-packages/airflow/example_dags/example_external_task_marker_dag.py took 0.173 seconds
[2024-07-07T07:47:44.462+0000] {processor.py:161} INFO - Started process (PID=3747) to work on /home/airflow/.local/lib/python3.12/site-packages/airflow/example_dags/example_external_task_marker_dag.py
[2024-07-07T07:47:44.464+0000] {processor.py:830} INFO - Processing file /home/airflow/.local/lib/python3.12/site-packages/airflow/example_dags/example_external_task_marker_dag.py for tasks to queue
[2024-07-07T07:47:44.465+0000] {logging_mixin.py:188} INFO - [2024-07-07T07:47:44.465+0000] {dagbag.py:545} INFO - Filling up the DagBag from /home/airflow/.local/lib/python3.12/site-packages/airflow/example_dags/example_external_task_marker_dag.py
[2024-07-07T07:47:44.475+0000] {processor.py:840} INFO - DAG(s) 'example_external_task_marker_parent', 'example_external_task_marker_child' retrieved from /home/airflow/.local/lib/python3.12/site-packages/airflow/example_dags/example_external_task_marker_dag.py
[2024-07-07T07:47:44.523+0000] {logging_mixin.py:188} INFO - [2024-07-07T07:47:44.522+0000] {dag.py:3096} INFO - Sync 2 DAGs
[2024-07-07T07:47:44.546+0000] {logging_mixin.py:188} INFO - [2024-07-07T07:47:44.545+0000] {dag.py:3954} INFO - Setting next_dagrun for example_external_task_marker_child to None, run_after=None
[2024-07-07T07:47:44.554+0000] {logging_mixin.py:188} INFO - [2024-07-07T07:47:44.553+0000] {dag.py:3954} INFO - Setting next_dagrun for example_external_task_marker_parent to None, run_after=None
[2024-07-07T07:47:44.590+0000] {processor.py:183} INFO - Processing /home/airflow/.local/lib/python3.12/site-packages/airflow/example_dags/example_external_task_marker_dag.py took 0.139 seconds
[2024-07-07T07:48:15.721+0000] {processor.py:161} INFO - Started process (PID=3807) to work on /home/airflow/.local/lib/python3.12/site-packages/airflow/example_dags/example_external_task_marker_dag.py
[2024-07-07T07:48:15.724+0000] {processor.py:830} INFO - Processing file /home/airflow/.local/lib/python3.12/site-packages/airflow/example_dags/example_external_task_marker_dag.py for tasks to queue
[2024-07-07T07:48:15.727+0000] {logging_mixin.py:188} INFO - [2024-07-07T07:48:15.726+0000] {dagbag.py:545} INFO - Filling up the DagBag from /home/airflow/.local/lib/python3.12/site-packages/airflow/example_dags/example_external_task_marker_dag.py
[2024-07-07T07:48:15.742+0000] {processor.py:840} INFO - DAG(s) 'example_external_task_marker_parent', 'example_external_task_marker_child' retrieved from /home/airflow/.local/lib/python3.12/site-packages/airflow/example_dags/example_external_task_marker_dag.py
[2024-07-07T07:48:15.796+0000] {logging_mixin.py:188} INFO - [2024-07-07T07:48:15.796+0000] {dag.py:3096} INFO - Sync 2 DAGs
[2024-07-07T07:48:15.819+0000] {logging_mixin.py:188} INFO - [2024-07-07T07:48:15.819+0000] {dag.py:3954} INFO - Setting next_dagrun for example_external_task_marker_child to None, run_after=None
[2024-07-07T07:48:15.825+0000] {logging_mixin.py:188} INFO - [2024-07-07T07:48:15.825+0000] {dag.py:3954} INFO - Setting next_dagrun for example_external_task_marker_parent to None, run_after=None
[2024-07-07T07:48:15.851+0000] {processor.py:183} INFO - Processing /home/airflow/.local/lib/python3.12/site-packages/airflow/example_dags/example_external_task_marker_dag.py took 0.146 seconds
[2024-07-07T07:48:46.555+0000] {processor.py:161} INFO - Started process (PID=3867) to work on /home/airflow/.local/lib/python3.12/site-packages/airflow/example_dags/example_external_task_marker_dag.py
[2024-07-07T07:48:46.562+0000] {processor.py:830} INFO - Processing file /home/airflow/.local/lib/python3.12/site-packages/airflow/example_dags/example_external_task_marker_dag.py for tasks to queue
[2024-07-07T07:48:46.569+0000] {logging_mixin.py:188} INFO - [2024-07-07T07:48:46.566+0000] {dagbag.py:545} INFO - Filling up the DagBag from /home/airflow/.local/lib/python3.12/site-packages/airflow/example_dags/example_external_task_marker_dag.py
[2024-07-07T07:48:46.617+0000] {processor.py:840} INFO - DAG(s) 'example_external_task_marker_parent', 'example_external_task_marker_child' retrieved from /home/airflow/.local/lib/python3.12/site-packages/airflow/example_dags/example_external_task_marker_dag.py
[2024-07-07T07:48:46.699+0000] {logging_mixin.py:188} INFO - [2024-07-07T07:48:46.699+0000] {dag.py:3096} INFO - Sync 2 DAGs
[2024-07-07T07:48:46.725+0000] {logging_mixin.py:188} INFO - [2024-07-07T07:48:46.725+0000] {dag.py:3954} INFO - Setting next_dagrun for example_external_task_marker_child to None, run_after=None
[2024-07-07T07:48:46.733+0000] {logging_mixin.py:188} INFO - [2024-07-07T07:48:46.733+0000] {dag.py:3954} INFO - Setting next_dagrun for example_external_task_marker_parent to None, run_after=None
[2024-07-07T07:48:46.769+0000] {processor.py:183} INFO - Processing /home/airflow/.local/lib/python3.12/site-packages/airflow/example_dags/example_external_task_marker_dag.py took 0.245 seconds
[2024-07-07T07:49:17.142+0000] {processor.py:161} INFO - Started process (PID=3927) to work on /home/airflow/.local/lib/python3.12/site-packages/airflow/example_dags/example_external_task_marker_dag.py
[2024-07-07T07:49:17.156+0000] {processor.py:830} INFO - Processing file /home/airflow/.local/lib/python3.12/site-packages/airflow/example_dags/example_external_task_marker_dag.py for tasks to queue
[2024-07-07T07:49:17.159+0000] {logging_mixin.py:188} INFO - [2024-07-07T07:49:17.158+0000] {dagbag.py:545} INFO - Filling up the DagBag from /home/airflow/.local/lib/python3.12/site-packages/airflow/example_dags/example_external_task_marker_dag.py
[2024-07-07T07:49:17.201+0000] {processor.py:840} INFO - DAG(s) 'example_external_task_marker_child', 'example_external_task_marker_parent' retrieved from /home/airflow/.local/lib/python3.12/site-packages/airflow/example_dags/example_external_task_marker_dag.py
[2024-07-07T07:49:17.272+0000] {logging_mixin.py:188} INFO - [2024-07-07T07:49:17.272+0000] {dag.py:3096} INFO - Sync 2 DAGs
[2024-07-07T07:49:17.304+0000] {logging_mixin.py:188} INFO - [2024-07-07T07:49:17.303+0000] {dag.py:3954} INFO - Setting next_dagrun for example_external_task_marker_child to None, run_after=None
[2024-07-07T07:49:17.313+0000] {logging_mixin.py:188} INFO - [2024-07-07T07:49:17.313+0000] {dag.py:3954} INFO - Setting next_dagrun for example_external_task_marker_parent to None, run_after=None
[2024-07-07T07:49:17.356+0000] {processor.py:183} INFO - Processing /home/airflow/.local/lib/python3.12/site-packages/airflow/example_dags/example_external_task_marker_dag.py took 0.252 seconds
[2024-07-07T07:49:48.560+0000] {processor.py:161} INFO - Started process (PID=3987) to work on /home/airflow/.local/lib/python3.12/site-packages/airflow/example_dags/example_external_task_marker_dag.py
[2024-07-07T07:49:48.564+0000] {processor.py:830} INFO - Processing file /home/airflow/.local/lib/python3.12/site-packages/airflow/example_dags/example_external_task_marker_dag.py for tasks to queue
[2024-07-07T07:49:48.569+0000] {logging_mixin.py:188} INFO - [2024-07-07T07:49:48.568+0000] {dagbag.py:545} INFO - Filling up the DagBag from /home/airflow/.local/lib/python3.12/site-packages/airflow/example_dags/example_external_task_marker_dag.py
[2024-07-07T07:49:48.596+0000] {processor.py:840} INFO - DAG(s) 'example_external_task_marker_parent', 'example_external_task_marker_child' retrieved from /home/airflow/.local/lib/python3.12/site-packages/airflow/example_dags/example_external_task_marker_dag.py
[2024-07-07T07:49:48.702+0000] {logging_mixin.py:188} INFO - [2024-07-07T07:49:48.701+0000] {dag.py:3096} INFO - Sync 2 DAGs
[2024-07-07T07:49:48.747+0000] {logging_mixin.py:188} INFO - [2024-07-07T07:49:48.746+0000] {dag.py:3954} INFO - Setting next_dagrun for example_external_task_marker_child to None, run_after=None
[2024-07-07T07:49:48.758+0000] {logging_mixin.py:188} INFO - [2024-07-07T07:49:48.757+0000] {dag.py:3954} INFO - Setting next_dagrun for example_external_task_marker_parent to None, run_after=None
[2024-07-07T07:49:48.809+0000] {processor.py:183} INFO - Processing /home/airflow/.local/lib/python3.12/site-packages/airflow/example_dags/example_external_task_marker_dag.py took 0.283 seconds
[2024-07-07T07:50:19.368+0000] {processor.py:161} INFO - Started process (PID=4047) to work on /home/airflow/.local/lib/python3.12/site-packages/airflow/example_dags/example_external_task_marker_dag.py
[2024-07-07T07:50:19.370+0000] {processor.py:830} INFO - Processing file /home/airflow/.local/lib/python3.12/site-packages/airflow/example_dags/example_external_task_marker_dag.py for tasks to queue
[2024-07-07T07:50:19.372+0000] {logging_mixin.py:188} INFO - [2024-07-07T07:50:19.371+0000] {dagbag.py:545} INFO - Filling up the DagBag from /home/airflow/.local/lib/python3.12/site-packages/airflow/example_dags/example_external_task_marker_dag.py
[2024-07-07T07:50:19.383+0000] {processor.py:840} INFO - DAG(s) 'example_external_task_marker_child', 'example_external_task_marker_parent' retrieved from /home/airflow/.local/lib/python3.12/site-packages/airflow/example_dags/example_external_task_marker_dag.py
[2024-07-07T07:50:19.428+0000] {logging_mixin.py:188} INFO - [2024-07-07T07:50:19.428+0000] {dag.py:3096} INFO - Sync 2 DAGs
[2024-07-07T07:50:19.454+0000] {logging_mixin.py:188} INFO - [2024-07-07T07:50:19.454+0000] {dag.py:3954} INFO - Setting next_dagrun for example_external_task_marker_child to None, run_after=None
[2024-07-07T07:50:19.460+0000] {logging_mixin.py:188} INFO - [2024-07-07T07:50:19.460+0000] {dag.py:3954} INFO - Setting next_dagrun for example_external_task_marker_parent to None, run_after=None
[2024-07-07T07:50:19.498+0000] {processor.py:183} INFO - Processing /home/airflow/.local/lib/python3.12/site-packages/airflow/example_dags/example_external_task_marker_dag.py took 0.145 seconds
[2024-07-07T07:50:50.034+0000] {processor.py:161} INFO - Started process (PID=4107) to work on /home/airflow/.local/lib/python3.12/site-packages/airflow/example_dags/example_external_task_marker_dag.py
[2024-07-07T07:50:50.035+0000] {processor.py:830} INFO - Processing file /home/airflow/.local/lib/python3.12/site-packages/airflow/example_dags/example_external_task_marker_dag.py for tasks to queue
[2024-07-07T07:50:50.037+0000] {logging_mixin.py:188} INFO - [2024-07-07T07:50:50.036+0000] {dagbag.py:545} INFO - Filling up the DagBag from /home/airflow/.local/lib/python3.12/site-packages/airflow/example_dags/example_external_task_marker_dag.py
[2024-07-07T07:50:50.045+0000] {processor.py:840} INFO - DAG(s) 'example_external_task_marker_child', 'example_external_task_marker_parent' retrieved from /home/airflow/.local/lib/python3.12/site-packages/airflow/example_dags/example_external_task_marker_dag.py
[2024-07-07T07:50:50.081+0000] {logging_mixin.py:188} INFO - [2024-07-07T07:50:50.081+0000] {dag.py:3096} INFO - Sync 2 DAGs
[2024-07-07T07:50:50.099+0000] {logging_mixin.py:188} INFO - [2024-07-07T07:50:50.098+0000] {dag.py:3954} INFO - Setting next_dagrun for example_external_task_marker_child to None, run_after=None
[2024-07-07T07:50:50.104+0000] {logging_mixin.py:188} INFO - [2024-07-07T07:50:50.103+0000] {dag.py:3954} INFO - Setting next_dagrun for example_external_task_marker_parent to None, run_after=None
[2024-07-07T07:50:50.132+0000] {processor.py:183} INFO - Processing /home/airflow/.local/lib/python3.12/site-packages/airflow/example_dags/example_external_task_marker_dag.py took 0.108 seconds
[2024-07-07T07:51:20.731+0000] {processor.py:161} INFO - Started process (PID=4167) to work on /home/airflow/.local/lib/python3.12/site-packages/airflow/example_dags/example_external_task_marker_dag.py
[2024-07-07T07:51:20.734+0000] {processor.py:830} INFO - Processing file /home/airflow/.local/lib/python3.12/site-packages/airflow/example_dags/example_external_task_marker_dag.py for tasks to queue
[2024-07-07T07:51:20.737+0000] {logging_mixin.py:188} INFO - [2024-07-07T07:51:20.736+0000] {dagbag.py:545} INFO - Filling up the DagBag from /home/airflow/.local/lib/python3.12/site-packages/airflow/example_dags/example_external_task_marker_dag.py
[2024-07-07T07:51:20.755+0000] {processor.py:840} INFO - DAG(s) 'example_external_task_marker_parent', 'example_external_task_marker_child' retrieved from /home/airflow/.local/lib/python3.12/site-packages/airflow/example_dags/example_external_task_marker_dag.py
[2024-07-07T07:51:20.801+0000] {logging_mixin.py:188} INFO - [2024-07-07T07:51:20.801+0000] {dag.py:3096} INFO - Sync 2 DAGs
[2024-07-07T07:51:20.825+0000] {logging_mixin.py:188} INFO - [2024-07-07T07:51:20.824+0000] {dag.py:3954} INFO - Setting next_dagrun for example_external_task_marker_child to None, run_after=None
[2024-07-07T07:51:20.830+0000] {logging_mixin.py:188} INFO - [2024-07-07T07:51:20.830+0000] {dag.py:3954} INFO - Setting next_dagrun for example_external_task_marker_parent to None, run_after=None
[2024-07-07T07:51:20.854+0000] {processor.py:183} INFO - Processing /home/airflow/.local/lib/python3.12/site-packages/airflow/example_dags/example_external_task_marker_dag.py took 0.133 seconds
[2024-07-07T07:51:51.317+0000] {processor.py:161} INFO - Started process (PID=4227) to work on /home/airflow/.local/lib/python3.12/site-packages/airflow/example_dags/example_external_task_marker_dag.py
[2024-07-07T07:51:51.319+0000] {processor.py:830} INFO - Processing file /home/airflow/.local/lib/python3.12/site-packages/airflow/example_dags/example_external_task_marker_dag.py for tasks to queue
[2024-07-07T07:51:51.321+0000] {logging_mixin.py:188} INFO - [2024-07-07T07:51:51.320+0000] {dagbag.py:545} INFO - Filling up the DagBag from /home/airflow/.local/lib/python3.12/site-packages/airflow/example_dags/example_external_task_marker_dag.py
[2024-07-07T07:51:51.331+0000] {processor.py:840} INFO - DAG(s) 'example_external_task_marker_child', 'example_external_task_marker_parent' retrieved from /home/airflow/.local/lib/python3.12/site-packages/airflow/example_dags/example_external_task_marker_dag.py
[2024-07-07T07:51:51.366+0000] {logging_mixin.py:188} INFO - [2024-07-07T07:51:51.365+0000] {dag.py:3096} INFO - Sync 2 DAGs
[2024-07-07T07:51:51.383+0000] {logging_mixin.py:188} INFO - [2024-07-07T07:51:51.383+0000] {dag.py:3954} INFO - Setting next_dagrun for example_external_task_marker_child to None, run_after=None
[2024-07-07T07:51:51.389+0000] {logging_mixin.py:188} INFO - [2024-07-07T07:51:51.388+0000] {dag.py:3954} INFO - Setting next_dagrun for example_external_task_marker_parent to None, run_after=None
[2024-07-07T07:51:51.419+0000] {processor.py:183} INFO - Processing /home/airflow/.local/lib/python3.12/site-packages/airflow/example_dags/example_external_task_marker_dag.py took 0.111 seconds
[2024-07-07T07:52:21.852+0000] {processor.py:161} INFO - Started process (PID=4286) to work on /home/airflow/.local/lib/python3.12/site-packages/airflow/example_dags/example_external_task_marker_dag.py
[2024-07-07T07:52:21.855+0000] {processor.py:830} INFO - Processing file /home/airflow/.local/lib/python3.12/site-packages/airflow/example_dags/example_external_task_marker_dag.py for tasks to queue
[2024-07-07T07:52:21.858+0000] {logging_mixin.py:188} INFO - [2024-07-07T07:52:21.857+0000] {dagbag.py:545} INFO - Filling up the DagBag from /home/airflow/.local/lib/python3.12/site-packages/airflow/example_dags/example_external_task_marker_dag.py
[2024-07-07T07:52:21.871+0000] {processor.py:840} INFO - DAG(s) 'example_external_task_marker_child', 'example_external_task_marker_parent' retrieved from /home/airflow/.local/lib/python3.12/site-packages/airflow/example_dags/example_external_task_marker_dag.py
[2024-07-07T07:52:21.931+0000] {logging_mixin.py:188} INFO - [2024-07-07T07:52:21.931+0000] {dag.py:3096} INFO - Sync 2 DAGs
[2024-07-07T07:52:21.949+0000] {logging_mixin.py:188} INFO - [2024-07-07T07:52:21.949+0000] {dag.py:3954} INFO - Setting next_dagrun for example_external_task_marker_child to None, run_after=None
[2024-07-07T07:52:21.955+0000] {logging_mixin.py:188} INFO - [2024-07-07T07:52:21.955+0000] {dag.py:3954} INFO - Setting next_dagrun for example_external_task_marker_parent to None, run_after=None
[2024-07-07T07:52:21.997+0000] {processor.py:183} INFO - Processing /home/airflow/.local/lib/python3.12/site-packages/airflow/example_dags/example_external_task_marker_dag.py took 0.162 seconds
[2024-07-07T07:52:52.108+0000] {processor.py:161} INFO - Started process (PID=4346) to work on /home/airflow/.local/lib/python3.12/site-packages/airflow/example_dags/example_external_task_marker_dag.py
[2024-07-07T07:52:52.110+0000] {processor.py:830} INFO - Processing file /home/airflow/.local/lib/python3.12/site-packages/airflow/example_dags/example_external_task_marker_dag.py for tasks to queue
[2024-07-07T07:52:52.111+0000] {logging_mixin.py:188} INFO - [2024-07-07T07:52:52.111+0000] {dagbag.py:545} INFO - Filling up the DagBag from /home/airflow/.local/lib/python3.12/site-packages/airflow/example_dags/example_external_task_marker_dag.py
[2024-07-07T07:52:52.119+0000] {processor.py:840} INFO - DAG(s) 'example_external_task_marker_parent', 'example_external_task_marker_child' retrieved from /home/airflow/.local/lib/python3.12/site-packages/airflow/example_dags/example_external_task_marker_dag.py
[2024-07-07T07:52:52.151+0000] {logging_mixin.py:188} INFO - [2024-07-07T07:52:52.151+0000] {dag.py:3096} INFO - Sync 2 DAGs
[2024-07-07T07:52:52.168+0000] {logging_mixin.py:188} INFO - [2024-07-07T07:52:52.168+0000] {dag.py:3954} INFO - Setting next_dagrun for example_external_task_marker_child to None, run_after=None
[2024-07-07T07:52:52.174+0000] {logging_mixin.py:188} INFO - [2024-07-07T07:52:52.173+0000] {dag.py:3954} INFO - Setting next_dagrun for example_external_task_marker_parent to None, run_after=None
[2024-07-07T07:52:52.204+0000] {processor.py:183} INFO - Processing /home/airflow/.local/lib/python3.12/site-packages/airflow/example_dags/example_external_task_marker_dag.py took 0.105 seconds
[2024-07-07T07:53:22.332+0000] {processor.py:161} INFO - Started process (PID=4404) to work on /home/airflow/.local/lib/python3.12/site-packages/airflow/example_dags/example_external_task_marker_dag.py
[2024-07-07T07:53:22.334+0000] {processor.py:830} INFO - Processing file /home/airflow/.local/lib/python3.12/site-packages/airflow/example_dags/example_external_task_marker_dag.py for tasks to queue
[2024-07-07T07:53:22.336+0000] {logging_mixin.py:188} INFO - [2024-07-07T07:53:22.336+0000] {dagbag.py:545} INFO - Filling up the DagBag from /home/airflow/.local/lib/python3.12/site-packages/airflow/example_dags/example_external_task_marker_dag.py
[2024-07-07T07:53:22.344+0000] {processor.py:840} INFO - DAG(s) 'example_external_task_marker_parent', 'example_external_task_marker_child' retrieved from /home/airflow/.local/lib/python3.12/site-packages/airflow/example_dags/example_external_task_marker_dag.py
[2024-07-07T07:53:22.381+0000] {logging_mixin.py:188} INFO - [2024-07-07T07:53:22.381+0000] {dag.py:3096} INFO - Sync 2 DAGs
[2024-07-07T07:53:22.399+0000] {logging_mixin.py:188} INFO - [2024-07-07T07:53:22.398+0000] {dag.py:3954} INFO - Setting next_dagrun for example_external_task_marker_child to None, run_after=None
[2024-07-07T07:53:22.404+0000] {logging_mixin.py:188} INFO - [2024-07-07T07:53:22.403+0000] {dag.py:3954} INFO - Setting next_dagrun for example_external_task_marker_parent to None, run_after=None
[2024-07-07T07:53:22.435+0000] {processor.py:183} INFO - Processing /home/airflow/.local/lib/python3.12/site-packages/airflow/example_dags/example_external_task_marker_dag.py took 0.113 seconds
[2024-07-07T07:53:52.761+0000] {processor.py:161} INFO - Started process (PID=4464) to work on /home/airflow/.local/lib/python3.12/site-packages/airflow/example_dags/example_external_task_marker_dag.py
[2024-07-07T07:53:52.763+0000] {processor.py:830} INFO - Processing file /home/airflow/.local/lib/python3.12/site-packages/airflow/example_dags/example_external_task_marker_dag.py for tasks to queue
[2024-07-07T07:53:52.765+0000] {logging_mixin.py:188} INFO - [2024-07-07T07:53:52.765+0000] {dagbag.py:545} INFO - Filling up the DagBag from /home/airflow/.local/lib/python3.12/site-packages/airflow/example_dags/example_external_task_marker_dag.py
[2024-07-07T07:53:52.777+0000] {processor.py:840} INFO - DAG(s) 'example_external_task_marker_child', 'example_external_task_marker_parent' retrieved from /home/airflow/.local/lib/python3.12/site-packages/airflow/example_dags/example_external_task_marker_dag.py
[2024-07-07T07:53:52.814+0000] {logging_mixin.py:188} INFO - [2024-07-07T07:53:52.814+0000] {dag.py:3096} INFO - Sync 2 DAGs
[2024-07-07T07:53:52.831+0000] {logging_mixin.py:188} INFO - [2024-07-07T07:53:52.831+0000] {dag.py:3954} INFO - Setting next_dagrun for example_external_task_marker_child to None, run_after=None
[2024-07-07T07:53:52.836+0000] {logging_mixin.py:188} INFO - [2024-07-07T07:53:52.836+0000] {dag.py:3954} INFO - Setting next_dagrun for example_external_task_marker_parent to None, run_after=None
[2024-07-07T07:53:52.858+0000] {processor.py:183} INFO - Processing /home/airflow/.local/lib/python3.12/site-packages/airflow/example_dags/example_external_task_marker_dag.py took 0.110 seconds
[2024-07-07T07:54:23.042+0000] {processor.py:161} INFO - Started process (PID=4524) to work on /home/airflow/.local/lib/python3.12/site-packages/airflow/example_dags/example_external_task_marker_dag.py
[2024-07-07T07:54:23.043+0000] {processor.py:830} INFO - Processing file /home/airflow/.local/lib/python3.12/site-packages/airflow/example_dags/example_external_task_marker_dag.py for tasks to queue
[2024-07-07T07:54:23.045+0000] {logging_mixin.py:188} INFO - [2024-07-07T07:54:23.044+0000] {dagbag.py:545} INFO - Filling up the DagBag from /home/airflow/.local/lib/python3.12/site-packages/airflow/example_dags/example_external_task_marker_dag.py
[2024-07-07T07:54:23.054+0000] {processor.py:840} INFO - DAG(s) 'example_external_task_marker_child', 'example_external_task_marker_parent' retrieved from /home/airflow/.local/lib/python3.12/site-packages/airflow/example_dags/example_external_task_marker_dag.py
[2024-07-07T07:54:23.089+0000] {logging_mixin.py:188} INFO - [2024-07-07T07:54:23.089+0000] {dag.py:3096} INFO - Sync 2 DAGs
[2024-07-07T07:54:23.109+0000] {logging_mixin.py:188} INFO - [2024-07-07T07:54:23.109+0000] {dag.py:3954} INFO - Setting next_dagrun for example_external_task_marker_child to None, run_after=None
[2024-07-07T07:54:23.114+0000] {logging_mixin.py:188} INFO - [2024-07-07T07:54:23.114+0000] {dag.py:3954} INFO - Setting next_dagrun for example_external_task_marker_parent to None, run_after=None
[2024-07-07T07:54:23.146+0000] {processor.py:183} INFO - Processing /home/airflow/.local/lib/python3.12/site-packages/airflow/example_dags/example_external_task_marker_dag.py took 0.113 seconds
[2024-07-07T07:54:53.393+0000] {processor.py:161} INFO - Started process (PID=4581) to work on /home/airflow/.local/lib/python3.12/site-packages/airflow/example_dags/example_external_task_marker_dag.py
[2024-07-07T07:54:53.395+0000] {processor.py:830} INFO - Processing file /home/airflow/.local/lib/python3.12/site-packages/airflow/example_dags/example_external_task_marker_dag.py for tasks to queue
[2024-07-07T07:54:53.396+0000] {logging_mixin.py:188} INFO - [2024-07-07T07:54:53.396+0000] {dagbag.py:545} INFO - Filling up the DagBag from /home/airflow/.local/lib/python3.12/site-packages/airflow/example_dags/example_external_task_marker_dag.py
[2024-07-07T07:54:53.404+0000] {processor.py:840} INFO - DAG(s) 'example_external_task_marker_parent', 'example_external_task_marker_child' retrieved from /home/airflow/.local/lib/python3.12/site-packages/airflow/example_dags/example_external_task_marker_dag.py
[2024-07-07T07:54:53.440+0000] {logging_mixin.py:188} INFO - [2024-07-07T07:54:53.439+0000] {dag.py:3096} INFO - Sync 2 DAGs
[2024-07-07T07:54:53.459+0000] {logging_mixin.py:188} INFO - [2024-07-07T07:54:53.459+0000] {dag.py:3954} INFO - Setting next_dagrun for example_external_task_marker_child to None, run_after=None
[2024-07-07T07:54:53.465+0000] {logging_mixin.py:188} INFO - [2024-07-07T07:54:53.464+0000] {dag.py:3954} INFO - Setting next_dagrun for example_external_task_marker_parent to None, run_after=None
[2024-07-07T07:54:53.489+0000] {processor.py:183} INFO - Processing /home/airflow/.local/lib/python3.12/site-packages/airflow/example_dags/example_external_task_marker_dag.py took 0.105 seconds
[2024-07-07T07:55:23.843+0000] {processor.py:161} INFO - Started process (PID=4641) to work on /home/airflow/.local/lib/python3.12/site-packages/airflow/example_dags/example_external_task_marker_dag.py
[2024-07-07T07:55:23.845+0000] {processor.py:830} INFO - Processing file /home/airflow/.local/lib/python3.12/site-packages/airflow/example_dags/example_external_task_marker_dag.py for tasks to queue
[2024-07-07T07:55:23.847+0000] {logging_mixin.py:188} INFO - [2024-07-07T07:55:23.847+0000] {dagbag.py:545} INFO - Filling up the DagBag from /home/airflow/.local/lib/python3.12/site-packages/airflow/example_dags/example_external_task_marker_dag.py
[2024-07-07T07:55:23.855+0000] {processor.py:840} INFO - DAG(s) 'example_external_task_marker_child', 'example_external_task_marker_parent' retrieved from /home/airflow/.local/lib/python3.12/site-packages/airflow/example_dags/example_external_task_marker_dag.py
[2024-07-07T07:55:23.893+0000] {logging_mixin.py:188} INFO - [2024-07-07T07:55:23.892+0000] {dag.py:3096} INFO - Sync 2 DAGs
[2024-07-07T07:55:23.911+0000] {logging_mixin.py:188} INFO - [2024-07-07T07:55:23.910+0000] {dag.py:3954} INFO - Setting next_dagrun for example_external_task_marker_child to None, run_after=None
[2024-07-07T07:55:23.916+0000] {logging_mixin.py:188} INFO - [2024-07-07T07:55:23.915+0000] {dag.py:3954} INFO - Setting next_dagrun for example_external_task_marker_parent to None, run_after=None
[2024-07-07T07:55:23.946+0000] {processor.py:183} INFO - Processing /home/airflow/.local/lib/python3.12/site-packages/airflow/example_dags/example_external_task_marker_dag.py took 0.112 seconds
[2024-07-07T07:55:54.622+0000] {processor.py:161} INFO - Started process (PID=4701) to work on /home/airflow/.local/lib/python3.12/site-packages/airflow/example_dags/example_external_task_marker_dag.py
[2024-07-07T07:55:54.623+0000] {processor.py:830} INFO - Processing file /home/airflow/.local/lib/python3.12/site-packages/airflow/example_dags/example_external_task_marker_dag.py for tasks to queue
[2024-07-07T07:55:54.625+0000] {logging_mixin.py:188} INFO - [2024-07-07T07:55:54.625+0000] {dagbag.py:545} INFO - Filling up the DagBag from /home/airflow/.local/lib/python3.12/site-packages/airflow/example_dags/example_external_task_marker_dag.py
[2024-07-07T07:55:54.634+0000] {processor.py:840} INFO - DAG(s) 'example_external_task_marker_parent', 'example_external_task_marker_child' retrieved from /home/airflow/.local/lib/python3.12/site-packages/airflow/example_dags/example_external_task_marker_dag.py
[2024-07-07T07:55:54.675+0000] {logging_mixin.py:188} INFO - [2024-07-07T07:55:54.674+0000] {dag.py:3096} INFO - Sync 2 DAGs
[2024-07-07T07:55:54.696+0000] {logging_mixin.py:188} INFO - [2024-07-07T07:55:54.696+0000] {dag.py:3954} INFO - Setting next_dagrun for example_external_task_marker_child to None, run_after=None
[2024-07-07T07:55:54.701+0000] {logging_mixin.py:188} INFO - [2024-07-07T07:55:54.701+0000] {dag.py:3954} INFO - Setting next_dagrun for example_external_task_marker_parent to None, run_after=None
[2024-07-07T07:55:54.726+0000] {processor.py:183} INFO - Processing /home/airflow/.local/lib/python3.12/site-packages/airflow/example_dags/example_external_task_marker_dag.py took 0.115 seconds
[2024-07-07T07:56:25.010+0000] {processor.py:161} INFO - Started process (PID=4761) to work on /home/airflow/.local/lib/python3.12/site-packages/airflow/example_dags/example_external_task_marker_dag.py
[2024-07-07T07:56:25.012+0000] {processor.py:830} INFO - Processing file /home/airflow/.local/lib/python3.12/site-packages/airflow/example_dags/example_external_task_marker_dag.py for tasks to queue
[2024-07-07T07:56:25.014+0000] {logging_mixin.py:188} INFO - [2024-07-07T07:56:25.013+0000] {dagbag.py:545} INFO - Filling up the DagBag from /home/airflow/.local/lib/python3.12/site-packages/airflow/example_dags/example_external_task_marker_dag.py
[2024-07-07T07:56:25.022+0000] {processor.py:840} INFO - DAG(s) 'example_external_task_marker_child', 'example_external_task_marker_parent' retrieved from /home/airflow/.local/lib/python3.12/site-packages/airflow/example_dags/example_external_task_marker_dag.py
[2024-07-07T07:56:25.058+0000] {logging_mixin.py:188} INFO - [2024-07-07T07:56:25.057+0000] {dag.py:3096} INFO - Sync 2 DAGs
[2024-07-07T07:56:25.075+0000] {logging_mixin.py:188} INFO - [2024-07-07T07:56:25.075+0000] {dag.py:3954} INFO - Setting next_dagrun for example_external_task_marker_child to None, run_after=None
[2024-07-07T07:56:25.080+0000] {logging_mixin.py:188} INFO - [2024-07-07T07:56:25.080+0000] {dag.py:3954} INFO - Setting next_dagrun for example_external_task_marker_parent to None, run_after=None
[2024-07-07T07:56:25.112+0000] {processor.py:183} INFO - Processing /home/airflow/.local/lib/python3.12/site-packages/airflow/example_dags/example_external_task_marker_dag.py took 0.113 seconds
[2024-07-07T07:56:55.421+0000] {processor.py:161} INFO - Started process (PID=4821) to work on /home/airflow/.local/lib/python3.12/site-packages/airflow/example_dags/example_external_task_marker_dag.py
[2024-07-07T07:56:55.423+0000] {processor.py:830} INFO - Processing file /home/airflow/.local/lib/python3.12/site-packages/airflow/example_dags/example_external_task_marker_dag.py for tasks to queue
[2024-07-07T07:56:55.424+0000] {logging_mixin.py:188} INFO - [2024-07-07T07:56:55.424+0000] {dagbag.py:545} INFO - Filling up the DagBag from /home/airflow/.local/lib/python3.12/site-packages/airflow/example_dags/example_external_task_marker_dag.py
[2024-07-07T07:56:55.432+0000] {processor.py:840} INFO - DAG(s) 'example_external_task_marker_parent', 'example_external_task_marker_child' retrieved from /home/airflow/.local/lib/python3.12/site-packages/airflow/example_dags/example_external_task_marker_dag.py
[2024-07-07T07:56:55.464+0000] {logging_mixin.py:188} INFO - [2024-07-07T07:56:55.464+0000] {dag.py:3096} INFO - Sync 2 DAGs
[2024-07-07T07:56:55.481+0000] {logging_mixin.py:188} INFO - [2024-07-07T07:56:55.481+0000] {dag.py:3954} INFO - Setting next_dagrun for example_external_task_marker_child to None, run_after=None
[2024-07-07T07:56:55.486+0000] {logging_mixin.py:188} INFO - [2024-07-07T07:56:55.486+0000] {dag.py:3954} INFO - Setting next_dagrun for example_external_task_marker_parent to None, run_after=None
[2024-07-07T07:56:55.507+0000] {processor.py:183} INFO - Processing /home/airflow/.local/lib/python3.12/site-packages/airflow/example_dags/example_external_task_marker_dag.py took 0.096 seconds
[2024-07-07T07:57:26.362+0000] {processor.py:161} INFO - Started process (PID=4881) to work on /home/airflow/.local/lib/python3.12/site-packages/airflow/example_dags/example_external_task_marker_dag.py
[2024-07-07T07:57:26.364+0000] {processor.py:830} INFO - Processing file /home/airflow/.local/lib/python3.12/site-packages/airflow/example_dags/example_external_task_marker_dag.py for tasks to queue
[2024-07-07T07:57:26.367+0000] {logging_mixin.py:188} INFO - [2024-07-07T07:57:26.366+0000] {dagbag.py:545} INFO - Filling up the DagBag from /home/airflow/.local/lib/python3.12/site-packages/airflow/example_dags/example_external_task_marker_dag.py
[2024-07-07T07:57:26.383+0000] {processor.py:840} INFO - DAG(s) 'example_external_task_marker_parent', 'example_external_task_marker_child' retrieved from /home/airflow/.local/lib/python3.12/site-packages/airflow/example_dags/example_external_task_marker_dag.py
[2024-07-07T07:57:26.445+0000] {logging_mixin.py:188} INFO - [2024-07-07T07:57:26.445+0000] {dag.py:3096} INFO - Sync 2 DAGs
[2024-07-07T07:57:26.467+0000] {logging_mixin.py:188} INFO - [2024-07-07T07:57:26.467+0000] {dag.py:3954} INFO - Setting next_dagrun for example_external_task_marker_child to None, run_after=None
[2024-07-07T07:57:26.472+0000] {logging_mixin.py:188} INFO - [2024-07-07T07:57:26.472+0000] {dag.py:3954} INFO - Setting next_dagrun for example_external_task_marker_parent to None, run_after=None
[2024-07-07T07:57:26.504+0000] {processor.py:183} INFO - Processing /home/airflow/.local/lib/python3.12/site-packages/airflow/example_dags/example_external_task_marker_dag.py took 0.161 seconds
[2024-07-07T07:57:57.536+0000] {processor.py:161} INFO - Started process (PID=4941) to work on /home/airflow/.local/lib/python3.12/site-packages/airflow/example_dags/example_external_task_marker_dag.py
[2024-07-07T07:57:57.538+0000] {processor.py:830} INFO - Processing file /home/airflow/.local/lib/python3.12/site-packages/airflow/example_dags/example_external_task_marker_dag.py for tasks to queue
[2024-07-07T07:57:57.540+0000] {logging_mixin.py:188} INFO - [2024-07-07T07:57:57.539+0000] {dagbag.py:545} INFO - Filling up the DagBag from /home/airflow/.local/lib/python3.12/site-packages/airflow/example_dags/example_external_task_marker_dag.py
[2024-07-07T07:57:57.550+0000] {processor.py:840} INFO - DAG(s) 'example_external_task_marker_child', 'example_external_task_marker_parent' retrieved from /home/airflow/.local/lib/python3.12/site-packages/airflow/example_dags/example_external_task_marker_dag.py
[2024-07-07T07:57:57.586+0000] {logging_mixin.py:188} INFO - [2024-07-07T07:57:57.585+0000] {dag.py:3096} INFO - Sync 2 DAGs
[2024-07-07T07:57:57.604+0000] {logging_mixin.py:188} INFO - [2024-07-07T07:57:57.604+0000] {dag.py:3954} INFO - Setting next_dagrun for example_external_task_marker_child to None, run_after=None
[2024-07-07T07:57:57.609+0000] {logging_mixin.py:188} INFO - [2024-07-07T07:57:57.609+0000] {dag.py:3954} INFO - Setting next_dagrun for example_external_task_marker_parent to None, run_after=None
[2024-07-07T07:57:57.642+0000] {processor.py:183} INFO - Processing /home/airflow/.local/lib/python3.12/site-packages/airflow/example_dags/example_external_task_marker_dag.py took 0.116 seconds
[2024-07-07T07:58:27.822+0000] {processor.py:161} INFO - Started process (PID=5001) to work on /home/airflow/.local/lib/python3.12/site-packages/airflow/example_dags/example_external_task_marker_dag.py
[2024-07-07T07:58:27.823+0000] {processor.py:830} INFO - Processing file /home/airflow/.local/lib/python3.12/site-packages/airflow/example_dags/example_external_task_marker_dag.py for tasks to queue
[2024-07-07T07:58:27.825+0000] {logging_mixin.py:188} INFO - [2024-07-07T07:58:27.824+0000] {dagbag.py:545} INFO - Filling up the DagBag from /home/airflow/.local/lib/python3.12/site-packages/airflow/example_dags/example_external_task_marker_dag.py
[2024-07-07T07:58:27.836+0000] {processor.py:840} INFO - DAG(s) 'example_external_task_marker_parent', 'example_external_task_marker_child' retrieved from /home/airflow/.local/lib/python3.12/site-packages/airflow/example_dags/example_external_task_marker_dag.py
[2024-07-07T07:58:27.873+0000] {logging_mixin.py:188} INFO - [2024-07-07T07:58:27.873+0000] {dag.py:3096} INFO - Sync 2 DAGs
[2024-07-07T07:58:27.893+0000] {logging_mixin.py:188} INFO - [2024-07-07T07:58:27.892+0000] {dag.py:3954} INFO - Setting next_dagrun for example_external_task_marker_child to None, run_after=None
[2024-07-07T07:58:27.898+0000] {logging_mixin.py:188} INFO - [2024-07-07T07:58:27.897+0000] {dag.py:3954} INFO - Setting next_dagrun for example_external_task_marker_parent to None, run_after=None
[2024-07-07T07:58:27.930+0000] {processor.py:183} INFO - Processing /home/airflow/.local/lib/python3.12/site-packages/airflow/example_dags/example_external_task_marker_dag.py took 0.119 seconds
[2024-07-07T07:58:58.436+0000] {processor.py:161} INFO - Started process (PID=5062) to work on /home/airflow/.local/lib/python3.12/site-packages/airflow/example_dags/example_external_task_marker_dag.py
[2024-07-07T07:58:58.438+0000] {processor.py:830} INFO - Processing file /home/airflow/.local/lib/python3.12/site-packages/airflow/example_dags/example_external_task_marker_dag.py for tasks to queue
[2024-07-07T07:58:58.440+0000] {logging_mixin.py:188} INFO - [2024-07-07T07:58:58.439+0000] {dagbag.py:545} INFO - Filling up the DagBag from /home/airflow/.local/lib/python3.12/site-packages/airflow/example_dags/example_external_task_marker_dag.py
[2024-07-07T07:58:58.448+0000] {processor.py:840} INFO - DAG(s) 'example_external_task_marker_child', 'example_external_task_marker_parent' retrieved from /home/airflow/.local/lib/python3.12/site-packages/airflow/example_dags/example_external_task_marker_dag.py
[2024-07-07T07:58:58.482+0000] {logging_mixin.py:188} INFO - [2024-07-07T07:58:58.481+0000] {dag.py:3096} INFO - Sync 2 DAGs
[2024-07-07T07:58:58.500+0000] {logging_mixin.py:188} INFO - [2024-07-07T07:58:58.499+0000] {dag.py:3954} INFO - Setting next_dagrun for example_external_task_marker_child to None, run_after=None
[2024-07-07T07:58:58.505+0000] {logging_mixin.py:188} INFO - [2024-07-07T07:58:58.504+0000] {dag.py:3954} INFO - Setting next_dagrun for example_external_task_marker_parent to None, run_after=None
[2024-07-07T07:58:58.536+0000] {processor.py:183} INFO - Processing /home/airflow/.local/lib/python3.12/site-packages/airflow/example_dags/example_external_task_marker_dag.py took 0.112 seconds
[2024-07-07T07:59:29.240+0000] {processor.py:161} INFO - Started process (PID=5122) to work on /home/airflow/.local/lib/python3.12/site-packages/airflow/example_dags/example_external_task_marker_dag.py
[2024-07-07T07:59:29.242+0000] {processor.py:830} INFO - Processing file /home/airflow/.local/lib/python3.12/site-packages/airflow/example_dags/example_external_task_marker_dag.py for tasks to queue
[2024-07-07T07:59:29.244+0000] {logging_mixin.py:188} INFO - [2024-07-07T07:59:29.243+0000] {dagbag.py:545} INFO - Filling up the DagBag from /home/airflow/.local/lib/python3.12/site-packages/airflow/example_dags/example_external_task_marker_dag.py
[2024-07-07T07:59:29.252+0000] {processor.py:840} INFO - DAG(s) 'example_external_task_marker_parent', 'example_external_task_marker_child' retrieved from /home/airflow/.local/lib/python3.12/site-packages/airflow/example_dags/example_external_task_marker_dag.py
[2024-07-07T07:59:29.286+0000] {logging_mixin.py:188} INFO - [2024-07-07T07:59:29.286+0000] {dag.py:3096} INFO - Sync 2 DAGs
[2024-07-07T07:59:29.304+0000] {logging_mixin.py:188} INFO - [2024-07-07T07:59:29.304+0000] {dag.py:3954} INFO - Setting next_dagrun for example_external_task_marker_child to None, run_after=None
[2024-07-07T07:59:29.309+0000] {logging_mixin.py:188} INFO - [2024-07-07T07:59:29.309+0000] {dag.py:3954} INFO - Setting next_dagrun for example_external_task_marker_parent to None, run_after=None
[2024-07-07T07:59:29.340+0000] {processor.py:183} INFO - Processing /home/airflow/.local/lib/python3.12/site-packages/airflow/example_dags/example_external_task_marker_dag.py took 0.111 seconds
[2024-07-07T08:00:00.143+0000] {processor.py:161} INFO - Started process (PID=5182) to work on /home/airflow/.local/lib/python3.12/site-packages/airflow/example_dags/example_external_task_marker_dag.py
[2024-07-07T08:00:00.144+0000] {processor.py:830} INFO - Processing file /home/airflow/.local/lib/python3.12/site-packages/airflow/example_dags/example_external_task_marker_dag.py for tasks to queue
[2024-07-07T08:00:00.146+0000] {logging_mixin.py:188} INFO - [2024-07-07T08:00:00.145+0000] {dagbag.py:545} INFO - Filling up the DagBag from /home/airflow/.local/lib/python3.12/site-packages/airflow/example_dags/example_external_task_marker_dag.py
[2024-07-07T08:00:00.153+0000] {processor.py:840} INFO - DAG(s) 'example_external_task_marker_parent', 'example_external_task_marker_child' retrieved from /home/airflow/.local/lib/python3.12/site-packages/airflow/example_dags/example_external_task_marker_dag.py
[2024-07-07T08:00:00.187+0000] {logging_mixin.py:188} INFO - [2024-07-07T08:00:00.187+0000] {dag.py:3096} INFO - Sync 2 DAGs
[2024-07-07T08:00:00.205+0000] {logging_mixin.py:188} INFO - [2024-07-07T08:00:00.205+0000] {dag.py:3954} INFO - Setting next_dagrun for example_external_task_marker_child to None, run_after=None
[2024-07-07T08:00:00.211+0000] {logging_mixin.py:188} INFO - [2024-07-07T08:00:00.211+0000] {dag.py:3954} INFO - Setting next_dagrun for example_external_task_marker_parent to None, run_after=None
[2024-07-07T08:00:00.241+0000] {processor.py:183} INFO - Processing /home/airflow/.local/lib/python3.12/site-packages/airflow/example_dags/example_external_task_marker_dag.py took 0.109 seconds
[2024-07-07T08:00:30.818+0000] {processor.py:161} INFO - Started process (PID=5242) to work on /home/airflow/.local/lib/python3.12/site-packages/airflow/example_dags/example_external_task_marker_dag.py
[2024-07-07T08:00:30.820+0000] {processor.py:830} INFO - Processing file /home/airflow/.local/lib/python3.12/site-packages/airflow/example_dags/example_external_task_marker_dag.py for tasks to queue
[2024-07-07T08:00:30.822+0000] {logging_mixin.py:188} INFO - [2024-07-07T08:00:30.821+0000] {dagbag.py:545} INFO - Filling up the DagBag from /home/airflow/.local/lib/python3.12/site-packages/airflow/example_dags/example_external_task_marker_dag.py
[2024-07-07T08:00:30.832+0000] {processor.py:840} INFO - DAG(s) 'example_external_task_marker_child', 'example_external_task_marker_parent' retrieved from /home/airflow/.local/lib/python3.12/site-packages/airflow/example_dags/example_external_task_marker_dag.py
[2024-07-07T08:00:30.872+0000] {logging_mixin.py:188} INFO - [2024-07-07T08:00:30.871+0000] {dag.py:3096} INFO - Sync 2 DAGs
[2024-07-07T08:00:30.891+0000] {logging_mixin.py:188} INFO - [2024-07-07T08:00:30.890+0000] {dag.py:3954} INFO - Setting next_dagrun for example_external_task_marker_child to None, run_after=None
[2024-07-07T08:00:30.896+0000] {logging_mixin.py:188} INFO - [2024-07-07T08:00:30.896+0000] {dag.py:3954} INFO - Setting next_dagrun for example_external_task_marker_parent to None, run_after=None
[2024-07-07T08:00:30.920+0000] {processor.py:183} INFO - Processing /home/airflow/.local/lib/python3.12/site-packages/airflow/example_dags/example_external_task_marker_dag.py took 0.116 seconds
[2024-07-07T08:05:27.779+0000] {processor.py:161} INFO - Started process (PID=5307) to work on /home/airflow/.local/lib/python3.12/site-packages/airflow/example_dags/example_external_task_marker_dag.py
[2024-07-07T08:05:27.783+0000] {processor.py:830} INFO - Processing file /home/airflow/.local/lib/python3.12/site-packages/airflow/example_dags/example_external_task_marker_dag.py for tasks to queue
[2024-07-07T08:05:27.795+0000] {logging_mixin.py:188} INFO - [2024-07-07T08:05:27.786+0000] {dagbag.py:545} INFO - Filling up the DagBag from /home/airflow/.local/lib/python3.12/site-packages/airflow/example_dags/example_external_task_marker_dag.py
[2024-07-07T08:05:27.844+0000] {processor.py:840} INFO - DAG(s) 'example_external_task_marker_child', 'example_external_task_marker_parent' retrieved from /home/airflow/.local/lib/python3.12/site-packages/airflow/example_dags/example_external_task_marker_dag.py
[2024-07-07T08:05:28.001+0000] {logging_mixin.py:188} INFO - [2024-07-07T08:05:28.001+0000] {dag.py:3096} INFO - Sync 2 DAGs
[2024-07-07T08:05:28.111+0000] {logging_mixin.py:188} INFO - [2024-07-07T08:05:28.111+0000] {dag.py:3954} INFO - Setting next_dagrun for example_external_task_marker_child to None, run_after=None
[2024-07-07T08:05:28.132+0000] {logging_mixin.py:188} INFO - [2024-07-07T08:05:28.132+0000] {dag.py:3954} INFO - Setting next_dagrun for example_external_task_marker_parent to None, run_after=None
[2024-07-07T08:05:28.246+0000] {processor.py:183} INFO - Processing /home/airflow/.local/lib/python3.12/site-packages/airflow/example_dags/example_external_task_marker_dag.py took 0.515 seconds
[2024-07-07T08:05:58.638+0000] {processor.py:161} INFO - Started process (PID=5368) to work on /home/airflow/.local/lib/python3.12/site-packages/airflow/example_dags/example_external_task_marker_dag.py
[2024-07-07T08:05:58.641+0000] {processor.py:830} INFO - Processing file /home/airflow/.local/lib/python3.12/site-packages/airflow/example_dags/example_external_task_marker_dag.py for tasks to queue
[2024-07-07T08:05:58.643+0000] {logging_mixin.py:188} INFO - [2024-07-07T08:05:58.643+0000] {dagbag.py:545} INFO - Filling up the DagBag from /home/airflow/.local/lib/python3.12/site-packages/airflow/example_dags/example_external_task_marker_dag.py
[2024-07-07T08:05:58.665+0000] {processor.py:840} INFO - DAG(s) 'example_external_task_marker_parent', 'example_external_task_marker_child' retrieved from /home/airflow/.local/lib/python3.12/site-packages/airflow/example_dags/example_external_task_marker_dag.py
[2024-07-07T08:05:58.764+0000] {logging_mixin.py:188} INFO - [2024-07-07T08:05:58.764+0000] {dag.py:3096} INFO - Sync 2 DAGs
[2024-07-07T08:05:58.815+0000] {logging_mixin.py:188} INFO - [2024-07-07T08:05:58.814+0000] {dag.py:3954} INFO - Setting next_dagrun for example_external_task_marker_child to None, run_after=None
[2024-07-07T08:05:58.838+0000] {logging_mixin.py:188} INFO - [2024-07-07T08:05:58.837+0000] {dag.py:3954} INFO - Setting next_dagrun for example_external_task_marker_parent to None, run_after=None
[2024-07-07T08:05:58.908+0000] {processor.py:183} INFO - Processing /home/airflow/.local/lib/python3.12/site-packages/airflow/example_dags/example_external_task_marker_dag.py took 0.295 seconds
