[2024-07-07T00:00:25.608+0000] {processor.py:161} INFO - Started process (PID=2328) to work on /home/airflow/.local/lib/python3.12/site-packages/airflow/example_dags/example_skip_dag.py
[2024-07-07T00:00:25.612+0000] {processor.py:830} INFO - Processing file /home/airflow/.local/lib/python3.12/site-packages/airflow/example_dags/example_skip_dag.py for tasks to queue
[2024-07-07T00:00:25.623+0000] {logging_mixin.py:188} INFO - [2024-07-07T00:00:25.621+0000] {dagbag.py:545} INFO - Filling up the DagBag from /home/airflow/.local/lib/python3.12/site-packages/airflow/example_dags/example_skip_dag.py
[2024-07-07T00:00:25.655+0000] {processor.py:840} INFO - DAG(s) 'example_skip_dag' retrieved from /home/airflow/.local/lib/python3.12/site-packages/airflow/example_dags/example_skip_dag.py
[2024-07-07T00:00:25.728+0000] {logging_mixin.py:188} INFO - [2024-07-07T00:00:25.727+0000] {dag.py:3096} INFO - Sync 1 DAGs
[2024-07-07T00:00:25.793+0000] {logging_mixin.py:188} INFO - [2024-07-07T00:00:25.792+0000] {dag.py:3954} INFO - Setting next_dagrun for example_skip_dag to 2024-07-06 00:00:00+00:00, run_after=2024-07-07 00:00:00+00:00
[2024-07-07T00:00:25.849+0000] {processor.py:183} INFO - Processing /home/airflow/.local/lib/python3.12/site-packages/airflow/example_dags/example_skip_dag.py took 0.277 seconds
[2024-07-07T00:00:56.046+0000] {processor.py:161} INFO - Started process (PID=2387) to work on /home/airflow/.local/lib/python3.12/site-packages/airflow/example_dags/example_skip_dag.py
[2024-07-07T00:00:56.050+0000] {processor.py:830} INFO - Processing file /home/airflow/.local/lib/python3.12/site-packages/airflow/example_dags/example_skip_dag.py for tasks to queue
[2024-07-07T00:00:56.057+0000] {logging_mixin.py:188} INFO - [2024-07-07T00:00:56.056+0000] {dagbag.py:545} INFO - Filling up the DagBag from /home/airflow/.local/lib/python3.12/site-packages/airflow/example_dags/example_skip_dag.py
[2024-07-07T00:00:56.084+0000] {processor.py:840} INFO - DAG(s) 'example_skip_dag' retrieved from /home/airflow/.local/lib/python3.12/site-packages/airflow/example_dags/example_skip_dag.py
[2024-07-07T00:00:56.159+0000] {logging_mixin.py:188} INFO - [2024-07-07T00:00:56.158+0000] {dag.py:3096} INFO - Sync 1 DAGs
[2024-07-07T00:00:56.242+0000] {logging_mixin.py:188} INFO - [2024-07-07T00:00:56.241+0000] {dag.py:3954} INFO - Setting next_dagrun for example_skip_dag to 2024-07-06 00:00:00+00:00, run_after=2024-07-07 00:00:00+00:00
[2024-07-07T00:00:56.308+0000] {processor.py:183} INFO - Processing /home/airflow/.local/lib/python3.12/site-packages/airflow/example_dags/example_skip_dag.py took 0.290 seconds
[2024-07-07T00:01:26.624+0000] {processor.py:161} INFO - Started process (PID=2447) to work on /home/airflow/.local/lib/python3.12/site-packages/airflow/example_dags/example_skip_dag.py
[2024-07-07T00:01:26.627+0000] {processor.py:830} INFO - Processing file /home/airflow/.local/lib/python3.12/site-packages/airflow/example_dags/example_skip_dag.py for tasks to queue
[2024-07-07T00:01:26.633+0000] {logging_mixin.py:188} INFO - [2024-07-07T00:01:26.632+0000] {dagbag.py:545} INFO - Filling up the DagBag from /home/airflow/.local/lib/python3.12/site-packages/airflow/example_dags/example_skip_dag.py
[2024-07-07T00:01:26.653+0000] {processor.py:840} INFO - DAG(s) 'example_skip_dag' retrieved from /home/airflow/.local/lib/python3.12/site-packages/airflow/example_dags/example_skip_dag.py
[2024-07-07T00:01:26.722+0000] {logging_mixin.py:188} INFO - [2024-07-07T00:01:26.721+0000] {dag.py:3096} INFO - Sync 1 DAGs
[2024-07-07T00:01:26.793+0000] {logging_mixin.py:188} INFO - [2024-07-07T00:01:26.793+0000] {dag.py:3954} INFO - Setting next_dagrun for example_skip_dag to 2024-07-06 00:00:00+00:00, run_after=2024-07-07 00:00:00+00:00
[2024-07-07T00:01:26.843+0000] {processor.py:183} INFO - Processing /home/airflow/.local/lib/python3.12/site-packages/airflow/example_dags/example_skip_dag.py took 0.239 seconds
[2024-07-07T00:01:57.259+0000] {processor.py:161} INFO - Started process (PID=2507) to work on /home/airflow/.local/lib/python3.12/site-packages/airflow/example_dags/example_skip_dag.py
[2024-07-07T00:01:57.265+0000] {processor.py:830} INFO - Processing file /home/airflow/.local/lib/python3.12/site-packages/airflow/example_dags/example_skip_dag.py for tasks to queue
[2024-07-07T00:01:57.271+0000] {logging_mixin.py:188} INFO - [2024-07-07T00:01:57.270+0000] {dagbag.py:545} INFO - Filling up the DagBag from /home/airflow/.local/lib/python3.12/site-packages/airflow/example_dags/example_skip_dag.py
[2024-07-07T00:01:57.293+0000] {processor.py:840} INFO - DAG(s) 'example_skip_dag' retrieved from /home/airflow/.local/lib/python3.12/site-packages/airflow/example_dags/example_skip_dag.py
[2024-07-07T00:01:57.386+0000] {logging_mixin.py:188} INFO - [2024-07-07T00:01:57.385+0000] {dag.py:3096} INFO - Sync 1 DAGs
[2024-07-07T00:01:57.475+0000] {logging_mixin.py:188} INFO - [2024-07-07T00:01:57.474+0000] {dag.py:3954} INFO - Setting next_dagrun for example_skip_dag to 2024-07-06 00:00:00+00:00, run_after=2024-07-07 00:00:00+00:00
[2024-07-07T00:01:57.540+0000] {processor.py:183} INFO - Processing /home/airflow/.local/lib/python3.12/site-packages/airflow/example_dags/example_skip_dag.py took 0.302 seconds
[2024-07-07T00:02:27.933+0000] {processor.py:161} INFO - Started process (PID=2567) to work on /home/airflow/.local/lib/python3.12/site-packages/airflow/example_dags/example_skip_dag.py
[2024-07-07T00:02:27.936+0000] {processor.py:830} INFO - Processing file /home/airflow/.local/lib/python3.12/site-packages/airflow/example_dags/example_skip_dag.py for tasks to queue
[2024-07-07T00:02:27.940+0000] {logging_mixin.py:188} INFO - [2024-07-07T00:02:27.940+0000] {dagbag.py:545} INFO - Filling up the DagBag from /home/airflow/.local/lib/python3.12/site-packages/airflow/example_dags/example_skip_dag.py
[2024-07-07T00:02:27.965+0000] {processor.py:840} INFO - DAG(s) 'example_skip_dag' retrieved from /home/airflow/.local/lib/python3.12/site-packages/airflow/example_dags/example_skip_dag.py
[2024-07-07T00:02:28.027+0000] {logging_mixin.py:188} INFO - [2024-07-07T00:02:28.026+0000] {dag.py:3096} INFO - Sync 1 DAGs
[2024-07-07T00:02:28.102+0000] {logging_mixin.py:188} INFO - [2024-07-07T00:02:28.101+0000] {dag.py:3954} INFO - Setting next_dagrun for example_skip_dag to 2024-07-06 00:00:00+00:00, run_after=2024-07-07 00:00:00+00:00
[2024-07-07T00:02:28.156+0000] {processor.py:183} INFO - Processing /home/airflow/.local/lib/python3.12/site-packages/airflow/example_dags/example_skip_dag.py took 0.242 seconds
[2024-07-07T00:02:58.447+0000] {processor.py:161} INFO - Started process (PID=2627) to work on /home/airflow/.local/lib/python3.12/site-packages/airflow/example_dags/example_skip_dag.py
[2024-07-07T00:02:58.449+0000] {processor.py:830} INFO - Processing file /home/airflow/.local/lib/python3.12/site-packages/airflow/example_dags/example_skip_dag.py for tasks to queue
[2024-07-07T00:02:58.455+0000] {logging_mixin.py:188} INFO - [2024-07-07T00:02:58.454+0000] {dagbag.py:545} INFO - Filling up the DagBag from /home/airflow/.local/lib/python3.12/site-packages/airflow/example_dags/example_skip_dag.py
[2024-07-07T00:02:58.469+0000] {processor.py:840} INFO - DAG(s) 'example_skip_dag' retrieved from /home/airflow/.local/lib/python3.12/site-packages/airflow/example_dags/example_skip_dag.py
[2024-07-07T00:02:58.523+0000] {logging_mixin.py:188} INFO - [2024-07-07T00:02:58.522+0000] {dag.py:3096} INFO - Sync 1 DAGs
[2024-07-07T00:02:58.576+0000] {logging_mixin.py:188} INFO - [2024-07-07T00:02:58.576+0000] {dag.py:3954} INFO - Setting next_dagrun for example_skip_dag to 2024-07-06 00:00:00+00:00, run_after=2024-07-07 00:00:00+00:00
[2024-07-07T00:02:58.611+0000] {processor.py:183} INFO - Processing /home/airflow/.local/lib/python3.12/site-packages/airflow/example_dags/example_skip_dag.py took 0.184 seconds
[2024-07-07T00:03:28.902+0000] {processor.py:161} INFO - Started process (PID=2688) to work on /home/airflow/.local/lib/python3.12/site-packages/airflow/example_dags/example_skip_dag.py
[2024-07-07T00:03:28.907+0000] {processor.py:830} INFO - Processing file /home/airflow/.local/lib/python3.12/site-packages/airflow/example_dags/example_skip_dag.py for tasks to queue
[2024-07-07T00:03:28.916+0000] {logging_mixin.py:188} INFO - [2024-07-07T00:03:28.915+0000] {dagbag.py:545} INFO - Filling up the DagBag from /home/airflow/.local/lib/python3.12/site-packages/airflow/example_dags/example_skip_dag.py
[2024-07-07T00:03:28.968+0000] {processor.py:840} INFO - DAG(s) 'example_skip_dag' retrieved from /home/airflow/.local/lib/python3.12/site-packages/airflow/example_dags/example_skip_dag.py
[2024-07-07T00:03:29.079+0000] {logging_mixin.py:188} INFO - [2024-07-07T00:03:29.079+0000] {dag.py:3096} INFO - Sync 1 DAGs
[2024-07-07T00:03:29.132+0000] {logging_mixin.py:188} INFO - [2024-07-07T00:03:29.131+0000] {dag.py:3954} INFO - Setting next_dagrun for example_skip_dag to 2024-07-06 00:00:00+00:00, run_after=2024-07-07 00:00:00+00:00
[2024-07-07T00:03:29.181+0000] {processor.py:183} INFO - Processing /home/airflow/.local/lib/python3.12/site-packages/airflow/example_dags/example_skip_dag.py took 0.312 seconds
[2024-07-07T07:39:29.375+0000] {processor.py:161} INFO - Started process (PID=2785) to work on /home/airflow/.local/lib/python3.12/site-packages/airflow/example_dags/example_skip_dag.py
[2024-07-07T07:39:29.378+0000] {processor.py:830} INFO - Processing file /home/airflow/.local/lib/python3.12/site-packages/airflow/example_dags/example_skip_dag.py for tasks to queue
[2024-07-07T07:39:29.381+0000] {logging_mixin.py:188} INFO - [2024-07-07T07:39:29.380+0000] {dagbag.py:545} INFO - Filling up the DagBag from /home/airflow/.local/lib/python3.12/site-packages/airflow/example_dags/example_skip_dag.py
[2024-07-07T07:39:29.404+0000] {processor.py:840} INFO - DAG(s) 'example_skip_dag' retrieved from /home/airflow/.local/lib/python3.12/site-packages/airflow/example_dags/example_skip_dag.py
[2024-07-07T07:39:29.543+0000] {logging_mixin.py:188} INFO - [2024-07-07T07:39:29.542+0000] {dag.py:3096} INFO - Sync 1 DAGs
[2024-07-07T07:39:29.631+0000] {logging_mixin.py:188} INFO - [2024-07-07T07:39:29.630+0000] {dag.py:3954} INFO - Setting next_dagrun for example_skip_dag to 2024-07-06 00:00:00+00:00, run_after=2024-07-07 00:00:00+00:00
[2024-07-07T07:39:29.687+0000] {processor.py:183} INFO - Processing /home/airflow/.local/lib/python3.12/site-packages/airflow/example_dags/example_skip_dag.py took 0.336 seconds
[2024-07-07T07:40:00.589+0000] {processor.py:161} INFO - Started process (PID=2845) to work on /home/airflow/.local/lib/python3.12/site-packages/airflow/example_dags/example_skip_dag.py
[2024-07-07T07:40:00.591+0000] {processor.py:830} INFO - Processing file /home/airflow/.local/lib/python3.12/site-packages/airflow/example_dags/example_skip_dag.py for tasks to queue
[2024-07-07T07:40:00.593+0000] {logging_mixin.py:188} INFO - [2024-07-07T07:40:00.592+0000] {dagbag.py:545} INFO - Filling up the DagBag from /home/airflow/.local/lib/python3.12/site-packages/airflow/example_dags/example_skip_dag.py
[2024-07-07T07:40:00.603+0000] {processor.py:840} INFO - DAG(s) 'example_skip_dag' retrieved from /home/airflow/.local/lib/python3.12/site-packages/airflow/example_dags/example_skip_dag.py
[2024-07-07T07:40:00.646+0000] {logging_mixin.py:188} INFO - [2024-07-07T07:40:00.645+0000] {dag.py:3096} INFO - Sync 1 DAGs
[2024-07-07T07:40:00.685+0000] {logging_mixin.py:188} INFO - [2024-07-07T07:40:00.685+0000] {dag.py:3954} INFO - Setting next_dagrun for example_skip_dag to 2024-07-06 00:00:00+00:00, run_after=2024-07-07 00:00:00+00:00
[2024-07-07T07:40:00.715+0000] {processor.py:183} INFO - Processing /home/airflow/.local/lib/python3.12/site-packages/airflow/example_dags/example_skip_dag.py took 0.134 seconds
[2024-07-07T07:40:30.828+0000] {processor.py:161} INFO - Started process (PID=2905) to work on /home/airflow/.local/lib/python3.12/site-packages/airflow/example_dags/example_skip_dag.py
[2024-07-07T07:40:30.830+0000] {processor.py:830} INFO - Processing file /home/airflow/.local/lib/python3.12/site-packages/airflow/example_dags/example_skip_dag.py for tasks to queue
[2024-07-07T07:40:30.831+0000] {logging_mixin.py:188} INFO - [2024-07-07T07:40:30.831+0000] {dagbag.py:545} INFO - Filling up the DagBag from /home/airflow/.local/lib/python3.12/site-packages/airflow/example_dags/example_skip_dag.py
[2024-07-07T07:40:30.838+0000] {processor.py:840} INFO - DAG(s) 'example_skip_dag' retrieved from /home/airflow/.local/lib/python3.12/site-packages/airflow/example_dags/example_skip_dag.py
[2024-07-07T07:40:30.870+0000] {logging_mixin.py:188} INFO - [2024-07-07T07:40:30.870+0000] {dag.py:3096} INFO - Sync 1 DAGs
[2024-07-07T07:40:30.897+0000] {logging_mixin.py:188} INFO - [2024-07-07T07:40:30.897+0000] {dag.py:3954} INFO - Setting next_dagrun for example_skip_dag to 2024-07-06 00:00:00+00:00, run_after=2024-07-07 00:00:00+00:00
[2024-07-07T07:40:30.928+0000] {processor.py:183} INFO - Processing /home/airflow/.local/lib/python3.12/site-packages/airflow/example_dags/example_skip_dag.py took 0.109 seconds
[2024-07-07T07:41:01.621+0000] {processor.py:161} INFO - Started process (PID=2965) to work on /home/airflow/.local/lib/python3.12/site-packages/airflow/example_dags/example_skip_dag.py
[2024-07-07T07:41:01.624+0000] {processor.py:830} INFO - Processing file /home/airflow/.local/lib/python3.12/site-packages/airflow/example_dags/example_skip_dag.py for tasks to queue
[2024-07-07T07:41:01.627+0000] {logging_mixin.py:188} INFO - [2024-07-07T07:41:01.626+0000] {dagbag.py:545} INFO - Filling up the DagBag from /home/airflow/.local/lib/python3.12/site-packages/airflow/example_dags/example_skip_dag.py
[2024-07-07T07:41:01.644+0000] {processor.py:840} INFO - DAG(s) 'example_skip_dag' retrieved from /home/airflow/.local/lib/python3.12/site-packages/airflow/example_dags/example_skip_dag.py
[2024-07-07T07:41:01.720+0000] {logging_mixin.py:188} INFO - [2024-07-07T07:41:01.719+0000] {dag.py:3096} INFO - Sync 1 DAGs
[2024-07-07T07:41:01.771+0000] {logging_mixin.py:188} INFO - [2024-07-07T07:41:01.770+0000] {dag.py:3954} INFO - Setting next_dagrun for example_skip_dag to 2024-07-06 00:00:00+00:00, run_after=2024-07-07 00:00:00+00:00
[2024-07-07T07:41:01.824+0000] {processor.py:183} INFO - Processing /home/airflow/.local/lib/python3.12/site-packages/airflow/example_dags/example_skip_dag.py took 0.221 seconds
[2024-07-07T07:41:32.619+0000] {processor.py:161} INFO - Started process (PID=3025) to work on /home/airflow/.local/lib/python3.12/site-packages/airflow/example_dags/example_skip_dag.py
[2024-07-07T07:41:32.626+0000] {processor.py:830} INFO - Processing file /home/airflow/.local/lib/python3.12/site-packages/airflow/example_dags/example_skip_dag.py for tasks to queue
[2024-07-07T07:41:32.634+0000] {logging_mixin.py:188} INFO - [2024-07-07T07:41:32.632+0000] {dagbag.py:545} INFO - Filling up the DagBag from /home/airflow/.local/lib/python3.12/site-packages/airflow/example_dags/example_skip_dag.py
[2024-07-07T07:41:32.676+0000] {processor.py:840} INFO - DAG(s) 'example_skip_dag' retrieved from /home/airflow/.local/lib/python3.12/site-packages/airflow/example_dags/example_skip_dag.py
[2024-07-07T07:41:32.829+0000] {logging_mixin.py:188} INFO - [2024-07-07T07:41:32.828+0000] {dag.py:3096} INFO - Sync 1 DAGs
[2024-07-07T07:41:32.889+0000] {logging_mixin.py:188} INFO - [2024-07-07T07:41:32.889+0000] {dag.py:3954} INFO - Setting next_dagrun for example_skip_dag to 2024-07-06 00:00:00+00:00, run_after=2024-07-07 00:00:00+00:00
[2024-07-07T07:41:32.921+0000] {processor.py:183} INFO - Processing /home/airflow/.local/lib/python3.12/site-packages/airflow/example_dags/example_skip_dag.py took 0.344 seconds
[2024-07-07T07:42:03.760+0000] {processor.py:161} INFO - Started process (PID=3085) to work on /home/airflow/.local/lib/python3.12/site-packages/airflow/example_dags/example_skip_dag.py
[2024-07-07T07:42:03.763+0000] {processor.py:830} INFO - Processing file /home/airflow/.local/lib/python3.12/site-packages/airflow/example_dags/example_skip_dag.py for tasks to queue
[2024-07-07T07:42:03.767+0000] {logging_mixin.py:188} INFO - [2024-07-07T07:42:03.766+0000] {dagbag.py:545} INFO - Filling up the DagBag from /home/airflow/.local/lib/python3.12/site-packages/airflow/example_dags/example_skip_dag.py
[2024-07-07T07:42:03.789+0000] {processor.py:840} INFO - DAG(s) 'example_skip_dag' retrieved from /home/airflow/.local/lib/python3.12/site-packages/airflow/example_dags/example_skip_dag.py
[2024-07-07T07:42:03.864+0000] {logging_mixin.py:188} INFO - [2024-07-07T07:42:03.863+0000] {dag.py:3096} INFO - Sync 1 DAGs
[2024-07-07T07:42:03.929+0000] {logging_mixin.py:188} INFO - [2024-07-07T07:42:03.928+0000] {dag.py:3954} INFO - Setting next_dagrun for example_skip_dag to 2024-07-06 00:00:00+00:00, run_after=2024-07-07 00:00:00+00:00
[2024-07-07T07:42:03.995+0000] {processor.py:183} INFO - Processing /home/airflow/.local/lib/python3.12/site-packages/airflow/example_dags/example_skip_dag.py took 0.257 seconds
[2024-07-07T07:42:35.453+0000] {processor.py:161} INFO - Started process (PID=3145) to work on /home/airflow/.local/lib/python3.12/site-packages/airflow/example_dags/example_skip_dag.py
[2024-07-07T07:42:35.458+0000] {processor.py:830} INFO - Processing file /home/airflow/.local/lib/python3.12/site-packages/airflow/example_dags/example_skip_dag.py for tasks to queue
[2024-07-07T07:42:35.463+0000] {logging_mixin.py:188} INFO - [2024-07-07T07:42:35.461+0000] {dagbag.py:545} INFO - Filling up the DagBag from /home/airflow/.local/lib/python3.12/site-packages/airflow/example_dags/example_skip_dag.py
[2024-07-07T07:42:35.500+0000] {processor.py:840} INFO - DAG(s) 'example_skip_dag' retrieved from /home/airflow/.local/lib/python3.12/site-packages/airflow/example_dags/example_skip_dag.py
[2024-07-07T07:42:35.640+0000] {logging_mixin.py:188} INFO - [2024-07-07T07:42:35.639+0000] {dag.py:3096} INFO - Sync 1 DAGs
[2024-07-07T07:42:35.700+0000] {logging_mixin.py:188} INFO - [2024-07-07T07:42:35.700+0000] {dag.py:3954} INFO - Setting next_dagrun for example_skip_dag to 2024-07-06 00:00:00+00:00, run_after=2024-07-07 00:00:00+00:00
[2024-07-07T07:42:35.755+0000] {processor.py:183} INFO - Processing /home/airflow/.local/lib/python3.12/site-packages/airflow/example_dags/example_skip_dag.py took 0.322 seconds
[2024-07-07T07:43:07.004+0000] {processor.py:161} INFO - Started process (PID=3205) to work on /home/airflow/.local/lib/python3.12/site-packages/airflow/example_dags/example_skip_dag.py
[2024-07-07T07:43:07.007+0000] {processor.py:830} INFO - Processing file /home/airflow/.local/lib/python3.12/site-packages/airflow/example_dags/example_skip_dag.py for tasks to queue
[2024-07-07T07:43:07.009+0000] {logging_mixin.py:188} INFO - [2024-07-07T07:43:07.009+0000] {dagbag.py:545} INFO - Filling up the DagBag from /home/airflow/.local/lib/python3.12/site-packages/airflow/example_dags/example_skip_dag.py
[2024-07-07T07:43:07.025+0000] {processor.py:840} INFO - DAG(s) 'example_skip_dag' retrieved from /home/airflow/.local/lib/python3.12/site-packages/airflow/example_dags/example_skip_dag.py
[2024-07-07T07:43:07.070+0000] {logging_mixin.py:188} INFO - [2024-07-07T07:43:07.069+0000] {dag.py:3096} INFO - Sync 1 DAGs
[2024-07-07T07:43:07.106+0000] {logging_mixin.py:188} INFO - [2024-07-07T07:43:07.106+0000] {dag.py:3954} INFO - Setting next_dagrun for example_skip_dag to 2024-07-06 00:00:00+00:00, run_after=2024-07-07 00:00:00+00:00
[2024-07-07T07:43:07.145+0000] {processor.py:183} INFO - Processing /home/airflow/.local/lib/python3.12/site-packages/airflow/example_dags/example_skip_dag.py took 0.154 seconds
[2024-07-07T07:43:38.365+0000] {processor.py:161} INFO - Started process (PID=3265) to work on /home/airflow/.local/lib/python3.12/site-packages/airflow/example_dags/example_skip_dag.py
[2024-07-07T07:43:38.371+0000] {processor.py:830} INFO - Processing file /home/airflow/.local/lib/python3.12/site-packages/airflow/example_dags/example_skip_dag.py for tasks to queue
[2024-07-07T07:43:38.380+0000] {logging_mixin.py:188} INFO - [2024-07-07T07:43:38.375+0000] {dagbag.py:545} INFO - Filling up the DagBag from /home/airflow/.local/lib/python3.12/site-packages/airflow/example_dags/example_skip_dag.py
[2024-07-07T07:43:38.421+0000] {processor.py:840} INFO - DAG(s) 'example_skip_dag' retrieved from /home/airflow/.local/lib/python3.12/site-packages/airflow/example_dags/example_skip_dag.py
[2024-07-07T07:43:38.544+0000] {logging_mixin.py:188} INFO - [2024-07-07T07:43:38.543+0000] {dag.py:3096} INFO - Sync 1 DAGs
[2024-07-07T07:43:38.599+0000] {logging_mixin.py:188} INFO - [2024-07-07T07:43:38.598+0000] {dag.py:3954} INFO - Setting next_dagrun for example_skip_dag to 2024-07-06 00:00:00+00:00, run_after=2024-07-07 00:00:00+00:00
[2024-07-07T07:43:38.654+0000] {processor.py:183} INFO - Processing /home/airflow/.local/lib/python3.12/site-packages/airflow/example_dags/example_skip_dag.py took 0.326 seconds
[2024-07-07T07:44:08.874+0000] {processor.py:161} INFO - Started process (PID=3323) to work on /home/airflow/.local/lib/python3.12/site-packages/airflow/example_dags/example_skip_dag.py
[2024-07-07T07:44:08.877+0000] {processor.py:830} INFO - Processing file /home/airflow/.local/lib/python3.12/site-packages/airflow/example_dags/example_skip_dag.py for tasks to queue
[2024-07-07T07:44:08.879+0000] {logging_mixin.py:188} INFO - [2024-07-07T07:44:08.878+0000] {dagbag.py:545} INFO - Filling up the DagBag from /home/airflow/.local/lib/python3.12/site-packages/airflow/example_dags/example_skip_dag.py
[2024-07-07T07:44:08.893+0000] {processor.py:840} INFO - DAG(s) 'example_skip_dag' retrieved from /home/airflow/.local/lib/python3.12/site-packages/airflow/example_dags/example_skip_dag.py
[2024-07-07T07:44:08.965+0000] {logging_mixin.py:188} INFO - [2024-07-07T07:44:08.965+0000] {dag.py:3096} INFO - Sync 1 DAGs
[2024-07-07T07:44:09.059+0000] {logging_mixin.py:188} INFO - [2024-07-07T07:44:09.058+0000] {dag.py:3954} INFO - Setting next_dagrun for example_skip_dag to 2024-07-06 00:00:00+00:00, run_after=2024-07-07 00:00:00+00:00
[2024-07-07T07:44:09.112+0000] {processor.py:183} INFO - Processing /home/airflow/.local/lib/python3.12/site-packages/airflow/example_dags/example_skip_dag.py took 0.257 seconds
[2024-07-07T07:44:39.353+0000] {processor.py:161} INFO - Started process (PID=3383) to work on /home/airflow/.local/lib/python3.12/site-packages/airflow/example_dags/example_skip_dag.py
[2024-07-07T07:44:39.355+0000] {processor.py:830} INFO - Processing file /home/airflow/.local/lib/python3.12/site-packages/airflow/example_dags/example_skip_dag.py for tasks to queue
[2024-07-07T07:44:39.357+0000] {logging_mixin.py:188} INFO - [2024-07-07T07:44:39.357+0000] {dagbag.py:545} INFO - Filling up the DagBag from /home/airflow/.local/lib/python3.12/site-packages/airflow/example_dags/example_skip_dag.py
[2024-07-07T07:44:39.370+0000] {processor.py:840} INFO - DAG(s) 'example_skip_dag' retrieved from /home/airflow/.local/lib/python3.12/site-packages/airflow/example_dags/example_skip_dag.py
[2024-07-07T07:44:39.422+0000] {logging_mixin.py:188} INFO - [2024-07-07T07:44:39.422+0000] {dag.py:3096} INFO - Sync 1 DAGs
[2024-07-07T07:44:39.474+0000] {logging_mixin.py:188} INFO - [2024-07-07T07:44:39.474+0000] {dag.py:3954} INFO - Setting next_dagrun for example_skip_dag to 2024-07-06 00:00:00+00:00, run_after=2024-07-07 00:00:00+00:00
[2024-07-07T07:44:39.526+0000] {processor.py:183} INFO - Processing /home/airflow/.local/lib/python3.12/site-packages/airflow/example_dags/example_skip_dag.py took 0.196 seconds
[2024-07-07T07:45:09.807+0000] {processor.py:161} INFO - Started process (PID=3443) to work on /home/airflow/.local/lib/python3.12/site-packages/airflow/example_dags/example_skip_dag.py
[2024-07-07T07:45:09.817+0000] {processor.py:830} INFO - Processing file /home/airflow/.local/lib/python3.12/site-packages/airflow/example_dags/example_skip_dag.py for tasks to queue
[2024-07-07T07:45:09.825+0000] {logging_mixin.py:188} INFO - [2024-07-07T07:45:09.822+0000] {dagbag.py:545} INFO - Filling up the DagBag from /home/airflow/.local/lib/python3.12/site-packages/airflow/example_dags/example_skip_dag.py
[2024-07-07T07:45:09.877+0000] {processor.py:840} INFO - DAG(s) 'example_skip_dag' retrieved from /home/airflow/.local/lib/python3.12/site-packages/airflow/example_dags/example_skip_dag.py
[2024-07-07T07:45:09.968+0000] {logging_mixin.py:188} INFO - [2024-07-07T07:45:09.967+0000] {dag.py:3096} INFO - Sync 1 DAGs
[2024-07-07T07:45:10.011+0000] {logging_mixin.py:188} INFO - [2024-07-07T07:45:10.011+0000] {dag.py:3954} INFO - Setting next_dagrun for example_skip_dag to 2024-07-06 00:00:00+00:00, run_after=2024-07-07 00:00:00+00:00
[2024-07-07T07:45:10.048+0000] {processor.py:183} INFO - Processing /home/airflow/.local/lib/python3.12/site-packages/airflow/example_dags/example_skip_dag.py took 0.292 seconds
[2024-07-07T07:45:40.857+0000] {processor.py:161} INFO - Started process (PID=3502) to work on /home/airflow/.local/lib/python3.12/site-packages/airflow/example_dags/example_skip_dag.py
[2024-07-07T07:45:40.859+0000] {processor.py:830} INFO - Processing file /home/airflow/.local/lib/python3.12/site-packages/airflow/example_dags/example_skip_dag.py for tasks to queue
[2024-07-07T07:45:40.863+0000] {logging_mixin.py:188} INFO - [2024-07-07T07:45:40.862+0000] {dagbag.py:545} INFO - Filling up the DagBag from /home/airflow/.local/lib/python3.12/site-packages/airflow/example_dags/example_skip_dag.py
[2024-07-07T07:45:40.879+0000] {processor.py:840} INFO - DAG(s) 'example_skip_dag' retrieved from /home/airflow/.local/lib/python3.12/site-packages/airflow/example_dags/example_skip_dag.py
[2024-07-07T07:45:40.943+0000] {logging_mixin.py:188} INFO - [2024-07-07T07:45:40.943+0000] {dag.py:3096} INFO - Sync 1 DAGs
[2024-07-07T07:45:40.999+0000] {logging_mixin.py:188} INFO - [2024-07-07T07:45:40.998+0000] {dag.py:3954} INFO - Setting next_dagrun for example_skip_dag to 2024-07-06 00:00:00+00:00, run_after=2024-07-07 00:00:00+00:00
[2024-07-07T07:45:41.055+0000] {processor.py:183} INFO - Processing /home/airflow/.local/lib/python3.12/site-packages/airflow/example_dags/example_skip_dag.py took 0.216 seconds
[2024-07-07T07:46:11.950+0000] {processor.py:161} INFO - Started process (PID=3562) to work on /home/airflow/.local/lib/python3.12/site-packages/airflow/example_dags/example_skip_dag.py
[2024-07-07T07:46:11.955+0000] {processor.py:830} INFO - Processing file /home/airflow/.local/lib/python3.12/site-packages/airflow/example_dags/example_skip_dag.py for tasks to queue
[2024-07-07T07:46:11.960+0000] {logging_mixin.py:188} INFO - [2024-07-07T07:46:11.958+0000] {dagbag.py:545} INFO - Filling up the DagBag from /home/airflow/.local/lib/python3.12/site-packages/airflow/example_dags/example_skip_dag.py
[2024-07-07T07:46:11.984+0000] {processor.py:840} INFO - DAG(s) 'example_skip_dag' retrieved from /home/airflow/.local/lib/python3.12/site-packages/airflow/example_dags/example_skip_dag.py
[2024-07-07T07:46:12.091+0000] {logging_mixin.py:188} INFO - [2024-07-07T07:46:12.089+0000] {dag.py:3096} INFO - Sync 1 DAGs
[2024-07-07T07:46:12.181+0000] {logging_mixin.py:188} INFO - [2024-07-07T07:46:12.180+0000] {dag.py:3954} INFO - Setting next_dagrun for example_skip_dag to 2024-07-06 00:00:00+00:00, run_after=2024-07-07 00:00:00+00:00
[2024-07-07T07:46:12.258+0000] {processor.py:183} INFO - Processing /home/airflow/.local/lib/python3.12/site-packages/airflow/example_dags/example_skip_dag.py took 0.336 seconds
[2024-07-07T07:46:42.384+0000] {processor.py:161} INFO - Started process (PID=3623) to work on /home/airflow/.local/lib/python3.12/site-packages/airflow/example_dags/example_skip_dag.py
[2024-07-07T07:46:42.386+0000] {processor.py:830} INFO - Processing file /home/airflow/.local/lib/python3.12/site-packages/airflow/example_dags/example_skip_dag.py for tasks to queue
[2024-07-07T07:46:42.388+0000] {logging_mixin.py:188} INFO - [2024-07-07T07:46:42.387+0000] {dagbag.py:545} INFO - Filling up the DagBag from /home/airflow/.local/lib/python3.12/site-packages/airflow/example_dags/example_skip_dag.py
[2024-07-07T07:46:42.397+0000] {processor.py:840} INFO - DAG(s) 'example_skip_dag' retrieved from /home/airflow/.local/lib/python3.12/site-packages/airflow/example_dags/example_skip_dag.py
[2024-07-07T07:46:42.436+0000] {logging_mixin.py:188} INFO - [2024-07-07T07:46:42.436+0000] {dag.py:3096} INFO - Sync 1 DAGs
[2024-07-07T07:46:42.472+0000] {logging_mixin.py:188} INFO - [2024-07-07T07:46:42.472+0000] {dag.py:3954} INFO - Setting next_dagrun for example_skip_dag to 2024-07-06 00:00:00+00:00, run_after=2024-07-07 00:00:00+00:00
[2024-07-07T07:46:42.513+0000] {processor.py:183} INFO - Processing /home/airflow/.local/lib/python3.12/site-packages/airflow/example_dags/example_skip_dag.py took 0.143 seconds
[2024-07-07T07:47:12.965+0000] {processor.py:161} INFO - Started process (PID=3684) to work on /home/airflow/.local/lib/python3.12/site-packages/airflow/example_dags/example_skip_dag.py
[2024-07-07T07:47:12.968+0000] {processor.py:830} INFO - Processing file /home/airflow/.local/lib/python3.12/site-packages/airflow/example_dags/example_skip_dag.py for tasks to queue
[2024-07-07T07:47:12.971+0000] {logging_mixin.py:188} INFO - [2024-07-07T07:47:12.970+0000] {dagbag.py:545} INFO - Filling up the DagBag from /home/airflow/.local/lib/python3.12/site-packages/airflow/example_dags/example_skip_dag.py
[2024-07-07T07:47:12.987+0000] {processor.py:840} INFO - DAG(s) 'example_skip_dag' retrieved from /home/airflow/.local/lib/python3.12/site-packages/airflow/example_dags/example_skip_dag.py
[2024-07-07T07:47:13.051+0000] {logging_mixin.py:188} INFO - [2024-07-07T07:47:13.051+0000] {dag.py:3096} INFO - Sync 1 DAGs
[2024-07-07T07:47:13.106+0000] {logging_mixin.py:188} INFO - [2024-07-07T07:47:13.106+0000] {dag.py:3954} INFO - Setting next_dagrun for example_skip_dag to 2024-07-06 00:00:00+00:00, run_after=2024-07-07 00:00:00+00:00
[2024-07-07T07:47:13.155+0000] {processor.py:183} INFO - Processing /home/airflow/.local/lib/python3.12/site-packages/airflow/example_dags/example_skip_dag.py took 0.207 seconds
[2024-07-07T07:47:43.243+0000] {processor.py:161} INFO - Started process (PID=3744) to work on /home/airflow/.local/lib/python3.12/site-packages/airflow/example_dags/example_skip_dag.py
[2024-07-07T07:47:43.244+0000] {processor.py:830} INFO - Processing file /home/airflow/.local/lib/python3.12/site-packages/airflow/example_dags/example_skip_dag.py for tasks to queue
[2024-07-07T07:47:43.246+0000] {logging_mixin.py:188} INFO - [2024-07-07T07:47:43.246+0000] {dagbag.py:545} INFO - Filling up the DagBag from /home/airflow/.local/lib/python3.12/site-packages/airflow/example_dags/example_skip_dag.py
[2024-07-07T07:47:43.258+0000] {processor.py:840} INFO - DAG(s) 'example_skip_dag' retrieved from /home/airflow/.local/lib/python3.12/site-packages/airflow/example_dags/example_skip_dag.py
[2024-07-07T07:47:43.306+0000] {logging_mixin.py:188} INFO - [2024-07-07T07:47:43.305+0000] {dag.py:3096} INFO - Sync 1 DAGs
[2024-07-07T07:47:43.348+0000] {logging_mixin.py:188} INFO - [2024-07-07T07:47:43.348+0000] {dag.py:3954} INFO - Setting next_dagrun for example_skip_dag to 2024-07-06 00:00:00+00:00, run_after=2024-07-07 00:00:00+00:00
[2024-07-07T07:47:43.390+0000] {processor.py:183} INFO - Processing /home/airflow/.local/lib/python3.12/site-packages/airflow/example_dags/example_skip_dag.py took 0.159 seconds
[2024-07-07T07:48:14.182+0000] {processor.py:161} INFO - Started process (PID=3804) to work on /home/airflow/.local/lib/python3.12/site-packages/airflow/example_dags/example_skip_dag.py
[2024-07-07T07:48:14.191+0000] {processor.py:830} INFO - Processing file /home/airflow/.local/lib/python3.12/site-packages/airflow/example_dags/example_skip_dag.py for tasks to queue
[2024-07-07T07:48:14.197+0000] {logging_mixin.py:188} INFO - [2024-07-07T07:48:14.195+0000] {dagbag.py:545} INFO - Filling up the DagBag from /home/airflow/.local/lib/python3.12/site-packages/airflow/example_dags/example_skip_dag.py
[2024-07-07T07:48:14.236+0000] {processor.py:840} INFO - DAG(s) 'example_skip_dag' retrieved from /home/airflow/.local/lib/python3.12/site-packages/airflow/example_dags/example_skip_dag.py
[2024-07-07T07:48:14.341+0000] {logging_mixin.py:188} INFO - [2024-07-07T07:48:14.339+0000] {dag.py:3096} INFO - Sync 1 DAGs
[2024-07-07T07:48:14.447+0000] {logging_mixin.py:188} INFO - [2024-07-07T07:48:14.446+0000] {dag.py:3954} INFO - Setting next_dagrun for example_skip_dag to 2024-07-06 00:00:00+00:00, run_after=2024-07-07 00:00:00+00:00
[2024-07-07T07:48:14.538+0000] {processor.py:183} INFO - Processing /home/airflow/.local/lib/python3.12/site-packages/airflow/example_dags/example_skip_dag.py took 0.387 seconds
[2024-07-07T07:48:45.048+0000] {processor.py:161} INFO - Started process (PID=3864) to work on /home/airflow/.local/lib/python3.12/site-packages/airflow/example_dags/example_skip_dag.py
[2024-07-07T07:48:45.052+0000] {processor.py:830} INFO - Processing file /home/airflow/.local/lib/python3.12/site-packages/airflow/example_dags/example_skip_dag.py for tasks to queue
[2024-07-07T07:48:45.058+0000] {logging_mixin.py:188} INFO - [2024-07-07T07:48:45.056+0000] {dagbag.py:545} INFO - Filling up the DagBag from /home/airflow/.local/lib/python3.12/site-packages/airflow/example_dags/example_skip_dag.py
[2024-07-07T07:48:45.086+0000] {processor.py:840} INFO - DAG(s) 'example_skip_dag' retrieved from /home/airflow/.local/lib/python3.12/site-packages/airflow/example_dags/example_skip_dag.py
[2024-07-07T07:48:45.187+0000] {logging_mixin.py:188} INFO - [2024-07-07T07:48:45.186+0000] {dag.py:3096} INFO - Sync 1 DAGs
[2024-07-07T07:48:45.281+0000] {logging_mixin.py:188} INFO - [2024-07-07T07:48:45.280+0000] {dag.py:3954} INFO - Setting next_dagrun for example_skip_dag to 2024-07-06 00:00:00+00:00, run_after=2024-07-07 00:00:00+00:00
[2024-07-07T07:48:45.364+0000] {processor.py:183} INFO - Processing /home/airflow/.local/lib/python3.12/site-packages/airflow/example_dags/example_skip_dag.py took 0.347 seconds
[2024-07-07T07:49:16.688+0000] {processor.py:161} INFO - Started process (PID=3925) to work on /home/airflow/.local/lib/python3.12/site-packages/airflow/example_dags/example_skip_dag.py
[2024-07-07T07:49:16.693+0000] {processor.py:830} INFO - Processing file /home/airflow/.local/lib/python3.12/site-packages/airflow/example_dags/example_skip_dag.py for tasks to queue
[2024-07-07T07:49:16.697+0000] {logging_mixin.py:188} INFO - [2024-07-07T07:49:16.696+0000] {dagbag.py:545} INFO - Filling up the DagBag from /home/airflow/.local/lib/python3.12/site-packages/airflow/example_dags/example_skip_dag.py
[2024-07-07T07:49:16.721+0000] {processor.py:840} INFO - DAG(s) 'example_skip_dag' retrieved from /home/airflow/.local/lib/python3.12/site-packages/airflow/example_dags/example_skip_dag.py
[2024-07-07T07:49:16.796+0000] {logging_mixin.py:188} INFO - [2024-07-07T07:49:16.796+0000] {dag.py:3096} INFO - Sync 1 DAGs
[2024-07-07T07:49:16.867+0000] {logging_mixin.py:188} INFO - [2024-07-07T07:49:16.866+0000] {dag.py:3954} INFO - Setting next_dagrun for example_skip_dag to 2024-07-06 00:00:00+00:00, run_after=2024-07-07 00:00:00+00:00
[2024-07-07T07:49:16.951+0000] {processor.py:183} INFO - Processing /home/airflow/.local/lib/python3.12/site-packages/airflow/example_dags/example_skip_dag.py took 0.287 seconds
[2024-07-07T07:49:47.109+0000] {processor.py:161} INFO - Started process (PID=3984) to work on /home/airflow/.local/lib/python3.12/site-packages/airflow/example_dags/example_skip_dag.py
[2024-07-07T07:49:47.111+0000] {processor.py:830} INFO - Processing file /home/airflow/.local/lib/python3.12/site-packages/airflow/example_dags/example_skip_dag.py for tasks to queue
[2024-07-07T07:49:47.113+0000] {logging_mixin.py:188} INFO - [2024-07-07T07:49:47.112+0000] {dagbag.py:545} INFO - Filling up the DagBag from /home/airflow/.local/lib/python3.12/site-packages/airflow/example_dags/example_skip_dag.py
[2024-07-07T07:49:47.129+0000] {processor.py:840} INFO - DAG(s) 'example_skip_dag' retrieved from /home/airflow/.local/lib/python3.12/site-packages/airflow/example_dags/example_skip_dag.py
[2024-07-07T07:49:47.182+0000] {logging_mixin.py:188} INFO - [2024-07-07T07:49:47.181+0000] {dag.py:3096} INFO - Sync 1 DAGs
[2024-07-07T07:49:47.235+0000] {logging_mixin.py:188} INFO - [2024-07-07T07:49:47.234+0000] {dag.py:3954} INFO - Setting next_dagrun for example_skip_dag to 2024-07-06 00:00:00+00:00, run_after=2024-07-07 00:00:00+00:00
[2024-07-07T07:49:47.271+0000] {processor.py:183} INFO - Processing /home/airflow/.local/lib/python3.12/site-packages/airflow/example_dags/example_skip_dag.py took 0.179 seconds
[2024-07-07T07:50:17.914+0000] {processor.py:161} INFO - Started process (PID=4044) to work on /home/airflow/.local/lib/python3.12/site-packages/airflow/example_dags/example_skip_dag.py
[2024-07-07T07:50:17.916+0000] {processor.py:830} INFO - Processing file /home/airflow/.local/lib/python3.12/site-packages/airflow/example_dags/example_skip_dag.py for tasks to queue
[2024-07-07T07:50:17.919+0000] {logging_mixin.py:188} INFO - [2024-07-07T07:50:17.918+0000] {dagbag.py:545} INFO - Filling up the DagBag from /home/airflow/.local/lib/python3.12/site-packages/airflow/example_dags/example_skip_dag.py
[2024-07-07T07:50:17.929+0000] {processor.py:840} INFO - DAG(s) 'example_skip_dag' retrieved from /home/airflow/.local/lib/python3.12/site-packages/airflow/example_dags/example_skip_dag.py
[2024-07-07T07:50:17.968+0000] {logging_mixin.py:188} INFO - [2024-07-07T07:50:17.968+0000] {dag.py:3096} INFO - Sync 1 DAGs
[2024-07-07T07:50:18.005+0000] {logging_mixin.py:188} INFO - [2024-07-07T07:50:18.004+0000] {dag.py:3954} INFO - Setting next_dagrun for example_skip_dag to 2024-07-06 00:00:00+00:00, run_after=2024-07-07 00:00:00+00:00
[2024-07-07T07:50:18.042+0000] {processor.py:183} INFO - Processing /home/airflow/.local/lib/python3.12/site-packages/airflow/example_dags/example_skip_dag.py took 0.139 seconds
[2024-07-07T07:50:48.740+0000] {processor.py:161} INFO - Started process (PID=4104) to work on /home/airflow/.local/lib/python3.12/site-packages/airflow/example_dags/example_skip_dag.py
[2024-07-07T07:50:48.743+0000] {processor.py:830} INFO - Processing file /home/airflow/.local/lib/python3.12/site-packages/airflow/example_dags/example_skip_dag.py for tasks to queue
[2024-07-07T07:50:48.745+0000] {logging_mixin.py:188} INFO - [2024-07-07T07:50:48.744+0000] {dagbag.py:545} INFO - Filling up the DagBag from /home/airflow/.local/lib/python3.12/site-packages/airflow/example_dags/example_skip_dag.py
[2024-07-07T07:50:48.756+0000] {processor.py:840} INFO - DAG(s) 'example_skip_dag' retrieved from /home/airflow/.local/lib/python3.12/site-packages/airflow/example_dags/example_skip_dag.py
[2024-07-07T07:50:48.790+0000] {logging_mixin.py:188} INFO - [2024-07-07T07:50:48.790+0000] {dag.py:3096} INFO - Sync 1 DAGs
[2024-07-07T07:50:48.818+0000] {logging_mixin.py:188} INFO - [2024-07-07T07:50:48.818+0000] {dag.py:3954} INFO - Setting next_dagrun for example_skip_dag to 2024-07-06 00:00:00+00:00, run_after=2024-07-07 00:00:00+00:00
[2024-07-07T07:50:48.843+0000] {processor.py:183} INFO - Processing /home/airflow/.local/lib/python3.12/site-packages/airflow/example_dags/example_skip_dag.py took 0.118 seconds
[2024-07-07T07:51:19.477+0000] {processor.py:161} INFO - Started process (PID=4164) to work on /home/airflow/.local/lib/python3.12/site-packages/airflow/example_dags/example_skip_dag.py
[2024-07-07T07:51:19.479+0000] {processor.py:830} INFO - Processing file /home/airflow/.local/lib/python3.12/site-packages/airflow/example_dags/example_skip_dag.py for tasks to queue
[2024-07-07T07:51:19.480+0000] {logging_mixin.py:188} INFO - [2024-07-07T07:51:19.480+0000] {dagbag.py:545} INFO - Filling up the DagBag from /home/airflow/.local/lib/python3.12/site-packages/airflow/example_dags/example_skip_dag.py
[2024-07-07T07:51:19.487+0000] {processor.py:840} INFO - DAG(s) 'example_skip_dag' retrieved from /home/airflow/.local/lib/python3.12/site-packages/airflow/example_dags/example_skip_dag.py
[2024-07-07T07:51:19.518+0000] {logging_mixin.py:188} INFO - [2024-07-07T07:51:19.518+0000] {dag.py:3096} INFO - Sync 1 DAGs
[2024-07-07T07:51:19.545+0000] {logging_mixin.py:188} INFO - [2024-07-07T07:51:19.545+0000] {dag.py:3954} INFO - Setting next_dagrun for example_skip_dag to 2024-07-06 00:00:00+00:00, run_after=2024-07-07 00:00:00+00:00
[2024-07-07T07:51:19.578+0000] {processor.py:183} INFO - Processing /home/airflow/.local/lib/python3.12/site-packages/airflow/example_dags/example_skip_dag.py took 0.112 seconds
[2024-07-07T07:51:49.986+0000] {processor.py:161} INFO - Started process (PID=4224) to work on /home/airflow/.local/lib/python3.12/site-packages/airflow/example_dags/example_skip_dag.py
[2024-07-07T07:51:49.987+0000] {processor.py:830} INFO - Processing file /home/airflow/.local/lib/python3.12/site-packages/airflow/example_dags/example_skip_dag.py for tasks to queue
[2024-07-07T07:51:49.989+0000] {logging_mixin.py:188} INFO - [2024-07-07T07:51:49.988+0000] {dagbag.py:545} INFO - Filling up the DagBag from /home/airflow/.local/lib/python3.12/site-packages/airflow/example_dags/example_skip_dag.py
[2024-07-07T07:51:49.998+0000] {processor.py:840} INFO - DAG(s) 'example_skip_dag' retrieved from /home/airflow/.local/lib/python3.12/site-packages/airflow/example_dags/example_skip_dag.py
[2024-07-07T07:51:50.029+0000] {logging_mixin.py:188} INFO - [2024-07-07T07:51:50.028+0000] {dag.py:3096} INFO - Sync 1 DAGs
[2024-07-07T07:51:50.055+0000] {logging_mixin.py:188} INFO - [2024-07-07T07:51:50.055+0000] {dag.py:3954} INFO - Setting next_dagrun for example_skip_dag to 2024-07-06 00:00:00+00:00, run_after=2024-07-07 00:00:00+00:00
[2024-07-07T07:51:50.087+0000] {processor.py:183} INFO - Processing /home/airflow/.local/lib/python3.12/site-packages/airflow/example_dags/example_skip_dag.py took 0.110 seconds
[2024-07-07T07:52:20.484+0000] {processor.py:161} INFO - Started process (PID=4283) to work on /home/airflow/.local/lib/python3.12/site-packages/airflow/example_dags/example_skip_dag.py
[2024-07-07T07:52:20.485+0000] {processor.py:830} INFO - Processing file /home/airflow/.local/lib/python3.12/site-packages/airflow/example_dags/example_skip_dag.py for tasks to queue
[2024-07-07T07:52:20.487+0000] {logging_mixin.py:188} INFO - [2024-07-07T07:52:20.487+0000] {dagbag.py:545} INFO - Filling up the DagBag from /home/airflow/.local/lib/python3.12/site-packages/airflow/example_dags/example_skip_dag.py
[2024-07-07T07:52:20.497+0000] {processor.py:840} INFO - DAG(s) 'example_skip_dag' retrieved from /home/airflow/.local/lib/python3.12/site-packages/airflow/example_dags/example_skip_dag.py
[2024-07-07T07:52:20.530+0000] {logging_mixin.py:188} INFO - [2024-07-07T07:52:20.529+0000] {dag.py:3096} INFO - Sync 1 DAGs
[2024-07-07T07:52:20.557+0000] {logging_mixin.py:188} INFO - [2024-07-07T07:52:20.557+0000] {dag.py:3954} INFO - Setting next_dagrun for example_skip_dag to 2024-07-06 00:00:00+00:00, run_after=2024-07-07 00:00:00+00:00
[2024-07-07T07:52:20.591+0000] {processor.py:183} INFO - Processing /home/airflow/.local/lib/python3.12/site-packages/airflow/example_dags/example_skip_dag.py took 0.118 seconds
[2024-07-07T07:52:50.817+0000] {processor.py:161} INFO - Started process (PID=4342) to work on /home/airflow/.local/lib/python3.12/site-packages/airflow/example_dags/example_skip_dag.py
[2024-07-07T07:52:50.819+0000] {processor.py:830} INFO - Processing file /home/airflow/.local/lib/python3.12/site-packages/airflow/example_dags/example_skip_dag.py for tasks to queue
[2024-07-07T07:52:50.821+0000] {logging_mixin.py:188} INFO - [2024-07-07T07:52:50.820+0000] {dagbag.py:545} INFO - Filling up the DagBag from /home/airflow/.local/lib/python3.12/site-packages/airflow/example_dags/example_skip_dag.py
[2024-07-07T07:52:50.830+0000] {processor.py:840} INFO - DAG(s) 'example_skip_dag' retrieved from /home/airflow/.local/lib/python3.12/site-packages/airflow/example_dags/example_skip_dag.py
[2024-07-07T07:52:50.868+0000] {logging_mixin.py:188} INFO - [2024-07-07T07:52:50.868+0000] {dag.py:3096} INFO - Sync 1 DAGs
[2024-07-07T07:52:50.897+0000] {logging_mixin.py:188} INFO - [2024-07-07T07:52:50.896+0000] {dag.py:3954} INFO - Setting next_dagrun for example_skip_dag to 2024-07-06 00:00:00+00:00, run_after=2024-07-07 00:00:00+00:00
[2024-07-07T07:52:50.922+0000] {processor.py:183} INFO - Processing /home/airflow/.local/lib/python3.12/site-packages/airflow/example_dags/example_skip_dag.py took 0.116 seconds
[2024-07-07T07:53:21.155+0000] {processor.py:161} INFO - Started process (PID=4402) to work on /home/airflow/.local/lib/python3.12/site-packages/airflow/example_dags/example_skip_dag.py
[2024-07-07T07:53:21.157+0000] {processor.py:830} INFO - Processing file /home/airflow/.local/lib/python3.12/site-packages/airflow/example_dags/example_skip_dag.py for tasks to queue
[2024-07-07T07:53:21.159+0000] {logging_mixin.py:188} INFO - [2024-07-07T07:53:21.158+0000] {dagbag.py:545} INFO - Filling up the DagBag from /home/airflow/.local/lib/python3.12/site-packages/airflow/example_dags/example_skip_dag.py
[2024-07-07T07:53:21.167+0000] {processor.py:840} INFO - DAG(s) 'example_skip_dag' retrieved from /home/airflow/.local/lib/python3.12/site-packages/airflow/example_dags/example_skip_dag.py
[2024-07-07T07:53:21.198+0000] {logging_mixin.py:188} INFO - [2024-07-07T07:53:21.197+0000] {dag.py:3096} INFO - Sync 1 DAGs
[2024-07-07T07:53:21.226+0000] {logging_mixin.py:188} INFO - [2024-07-07T07:53:21.225+0000] {dag.py:3954} INFO - Setting next_dagrun for example_skip_dag to 2024-07-06 00:00:00+00:00, run_after=2024-07-07 00:00:00+00:00
[2024-07-07T07:53:21.251+0000] {processor.py:183} INFO - Processing /home/airflow/.local/lib/python3.12/site-packages/airflow/example_dags/example_skip_dag.py took 0.111 seconds
[2024-07-07T07:53:51.708+0000] {processor.py:161} INFO - Started process (PID=4462) to work on /home/airflow/.local/lib/python3.12/site-packages/airflow/example_dags/example_skip_dag.py
[2024-07-07T07:53:51.710+0000] {processor.py:830} INFO - Processing file /home/airflow/.local/lib/python3.12/site-packages/airflow/example_dags/example_skip_dag.py for tasks to queue
[2024-07-07T07:53:51.712+0000] {logging_mixin.py:188} INFO - [2024-07-07T07:53:51.711+0000] {dagbag.py:545} INFO - Filling up the DagBag from /home/airflow/.local/lib/python3.12/site-packages/airflow/example_dags/example_skip_dag.py
[2024-07-07T07:53:51.721+0000] {processor.py:840} INFO - DAG(s) 'example_skip_dag' retrieved from /home/airflow/.local/lib/python3.12/site-packages/airflow/example_dags/example_skip_dag.py
[2024-07-07T07:53:51.753+0000] {logging_mixin.py:188} INFO - [2024-07-07T07:53:51.753+0000] {dag.py:3096} INFO - Sync 1 DAGs
[2024-07-07T07:53:51.782+0000] {logging_mixin.py:188} INFO - [2024-07-07T07:53:51.782+0000] {dag.py:3954} INFO - Setting next_dagrun for example_skip_dag to 2024-07-06 00:00:00+00:00, run_after=2024-07-07 00:00:00+00:00
[2024-07-07T07:53:51.807+0000] {processor.py:183} INFO - Processing /home/airflow/.local/lib/python3.12/site-packages/airflow/example_dags/example_skip_dag.py took 0.118 seconds
[2024-07-07T07:54:22.835+0000] {processor.py:161} INFO - Started process (PID=4522) to work on /home/airflow/.local/lib/python3.12/site-packages/airflow/example_dags/example_skip_dag.py
[2024-07-07T07:54:22.838+0000] {processor.py:830} INFO - Processing file /home/airflow/.local/lib/python3.12/site-packages/airflow/example_dags/example_skip_dag.py for tasks to queue
[2024-07-07T07:54:22.840+0000] {logging_mixin.py:188} INFO - [2024-07-07T07:54:22.839+0000] {dagbag.py:545} INFO - Filling up the DagBag from /home/airflow/.local/lib/python3.12/site-packages/airflow/example_dags/example_skip_dag.py
[2024-07-07T07:54:22.856+0000] {processor.py:840} INFO - DAG(s) 'example_skip_dag' retrieved from /home/airflow/.local/lib/python3.12/site-packages/airflow/example_dags/example_skip_dag.py
[2024-07-07T07:54:22.918+0000] {logging_mixin.py:188} INFO - [2024-07-07T07:54:22.918+0000] {dag.py:3096} INFO - Sync 1 DAGs
[2024-07-07T07:54:22.951+0000] {logging_mixin.py:188} INFO - [2024-07-07T07:54:22.951+0000] {dag.py:3954} INFO - Setting next_dagrun for example_skip_dag to 2024-07-06 00:00:00+00:00, run_after=2024-07-07 00:00:00+00:00
[2024-07-07T07:54:22.977+0000] {processor.py:183} INFO - Processing /home/airflow/.local/lib/python3.12/site-packages/airflow/example_dags/example_skip_dag.py took 0.158 seconds
[2024-07-07T07:54:53.229+0000] {processor.py:161} INFO - Started process (PID=4580) to work on /home/airflow/.local/lib/python3.12/site-packages/airflow/example_dags/example_skip_dag.py
[2024-07-07T07:54:53.230+0000] {processor.py:830} INFO - Processing file /home/airflow/.local/lib/python3.12/site-packages/airflow/example_dags/example_skip_dag.py for tasks to queue
[2024-07-07T07:54:53.232+0000] {logging_mixin.py:188} INFO - [2024-07-07T07:54:53.231+0000] {dagbag.py:545} INFO - Filling up the DagBag from /home/airflow/.local/lib/python3.12/site-packages/airflow/example_dags/example_skip_dag.py
[2024-07-07T07:54:53.240+0000] {processor.py:840} INFO - DAG(s) 'example_skip_dag' retrieved from /home/airflow/.local/lib/python3.12/site-packages/airflow/example_dags/example_skip_dag.py
[2024-07-07T07:54:53.276+0000] {logging_mixin.py:188} INFO - [2024-07-07T07:54:53.276+0000] {dag.py:3096} INFO - Sync 1 DAGs
[2024-07-07T07:54:53.313+0000] {logging_mixin.py:188} INFO - [2024-07-07T07:54:53.313+0000] {dag.py:3954} INFO - Setting next_dagrun for example_skip_dag to 2024-07-06 00:00:00+00:00, run_after=2024-07-07 00:00:00+00:00
[2024-07-07T07:54:53.342+0000] {processor.py:183} INFO - Processing /home/airflow/.local/lib/python3.12/site-packages/airflow/example_dags/example_skip_dag.py took 0.122 seconds
[2024-07-07T07:55:23.654+0000] {processor.py:161} INFO - Started process (PID=4640) to work on /home/airflow/.local/lib/python3.12/site-packages/airflow/example_dags/example_skip_dag.py
[2024-07-07T07:55:23.656+0000] {processor.py:830} INFO - Processing file /home/airflow/.local/lib/python3.12/site-packages/airflow/example_dags/example_skip_dag.py for tasks to queue
[2024-07-07T07:55:23.658+0000] {logging_mixin.py:188} INFO - [2024-07-07T07:55:23.657+0000] {dagbag.py:545} INFO - Filling up the DagBag from /home/airflow/.local/lib/python3.12/site-packages/airflow/example_dags/example_skip_dag.py
[2024-07-07T07:55:23.666+0000] {processor.py:840} INFO - DAG(s) 'example_skip_dag' retrieved from /home/airflow/.local/lib/python3.12/site-packages/airflow/example_dags/example_skip_dag.py
[2024-07-07T07:55:23.698+0000] {logging_mixin.py:188} INFO - [2024-07-07T07:55:23.697+0000] {dag.py:3096} INFO - Sync 1 DAGs
[2024-07-07T07:55:23.725+0000] {logging_mixin.py:188} INFO - [2024-07-07T07:55:23.725+0000] {dag.py:3954} INFO - Setting next_dagrun for example_skip_dag to 2024-07-06 00:00:00+00:00, run_after=2024-07-07 00:00:00+00:00
[2024-07-07T07:55:23.768+0000] {processor.py:183} INFO - Processing /home/airflow/.local/lib/python3.12/site-packages/airflow/example_dags/example_skip_dag.py took 0.122 seconds
[2024-07-07T07:55:54.432+0000] {processor.py:161} INFO - Started process (PID=4700) to work on /home/airflow/.local/lib/python3.12/site-packages/airflow/example_dags/example_skip_dag.py
[2024-07-07T07:55:54.434+0000] {processor.py:830} INFO - Processing file /home/airflow/.local/lib/python3.12/site-packages/airflow/example_dags/example_skip_dag.py for tasks to queue
[2024-07-07T07:55:54.437+0000] {logging_mixin.py:188} INFO - [2024-07-07T07:55:54.436+0000] {dagbag.py:545} INFO - Filling up the DagBag from /home/airflow/.local/lib/python3.12/site-packages/airflow/example_dags/example_skip_dag.py
[2024-07-07T07:55:54.448+0000] {processor.py:840} INFO - DAG(s) 'example_skip_dag' retrieved from /home/airflow/.local/lib/python3.12/site-packages/airflow/example_dags/example_skip_dag.py
[2024-07-07T07:55:54.487+0000] {logging_mixin.py:188} INFO - [2024-07-07T07:55:54.487+0000] {dag.py:3096} INFO - Sync 1 DAGs
[2024-07-07T07:55:54.515+0000] {logging_mixin.py:188} INFO - [2024-07-07T07:55:54.514+0000] {dag.py:3954} INFO - Setting next_dagrun for example_skip_dag to 2024-07-06 00:00:00+00:00, run_after=2024-07-07 00:00:00+00:00
[2024-07-07T07:55:54.558+0000] {processor.py:183} INFO - Processing /home/airflow/.local/lib/python3.12/site-packages/airflow/example_dags/example_skip_dag.py took 0.144 seconds
[2024-07-07T07:56:24.818+0000] {processor.py:161} INFO - Started process (PID=4760) to work on /home/airflow/.local/lib/python3.12/site-packages/airflow/example_dags/example_skip_dag.py
[2024-07-07T07:56:24.820+0000] {processor.py:830} INFO - Processing file /home/airflow/.local/lib/python3.12/site-packages/airflow/example_dags/example_skip_dag.py for tasks to queue
[2024-07-07T07:56:24.822+0000] {logging_mixin.py:188} INFO - [2024-07-07T07:56:24.822+0000] {dagbag.py:545} INFO - Filling up the DagBag from /home/airflow/.local/lib/python3.12/site-packages/airflow/example_dags/example_skip_dag.py
[2024-07-07T07:56:24.832+0000] {processor.py:840} INFO - DAG(s) 'example_skip_dag' retrieved from /home/airflow/.local/lib/python3.12/site-packages/airflow/example_dags/example_skip_dag.py
[2024-07-07T07:56:24.869+0000] {logging_mixin.py:188} INFO - [2024-07-07T07:56:24.869+0000] {dag.py:3096} INFO - Sync 1 DAGs
[2024-07-07T07:56:24.901+0000] {logging_mixin.py:188} INFO - [2024-07-07T07:56:24.901+0000] {dag.py:3954} INFO - Setting next_dagrun for example_skip_dag to 2024-07-06 00:00:00+00:00, run_after=2024-07-07 00:00:00+00:00
[2024-07-07T07:56:24.938+0000] {processor.py:183} INFO - Processing /home/airflow/.local/lib/python3.12/site-packages/airflow/example_dags/example_skip_dag.py took 0.133 seconds
[2024-07-07T07:56:55.266+0000] {processor.py:161} INFO - Started process (PID=4820) to work on /home/airflow/.local/lib/python3.12/site-packages/airflow/example_dags/example_skip_dag.py
[2024-07-07T07:56:55.267+0000] {processor.py:830} INFO - Processing file /home/airflow/.local/lib/python3.12/site-packages/airflow/example_dags/example_skip_dag.py for tasks to queue
[2024-07-07T07:56:55.269+0000] {logging_mixin.py:188} INFO - [2024-07-07T07:56:55.268+0000] {dagbag.py:545} INFO - Filling up the DagBag from /home/airflow/.local/lib/python3.12/site-packages/airflow/example_dags/example_skip_dag.py
[2024-07-07T07:56:55.276+0000] {processor.py:840} INFO - DAG(s) 'example_skip_dag' retrieved from /home/airflow/.local/lib/python3.12/site-packages/airflow/example_dags/example_skip_dag.py
[2024-07-07T07:56:55.306+0000] {logging_mixin.py:188} INFO - [2024-07-07T07:56:55.306+0000] {dag.py:3096} INFO - Sync 1 DAGs
[2024-07-07T07:56:55.333+0000] {logging_mixin.py:188} INFO - [2024-07-07T07:56:55.332+0000] {dag.py:3954} INFO - Setting next_dagrun for example_skip_dag to 2024-07-06 00:00:00+00:00, run_after=2024-07-07 00:00:00+00:00
[2024-07-07T07:56:55.359+0000] {processor.py:183} INFO - Processing /home/airflow/.local/lib/python3.12/site-packages/airflow/example_dags/example_skip_dag.py took 0.101 seconds
[2024-07-07T07:57:26.145+0000] {processor.py:161} INFO - Started process (PID=4880) to work on /home/airflow/.local/lib/python3.12/site-packages/airflow/example_dags/example_skip_dag.py
[2024-07-07T07:57:26.147+0000] {processor.py:830} INFO - Processing file /home/airflow/.local/lib/python3.12/site-packages/airflow/example_dags/example_skip_dag.py for tasks to queue
[2024-07-07T07:57:26.149+0000] {logging_mixin.py:188} INFO - [2024-07-07T07:57:26.148+0000] {dagbag.py:545} INFO - Filling up the DagBag from /home/airflow/.local/lib/python3.12/site-packages/airflow/example_dags/example_skip_dag.py
[2024-07-07T07:57:26.159+0000] {processor.py:840} INFO - DAG(s) 'example_skip_dag' retrieved from /home/airflow/.local/lib/python3.12/site-packages/airflow/example_dags/example_skip_dag.py
[2024-07-07T07:57:26.192+0000] {logging_mixin.py:188} INFO - [2024-07-07T07:57:26.191+0000] {dag.py:3096} INFO - Sync 1 DAGs
[2024-07-07T07:57:26.220+0000] {logging_mixin.py:188} INFO - [2024-07-07T07:57:26.220+0000] {dag.py:3954} INFO - Setting next_dagrun for example_skip_dag to 2024-07-06 00:00:00+00:00, run_after=2024-07-07 00:00:00+00:00
[2024-07-07T07:57:26.252+0000] {processor.py:183} INFO - Processing /home/airflow/.local/lib/python3.12/site-packages/airflow/example_dags/example_skip_dag.py took 0.121 seconds
[2024-07-07T07:57:56.342+0000] {processor.py:161} INFO - Started process (PID=4940) to work on /home/airflow/.local/lib/python3.12/site-packages/airflow/example_dags/example_skip_dag.py
[2024-07-07T07:57:56.343+0000] {processor.py:830} INFO - Processing file /home/airflow/.local/lib/python3.12/site-packages/airflow/example_dags/example_skip_dag.py for tasks to queue
[2024-07-07T07:57:56.345+0000] {logging_mixin.py:188} INFO - [2024-07-07T07:57:56.344+0000] {dagbag.py:545} INFO - Filling up the DagBag from /home/airflow/.local/lib/python3.12/site-packages/airflow/example_dags/example_skip_dag.py
[2024-07-07T07:57:56.358+0000] {processor.py:840} INFO - DAG(s) 'example_skip_dag' retrieved from /home/airflow/.local/lib/python3.12/site-packages/airflow/example_dags/example_skip_dag.py
[2024-07-07T07:57:56.389+0000] {logging_mixin.py:188} INFO - [2024-07-07T07:57:56.389+0000] {dag.py:3096} INFO - Sync 1 DAGs
[2024-07-07T07:57:56.418+0000] {logging_mixin.py:188} INFO - [2024-07-07T07:57:56.417+0000] {dag.py:3954} INFO - Setting next_dagrun for example_skip_dag to 2024-07-06 00:00:00+00:00, run_after=2024-07-07 00:00:00+00:00
[2024-07-07T07:57:56.441+0000] {processor.py:183} INFO - Processing /home/airflow/.local/lib/python3.12/site-packages/airflow/example_dags/example_skip_dag.py took 0.109 seconds
[2024-07-07T07:58:26.581+0000] {processor.py:161} INFO - Started process (PID=5000) to work on /home/airflow/.local/lib/python3.12/site-packages/airflow/example_dags/example_skip_dag.py
[2024-07-07T07:58:26.582+0000] {processor.py:830} INFO - Processing file /home/airflow/.local/lib/python3.12/site-packages/airflow/example_dags/example_skip_dag.py for tasks to queue
[2024-07-07T07:58:26.585+0000] {logging_mixin.py:188} INFO - [2024-07-07T07:58:26.584+0000] {dagbag.py:545} INFO - Filling up the DagBag from /home/airflow/.local/lib/python3.12/site-packages/airflow/example_dags/example_skip_dag.py
[2024-07-07T07:58:26.597+0000] {processor.py:840} INFO - DAG(s) 'example_skip_dag' retrieved from /home/airflow/.local/lib/python3.12/site-packages/airflow/example_dags/example_skip_dag.py
[2024-07-07T07:58:26.635+0000] {logging_mixin.py:188} INFO - [2024-07-07T07:58:26.634+0000] {dag.py:3096} INFO - Sync 1 DAGs
[2024-07-07T07:58:26.661+0000] {logging_mixin.py:188} INFO - [2024-07-07T07:58:26.661+0000] {dag.py:3954} INFO - Setting next_dagrun for example_skip_dag to 2024-07-06 00:00:00+00:00, run_after=2024-07-07 00:00:00+00:00
[2024-07-07T07:58:26.691+0000] {processor.py:183} INFO - Processing /home/airflow/.local/lib/python3.12/site-packages/airflow/example_dags/example_skip_dag.py took 0.123 seconds
[2024-07-07T07:58:57.363+0000] {processor.py:161} INFO - Started process (PID=5060) to work on /home/airflow/.local/lib/python3.12/site-packages/airflow/example_dags/example_skip_dag.py
[2024-07-07T07:58:57.365+0000] {processor.py:830} INFO - Processing file /home/airflow/.local/lib/python3.12/site-packages/airflow/example_dags/example_skip_dag.py for tasks to queue
[2024-07-07T07:58:57.367+0000] {logging_mixin.py:188} INFO - [2024-07-07T07:58:57.366+0000] {dagbag.py:545} INFO - Filling up the DagBag from /home/airflow/.local/lib/python3.12/site-packages/airflow/example_dags/example_skip_dag.py
[2024-07-07T07:58:57.381+0000] {processor.py:840} INFO - DAG(s) 'example_skip_dag' retrieved from /home/airflow/.local/lib/python3.12/site-packages/airflow/example_dags/example_skip_dag.py
[2024-07-07T07:58:57.411+0000] {logging_mixin.py:188} INFO - [2024-07-07T07:58:57.411+0000] {dag.py:3096} INFO - Sync 1 DAGs
[2024-07-07T07:58:57.438+0000] {logging_mixin.py:188} INFO - [2024-07-07T07:58:57.437+0000] {dag.py:3954} INFO - Setting next_dagrun for example_skip_dag to 2024-07-06 00:00:00+00:00, run_after=2024-07-07 00:00:00+00:00
[2024-07-07T07:58:57.470+0000] {processor.py:183} INFO - Processing /home/airflow/.local/lib/python3.12/site-packages/airflow/example_dags/example_skip_dag.py took 0.120 seconds
[2024-07-07T07:59:28.165+0000] {processor.py:161} INFO - Started process (PID=5120) to work on /home/airflow/.local/lib/python3.12/site-packages/airflow/example_dags/example_skip_dag.py
[2024-07-07T07:59:28.167+0000] {processor.py:830} INFO - Processing file /home/airflow/.local/lib/python3.12/site-packages/airflow/example_dags/example_skip_dag.py for tasks to queue
[2024-07-07T07:59:28.169+0000] {logging_mixin.py:188} INFO - [2024-07-07T07:59:28.168+0000] {dagbag.py:545} INFO - Filling up the DagBag from /home/airflow/.local/lib/python3.12/site-packages/airflow/example_dags/example_skip_dag.py
[2024-07-07T07:59:28.178+0000] {processor.py:840} INFO - DAG(s) 'example_skip_dag' retrieved from /home/airflow/.local/lib/python3.12/site-packages/airflow/example_dags/example_skip_dag.py
[2024-07-07T07:59:28.211+0000] {logging_mixin.py:188} INFO - [2024-07-07T07:59:28.211+0000] {dag.py:3096} INFO - Sync 1 DAGs
[2024-07-07T07:59:28.241+0000] {logging_mixin.py:188} INFO - [2024-07-07T07:59:28.241+0000] {dag.py:3954} INFO - Setting next_dagrun for example_skip_dag to 2024-07-06 00:00:00+00:00, run_after=2024-07-07 00:00:00+00:00
[2024-07-07T07:59:28.275+0000] {processor.py:183} INFO - Processing /home/airflow/.local/lib/python3.12/site-packages/airflow/example_dags/example_skip_dag.py took 0.120 seconds
[2024-07-07T07:59:59.023+0000] {processor.py:161} INFO - Started process (PID=5180) to work on /home/airflow/.local/lib/python3.12/site-packages/airflow/example_dags/example_skip_dag.py
[2024-07-07T07:59:59.024+0000] {processor.py:830} INFO - Processing file /home/airflow/.local/lib/python3.12/site-packages/airflow/example_dags/example_skip_dag.py for tasks to queue
[2024-07-07T07:59:59.026+0000] {logging_mixin.py:188} INFO - [2024-07-07T07:59:59.025+0000] {dagbag.py:545} INFO - Filling up the DagBag from /home/airflow/.local/lib/python3.12/site-packages/airflow/example_dags/example_skip_dag.py
[2024-07-07T07:59:59.035+0000] {processor.py:840} INFO - DAG(s) 'example_skip_dag' retrieved from /home/airflow/.local/lib/python3.12/site-packages/airflow/example_dags/example_skip_dag.py
[2024-07-07T07:59:59.071+0000] {logging_mixin.py:188} INFO - [2024-07-07T07:59:59.071+0000] {dag.py:3096} INFO - Sync 1 DAGs
[2024-07-07T07:59:59.102+0000] {logging_mixin.py:188} INFO - [2024-07-07T07:59:59.102+0000] {dag.py:3954} INFO - Setting next_dagrun for example_skip_dag to 2024-07-06 00:00:00+00:00, run_after=2024-07-07 00:00:00+00:00
[2024-07-07T07:59:59.138+0000] {processor.py:183} INFO - Processing /home/airflow/.local/lib/python3.12/site-packages/airflow/example_dags/example_skip_dag.py took 0.124 seconds
[2024-07-07T08:00:29.644+0000] {processor.py:161} INFO - Started process (PID=5240) to work on /home/airflow/.local/lib/python3.12/site-packages/airflow/example_dags/example_skip_dag.py
[2024-07-07T08:00:29.646+0000] {processor.py:830} INFO - Processing file /home/airflow/.local/lib/python3.12/site-packages/airflow/example_dags/example_skip_dag.py for tasks to queue
[2024-07-07T08:00:29.648+0000] {logging_mixin.py:188} INFO - [2024-07-07T08:00:29.647+0000] {dagbag.py:545} INFO - Filling up the DagBag from /home/airflow/.local/lib/python3.12/site-packages/airflow/example_dags/example_skip_dag.py
[2024-07-07T08:00:29.656+0000] {processor.py:840} INFO - DAG(s) 'example_skip_dag' retrieved from /home/airflow/.local/lib/python3.12/site-packages/airflow/example_dags/example_skip_dag.py
[2024-07-07T08:00:29.688+0000] {logging_mixin.py:188} INFO - [2024-07-07T08:00:29.687+0000] {dag.py:3096} INFO - Sync 1 DAGs
[2024-07-07T08:00:29.718+0000] {logging_mixin.py:188} INFO - [2024-07-07T08:00:29.718+0000] {dag.py:3954} INFO - Setting next_dagrun for example_skip_dag to 2024-07-06 00:00:00+00:00, run_after=2024-07-07 00:00:00+00:00
[2024-07-07T08:00:29.752+0000] {processor.py:183} INFO - Processing /home/airflow/.local/lib/python3.12/site-packages/airflow/example_dags/example_skip_dag.py took 0.117 seconds
[2024-07-07T08:05:26.979+0000] {processor.py:161} INFO - Started process (PID=5305) to work on /home/airflow/.local/lib/python3.12/site-packages/airflow/example_dags/example_skip_dag.py
[2024-07-07T08:05:27.001+0000] {processor.py:830} INFO - Processing file /home/airflow/.local/lib/python3.12/site-packages/airflow/example_dags/example_skip_dag.py for tasks to queue
[2024-07-07T08:05:27.011+0000] {logging_mixin.py:188} INFO - [2024-07-07T08:05:27.010+0000] {dagbag.py:545} INFO - Filling up the DagBag from /home/airflow/.local/lib/python3.12/site-packages/airflow/example_dags/example_skip_dag.py
[2024-07-07T08:05:27.047+0000] {processor.py:840} INFO - DAG(s) 'example_skip_dag' retrieved from /home/airflow/.local/lib/python3.12/site-packages/airflow/example_dags/example_skip_dag.py
[2024-07-07T08:05:27.194+0000] {logging_mixin.py:188} INFO - [2024-07-07T08:05:27.193+0000] {dag.py:3096} INFO - Sync 1 DAGs
[2024-07-07T08:05:27.349+0000] {logging_mixin.py:188} INFO - [2024-07-07T08:05:27.340+0000] {dag.py:3954} INFO - Setting next_dagrun for example_skip_dag to 2024-07-06 00:00:00+00:00, run_after=2024-07-07 00:00:00+00:00
[2024-07-07T08:05:27.507+0000] {processor.py:183} INFO - Processing /home/airflow/.local/lib/python3.12/site-packages/airflow/example_dags/example_skip_dag.py took 0.578 seconds
[2024-07-07T08:05:58.168+0000] {processor.py:161} INFO - Started process (PID=5366) to work on /home/airflow/.local/lib/python3.12/site-packages/airflow/example_dags/example_skip_dag.py
[2024-07-07T08:05:58.170+0000] {processor.py:830} INFO - Processing file /home/airflow/.local/lib/python3.12/site-packages/airflow/example_dags/example_skip_dag.py for tasks to queue
[2024-07-07T08:05:58.172+0000] {logging_mixin.py:188} INFO - [2024-07-07T08:05:58.171+0000] {dagbag.py:545} INFO - Filling up the DagBag from /home/airflow/.local/lib/python3.12/site-packages/airflow/example_dags/example_skip_dag.py
[2024-07-07T08:05:58.189+0000] {processor.py:840} INFO - DAG(s) 'example_skip_dag' retrieved from /home/airflow/.local/lib/python3.12/site-packages/airflow/example_dags/example_skip_dag.py
[2024-07-07T08:05:58.241+0000] {logging_mixin.py:188} INFO - [2024-07-07T08:05:58.240+0000] {dag.py:3096} INFO - Sync 1 DAGs
[2024-07-07T08:05:58.316+0000] {logging_mixin.py:188} INFO - [2024-07-07T08:05:58.316+0000] {dag.py:3954} INFO - Setting next_dagrun for example_skip_dag to 2024-07-06 00:00:00+00:00, run_after=2024-07-07 00:00:00+00:00
[2024-07-07T08:05:58.354+0000] {processor.py:183} INFO - Processing /home/airflow/.local/lib/python3.12/site-packages/airflow/example_dags/example_skip_dag.py took 0.205 seconds
