[2024-07-07T00:00:27.640+0000] {processor.py:161} INFO - Started process (PID=2334) to work on /home/airflow/.local/lib/python3.12/site-packages/airflow/example_dags/tutorial_taskflow_api.py
[2024-07-07T00:00:27.642+0000] {processor.py:830} INFO - Processing file /home/airflow/.local/lib/python3.12/site-packages/airflow/example_dags/tutorial_taskflow_api.py for tasks to queue
[2024-07-07T00:00:27.646+0000] {logging_mixin.py:188} INFO - [2024-07-07T00:00:27.646+0000] {dagbag.py:545} INFO - Filling up the DagBag from /home/airflow/.local/lib/python3.12/site-packages/airflow/example_dags/tutorial_taskflow_api.py
[2024-07-07T00:00:27.661+0000] {processor.py:840} INFO - DAG(s) 'tutorial_taskflow_api' retrieved from /home/airflow/.local/lib/python3.12/site-packages/airflow/example_dags/tutorial_taskflow_api.py
[2024-07-07T00:00:27.710+0000] {logging_mixin.py:188} INFO - [2024-07-07T00:00:27.709+0000] {dag.py:3096} INFO - Sync 1 DAGs
[2024-07-07T00:00:27.761+0000] {logging_mixin.py:188} INFO - [2024-07-07T00:00:27.761+0000] {dag.py:3954} INFO - Setting next_dagrun for tutorial_taskflow_api to None, run_after=None
[2024-07-07T00:00:27.817+0000] {processor.py:183} INFO - Processing /home/airflow/.local/lib/python3.12/site-packages/airflow/example_dags/tutorial_taskflow_api.py took 0.197 seconds
[2024-07-07T00:00:58.054+0000] {processor.py:161} INFO - Started process (PID=2393) to work on /home/airflow/.local/lib/python3.12/site-packages/airflow/example_dags/tutorial_taskflow_api.py
[2024-07-07T00:00:58.056+0000] {processor.py:830} INFO - Processing file /home/airflow/.local/lib/python3.12/site-packages/airflow/example_dags/tutorial_taskflow_api.py for tasks to queue
[2024-07-07T00:00:58.060+0000] {logging_mixin.py:188} INFO - [2024-07-07T00:00:58.059+0000] {dagbag.py:545} INFO - Filling up the DagBag from /home/airflow/.local/lib/python3.12/site-packages/airflow/example_dags/tutorial_taskflow_api.py
[2024-07-07T00:00:58.073+0000] {processor.py:840} INFO - DAG(s) 'tutorial_taskflow_api' retrieved from /home/airflow/.local/lib/python3.12/site-packages/airflow/example_dags/tutorial_taskflow_api.py
[2024-07-07T00:00:58.114+0000] {logging_mixin.py:188} INFO - [2024-07-07T00:00:58.113+0000] {dag.py:3096} INFO - Sync 1 DAGs
[2024-07-07T00:00:58.145+0000] {logging_mixin.py:188} INFO - [2024-07-07T00:00:58.145+0000] {dag.py:3954} INFO - Setting next_dagrun for tutorial_taskflow_api to None, run_after=None
[2024-07-07T00:00:58.184+0000] {processor.py:183} INFO - Processing /home/airflow/.local/lib/python3.12/site-packages/airflow/example_dags/tutorial_taskflow_api.py took 0.142 seconds
[2024-07-07T00:01:28.372+0000] {processor.py:161} INFO - Started process (PID=2453) to work on /home/airflow/.local/lib/python3.12/site-packages/airflow/example_dags/tutorial_taskflow_api.py
[2024-07-07T00:01:28.374+0000] {processor.py:830} INFO - Processing file /home/airflow/.local/lib/python3.12/site-packages/airflow/example_dags/tutorial_taskflow_api.py for tasks to queue
[2024-07-07T00:01:28.381+0000] {logging_mixin.py:188} INFO - [2024-07-07T00:01:28.378+0000] {dagbag.py:545} INFO - Filling up the DagBag from /home/airflow/.local/lib/python3.12/site-packages/airflow/example_dags/tutorial_taskflow_api.py
[2024-07-07T00:01:28.399+0000] {processor.py:840} INFO - DAG(s) 'tutorial_taskflow_api' retrieved from /home/airflow/.local/lib/python3.12/site-packages/airflow/example_dags/tutorial_taskflow_api.py
[2024-07-07T00:01:28.449+0000] {logging_mixin.py:188} INFO - [2024-07-07T00:01:28.448+0000] {dag.py:3096} INFO - Sync 1 DAGs
[2024-07-07T00:01:28.486+0000] {logging_mixin.py:188} INFO - [2024-07-07T00:01:28.485+0000] {dag.py:3954} INFO - Setting next_dagrun for tutorial_taskflow_api to None, run_after=None
[2024-07-07T00:01:28.531+0000] {processor.py:183} INFO - Processing /home/airflow/.local/lib/python3.12/site-packages/airflow/example_dags/tutorial_taskflow_api.py took 0.173 seconds
[2024-07-07T00:01:59.258+0000] {processor.py:161} INFO - Started process (PID=2513) to work on /home/airflow/.local/lib/python3.12/site-packages/airflow/example_dags/tutorial_taskflow_api.py
[2024-07-07T00:01:59.261+0000] {processor.py:830} INFO - Processing file /home/airflow/.local/lib/python3.12/site-packages/airflow/example_dags/tutorial_taskflow_api.py for tasks to queue
[2024-07-07T00:01:59.266+0000] {logging_mixin.py:188} INFO - [2024-07-07T00:01:59.265+0000] {dagbag.py:545} INFO - Filling up the DagBag from /home/airflow/.local/lib/python3.12/site-packages/airflow/example_dags/tutorial_taskflow_api.py
[2024-07-07T00:01:59.284+0000] {processor.py:840} INFO - DAG(s) 'tutorial_taskflow_api' retrieved from /home/airflow/.local/lib/python3.12/site-packages/airflow/example_dags/tutorial_taskflow_api.py
[2024-07-07T00:01:59.376+0000] {logging_mixin.py:188} INFO - [2024-07-07T00:01:59.375+0000] {dag.py:3096} INFO - Sync 1 DAGs
[2024-07-07T00:01:59.441+0000] {logging_mixin.py:188} INFO - [2024-07-07T00:01:59.441+0000] {dag.py:3954} INFO - Setting next_dagrun for tutorial_taskflow_api to None, run_after=None
[2024-07-07T00:01:59.495+0000] {processor.py:183} INFO - Processing /home/airflow/.local/lib/python3.12/site-packages/airflow/example_dags/tutorial_taskflow_api.py took 0.253 seconds
[2024-07-07T00:02:30.108+0000] {processor.py:161} INFO - Started process (PID=2573) to work on /home/airflow/.local/lib/python3.12/site-packages/airflow/example_dags/tutorial_taskflow_api.py
[2024-07-07T00:02:30.115+0000] {processor.py:830} INFO - Processing file /home/airflow/.local/lib/python3.12/site-packages/airflow/example_dags/tutorial_taskflow_api.py for tasks to queue
[2024-07-07T00:02:30.127+0000] {logging_mixin.py:188} INFO - [2024-07-07T00:02:30.124+0000] {dagbag.py:545} INFO - Filling up the DagBag from /home/airflow/.local/lib/python3.12/site-packages/airflow/example_dags/tutorial_taskflow_api.py
[2024-07-07T00:02:30.165+0000] {processor.py:840} INFO - DAG(s) 'tutorial_taskflow_api' retrieved from /home/airflow/.local/lib/python3.12/site-packages/airflow/example_dags/tutorial_taskflow_api.py
[2024-07-07T00:02:30.283+0000] {logging_mixin.py:188} INFO - [2024-07-07T00:02:30.282+0000] {dag.py:3096} INFO - Sync 1 DAGs
[2024-07-07T00:02:30.363+0000] {logging_mixin.py:188} INFO - [2024-07-07T00:02:30.362+0000] {dag.py:3954} INFO - Setting next_dagrun for tutorial_taskflow_api to None, run_after=None
[2024-07-07T00:02:30.519+0000] {processor.py:183} INFO - Processing /home/airflow/.local/lib/python3.12/site-packages/airflow/example_dags/tutorial_taskflow_api.py took 0.456 seconds
[2024-07-07T00:03:01.036+0000] {processor.py:161} INFO - Started process (PID=2633) to work on /home/airflow/.local/lib/python3.12/site-packages/airflow/example_dags/tutorial_taskflow_api.py
[2024-07-07T00:03:01.039+0000] {processor.py:830} INFO - Processing file /home/airflow/.local/lib/python3.12/site-packages/airflow/example_dags/tutorial_taskflow_api.py for tasks to queue
[2024-07-07T00:03:01.046+0000] {logging_mixin.py:188} INFO - [2024-07-07T00:03:01.045+0000] {dagbag.py:545} INFO - Filling up the DagBag from /home/airflow/.local/lib/python3.12/site-packages/airflow/example_dags/tutorial_taskflow_api.py
[2024-07-07T00:03:01.071+0000] {processor.py:840} INFO - DAG(s) 'tutorial_taskflow_api' retrieved from /home/airflow/.local/lib/python3.12/site-packages/airflow/example_dags/tutorial_taskflow_api.py
[2024-07-07T00:03:01.132+0000] {logging_mixin.py:188} INFO - [2024-07-07T00:03:01.131+0000] {dag.py:3096} INFO - Sync 1 DAGs
[2024-07-07T00:03:01.173+0000] {logging_mixin.py:188} INFO - [2024-07-07T00:03:01.172+0000] {dag.py:3954} INFO - Setting next_dagrun for tutorial_taskflow_api to None, run_after=None
[2024-07-07T00:03:01.232+0000] {processor.py:183} INFO - Processing /home/airflow/.local/lib/python3.12/site-packages/airflow/example_dags/tutorial_taskflow_api.py took 0.219 seconds
[2024-07-07T00:03:31.941+0000] {processor.py:161} INFO - Started process (PID=2694) to work on /home/airflow/.local/lib/python3.12/site-packages/airflow/example_dags/tutorial_taskflow_api.py
[2024-07-07T00:03:31.944+0000] {processor.py:830} INFO - Processing file /home/airflow/.local/lib/python3.12/site-packages/airflow/example_dags/tutorial_taskflow_api.py for tasks to queue
[2024-07-07T00:03:31.948+0000] {logging_mixin.py:188} INFO - [2024-07-07T00:03:31.947+0000] {dagbag.py:545} INFO - Filling up the DagBag from /home/airflow/.local/lib/python3.12/site-packages/airflow/example_dags/tutorial_taskflow_api.py
[2024-07-07T00:03:31.965+0000] {processor.py:840} INFO - DAG(s) 'tutorial_taskflow_api' retrieved from /home/airflow/.local/lib/python3.12/site-packages/airflow/example_dags/tutorial_taskflow_api.py
[2024-07-07T00:03:32.022+0000] {logging_mixin.py:188} INFO - [2024-07-07T00:03:32.021+0000] {dag.py:3096} INFO - Sync 1 DAGs
[2024-07-07T00:03:32.068+0000] {logging_mixin.py:188} INFO - [2024-07-07T00:03:32.068+0000] {dag.py:3954} INFO - Setting next_dagrun for tutorial_taskflow_api to None, run_after=None
[2024-07-07T00:03:32.125+0000] {processor.py:183} INFO - Processing /home/airflow/.local/lib/python3.12/site-packages/airflow/example_dags/tutorial_taskflow_api.py took 0.204 seconds
[2024-07-07T07:39:31.309+0000] {processor.py:161} INFO - Started process (PID=2791) to work on /home/airflow/.local/lib/python3.12/site-packages/airflow/example_dags/tutorial_taskflow_api.py
[2024-07-07T07:39:31.313+0000] {processor.py:830} INFO - Processing file /home/airflow/.local/lib/python3.12/site-packages/airflow/example_dags/tutorial_taskflow_api.py for tasks to queue
[2024-07-07T07:39:31.319+0000] {logging_mixin.py:188} INFO - [2024-07-07T07:39:31.316+0000] {dagbag.py:545} INFO - Filling up the DagBag from /home/airflow/.local/lib/python3.12/site-packages/airflow/example_dags/tutorial_taskflow_api.py
[2024-07-07T07:39:31.339+0000] {processor.py:840} INFO - DAG(s) 'tutorial_taskflow_api' retrieved from /home/airflow/.local/lib/python3.12/site-packages/airflow/example_dags/tutorial_taskflow_api.py
[2024-07-07T07:39:31.418+0000] {logging_mixin.py:188} INFO - [2024-07-07T07:39:31.417+0000] {dag.py:3096} INFO - Sync 1 DAGs
[2024-07-07T07:39:31.474+0000] {logging_mixin.py:188} INFO - [2024-07-07T07:39:31.473+0000] {dag.py:3954} INFO - Setting next_dagrun for tutorial_taskflow_api to None, run_after=None
[2024-07-07T07:39:31.545+0000] {processor.py:183} INFO - Processing /home/airflow/.local/lib/python3.12/site-packages/airflow/example_dags/tutorial_taskflow_api.py took 0.263 seconds
[2024-07-07T07:40:02.009+0000] {processor.py:161} INFO - Started process (PID=2851) to work on /home/airflow/.local/lib/python3.12/site-packages/airflow/example_dags/tutorial_taskflow_api.py
[2024-07-07T07:40:02.011+0000] {processor.py:830} INFO - Processing file /home/airflow/.local/lib/python3.12/site-packages/airflow/example_dags/tutorial_taskflow_api.py for tasks to queue
[2024-07-07T07:40:02.012+0000] {logging_mixin.py:188} INFO - [2024-07-07T07:40:02.012+0000] {dagbag.py:545} INFO - Filling up the DagBag from /home/airflow/.local/lib/python3.12/site-packages/airflow/example_dags/tutorial_taskflow_api.py
[2024-07-07T07:40:02.021+0000] {processor.py:840} INFO - DAG(s) 'tutorial_taskflow_api' retrieved from /home/airflow/.local/lib/python3.12/site-packages/airflow/example_dags/tutorial_taskflow_api.py
[2024-07-07T07:40:02.053+0000] {logging_mixin.py:188} INFO - [2024-07-07T07:40:02.053+0000] {dag.py:3096} INFO - Sync 1 DAGs
[2024-07-07T07:40:02.075+0000] {logging_mixin.py:188} INFO - [2024-07-07T07:40:02.074+0000] {dag.py:3954} INFO - Setting next_dagrun for tutorial_taskflow_api to None, run_after=None
[2024-07-07T07:40:02.103+0000] {processor.py:183} INFO - Processing /home/airflow/.local/lib/python3.12/site-packages/airflow/example_dags/tutorial_taskflow_api.py took 0.102 seconds
[2024-07-07T07:40:32.247+0000] {processor.py:161} INFO - Started process (PID=2911) to work on /home/airflow/.local/lib/python3.12/site-packages/airflow/example_dags/tutorial_taskflow_api.py
[2024-07-07T07:40:32.249+0000] {processor.py:830} INFO - Processing file /home/airflow/.local/lib/python3.12/site-packages/airflow/example_dags/tutorial_taskflow_api.py for tasks to queue
[2024-07-07T07:40:32.251+0000] {logging_mixin.py:188} INFO - [2024-07-07T07:40:32.250+0000] {dagbag.py:545} INFO - Filling up the DagBag from /home/airflow/.local/lib/python3.12/site-packages/airflow/example_dags/tutorial_taskflow_api.py
[2024-07-07T07:40:32.259+0000] {processor.py:840} INFO - DAG(s) 'tutorial_taskflow_api' retrieved from /home/airflow/.local/lib/python3.12/site-packages/airflow/example_dags/tutorial_taskflow_api.py
[2024-07-07T07:40:32.290+0000] {logging_mixin.py:188} INFO - [2024-07-07T07:40:32.289+0000] {dag.py:3096} INFO - Sync 1 DAGs
[2024-07-07T07:40:32.309+0000] {logging_mixin.py:188} INFO - [2024-07-07T07:40:32.308+0000] {dag.py:3954} INFO - Setting next_dagrun for tutorial_taskflow_api to None, run_after=None
[2024-07-07T07:40:32.341+0000] {processor.py:183} INFO - Processing /home/airflow/.local/lib/python3.12/site-packages/airflow/example_dags/tutorial_taskflow_api.py took 0.103 seconds
[2024-07-07T07:41:02.741+0000] {processor.py:161} INFO - Started process (PID=2971) to work on /home/airflow/.local/lib/python3.12/site-packages/airflow/example_dags/tutorial_taskflow_api.py
[2024-07-07T07:41:02.754+0000] {processor.py:830} INFO - Processing file /home/airflow/.local/lib/python3.12/site-packages/airflow/example_dags/tutorial_taskflow_api.py for tasks to queue
[2024-07-07T07:41:02.775+0000] {logging_mixin.py:188} INFO - [2024-07-07T07:41:02.774+0000] {dagbag.py:545} INFO - Filling up the DagBag from /home/airflow/.local/lib/python3.12/site-packages/airflow/example_dags/tutorial_taskflow_api.py
[2024-07-07T07:41:02.814+0000] {processor.py:840} INFO - DAG(s) 'tutorial_taskflow_api' retrieved from /home/airflow/.local/lib/python3.12/site-packages/airflow/example_dags/tutorial_taskflow_api.py
[2024-07-07T07:41:02.898+0000] {logging_mixin.py:188} INFO - [2024-07-07T07:41:02.897+0000] {dag.py:3096} INFO - Sync 1 DAGs
[2024-07-07T07:41:02.954+0000] {logging_mixin.py:188} INFO - [2024-07-07T07:41:02.953+0000] {dag.py:3954} INFO - Setting next_dagrun for tutorial_taskflow_api to None, run_after=None
[2024-07-07T07:41:03.054+0000] {processor.py:183} INFO - Processing /home/airflow/.local/lib/python3.12/site-packages/airflow/example_dags/tutorial_taskflow_api.py took 0.337 seconds
[2024-07-07T07:41:33.708+0000] {processor.py:161} INFO - Started process (PID=3031) to work on /home/airflow/.local/lib/python3.12/site-packages/airflow/example_dags/tutorial_taskflow_api.py
[2024-07-07T07:41:33.710+0000] {processor.py:830} INFO - Processing file /home/airflow/.local/lib/python3.12/site-packages/airflow/example_dags/tutorial_taskflow_api.py for tasks to queue
[2024-07-07T07:41:33.714+0000] {logging_mixin.py:188} INFO - [2024-07-07T07:41:33.713+0000] {dagbag.py:545} INFO - Filling up the DagBag from /home/airflow/.local/lib/python3.12/site-packages/airflow/example_dags/tutorial_taskflow_api.py
[2024-07-07T07:41:33.742+0000] {processor.py:840} INFO - DAG(s) 'tutorial_taskflow_api' retrieved from /home/airflow/.local/lib/python3.12/site-packages/airflow/example_dags/tutorial_taskflow_api.py
[2024-07-07T07:41:33.840+0000] {logging_mixin.py:188} INFO - [2024-07-07T07:41:33.839+0000] {dag.py:3096} INFO - Sync 1 DAGs
[2024-07-07T07:41:33.889+0000] {logging_mixin.py:188} INFO - [2024-07-07T07:41:33.888+0000] {dag.py:3954} INFO - Setting next_dagrun for tutorial_taskflow_api to None, run_after=None
[2024-07-07T07:41:33.930+0000] {processor.py:183} INFO - Processing /home/airflow/.local/lib/python3.12/site-packages/airflow/example_dags/tutorial_taskflow_api.py took 0.234 seconds
[2024-07-07T07:42:04.520+0000] {processor.py:161} INFO - Started process (PID=3091) to work on /home/airflow/.local/lib/python3.12/site-packages/airflow/example_dags/tutorial_taskflow_api.py
[2024-07-07T07:42:04.522+0000] {processor.py:830} INFO - Processing file /home/airflow/.local/lib/python3.12/site-packages/airflow/example_dags/tutorial_taskflow_api.py for tasks to queue
[2024-07-07T07:42:04.525+0000] {logging_mixin.py:188} INFO - [2024-07-07T07:42:04.524+0000] {dagbag.py:545} INFO - Filling up the DagBag from /home/airflow/.local/lib/python3.12/site-packages/airflow/example_dags/tutorial_taskflow_api.py
[2024-07-07T07:42:04.538+0000] {processor.py:840} INFO - DAG(s) 'tutorial_taskflow_api' retrieved from /home/airflow/.local/lib/python3.12/site-packages/airflow/example_dags/tutorial_taskflow_api.py
[2024-07-07T07:42:04.592+0000] {logging_mixin.py:188} INFO - [2024-07-07T07:42:04.591+0000] {dag.py:3096} INFO - Sync 1 DAGs
[2024-07-07T07:42:04.636+0000] {logging_mixin.py:188} INFO - [2024-07-07T07:42:04.635+0000] {dag.py:3954} INFO - Setting next_dagrun for tutorial_taskflow_api to None, run_after=None
[2024-07-07T07:42:04.687+0000] {processor.py:183} INFO - Processing /home/airflow/.local/lib/python3.12/site-packages/airflow/example_dags/tutorial_taskflow_api.py took 0.181 seconds
[2024-07-07T07:42:36.579+0000] {processor.py:161} INFO - Started process (PID=3151) to work on /home/airflow/.local/lib/python3.12/site-packages/airflow/example_dags/tutorial_taskflow_api.py
[2024-07-07T07:42:36.582+0000] {processor.py:830} INFO - Processing file /home/airflow/.local/lib/python3.12/site-packages/airflow/example_dags/tutorial_taskflow_api.py for tasks to queue
[2024-07-07T07:42:36.586+0000] {logging_mixin.py:188} INFO - [2024-07-07T07:42:36.585+0000] {dagbag.py:545} INFO - Filling up the DagBag from /home/airflow/.local/lib/python3.12/site-packages/airflow/example_dags/tutorial_taskflow_api.py
[2024-07-07T07:42:36.603+0000] {processor.py:840} INFO - DAG(s) 'tutorial_taskflow_api' retrieved from /home/airflow/.local/lib/python3.12/site-packages/airflow/example_dags/tutorial_taskflow_api.py
[2024-07-07T07:42:36.678+0000] {logging_mixin.py:188} INFO - [2024-07-07T07:42:36.678+0000] {dag.py:3096} INFO - Sync 1 DAGs
[2024-07-07T07:42:36.727+0000] {logging_mixin.py:188} INFO - [2024-07-07T07:42:36.726+0000] {dag.py:3954} INFO - Setting next_dagrun for tutorial_taskflow_api to None, run_after=None
[2024-07-07T07:42:36.809+0000] {processor.py:183} INFO - Processing /home/airflow/.local/lib/python3.12/site-packages/airflow/example_dags/tutorial_taskflow_api.py took 0.248 seconds
[2024-07-07T07:43:08.491+0000] {processor.py:161} INFO - Started process (PID=3211) to work on /home/airflow/.local/lib/python3.12/site-packages/airflow/example_dags/tutorial_taskflow_api.py
[2024-07-07T07:43:08.495+0000] {processor.py:830} INFO - Processing file /home/airflow/.local/lib/python3.12/site-packages/airflow/example_dags/tutorial_taskflow_api.py for tasks to queue
[2024-07-07T07:43:08.499+0000] {logging_mixin.py:188} INFO - [2024-07-07T07:43:08.498+0000] {dagbag.py:545} INFO - Filling up the DagBag from /home/airflow/.local/lib/python3.12/site-packages/airflow/example_dags/tutorial_taskflow_api.py
[2024-07-07T07:43:08.516+0000] {processor.py:840} INFO - DAG(s) 'tutorial_taskflow_api' retrieved from /home/airflow/.local/lib/python3.12/site-packages/airflow/example_dags/tutorial_taskflow_api.py
[2024-07-07T07:43:08.575+0000] {logging_mixin.py:188} INFO - [2024-07-07T07:43:08.575+0000] {dag.py:3096} INFO - Sync 1 DAGs
[2024-07-07T07:43:08.612+0000] {logging_mixin.py:188} INFO - [2024-07-07T07:43:08.612+0000] {dag.py:3954} INFO - Setting next_dagrun for tutorial_taskflow_api to None, run_after=None
[2024-07-07T07:43:08.683+0000] {processor.py:183} INFO - Processing /home/airflow/.local/lib/python3.12/site-packages/airflow/example_dags/tutorial_taskflow_api.py took 0.210 seconds
[2024-07-07T07:43:40.837+0000] {processor.py:161} INFO - Started process (PID=3272) to work on /home/airflow/.local/lib/python3.12/site-packages/airflow/example_dags/tutorial_taskflow_api.py
[2024-07-07T07:43:40.842+0000] {processor.py:830} INFO - Processing file /home/airflow/.local/lib/python3.12/site-packages/airflow/example_dags/tutorial_taskflow_api.py for tasks to queue
[2024-07-07T07:43:40.851+0000] {logging_mixin.py:188} INFO - [2024-07-07T07:43:40.848+0000] {dagbag.py:545} INFO - Filling up the DagBag from /home/airflow/.local/lib/python3.12/site-packages/airflow/example_dags/tutorial_taskflow_api.py
[2024-07-07T07:43:40.896+0000] {processor.py:840} INFO - DAG(s) 'tutorial_taskflow_api' retrieved from /home/airflow/.local/lib/python3.12/site-packages/airflow/example_dags/tutorial_taskflow_api.py
[2024-07-07T07:43:40.958+0000] {logging_mixin.py:188} INFO - [2024-07-07T07:43:40.958+0000] {dag.py:3096} INFO - Sync 1 DAGs
[2024-07-07T07:43:41.015+0000] {logging_mixin.py:188} INFO - [2024-07-07T07:43:41.014+0000] {dag.py:3954} INFO - Setting next_dagrun for tutorial_taskflow_api to None, run_after=None
[2024-07-07T07:43:41.077+0000] {processor.py:183} INFO - Processing /home/airflow/.local/lib/python3.12/site-packages/airflow/example_dags/tutorial_taskflow_api.py took 0.281 seconds
[2024-07-07T07:44:11.887+0000] {processor.py:161} INFO - Started process (PID=3331) to work on /home/airflow/.local/lib/python3.12/site-packages/airflow/example_dags/tutorial_taskflow_api.py
[2024-07-07T07:44:11.890+0000] {processor.py:830} INFO - Processing file /home/airflow/.local/lib/python3.12/site-packages/airflow/example_dags/tutorial_taskflow_api.py for tasks to queue
[2024-07-07T07:44:11.893+0000] {logging_mixin.py:188} INFO - [2024-07-07T07:44:11.892+0000] {dagbag.py:545} INFO - Filling up the DagBag from /home/airflow/.local/lib/python3.12/site-packages/airflow/example_dags/tutorial_taskflow_api.py
[2024-07-07T07:44:11.915+0000] {processor.py:840} INFO - DAG(s) 'tutorial_taskflow_api' retrieved from /home/airflow/.local/lib/python3.12/site-packages/airflow/example_dags/tutorial_taskflow_api.py
[2024-07-07T07:44:11.981+0000] {logging_mixin.py:188} INFO - [2024-07-07T07:44:11.981+0000] {dag.py:3096} INFO - Sync 1 DAGs
[2024-07-07T07:44:12.015+0000] {logging_mixin.py:188} INFO - [2024-07-07T07:44:12.015+0000] {dag.py:3954} INFO - Setting next_dagrun for tutorial_taskflow_api to None, run_after=None
[2024-07-07T07:44:12.070+0000] {processor.py:183} INFO - Processing /home/airflow/.local/lib/python3.12/site-packages/airflow/example_dags/tutorial_taskflow_api.py took 0.202 seconds
[2024-07-07T07:44:42.258+0000] {processor.py:161} INFO - Started process (PID=3390) to work on /home/airflow/.local/lib/python3.12/site-packages/airflow/example_dags/tutorial_taskflow_api.py
[2024-07-07T07:44:42.261+0000] {processor.py:830} INFO - Processing file /home/airflow/.local/lib/python3.12/site-packages/airflow/example_dags/tutorial_taskflow_api.py for tasks to queue
[2024-07-07T07:44:42.263+0000] {logging_mixin.py:188} INFO - [2024-07-07T07:44:42.262+0000] {dagbag.py:545} INFO - Filling up the DagBag from /home/airflow/.local/lib/python3.12/site-packages/airflow/example_dags/tutorial_taskflow_api.py
[2024-07-07T07:44:42.274+0000] {processor.py:840} INFO - DAG(s) 'tutorial_taskflow_api' retrieved from /home/airflow/.local/lib/python3.12/site-packages/airflow/example_dags/tutorial_taskflow_api.py
[2024-07-07T07:44:42.312+0000] {logging_mixin.py:188} INFO - [2024-07-07T07:44:42.311+0000] {dag.py:3096} INFO - Sync 1 DAGs
[2024-07-07T07:44:42.340+0000] {logging_mixin.py:188} INFO - [2024-07-07T07:44:42.340+0000] {dag.py:3954} INFO - Setting next_dagrun for tutorial_taskflow_api to None, run_after=None
[2024-07-07T07:44:42.403+0000] {processor.py:183} INFO - Processing /home/airflow/.local/lib/python3.12/site-packages/airflow/example_dags/tutorial_taskflow_api.py took 0.158 seconds
[2024-07-07T07:45:13.335+0000] {processor.py:161} INFO - Started process (PID=3450) to work on /home/airflow/.local/lib/python3.12/site-packages/airflow/example_dags/tutorial_taskflow_api.py
[2024-07-07T07:45:13.341+0000] {processor.py:830} INFO - Processing file /home/airflow/.local/lib/python3.12/site-packages/airflow/example_dags/tutorial_taskflow_api.py for tasks to queue
[2024-07-07T07:45:13.346+0000] {logging_mixin.py:188} INFO - [2024-07-07T07:45:13.345+0000] {dagbag.py:545} INFO - Filling up the DagBag from /home/airflow/.local/lib/python3.12/site-packages/airflow/example_dags/tutorial_taskflow_api.py
[2024-07-07T07:45:13.383+0000] {processor.py:840} INFO - DAG(s) 'tutorial_taskflow_api' retrieved from /home/airflow/.local/lib/python3.12/site-packages/airflow/example_dags/tutorial_taskflow_api.py
[2024-07-07T07:45:13.514+0000] {logging_mixin.py:188} INFO - [2024-07-07T07:45:13.514+0000] {dag.py:3096} INFO - Sync 1 DAGs
[2024-07-07T07:45:13.549+0000] {logging_mixin.py:188} INFO - [2024-07-07T07:45:13.548+0000] {dag.py:3954} INFO - Setting next_dagrun for tutorial_taskflow_api to None, run_after=None
[2024-07-07T07:45:13.597+0000] {processor.py:183} INFO - Processing /home/airflow/.local/lib/python3.12/site-packages/airflow/example_dags/tutorial_taskflow_api.py took 0.303 seconds
[2024-07-07T07:45:43.875+0000] {processor.py:161} INFO - Started process (PID=3509) to work on /home/airflow/.local/lib/python3.12/site-packages/airflow/example_dags/tutorial_taskflow_api.py
[2024-07-07T07:45:43.883+0000] {processor.py:830} INFO - Processing file /home/airflow/.local/lib/python3.12/site-packages/airflow/example_dags/tutorial_taskflow_api.py for tasks to queue
[2024-07-07T07:45:43.893+0000] {logging_mixin.py:188} INFO - [2024-07-07T07:45:43.890+0000] {dagbag.py:545} INFO - Filling up the DagBag from /home/airflow/.local/lib/python3.12/site-packages/airflow/example_dags/tutorial_taskflow_api.py
[2024-07-07T07:45:43.927+0000] {processor.py:840} INFO - DAG(s) 'tutorial_taskflow_api' retrieved from /home/airflow/.local/lib/python3.12/site-packages/airflow/example_dags/tutorial_taskflow_api.py
[2024-07-07T07:45:43.987+0000] {logging_mixin.py:188} INFO - [2024-07-07T07:45:43.986+0000] {dag.py:3096} INFO - Sync 1 DAGs
[2024-07-07T07:45:44.030+0000] {logging_mixin.py:188} INFO - [2024-07-07T07:45:44.029+0000] {dag.py:3954} INFO - Setting next_dagrun for tutorial_taskflow_api to None, run_after=None
[2024-07-07T07:45:44.088+0000] {processor.py:183} INFO - Processing /home/airflow/.local/lib/python3.12/site-packages/airflow/example_dags/tutorial_taskflow_api.py took 0.269 seconds
[2024-07-07T07:46:14.682+0000] {processor.py:161} INFO - Started process (PID=3569) to work on /home/airflow/.local/lib/python3.12/site-packages/airflow/example_dags/tutorial_taskflow_api.py
[2024-07-07T07:46:14.687+0000] {processor.py:830} INFO - Processing file /home/airflow/.local/lib/python3.12/site-packages/airflow/example_dags/tutorial_taskflow_api.py for tasks to queue
[2024-07-07T07:46:14.692+0000] {logging_mixin.py:188} INFO - [2024-07-07T07:46:14.690+0000] {dagbag.py:545} INFO - Filling up the DagBag from /home/airflow/.local/lib/python3.12/site-packages/airflow/example_dags/tutorial_taskflow_api.py
[2024-07-07T07:46:14.717+0000] {processor.py:840} INFO - DAG(s) 'tutorial_taskflow_api' retrieved from /home/airflow/.local/lib/python3.12/site-packages/airflow/example_dags/tutorial_taskflow_api.py
[2024-07-07T07:46:14.833+0000] {logging_mixin.py:188} INFO - [2024-07-07T07:46:14.831+0000] {dag.py:3096} INFO - Sync 1 DAGs
[2024-07-07T07:46:14.891+0000] {logging_mixin.py:188} INFO - [2024-07-07T07:46:14.891+0000] {dag.py:3954} INFO - Setting next_dagrun for tutorial_taskflow_api to None, run_after=None
[2024-07-07T07:46:14.988+0000] {processor.py:183} INFO - Processing /home/airflow/.local/lib/python3.12/site-packages/airflow/example_dags/tutorial_taskflow_api.py took 0.336 seconds
[2024-07-07T07:46:45.214+0000] {processor.py:161} INFO - Started process (PID=3630) to work on /home/airflow/.local/lib/python3.12/site-packages/airflow/example_dags/tutorial_taskflow_api.py
[2024-07-07T07:46:45.218+0000] {processor.py:830} INFO - Processing file /home/airflow/.local/lib/python3.12/site-packages/airflow/example_dags/tutorial_taskflow_api.py for tasks to queue
[2024-07-07T07:46:45.224+0000] {logging_mixin.py:188} INFO - [2024-07-07T07:46:45.222+0000] {dagbag.py:545} INFO - Filling up the DagBag from /home/airflow/.local/lib/python3.12/site-packages/airflow/example_dags/tutorial_taskflow_api.py
[2024-07-07T07:46:45.253+0000] {processor.py:840} INFO - DAG(s) 'tutorial_taskflow_api' retrieved from /home/airflow/.local/lib/python3.12/site-packages/airflow/example_dags/tutorial_taskflow_api.py
[2024-07-07T07:46:45.356+0000] {logging_mixin.py:188} INFO - [2024-07-07T07:46:45.355+0000] {dag.py:3096} INFO - Sync 1 DAGs
[2024-07-07T07:46:45.415+0000] {logging_mixin.py:188} INFO - [2024-07-07T07:46:45.414+0000] {dag.py:3954} INFO - Setting next_dagrun for tutorial_taskflow_api to None, run_after=None
[2024-07-07T07:46:45.500+0000] {processor.py:183} INFO - Processing /home/airflow/.local/lib/python3.12/site-packages/airflow/example_dags/tutorial_taskflow_api.py took 0.316 seconds
[2024-07-07T07:47:15.634+0000] {processor.py:161} INFO - Started process (PID=3691) to work on /home/airflow/.local/lib/python3.12/site-packages/airflow/example_dags/tutorial_taskflow_api.py
[2024-07-07T07:47:15.636+0000] {processor.py:830} INFO - Processing file /home/airflow/.local/lib/python3.12/site-packages/airflow/example_dags/tutorial_taskflow_api.py for tasks to queue
[2024-07-07T07:47:15.638+0000] {logging_mixin.py:188} INFO - [2024-07-07T07:47:15.637+0000] {dagbag.py:545} INFO - Filling up the DagBag from /home/airflow/.local/lib/python3.12/site-packages/airflow/example_dags/tutorial_taskflow_api.py
[2024-07-07T07:47:15.650+0000] {processor.py:840} INFO - DAG(s) 'tutorial_taskflow_api' retrieved from /home/airflow/.local/lib/python3.12/site-packages/airflow/example_dags/tutorial_taskflow_api.py
[2024-07-07T07:47:15.687+0000] {logging_mixin.py:188} INFO - [2024-07-07T07:47:15.687+0000] {dag.py:3096} INFO - Sync 1 DAGs
[2024-07-07T07:47:15.714+0000] {logging_mixin.py:188} INFO - [2024-07-07T07:47:15.713+0000] {dag.py:3954} INFO - Setting next_dagrun for tutorial_taskflow_api to None, run_after=None
[2024-07-07T07:47:15.757+0000] {processor.py:183} INFO - Processing /home/airflow/.local/lib/python3.12/site-packages/airflow/example_dags/tutorial_taskflow_api.py took 0.136 seconds
[2024-07-07T07:47:45.866+0000] {processor.py:161} INFO - Started process (PID=3751) to work on /home/airflow/.local/lib/python3.12/site-packages/airflow/example_dags/tutorial_taskflow_api.py
[2024-07-07T07:47:45.868+0000] {processor.py:830} INFO - Processing file /home/airflow/.local/lib/python3.12/site-packages/airflow/example_dags/tutorial_taskflow_api.py for tasks to queue
[2024-07-07T07:47:45.870+0000] {logging_mixin.py:188} INFO - [2024-07-07T07:47:45.870+0000] {dagbag.py:545} INFO - Filling up the DagBag from /home/airflow/.local/lib/python3.12/site-packages/airflow/example_dags/tutorial_taskflow_api.py
[2024-07-07T07:47:45.880+0000] {processor.py:840} INFO - DAG(s) 'tutorial_taskflow_api' retrieved from /home/airflow/.local/lib/python3.12/site-packages/airflow/example_dags/tutorial_taskflow_api.py
[2024-07-07T07:47:45.916+0000] {logging_mixin.py:188} INFO - [2024-07-07T07:47:45.916+0000] {dag.py:3096} INFO - Sync 1 DAGs
[2024-07-07T07:47:45.939+0000] {logging_mixin.py:188} INFO - [2024-07-07T07:47:45.939+0000] {dag.py:3954} INFO - Setting next_dagrun for tutorial_taskflow_api to None, run_after=None
[2024-07-07T07:47:45.981+0000] {processor.py:183} INFO - Processing /home/airflow/.local/lib/python3.12/site-packages/airflow/example_dags/tutorial_taskflow_api.py took 0.126 seconds
[2024-07-07T07:48:16.211+0000] {processor.py:161} INFO - Started process (PID=3811) to work on /home/airflow/.local/lib/python3.12/site-packages/airflow/example_dags/tutorial_taskflow_api.py
[2024-07-07T07:48:16.214+0000] {processor.py:830} INFO - Processing file /home/airflow/.local/lib/python3.12/site-packages/airflow/example_dags/tutorial_taskflow_api.py for tasks to queue
[2024-07-07T07:48:16.217+0000] {logging_mixin.py:188} INFO - [2024-07-07T07:48:16.216+0000] {dagbag.py:545} INFO - Filling up the DagBag from /home/airflow/.local/lib/python3.12/site-packages/airflow/example_dags/tutorial_taskflow_api.py
[2024-07-07T07:48:16.239+0000] {processor.py:840} INFO - DAG(s) 'tutorial_taskflow_api' retrieved from /home/airflow/.local/lib/python3.12/site-packages/airflow/example_dags/tutorial_taskflow_api.py
[2024-07-07T07:48:16.308+0000] {logging_mixin.py:188} INFO - [2024-07-07T07:48:16.307+0000] {dag.py:3096} INFO - Sync 1 DAGs
[2024-07-07T07:48:16.345+0000] {logging_mixin.py:188} INFO - [2024-07-07T07:48:16.344+0000] {dag.py:3954} INFO - Setting next_dagrun for tutorial_taskflow_api to None, run_after=None
[2024-07-07T07:48:16.428+0000] {processor.py:183} INFO - Processing /home/airflow/.local/lib/python3.12/site-packages/airflow/example_dags/tutorial_taskflow_api.py took 0.235 seconds
[2024-07-07T07:48:47.065+0000] {processor.py:161} INFO - Started process (PID=3871) to work on /home/airflow/.local/lib/python3.12/site-packages/airflow/example_dags/tutorial_taskflow_api.py
[2024-07-07T07:48:47.067+0000] {processor.py:830} INFO - Processing file /home/airflow/.local/lib/python3.12/site-packages/airflow/example_dags/tutorial_taskflow_api.py for tasks to queue
[2024-07-07T07:48:47.069+0000] {logging_mixin.py:188} INFO - [2024-07-07T07:48:47.068+0000] {dagbag.py:545} INFO - Filling up the DagBag from /home/airflow/.local/lib/python3.12/site-packages/airflow/example_dags/tutorial_taskflow_api.py
[2024-07-07T07:48:47.080+0000] {processor.py:840} INFO - DAG(s) 'tutorial_taskflow_api' retrieved from /home/airflow/.local/lib/python3.12/site-packages/airflow/example_dags/tutorial_taskflow_api.py
[2024-07-07T07:48:47.118+0000] {logging_mixin.py:188} INFO - [2024-07-07T07:48:47.118+0000] {dag.py:3096} INFO - Sync 1 DAGs
[2024-07-07T07:48:47.146+0000] {logging_mixin.py:188} INFO - [2024-07-07T07:48:47.145+0000] {dag.py:3954} INFO - Setting next_dagrun for tutorial_taskflow_api to None, run_after=None
[2024-07-07T07:48:47.227+0000] {processor.py:183} INFO - Processing /home/airflow/.local/lib/python3.12/site-packages/airflow/example_dags/tutorial_taskflow_api.py took 0.174 seconds
[2024-07-07T07:49:18.064+0000] {processor.py:161} INFO - Started process (PID=3931) to work on /home/airflow/.local/lib/python3.12/site-packages/airflow/example_dags/tutorial_taskflow_api.py
[2024-07-07T07:49:18.066+0000] {processor.py:830} INFO - Processing file /home/airflow/.local/lib/python3.12/site-packages/airflow/example_dags/tutorial_taskflow_api.py for tasks to queue
[2024-07-07T07:49:18.068+0000] {logging_mixin.py:188} INFO - [2024-07-07T07:49:18.067+0000] {dagbag.py:545} INFO - Filling up the DagBag from /home/airflow/.local/lib/python3.12/site-packages/airflow/example_dags/tutorial_taskflow_api.py
[2024-07-07T07:49:18.079+0000] {processor.py:840} INFO - DAG(s) 'tutorial_taskflow_api' retrieved from /home/airflow/.local/lib/python3.12/site-packages/airflow/example_dags/tutorial_taskflow_api.py
[2024-07-07T07:49:18.122+0000] {logging_mixin.py:188} INFO - [2024-07-07T07:49:18.122+0000] {dag.py:3096} INFO - Sync 1 DAGs
[2024-07-07T07:49:18.167+0000] {logging_mixin.py:188} INFO - [2024-07-07T07:49:18.166+0000] {dag.py:3954} INFO - Setting next_dagrun for tutorial_taskflow_api to None, run_after=None
[2024-07-07T07:49:18.244+0000] {processor.py:183} INFO - Processing /home/airflow/.local/lib/python3.12/site-packages/airflow/example_dags/tutorial_taskflow_api.py took 0.192 seconds
[2024-07-07T07:49:49.148+0000] {processor.py:161} INFO - Started process (PID=3991) to work on /home/airflow/.local/lib/python3.12/site-packages/airflow/example_dags/tutorial_taskflow_api.py
[2024-07-07T07:49:49.151+0000] {processor.py:830} INFO - Processing file /home/airflow/.local/lib/python3.12/site-packages/airflow/example_dags/tutorial_taskflow_api.py for tasks to queue
[2024-07-07T07:49:49.155+0000] {logging_mixin.py:188} INFO - [2024-07-07T07:49:49.153+0000] {dagbag.py:545} INFO - Filling up the DagBag from /home/airflow/.local/lib/python3.12/site-packages/airflow/example_dags/tutorial_taskflow_api.py
[2024-07-07T07:49:49.171+0000] {processor.py:840} INFO - DAG(s) 'tutorial_taskflow_api' retrieved from /home/airflow/.local/lib/python3.12/site-packages/airflow/example_dags/tutorial_taskflow_api.py
[2024-07-07T07:49:49.229+0000] {logging_mixin.py:188} INFO - [2024-07-07T07:49:49.228+0000] {dag.py:3096} INFO - Sync 1 DAGs
[2024-07-07T07:49:49.262+0000] {logging_mixin.py:188} INFO - [2024-07-07T07:49:49.262+0000] {dag.py:3954} INFO - Setting next_dagrun for tutorial_taskflow_api to None, run_after=None
[2024-07-07T07:49:49.312+0000] {processor.py:183} INFO - Processing /home/airflow/.local/lib/python3.12/site-packages/airflow/example_dags/tutorial_taskflow_api.py took 0.183 seconds
[2024-07-07T07:50:19.918+0000] {processor.py:161} INFO - Started process (PID=4051) to work on /home/airflow/.local/lib/python3.12/site-packages/airflow/example_dags/tutorial_taskflow_api.py
[2024-07-07T07:50:19.919+0000] {processor.py:830} INFO - Processing file /home/airflow/.local/lib/python3.12/site-packages/airflow/example_dags/tutorial_taskflow_api.py for tasks to queue
[2024-07-07T07:50:19.921+0000] {logging_mixin.py:188} INFO - [2024-07-07T07:50:19.921+0000] {dagbag.py:545} INFO - Filling up the DagBag from /home/airflow/.local/lib/python3.12/site-packages/airflow/example_dags/tutorial_taskflow_api.py
[2024-07-07T07:50:19.932+0000] {processor.py:840} INFO - DAG(s) 'tutorial_taskflow_api' retrieved from /home/airflow/.local/lib/python3.12/site-packages/airflow/example_dags/tutorial_taskflow_api.py
[2024-07-07T07:50:19.973+0000] {logging_mixin.py:188} INFO - [2024-07-07T07:50:19.972+0000] {dag.py:3096} INFO - Sync 1 DAGs
[2024-07-07T07:50:19.996+0000] {logging_mixin.py:188} INFO - [2024-07-07T07:50:19.995+0000] {dag.py:3954} INFO - Setting next_dagrun for tutorial_taskflow_api to None, run_after=None
[2024-07-07T07:50:20.031+0000] {processor.py:183} INFO - Processing /home/airflow/.local/lib/python3.12/site-packages/airflow/example_dags/tutorial_taskflow_api.py took 0.125 seconds
[2024-07-07T07:50:50.451+0000] {processor.py:161} INFO - Started process (PID=4111) to work on /home/airflow/.local/lib/python3.12/site-packages/airflow/example_dags/tutorial_taskflow_api.py
[2024-07-07T07:50:50.452+0000] {processor.py:830} INFO - Processing file /home/airflow/.local/lib/python3.12/site-packages/airflow/example_dags/tutorial_taskflow_api.py for tasks to queue
[2024-07-07T07:50:50.454+0000] {logging_mixin.py:188} INFO - [2024-07-07T07:50:50.454+0000] {dagbag.py:545} INFO - Filling up the DagBag from /home/airflow/.local/lib/python3.12/site-packages/airflow/example_dags/tutorial_taskflow_api.py
[2024-07-07T07:50:50.462+0000] {processor.py:840} INFO - DAG(s) 'tutorial_taskflow_api' retrieved from /home/airflow/.local/lib/python3.12/site-packages/airflow/example_dags/tutorial_taskflow_api.py
[2024-07-07T07:50:50.493+0000] {logging_mixin.py:188} INFO - [2024-07-07T07:50:50.492+0000] {dag.py:3096} INFO - Sync 1 DAGs
[2024-07-07T07:50:50.512+0000] {logging_mixin.py:188} INFO - [2024-07-07T07:50:50.512+0000] {dag.py:3954} INFO - Setting next_dagrun for tutorial_taskflow_api to None, run_after=None
[2024-07-07T07:50:50.539+0000] {processor.py:183} INFO - Processing /home/airflow/.local/lib/python3.12/site-packages/airflow/example_dags/tutorial_taskflow_api.py took 0.098 seconds
[2024-07-07T07:51:21.525+0000] {processor.py:161} INFO - Started process (PID=4171) to work on /home/airflow/.local/lib/python3.12/site-packages/airflow/example_dags/tutorial_taskflow_api.py
[2024-07-07T07:51:21.527+0000] {processor.py:830} INFO - Processing file /home/airflow/.local/lib/python3.12/site-packages/airflow/example_dags/tutorial_taskflow_api.py for tasks to queue
[2024-07-07T07:51:21.529+0000] {logging_mixin.py:188} INFO - [2024-07-07T07:51:21.528+0000] {dagbag.py:545} INFO - Filling up the DagBag from /home/airflow/.local/lib/python3.12/site-packages/airflow/example_dags/tutorial_taskflow_api.py
[2024-07-07T07:51:21.539+0000] {processor.py:840} INFO - DAG(s) 'tutorial_taskflow_api' retrieved from /home/airflow/.local/lib/python3.12/site-packages/airflow/example_dags/tutorial_taskflow_api.py
[2024-07-07T07:51:21.575+0000] {logging_mixin.py:188} INFO - [2024-07-07T07:51:21.574+0000] {dag.py:3096} INFO - Sync 1 DAGs
[2024-07-07T07:51:21.592+0000] {logging_mixin.py:188} INFO - [2024-07-07T07:51:21.592+0000] {dag.py:3954} INFO - Setting next_dagrun for tutorial_taskflow_api to None, run_after=None
[2024-07-07T07:51:21.637+0000] {processor.py:183} INFO - Processing /home/airflow/.local/lib/python3.12/site-packages/airflow/example_dags/tutorial_taskflow_api.py took 0.129 seconds
[2024-07-07T07:51:51.970+0000] {processor.py:161} INFO - Started process (PID=4231) to work on /home/airflow/.local/lib/python3.12/site-packages/airflow/example_dags/tutorial_taskflow_api.py
[2024-07-07T07:51:51.972+0000] {processor.py:830} INFO - Processing file /home/airflow/.local/lib/python3.12/site-packages/airflow/example_dags/tutorial_taskflow_api.py for tasks to queue
[2024-07-07T07:51:51.974+0000] {logging_mixin.py:188} INFO - [2024-07-07T07:51:51.973+0000] {dagbag.py:545} INFO - Filling up the DagBag from /home/airflow/.local/lib/python3.12/site-packages/airflow/example_dags/tutorial_taskflow_api.py
[2024-07-07T07:51:51.981+0000] {processor.py:840} INFO - DAG(s) 'tutorial_taskflow_api' retrieved from /home/airflow/.local/lib/python3.12/site-packages/airflow/example_dags/tutorial_taskflow_api.py
[2024-07-07T07:51:52.009+0000] {logging_mixin.py:188} INFO - [2024-07-07T07:51:52.008+0000] {dag.py:3096} INFO - Sync 1 DAGs
[2024-07-07T07:51:52.025+0000] {logging_mixin.py:188} INFO - [2024-07-07T07:51:52.025+0000] {dag.py:3954} INFO - Setting next_dagrun for tutorial_taskflow_api to None, run_after=None
[2024-07-07T07:51:52.051+0000] {processor.py:183} INFO - Processing /home/airflow/.local/lib/python3.12/site-packages/airflow/example_dags/tutorial_taskflow_api.py took 0.089 seconds
[2024-07-07T07:52:22.507+0000] {processor.py:161} INFO - Started process (PID=4291) to work on /home/airflow/.local/lib/python3.12/site-packages/airflow/example_dags/tutorial_taskflow_api.py
[2024-07-07T07:52:22.509+0000] {processor.py:830} INFO - Processing file /home/airflow/.local/lib/python3.12/site-packages/airflow/example_dags/tutorial_taskflow_api.py for tasks to queue
[2024-07-07T07:52:22.510+0000] {logging_mixin.py:188} INFO - [2024-07-07T07:52:22.510+0000] {dagbag.py:545} INFO - Filling up the DagBag from /home/airflow/.local/lib/python3.12/site-packages/airflow/example_dags/tutorial_taskflow_api.py
[2024-07-07T07:52:22.520+0000] {processor.py:840} INFO - DAG(s) 'tutorial_taskflow_api' retrieved from /home/airflow/.local/lib/python3.12/site-packages/airflow/example_dags/tutorial_taskflow_api.py
[2024-07-07T07:52:22.553+0000] {logging_mixin.py:188} INFO - [2024-07-07T07:52:22.553+0000] {dag.py:3096} INFO - Sync 1 DAGs
[2024-07-07T07:52:22.573+0000] {logging_mixin.py:188} INFO - [2024-07-07T07:52:22.573+0000] {dag.py:3954} INFO - Setting next_dagrun for tutorial_taskflow_api to None, run_after=None
[2024-07-07T07:52:22.611+0000] {processor.py:183} INFO - Processing /home/airflow/.local/lib/python3.12/site-packages/airflow/example_dags/tutorial_taskflow_api.py took 0.115 seconds
[2024-07-07T07:52:53.159+0000] {processor.py:161} INFO - Started process (PID=4351) to work on /home/airflow/.local/lib/python3.12/site-packages/airflow/example_dags/tutorial_taskflow_api.py
[2024-07-07T07:52:53.160+0000] {processor.py:830} INFO - Processing file /home/airflow/.local/lib/python3.12/site-packages/airflow/example_dags/tutorial_taskflow_api.py for tasks to queue
[2024-07-07T07:52:53.162+0000] {logging_mixin.py:188} INFO - [2024-07-07T07:52:53.161+0000] {dagbag.py:545} INFO - Filling up the DagBag from /home/airflow/.local/lib/python3.12/site-packages/airflow/example_dags/tutorial_taskflow_api.py
[2024-07-07T07:52:53.171+0000] {processor.py:840} INFO - DAG(s) 'tutorial_taskflow_api' retrieved from /home/airflow/.local/lib/python3.12/site-packages/airflow/example_dags/tutorial_taskflow_api.py
[2024-07-07T07:52:53.203+0000] {logging_mixin.py:188} INFO - [2024-07-07T07:52:53.202+0000] {dag.py:3096} INFO - Sync 1 DAGs
[2024-07-07T07:52:53.222+0000] {logging_mixin.py:188} INFO - [2024-07-07T07:52:53.222+0000] {dag.py:3954} INFO - Setting next_dagrun for tutorial_taskflow_api to None, run_after=None
[2024-07-07T07:52:53.247+0000] {processor.py:183} INFO - Processing /home/airflow/.local/lib/python3.12/site-packages/airflow/example_dags/tutorial_taskflow_api.py took 0.098 seconds
[2024-07-07T07:53:24.426+0000] {processor.py:161} INFO - Started process (PID=4411) to work on /home/airflow/.local/lib/python3.12/site-packages/airflow/example_dags/tutorial_taskflow_api.py
[2024-07-07T07:53:24.428+0000] {processor.py:830} INFO - Processing file /home/airflow/.local/lib/python3.12/site-packages/airflow/example_dags/tutorial_taskflow_api.py for tasks to queue
[2024-07-07T07:53:24.429+0000] {logging_mixin.py:188} INFO - [2024-07-07T07:53:24.429+0000] {dagbag.py:545} INFO - Filling up the DagBag from /home/airflow/.local/lib/python3.12/site-packages/airflow/example_dags/tutorial_taskflow_api.py
[2024-07-07T07:53:24.439+0000] {processor.py:840} INFO - DAG(s) 'tutorial_taskflow_api' retrieved from /home/airflow/.local/lib/python3.12/site-packages/airflow/example_dags/tutorial_taskflow_api.py
[2024-07-07T07:53:24.470+0000] {logging_mixin.py:188} INFO - [2024-07-07T07:53:24.469+0000] {dag.py:3096} INFO - Sync 1 DAGs
[2024-07-07T07:53:24.488+0000] {logging_mixin.py:188} INFO - [2024-07-07T07:53:24.487+0000] {dag.py:3954} INFO - Setting next_dagrun for tutorial_taskflow_api to None, run_after=None
[2024-07-07T07:53:24.514+0000] {processor.py:183} INFO - Processing /home/airflow/.local/lib/python3.12/site-packages/airflow/example_dags/tutorial_taskflow_api.py took 0.098 seconds
[2024-07-07T07:53:55.168+0000] {processor.py:161} INFO - Started process (PID=4469) to work on /home/airflow/.local/lib/python3.12/site-packages/airflow/example_dags/tutorial_taskflow_api.py
[2024-07-07T07:53:55.170+0000] {processor.py:830} INFO - Processing file /home/airflow/.local/lib/python3.12/site-packages/airflow/example_dags/tutorial_taskflow_api.py for tasks to queue
[2024-07-07T07:53:55.171+0000] {logging_mixin.py:188} INFO - [2024-07-07T07:53:55.171+0000] {dagbag.py:545} INFO - Filling up the DagBag from /home/airflow/.local/lib/python3.12/site-packages/airflow/example_dags/tutorial_taskflow_api.py
[2024-07-07T07:53:55.181+0000] {processor.py:840} INFO - DAG(s) 'tutorial_taskflow_api' retrieved from /home/airflow/.local/lib/python3.12/site-packages/airflow/example_dags/tutorial_taskflow_api.py
[2024-07-07T07:53:55.211+0000] {logging_mixin.py:188} INFO - [2024-07-07T07:53:55.211+0000] {dag.py:3096} INFO - Sync 1 DAGs
[2024-07-07T07:53:55.229+0000] {logging_mixin.py:188} INFO - [2024-07-07T07:53:55.229+0000] {dag.py:3954} INFO - Setting next_dagrun for tutorial_taskflow_api to None, run_after=None
[2024-07-07T07:53:55.264+0000] {processor.py:183} INFO - Processing /home/airflow/.local/lib/python3.12/site-packages/airflow/example_dags/tutorial_taskflow_api.py took 0.110 seconds
[2024-07-07T07:54:25.469+0000] {processor.py:161} INFO - Started process (PID=4528) to work on /home/airflow/.local/lib/python3.12/site-packages/airflow/example_dags/tutorial_taskflow_api.py
[2024-07-07T07:54:25.471+0000] {processor.py:830} INFO - Processing file /home/airflow/.local/lib/python3.12/site-packages/airflow/example_dags/tutorial_taskflow_api.py for tasks to queue
[2024-07-07T07:54:25.474+0000] {logging_mixin.py:188} INFO - [2024-07-07T07:54:25.473+0000] {dagbag.py:545} INFO - Filling up the DagBag from /home/airflow/.local/lib/python3.12/site-packages/airflow/example_dags/tutorial_taskflow_api.py
[2024-07-07T07:54:25.482+0000] {processor.py:840} INFO - DAG(s) 'tutorial_taskflow_api' retrieved from /home/airflow/.local/lib/python3.12/site-packages/airflow/example_dags/tutorial_taskflow_api.py
[2024-07-07T07:54:25.513+0000] {logging_mixin.py:188} INFO - [2024-07-07T07:54:25.512+0000] {dag.py:3096} INFO - Sync 1 DAGs
[2024-07-07T07:54:25.535+0000] {logging_mixin.py:188} INFO - [2024-07-07T07:54:25.534+0000] {dag.py:3954} INFO - Setting next_dagrun for tutorial_taskflow_api to None, run_after=None
[2024-07-07T07:54:25.565+0000] {processor.py:183} INFO - Processing /home/airflow/.local/lib/python3.12/site-packages/airflow/example_dags/tutorial_taskflow_api.py took 0.110 seconds
[2024-07-07T07:54:55.774+0000] {processor.py:161} INFO - Started process (PID=4588) to work on /home/airflow/.local/lib/python3.12/site-packages/airflow/example_dags/tutorial_taskflow_api.py
[2024-07-07T07:54:55.776+0000] {processor.py:830} INFO - Processing file /home/airflow/.local/lib/python3.12/site-packages/airflow/example_dags/tutorial_taskflow_api.py for tasks to queue
[2024-07-07T07:54:55.778+0000] {logging_mixin.py:188} INFO - [2024-07-07T07:54:55.778+0000] {dagbag.py:545} INFO - Filling up the DagBag from /home/airflow/.local/lib/python3.12/site-packages/airflow/example_dags/tutorial_taskflow_api.py
[2024-07-07T07:54:55.790+0000] {processor.py:840} INFO - DAG(s) 'tutorial_taskflow_api' retrieved from /home/airflow/.local/lib/python3.12/site-packages/airflow/example_dags/tutorial_taskflow_api.py
[2024-07-07T07:54:55.823+0000] {logging_mixin.py:188} INFO - [2024-07-07T07:54:55.822+0000] {dag.py:3096} INFO - Sync 1 DAGs
[2024-07-07T07:54:55.843+0000] {logging_mixin.py:188} INFO - [2024-07-07T07:54:55.843+0000] {dag.py:3954} INFO - Setting next_dagrun for tutorial_taskflow_api to None, run_after=None
[2024-07-07T07:54:55.874+0000] {processor.py:183} INFO - Processing /home/airflow/.local/lib/python3.12/site-packages/airflow/example_dags/tutorial_taskflow_api.py took 0.110 seconds
[2024-07-07T07:55:25.981+0000] {processor.py:161} INFO - Started process (PID=4648) to work on /home/airflow/.local/lib/python3.12/site-packages/airflow/example_dags/tutorial_taskflow_api.py
[2024-07-07T07:55:25.984+0000] {processor.py:830} INFO - Processing file /home/airflow/.local/lib/python3.12/site-packages/airflow/example_dags/tutorial_taskflow_api.py for tasks to queue
[2024-07-07T07:55:25.986+0000] {logging_mixin.py:188} INFO - [2024-07-07T07:55:25.985+0000] {dagbag.py:545} INFO - Filling up the DagBag from /home/airflow/.local/lib/python3.12/site-packages/airflow/example_dags/tutorial_taskflow_api.py
[2024-07-07T07:55:26.002+0000] {processor.py:840} INFO - DAG(s) 'tutorial_taskflow_api' retrieved from /home/airflow/.local/lib/python3.12/site-packages/airflow/example_dags/tutorial_taskflow_api.py
[2024-07-07T07:55:26.037+0000] {logging_mixin.py:188} INFO - [2024-07-07T07:55:26.036+0000] {dag.py:3096} INFO - Sync 1 DAGs
[2024-07-07T07:55:26.055+0000] {logging_mixin.py:188} INFO - [2024-07-07T07:55:26.055+0000] {dag.py:3954} INFO - Setting next_dagrun for tutorial_taskflow_api to None, run_after=None
[2024-07-07T07:55:26.105+0000] {processor.py:183} INFO - Processing /home/airflow/.local/lib/python3.12/site-packages/airflow/example_dags/tutorial_taskflow_api.py took 0.141 seconds
[2024-07-07T07:55:56.793+0000] {processor.py:161} INFO - Started process (PID=4708) to work on /home/airflow/.local/lib/python3.12/site-packages/airflow/example_dags/tutorial_taskflow_api.py
[2024-07-07T07:55:56.795+0000] {processor.py:830} INFO - Processing file /home/airflow/.local/lib/python3.12/site-packages/airflow/example_dags/tutorial_taskflow_api.py for tasks to queue
[2024-07-07T07:55:56.797+0000] {logging_mixin.py:188} INFO - [2024-07-07T07:55:56.796+0000] {dagbag.py:545} INFO - Filling up the DagBag from /home/airflow/.local/lib/python3.12/site-packages/airflow/example_dags/tutorial_taskflow_api.py
[2024-07-07T07:55:56.807+0000] {processor.py:840} INFO - DAG(s) 'tutorial_taskflow_api' retrieved from /home/airflow/.local/lib/python3.12/site-packages/airflow/example_dags/tutorial_taskflow_api.py
[2024-07-07T07:55:56.838+0000] {logging_mixin.py:188} INFO - [2024-07-07T07:55:56.838+0000] {dag.py:3096} INFO - Sync 1 DAGs
[2024-07-07T07:55:56.859+0000] {logging_mixin.py:188} INFO - [2024-07-07T07:55:56.858+0000] {dag.py:3954} INFO - Setting next_dagrun for tutorial_taskflow_api to None, run_after=None
[2024-07-07T07:55:56.889+0000] {processor.py:183} INFO - Processing /home/airflow/.local/lib/python3.12/site-packages/airflow/example_dags/tutorial_taskflow_api.py took 0.107 seconds
[2024-07-07T07:56:27.418+0000] {processor.py:161} INFO - Started process (PID=4766) to work on /home/airflow/.local/lib/python3.12/site-packages/airflow/example_dags/tutorial_taskflow_api.py
[2024-07-07T07:56:27.420+0000] {processor.py:830} INFO - Processing file /home/airflow/.local/lib/python3.12/site-packages/airflow/example_dags/tutorial_taskflow_api.py for tasks to queue
[2024-07-07T07:56:27.422+0000] {logging_mixin.py:188} INFO - [2024-07-07T07:56:27.421+0000] {dagbag.py:545} INFO - Filling up the DagBag from /home/airflow/.local/lib/python3.12/site-packages/airflow/example_dags/tutorial_taskflow_api.py
[2024-07-07T07:56:27.430+0000] {processor.py:840} INFO - DAG(s) 'tutorial_taskflow_api' retrieved from /home/airflow/.local/lib/python3.12/site-packages/airflow/example_dags/tutorial_taskflow_api.py
[2024-07-07T07:56:27.460+0000] {logging_mixin.py:188} INFO - [2024-07-07T07:56:27.459+0000] {dag.py:3096} INFO - Sync 1 DAGs
[2024-07-07T07:56:27.479+0000] {logging_mixin.py:188} INFO - [2024-07-07T07:56:27.478+0000] {dag.py:3954} INFO - Setting next_dagrun for tutorial_taskflow_api to None, run_after=None
[2024-07-07T07:56:27.513+0000] {processor.py:183} INFO - Processing /home/airflow/.local/lib/python3.12/site-packages/airflow/example_dags/tutorial_taskflow_api.py took 0.104 seconds
[2024-07-07T07:56:57.750+0000] {processor.py:161} INFO - Started process (PID=4826) to work on /home/airflow/.local/lib/python3.12/site-packages/airflow/example_dags/tutorial_taskflow_api.py
[2024-07-07T07:56:57.752+0000] {processor.py:830} INFO - Processing file /home/airflow/.local/lib/python3.12/site-packages/airflow/example_dags/tutorial_taskflow_api.py for tasks to queue
[2024-07-07T07:56:57.753+0000] {logging_mixin.py:188} INFO - [2024-07-07T07:56:57.753+0000] {dagbag.py:545} INFO - Filling up the DagBag from /home/airflow/.local/lib/python3.12/site-packages/airflow/example_dags/tutorial_taskflow_api.py
[2024-07-07T07:56:57.762+0000] {processor.py:840} INFO - DAG(s) 'tutorial_taskflow_api' retrieved from /home/airflow/.local/lib/python3.12/site-packages/airflow/example_dags/tutorial_taskflow_api.py
[2024-07-07T07:56:57.787+0000] {logging_mixin.py:188} INFO - [2024-07-07T07:56:57.787+0000] {dag.py:3096} INFO - Sync 1 DAGs
[2024-07-07T07:56:57.803+0000] {logging_mixin.py:188} INFO - [2024-07-07T07:56:57.803+0000] {dag.py:3954} INFO - Setting next_dagrun for tutorial_taskflow_api to None, run_after=None
[2024-07-07T07:56:57.834+0000] {processor.py:183} INFO - Processing /home/airflow/.local/lib/python3.12/site-packages/airflow/example_dags/tutorial_taskflow_api.py took 0.092 seconds
[2024-07-07T07:57:28.751+0000] {processor.py:161} INFO - Started process (PID=4886) to work on /home/airflow/.local/lib/python3.12/site-packages/airflow/example_dags/tutorial_taskflow_api.py
[2024-07-07T07:57:28.753+0000] {processor.py:830} INFO - Processing file /home/airflow/.local/lib/python3.12/site-packages/airflow/example_dags/tutorial_taskflow_api.py for tasks to queue
[2024-07-07T07:57:28.756+0000] {logging_mixin.py:188} INFO - [2024-07-07T07:57:28.755+0000] {dagbag.py:545} INFO - Filling up the DagBag from /home/airflow/.local/lib/python3.12/site-packages/airflow/example_dags/tutorial_taskflow_api.py
[2024-07-07T07:57:28.766+0000] {processor.py:840} INFO - DAG(s) 'tutorial_taskflow_api' retrieved from /home/airflow/.local/lib/python3.12/site-packages/airflow/example_dags/tutorial_taskflow_api.py
[2024-07-07T07:57:28.793+0000] {logging_mixin.py:188} INFO - [2024-07-07T07:57:28.793+0000] {dag.py:3096} INFO - Sync 1 DAGs
[2024-07-07T07:57:28.813+0000] {logging_mixin.py:188} INFO - [2024-07-07T07:57:28.812+0000] {dag.py:3954} INFO - Setting next_dagrun for tutorial_taskflow_api to None, run_after=None
[2024-07-07T07:57:28.854+0000] {processor.py:183} INFO - Processing /home/airflow/.local/lib/python3.12/site-packages/airflow/example_dags/tutorial_taskflow_api.py took 0.123 seconds
[2024-07-07T07:57:59.035+0000] {processor.py:161} INFO - Started process (PID=4946) to work on /home/airflow/.local/lib/python3.12/site-packages/airflow/example_dags/tutorial_taskflow_api.py
[2024-07-07T07:57:59.038+0000] {processor.py:830} INFO - Processing file /home/airflow/.local/lib/python3.12/site-packages/airflow/example_dags/tutorial_taskflow_api.py for tasks to queue
[2024-07-07T07:57:59.041+0000] {logging_mixin.py:188} INFO - [2024-07-07T07:57:59.040+0000] {dagbag.py:545} INFO - Filling up the DagBag from /home/airflow/.local/lib/python3.12/site-packages/airflow/example_dags/tutorial_taskflow_api.py
[2024-07-07T07:57:59.058+0000] {processor.py:840} INFO - DAG(s) 'tutorial_taskflow_api' retrieved from /home/airflow/.local/lib/python3.12/site-packages/airflow/example_dags/tutorial_taskflow_api.py
[2024-07-07T07:57:59.105+0000] {logging_mixin.py:188} INFO - [2024-07-07T07:57:59.104+0000] {dag.py:3096} INFO - Sync 1 DAGs
[2024-07-07T07:57:59.122+0000] {logging_mixin.py:188} INFO - [2024-07-07T07:57:59.121+0000] {dag.py:3954} INFO - Setting next_dagrun for tutorial_taskflow_api to None, run_after=None
[2024-07-07T07:57:59.164+0000] {processor.py:183} INFO - Processing /home/airflow/.local/lib/python3.12/site-packages/airflow/example_dags/tutorial_taskflow_api.py took 0.146 seconds
[2024-07-07T07:58:29.451+0000] {processor.py:161} INFO - Started process (PID=5006) to work on /home/airflow/.local/lib/python3.12/site-packages/airflow/example_dags/tutorial_taskflow_api.py
[2024-07-07T07:58:29.454+0000] {processor.py:830} INFO - Processing file /home/airflow/.local/lib/python3.12/site-packages/airflow/example_dags/tutorial_taskflow_api.py for tasks to queue
[2024-07-07T07:58:29.456+0000] {logging_mixin.py:188} INFO - [2024-07-07T07:58:29.455+0000] {dagbag.py:545} INFO - Filling up the DagBag from /home/airflow/.local/lib/python3.12/site-packages/airflow/example_dags/tutorial_taskflow_api.py
[2024-07-07T07:58:29.470+0000] {processor.py:840} INFO - DAG(s) 'tutorial_taskflow_api' retrieved from /home/airflow/.local/lib/python3.12/site-packages/airflow/example_dags/tutorial_taskflow_api.py
[2024-07-07T07:58:29.520+0000] {logging_mixin.py:188} INFO - [2024-07-07T07:58:29.520+0000] {dag.py:3096} INFO - Sync 1 DAGs
[2024-07-07T07:58:29.552+0000] {logging_mixin.py:188} INFO - [2024-07-07T07:58:29.552+0000] {dag.py:3954} INFO - Setting next_dagrun for tutorial_taskflow_api to None, run_after=None
[2024-07-07T07:58:29.597+0000] {processor.py:183} INFO - Processing /home/airflow/.local/lib/python3.12/site-packages/airflow/example_dags/tutorial_taskflow_api.py took 0.162 seconds
[2024-07-07T07:58:59.798+0000] {processor.py:161} INFO - Started process (PID=5066) to work on /home/airflow/.local/lib/python3.12/site-packages/airflow/example_dags/tutorial_taskflow_api.py
[2024-07-07T07:58:59.801+0000] {processor.py:830} INFO - Processing file /home/airflow/.local/lib/python3.12/site-packages/airflow/example_dags/tutorial_taskflow_api.py for tasks to queue
[2024-07-07T07:58:59.804+0000] {logging_mixin.py:188} INFO - [2024-07-07T07:58:59.803+0000] {dagbag.py:545} INFO - Filling up the DagBag from /home/airflow/.local/lib/python3.12/site-packages/airflow/example_dags/tutorial_taskflow_api.py
[2024-07-07T07:58:59.820+0000] {processor.py:840} INFO - DAG(s) 'tutorial_taskflow_api' retrieved from /home/airflow/.local/lib/python3.12/site-packages/airflow/example_dags/tutorial_taskflow_api.py
[2024-07-07T07:58:59.871+0000] {logging_mixin.py:188} INFO - [2024-07-07T07:58:59.871+0000] {dag.py:3096} INFO - Sync 1 DAGs
[2024-07-07T07:58:59.902+0000] {logging_mixin.py:188} INFO - [2024-07-07T07:58:59.901+0000] {dag.py:3954} INFO - Setting next_dagrun for tutorial_taskflow_api to None, run_after=None
[2024-07-07T07:58:59.956+0000] {processor.py:183} INFO - Processing /home/airflow/.local/lib/python3.12/site-packages/airflow/example_dags/tutorial_taskflow_api.py took 0.171 seconds
[2024-07-07T07:59:30.618+0000] {processor.py:161} INFO - Started process (PID=5126) to work on /home/airflow/.local/lib/python3.12/site-packages/airflow/example_dags/tutorial_taskflow_api.py
[2024-07-07T07:59:30.620+0000] {processor.py:830} INFO - Processing file /home/airflow/.local/lib/python3.12/site-packages/airflow/example_dags/tutorial_taskflow_api.py for tasks to queue
[2024-07-07T07:59:30.622+0000] {logging_mixin.py:188} INFO - [2024-07-07T07:59:30.622+0000] {dagbag.py:545} INFO - Filling up the DagBag from /home/airflow/.local/lib/python3.12/site-packages/airflow/example_dags/tutorial_taskflow_api.py
[2024-07-07T07:59:30.634+0000] {processor.py:840} INFO - DAG(s) 'tutorial_taskflow_api' retrieved from /home/airflow/.local/lib/python3.12/site-packages/airflow/example_dags/tutorial_taskflow_api.py
[2024-07-07T07:59:30.677+0000] {logging_mixin.py:188} INFO - [2024-07-07T07:59:30.677+0000] {dag.py:3096} INFO - Sync 1 DAGs
[2024-07-07T07:59:30.694+0000] {logging_mixin.py:188} INFO - [2024-07-07T07:59:30.694+0000] {dag.py:3954} INFO - Setting next_dagrun for tutorial_taskflow_api to None, run_after=None
[2024-07-07T07:59:30.740+0000] {processor.py:183} INFO - Processing /home/airflow/.local/lib/python3.12/site-packages/airflow/example_dags/tutorial_taskflow_api.py took 0.139 seconds
[2024-07-07T08:00:00.911+0000] {processor.py:161} INFO - Started process (PID=5186) to work on /home/airflow/.local/lib/python3.12/site-packages/airflow/example_dags/tutorial_taskflow_api.py
[2024-07-07T08:00:00.913+0000] {processor.py:830} INFO - Processing file /home/airflow/.local/lib/python3.12/site-packages/airflow/example_dags/tutorial_taskflow_api.py for tasks to queue
[2024-07-07T08:00:00.914+0000] {logging_mixin.py:188} INFO - [2024-07-07T08:00:00.914+0000] {dagbag.py:545} INFO - Filling up the DagBag from /home/airflow/.local/lib/python3.12/site-packages/airflow/example_dags/tutorial_taskflow_api.py
[2024-07-07T08:00:00.924+0000] {processor.py:840} INFO - DAG(s) 'tutorial_taskflow_api' retrieved from /home/airflow/.local/lib/python3.12/site-packages/airflow/example_dags/tutorial_taskflow_api.py
[2024-07-07T08:00:00.958+0000] {logging_mixin.py:188} INFO - [2024-07-07T08:00:00.957+0000] {dag.py:3096} INFO - Sync 1 DAGs
[2024-07-07T08:00:00.978+0000] {logging_mixin.py:188} INFO - [2024-07-07T08:00:00.978+0000] {dag.py:3954} INFO - Setting next_dagrun for tutorial_taskflow_api to None, run_after=None
[2024-07-07T08:00:01.010+0000] {processor.py:183} INFO - Processing /home/airflow/.local/lib/python3.12/site-packages/airflow/example_dags/tutorial_taskflow_api.py took 0.110 seconds
[2024-07-07T08:00:31.149+0000] {processor.py:161} INFO - Started process (PID=5246) to work on /home/airflow/.local/lib/python3.12/site-packages/airflow/example_dags/tutorial_taskflow_api.py
[2024-07-07T08:00:31.151+0000] {processor.py:830} INFO - Processing file /home/airflow/.local/lib/python3.12/site-packages/airflow/example_dags/tutorial_taskflow_api.py for tasks to queue
[2024-07-07T08:00:31.152+0000] {logging_mixin.py:188} INFO - [2024-07-07T08:00:31.152+0000] {dagbag.py:545} INFO - Filling up the DagBag from /home/airflow/.local/lib/python3.12/site-packages/airflow/example_dags/tutorial_taskflow_api.py
[2024-07-07T08:00:31.161+0000] {processor.py:840} INFO - DAG(s) 'tutorial_taskflow_api' retrieved from /home/airflow/.local/lib/python3.12/site-packages/airflow/example_dags/tutorial_taskflow_api.py
[2024-07-07T08:00:31.190+0000] {logging_mixin.py:188} INFO - [2024-07-07T08:00:31.189+0000] {dag.py:3096} INFO - Sync 1 DAGs
[2024-07-07T08:00:31.208+0000] {logging_mixin.py:188} INFO - [2024-07-07T08:00:31.207+0000] {dag.py:3954} INFO - Setting next_dagrun for tutorial_taskflow_api to None, run_after=None
[2024-07-07T08:00:31.247+0000] {processor.py:183} INFO - Processing /home/airflow/.local/lib/python3.12/site-packages/airflow/example_dags/tutorial_taskflow_api.py took 0.109 seconds
[2024-07-07T08:05:29.459+0000] {processor.py:161} INFO - Started process (PID=5311) to work on /home/airflow/.local/lib/python3.12/site-packages/airflow/example_dags/tutorial_taskflow_api.py
[2024-07-07T08:05:29.462+0000] {processor.py:830} INFO - Processing file /home/airflow/.local/lib/python3.12/site-packages/airflow/example_dags/tutorial_taskflow_api.py for tasks to queue
[2024-07-07T08:05:29.476+0000] {logging_mixin.py:188} INFO - [2024-07-07T08:05:29.475+0000] {dagbag.py:545} INFO - Filling up the DagBag from /home/airflow/.local/lib/python3.12/site-packages/airflow/example_dags/tutorial_taskflow_api.py
[2024-07-07T08:05:29.547+0000] {processor.py:840} INFO - DAG(s) 'tutorial_taskflow_api' retrieved from /home/airflow/.local/lib/python3.12/site-packages/airflow/example_dags/tutorial_taskflow_api.py
[2024-07-07T08:05:29.692+0000] {logging_mixin.py:188} INFO - [2024-07-07T08:05:29.691+0000] {dag.py:3096} INFO - Sync 1 DAGs
[2024-07-07T08:05:29.805+0000] {logging_mixin.py:188} INFO - [2024-07-07T08:05:29.804+0000] {dag.py:3954} INFO - Setting next_dagrun for tutorial_taskflow_api to None, run_after=None
[2024-07-07T08:05:29.920+0000] {processor.py:183} INFO - Processing /home/airflow/.local/lib/python3.12/site-packages/airflow/example_dags/tutorial_taskflow_api.py took 0.512 seconds
[2024-07-07T08:06:00.361+0000] {processor.py:161} INFO - Started process (PID=5372) to work on /home/airflow/.local/lib/python3.12/site-packages/airflow/example_dags/tutorial_taskflow_api.py
[2024-07-07T08:06:00.363+0000] {processor.py:830} INFO - Processing file /home/airflow/.local/lib/python3.12/site-packages/airflow/example_dags/tutorial_taskflow_api.py for tasks to queue
[2024-07-07T08:06:00.366+0000] {logging_mixin.py:188} INFO - [2024-07-07T08:06:00.365+0000] {dagbag.py:545} INFO - Filling up the DagBag from /home/airflow/.local/lib/python3.12/site-packages/airflow/example_dags/tutorial_taskflow_api.py
[2024-07-07T08:06:00.381+0000] {processor.py:840} INFO - DAG(s) 'tutorial_taskflow_api' retrieved from /home/airflow/.local/lib/python3.12/site-packages/airflow/example_dags/tutorial_taskflow_api.py
[2024-07-07T08:06:00.421+0000] {logging_mixin.py:188} INFO - [2024-07-07T08:06:00.420+0000] {dag.py:3096} INFO - Sync 1 DAGs
[2024-07-07T08:06:00.451+0000] {logging_mixin.py:188} INFO - [2024-07-07T08:06:00.451+0000] {dag.py:3954} INFO - Setting next_dagrun for tutorial_taskflow_api to None, run_after=None
[2024-07-07T08:06:00.496+0000] {processor.py:183} INFO - Processing /home/airflow/.local/lib/python3.12/site-packages/airflow/example_dags/tutorial_taskflow_api.py took 0.151 seconds
