[2024-07-07T00:00:21.908+0000] {processor.py:161} INFO - Started process (PID=2319) to work on /home/airflow/.local/lib/python3.12/site-packages/airflow/example_dags/tutorial.py
[2024-07-07T00:00:21.912+0000] {processor.py:830} INFO - Processing file /home/airflow/.local/lib/python3.12/site-packages/airflow/example_dags/tutorial.py for tasks to queue
[2024-07-07T00:00:21.919+0000] {logging_mixin.py:188} INFO - [2024-07-07T00:00:21.917+0000] {dagbag.py:545} INFO - Filling up the DagBag from /home/airflow/.local/lib/python3.12/site-packages/airflow/example_dags/tutorial.py
[2024-07-07T00:00:21.945+0000] {processor.py:840} INFO - DAG(s) 'tutorial' retrieved from /home/airflow/.local/lib/python3.12/site-packages/airflow/example_dags/tutorial.py
[2024-07-07T00:00:22.005+0000] {logging_mixin.py:188} INFO - [2024-07-07T00:00:22.004+0000] {dag.py:3096} INFO - Sync 1 DAGs
[2024-07-07T00:00:22.100+0000] {logging_mixin.py:188} INFO - [2024-07-07T00:00:22.100+0000] {dag.py:3954} INFO - Setting next_dagrun for tutorial to 2024-07-06 00:00:00+00:00, run_after=2024-07-07 00:00:00+00:00
[2024-07-07T00:00:22.220+0000] {processor.py:183} INFO - Processing /home/airflow/.local/lib/python3.12/site-packages/airflow/example_dags/tutorial.py took 0.331 seconds
[2024-07-07T00:00:52.416+0000] {processor.py:161} INFO - Started process (PID=2378) to work on /home/airflow/.local/lib/python3.12/site-packages/airflow/example_dags/tutorial.py
[2024-07-07T00:00:52.419+0000] {processor.py:830} INFO - Processing file /home/airflow/.local/lib/python3.12/site-packages/airflow/example_dags/tutorial.py for tasks to queue
[2024-07-07T00:00:52.423+0000] {logging_mixin.py:188} INFO - [2024-07-07T00:00:52.422+0000] {dagbag.py:545} INFO - Filling up the DagBag from /home/airflow/.local/lib/python3.12/site-packages/airflow/example_dags/tutorial.py
[2024-07-07T00:00:52.435+0000] {processor.py:840} INFO - DAG(s) 'tutorial' retrieved from /home/airflow/.local/lib/python3.12/site-packages/airflow/example_dags/tutorial.py
[2024-07-07T00:00:52.475+0000] {logging_mixin.py:188} INFO - [2024-07-07T00:00:52.475+0000] {dag.py:3096} INFO - Sync 1 DAGs
[2024-07-07T00:00:52.523+0000] {logging_mixin.py:188} INFO - [2024-07-07T00:00:52.522+0000] {dag.py:3954} INFO - Setting next_dagrun for tutorial to 2024-07-06 00:00:00+00:00, run_after=2024-07-07 00:00:00+00:00
[2024-07-07T00:00:52.563+0000] {processor.py:183} INFO - Processing /home/airflow/.local/lib/python3.12/site-packages/airflow/example_dags/tutorial.py took 0.163 seconds
[2024-07-07T00:01:23.207+0000] {processor.py:161} INFO - Started process (PID=2438) to work on /home/airflow/.local/lib/python3.12/site-packages/airflow/example_dags/tutorial.py
[2024-07-07T00:01:23.214+0000] {processor.py:830} INFO - Processing file /home/airflow/.local/lib/python3.12/site-packages/airflow/example_dags/tutorial.py for tasks to queue
[2024-07-07T00:01:23.230+0000] {logging_mixin.py:188} INFO - [2024-07-07T00:01:23.227+0000] {dagbag.py:545} INFO - Filling up the DagBag from /home/airflow/.local/lib/python3.12/site-packages/airflow/example_dags/tutorial.py
[2024-07-07T00:01:23.267+0000] {processor.py:840} INFO - DAG(s) 'tutorial' retrieved from /home/airflow/.local/lib/python3.12/site-packages/airflow/example_dags/tutorial.py
[2024-07-07T00:01:23.318+0000] {logging_mixin.py:188} INFO - [2024-07-07T00:01:23.317+0000] {dag.py:3096} INFO - Sync 1 DAGs
[2024-07-07T00:01:23.380+0000] {logging_mixin.py:188} INFO - [2024-07-07T00:01:23.379+0000] {dag.py:3954} INFO - Setting next_dagrun for tutorial to 2024-07-06 00:00:00+00:00, run_after=2024-07-07 00:00:00+00:00
[2024-07-07T00:01:23.446+0000] {processor.py:183} INFO - Processing /home/airflow/.local/lib/python3.12/site-packages/airflow/example_dags/tutorial.py took 0.289 seconds
[2024-07-07T00:01:53.646+0000] {processor.py:161} INFO - Started process (PID=2498) to work on /home/airflow/.local/lib/python3.12/site-packages/airflow/example_dags/tutorial.py
[2024-07-07T00:01:53.649+0000] {processor.py:830} INFO - Processing file /home/airflow/.local/lib/python3.12/site-packages/airflow/example_dags/tutorial.py for tasks to queue
[2024-07-07T00:01:53.655+0000] {logging_mixin.py:188} INFO - [2024-07-07T00:01:53.654+0000] {dagbag.py:545} INFO - Filling up the DagBag from /home/airflow/.local/lib/python3.12/site-packages/airflow/example_dags/tutorial.py
[2024-07-07T00:01:53.676+0000] {processor.py:840} INFO - DAG(s) 'tutorial' retrieved from /home/airflow/.local/lib/python3.12/site-packages/airflow/example_dags/tutorial.py
[2024-07-07T00:01:53.744+0000] {logging_mixin.py:188} INFO - [2024-07-07T00:01:53.742+0000] {dag.py:3096} INFO - Sync 1 DAGs
[2024-07-07T00:01:53.873+0000] {logging_mixin.py:188} INFO - [2024-07-07T00:01:53.872+0000] {dag.py:3954} INFO - Setting next_dagrun for tutorial to 2024-07-06 00:00:00+00:00, run_after=2024-07-07 00:00:00+00:00
[2024-07-07T00:01:53.975+0000] {processor.py:183} INFO - Processing /home/airflow/.local/lib/python3.12/site-packages/airflow/example_dags/tutorial.py took 0.346 seconds
[2024-07-07T00:02:24.411+0000] {processor.py:161} INFO - Started process (PID=2558) to work on /home/airflow/.local/lib/python3.12/site-packages/airflow/example_dags/tutorial.py
[2024-07-07T00:02:24.416+0000] {processor.py:830} INFO - Processing file /home/airflow/.local/lib/python3.12/site-packages/airflow/example_dags/tutorial.py for tasks to queue
[2024-07-07T00:02:24.430+0000] {logging_mixin.py:188} INFO - [2024-07-07T00:02:24.428+0000] {dagbag.py:545} INFO - Filling up the DagBag from /home/airflow/.local/lib/python3.12/site-packages/airflow/example_dags/tutorial.py
[2024-07-07T00:02:24.459+0000] {processor.py:840} INFO - DAG(s) 'tutorial' retrieved from /home/airflow/.local/lib/python3.12/site-packages/airflow/example_dags/tutorial.py
[2024-07-07T00:02:24.524+0000] {logging_mixin.py:188} INFO - [2024-07-07T00:02:24.523+0000] {dag.py:3096} INFO - Sync 1 DAGs
[2024-07-07T00:02:24.574+0000] {logging_mixin.py:188} INFO - [2024-07-07T00:02:24.573+0000] {dag.py:3954} INFO - Setting next_dagrun for tutorial to 2024-07-06 00:00:00+00:00, run_after=2024-07-07 00:00:00+00:00
[2024-07-07T00:02:24.615+0000] {processor.py:183} INFO - Processing /home/airflow/.local/lib/python3.12/site-packages/airflow/example_dags/tutorial.py took 0.273 seconds
[2024-07-07T00:02:55.349+0000] {processor.py:161} INFO - Started process (PID=2618) to work on /home/airflow/.local/lib/python3.12/site-packages/airflow/example_dags/tutorial.py
[2024-07-07T00:02:55.353+0000] {processor.py:830} INFO - Processing file /home/airflow/.local/lib/python3.12/site-packages/airflow/example_dags/tutorial.py for tasks to queue
[2024-07-07T00:02:55.369+0000] {logging_mixin.py:188} INFO - [2024-07-07T00:02:55.367+0000] {dagbag.py:545} INFO - Filling up the DagBag from /home/airflow/.local/lib/python3.12/site-packages/airflow/example_dags/tutorial.py
[2024-07-07T00:02:55.391+0000] {processor.py:840} INFO - DAG(s) 'tutorial' retrieved from /home/airflow/.local/lib/python3.12/site-packages/airflow/example_dags/tutorial.py
[2024-07-07T00:02:55.482+0000] {logging_mixin.py:188} INFO - [2024-07-07T00:02:55.481+0000] {dag.py:3096} INFO - Sync 1 DAGs
[2024-07-07T00:02:55.590+0000] {logging_mixin.py:188} INFO - [2024-07-07T00:02:55.589+0000] {dag.py:3954} INFO - Setting next_dagrun for tutorial to 2024-07-06 00:00:00+00:00, run_after=2024-07-07 00:00:00+00:00
[2024-07-07T00:02:55.668+0000] {processor.py:183} INFO - Processing /home/airflow/.local/lib/python3.12/site-packages/airflow/example_dags/tutorial.py took 0.361 seconds
[2024-07-07T00:03:26.449+0000] {processor.py:161} INFO - Started process (PID=2679) to work on /home/airflow/.local/lib/python3.12/site-packages/airflow/example_dags/tutorial.py
[2024-07-07T00:03:26.451+0000] {processor.py:830} INFO - Processing file /home/airflow/.local/lib/python3.12/site-packages/airflow/example_dags/tutorial.py for tasks to queue
[2024-07-07T00:03:26.456+0000] {logging_mixin.py:188} INFO - [2024-07-07T00:03:26.456+0000] {dagbag.py:545} INFO - Filling up the DagBag from /home/airflow/.local/lib/python3.12/site-packages/airflow/example_dags/tutorial.py
[2024-07-07T00:03:26.470+0000] {processor.py:840} INFO - DAG(s) 'tutorial' retrieved from /home/airflow/.local/lib/python3.12/site-packages/airflow/example_dags/tutorial.py
[2024-07-07T00:03:26.518+0000] {logging_mixin.py:188} INFO - [2024-07-07T00:03:26.518+0000] {dag.py:3096} INFO - Sync 1 DAGs
[2024-07-07T00:03:26.570+0000] {logging_mixin.py:188} INFO - [2024-07-07T00:03:26.570+0000] {dag.py:3954} INFO - Setting next_dagrun for tutorial to 2024-07-06 00:00:00+00:00, run_after=2024-07-07 00:00:00+00:00
[2024-07-07T00:03:26.612+0000] {processor.py:183} INFO - Processing /home/airflow/.local/lib/python3.12/site-packages/airflow/example_dags/tutorial.py took 0.182 seconds
[2024-07-07T07:39:26.165+0000] {processor.py:161} INFO - Started process (PID=2776) to work on /home/airflow/.local/lib/python3.12/site-packages/airflow/example_dags/tutorial.py
[2024-07-07T07:39:26.183+0000] {processor.py:830} INFO - Processing file /home/airflow/.local/lib/python3.12/site-packages/airflow/example_dags/tutorial.py for tasks to queue
[2024-07-07T07:39:26.200+0000] {logging_mixin.py:188} INFO - [2024-07-07T07:39:26.199+0000] {dagbag.py:545} INFO - Filling up the DagBag from /home/airflow/.local/lib/python3.12/site-packages/airflow/example_dags/tutorial.py
[2024-07-07T07:39:26.238+0000] {processor.py:840} INFO - DAG(s) 'tutorial' retrieved from /home/airflow/.local/lib/python3.12/site-packages/airflow/example_dags/tutorial.py
[2024-07-07T07:39:26.444+0000] {logging_mixin.py:188} INFO - [2024-07-07T07:39:26.443+0000] {dag.py:3096} INFO - Sync 1 DAGs
[2024-07-07T07:39:26.588+0000] {logging_mixin.py:188} INFO - [2024-07-07T07:39:26.588+0000] {dag.py:3954} INFO - Setting next_dagrun for tutorial to 2024-07-06 00:00:00+00:00, run_after=2024-07-07 00:00:00+00:00
[2024-07-07T07:39:26.688+0000] {processor.py:183} INFO - Processing /home/airflow/.local/lib/python3.12/site-packages/airflow/example_dags/tutorial.py took 0.560 seconds
[2024-07-07T07:39:56.931+0000] {processor.py:161} INFO - Started process (PID=2836) to work on /home/airflow/.local/lib/python3.12/site-packages/airflow/example_dags/tutorial.py
[2024-07-07T07:39:56.932+0000] {processor.py:830} INFO - Processing file /home/airflow/.local/lib/python3.12/site-packages/airflow/example_dags/tutorial.py for tasks to queue
[2024-07-07T07:39:56.934+0000] {logging_mixin.py:188} INFO - [2024-07-07T07:39:56.933+0000] {dagbag.py:545} INFO - Filling up the DagBag from /home/airflow/.local/lib/python3.12/site-packages/airflow/example_dags/tutorial.py
[2024-07-07T07:39:56.943+0000] {processor.py:840} INFO - DAG(s) 'tutorial' retrieved from /home/airflow/.local/lib/python3.12/site-packages/airflow/example_dags/tutorial.py
[2024-07-07T07:39:56.973+0000] {logging_mixin.py:188} INFO - [2024-07-07T07:39:56.973+0000] {dag.py:3096} INFO - Sync 1 DAGs
[2024-07-07T07:39:57.006+0000] {logging_mixin.py:188} INFO - [2024-07-07T07:39:57.006+0000] {dag.py:3954} INFO - Setting next_dagrun for tutorial to 2024-07-06 00:00:00+00:00, run_after=2024-07-07 00:00:00+00:00
[2024-07-07T07:39:57.034+0000] {processor.py:183} INFO - Processing /home/airflow/.local/lib/python3.12/site-packages/airflow/example_dags/tutorial.py took 0.114 seconds
[2024-07-07T07:40:27.174+0000] {processor.py:161} INFO - Started process (PID=2896) to work on /home/airflow/.local/lib/python3.12/site-packages/airflow/example_dags/tutorial.py
[2024-07-07T07:40:27.176+0000] {processor.py:830} INFO - Processing file /home/airflow/.local/lib/python3.12/site-packages/airflow/example_dags/tutorial.py for tasks to queue
[2024-07-07T07:40:27.177+0000] {logging_mixin.py:188} INFO - [2024-07-07T07:40:27.177+0000] {dagbag.py:545} INFO - Filling up the DagBag from /home/airflow/.local/lib/python3.12/site-packages/airflow/example_dags/tutorial.py
[2024-07-07T07:40:27.185+0000] {processor.py:840} INFO - DAG(s) 'tutorial' retrieved from /home/airflow/.local/lib/python3.12/site-packages/airflow/example_dags/tutorial.py
[2024-07-07T07:40:27.221+0000] {logging_mixin.py:188} INFO - [2024-07-07T07:40:27.221+0000] {dag.py:3096} INFO - Sync 1 DAGs
[2024-07-07T07:40:27.247+0000] {logging_mixin.py:188} INFO - [2024-07-07T07:40:27.247+0000] {dag.py:3954} INFO - Setting next_dagrun for tutorial to 2024-07-06 00:00:00+00:00, run_after=2024-07-07 00:00:00+00:00
[2024-07-07T07:40:27.270+0000] {processor.py:183} INFO - Processing /home/airflow/.local/lib/python3.12/site-packages/airflow/example_dags/tutorial.py took 0.104 seconds
[2024-07-07T07:40:58.161+0000] {processor.py:161} INFO - Started process (PID=2956) to work on /home/airflow/.local/lib/python3.12/site-packages/airflow/example_dags/tutorial.py
[2024-07-07T07:40:58.162+0000] {processor.py:830} INFO - Processing file /home/airflow/.local/lib/python3.12/site-packages/airflow/example_dags/tutorial.py for tasks to queue
[2024-07-07T07:40:58.164+0000] {logging_mixin.py:188} INFO - [2024-07-07T07:40:58.163+0000] {dagbag.py:545} INFO - Filling up the DagBag from /home/airflow/.local/lib/python3.12/site-packages/airflow/example_dags/tutorial.py
[2024-07-07T07:40:58.176+0000] {processor.py:840} INFO - DAG(s) 'tutorial' retrieved from /home/airflow/.local/lib/python3.12/site-packages/airflow/example_dags/tutorial.py
[2024-07-07T07:40:58.213+0000] {logging_mixin.py:188} INFO - [2024-07-07T07:40:58.213+0000] {dag.py:3096} INFO - Sync 1 DAGs
[2024-07-07T07:40:58.252+0000] {logging_mixin.py:188} INFO - [2024-07-07T07:40:58.252+0000] {dag.py:3954} INFO - Setting next_dagrun for tutorial to 2024-07-06 00:00:00+00:00, run_after=2024-07-07 00:00:00+00:00
[2024-07-07T07:40:58.294+0000] {processor.py:183} INFO - Processing /home/airflow/.local/lib/python3.12/site-packages/airflow/example_dags/tutorial.py took 0.148 seconds
[2024-07-07T07:41:29.932+0000] {processor.py:161} INFO - Started process (PID=3016) to work on /home/airflow/.local/lib/python3.12/site-packages/airflow/example_dags/tutorial.py
[2024-07-07T07:41:29.934+0000] {processor.py:830} INFO - Processing file /home/airflow/.local/lib/python3.12/site-packages/airflow/example_dags/tutorial.py for tasks to queue
[2024-07-07T07:41:29.936+0000] {logging_mixin.py:188} INFO - [2024-07-07T07:41:29.935+0000] {dagbag.py:545} INFO - Filling up the DagBag from /home/airflow/.local/lib/python3.12/site-packages/airflow/example_dags/tutorial.py
[2024-07-07T07:41:29.950+0000] {processor.py:840} INFO - DAG(s) 'tutorial' retrieved from /home/airflow/.local/lib/python3.12/site-packages/airflow/example_dags/tutorial.py
[2024-07-07T07:41:30.004+0000] {logging_mixin.py:188} INFO - [2024-07-07T07:41:30.003+0000] {dag.py:3096} INFO - Sync 1 DAGs
[2024-07-07T07:41:30.075+0000] {logging_mixin.py:188} INFO - [2024-07-07T07:41:30.074+0000] {dag.py:3954} INFO - Setting next_dagrun for tutorial to 2024-07-06 00:00:00+00:00, run_after=2024-07-07 00:00:00+00:00
[2024-07-07T07:41:30.130+0000] {processor.py:183} INFO - Processing /home/airflow/.local/lib/python3.12/site-packages/airflow/example_dags/tutorial.py took 0.211 seconds
[2024-07-07T07:42:01.363+0000] {processor.py:161} INFO - Started process (PID=3076) to work on /home/airflow/.local/lib/python3.12/site-packages/airflow/example_dags/tutorial.py
[2024-07-07T07:42:01.365+0000] {processor.py:830} INFO - Processing file /home/airflow/.local/lib/python3.12/site-packages/airflow/example_dags/tutorial.py for tasks to queue
[2024-07-07T07:42:01.367+0000] {logging_mixin.py:188} INFO - [2024-07-07T07:42:01.367+0000] {dagbag.py:545} INFO - Filling up the DagBag from /home/airflow/.local/lib/python3.12/site-packages/airflow/example_dags/tutorial.py
[2024-07-07T07:42:01.383+0000] {processor.py:840} INFO - DAG(s) 'tutorial' retrieved from /home/airflow/.local/lib/python3.12/site-packages/airflow/example_dags/tutorial.py
[2024-07-07T07:42:01.429+0000] {logging_mixin.py:188} INFO - [2024-07-07T07:42:01.428+0000] {dag.py:3096} INFO - Sync 1 DAGs
[2024-07-07T07:42:01.475+0000] {logging_mixin.py:188} INFO - [2024-07-07T07:42:01.475+0000] {dag.py:3954} INFO - Setting next_dagrun for tutorial to 2024-07-06 00:00:00+00:00, run_after=2024-07-07 00:00:00+00:00
[2024-07-07T07:42:01.511+0000] {processor.py:183} INFO - Processing /home/airflow/.local/lib/python3.12/site-packages/airflow/example_dags/tutorial.py took 0.162 seconds
[2024-07-07T07:42:33.556+0000] {processor.py:161} INFO - Started process (PID=3136) to work on /home/airflow/.local/lib/python3.12/site-packages/airflow/example_dags/tutorial.py
[2024-07-07T07:42:33.558+0000] {processor.py:830} INFO - Processing file /home/airflow/.local/lib/python3.12/site-packages/airflow/example_dags/tutorial.py for tasks to queue
[2024-07-07T07:42:33.561+0000] {logging_mixin.py:188} INFO - [2024-07-07T07:42:33.560+0000] {dagbag.py:545} INFO - Filling up the DagBag from /home/airflow/.local/lib/python3.12/site-packages/airflow/example_dags/tutorial.py
[2024-07-07T07:42:33.583+0000] {processor.py:840} INFO - DAG(s) 'tutorial' retrieved from /home/airflow/.local/lib/python3.12/site-packages/airflow/example_dags/tutorial.py
[2024-07-07T07:42:33.643+0000] {logging_mixin.py:188} INFO - [2024-07-07T07:42:33.642+0000] {dag.py:3096} INFO - Sync 1 DAGs
[2024-07-07T07:42:33.711+0000] {logging_mixin.py:188} INFO - [2024-07-07T07:42:33.711+0000] {dag.py:3954} INFO - Setting next_dagrun for tutorial to 2024-07-06 00:00:00+00:00, run_after=2024-07-07 00:00:00+00:00
[2024-07-07T07:42:33.794+0000] {processor.py:183} INFO - Processing /home/airflow/.local/lib/python3.12/site-packages/airflow/example_dags/tutorial.py took 0.255 seconds
[2024-07-07T07:43:04.282+0000] {processor.py:161} INFO - Started process (PID=3194) to work on /home/airflow/.local/lib/python3.12/site-packages/airflow/example_dags/tutorial.py
[2024-07-07T07:43:04.286+0000] {processor.py:830} INFO - Processing file /home/airflow/.local/lib/python3.12/site-packages/airflow/example_dags/tutorial.py for tasks to queue
[2024-07-07T07:43:04.289+0000] {logging_mixin.py:188} INFO - [2024-07-07T07:43:04.288+0000] {dagbag.py:545} INFO - Filling up the DagBag from /home/airflow/.local/lib/python3.12/site-packages/airflow/example_dags/tutorial.py
[2024-07-07T07:43:04.306+0000] {processor.py:840} INFO - DAG(s) 'tutorial' retrieved from /home/airflow/.local/lib/python3.12/site-packages/airflow/example_dags/tutorial.py
[2024-07-07T07:43:04.351+0000] {logging_mixin.py:188} INFO - [2024-07-07T07:43:04.350+0000] {dag.py:3096} INFO - Sync 1 DAGs
[2024-07-07T07:43:04.399+0000] {logging_mixin.py:188} INFO - [2024-07-07T07:43:04.398+0000] {dag.py:3954} INFO - Setting next_dagrun for tutorial to 2024-07-06 00:00:00+00:00, run_after=2024-07-07 00:00:00+00:00
[2024-07-07T07:43:04.439+0000] {processor.py:183} INFO - Processing /home/airflow/.local/lib/python3.12/site-packages/airflow/example_dags/tutorial.py took 0.196 seconds
[2024-07-07T07:43:35.126+0000] {processor.py:161} INFO - Started process (PID=3254) to work on /home/airflow/.local/lib/python3.12/site-packages/airflow/example_dags/tutorial.py
[2024-07-07T07:43:35.131+0000] {processor.py:830} INFO - Processing file /home/airflow/.local/lib/python3.12/site-packages/airflow/example_dags/tutorial.py for tasks to queue
[2024-07-07T07:43:35.137+0000] {logging_mixin.py:188} INFO - [2024-07-07T07:43:35.135+0000] {dagbag.py:545} INFO - Filling up the DagBag from /home/airflow/.local/lib/python3.12/site-packages/airflow/example_dags/tutorial.py
[2024-07-07T07:43:35.174+0000] {processor.py:840} INFO - DAG(s) 'tutorial' retrieved from /home/airflow/.local/lib/python3.12/site-packages/airflow/example_dags/tutorial.py
[2024-07-07T07:43:35.290+0000] {logging_mixin.py:188} INFO - [2024-07-07T07:43:35.289+0000] {dag.py:3096} INFO - Sync 1 DAGs
[2024-07-07T07:43:35.386+0000] {logging_mixin.py:188} INFO - [2024-07-07T07:43:35.386+0000] {dag.py:3954} INFO - Setting next_dagrun for tutorial to 2024-07-06 00:00:00+00:00, run_after=2024-07-07 00:00:00+00:00
[2024-07-07T07:43:35.421+0000] {processor.py:183} INFO - Processing /home/airflow/.local/lib/python3.12/site-packages/airflow/example_dags/tutorial.py took 0.329 seconds
[2024-07-07T07:44:05.932+0000] {processor.py:161} INFO - Started process (PID=3314) to work on /home/airflow/.local/lib/python3.12/site-packages/airflow/example_dags/tutorial.py
[2024-07-07T07:44:05.934+0000] {processor.py:830} INFO - Processing file /home/airflow/.local/lib/python3.12/site-packages/airflow/example_dags/tutorial.py for tasks to queue
[2024-07-07T07:44:05.937+0000] {logging_mixin.py:188} INFO - [2024-07-07T07:44:05.936+0000] {dagbag.py:545} INFO - Filling up the DagBag from /home/airflow/.local/lib/python3.12/site-packages/airflow/example_dags/tutorial.py
[2024-07-07T07:44:05.952+0000] {processor.py:840} INFO - DAG(s) 'tutorial' retrieved from /home/airflow/.local/lib/python3.12/site-packages/airflow/example_dags/tutorial.py
[2024-07-07T07:44:06.001+0000] {logging_mixin.py:188} INFO - [2024-07-07T07:44:06.001+0000] {dag.py:3096} INFO - Sync 1 DAGs
[2024-07-07T07:44:06.057+0000] {logging_mixin.py:188} INFO - [2024-07-07T07:44:06.057+0000] {dag.py:3954} INFO - Setting next_dagrun for tutorial to 2024-07-06 00:00:00+00:00, run_after=2024-07-07 00:00:00+00:00
[2024-07-07T07:44:06.102+0000] {processor.py:183} INFO - Processing /home/airflow/.local/lib/python3.12/site-packages/airflow/example_dags/tutorial.py took 0.184 seconds
[2024-07-07T07:44:36.517+0000] {processor.py:161} INFO - Started process (PID=3374) to work on /home/airflow/.local/lib/python3.12/site-packages/airflow/example_dags/tutorial.py
[2024-07-07T07:44:36.520+0000] {processor.py:830} INFO - Processing file /home/airflow/.local/lib/python3.12/site-packages/airflow/example_dags/tutorial.py for tasks to queue
[2024-07-07T07:44:36.524+0000] {logging_mixin.py:188} INFO - [2024-07-07T07:44:36.522+0000] {dagbag.py:545} INFO - Filling up the DagBag from /home/airflow/.local/lib/python3.12/site-packages/airflow/example_dags/tutorial.py
[2024-07-07T07:44:36.545+0000] {processor.py:840} INFO - DAG(s) 'tutorial' retrieved from /home/airflow/.local/lib/python3.12/site-packages/airflow/example_dags/tutorial.py
[2024-07-07T07:44:36.618+0000] {logging_mixin.py:188} INFO - [2024-07-07T07:44:36.618+0000] {dag.py:3096} INFO - Sync 1 DAGs
[2024-07-07T07:44:36.697+0000] {logging_mixin.py:188} INFO - [2024-07-07T07:44:36.696+0000] {dag.py:3954} INFO - Setting next_dagrun for tutorial to 2024-07-06 00:00:00+00:00, run_after=2024-07-07 00:00:00+00:00
[2024-07-07T07:44:36.773+0000] {processor.py:183} INFO - Processing /home/airflow/.local/lib/python3.12/site-packages/airflow/example_dags/tutorial.py took 0.281 seconds
[2024-07-07T07:45:07.345+0000] {processor.py:161} INFO - Started process (PID=3434) to work on /home/airflow/.local/lib/python3.12/site-packages/airflow/example_dags/tutorial.py
[2024-07-07T07:45:07.347+0000] {processor.py:830} INFO - Processing file /home/airflow/.local/lib/python3.12/site-packages/airflow/example_dags/tutorial.py for tasks to queue
[2024-07-07T07:45:07.350+0000] {logging_mixin.py:188} INFO - [2024-07-07T07:45:07.349+0000] {dagbag.py:545} INFO - Filling up the DagBag from /home/airflow/.local/lib/python3.12/site-packages/airflow/example_dags/tutorial.py
[2024-07-07T07:45:07.364+0000] {processor.py:840} INFO - DAG(s) 'tutorial' retrieved from /home/airflow/.local/lib/python3.12/site-packages/airflow/example_dags/tutorial.py
[2024-07-07T07:45:07.410+0000] {logging_mixin.py:188} INFO - [2024-07-07T07:45:07.410+0000] {dag.py:3096} INFO - Sync 1 DAGs
[2024-07-07T07:45:07.458+0000] {logging_mixin.py:188} INFO - [2024-07-07T07:45:07.457+0000] {dag.py:3954} INFO - Setting next_dagrun for tutorial to 2024-07-06 00:00:00+00:00, run_after=2024-07-07 00:00:00+00:00
[2024-07-07T07:45:07.528+0000] {processor.py:183} INFO - Processing /home/airflow/.local/lib/python3.12/site-packages/airflow/example_dags/tutorial.py took 0.199 seconds
[2024-07-07T07:45:38.610+0000] {processor.py:161} INFO - Started process (PID=3493) to work on /home/airflow/.local/lib/python3.12/site-packages/airflow/example_dags/tutorial.py
[2024-07-07T07:45:38.613+0000] {processor.py:830} INFO - Processing file /home/airflow/.local/lib/python3.12/site-packages/airflow/example_dags/tutorial.py for tasks to queue
[2024-07-07T07:45:38.616+0000] {logging_mixin.py:188} INFO - [2024-07-07T07:45:38.615+0000] {dagbag.py:545} INFO - Filling up the DagBag from /home/airflow/.local/lib/python3.12/site-packages/airflow/example_dags/tutorial.py
[2024-07-07T07:45:38.636+0000] {processor.py:840} INFO - DAG(s) 'tutorial' retrieved from /home/airflow/.local/lib/python3.12/site-packages/airflow/example_dags/tutorial.py
[2024-07-07T07:45:38.692+0000] {logging_mixin.py:188} INFO - [2024-07-07T07:45:38.692+0000] {dag.py:3096} INFO - Sync 1 DAGs
[2024-07-07T07:45:38.758+0000] {logging_mixin.py:188} INFO - [2024-07-07T07:45:38.757+0000] {dag.py:3954} INFO - Setting next_dagrun for tutorial to 2024-07-06 00:00:00+00:00, run_after=2024-07-07 00:00:00+00:00
[2024-07-07T07:45:38.827+0000] {processor.py:183} INFO - Processing /home/airflow/.local/lib/python3.12/site-packages/airflow/example_dags/tutorial.py took 0.241 seconds
[2024-07-07T07:46:09.411+0000] {processor.py:161} INFO - Started process (PID=3553) to work on /home/airflow/.local/lib/python3.12/site-packages/airflow/example_dags/tutorial.py
[2024-07-07T07:46:09.413+0000] {processor.py:830} INFO - Processing file /home/airflow/.local/lib/python3.12/site-packages/airflow/example_dags/tutorial.py for tasks to queue
[2024-07-07T07:46:09.415+0000] {logging_mixin.py:188} INFO - [2024-07-07T07:46:09.414+0000] {dagbag.py:545} INFO - Filling up the DagBag from /home/airflow/.local/lib/python3.12/site-packages/airflow/example_dags/tutorial.py
[2024-07-07T07:46:09.430+0000] {processor.py:840} INFO - DAG(s) 'tutorial' retrieved from /home/airflow/.local/lib/python3.12/site-packages/airflow/example_dags/tutorial.py
[2024-07-07T07:46:09.466+0000] {logging_mixin.py:188} INFO - [2024-07-07T07:46:09.465+0000] {dag.py:3096} INFO - Sync 1 DAGs
[2024-07-07T07:46:09.503+0000] {logging_mixin.py:188} INFO - [2024-07-07T07:46:09.503+0000] {dag.py:3954} INFO - Setting next_dagrun for tutorial to 2024-07-06 00:00:00+00:00, run_after=2024-07-07 00:00:00+00:00
[2024-07-07T07:46:09.541+0000] {processor.py:183} INFO - Processing /home/airflow/.local/lib/python3.12/site-packages/airflow/example_dags/tutorial.py took 0.144 seconds
[2024-07-07T07:46:39.710+0000] {processor.py:161} INFO - Started process (PID=3613) to work on /home/airflow/.local/lib/python3.12/site-packages/airflow/example_dags/tutorial.py
[2024-07-07T07:46:39.712+0000] {processor.py:830} INFO - Processing file /home/airflow/.local/lib/python3.12/site-packages/airflow/example_dags/tutorial.py for tasks to queue
[2024-07-07T07:46:39.714+0000] {logging_mixin.py:188} INFO - [2024-07-07T07:46:39.713+0000] {dagbag.py:545} INFO - Filling up the DagBag from /home/airflow/.local/lib/python3.12/site-packages/airflow/example_dags/tutorial.py
[2024-07-07T07:46:39.730+0000] {processor.py:840} INFO - DAG(s) 'tutorial' retrieved from /home/airflow/.local/lib/python3.12/site-packages/airflow/example_dags/tutorial.py
[2024-07-07T07:46:39.776+0000] {logging_mixin.py:188} INFO - [2024-07-07T07:46:39.775+0000] {dag.py:3096} INFO - Sync 1 DAGs
[2024-07-07T07:46:39.829+0000] {logging_mixin.py:188} INFO - [2024-07-07T07:46:39.829+0000] {dag.py:3954} INFO - Setting next_dagrun for tutorial to 2024-07-06 00:00:00+00:00, run_after=2024-07-07 00:00:00+00:00
[2024-07-07T07:46:39.877+0000] {processor.py:183} INFO - Processing /home/airflow/.local/lib/python3.12/site-packages/airflow/example_dags/tutorial.py took 0.177 seconds
[2024-07-07T07:47:10.046+0000] {processor.py:161} INFO - Started process (PID=3674) to work on /home/airflow/.local/lib/python3.12/site-packages/airflow/example_dags/tutorial.py
[2024-07-07T07:47:10.048+0000] {processor.py:830} INFO - Processing file /home/airflow/.local/lib/python3.12/site-packages/airflow/example_dags/tutorial.py for tasks to queue
[2024-07-07T07:47:10.051+0000] {logging_mixin.py:188} INFO - [2024-07-07T07:47:10.050+0000] {dagbag.py:545} INFO - Filling up the DagBag from /home/airflow/.local/lib/python3.12/site-packages/airflow/example_dags/tutorial.py
[2024-07-07T07:47:10.062+0000] {processor.py:840} INFO - DAG(s) 'tutorial' retrieved from /home/airflow/.local/lib/python3.12/site-packages/airflow/example_dags/tutorial.py
[2024-07-07T07:47:10.099+0000] {logging_mixin.py:188} INFO - [2024-07-07T07:47:10.099+0000] {dag.py:3096} INFO - Sync 1 DAGs
[2024-07-07T07:47:10.143+0000] {logging_mixin.py:188} INFO - [2024-07-07T07:47:10.142+0000] {dag.py:3954} INFO - Setting next_dagrun for tutorial to 2024-07-06 00:00:00+00:00, run_after=2024-07-07 00:00:00+00:00
[2024-07-07T07:47:10.185+0000] {processor.py:183} INFO - Processing /home/airflow/.local/lib/python3.12/site-packages/airflow/example_dags/tutorial.py took 0.150 seconds
[2024-07-07T07:47:40.674+0000] {processor.py:161} INFO - Started process (PID=3734) to work on /home/airflow/.local/lib/python3.12/site-packages/airflow/example_dags/tutorial.py
[2024-07-07T07:47:40.680+0000] {processor.py:830} INFO - Processing file /home/airflow/.local/lib/python3.12/site-packages/airflow/example_dags/tutorial.py for tasks to queue
[2024-07-07T07:47:40.686+0000] {logging_mixin.py:188} INFO - [2024-07-07T07:47:40.684+0000] {dagbag.py:545} INFO - Filling up the DagBag from /home/airflow/.local/lib/python3.12/site-packages/airflow/example_dags/tutorial.py
[2024-07-07T07:47:40.717+0000] {processor.py:840} INFO - DAG(s) 'tutorial' retrieved from /home/airflow/.local/lib/python3.12/site-packages/airflow/example_dags/tutorial.py
[2024-07-07T07:47:40.763+0000] {logging_mixin.py:188} INFO - [2024-07-07T07:47:40.762+0000] {dag.py:3096} INFO - Sync 1 DAGs
[2024-07-07T07:47:40.811+0000] {logging_mixin.py:188} INFO - [2024-07-07T07:47:40.810+0000] {dag.py:3954} INFO - Setting next_dagrun for tutorial to 2024-07-06 00:00:00+00:00, run_after=2024-07-07 00:00:00+00:00
[2024-07-07T07:47:40.851+0000] {processor.py:183} INFO - Processing /home/airflow/.local/lib/python3.12/site-packages/airflow/example_dags/tutorial.py took 0.214 seconds
[2024-07-07T07:48:11.450+0000] {processor.py:161} INFO - Started process (PID=3794) to work on /home/airflow/.local/lib/python3.12/site-packages/airflow/example_dags/tutorial.py
[2024-07-07T07:48:11.457+0000] {processor.py:830} INFO - Processing file /home/airflow/.local/lib/python3.12/site-packages/airflow/example_dags/tutorial.py for tasks to queue
[2024-07-07T07:48:11.475+0000] {logging_mixin.py:188} INFO - [2024-07-07T07:48:11.465+0000] {dagbag.py:545} INFO - Filling up the DagBag from /home/airflow/.local/lib/python3.12/site-packages/airflow/example_dags/tutorial.py
[2024-07-07T07:48:11.525+0000] {processor.py:840} INFO - DAG(s) 'tutorial' retrieved from /home/airflow/.local/lib/python3.12/site-packages/airflow/example_dags/tutorial.py
[2024-07-07T07:48:11.562+0000] {logging_mixin.py:188} INFO - [2024-07-07T07:48:11.561+0000] {dag.py:3096} INFO - Sync 1 DAGs
[2024-07-07T07:48:11.600+0000] {logging_mixin.py:188} INFO - [2024-07-07T07:48:11.599+0000] {dag.py:3954} INFO - Setting next_dagrun for tutorial to 2024-07-06 00:00:00+00:00, run_after=2024-07-07 00:00:00+00:00
[2024-07-07T07:48:11.631+0000] {processor.py:183} INFO - Processing /home/airflow/.local/lib/python3.12/site-packages/airflow/example_dags/tutorial.py took 0.223 seconds
[2024-07-07T07:48:42.347+0000] {processor.py:161} INFO - Started process (PID=3854) to work on /home/airflow/.local/lib/python3.12/site-packages/airflow/example_dags/tutorial.py
[2024-07-07T07:48:42.353+0000] {processor.py:830} INFO - Processing file /home/airflow/.local/lib/python3.12/site-packages/airflow/example_dags/tutorial.py for tasks to queue
[2024-07-07T07:48:42.361+0000] {logging_mixin.py:188} INFO - [2024-07-07T07:48:42.359+0000] {dagbag.py:545} INFO - Filling up the DagBag from /home/airflow/.local/lib/python3.12/site-packages/airflow/example_dags/tutorial.py
[2024-07-07T07:48:42.422+0000] {processor.py:840} INFO - DAG(s) 'tutorial' retrieved from /home/airflow/.local/lib/python3.12/site-packages/airflow/example_dags/tutorial.py
[2024-07-07T07:48:42.499+0000] {logging_mixin.py:188} INFO - [2024-07-07T07:48:42.499+0000] {dag.py:3096} INFO - Sync 1 DAGs
[2024-07-07T07:48:42.534+0000] {logging_mixin.py:188} INFO - [2024-07-07T07:48:42.534+0000] {dag.py:3954} INFO - Setting next_dagrun for tutorial to 2024-07-06 00:00:00+00:00, run_after=2024-07-07 00:00:00+00:00
[2024-07-07T07:48:42.595+0000] {processor.py:183} INFO - Processing /home/airflow/.local/lib/python3.12/site-packages/airflow/example_dags/tutorial.py took 0.281 seconds
[2024-07-07T07:49:12.922+0000] {processor.py:161} INFO - Started process (PID=3914) to work on /home/airflow/.local/lib/python3.12/site-packages/airflow/example_dags/tutorial.py
[2024-07-07T07:49:12.930+0000] {processor.py:830} INFO - Processing file /home/airflow/.local/lib/python3.12/site-packages/airflow/example_dags/tutorial.py for tasks to queue
[2024-07-07T07:49:12.945+0000] {logging_mixin.py:188} INFO - [2024-07-07T07:49:12.943+0000] {dagbag.py:545} INFO - Filling up the DagBag from /home/airflow/.local/lib/python3.12/site-packages/airflow/example_dags/tutorial.py
[2024-07-07T07:49:12.988+0000] {processor.py:840} INFO - DAG(s) 'tutorial' retrieved from /home/airflow/.local/lib/python3.12/site-packages/airflow/example_dags/tutorial.py
[2024-07-07T07:49:13.112+0000] {logging_mixin.py:188} INFO - [2024-07-07T07:49:13.111+0000] {dag.py:3096} INFO - Sync 1 DAGs
[2024-07-07T07:49:13.176+0000] {logging_mixin.py:188} INFO - [2024-07-07T07:49:13.175+0000] {dag.py:3954} INFO - Setting next_dagrun for tutorial to 2024-07-06 00:00:00+00:00, run_after=2024-07-07 00:00:00+00:00
[2024-07-07T07:49:13.242+0000] {processor.py:183} INFO - Processing /home/airflow/.local/lib/python3.12/site-packages/airflow/example_dags/tutorial.py took 0.357 seconds
[2024-07-07T07:49:44.289+0000] {processor.py:161} INFO - Started process (PID=3974) to work on /home/airflow/.local/lib/python3.12/site-packages/airflow/example_dags/tutorial.py
[2024-07-07T07:49:44.291+0000] {processor.py:830} INFO - Processing file /home/airflow/.local/lib/python3.12/site-packages/airflow/example_dags/tutorial.py for tasks to queue
[2024-07-07T07:49:44.293+0000] {logging_mixin.py:188} INFO - [2024-07-07T07:49:44.293+0000] {dagbag.py:545} INFO - Filling up the DagBag from /home/airflow/.local/lib/python3.12/site-packages/airflow/example_dags/tutorial.py
[2024-07-07T07:49:44.306+0000] {processor.py:840} INFO - DAG(s) 'tutorial' retrieved from /home/airflow/.local/lib/python3.12/site-packages/airflow/example_dags/tutorial.py
[2024-07-07T07:49:44.341+0000] {logging_mixin.py:188} INFO - [2024-07-07T07:49:44.340+0000] {dag.py:3096} INFO - Sync 1 DAGs
[2024-07-07T07:49:44.374+0000] {logging_mixin.py:188} INFO - [2024-07-07T07:49:44.374+0000] {dag.py:3954} INFO - Setting next_dagrun for tutorial to 2024-07-06 00:00:00+00:00, run_after=2024-07-07 00:00:00+00:00
[2024-07-07T07:49:44.412+0000] {processor.py:183} INFO - Processing /home/airflow/.local/lib/python3.12/site-packages/airflow/example_dags/tutorial.py took 0.136 seconds
[2024-07-07T07:50:14.848+0000] {processor.py:161} INFO - Started process (PID=4034) to work on /home/airflow/.local/lib/python3.12/site-packages/airflow/example_dags/tutorial.py
[2024-07-07T07:50:14.852+0000] {processor.py:830} INFO - Processing file /home/airflow/.local/lib/python3.12/site-packages/airflow/example_dags/tutorial.py for tasks to queue
[2024-07-07T07:50:14.857+0000] {logging_mixin.py:188} INFO - [2024-07-07T07:50:14.856+0000] {dagbag.py:545} INFO - Filling up the DagBag from /home/airflow/.local/lib/python3.12/site-packages/airflow/example_dags/tutorial.py
[2024-07-07T07:50:14.882+0000] {processor.py:840} INFO - DAG(s) 'tutorial' retrieved from /home/airflow/.local/lib/python3.12/site-packages/airflow/example_dags/tutorial.py
[2024-07-07T07:50:14.978+0000] {logging_mixin.py:188} INFO - [2024-07-07T07:50:14.977+0000] {dag.py:3096} INFO - Sync 1 DAGs
[2024-07-07T07:50:15.052+0000] {logging_mixin.py:188} INFO - [2024-07-07T07:50:15.052+0000] {dag.py:3954} INFO - Setting next_dagrun for tutorial to 2024-07-06 00:00:00+00:00, run_after=2024-07-07 00:00:00+00:00
[2024-07-07T07:50:15.104+0000] {processor.py:183} INFO - Processing /home/airflow/.local/lib/python3.12/site-packages/airflow/example_dags/tutorial.py took 0.279 seconds
[2024-07-07T07:50:45.701+0000] {processor.py:161} INFO - Started process (PID=4094) to work on /home/airflow/.local/lib/python3.12/site-packages/airflow/example_dags/tutorial.py
[2024-07-07T07:50:45.702+0000] {processor.py:830} INFO - Processing file /home/airflow/.local/lib/python3.12/site-packages/airflow/example_dags/tutorial.py for tasks to queue
[2024-07-07T07:50:45.704+0000] {logging_mixin.py:188} INFO - [2024-07-07T07:50:45.703+0000] {dagbag.py:545} INFO - Filling up the DagBag from /home/airflow/.local/lib/python3.12/site-packages/airflow/example_dags/tutorial.py
[2024-07-07T07:50:45.713+0000] {processor.py:840} INFO - DAG(s) 'tutorial' retrieved from /home/airflow/.local/lib/python3.12/site-packages/airflow/example_dags/tutorial.py
[2024-07-07T07:50:45.740+0000] {logging_mixin.py:188} INFO - [2024-07-07T07:50:45.740+0000] {dag.py:3096} INFO - Sync 1 DAGs
[2024-07-07T07:50:45.767+0000] {logging_mixin.py:188} INFO - [2024-07-07T07:50:45.767+0000] {dag.py:3954} INFO - Setting next_dagrun for tutorial to 2024-07-06 00:00:00+00:00, run_after=2024-07-07 00:00:00+00:00
[2024-07-07T07:50:45.803+0000] {processor.py:183} INFO - Processing /home/airflow/.local/lib/python3.12/site-packages/airflow/example_dags/tutorial.py took 0.114 seconds
[2024-07-07T07:51:15.974+0000] {processor.py:161} INFO - Started process (PID=4152) to work on /home/airflow/.local/lib/python3.12/site-packages/airflow/example_dags/tutorial.py
[2024-07-07T07:51:15.977+0000] {processor.py:830} INFO - Processing file /home/airflow/.local/lib/python3.12/site-packages/airflow/example_dags/tutorial.py for tasks to queue
[2024-07-07T07:51:15.980+0000] {logging_mixin.py:188} INFO - [2024-07-07T07:51:15.980+0000] {dagbag.py:545} INFO - Filling up the DagBag from /home/airflow/.local/lib/python3.12/site-packages/airflow/example_dags/tutorial.py
[2024-07-07T07:51:15.997+0000] {processor.py:840} INFO - DAG(s) 'tutorial' retrieved from /home/airflow/.local/lib/python3.12/site-packages/airflow/example_dags/tutorial.py
[2024-07-07T07:51:16.028+0000] {logging_mixin.py:188} INFO - [2024-07-07T07:51:16.028+0000] {dag.py:3096} INFO - Sync 1 DAGs
[2024-07-07T07:51:16.057+0000] {logging_mixin.py:188} INFO - [2024-07-07T07:51:16.056+0000] {dag.py:3954} INFO - Setting next_dagrun for tutorial to 2024-07-06 00:00:00+00:00, run_after=2024-07-07 00:00:00+00:00
[2024-07-07T07:51:16.081+0000] {processor.py:183} INFO - Processing /home/airflow/.local/lib/python3.12/site-packages/airflow/example_dags/tutorial.py took 0.118 seconds
[2024-07-07T07:51:46.639+0000] {processor.py:161} INFO - Started process (PID=4212) to work on /home/airflow/.local/lib/python3.12/site-packages/airflow/example_dags/tutorial.py
[2024-07-07T07:51:46.641+0000] {processor.py:830} INFO - Processing file /home/airflow/.local/lib/python3.12/site-packages/airflow/example_dags/tutorial.py for tasks to queue
[2024-07-07T07:51:46.643+0000] {logging_mixin.py:188} INFO - [2024-07-07T07:51:46.642+0000] {dagbag.py:545} INFO - Filling up the DagBag from /home/airflow/.local/lib/python3.12/site-packages/airflow/example_dags/tutorial.py
[2024-07-07T07:51:46.653+0000] {processor.py:840} INFO - DAG(s) 'tutorial' retrieved from /home/airflow/.local/lib/python3.12/site-packages/airflow/example_dags/tutorial.py
[2024-07-07T07:51:46.684+0000] {logging_mixin.py:188} INFO - [2024-07-07T07:51:46.683+0000] {dag.py:3096} INFO - Sync 1 DAGs
[2024-07-07T07:51:46.717+0000] {logging_mixin.py:188} INFO - [2024-07-07T07:51:46.717+0000] {dag.py:3954} INFO - Setting next_dagrun for tutorial to 2024-07-06 00:00:00+00:00, run_after=2024-07-07 00:00:00+00:00
[2024-07-07T07:51:46.766+0000] {processor.py:183} INFO - Processing /home/airflow/.local/lib/python3.12/site-packages/airflow/example_dags/tutorial.py took 0.140 seconds
[2024-07-07T07:52:16.867+0000] {processor.py:161} INFO - Started process (PID=4272) to work on /home/airflow/.local/lib/python3.12/site-packages/airflow/example_dags/tutorial.py
[2024-07-07T07:52:16.869+0000] {processor.py:830} INFO - Processing file /home/airflow/.local/lib/python3.12/site-packages/airflow/example_dags/tutorial.py for tasks to queue
[2024-07-07T07:52:16.870+0000] {logging_mixin.py:188} INFO - [2024-07-07T07:52:16.870+0000] {dagbag.py:545} INFO - Filling up the DagBag from /home/airflow/.local/lib/python3.12/site-packages/airflow/example_dags/tutorial.py
[2024-07-07T07:52:16.880+0000] {processor.py:840} INFO - DAG(s) 'tutorial' retrieved from /home/airflow/.local/lib/python3.12/site-packages/airflow/example_dags/tutorial.py
[2024-07-07T07:52:16.912+0000] {logging_mixin.py:188} INFO - [2024-07-07T07:52:16.912+0000] {dag.py:3096} INFO - Sync 1 DAGs
[2024-07-07T07:52:16.969+0000] {logging_mixin.py:188} INFO - [2024-07-07T07:52:16.968+0000] {dag.py:3954} INFO - Setting next_dagrun for tutorial to 2024-07-06 00:00:00+00:00, run_after=2024-07-07 00:00:00+00:00
[2024-07-07T07:52:17.008+0000] {processor.py:183} INFO - Processing /home/airflow/.local/lib/python3.12/site-packages/airflow/example_dags/tutorial.py took 0.151 seconds
[2024-07-07T07:52:47.092+0000] {processor.py:161} INFO - Started process (PID=4330) to work on /home/airflow/.local/lib/python3.12/site-packages/airflow/example_dags/tutorial.py
[2024-07-07T07:52:47.094+0000] {processor.py:830} INFO - Processing file /home/airflow/.local/lib/python3.12/site-packages/airflow/example_dags/tutorial.py for tasks to queue
[2024-07-07T07:52:47.096+0000] {logging_mixin.py:188} INFO - [2024-07-07T07:52:47.095+0000] {dagbag.py:545} INFO - Filling up the DagBag from /home/airflow/.local/lib/python3.12/site-packages/airflow/example_dags/tutorial.py
[2024-07-07T07:52:47.107+0000] {processor.py:840} INFO - DAG(s) 'tutorial' retrieved from /home/airflow/.local/lib/python3.12/site-packages/airflow/example_dags/tutorial.py
[2024-07-07T07:52:47.135+0000] {logging_mixin.py:188} INFO - [2024-07-07T07:52:47.135+0000] {dag.py:3096} INFO - Sync 1 DAGs
[2024-07-07T07:52:47.165+0000] {logging_mixin.py:188} INFO - [2024-07-07T07:52:47.164+0000] {dag.py:3954} INFO - Setting next_dagrun for tutorial to 2024-07-06 00:00:00+00:00, run_after=2024-07-07 00:00:00+00:00
[2024-07-07T07:52:47.198+0000] {processor.py:183} INFO - Processing /home/airflow/.local/lib/python3.12/site-packages/airflow/example_dags/tutorial.py took 0.116 seconds
[2024-07-07T07:53:17.629+0000] {processor.py:161} INFO - Started process (PID=4390) to work on /home/airflow/.local/lib/python3.12/site-packages/airflow/example_dags/tutorial.py
[2024-07-07T07:53:17.631+0000] {processor.py:830} INFO - Processing file /home/airflow/.local/lib/python3.12/site-packages/airflow/example_dags/tutorial.py for tasks to queue
[2024-07-07T07:53:17.633+0000] {logging_mixin.py:188} INFO - [2024-07-07T07:53:17.632+0000] {dagbag.py:545} INFO - Filling up the DagBag from /home/airflow/.local/lib/python3.12/site-packages/airflow/example_dags/tutorial.py
[2024-07-07T07:53:17.645+0000] {processor.py:840} INFO - DAG(s) 'tutorial' retrieved from /home/airflow/.local/lib/python3.12/site-packages/airflow/example_dags/tutorial.py
[2024-07-07T07:53:17.676+0000] {logging_mixin.py:188} INFO - [2024-07-07T07:53:17.676+0000] {dag.py:3096} INFO - Sync 1 DAGs
[2024-07-07T07:53:17.706+0000] {logging_mixin.py:188} INFO - [2024-07-07T07:53:17.706+0000] {dag.py:3954} INFO - Setting next_dagrun for tutorial to 2024-07-06 00:00:00+00:00, run_after=2024-07-07 00:00:00+00:00
[2024-07-07T07:53:17.748+0000] {processor.py:183} INFO - Processing /home/airflow/.local/lib/python3.12/site-packages/airflow/example_dags/tutorial.py took 0.130 seconds
[2024-07-07T07:53:48.033+0000] {processor.py:161} INFO - Started process (PID=4450) to work on /home/airflow/.local/lib/python3.12/site-packages/airflow/example_dags/tutorial.py
[2024-07-07T07:53:48.035+0000] {processor.py:830} INFO - Processing file /home/airflow/.local/lib/python3.12/site-packages/airflow/example_dags/tutorial.py for tasks to queue
[2024-07-07T07:53:48.036+0000] {logging_mixin.py:188} INFO - [2024-07-07T07:53:48.036+0000] {dagbag.py:545} INFO - Filling up the DagBag from /home/airflow/.local/lib/python3.12/site-packages/airflow/example_dags/tutorial.py
[2024-07-07T07:53:48.046+0000] {processor.py:840} INFO - DAG(s) 'tutorial' retrieved from /home/airflow/.local/lib/python3.12/site-packages/airflow/example_dags/tutorial.py
[2024-07-07T07:53:48.075+0000] {logging_mixin.py:188} INFO - [2024-07-07T07:53:48.075+0000] {dag.py:3096} INFO - Sync 1 DAGs
[2024-07-07T07:53:48.105+0000] {logging_mixin.py:188} INFO - [2024-07-07T07:53:48.105+0000] {dag.py:3954} INFO - Setting next_dagrun for tutorial to 2024-07-06 00:00:00+00:00, run_after=2024-07-07 00:00:00+00:00
[2024-07-07T07:53:48.155+0000] {processor.py:183} INFO - Processing /home/airflow/.local/lib/python3.12/site-packages/airflow/example_dags/tutorial.py took 0.131 seconds
[2024-07-07T07:54:18.827+0000] {processor.py:161} INFO - Started process (PID=4510) to work on /home/airflow/.local/lib/python3.12/site-packages/airflow/example_dags/tutorial.py
[2024-07-07T07:54:18.828+0000] {processor.py:830} INFO - Processing file /home/airflow/.local/lib/python3.12/site-packages/airflow/example_dags/tutorial.py for tasks to queue
[2024-07-07T07:54:18.830+0000] {logging_mixin.py:188} INFO - [2024-07-07T07:54:18.829+0000] {dagbag.py:545} INFO - Filling up the DagBag from /home/airflow/.local/lib/python3.12/site-packages/airflow/example_dags/tutorial.py
[2024-07-07T07:54:18.839+0000] {processor.py:840} INFO - DAG(s) 'tutorial' retrieved from /home/airflow/.local/lib/python3.12/site-packages/airflow/example_dags/tutorial.py
[2024-07-07T07:54:18.867+0000] {logging_mixin.py:188} INFO - [2024-07-07T07:54:18.867+0000] {dag.py:3096} INFO - Sync 1 DAGs
[2024-07-07T07:54:18.898+0000] {logging_mixin.py:188} INFO - [2024-07-07T07:54:18.898+0000] {dag.py:3954} INFO - Setting next_dagrun for tutorial to 2024-07-06 00:00:00+00:00, run_after=2024-07-07 00:00:00+00:00
[2024-07-07T07:54:18.932+0000] {processor.py:183} INFO - Processing /home/airflow/.local/lib/python3.12/site-packages/airflow/example_dags/tutorial.py took 0.115 seconds
[2024-07-07T07:54:49.437+0000] {processor.py:161} INFO - Started process (PID=4570) to work on /home/airflow/.local/lib/python3.12/site-packages/airflow/example_dags/tutorial.py
[2024-07-07T07:54:49.439+0000] {processor.py:830} INFO - Processing file /home/airflow/.local/lib/python3.12/site-packages/airflow/example_dags/tutorial.py for tasks to queue
[2024-07-07T07:54:49.442+0000] {logging_mixin.py:188} INFO - [2024-07-07T07:54:49.441+0000] {dagbag.py:545} INFO - Filling up the DagBag from /home/airflow/.local/lib/python3.12/site-packages/airflow/example_dags/tutorial.py
[2024-07-07T07:54:49.453+0000] {processor.py:840} INFO - DAG(s) 'tutorial' retrieved from /home/airflow/.local/lib/python3.12/site-packages/airflow/example_dags/tutorial.py
[2024-07-07T07:54:49.482+0000] {logging_mixin.py:188} INFO - [2024-07-07T07:54:49.481+0000] {dag.py:3096} INFO - Sync 1 DAGs
[2024-07-07T07:54:49.508+0000] {logging_mixin.py:188} INFO - [2024-07-07T07:54:49.508+0000] {dag.py:3954} INFO - Setting next_dagrun for tutorial to 2024-07-06 00:00:00+00:00, run_after=2024-07-07 00:00:00+00:00
[2024-07-07T07:54:49.534+0000] {processor.py:183} INFO - Processing /home/airflow/.local/lib/python3.12/site-packages/airflow/example_dags/tutorial.py took 0.106 seconds
[2024-07-07T07:55:19.937+0000] {processor.py:161} INFO - Started process (PID=4630) to work on /home/airflow/.local/lib/python3.12/site-packages/airflow/example_dags/tutorial.py
[2024-07-07T07:55:19.939+0000] {processor.py:830} INFO - Processing file /home/airflow/.local/lib/python3.12/site-packages/airflow/example_dags/tutorial.py for tasks to queue
[2024-07-07T07:55:19.941+0000] {logging_mixin.py:188} INFO - [2024-07-07T07:55:19.941+0000] {dagbag.py:545} INFO - Filling up the DagBag from /home/airflow/.local/lib/python3.12/site-packages/airflow/example_dags/tutorial.py
[2024-07-07T07:55:19.952+0000] {processor.py:840} INFO - DAG(s) 'tutorial' retrieved from /home/airflow/.local/lib/python3.12/site-packages/airflow/example_dags/tutorial.py
[2024-07-07T07:55:19.983+0000] {logging_mixin.py:188} INFO - [2024-07-07T07:55:19.982+0000] {dag.py:3096} INFO - Sync 1 DAGs
[2024-07-07T07:55:20.011+0000] {logging_mixin.py:188} INFO - [2024-07-07T07:55:20.010+0000] {dag.py:3954} INFO - Setting next_dagrun for tutorial to 2024-07-06 00:00:00+00:00, run_after=2024-07-07 00:00:00+00:00
[2024-07-07T07:55:20.045+0000] {processor.py:183} INFO - Processing /home/airflow/.local/lib/python3.12/site-packages/airflow/example_dags/tutorial.py took 0.121 seconds
[2024-07-07T07:55:50.579+0000] {processor.py:161} INFO - Started process (PID=4690) to work on /home/airflow/.local/lib/python3.12/site-packages/airflow/example_dags/tutorial.py
[2024-07-07T07:55:50.580+0000] {processor.py:830} INFO - Processing file /home/airflow/.local/lib/python3.12/site-packages/airflow/example_dags/tutorial.py for tasks to queue
[2024-07-07T07:55:50.582+0000] {logging_mixin.py:188} INFO - [2024-07-07T07:55:50.582+0000] {dagbag.py:545} INFO - Filling up the DagBag from /home/airflow/.local/lib/python3.12/site-packages/airflow/example_dags/tutorial.py
[2024-07-07T07:55:50.591+0000] {processor.py:840} INFO - DAG(s) 'tutorial' retrieved from /home/airflow/.local/lib/python3.12/site-packages/airflow/example_dags/tutorial.py
[2024-07-07T07:55:50.617+0000] {logging_mixin.py:188} INFO - [2024-07-07T07:55:50.617+0000] {dag.py:3096} INFO - Sync 1 DAGs
[2024-07-07T07:55:50.641+0000] {logging_mixin.py:188} INFO - [2024-07-07T07:55:50.641+0000] {dag.py:3954} INFO - Setting next_dagrun for tutorial to 2024-07-06 00:00:00+00:00, run_after=2024-07-07 00:00:00+00:00
[2024-07-07T07:55:50.672+0000] {processor.py:183} INFO - Processing /home/airflow/.local/lib/python3.12/site-packages/airflow/example_dags/tutorial.py took 0.101 seconds
[2024-07-07T07:56:20.870+0000] {processor.py:161} INFO - Started process (PID=4750) to work on /home/airflow/.local/lib/python3.12/site-packages/airflow/example_dags/tutorial.py
[2024-07-07T07:56:20.873+0000] {processor.py:830} INFO - Processing file /home/airflow/.local/lib/python3.12/site-packages/airflow/example_dags/tutorial.py for tasks to queue
[2024-07-07T07:56:20.874+0000] {logging_mixin.py:188} INFO - [2024-07-07T07:56:20.874+0000] {dagbag.py:545} INFO - Filling up the DagBag from /home/airflow/.local/lib/python3.12/site-packages/airflow/example_dags/tutorial.py
[2024-07-07T07:56:20.888+0000] {processor.py:840} INFO - DAG(s) 'tutorial' retrieved from /home/airflow/.local/lib/python3.12/site-packages/airflow/example_dags/tutorial.py
[2024-07-07T07:56:20.918+0000] {logging_mixin.py:188} INFO - [2024-07-07T07:56:20.917+0000] {dag.py:3096} INFO - Sync 1 DAGs
[2024-07-07T07:56:20.945+0000] {logging_mixin.py:188} INFO - [2024-07-07T07:56:20.945+0000] {dag.py:3954} INFO - Setting next_dagrun for tutorial to 2024-07-06 00:00:00+00:00, run_after=2024-07-07 00:00:00+00:00
[2024-07-07T07:56:20.985+0000] {processor.py:183} INFO - Processing /home/airflow/.local/lib/python3.12/site-packages/airflow/example_dags/tutorial.py took 0.124 seconds
[2024-07-07T07:56:51.418+0000] {processor.py:161} INFO - Started process (PID=4810) to work on /home/airflow/.local/lib/python3.12/site-packages/airflow/example_dags/tutorial.py
[2024-07-07T07:56:51.420+0000] {processor.py:830} INFO - Processing file /home/airflow/.local/lib/python3.12/site-packages/airflow/example_dags/tutorial.py for tasks to queue
[2024-07-07T07:56:51.421+0000] {logging_mixin.py:188} INFO - [2024-07-07T07:56:51.421+0000] {dagbag.py:545} INFO - Filling up the DagBag from /home/airflow/.local/lib/python3.12/site-packages/airflow/example_dags/tutorial.py
[2024-07-07T07:56:51.431+0000] {processor.py:840} INFO - DAG(s) 'tutorial' retrieved from /home/airflow/.local/lib/python3.12/site-packages/airflow/example_dags/tutorial.py
[2024-07-07T07:56:51.458+0000] {logging_mixin.py:188} INFO - [2024-07-07T07:56:51.458+0000] {dag.py:3096} INFO - Sync 1 DAGs
[2024-07-07T07:56:51.485+0000] {logging_mixin.py:188} INFO - [2024-07-07T07:56:51.484+0000] {dag.py:3954} INFO - Setting next_dagrun for tutorial to 2024-07-06 00:00:00+00:00, run_after=2024-07-07 00:00:00+00:00
[2024-07-07T07:56:51.529+0000] {processor.py:183} INFO - Processing /home/airflow/.local/lib/python3.12/site-packages/airflow/example_dags/tutorial.py took 0.121 seconds
[2024-07-07T07:57:22.220+0000] {processor.py:161} INFO - Started process (PID=4870) to work on /home/airflow/.local/lib/python3.12/site-packages/airflow/example_dags/tutorial.py
[2024-07-07T07:57:22.222+0000] {processor.py:830} INFO - Processing file /home/airflow/.local/lib/python3.12/site-packages/airflow/example_dags/tutorial.py for tasks to queue
[2024-07-07T07:57:22.224+0000] {logging_mixin.py:188} INFO - [2024-07-07T07:57:22.223+0000] {dagbag.py:545} INFO - Filling up the DagBag from /home/airflow/.local/lib/python3.12/site-packages/airflow/example_dags/tutorial.py
[2024-07-07T07:57:22.234+0000] {processor.py:840} INFO - DAG(s) 'tutorial' retrieved from /home/airflow/.local/lib/python3.12/site-packages/airflow/example_dags/tutorial.py
[2024-07-07T07:57:22.264+0000] {logging_mixin.py:188} INFO - [2024-07-07T07:57:22.264+0000] {dag.py:3096} INFO - Sync 1 DAGs
[2024-07-07T07:57:22.294+0000] {logging_mixin.py:188} INFO - [2024-07-07T07:57:22.293+0000] {dag.py:3954} INFO - Setting next_dagrun for tutorial to 2024-07-06 00:00:00+00:00, run_after=2024-07-07 00:00:00+00:00
[2024-07-07T07:57:22.321+0000] {processor.py:183} INFO - Processing /home/airflow/.local/lib/python3.12/site-packages/airflow/example_dags/tutorial.py took 0.112 seconds
[2024-07-07T07:57:52.535+0000] {processor.py:161} INFO - Started process (PID=4930) to work on /home/airflow/.local/lib/python3.12/site-packages/airflow/example_dags/tutorial.py
[2024-07-07T07:57:52.537+0000] {processor.py:830} INFO - Processing file /home/airflow/.local/lib/python3.12/site-packages/airflow/example_dags/tutorial.py for tasks to queue
[2024-07-07T07:57:52.539+0000] {logging_mixin.py:188} INFO - [2024-07-07T07:57:52.538+0000] {dagbag.py:545} INFO - Filling up the DagBag from /home/airflow/.local/lib/python3.12/site-packages/airflow/example_dags/tutorial.py
[2024-07-07T07:57:52.553+0000] {processor.py:840} INFO - DAG(s) 'tutorial' retrieved from /home/airflow/.local/lib/python3.12/site-packages/airflow/example_dags/tutorial.py
[2024-07-07T07:57:52.582+0000] {logging_mixin.py:188} INFO - [2024-07-07T07:57:52.582+0000] {dag.py:3096} INFO - Sync 1 DAGs
[2024-07-07T07:57:52.610+0000] {logging_mixin.py:188} INFO - [2024-07-07T07:57:52.610+0000] {dag.py:3954} INFO - Setting next_dagrun for tutorial to 2024-07-06 00:00:00+00:00, run_after=2024-07-07 00:00:00+00:00
[2024-07-07T07:57:52.656+0000] {processor.py:183} INFO - Processing /home/airflow/.local/lib/python3.12/site-packages/airflow/example_dags/tutorial.py took 0.131 seconds
[2024-07-07T07:58:22.858+0000] {processor.py:161} INFO - Started process (PID=4990) to work on /home/airflow/.local/lib/python3.12/site-packages/airflow/example_dags/tutorial.py
[2024-07-07T07:58:22.859+0000] {processor.py:830} INFO - Processing file /home/airflow/.local/lib/python3.12/site-packages/airflow/example_dags/tutorial.py for tasks to queue
[2024-07-07T07:58:22.861+0000] {logging_mixin.py:188} INFO - [2024-07-07T07:58:22.861+0000] {dagbag.py:545} INFO - Filling up the DagBag from /home/airflow/.local/lib/python3.12/site-packages/airflow/example_dags/tutorial.py
[2024-07-07T07:58:22.871+0000] {processor.py:840} INFO - DAG(s) 'tutorial' retrieved from /home/airflow/.local/lib/python3.12/site-packages/airflow/example_dags/tutorial.py
[2024-07-07T07:58:22.899+0000] {logging_mixin.py:188} INFO - [2024-07-07T07:58:22.899+0000] {dag.py:3096} INFO - Sync 1 DAGs
[2024-07-07T07:58:22.926+0000] {logging_mixin.py:188} INFO - [2024-07-07T07:58:22.925+0000] {dag.py:3954} INFO - Setting next_dagrun for tutorial to 2024-07-06 00:00:00+00:00, run_after=2024-07-07 00:00:00+00:00
[2024-07-07T07:58:22.961+0000] {processor.py:183} INFO - Processing /home/airflow/.local/lib/python3.12/site-packages/airflow/example_dags/tutorial.py took 0.113 seconds
[2024-07-07T07:58:53.564+0000] {processor.py:161} INFO - Started process (PID=5050) to work on /home/airflow/.local/lib/python3.12/site-packages/airflow/example_dags/tutorial.py
[2024-07-07T07:58:53.566+0000] {processor.py:830} INFO - Processing file /home/airflow/.local/lib/python3.12/site-packages/airflow/example_dags/tutorial.py for tasks to queue
[2024-07-07T07:58:53.568+0000] {logging_mixin.py:188} INFO - [2024-07-07T07:58:53.568+0000] {dagbag.py:545} INFO - Filling up the DagBag from /home/airflow/.local/lib/python3.12/site-packages/airflow/example_dags/tutorial.py
[2024-07-07T07:58:53.580+0000] {processor.py:840} INFO - DAG(s) 'tutorial' retrieved from /home/airflow/.local/lib/python3.12/site-packages/airflow/example_dags/tutorial.py
[2024-07-07T07:58:53.620+0000] {logging_mixin.py:188} INFO - [2024-07-07T07:58:53.620+0000] {dag.py:3096} INFO - Sync 1 DAGs
[2024-07-07T07:58:53.652+0000] {logging_mixin.py:188} INFO - [2024-07-07T07:58:53.652+0000] {dag.py:3954} INFO - Setting next_dagrun for tutorial to 2024-07-06 00:00:00+00:00, run_after=2024-07-07 00:00:00+00:00
[2024-07-07T07:58:53.688+0000] {processor.py:183} INFO - Processing /home/airflow/.local/lib/python3.12/site-packages/airflow/example_dags/tutorial.py took 0.134 seconds
[2024-07-07T07:59:24.373+0000] {processor.py:161} INFO - Started process (PID=5110) to work on /home/airflow/.local/lib/python3.12/site-packages/airflow/example_dags/tutorial.py
[2024-07-07T07:59:24.376+0000] {processor.py:830} INFO - Processing file /home/airflow/.local/lib/python3.12/site-packages/airflow/example_dags/tutorial.py for tasks to queue
[2024-07-07T07:59:24.378+0000] {logging_mixin.py:188} INFO - [2024-07-07T07:59:24.377+0000] {dagbag.py:545} INFO - Filling up the DagBag from /home/airflow/.local/lib/python3.12/site-packages/airflow/example_dags/tutorial.py
[2024-07-07T07:59:24.392+0000] {processor.py:840} INFO - DAG(s) 'tutorial' retrieved from /home/airflow/.local/lib/python3.12/site-packages/airflow/example_dags/tutorial.py
[2024-07-07T07:59:24.420+0000] {logging_mixin.py:188} INFO - [2024-07-07T07:59:24.420+0000] {dag.py:3096} INFO - Sync 1 DAGs
[2024-07-07T07:59:24.448+0000] {logging_mixin.py:188} INFO - [2024-07-07T07:59:24.448+0000] {dag.py:3954} INFO - Setting next_dagrun for tutorial to 2024-07-06 00:00:00+00:00, run_after=2024-07-07 00:00:00+00:00
[2024-07-07T07:59:24.477+0000] {processor.py:183} INFO - Processing /home/airflow/.local/lib/python3.12/site-packages/airflow/example_dags/tutorial.py took 0.114 seconds
[2024-07-07T07:59:55.179+0000] {processor.py:161} INFO - Started process (PID=5170) to work on /home/airflow/.local/lib/python3.12/site-packages/airflow/example_dags/tutorial.py
[2024-07-07T07:59:55.181+0000] {processor.py:830} INFO - Processing file /home/airflow/.local/lib/python3.12/site-packages/airflow/example_dags/tutorial.py for tasks to queue
[2024-07-07T07:59:55.183+0000] {logging_mixin.py:188} INFO - [2024-07-07T07:59:55.182+0000] {dagbag.py:545} INFO - Filling up the DagBag from /home/airflow/.local/lib/python3.12/site-packages/airflow/example_dags/tutorial.py
[2024-07-07T07:59:55.191+0000] {processor.py:840} INFO - DAG(s) 'tutorial' retrieved from /home/airflow/.local/lib/python3.12/site-packages/airflow/example_dags/tutorial.py
[2024-07-07T07:59:55.218+0000] {logging_mixin.py:188} INFO - [2024-07-07T07:59:55.218+0000] {dag.py:3096} INFO - Sync 1 DAGs
[2024-07-07T07:59:55.252+0000] {logging_mixin.py:188} INFO - [2024-07-07T07:59:55.252+0000] {dag.py:3954} INFO - Setting next_dagrun for tutorial to 2024-07-06 00:00:00+00:00, run_after=2024-07-07 00:00:00+00:00
[2024-07-07T07:59:55.278+0000] {processor.py:183} INFO - Processing /home/airflow/.local/lib/python3.12/site-packages/airflow/example_dags/tutorial.py took 0.107 seconds
[2024-07-07T08:00:25.470+0000] {processor.py:161} INFO - Started process (PID=5230) to work on /home/airflow/.local/lib/python3.12/site-packages/airflow/example_dags/tutorial.py
[2024-07-07T08:00:25.472+0000] {processor.py:830} INFO - Processing file /home/airflow/.local/lib/python3.12/site-packages/airflow/example_dags/tutorial.py for tasks to queue
[2024-07-07T08:00:25.474+0000] {logging_mixin.py:188} INFO - [2024-07-07T08:00:25.473+0000] {dagbag.py:545} INFO - Filling up the DagBag from /home/airflow/.local/lib/python3.12/site-packages/airflow/example_dags/tutorial.py
[2024-07-07T08:00:25.484+0000] {processor.py:840} INFO - DAG(s) 'tutorial' retrieved from /home/airflow/.local/lib/python3.12/site-packages/airflow/example_dags/tutorial.py
[2024-07-07T08:00:25.511+0000] {logging_mixin.py:188} INFO - [2024-07-07T08:00:25.511+0000] {dag.py:3096} INFO - Sync 1 DAGs
[2024-07-07T08:00:25.548+0000] {logging_mixin.py:188} INFO - [2024-07-07T08:00:25.547+0000] {dag.py:3954} INFO - Setting next_dagrun for tutorial to 2024-07-06 00:00:00+00:00, run_after=2024-07-07 00:00:00+00:00
[2024-07-07T08:00:25.574+0000] {processor.py:183} INFO - Processing /home/airflow/.local/lib/python3.12/site-packages/airflow/example_dags/tutorial.py took 0.117 seconds
[2024-07-07T08:05:24.550+0000] {processor.py:161} INFO - Started process (PID=5296) to work on /home/airflow/.local/lib/python3.12/site-packages/airflow/example_dags/tutorial.py
[2024-07-07T08:05:24.558+0000] {processor.py:830} INFO - Processing file /home/airflow/.local/lib/python3.12/site-packages/airflow/example_dags/tutorial.py for tasks to queue
[2024-07-07T08:05:24.561+0000] {logging_mixin.py:188} INFO - [2024-07-07T08:05:24.560+0000] {dagbag.py:545} INFO - Filling up the DagBag from /home/airflow/.local/lib/python3.12/site-packages/airflow/example_dags/tutorial.py
[2024-07-07T08:05:24.577+0000] {processor.py:840} INFO - DAG(s) 'tutorial' retrieved from /home/airflow/.local/lib/python3.12/site-packages/airflow/example_dags/tutorial.py
[2024-07-07T08:05:24.665+0000] {logging_mixin.py:188} INFO - [2024-07-07T08:05:24.665+0000] {dag.py:3096} INFO - Sync 1 DAGs
[2024-07-07T08:05:24.769+0000] {logging_mixin.py:188} INFO - [2024-07-07T08:05:24.769+0000] {dag.py:3954} INFO - Setting next_dagrun for tutorial to 2024-07-06 00:00:00+00:00, run_after=2024-07-07 00:00:00+00:00
[2024-07-07T08:05:24.836+0000] {processor.py:183} INFO - Processing /home/airflow/.local/lib/python3.12/site-packages/airflow/example_dags/tutorial.py took 0.304 seconds
[2024-07-07T08:05:55.755+0000] {processor.py:161} INFO - Started process (PID=5357) to work on /home/airflow/.local/lib/python3.12/site-packages/airflow/example_dags/tutorial.py
[2024-07-07T08:05:55.764+0000] {processor.py:830} INFO - Processing file /home/airflow/.local/lib/python3.12/site-packages/airflow/example_dags/tutorial.py for tasks to queue
[2024-07-07T08:05:55.769+0000] {logging_mixin.py:188} INFO - [2024-07-07T08:05:55.768+0000] {dagbag.py:545} INFO - Filling up the DagBag from /home/airflow/.local/lib/python3.12/site-packages/airflow/example_dags/tutorial.py
[2024-07-07T08:05:55.792+0000] {processor.py:840} INFO - DAG(s) 'tutorial' retrieved from /home/airflow/.local/lib/python3.12/site-packages/airflow/example_dags/tutorial.py
[2024-07-07T08:05:55.859+0000] {logging_mixin.py:188} INFO - [2024-07-07T08:05:55.858+0000] {dag.py:3096} INFO - Sync 1 DAGs
[2024-07-07T08:05:55.975+0000] {logging_mixin.py:188} INFO - [2024-07-07T08:05:55.975+0000] {dag.py:3954} INFO - Setting next_dagrun for tutorial to 2024-07-06 00:00:00+00:00, run_after=2024-07-07 00:00:00+00:00
[2024-07-07T08:05:56.056+0000] {processor.py:183} INFO - Processing /home/airflow/.local/lib/python3.12/site-packages/airflow/example_dags/tutorial.py took 0.323 seconds
