[2024-07-07T00:00:13.287+0000] {processor.py:161} INFO - Started process (PID=2303) to work on /home/airflow/.local/lib/python3.12/site-packages/airflow/example_dags/tutorial_dag.py
[2024-07-07T00:00:13.291+0000] {processor.py:830} INFO - Processing file /home/airflow/.local/lib/python3.12/site-packages/airflow/example_dags/tutorial_dag.py for tasks to queue
[2024-07-07T00:00:13.297+0000] {logging_mixin.py:188} INFO - [2024-07-07T00:00:13.296+0000] {dagbag.py:545} INFO - Filling up the DagBag from /home/airflow/.local/lib/python3.12/site-packages/airflow/example_dags/tutorial_dag.py
[2024-07-07T00:00:13.315+0000] {processor.py:840} INFO - DAG(s) 'tutorial_dag' retrieved from /home/airflow/.local/lib/python3.12/site-packages/airflow/example_dags/tutorial_dag.py
[2024-07-07T00:00:13.415+0000] {logging_mixin.py:188} INFO - [2024-07-07T00:00:13.413+0000] {dag.py:3096} INFO - Sync 1 DAGs
[2024-07-07T00:00:13.497+0000] {logging_mixin.py:188} INFO - [2024-07-07T00:00:13.496+0000] {dag.py:3954} INFO - Setting next_dagrun for tutorial_dag to None, run_after=None
[2024-07-07T00:00:13.573+0000] {processor.py:183} INFO - Processing /home/airflow/.local/lib/python3.12/site-packages/airflow/example_dags/tutorial_dag.py took 0.309 seconds
[2024-07-07T00:00:43.986+0000] {processor.py:161} INFO - Started process (PID=2362) to work on /home/airflow/.local/lib/python3.12/site-packages/airflow/example_dags/tutorial_dag.py
[2024-07-07T00:00:43.989+0000] {processor.py:830} INFO - Processing file /home/airflow/.local/lib/python3.12/site-packages/airflow/example_dags/tutorial_dag.py for tasks to queue
[2024-07-07T00:00:44.000+0000] {logging_mixin.py:188} INFO - [2024-07-07T00:00:43.999+0000] {dagbag.py:545} INFO - Filling up the DagBag from /home/airflow/.local/lib/python3.12/site-packages/airflow/example_dags/tutorial_dag.py
[2024-07-07T00:00:44.031+0000] {processor.py:840} INFO - DAG(s) 'tutorial_dag' retrieved from /home/airflow/.local/lib/python3.12/site-packages/airflow/example_dags/tutorial_dag.py
[2024-07-07T00:00:44.106+0000] {logging_mixin.py:188} INFO - [2024-07-07T00:00:44.105+0000] {dag.py:3096} INFO - Sync 1 DAGs
[2024-07-07T00:00:44.171+0000] {logging_mixin.py:188} INFO - [2024-07-07T00:00:44.171+0000] {dag.py:3954} INFO - Setting next_dagrun for tutorial_dag to None, run_after=None
[2024-07-07T00:00:44.276+0000] {processor.py:183} INFO - Processing /home/airflow/.local/lib/python3.12/site-packages/airflow/example_dags/tutorial_dag.py took 0.363 seconds
[2024-07-07T00:01:14.643+0000] {processor.py:161} INFO - Started process (PID=2422) to work on /home/airflow/.local/lib/python3.12/site-packages/airflow/example_dags/tutorial_dag.py
[2024-07-07T00:01:14.646+0000] {processor.py:830} INFO - Processing file /home/airflow/.local/lib/python3.12/site-packages/airflow/example_dags/tutorial_dag.py for tasks to queue
[2024-07-07T00:01:14.654+0000] {logging_mixin.py:188} INFO - [2024-07-07T00:01:14.653+0000] {dagbag.py:545} INFO - Filling up the DagBag from /home/airflow/.local/lib/python3.12/site-packages/airflow/example_dags/tutorial_dag.py
[2024-07-07T00:01:14.674+0000] {processor.py:840} INFO - DAG(s) 'tutorial_dag' retrieved from /home/airflow/.local/lib/python3.12/site-packages/airflow/example_dags/tutorial_dag.py
[2024-07-07T00:01:14.737+0000] {logging_mixin.py:188} INFO - [2024-07-07T00:01:14.736+0000] {dag.py:3096} INFO - Sync 1 DAGs
[2024-07-07T00:01:14.812+0000] {logging_mixin.py:188} INFO - [2024-07-07T00:01:14.811+0000] {dag.py:3954} INFO - Setting next_dagrun for tutorial_dag to None, run_after=None
[2024-07-07T00:01:14.866+0000] {processor.py:183} INFO - Processing /home/airflow/.local/lib/python3.12/site-packages/airflow/example_dags/tutorial_dag.py took 0.248 seconds
[2024-07-07T00:01:45.113+0000] {processor.py:161} INFO - Started process (PID=2482) to work on /home/airflow/.local/lib/python3.12/site-packages/airflow/example_dags/tutorial_dag.py
[2024-07-07T00:01:45.116+0000] {processor.py:830} INFO - Processing file /home/airflow/.local/lib/python3.12/site-packages/airflow/example_dags/tutorial_dag.py for tasks to queue
[2024-07-07T00:01:45.125+0000] {logging_mixin.py:188} INFO - [2024-07-07T00:01:45.124+0000] {dagbag.py:545} INFO - Filling up the DagBag from /home/airflow/.local/lib/python3.12/site-packages/airflow/example_dags/tutorial_dag.py
[2024-07-07T00:01:45.145+0000] {processor.py:840} INFO - DAG(s) 'tutorial_dag' retrieved from /home/airflow/.local/lib/python3.12/site-packages/airflow/example_dags/tutorial_dag.py
[2024-07-07T00:01:45.231+0000] {logging_mixin.py:188} INFO - [2024-07-07T00:01:45.230+0000] {dag.py:3096} INFO - Sync 1 DAGs
[2024-07-07T00:01:45.283+0000] {logging_mixin.py:188} INFO - [2024-07-07T00:01:45.283+0000] {dag.py:3954} INFO - Setting next_dagrun for tutorial_dag to None, run_after=None
[2024-07-07T00:01:45.356+0000] {processor.py:183} INFO - Processing /home/airflow/.local/lib/python3.12/site-packages/airflow/example_dags/tutorial_dag.py took 0.260 seconds
[2024-07-07T00:02:16.142+0000] {processor.py:161} INFO - Started process (PID=2542) to work on /home/airflow/.local/lib/python3.12/site-packages/airflow/example_dags/tutorial_dag.py
[2024-07-07T00:02:16.144+0000] {processor.py:830} INFO - Processing file /home/airflow/.local/lib/python3.12/site-packages/airflow/example_dags/tutorial_dag.py for tasks to queue
[2024-07-07T00:02:16.149+0000] {logging_mixin.py:188} INFO - [2024-07-07T00:02:16.148+0000] {dagbag.py:545} INFO - Filling up the DagBag from /home/airflow/.local/lib/python3.12/site-packages/airflow/example_dags/tutorial_dag.py
[2024-07-07T00:02:16.163+0000] {processor.py:840} INFO - DAG(s) 'tutorial_dag' retrieved from /home/airflow/.local/lib/python3.12/site-packages/airflow/example_dags/tutorial_dag.py
[2024-07-07T00:02:16.214+0000] {logging_mixin.py:188} INFO - [2024-07-07T00:02:16.214+0000] {dag.py:3096} INFO - Sync 1 DAGs
[2024-07-07T00:02:16.256+0000] {logging_mixin.py:188} INFO - [2024-07-07T00:02:16.255+0000] {dag.py:3954} INFO - Setting next_dagrun for tutorial_dag to None, run_after=None
[2024-07-07T00:02:16.304+0000] {processor.py:183} INFO - Processing /home/airflow/.local/lib/python3.12/site-packages/airflow/example_dags/tutorial_dag.py took 0.176 seconds
[2024-07-07T00:02:46.737+0000] {processor.py:161} INFO - Started process (PID=2602) to work on /home/airflow/.local/lib/python3.12/site-packages/airflow/example_dags/tutorial_dag.py
[2024-07-07T00:02:46.740+0000] {processor.py:830} INFO - Processing file /home/airflow/.local/lib/python3.12/site-packages/airflow/example_dags/tutorial_dag.py for tasks to queue
[2024-07-07T00:02:46.746+0000] {logging_mixin.py:188} INFO - [2024-07-07T00:02:46.745+0000] {dagbag.py:545} INFO - Filling up the DagBag from /home/airflow/.local/lib/python3.12/site-packages/airflow/example_dags/tutorial_dag.py
[2024-07-07T00:02:46.758+0000] {processor.py:840} INFO - DAG(s) 'tutorial_dag' retrieved from /home/airflow/.local/lib/python3.12/site-packages/airflow/example_dags/tutorial_dag.py
[2024-07-07T00:02:46.809+0000] {logging_mixin.py:188} INFO - [2024-07-07T00:02:46.808+0000] {dag.py:3096} INFO - Sync 1 DAGs
[2024-07-07T00:02:46.860+0000] {logging_mixin.py:188} INFO - [2024-07-07T00:02:46.859+0000] {dag.py:3954} INFO - Setting next_dagrun for tutorial_dag to None, run_after=None
[2024-07-07T00:02:46.939+0000] {processor.py:183} INFO - Processing /home/airflow/.local/lib/python3.12/site-packages/airflow/example_dags/tutorial_dag.py took 0.222 seconds
[2024-07-07T00:03:17.298+0000] {processor.py:161} INFO - Started process (PID=2663) to work on /home/airflow/.local/lib/python3.12/site-packages/airflow/example_dags/tutorial_dag.py
[2024-07-07T00:03:17.302+0000] {processor.py:830} INFO - Processing file /home/airflow/.local/lib/python3.12/site-packages/airflow/example_dags/tutorial_dag.py for tasks to queue
[2024-07-07T00:03:17.308+0000] {logging_mixin.py:188} INFO - [2024-07-07T00:03:17.307+0000] {dagbag.py:545} INFO - Filling up the DagBag from /home/airflow/.local/lib/python3.12/site-packages/airflow/example_dags/tutorial_dag.py
[2024-07-07T00:03:17.323+0000] {processor.py:840} INFO - DAG(s) 'tutorial_dag' retrieved from /home/airflow/.local/lib/python3.12/site-packages/airflow/example_dags/tutorial_dag.py
[2024-07-07T00:03:17.393+0000] {logging_mixin.py:188} INFO - [2024-07-07T00:03:17.392+0000] {dag.py:3096} INFO - Sync 1 DAGs
[2024-07-07T00:03:17.437+0000] {logging_mixin.py:188} INFO - [2024-07-07T00:03:17.436+0000] {dag.py:3954} INFO - Setting next_dagrun for tutorial_dag to None, run_after=None
[2024-07-07T00:03:17.490+0000] {processor.py:183} INFO - Processing /home/airflow/.local/lib/python3.12/site-packages/airflow/example_dags/tutorial_dag.py took 0.212 seconds
[2024-07-07T00:03:48.070+0000] {processor.py:161} INFO - Started process (PID=2721) to work on /home/airflow/.local/lib/python3.12/site-packages/airflow/example_dags/tutorial_dag.py
[2024-07-07T00:03:48.075+0000] {processor.py:830} INFO - Processing file /home/airflow/.local/lib/python3.12/site-packages/airflow/example_dags/tutorial_dag.py for tasks to queue
[2024-07-07T00:03:48.085+0000] {logging_mixin.py:188} INFO - [2024-07-07T00:03:48.084+0000] {dagbag.py:545} INFO - Filling up the DagBag from /home/airflow/.local/lib/python3.12/site-packages/airflow/example_dags/tutorial_dag.py
[2024-07-07T00:03:48.107+0000] {processor.py:840} INFO - DAG(s) 'tutorial_dag' retrieved from /home/airflow/.local/lib/python3.12/site-packages/airflow/example_dags/tutorial_dag.py
[2024-07-07T00:03:48.217+0000] {logging_mixin.py:188} INFO - [2024-07-07T00:03:48.216+0000] {dag.py:3096} INFO - Sync 1 DAGs
[2024-07-07T00:03:48.317+0000] {logging_mixin.py:188} INFO - [2024-07-07T00:03:48.316+0000] {dag.py:3954} INFO - Setting next_dagrun for tutorial_dag to None, run_after=None
[2024-07-07T00:03:48.461+0000] {processor.py:183} INFO - Processing /home/airflow/.local/lib/python3.12/site-packages/airflow/example_dags/tutorial_dag.py took 0.422 seconds
[2024-07-07T07:39:18.451+0000] {processor.py:161} INFO - Started process (PID=2754) to work on /home/airflow/.local/lib/python3.12/site-packages/airflow/example_dags/tutorial_dag.py
[2024-07-07T07:39:18.453+0000] {processor.py:830} INFO - Processing file /home/airflow/.local/lib/python3.12/site-packages/airflow/example_dags/tutorial_dag.py for tasks to queue
[2024-07-07T07:39:18.464+0000] {logging_mixin.py:188} INFO - [2024-07-07T07:39:18.463+0000] {dagbag.py:545} INFO - Filling up the DagBag from /home/airflow/.local/lib/python3.12/site-packages/airflow/example_dags/tutorial_dag.py
[2024-07-07T07:39:18.482+0000] {processor.py:840} INFO - DAG(s) 'tutorial_dag' retrieved from /home/airflow/.local/lib/python3.12/site-packages/airflow/example_dags/tutorial_dag.py
[2024-07-07T07:39:18.662+0000] {logging_mixin.py:188} INFO - [2024-07-07T07:39:18.661+0000] {dag.py:3096} INFO - Sync 1 DAGs
[2024-07-07T07:39:18.753+0000] {logging_mixin.py:188} INFO - [2024-07-07T07:39:18.752+0000] {dag.py:3954} INFO - Setting next_dagrun for tutorial_dag to None, run_after=None
[2024-07-07T07:39:18.843+0000] {processor.py:183} INFO - Processing /home/airflow/.local/lib/python3.12/site-packages/airflow/example_dags/tutorial_dag.py took 0.418 seconds
[2024-07-07T07:39:49.803+0000] {processor.py:161} INFO - Started process (PID=2813) to work on /home/airflow/.local/lib/python3.12/site-packages/airflow/example_dags/tutorial_dag.py
[2024-07-07T07:39:49.805+0000] {processor.py:830} INFO - Processing file /home/airflow/.local/lib/python3.12/site-packages/airflow/example_dags/tutorial_dag.py for tasks to queue
[2024-07-07T07:39:49.808+0000] {logging_mixin.py:188} INFO - [2024-07-07T07:39:49.807+0000] {dagbag.py:545} INFO - Filling up the DagBag from /home/airflow/.local/lib/python3.12/site-packages/airflow/example_dags/tutorial_dag.py
[2024-07-07T07:39:49.819+0000] {processor.py:840} INFO - DAG(s) 'tutorial_dag' retrieved from /home/airflow/.local/lib/python3.12/site-packages/airflow/example_dags/tutorial_dag.py
[2024-07-07T07:39:49.864+0000] {logging_mixin.py:188} INFO - [2024-07-07T07:39:49.863+0000] {dag.py:3096} INFO - Sync 1 DAGs
[2024-07-07T07:39:49.887+0000] {logging_mixin.py:188} INFO - [2024-07-07T07:39:49.887+0000] {dag.py:3954} INFO - Setting next_dagrun for tutorial_dag to None, run_after=None
[2024-07-07T07:39:49.918+0000] {processor.py:183} INFO - Processing /home/airflow/.local/lib/python3.12/site-packages/airflow/example_dags/tutorial_dag.py took 0.134 seconds
[2024-07-07T07:40:20.021+0000] {processor.py:161} INFO - Started process (PID=2871) to work on /home/airflow/.local/lib/python3.12/site-packages/airflow/example_dags/tutorial_dag.py
[2024-07-07T07:40:20.023+0000] {processor.py:830} INFO - Processing file /home/airflow/.local/lib/python3.12/site-packages/airflow/example_dags/tutorial_dag.py for tasks to queue
[2024-07-07T07:40:20.025+0000] {logging_mixin.py:188} INFO - [2024-07-07T07:40:20.024+0000] {dagbag.py:545} INFO - Filling up the DagBag from /home/airflow/.local/lib/python3.12/site-packages/airflow/example_dags/tutorial_dag.py
[2024-07-07T07:40:20.032+0000] {processor.py:840} INFO - DAG(s) 'tutorial_dag' retrieved from /home/airflow/.local/lib/python3.12/site-packages/airflow/example_dags/tutorial_dag.py
[2024-07-07T07:40:20.064+0000] {logging_mixin.py:188} INFO - [2024-07-07T07:40:20.063+0000] {dag.py:3096} INFO - Sync 1 DAGs
[2024-07-07T07:40:20.089+0000] {logging_mixin.py:188} INFO - [2024-07-07T07:40:20.089+0000] {dag.py:3954} INFO - Setting next_dagrun for tutorial_dag to None, run_after=None
[2024-07-07T07:40:20.121+0000] {processor.py:183} INFO - Processing /home/airflow/.local/lib/python3.12/site-packages/airflow/example_dags/tutorial_dag.py took 0.111 seconds
[2024-07-07T07:40:50.802+0000] {processor.py:161} INFO - Started process (PID=2931) to work on /home/airflow/.local/lib/python3.12/site-packages/airflow/example_dags/tutorial_dag.py
[2024-07-07T07:40:50.804+0000] {processor.py:830} INFO - Processing file /home/airflow/.local/lib/python3.12/site-packages/airflow/example_dags/tutorial_dag.py for tasks to queue
[2024-07-07T07:40:50.807+0000] {logging_mixin.py:188} INFO - [2024-07-07T07:40:50.806+0000] {dagbag.py:545} INFO - Filling up the DagBag from /home/airflow/.local/lib/python3.12/site-packages/airflow/example_dags/tutorial_dag.py
[2024-07-07T07:40:50.819+0000] {processor.py:840} INFO - DAG(s) 'tutorial_dag' retrieved from /home/airflow/.local/lib/python3.12/site-packages/airflow/example_dags/tutorial_dag.py
[2024-07-07T07:40:50.865+0000] {logging_mixin.py:188} INFO - [2024-07-07T07:40:50.864+0000] {dag.py:3096} INFO - Sync 1 DAGs
[2024-07-07T07:40:50.892+0000] {logging_mixin.py:188} INFO - [2024-07-07T07:40:50.892+0000] {dag.py:3954} INFO - Setting next_dagrun for tutorial_dag to None, run_after=None
[2024-07-07T07:40:50.939+0000] {processor.py:183} INFO - Processing /home/airflow/.local/lib/python3.12/site-packages/airflow/example_dags/tutorial_dag.py took 0.152 seconds
[2024-07-07T07:41:21.351+0000] {processor.py:161} INFO - Started process (PID=2991) to work on /home/airflow/.local/lib/python3.12/site-packages/airflow/example_dags/tutorial_dag.py
[2024-07-07T07:41:21.353+0000] {processor.py:830} INFO - Processing file /home/airflow/.local/lib/python3.12/site-packages/airflow/example_dags/tutorial_dag.py for tasks to queue
[2024-07-07T07:41:21.356+0000] {logging_mixin.py:188} INFO - [2024-07-07T07:41:21.355+0000] {dagbag.py:545} INFO - Filling up the DagBag from /home/airflow/.local/lib/python3.12/site-packages/airflow/example_dags/tutorial_dag.py
[2024-07-07T07:41:21.372+0000] {processor.py:840} INFO - DAG(s) 'tutorial_dag' retrieved from /home/airflow/.local/lib/python3.12/site-packages/airflow/example_dags/tutorial_dag.py
[2024-07-07T07:41:21.426+0000] {logging_mixin.py:188} INFO - [2024-07-07T07:41:21.426+0000] {dag.py:3096} INFO - Sync 1 DAGs
[2024-07-07T07:41:21.457+0000] {logging_mixin.py:188} INFO - [2024-07-07T07:41:21.456+0000] {dag.py:3954} INFO - Setting next_dagrun for tutorial_dag to None, run_after=None
[2024-07-07T07:41:21.536+0000] {processor.py:183} INFO - Processing /home/airflow/.local/lib/python3.12/site-packages/airflow/example_dags/tutorial_dag.py took 0.202 seconds
[2024-07-07T07:41:51.972+0000] {processor.py:161} INFO - Started process (PID=3051) to work on /home/airflow/.local/lib/python3.12/site-packages/airflow/example_dags/tutorial_dag.py
[2024-07-07T07:41:51.976+0000] {processor.py:830} INFO - Processing file /home/airflow/.local/lib/python3.12/site-packages/airflow/example_dags/tutorial_dag.py for tasks to queue
[2024-07-07T07:41:51.980+0000] {logging_mixin.py:188} INFO - [2024-07-07T07:41:51.979+0000] {dagbag.py:545} INFO - Filling up the DagBag from /home/airflow/.local/lib/python3.12/site-packages/airflow/example_dags/tutorial_dag.py
[2024-07-07T07:41:51.997+0000] {processor.py:840} INFO - DAG(s) 'tutorial_dag' retrieved from /home/airflow/.local/lib/python3.12/site-packages/airflow/example_dags/tutorial_dag.py
[2024-07-07T07:41:52.073+0000] {logging_mixin.py:188} INFO - [2024-07-07T07:41:52.073+0000] {dag.py:3096} INFO - Sync 1 DAGs
[2024-07-07T07:41:52.118+0000] {logging_mixin.py:188} INFO - [2024-07-07T07:41:52.117+0000] {dag.py:3954} INFO - Setting next_dagrun for tutorial_dag to None, run_after=None
[2024-07-07T07:41:52.211+0000] {processor.py:183} INFO - Processing /home/airflow/.local/lib/python3.12/site-packages/airflow/example_dags/tutorial_dag.py took 0.265 seconds
[2024-07-07T07:42:22.763+0000] {processor.py:161} INFO - Started process (PID=3111) to work on /home/airflow/.local/lib/python3.12/site-packages/airflow/example_dags/tutorial_dag.py
[2024-07-07T07:42:22.769+0000] {processor.py:830} INFO - Processing file /home/airflow/.local/lib/python3.12/site-packages/airflow/example_dags/tutorial_dag.py for tasks to queue
[2024-07-07T07:42:22.778+0000] {logging_mixin.py:188} INFO - [2024-07-07T07:42:22.775+0000] {dagbag.py:545} INFO - Filling up the DagBag from /home/airflow/.local/lib/python3.12/site-packages/airflow/example_dags/tutorial_dag.py
[2024-07-07T07:42:22.820+0000] {processor.py:840} INFO - DAG(s) 'tutorial_dag' retrieved from /home/airflow/.local/lib/python3.12/site-packages/airflow/example_dags/tutorial_dag.py
[2024-07-07T07:42:22.904+0000] {logging_mixin.py:188} INFO - [2024-07-07T07:42:22.903+0000] {dag.py:3096} INFO - Sync 1 DAGs
[2024-07-07T07:42:22.940+0000] {logging_mixin.py:188} INFO - [2024-07-07T07:42:22.940+0000] {dag.py:3954} INFO - Setting next_dagrun for tutorial_dag to None, run_after=None
[2024-07-07T07:42:22.999+0000] {processor.py:183} INFO - Processing /home/airflow/.local/lib/python3.12/site-packages/airflow/example_dags/tutorial_dag.py took 0.273 seconds
[2024-07-07T07:42:53.783+0000] {processor.py:161} INFO - Started process (PID=3171) to work on /home/airflow/.local/lib/python3.12/site-packages/airflow/example_dags/tutorial_dag.py
[2024-07-07T07:42:53.791+0000] {processor.py:830} INFO - Processing file /home/airflow/.local/lib/python3.12/site-packages/airflow/example_dags/tutorial_dag.py for tasks to queue
[2024-07-07T07:42:53.802+0000] {logging_mixin.py:188} INFO - [2024-07-07T07:42:53.800+0000] {dagbag.py:545} INFO - Filling up the DagBag from /home/airflow/.local/lib/python3.12/site-packages/airflow/example_dags/tutorial_dag.py
[2024-07-07T07:42:53.830+0000] {processor.py:840} INFO - DAG(s) 'tutorial_dag' retrieved from /home/airflow/.local/lib/python3.12/site-packages/airflow/example_dags/tutorial_dag.py
[2024-07-07T07:42:53.921+0000] {logging_mixin.py:188} INFO - [2024-07-07T07:42:53.920+0000] {dag.py:3096} INFO - Sync 1 DAGs
[2024-07-07T07:42:53.957+0000] {logging_mixin.py:188} INFO - [2024-07-07T07:42:53.956+0000] {dag.py:3954} INFO - Setting next_dagrun for tutorial_dag to None, run_after=None
[2024-07-07T07:42:53.999+0000] {processor.py:183} INFO - Processing /home/airflow/.local/lib/python3.12/site-packages/airflow/example_dags/tutorial_dag.py took 0.238 seconds
[2024-07-07T07:43:24.120+0000] {processor.py:161} INFO - Started process (PID=3231) to work on /home/airflow/.local/lib/python3.12/site-packages/airflow/example_dags/tutorial_dag.py
[2024-07-07T07:43:24.123+0000] {processor.py:830} INFO - Processing file /home/airflow/.local/lib/python3.12/site-packages/airflow/example_dags/tutorial_dag.py for tasks to queue
[2024-07-07T07:43:24.125+0000] {logging_mixin.py:188} INFO - [2024-07-07T07:43:24.124+0000] {dagbag.py:545} INFO - Filling up the DagBag from /home/airflow/.local/lib/python3.12/site-packages/airflow/example_dags/tutorial_dag.py
[2024-07-07T07:43:24.133+0000] {processor.py:840} INFO - DAG(s) 'tutorial_dag' retrieved from /home/airflow/.local/lib/python3.12/site-packages/airflow/example_dags/tutorial_dag.py
[2024-07-07T07:43:24.172+0000] {logging_mixin.py:188} INFO - [2024-07-07T07:43:24.171+0000] {dag.py:3096} INFO - Sync 1 DAGs
[2024-07-07T07:43:24.195+0000] {logging_mixin.py:188} INFO - [2024-07-07T07:43:24.194+0000] {dag.py:3954} INFO - Setting next_dagrun for tutorial_dag to None, run_after=None
[2024-07-07T07:43:24.234+0000] {processor.py:183} INFO - Processing /home/airflow/.local/lib/python3.12/site-packages/airflow/example_dags/tutorial_dag.py took 0.125 seconds
[2024-07-07T07:43:55.086+0000] {processor.py:161} INFO - Started process (PID=3291) to work on /home/airflow/.local/lib/python3.12/site-packages/airflow/example_dags/tutorial_dag.py
[2024-07-07T07:43:55.091+0000] {processor.py:830} INFO - Processing file /home/airflow/.local/lib/python3.12/site-packages/airflow/example_dags/tutorial_dag.py for tasks to queue
[2024-07-07T07:43:55.093+0000] {logging_mixin.py:188} INFO - [2024-07-07T07:43:55.093+0000] {dagbag.py:545} INFO - Filling up the DagBag from /home/airflow/.local/lib/python3.12/site-packages/airflow/example_dags/tutorial_dag.py
[2024-07-07T07:43:55.117+0000] {processor.py:840} INFO - DAG(s) 'tutorial_dag' retrieved from /home/airflow/.local/lib/python3.12/site-packages/airflow/example_dags/tutorial_dag.py
[2024-07-07T07:43:55.173+0000] {logging_mixin.py:188} INFO - [2024-07-07T07:43:55.173+0000] {dag.py:3096} INFO - Sync 1 DAGs
[2024-07-07T07:43:55.206+0000] {logging_mixin.py:188} INFO - [2024-07-07T07:43:55.205+0000] {dag.py:3954} INFO - Setting next_dagrun for tutorial_dag to None, run_after=None
[2024-07-07T07:43:55.273+0000] {processor.py:183} INFO - Processing /home/airflow/.local/lib/python3.12/site-packages/airflow/example_dags/tutorial_dag.py took 0.216 seconds
[2024-07-07T07:44:25.581+0000] {processor.py:161} INFO - Started process (PID=3351) to work on /home/airflow/.local/lib/python3.12/site-packages/airflow/example_dags/tutorial_dag.py
[2024-07-07T07:44:25.587+0000] {processor.py:830} INFO - Processing file /home/airflow/.local/lib/python3.12/site-packages/airflow/example_dags/tutorial_dag.py for tasks to queue
[2024-07-07T07:44:25.595+0000] {logging_mixin.py:188} INFO - [2024-07-07T07:44:25.593+0000] {dagbag.py:545} INFO - Filling up the DagBag from /home/airflow/.local/lib/python3.12/site-packages/airflow/example_dags/tutorial_dag.py
[2024-07-07T07:44:25.619+0000] {processor.py:840} INFO - DAG(s) 'tutorial_dag' retrieved from /home/airflow/.local/lib/python3.12/site-packages/airflow/example_dags/tutorial_dag.py
[2024-07-07T07:44:25.727+0000] {logging_mixin.py:188} INFO - [2024-07-07T07:44:25.725+0000] {dag.py:3096} INFO - Sync 1 DAGs
[2024-07-07T07:44:25.768+0000] {logging_mixin.py:188} INFO - [2024-07-07T07:44:25.767+0000] {dag.py:3954} INFO - Setting next_dagrun for tutorial_dag to None, run_after=None
[2024-07-07T07:44:25.811+0000] {processor.py:183} INFO - Processing /home/airflow/.local/lib/python3.12/site-packages/airflow/example_dags/tutorial_dag.py took 0.265 seconds
[2024-07-07T07:44:56.780+0000] {processor.py:161} INFO - Started process (PID=3411) to work on /home/airflow/.local/lib/python3.12/site-packages/airflow/example_dags/tutorial_dag.py
[2024-07-07T07:44:56.788+0000] {processor.py:830} INFO - Processing file /home/airflow/.local/lib/python3.12/site-packages/airflow/example_dags/tutorial_dag.py for tasks to queue
[2024-07-07T07:44:56.795+0000] {logging_mixin.py:188} INFO - [2024-07-07T07:44:56.793+0000] {dagbag.py:545} INFO - Filling up the DagBag from /home/airflow/.local/lib/python3.12/site-packages/airflow/example_dags/tutorial_dag.py
[2024-07-07T07:44:56.826+0000] {processor.py:840} INFO - DAG(s) 'tutorial_dag' retrieved from /home/airflow/.local/lib/python3.12/site-packages/airflow/example_dags/tutorial_dag.py
[2024-07-07T07:44:56.969+0000] {logging_mixin.py:188} INFO - [2024-07-07T07:44:56.968+0000] {dag.py:3096} INFO - Sync 1 DAGs
[2024-07-07T07:44:57.029+0000] {logging_mixin.py:188} INFO - [2024-07-07T07:44:57.029+0000] {dag.py:3954} INFO - Setting next_dagrun for tutorial_dag to None, run_after=None
[2024-07-07T07:44:57.098+0000] {processor.py:183} INFO - Processing /home/airflow/.local/lib/python3.12/site-packages/airflow/example_dags/tutorial_dag.py took 0.353 seconds
[2024-07-07T07:45:27.240+0000] {processor.py:161} INFO - Started process (PID=3471) to work on /home/airflow/.local/lib/python3.12/site-packages/airflow/example_dags/tutorial_dag.py
[2024-07-07T07:45:27.243+0000] {processor.py:830} INFO - Processing file /home/airflow/.local/lib/python3.12/site-packages/airflow/example_dags/tutorial_dag.py for tasks to queue
[2024-07-07T07:45:27.246+0000] {logging_mixin.py:188} INFO - [2024-07-07T07:45:27.245+0000] {dagbag.py:545} INFO - Filling up the DagBag from /home/airflow/.local/lib/python3.12/site-packages/airflow/example_dags/tutorial_dag.py
[2024-07-07T07:45:27.264+0000] {processor.py:840} INFO - DAG(s) 'tutorial_dag' retrieved from /home/airflow/.local/lib/python3.12/site-packages/airflow/example_dags/tutorial_dag.py
[2024-07-07T07:45:27.326+0000] {logging_mixin.py:188} INFO - [2024-07-07T07:45:27.326+0000] {dag.py:3096} INFO - Sync 1 DAGs
[2024-07-07T07:45:27.385+0000] {logging_mixin.py:188} INFO - [2024-07-07T07:45:27.384+0000] {dag.py:3954} INFO - Setting next_dagrun for tutorial_dag to None, run_after=None
[2024-07-07T07:45:27.461+0000] {processor.py:183} INFO - Processing /home/airflow/.local/lib/python3.12/site-packages/airflow/example_dags/tutorial_dag.py took 0.241 seconds
[2024-07-07T07:45:58.093+0000] {processor.py:161} INFO - Started process (PID=3536) to work on /home/airflow/.local/lib/python3.12/site-packages/airflow/example_dags/tutorial_dag.py
[2024-07-07T07:45:58.096+0000] {processor.py:830} INFO - Processing file /home/airflow/.local/lib/python3.12/site-packages/airflow/example_dags/tutorial_dag.py for tasks to queue
[2024-07-07T07:45:58.098+0000] {logging_mixin.py:188} INFO - [2024-07-07T07:45:58.097+0000] {dagbag.py:545} INFO - Filling up the DagBag from /home/airflow/.local/lib/python3.12/site-packages/airflow/example_dags/tutorial_dag.py
[2024-07-07T07:45:58.109+0000] {processor.py:840} INFO - DAG(s) 'tutorial_dag' retrieved from /home/airflow/.local/lib/python3.12/site-packages/airflow/example_dags/tutorial_dag.py
[2024-07-07T07:45:58.157+0000] {logging_mixin.py:188} INFO - [2024-07-07T07:45:58.156+0000] {dag.py:3096} INFO - Sync 1 DAGs
[2024-07-07T07:45:58.191+0000] {logging_mixin.py:188} INFO - [2024-07-07T07:45:58.191+0000] {dag.py:3954} INFO - Setting next_dagrun for tutorial_dag to None, run_after=None
[2024-07-07T07:45:58.252+0000] {processor.py:183} INFO - Processing /home/airflow/.local/lib/python3.12/site-packages/airflow/example_dags/tutorial_dag.py took 0.175 seconds
[2024-07-07T07:46:28.451+0000] {processor.py:161} INFO - Started process (PID=3597) to work on /home/airflow/.local/lib/python3.12/site-packages/airflow/example_dags/tutorial_dag.py
[2024-07-07T07:46:28.453+0000] {processor.py:830} INFO - Processing file /home/airflow/.local/lib/python3.12/site-packages/airflow/example_dags/tutorial_dag.py for tasks to queue
[2024-07-07T07:46:28.456+0000] {logging_mixin.py:188} INFO - [2024-07-07T07:46:28.455+0000] {dagbag.py:545} INFO - Filling up the DagBag from /home/airflow/.local/lib/python3.12/site-packages/airflow/example_dags/tutorial_dag.py
[2024-07-07T07:46:28.467+0000] {processor.py:840} INFO - DAG(s) 'tutorial_dag' retrieved from /home/airflow/.local/lib/python3.12/site-packages/airflow/example_dags/tutorial_dag.py
[2024-07-07T07:46:28.527+0000] {logging_mixin.py:188} INFO - [2024-07-07T07:46:28.526+0000] {dag.py:3096} INFO - Sync 1 DAGs
[2024-07-07T07:46:28.584+0000] {logging_mixin.py:188} INFO - [2024-07-07T07:46:28.583+0000] {dag.py:3954} INFO - Setting next_dagrun for tutorial_dag to None, run_after=None
[2024-07-07T07:46:28.667+0000] {processor.py:183} INFO - Processing /home/airflow/.local/lib/python3.12/site-packages/airflow/example_dags/tutorial_dag.py took 0.230 seconds
[2024-07-07T07:46:59.044+0000] {processor.py:161} INFO - Started process (PID=3658) to work on /home/airflow/.local/lib/python3.12/site-packages/airflow/example_dags/tutorial_dag.py
[2024-07-07T07:46:59.049+0000] {processor.py:830} INFO - Processing file /home/airflow/.local/lib/python3.12/site-packages/airflow/example_dags/tutorial_dag.py for tasks to queue
[2024-07-07T07:46:59.054+0000] {logging_mixin.py:188} INFO - [2024-07-07T07:46:59.052+0000] {dagbag.py:545} INFO - Filling up the DagBag from /home/airflow/.local/lib/python3.12/site-packages/airflow/example_dags/tutorial_dag.py
[2024-07-07T07:46:59.077+0000] {processor.py:840} INFO - DAG(s) 'tutorial_dag' retrieved from /home/airflow/.local/lib/python3.12/site-packages/airflow/example_dags/tutorial_dag.py
[2024-07-07T07:46:59.170+0000] {logging_mixin.py:188} INFO - [2024-07-07T07:46:59.169+0000] {dag.py:3096} INFO - Sync 1 DAGs
[2024-07-07T07:46:59.229+0000] {logging_mixin.py:188} INFO - [2024-07-07T07:46:59.228+0000] {dag.py:3954} INFO - Setting next_dagrun for tutorial_dag to None, run_after=None
[2024-07-07T07:46:59.320+0000] {processor.py:183} INFO - Processing /home/airflow/.local/lib/python3.12/site-packages/airflow/example_dags/tutorial_dag.py took 0.309 seconds
[2024-07-07T07:47:30.675+0000] {processor.py:161} INFO - Started process (PID=3718) to work on /home/airflow/.local/lib/python3.12/site-packages/airflow/example_dags/tutorial_dag.py
[2024-07-07T07:47:30.678+0000] {processor.py:830} INFO - Processing file /home/airflow/.local/lib/python3.12/site-packages/airflow/example_dags/tutorial_dag.py for tasks to queue
[2024-07-07T07:47:30.681+0000] {logging_mixin.py:188} INFO - [2024-07-07T07:47:30.680+0000] {dagbag.py:545} INFO - Filling up the DagBag from /home/airflow/.local/lib/python3.12/site-packages/airflow/example_dags/tutorial_dag.py
[2024-07-07T07:47:30.694+0000] {processor.py:840} INFO - DAG(s) 'tutorial_dag' retrieved from /home/airflow/.local/lib/python3.12/site-packages/airflow/example_dags/tutorial_dag.py
[2024-07-07T07:47:30.752+0000] {logging_mixin.py:188} INFO - [2024-07-07T07:47:30.751+0000] {dag.py:3096} INFO - Sync 1 DAGs
[2024-07-07T07:47:30.851+0000] {logging_mixin.py:188} INFO - [2024-07-07T07:47:30.850+0000] {dag.py:3954} INFO - Setting next_dagrun for tutorial_dag to None, run_after=None
[2024-07-07T07:47:30.939+0000] {processor.py:183} INFO - Processing /home/airflow/.local/lib/python3.12/site-packages/airflow/example_dags/tutorial_dag.py took 0.286 seconds
[2024-07-07T07:48:02.851+0000] {processor.py:161} INFO - Started process (PID=3778) to work on /home/airflow/.local/lib/python3.12/site-packages/airflow/example_dags/tutorial_dag.py
[2024-07-07T07:48:02.854+0000] {processor.py:830} INFO - Processing file /home/airflow/.local/lib/python3.12/site-packages/airflow/example_dags/tutorial_dag.py for tasks to queue
[2024-07-07T07:48:02.857+0000] {logging_mixin.py:188} INFO - [2024-07-07T07:48:02.856+0000] {dagbag.py:545} INFO - Filling up the DagBag from /home/airflow/.local/lib/python3.12/site-packages/airflow/example_dags/tutorial_dag.py
[2024-07-07T07:48:02.871+0000] {processor.py:840} INFO - DAG(s) 'tutorial_dag' retrieved from /home/airflow/.local/lib/python3.12/site-packages/airflow/example_dags/tutorial_dag.py
[2024-07-07T07:48:02.922+0000] {logging_mixin.py:188} INFO - [2024-07-07T07:48:02.922+0000] {dag.py:3096} INFO - Sync 1 DAGs
[2024-07-07T07:48:02.960+0000] {logging_mixin.py:188} INFO - [2024-07-07T07:48:02.960+0000] {dag.py:3954} INFO - Setting next_dagrun for tutorial_dag to None, run_after=None
[2024-07-07T07:48:03.020+0000] {processor.py:183} INFO - Processing /home/airflow/.local/lib/python3.12/site-packages/airflow/example_dags/tutorial_dag.py took 0.187 seconds
[2024-07-07T07:48:34.303+0000] {processor.py:161} INFO - Started process (PID=3838) to work on /home/airflow/.local/lib/python3.12/site-packages/airflow/example_dags/tutorial_dag.py
[2024-07-07T07:48:34.308+0000] {processor.py:830} INFO - Processing file /home/airflow/.local/lib/python3.12/site-packages/airflow/example_dags/tutorial_dag.py for tasks to queue
[2024-07-07T07:48:34.313+0000] {logging_mixin.py:188} INFO - [2024-07-07T07:48:34.311+0000] {dagbag.py:545} INFO - Filling up the DagBag from /home/airflow/.local/lib/python3.12/site-packages/airflow/example_dags/tutorial_dag.py
[2024-07-07T07:48:34.334+0000] {processor.py:840} INFO - DAG(s) 'tutorial_dag' retrieved from /home/airflow/.local/lib/python3.12/site-packages/airflow/example_dags/tutorial_dag.py
[2024-07-07T07:48:34.432+0000] {logging_mixin.py:188} INFO - [2024-07-07T07:48:34.431+0000] {dag.py:3096} INFO - Sync 1 DAGs
[2024-07-07T07:48:34.490+0000] {logging_mixin.py:188} INFO - [2024-07-07T07:48:34.489+0000] {dag.py:3954} INFO - Setting next_dagrun for tutorial_dag to None, run_after=None
[2024-07-07T07:48:34.583+0000] {processor.py:183} INFO - Processing /home/airflow/.local/lib/python3.12/site-packages/airflow/example_dags/tutorial_dag.py took 0.307 seconds
[2024-07-07T07:49:04.741+0000] {processor.py:161} INFO - Started process (PID=3896) to work on /home/airflow/.local/lib/python3.12/site-packages/airflow/example_dags/tutorial_dag.py
[2024-07-07T07:49:04.744+0000] {processor.py:830} INFO - Processing file /home/airflow/.local/lib/python3.12/site-packages/airflow/example_dags/tutorial_dag.py for tasks to queue
[2024-07-07T07:49:04.746+0000] {logging_mixin.py:188} INFO - [2024-07-07T07:49:04.746+0000] {dagbag.py:545} INFO - Filling up the DagBag from /home/airflow/.local/lib/python3.12/site-packages/airflow/example_dags/tutorial_dag.py
[2024-07-07T07:49:04.755+0000] {processor.py:840} INFO - DAG(s) 'tutorial_dag' retrieved from /home/airflow/.local/lib/python3.12/site-packages/airflow/example_dags/tutorial_dag.py
[2024-07-07T07:49:04.797+0000] {logging_mixin.py:188} INFO - [2024-07-07T07:49:04.796+0000] {dag.py:3096} INFO - Sync 1 DAGs
[2024-07-07T07:49:04.822+0000] {logging_mixin.py:188} INFO - [2024-07-07T07:49:04.822+0000] {dag.py:3954} INFO - Setting next_dagrun for tutorial_dag to None, run_after=None
[2024-07-07T07:49:04.865+0000] {processor.py:183} INFO - Processing /home/airflow/.local/lib/python3.12/site-packages/airflow/example_dags/tutorial_dag.py took 0.139 seconds
[2024-07-07T07:49:35.130+0000] {processor.py:161} INFO - Started process (PID=3954) to work on /home/airflow/.local/lib/python3.12/site-packages/airflow/example_dags/tutorial_dag.py
[2024-07-07T07:49:35.132+0000] {processor.py:830} INFO - Processing file /home/airflow/.local/lib/python3.12/site-packages/airflow/example_dags/tutorial_dag.py for tasks to queue
[2024-07-07T07:49:35.134+0000] {logging_mixin.py:188} INFO - [2024-07-07T07:49:35.133+0000] {dagbag.py:545} INFO - Filling up the DagBag from /home/airflow/.local/lib/python3.12/site-packages/airflow/example_dags/tutorial_dag.py
[2024-07-07T07:49:35.144+0000] {processor.py:840} INFO - DAG(s) 'tutorial_dag' retrieved from /home/airflow/.local/lib/python3.12/site-packages/airflow/example_dags/tutorial_dag.py
[2024-07-07T07:49:35.180+0000] {logging_mixin.py:188} INFO - [2024-07-07T07:49:35.179+0000] {dag.py:3096} INFO - Sync 1 DAGs
[2024-07-07T07:49:35.200+0000] {logging_mixin.py:188} INFO - [2024-07-07T07:49:35.200+0000] {dag.py:3954} INFO - Setting next_dagrun for tutorial_dag to None, run_after=None
[2024-07-07T07:49:35.230+0000] {processor.py:183} INFO - Processing /home/airflow/.local/lib/python3.12/site-packages/airflow/example_dags/tutorial_dag.py took 0.111 seconds
[2024-07-07T07:50:05.893+0000] {processor.py:161} INFO - Started process (PID=4014) to work on /home/airflow/.local/lib/python3.12/site-packages/airflow/example_dags/tutorial_dag.py
[2024-07-07T07:50:05.898+0000] {processor.py:830} INFO - Processing file /home/airflow/.local/lib/python3.12/site-packages/airflow/example_dags/tutorial_dag.py for tasks to queue
[2024-07-07T07:50:05.904+0000] {logging_mixin.py:188} INFO - [2024-07-07T07:50:05.902+0000] {dagbag.py:545} INFO - Filling up the DagBag from /home/airflow/.local/lib/python3.12/site-packages/airflow/example_dags/tutorial_dag.py
[2024-07-07T07:50:05.928+0000] {processor.py:840} INFO - DAG(s) 'tutorial_dag' retrieved from /home/airflow/.local/lib/python3.12/site-packages/airflow/example_dags/tutorial_dag.py
[2024-07-07T07:50:06.035+0000] {logging_mixin.py:188} INFO - [2024-07-07T07:50:06.034+0000] {dag.py:3096} INFO - Sync 1 DAGs
[2024-07-07T07:50:06.104+0000] {logging_mixin.py:188} INFO - [2024-07-07T07:50:06.102+0000] {dag.py:3954} INFO - Setting next_dagrun for tutorial_dag to None, run_after=None
[2024-07-07T07:50:06.273+0000] {processor.py:183} INFO - Processing /home/airflow/.local/lib/python3.12/site-packages/airflow/example_dags/tutorial_dag.py took 0.415 seconds
[2024-07-07T07:50:36.685+0000] {processor.py:161} INFO - Started process (PID=4074) to work on /home/airflow/.local/lib/python3.12/site-packages/airflow/example_dags/tutorial_dag.py
[2024-07-07T07:50:36.689+0000] {processor.py:830} INFO - Processing file /home/airflow/.local/lib/python3.12/site-packages/airflow/example_dags/tutorial_dag.py for tasks to queue
[2024-07-07T07:50:36.694+0000] {logging_mixin.py:188} INFO - [2024-07-07T07:50:36.692+0000] {dagbag.py:545} INFO - Filling up the DagBag from /home/airflow/.local/lib/python3.12/site-packages/airflow/example_dags/tutorial_dag.py
[2024-07-07T07:50:36.715+0000] {processor.py:840} INFO - DAG(s) 'tutorial_dag' retrieved from /home/airflow/.local/lib/python3.12/site-packages/airflow/example_dags/tutorial_dag.py
[2024-07-07T07:50:36.822+0000] {logging_mixin.py:188} INFO - [2024-07-07T07:50:36.821+0000] {dag.py:3096} INFO - Sync 1 DAGs
[2024-07-07T07:50:36.881+0000] {logging_mixin.py:188} INFO - [2024-07-07T07:50:36.880+0000] {dag.py:3954} INFO - Setting next_dagrun for tutorial_dag to None, run_after=None
[2024-07-07T07:50:36.969+0000] {processor.py:183} INFO - Processing /home/airflow/.local/lib/python3.12/site-packages/airflow/example_dags/tutorial_dag.py took 0.313 seconds
[2024-07-07T07:51:07.761+0000] {processor.py:161} INFO - Started process (PID=4134) to work on /home/airflow/.local/lib/python3.12/site-packages/airflow/example_dags/tutorial_dag.py
[2024-07-07T07:51:07.762+0000] {processor.py:830} INFO - Processing file /home/airflow/.local/lib/python3.12/site-packages/airflow/example_dags/tutorial_dag.py for tasks to queue
[2024-07-07T07:51:07.764+0000] {logging_mixin.py:188} INFO - [2024-07-07T07:51:07.763+0000] {dagbag.py:545} INFO - Filling up the DagBag from /home/airflow/.local/lib/python3.12/site-packages/airflow/example_dags/tutorial_dag.py
[2024-07-07T07:51:07.770+0000] {processor.py:840} INFO - DAG(s) 'tutorial_dag' retrieved from /home/airflow/.local/lib/python3.12/site-packages/airflow/example_dags/tutorial_dag.py
[2024-07-07T07:51:07.798+0000] {logging_mixin.py:188} INFO - [2024-07-07T07:51:07.798+0000] {dag.py:3096} INFO - Sync 1 DAGs
[2024-07-07T07:51:07.815+0000] {logging_mixin.py:188} INFO - [2024-07-07T07:51:07.814+0000] {dag.py:3954} INFO - Setting next_dagrun for tutorial_dag to None, run_after=None
[2024-07-07T07:51:07.845+0000] {processor.py:183} INFO - Processing /home/airflow/.local/lib/python3.12/site-packages/airflow/example_dags/tutorial_dag.py took 0.094 seconds
[2024-07-07T07:51:38.794+0000] {processor.py:161} INFO - Started process (PID=4194) to work on /home/airflow/.local/lib/python3.12/site-packages/airflow/example_dags/tutorial_dag.py
[2024-07-07T07:51:38.797+0000] {processor.py:830} INFO - Processing file /home/airflow/.local/lib/python3.12/site-packages/airflow/example_dags/tutorial_dag.py for tasks to queue
[2024-07-07T07:51:38.799+0000] {logging_mixin.py:188} INFO - [2024-07-07T07:51:38.798+0000] {dagbag.py:545} INFO - Filling up the DagBag from /home/airflow/.local/lib/python3.12/site-packages/airflow/example_dags/tutorial_dag.py
[2024-07-07T07:51:38.807+0000] {processor.py:840} INFO - DAG(s) 'tutorial_dag' retrieved from /home/airflow/.local/lib/python3.12/site-packages/airflow/example_dags/tutorial_dag.py
[2024-07-07T07:51:38.835+0000] {logging_mixin.py:188} INFO - [2024-07-07T07:51:38.835+0000] {dag.py:3096} INFO - Sync 1 DAGs
[2024-07-07T07:51:38.853+0000] {logging_mixin.py:188} INFO - [2024-07-07T07:51:38.853+0000] {dag.py:3954} INFO - Setting next_dagrun for tutorial_dag to None, run_after=None
[2024-07-07T07:51:38.878+0000] {processor.py:183} INFO - Processing /home/airflow/.local/lib/python3.12/site-packages/airflow/example_dags/tutorial_dag.py took 0.101 seconds
[2024-07-07T07:52:09.437+0000] {processor.py:161} INFO - Started process (PID=4254) to work on /home/airflow/.local/lib/python3.12/site-packages/airflow/example_dags/tutorial_dag.py
[2024-07-07T07:52:09.439+0000] {processor.py:830} INFO - Processing file /home/airflow/.local/lib/python3.12/site-packages/airflow/example_dags/tutorial_dag.py for tasks to queue
[2024-07-07T07:52:09.441+0000] {logging_mixin.py:188} INFO - [2024-07-07T07:52:09.440+0000] {dagbag.py:545} INFO - Filling up the DagBag from /home/airflow/.local/lib/python3.12/site-packages/airflow/example_dags/tutorial_dag.py
[2024-07-07T07:52:09.448+0000] {processor.py:840} INFO - DAG(s) 'tutorial_dag' retrieved from /home/airflow/.local/lib/python3.12/site-packages/airflow/example_dags/tutorial_dag.py
[2024-07-07T07:52:09.477+0000] {logging_mixin.py:188} INFO - [2024-07-07T07:52:09.476+0000] {dag.py:3096} INFO - Sync 1 DAGs
[2024-07-07T07:52:09.494+0000] {logging_mixin.py:188} INFO - [2024-07-07T07:52:09.494+0000] {dag.py:3954} INFO - Setting next_dagrun for tutorial_dag to None, run_after=None
[2024-07-07T07:52:09.520+0000] {processor.py:183} INFO - Processing /home/airflow/.local/lib/python3.12/site-packages/airflow/example_dags/tutorial_dag.py took 0.096 seconds
[2024-07-07T07:52:39.888+0000] {processor.py:161} INFO - Started process (PID=4314) to work on /home/airflow/.local/lib/python3.12/site-packages/airflow/example_dags/tutorial_dag.py
[2024-07-07T07:52:39.890+0000] {processor.py:830} INFO - Processing file /home/airflow/.local/lib/python3.12/site-packages/airflow/example_dags/tutorial_dag.py for tasks to queue
[2024-07-07T07:52:39.893+0000] {logging_mixin.py:188} INFO - [2024-07-07T07:52:39.892+0000] {dagbag.py:545} INFO - Filling up the DagBag from /home/airflow/.local/lib/python3.12/site-packages/airflow/example_dags/tutorial_dag.py
[2024-07-07T07:52:39.903+0000] {processor.py:840} INFO - DAG(s) 'tutorial_dag' retrieved from /home/airflow/.local/lib/python3.12/site-packages/airflow/example_dags/tutorial_dag.py
[2024-07-07T07:52:39.942+0000] {logging_mixin.py:188} INFO - [2024-07-07T07:52:39.941+0000] {dag.py:3096} INFO - Sync 1 DAGs
[2024-07-07T07:52:39.959+0000] {logging_mixin.py:188} INFO - [2024-07-07T07:52:39.958+0000] {dag.py:3954} INFO - Setting next_dagrun for tutorial_dag to None, run_after=None
[2024-07-07T07:52:40.002+0000] {processor.py:183} INFO - Processing /home/airflow/.local/lib/python3.12/site-packages/airflow/example_dags/tutorial_dag.py took 0.127 seconds
[2024-07-07T07:53:10.339+0000] {processor.py:161} INFO - Started process (PID=4374) to work on /home/airflow/.local/lib/python3.12/site-packages/airflow/example_dags/tutorial_dag.py
[2024-07-07T07:53:10.340+0000] {processor.py:830} INFO - Processing file /home/airflow/.local/lib/python3.12/site-packages/airflow/example_dags/tutorial_dag.py for tasks to queue
[2024-07-07T07:53:10.342+0000] {logging_mixin.py:188} INFO - [2024-07-07T07:53:10.341+0000] {dagbag.py:545} INFO - Filling up the DagBag from /home/airflow/.local/lib/python3.12/site-packages/airflow/example_dags/tutorial_dag.py
[2024-07-07T07:53:10.348+0000] {processor.py:840} INFO - DAG(s) 'tutorial_dag' retrieved from /home/airflow/.local/lib/python3.12/site-packages/airflow/example_dags/tutorial_dag.py
[2024-07-07T07:53:10.378+0000] {logging_mixin.py:188} INFO - [2024-07-07T07:53:10.377+0000] {dag.py:3096} INFO - Sync 1 DAGs
[2024-07-07T07:53:10.396+0000] {logging_mixin.py:188} INFO - [2024-07-07T07:53:10.395+0000] {dag.py:3954} INFO - Setting next_dagrun for tutorial_dag to None, run_after=None
[2024-07-07T07:53:10.420+0000] {processor.py:183} INFO - Processing /home/airflow/.local/lib/python3.12/site-packages/airflow/example_dags/tutorial_dag.py took 0.089 seconds
[2024-07-07T07:53:40.818+0000] {processor.py:161} INFO - Started process (PID=4434) to work on /home/airflow/.local/lib/python3.12/site-packages/airflow/example_dags/tutorial_dag.py
[2024-07-07T07:53:40.820+0000] {processor.py:830} INFO - Processing file /home/airflow/.local/lib/python3.12/site-packages/airflow/example_dags/tutorial_dag.py for tasks to queue
[2024-07-07T07:53:40.822+0000] {logging_mixin.py:188} INFO - [2024-07-07T07:53:40.821+0000] {dagbag.py:545} INFO - Filling up the DagBag from /home/airflow/.local/lib/python3.12/site-packages/airflow/example_dags/tutorial_dag.py
[2024-07-07T07:53:40.831+0000] {processor.py:840} INFO - DAG(s) 'tutorial_dag' retrieved from /home/airflow/.local/lib/python3.12/site-packages/airflow/example_dags/tutorial_dag.py
[2024-07-07T07:53:40.871+0000] {logging_mixin.py:188} INFO - [2024-07-07T07:53:40.871+0000] {dag.py:3096} INFO - Sync 1 DAGs
[2024-07-07T07:53:40.897+0000] {logging_mixin.py:188} INFO - [2024-07-07T07:53:40.897+0000] {dag.py:3954} INFO - Setting next_dagrun for tutorial_dag to None, run_after=None
[2024-07-07T07:53:40.930+0000] {processor.py:183} INFO - Processing /home/airflow/.local/lib/python3.12/site-packages/airflow/example_dags/tutorial_dag.py took 0.124 seconds
[2024-07-07T07:54:11.266+0000] {processor.py:161} INFO - Started process (PID=4494) to work on /home/airflow/.local/lib/python3.12/site-packages/airflow/example_dags/tutorial_dag.py
[2024-07-07T07:54:11.268+0000] {processor.py:830} INFO - Processing file /home/airflow/.local/lib/python3.12/site-packages/airflow/example_dags/tutorial_dag.py for tasks to queue
[2024-07-07T07:54:11.269+0000] {logging_mixin.py:188} INFO - [2024-07-07T07:54:11.269+0000] {dagbag.py:545} INFO - Filling up the DagBag from /home/airflow/.local/lib/python3.12/site-packages/airflow/example_dags/tutorial_dag.py
[2024-07-07T07:54:11.276+0000] {processor.py:840} INFO - DAG(s) 'tutorial_dag' retrieved from /home/airflow/.local/lib/python3.12/site-packages/airflow/example_dags/tutorial_dag.py
[2024-07-07T07:54:11.308+0000] {logging_mixin.py:188} INFO - [2024-07-07T07:54:11.308+0000] {dag.py:3096} INFO - Sync 1 DAGs
[2024-07-07T07:54:11.325+0000] {logging_mixin.py:188} INFO - [2024-07-07T07:54:11.325+0000] {dag.py:3954} INFO - Setting next_dagrun for tutorial_dag to None, run_after=None
[2024-07-07T07:54:11.368+0000] {processor.py:183} INFO - Processing /home/airflow/.local/lib/python3.12/site-packages/airflow/example_dags/tutorial_dag.py took 0.111 seconds
[2024-07-07T07:54:42.015+0000] {processor.py:161} INFO - Started process (PID=4554) to work on /home/airflow/.local/lib/python3.12/site-packages/airflow/example_dags/tutorial_dag.py
[2024-07-07T07:54:42.017+0000] {processor.py:830} INFO - Processing file /home/airflow/.local/lib/python3.12/site-packages/airflow/example_dags/tutorial_dag.py for tasks to queue
[2024-07-07T07:54:42.019+0000] {logging_mixin.py:188} INFO - [2024-07-07T07:54:42.019+0000] {dagbag.py:545} INFO - Filling up the DagBag from /home/airflow/.local/lib/python3.12/site-packages/airflow/example_dags/tutorial_dag.py
[2024-07-07T07:54:42.027+0000] {processor.py:840} INFO - DAG(s) 'tutorial_dag' retrieved from /home/airflow/.local/lib/python3.12/site-packages/airflow/example_dags/tutorial_dag.py
[2024-07-07T07:54:42.056+0000] {logging_mixin.py:188} INFO - [2024-07-07T07:54:42.055+0000] {dag.py:3096} INFO - Sync 1 DAGs
[2024-07-07T07:54:42.073+0000] {logging_mixin.py:188} INFO - [2024-07-07T07:54:42.072+0000] {dag.py:3954} INFO - Setting next_dagrun for tutorial_dag to None, run_after=None
[2024-07-07T07:54:42.099+0000] {processor.py:183} INFO - Processing /home/airflow/.local/lib/python3.12/site-packages/airflow/example_dags/tutorial_dag.py took 0.096 seconds
[2024-07-07T07:55:12.516+0000] {processor.py:161} INFO - Started process (PID=4614) to work on /home/airflow/.local/lib/python3.12/site-packages/airflow/example_dags/tutorial_dag.py
[2024-07-07T07:55:12.518+0000] {processor.py:830} INFO - Processing file /home/airflow/.local/lib/python3.12/site-packages/airflow/example_dags/tutorial_dag.py for tasks to queue
[2024-07-07T07:55:12.520+0000] {logging_mixin.py:188} INFO - [2024-07-07T07:55:12.519+0000] {dagbag.py:545} INFO - Filling up the DagBag from /home/airflow/.local/lib/python3.12/site-packages/airflow/example_dags/tutorial_dag.py
[2024-07-07T07:55:12.527+0000] {processor.py:840} INFO - DAG(s) 'tutorial_dag' retrieved from /home/airflow/.local/lib/python3.12/site-packages/airflow/example_dags/tutorial_dag.py
[2024-07-07T07:55:12.558+0000] {logging_mixin.py:188} INFO - [2024-07-07T07:55:12.557+0000] {dag.py:3096} INFO - Sync 1 DAGs
[2024-07-07T07:55:12.576+0000] {logging_mixin.py:188} INFO - [2024-07-07T07:55:12.576+0000] {dag.py:3954} INFO - Setting next_dagrun for tutorial_dag to None, run_after=None
[2024-07-07T07:55:12.604+0000] {processor.py:183} INFO - Processing /home/airflow/.local/lib/python3.12/site-packages/airflow/example_dags/tutorial_dag.py took 0.096 seconds
[2024-07-07T07:55:43.285+0000] {processor.py:161} INFO - Started process (PID=4674) to work on /home/airflow/.local/lib/python3.12/site-packages/airflow/example_dags/tutorial_dag.py
[2024-07-07T07:55:43.287+0000] {processor.py:830} INFO - Processing file /home/airflow/.local/lib/python3.12/site-packages/airflow/example_dags/tutorial_dag.py for tasks to queue
[2024-07-07T07:55:43.289+0000] {logging_mixin.py:188} INFO - [2024-07-07T07:55:43.288+0000] {dagbag.py:545} INFO - Filling up the DagBag from /home/airflow/.local/lib/python3.12/site-packages/airflow/example_dags/tutorial_dag.py
[2024-07-07T07:55:43.297+0000] {processor.py:840} INFO - DAG(s) 'tutorial_dag' retrieved from /home/airflow/.local/lib/python3.12/site-packages/airflow/example_dags/tutorial_dag.py
[2024-07-07T07:55:43.327+0000] {logging_mixin.py:188} INFO - [2024-07-07T07:55:43.326+0000] {dag.py:3096} INFO - Sync 1 DAGs
[2024-07-07T07:55:43.344+0000] {logging_mixin.py:188} INFO - [2024-07-07T07:55:43.344+0000] {dag.py:3954} INFO - Setting next_dagrun for tutorial_dag to None, run_after=None
[2024-07-07T07:55:43.405+0000] {processor.py:183} INFO - Processing /home/airflow/.local/lib/python3.12/site-packages/airflow/example_dags/tutorial_dag.py took 0.133 seconds
[2024-07-07T07:56:13.589+0000] {processor.py:161} INFO - Started process (PID=4734) to work on /home/airflow/.local/lib/python3.12/site-packages/airflow/example_dags/tutorial_dag.py
[2024-07-07T07:56:13.591+0000] {processor.py:830} INFO - Processing file /home/airflow/.local/lib/python3.12/site-packages/airflow/example_dags/tutorial_dag.py for tasks to queue
[2024-07-07T07:56:13.593+0000] {logging_mixin.py:188} INFO - [2024-07-07T07:56:13.593+0000] {dagbag.py:545} INFO - Filling up the DagBag from /home/airflow/.local/lib/python3.12/site-packages/airflow/example_dags/tutorial_dag.py
[2024-07-07T07:56:13.605+0000] {processor.py:840} INFO - DAG(s) 'tutorial_dag' retrieved from /home/airflow/.local/lib/python3.12/site-packages/airflow/example_dags/tutorial_dag.py
[2024-07-07T07:56:13.657+0000] {logging_mixin.py:188} INFO - [2024-07-07T07:56:13.656+0000] {dag.py:3096} INFO - Sync 1 DAGs
[2024-07-07T07:56:13.675+0000] {logging_mixin.py:188} INFO - [2024-07-07T07:56:13.675+0000] {dag.py:3954} INFO - Setting next_dagrun for tutorial_dag to None, run_after=None
[2024-07-07T07:56:13.720+0000] {processor.py:183} INFO - Processing /home/airflow/.local/lib/python3.12/site-packages/airflow/example_dags/tutorial_dag.py took 0.145 seconds
[2024-07-07T07:56:44.221+0000] {processor.py:161} INFO - Started process (PID=4794) to work on /home/airflow/.local/lib/python3.12/site-packages/airflow/example_dags/tutorial_dag.py
[2024-07-07T07:56:44.223+0000] {processor.py:830} INFO - Processing file /home/airflow/.local/lib/python3.12/site-packages/airflow/example_dags/tutorial_dag.py for tasks to queue
[2024-07-07T07:56:44.225+0000] {logging_mixin.py:188} INFO - [2024-07-07T07:56:44.224+0000] {dagbag.py:545} INFO - Filling up the DagBag from /home/airflow/.local/lib/python3.12/site-packages/airflow/example_dags/tutorial_dag.py
[2024-07-07T07:56:44.232+0000] {processor.py:840} INFO - DAG(s) 'tutorial_dag' retrieved from /home/airflow/.local/lib/python3.12/site-packages/airflow/example_dags/tutorial_dag.py
[2024-07-07T07:56:44.260+0000] {logging_mixin.py:188} INFO - [2024-07-07T07:56:44.260+0000] {dag.py:3096} INFO - Sync 1 DAGs
[2024-07-07T07:56:44.279+0000] {logging_mixin.py:188} INFO - [2024-07-07T07:56:44.278+0000] {dag.py:3954} INFO - Setting next_dagrun for tutorial_dag to None, run_after=None
[2024-07-07T07:56:44.312+0000] {processor.py:183} INFO - Processing /home/airflow/.local/lib/python3.12/site-packages/airflow/example_dags/tutorial_dag.py took 0.103 seconds
[2024-07-07T07:57:14.493+0000] {processor.py:161} INFO - Started process (PID=4854) to work on /home/airflow/.local/lib/python3.12/site-packages/airflow/example_dags/tutorial_dag.py
[2024-07-07T07:57:14.496+0000] {processor.py:830} INFO - Processing file /home/airflow/.local/lib/python3.12/site-packages/airflow/example_dags/tutorial_dag.py for tasks to queue
[2024-07-07T07:57:14.499+0000] {logging_mixin.py:188} INFO - [2024-07-07T07:57:14.498+0000] {dagbag.py:545} INFO - Filling up the DagBag from /home/airflow/.local/lib/python3.12/site-packages/airflow/example_dags/tutorial_dag.py
[2024-07-07T07:57:14.510+0000] {processor.py:840} INFO - DAG(s) 'tutorial_dag' retrieved from /home/airflow/.local/lib/python3.12/site-packages/airflow/example_dags/tutorial_dag.py
[2024-07-07T07:57:14.545+0000] {logging_mixin.py:188} INFO - [2024-07-07T07:57:14.545+0000] {dag.py:3096} INFO - Sync 1 DAGs
[2024-07-07T07:57:14.566+0000] {logging_mixin.py:188} INFO - [2024-07-07T07:57:14.566+0000] {dag.py:3954} INFO - Setting next_dagrun for tutorial_dag to None, run_after=None
[2024-07-07T07:57:14.602+0000] {processor.py:183} INFO - Processing /home/airflow/.local/lib/python3.12/site-packages/airflow/example_dags/tutorial_dag.py took 0.127 seconds
[2024-07-07T07:57:44.926+0000] {processor.py:161} INFO - Started process (PID=4914) to work on /home/airflow/.local/lib/python3.12/site-packages/airflow/example_dags/tutorial_dag.py
[2024-07-07T07:57:44.928+0000] {processor.py:830} INFO - Processing file /home/airflow/.local/lib/python3.12/site-packages/airflow/example_dags/tutorial_dag.py for tasks to queue
[2024-07-07T07:57:44.929+0000] {logging_mixin.py:188} INFO - [2024-07-07T07:57:44.929+0000] {dagbag.py:545} INFO - Filling up the DagBag from /home/airflow/.local/lib/python3.12/site-packages/airflow/example_dags/tutorial_dag.py
[2024-07-07T07:57:44.935+0000] {processor.py:840} INFO - DAG(s) 'tutorial_dag' retrieved from /home/airflow/.local/lib/python3.12/site-packages/airflow/example_dags/tutorial_dag.py
[2024-07-07T07:57:44.960+0000] {logging_mixin.py:188} INFO - [2024-07-07T07:57:44.960+0000] {dag.py:3096} INFO - Sync 1 DAGs
[2024-07-07T07:57:44.976+0000] {logging_mixin.py:188} INFO - [2024-07-07T07:57:44.975+0000] {dag.py:3954} INFO - Setting next_dagrun for tutorial_dag to None, run_after=None
[2024-07-07T07:57:45.008+0000] {processor.py:183} INFO - Processing /home/airflow/.local/lib/python3.12/site-packages/airflow/example_dags/tutorial_dag.py took 0.090 seconds
[2024-07-07T07:58:15.205+0000] {processor.py:161} INFO - Started process (PID=4974) to work on /home/airflow/.local/lib/python3.12/site-packages/airflow/example_dags/tutorial_dag.py
[2024-07-07T07:58:15.208+0000] {processor.py:830} INFO - Processing file /home/airflow/.local/lib/python3.12/site-packages/airflow/example_dags/tutorial_dag.py for tasks to queue
[2024-07-07T07:58:15.210+0000] {logging_mixin.py:188} INFO - [2024-07-07T07:58:15.209+0000] {dagbag.py:545} INFO - Filling up the DagBag from /home/airflow/.local/lib/python3.12/site-packages/airflow/example_dags/tutorial_dag.py
[2024-07-07T07:58:15.223+0000] {processor.py:840} INFO - DAG(s) 'tutorial_dag' retrieved from /home/airflow/.local/lib/python3.12/site-packages/airflow/example_dags/tutorial_dag.py
[2024-07-07T07:58:15.273+0000] {logging_mixin.py:188} INFO - [2024-07-07T07:58:15.273+0000] {dag.py:3096} INFO - Sync 1 DAGs
[2024-07-07T07:58:15.293+0000] {logging_mixin.py:188} INFO - [2024-07-07T07:58:15.293+0000] {dag.py:3954} INFO - Setting next_dagrun for tutorial_dag to None, run_after=None
[2024-07-07T07:58:15.337+0000] {processor.py:183} INFO - Processing /home/airflow/.local/lib/python3.12/site-packages/airflow/example_dags/tutorial_dag.py took 0.150 seconds
[2024-07-07T07:58:46.014+0000] {processor.py:161} INFO - Started process (PID=5034) to work on /home/airflow/.local/lib/python3.12/site-packages/airflow/example_dags/tutorial_dag.py
[2024-07-07T07:58:46.016+0000] {processor.py:830} INFO - Processing file /home/airflow/.local/lib/python3.12/site-packages/airflow/example_dags/tutorial_dag.py for tasks to queue
[2024-07-07T07:58:46.020+0000] {logging_mixin.py:188} INFO - [2024-07-07T07:58:46.019+0000] {dagbag.py:545} INFO - Filling up the DagBag from /home/airflow/.local/lib/python3.12/site-packages/airflow/example_dags/tutorial_dag.py
[2024-07-07T07:58:46.029+0000] {processor.py:840} INFO - DAG(s) 'tutorial_dag' retrieved from /home/airflow/.local/lib/python3.12/site-packages/airflow/example_dags/tutorial_dag.py
[2024-07-07T07:58:46.070+0000] {logging_mixin.py:188} INFO - [2024-07-07T07:58:46.069+0000] {dag.py:3096} INFO - Sync 1 DAGs
[2024-07-07T07:58:46.088+0000] {logging_mixin.py:188} INFO - [2024-07-07T07:58:46.088+0000] {dag.py:3954} INFO - Setting next_dagrun for tutorial_dag to None, run_after=None
[2024-07-07T07:58:46.126+0000] {processor.py:183} INFO - Processing /home/airflow/.local/lib/python3.12/site-packages/airflow/example_dags/tutorial_dag.py took 0.137 seconds
[2024-07-07T07:59:16.567+0000] {processor.py:161} INFO - Started process (PID=5094) to work on /home/airflow/.local/lib/python3.12/site-packages/airflow/example_dags/tutorial_dag.py
[2024-07-07T07:59:16.570+0000] {processor.py:830} INFO - Processing file /home/airflow/.local/lib/python3.12/site-packages/airflow/example_dags/tutorial_dag.py for tasks to queue
[2024-07-07T07:59:16.573+0000] {logging_mixin.py:188} INFO - [2024-07-07T07:59:16.573+0000] {dagbag.py:545} INFO - Filling up the DagBag from /home/airflow/.local/lib/python3.12/site-packages/airflow/example_dags/tutorial_dag.py
[2024-07-07T07:59:16.585+0000] {processor.py:840} INFO - DAG(s) 'tutorial_dag' retrieved from /home/airflow/.local/lib/python3.12/site-packages/airflow/example_dags/tutorial_dag.py
[2024-07-07T07:59:16.618+0000] {logging_mixin.py:188} INFO - [2024-07-07T07:59:16.618+0000] {dag.py:3096} INFO - Sync 1 DAGs
[2024-07-07T07:59:16.635+0000] {logging_mixin.py:188} INFO - [2024-07-07T07:59:16.635+0000] {dag.py:3954} INFO - Setting next_dagrun for tutorial_dag to None, run_after=None
[2024-07-07T07:59:16.669+0000] {processor.py:183} INFO - Processing /home/airflow/.local/lib/python3.12/site-packages/airflow/example_dags/tutorial_dag.py took 0.117 seconds
[2024-07-07T07:59:46.757+0000] {processor.py:161} INFO - Started process (PID=5154) to work on /home/airflow/.local/lib/python3.12/site-packages/airflow/example_dags/tutorial_dag.py
[2024-07-07T07:59:46.759+0000] {processor.py:830} INFO - Processing file /home/airflow/.local/lib/python3.12/site-packages/airflow/example_dags/tutorial_dag.py for tasks to queue
[2024-07-07T07:59:46.760+0000] {logging_mixin.py:188} INFO - [2024-07-07T07:59:46.760+0000] {dagbag.py:545} INFO - Filling up the DagBag from /home/airflow/.local/lib/python3.12/site-packages/airflow/example_dags/tutorial_dag.py
[2024-07-07T07:59:46.766+0000] {processor.py:840} INFO - DAG(s) 'tutorial_dag' retrieved from /home/airflow/.local/lib/python3.12/site-packages/airflow/example_dags/tutorial_dag.py
[2024-07-07T07:59:46.793+0000] {logging_mixin.py:188} INFO - [2024-07-07T07:59:46.793+0000] {dag.py:3096} INFO - Sync 1 DAGs
[2024-07-07T07:59:46.810+0000] {logging_mixin.py:188} INFO - [2024-07-07T07:59:46.810+0000] {dag.py:3954} INFO - Setting next_dagrun for tutorial_dag to None, run_after=None
[2024-07-07T07:59:46.840+0000] {processor.py:183} INFO - Processing /home/airflow/.local/lib/python3.12/site-packages/airflow/example_dags/tutorial_dag.py took 0.090 seconds
[2024-07-07T08:00:17.704+0000] {processor.py:161} INFO - Started process (PID=5214) to work on /home/airflow/.local/lib/python3.12/site-packages/airflow/example_dags/tutorial_dag.py
[2024-07-07T08:00:17.706+0000] {processor.py:830} INFO - Processing file /home/airflow/.local/lib/python3.12/site-packages/airflow/example_dags/tutorial_dag.py for tasks to queue
[2024-07-07T08:00:17.708+0000] {logging_mixin.py:188} INFO - [2024-07-07T08:00:17.707+0000] {dagbag.py:545} INFO - Filling up the DagBag from /home/airflow/.local/lib/python3.12/site-packages/airflow/example_dags/tutorial_dag.py
[2024-07-07T08:00:17.715+0000] {processor.py:840} INFO - DAG(s) 'tutorial_dag' retrieved from /home/airflow/.local/lib/python3.12/site-packages/airflow/example_dags/tutorial_dag.py
[2024-07-07T08:00:17.743+0000] {logging_mixin.py:188} INFO - [2024-07-07T08:00:17.743+0000] {dag.py:3096} INFO - Sync 1 DAGs
[2024-07-07T08:00:17.760+0000] {logging_mixin.py:188} INFO - [2024-07-07T08:00:17.760+0000] {dag.py:3954} INFO - Setting next_dagrun for tutorial_dag to None, run_after=None
[2024-07-07T08:00:17.791+0000] {processor.py:183} INFO - Processing /home/airflow/.local/lib/python3.12/site-packages/airflow/example_dags/tutorial_dag.py took 0.103 seconds
[2024-07-07T08:00:48.375+0000] {processor.py:161} INFO - Started process (PID=5274) to work on /home/airflow/.local/lib/python3.12/site-packages/airflow/example_dags/tutorial_dag.py
[2024-07-07T08:00:48.377+0000] {processor.py:830} INFO - Processing file /home/airflow/.local/lib/python3.12/site-packages/airflow/example_dags/tutorial_dag.py for tasks to queue
[2024-07-07T08:00:48.378+0000] {logging_mixin.py:188} INFO - [2024-07-07T08:00:48.378+0000] {dagbag.py:545} INFO - Filling up the DagBag from /home/airflow/.local/lib/python3.12/site-packages/airflow/example_dags/tutorial_dag.py
[2024-07-07T08:00:48.385+0000] {processor.py:840} INFO - DAG(s) 'tutorial_dag' retrieved from /home/airflow/.local/lib/python3.12/site-packages/airflow/example_dags/tutorial_dag.py
[2024-07-07T08:00:48.412+0000] {logging_mixin.py:188} INFO - [2024-07-07T08:00:48.411+0000] {dag.py:3096} INFO - Sync 1 DAGs
[2024-07-07T08:00:48.427+0000] {logging_mixin.py:188} INFO - [2024-07-07T08:00:48.427+0000] {dag.py:3954} INFO - Setting next_dagrun for tutorial_dag to None, run_after=None
[2024-07-07T08:00:48.458+0000] {processor.py:183} INFO - Processing /home/airflow/.local/lib/python3.12/site-packages/airflow/example_dags/tutorial_dag.py took 0.091 seconds
[2024-07-07T08:05:32.846+0000] {processor.py:161} INFO - Started process (PID=5319) to work on /home/airflow/.local/lib/python3.12/site-packages/airflow/example_dags/tutorial_dag.py
[2024-07-07T08:05:32.849+0000] {processor.py:830} INFO - Processing file /home/airflow/.local/lib/python3.12/site-packages/airflow/example_dags/tutorial_dag.py for tasks to queue
[2024-07-07T08:05:32.852+0000] {logging_mixin.py:188} INFO - [2024-07-07T08:05:32.851+0000] {dagbag.py:545} INFO - Filling up the DagBag from /home/airflow/.local/lib/python3.12/site-packages/airflow/example_dags/tutorial_dag.py
[2024-07-07T08:05:32.867+0000] {processor.py:840} INFO - DAG(s) 'tutorial_dag' retrieved from /home/airflow/.local/lib/python3.12/site-packages/airflow/example_dags/tutorial_dag.py
[2024-07-07T08:05:32.949+0000] {logging_mixin.py:188} INFO - [2024-07-07T08:05:32.949+0000] {dag.py:3096} INFO - Sync 1 DAGs
[2024-07-07T08:05:33.010+0000] {logging_mixin.py:188} INFO - [2024-07-07T08:05:33.009+0000] {dag.py:3954} INFO - Setting next_dagrun for tutorial_dag to None, run_after=None
[2024-07-07T08:05:33.085+0000] {processor.py:183} INFO - Processing /home/airflow/.local/lib/python3.12/site-packages/airflow/example_dags/tutorial_dag.py took 0.270 seconds
[2024-07-07T08:06:03.181+0000] {processor.py:161} INFO - Started process (PID=5378) to work on /home/airflow/.local/lib/python3.12/site-packages/airflow/example_dags/tutorial_dag.py
[2024-07-07T08:06:03.183+0000] {processor.py:830} INFO - Processing file /home/airflow/.local/lib/python3.12/site-packages/airflow/example_dags/tutorial_dag.py for tasks to queue
[2024-07-07T08:06:03.185+0000] {logging_mixin.py:188} INFO - [2024-07-07T08:06:03.184+0000] {dagbag.py:545} INFO - Filling up the DagBag from /home/airflow/.local/lib/python3.12/site-packages/airflow/example_dags/tutorial_dag.py
[2024-07-07T08:06:03.195+0000] {processor.py:840} INFO - DAG(s) 'tutorial_dag' retrieved from /home/airflow/.local/lib/python3.12/site-packages/airflow/example_dags/tutorial_dag.py
[2024-07-07T08:06:03.243+0000] {logging_mixin.py:188} INFO - [2024-07-07T08:06:03.243+0000] {dag.py:3096} INFO - Sync 1 DAGs
[2024-07-07T08:06:03.274+0000] {logging_mixin.py:188} INFO - [2024-07-07T08:06:03.274+0000] {dag.py:3954} INFO - Setting next_dagrun for tutorial_dag to None, run_after=None
[2024-07-07T08:06:03.322+0000] {processor.py:183} INFO - Processing /home/airflow/.local/lib/python3.12/site-packages/airflow/example_dags/tutorial_dag.py took 0.155 seconds
