[2024-07-06T21:23:51.742+0000] {local_task_job_runner.py:120} INFO - ::group::Pre task execution logs
[2024-07-06T21:23:51.792+0000] {taskinstance.py:2076} INFO - Dependencies all met for dep_context=non-requeueable deps ti=<TaskInstance: example_sensor_decorator.wait_for_upstream manual__2024-07-06T21:23:47.130022+00:00 [queued]>
[2024-07-06T21:23:51.811+0000] {taskinstance.py:2076} INFO - Dependencies all met for dep_context=requeueable deps ti=<TaskInstance: example_sensor_decorator.wait_for_upstream manual__2024-07-06T21:23:47.130022+00:00 [queued]>
[2024-07-06T21:23:51.820+0000] {taskinstance.py:2306} INFO - Starting attempt 1 of 1
[2024-07-06T21:23:51.851+0000] {taskinstance.py:2330} INFO - Executing <Task(DecoratedSensorOperator): wait_for_upstream> on 2024-07-06 21:23:47.130022+00:00
[2024-07-06T21:23:51.862+0000] {warnings.py:112} WARNING - /home/***/.local/lib/python3.12/site-packages/***/task/task_runner/standard_task_runner.py:61: DeprecationWarning: This process (pid=421) is multi-threaded, use of fork() may lead to deadlocks in the child.
  pid = os.fork()

[2024-07-06T21:23:51.866+0000] {standard_task_runner.py:63} INFO - Started process 423 to run task
[2024-07-06T21:23:51.867+0000] {standard_task_runner.py:90} INFO - Running: ['***', 'tasks', 'run', 'example_sensor_decorator', 'wait_for_upstream', 'manual__2024-07-06T21:23:47.130022+00:00', '--job-id', '34', '--raw', '--subdir', '/home/***/.local/lib/python3.12/site-packages/***/example_dags/example_sensor_decorator.py', '--cfg-path', '/tmp/tmpzi1j0ojw']
[2024-07-06T21:23:51.873+0000] {standard_task_runner.py:91} INFO - Job 34: Subtask wait_for_upstream
[2024-07-06T21:23:51.967+0000] {task_command.py:426} INFO - Running <TaskInstance: example_sensor_decorator.wait_for_upstream manual__2024-07-06T21:23:47.130022+00:00 [running]> on host f7d3fdbe2e14
[2024-07-06T21:23:52.186+0000] {taskinstance.py:2648} INFO - Exporting env vars: AIRFLOW_CTX_DAG_OWNER='***' AIRFLOW_CTX_DAG_ID='example_sensor_decorator' AIRFLOW_CTX_TASK_ID='wait_for_upstream' AIRFLOW_CTX_EXECUTION_DATE='2024-07-06T21:23:47.130022+00:00' AIRFLOW_CTX_TRY_NUMBER='1' AIRFLOW_CTX_DAG_RUN_ID='manual__2024-07-06T21:23:47.130022+00:00'
[2024-07-06T21:23:52.190+0000] {taskinstance.py:430} INFO - ::endgroup::
[2024-07-06T21:23:52.211+0000] {python.py:75} INFO - Poking callable: <function example_sensor_decorator.<locals>.wait_for_upstream at 0x7f913f527420>
[2024-07-06T21:23:52.212+0000] {base.py:294} INFO - Success criteria met. Exiting.
[2024-07-06T21:23:52.213+0000] {taskinstance.py:441} INFO - ::group::Post task execution logs
[2024-07-06T21:23:52.257+0000] {taskinstance.py:1206} INFO - Marking task as SUCCESS. dag_id=example_sensor_decorator, task_id=wait_for_upstream, run_id=manual__2024-07-06T21:23:47.130022+00:00, execution_date=20240706T212347, start_date=20240706T212351, end_date=20240706T212352
[2024-07-06T21:23:52.329+0000] {local_task_job_runner.py:240} INFO - Task exited with return code 0
[2024-07-06T21:23:52.386+0000] {taskinstance.py:3503} INFO - 1 downstream tasks scheduled from follow-on schedule check
[2024-07-06T21:23:52.397+0000] {local_task_job_runner.py:222} INFO - ::endgroup::
